<?xml version="1.0" encoding="UTF-8"?>
<testsuite xmlns:xsi="http://www.w3.org/2001/XMLSchema-instance" xsi:schemaLocation="https://maven.apache.org/surefire/maven-surefire-plugin/xsd/surefire-test-report.xsd" name="TestSuite" time="177.161" tests="2" errors="0" skipped="0" failures="1">
  <properties>
    <property name="java.vendor" value="Oracle Corporation"/>
    <property name="JOB_NAME" value="ProjectN"/>
    <property name="sun.java.launcher" value="SUN_STANDARD"/>
    <property name="NUMBER_OF_PROCESSORS" value="12"/>
    <property name="sun.management.compiler" value="HotSpot 64-Bit Tiered Compilers"/>
    <property name="JENKINS_HOME" value="C:\Users\sr068695\.jenkins"/>
    <property name="FPS_BROWSER_USER_PROFILE_STRING" value="Default"/>
    <property name="HUDSON_SERVER_COOKIE" value="efd3ec664a1f485c"/>
    <property name="POM_ARTIFACTID" value="test1"/>
    <property name="os.name" value="Windows 10"/>
    <property name="sun.boot.class.path" value="C:\ACWS\SCB-Child-DEV\sfselesoft\java\jdk1.8.0_66\jre\lib\resources.jar;C:\ACWS\SCB-Child-DEV\sfselesoft\java\jdk1.8.0_66\jre\lib\rt.jar;C:\ACWS\SCB-Child-DEV\sfselesoft\java\jdk1.8.0_66\jre\lib\sunrsasign.jar;C:\ACWS\SCB-Child-DEV\sfselesoft\java\jdk1.8.0_66\jre\lib\jsse.jar;C:\ACWS\SCB-Child-DEV\sfselesoft\java\jdk1.8.0_66\jre\lib\jce.jar;C:\ACWS\SCB-Child-DEV\sfselesoft\java\jdk1.8.0_66\jre\lib\charsets.jar;C:\ACWS\SCB-Child-DEV\sfselesoft\java\jdk1.8.0_66\jre\lib\jfr.jar;C:\ACWS\SCB-Child-DEV\sfselesoft\java\jdk1.8.0_66\jre\classes"/>
    <property name="EXECUTOR_NUMBER" value="1"/>
    <property name="GRADLE_USER_HOME" value="C:\GRADLE_USER_HOME"/>
    <property name="sun.desktop" value="windows"/>
    <property name="PATHEXT" value=".COM;.EXE;.BAT;.CMD;.VBS;.VBE;.JS;.JSE;.WSF;.WSH;.MSC"/>
    <property name="java.vm.specification.vendor" value="Oracle Corporation"/>
    <property name="POM_DISPLAYNAME" value="test1"/>
    <property name="NODE_LABELS" value="master"/>
    <property name="TEMP" value="C:\Users\sr068695\AppData\Local\Temp"/>
    <property name="java.runtime.version" value="1.8.0_66-b18"/>
    <property name="FPS_BROWSER_APP_PROFILE_STRING" value="Internet Explorer"/>
    <property name="user.name" value="SR068695"/>
    <property name="guice.disable.misplaced.annotation.check" value="true"/>
    <property name="CommonProgramW6432" value="C:\Program Files\Common Files"/>
    <property name="ProgramFiles" value="C:\Program Files"/>
    <property name="PROMPT" value="$P$G"/>
    <property name="user.language" value="en"/>
    <property name="JOB_BASE_NAME" value="ProjectN"/>
    <property name="RUN_CHANGES_DISPLAY_URL" value="http://localhost:8080/job/ProjectN/33/display/redirect?page=changes"/>
    <property name="BUILD_DISPLAY_NAME" value="#33"/>
    <property name="OneDrive" value="C:\Users\sr068695\OneDrive - Cerner Corporation"/>
    <property name="sun.boot.library.path" value="C:\ACWS\SCB-Child-DEV\sfselesoft\java\jdk1.8.0_66\jre\bin"/>
    <property name="OneDriveCommercial" value="C:\Users\sr068695\OneDrive - Cerner Corporation"/>
    <property name="LOCALAPPDATA" value="C:\Users\sr068695\AppData\Local"/>
    <property name="java.version" value="1.8.0_66"/>
    <property name="PROCESSOR_LEVEL" value="6"/>
    <property name="user.timezone" value="Asia/Calcutta"/>
    <property name="USERNAME" value="SR068695"/>
    <property name="sun.arch.data.model" value="64"/>
    <property name="NODE_NAME" value="master"/>
    <property name="java.endorsed.dirs" value="C:\ACWS\SCB-Child-DEV\sfselesoft\java\jdk1.8.0_66\jre\lib\endorsed"/>
    <property name="BUILD_ID" value="33"/>
    <property name="sun.cpu.isalist" value="amd64"/>
    <property name="sun.jnu.encoding" value="Cp1252"/>
    <property name="file.encoding.pkg" value="sun.io"/>
    <property name="file.separator" value="\"/>
    <property name="java.specification.name" value="Java Platform API Specification"/>
    <property name="HOMEDRIVE" value="C:"/>
    <property name="maven.conf" value="C:\Users\sr068695\Downloads\apache-maven-3.6.3\conf"/>
    <property name="java.class.version" value="52.0"/>
    <property name="=::" value="::\"/>
    <property name="org.slf4j.simpleLogger.defaultLogLevel" value="info"/>
    <property name="user.country" value="US"/>
    <property name="ALLUSERSPROFILE" value="C:\ProgramData"/>
    <property name="java.home" value="C:\ACWS\SCB-Child-DEV\sfselesoft\java\jdk1.8.0_66\jre"/>
    <property name="java.vm.info" value="mixed mode"/>
    <property name="os.version" value="10.0"/>
    <property name="RUN_DISPLAY_URL" value="http://localhost:8080/job/ProjectN/33/display/redirect"/>
    <property name="POM_VERSION" value="0.0.1-SNAPSHOT"/>
    <property name="TMP" value="C:\Users\sr068695\AppData\Local\Temp"/>
    <property name="path.separator" value=";"/>
    <property name="java.vm.version" value="25.66-b18"/>
    <property name="user.variant" value=""/>
    <property name="JOB_DISPLAY_URL" value="http://localhost:8080/job/ProjectN/display/redirect"/>
    <property name="CommonProgramFiles(x86)" value="C:\Program Files (x86)\Common Files"/>
    <property name="USERDOMAIN_ROAMINGPROFILE" value="WHQ_NT_DOMAIN"/>
    <property name="java.awt.printerjob" value="sun.awt.windows.WPrinterJob"/>
    <property name="JAVA_HOME" value="C:\ACWS\SCB-Child-DEV\sfselesoft\java\jdk1.8.0_66"/>
    <property name="sun.io.unicode.encoding" value="UnicodeLittle"/>
    <property name="CommonProgramFiles" value="C:\Program Files\Common Files"/>
    <property name="ComSpec" value="C:\WINDOWS\system32\cmd.exe"/>
    <property name="awt.toolkit" value="sun.awt.windows.WToolkit"/>
    <property name="HOMEPATH" value="\Users\sr068695"/>
    <property name="USERDNSDOMAIN" value="NORTHAMERICA.CERNER.NET"/>
    <property name="POM_PACKAGING" value="jar"/>
    <property name="user.script" value=""/>
    <property name="COMPUTERNAME" value="W2026558"/>
    <property name="POM_GROUPID" value="test1"/>
    <property name="user.home" value="C:\Users\sr068695"/>
    <property name="PUBLIC" value="C:\Users\Public"/>
    <property name="BUILD_TAG" value="jenkins-ProjectN-33"/>
    <property name="JENKINS_SERVER_COOKIE" value="efd3ec664a1f485c"/>
    <property name="HUDSON_URL" value="http://localhost:8080/"/>
    <property name="ProgramData" value="C:\ProgramData"/>
    <property name="java.specification.vendor" value="Oracle Corporation"/>
    <property name="USERPROFILE" value="C:\Users\sr068695"/>
    <property name="CLASSPATH" value=""/>
    <property name="java.vendor.url" value="http://java.oracle.com/"/>
    <property name="java.library.path" value="C:\ACWS\SCB-Child-DEV\sfselesoft\java\jdk1.8.0_66\bin;C:\WINDOWS\Sun\Java\bin;C:\WINDOWS\system32;C:\WINDOWS;C:\Users\sr068695\Downloads\apache-maven-3.6.3/bin;C:\ACWS\SCB-Child-DEV\sfselesoft\java\jdk1.8.0_66/bin;C:\ACWS\SCB-Child-DEV\sfselesoft\java\jdk1.8.0_66/bin;C:\ACWS\SCB-Child-DEV\sfselesoft\java\jdk1.8.0_66\bin;C:\WINDOWS\system32;C:\WINDOWS;C:\WINDOWS\System32\Wbem;C:\WINDOWS\System32\WindowsPowerShell\v1.0\;C:\WINDOWS\System32\OpenSSH\;C:\Program Files\Vbrick\nodejs;C:\Program Files (x86)\Microsoft SQL Server\Client SDK\ODBC\130\Tools\Binn\;C:\Program Files (x86)\Microsoft SQL Server\130\Tools\Binn\;C:\Program Files (x86)\Microsoft SQL Server\130\DTS\Binn\;C:\Program Files (x86)\Microsoft SQL Server\130\Tools\Binn\ManagementStudio\;C:\AccuRev\AccuRevClient\bin;C:\Program Files\Git\cmd;C:\Users\sr068695\Downloads\apache-maven-3.6.3\bin;C:\Users\sr068695\AppData\Local\Microsoft\WindowsApps;;."/>
    <property name="java.vm.vendor" value="Oracle Corporation"/>
    <property name="APPDATA" value="C:\Users\sr068695\AppData\Roaming"/>
    <property name="java.runtime.name" value="Java(TM) SE Runtime Environment"/>
    <property name="maven.home" value="C:\Users\sr068695\Downloads\apache-maven-3.6.3"/>
    <property name="java.class.path" value="C:\Users\sr068695\.jenkins\plugins\maven-plugin\WEB-INF\lib\maven35-agent-1.13.jar;C:\Users\sr068695\Downloads\apache-maven-3.6.3\boot\plexus-classworlds-2.6.0.jar;C:\Users\sr068695\Downloads\apache-maven-3.6.3/conf/logging"/>
    <property name="sun.java.command" value="jenkins.maven3.agent.Maven35Main C:\Users\sr068695\Downloads\apache-maven-3.6.3 C:\Users\sr068695\.jenkins\war\WEB-INF\lib\remoting-3.36.1.jar C:\Users\sr068695\.jenkins\plugins\maven-plugin\WEB-INF\lib\maven35-interceptor-1.13.jar C:\Users\sr068695\.jenkins\plugins\maven-plugin\WEB-INF\lib\maven3-interceptor-commons-1.13.jar 64583"/>
    <property name="Path" value="C:\ACWS\SCB-Child-DEV\sfselesoft\java\jdk1.8.0_66/bin;C:\ACWS\SCB-Child-DEV\sfselesoft\java\jdk1.8.0_66\bin;C:\WINDOWS\system32;C:\WINDOWS;C:\WINDOWS\System32\Wbem;C:\WINDOWS\System32\WindowsPowerShell\v1.0\;C:\WINDOWS\System32\OpenSSH\;C:\Program Files\Vbrick\nodejs;C:\Program Files (x86)\Microsoft SQL Server\Client SDK\ODBC\130\Tools\Binn\;C:\Program Files (x86)\Microsoft SQL Server\130\Tools\Binn\;C:\Program Files (x86)\Microsoft SQL Server\130\DTS\Binn\;C:\Program Files (x86)\Microsoft SQL Server\130\Tools\Binn\ManagementStudio\;C:\AccuRev\AccuRevClient\bin;C:\Program Files\Git\cmd;C:\Users\sr068695\Downloads\apache-maven-3.6.3\bin;C:\Users\sr068695\AppData\Local\Microsoft\WindowsApps;"/>
    <property name="java.vm.specification.name" value="Java Virtual Machine Specification"/>
    <property name="PROCESSOR_ARCHITECTURE" value="AMD64"/>
    <property name="PATH+JDK" value="C:\ACWS\SCB-Child-DEV\sfselesoft\java\jdk1.8.0_66/bin"/>
    <property name="PROCESSOR_IDENTIFIER" value="Intel64 Family 6 Model 158 Stepping 13, GenuineIntel"/>
    <property name="SESSIONNAME" value="Console"/>
    <property name="java.vm.specification.version" value="1.8"/>
    <property name="sun.os.patch.level" value=""/>
    <property name="sun.cpu.endian" value="little"/>
    <property name="M2_HOME" value="C:\Users\sr068695\Downloads\apache-maven-3.6.3"/>
    <property name="java.io.tmpdir" value="C:\Users\sr068695\AppData\Local\Temp\"/>
    <property name="OS" value="Windows_NT"/>
    <property name="HUDSON_HOME" value="C:\Users\sr068695\.jenkins"/>
    <property name="PATH+MAVEN" value="C:\Users\sr068695\Downloads\apache-maven-3.6.3/bin"/>
    <property name="ProgramFiles(x86)" value="C:\Program Files (x86)"/>
    <property name="BUILD_URL" value="http://localhost:8080/job/ProjectN/33/"/>
    <property name="java.vendor.url.bug" value="http://bugreport.sun.com/bugreport/"/>
    <property name="java.awt.graphicsenv" value="sun.awt.Win32GraphicsEnvironment"/>
    <property name="os.arch" value="amd64"/>
    <property name="SystemRoot" value="C:\WINDOWS"/>
    <property name="java.ext.dirs" value="C:\ACWS\SCB-Child-DEV\sfselesoft\java\jdk1.8.0_66\jre\lib\ext;C:\WINDOWS\Sun\Java\lib\ext"/>
    <property name="user.dir" value="C:\Users\sr068695\test2"/>
    <property name="JOB_URL" value="http://localhost:8080/job/ProjectN/"/>
    <property name="LOGONSERVER" value="\\CORPDCBLR02"/>
    <property name="USERDOMAIN" value="WHQ_NT_DOMAIN"/>
    <property name="line.separator" value="&#10;"/>
    <property name="MAVEN_HOME" value="C:\Users\sr068695\Downloads\apache-maven-3.6.3"/>
    <property name="java.vm.name" value="Java HotSpot(TM) 64-Bit Server VM"/>
    <property name="BUILD_NUMBER" value="33"/>
    <property name="JENKINS_URL" value="http://localhost:8080/"/>
    <property name="PROCESSOR_REVISION" value="9e0d"/>
    <property name="UATDATA" value="C:\WINDOWS\CCM\UATData\D9F8C395-CAB8-491d-B8AC-179A1FE1BE77"/>
    <property name="ProgramW6432" value="C:\Program Files"/>
    <property name="windir" value="C:\WINDOWS"/>
    <property name="=C:" value="C:\Users\sr068695\Downloads"/>
    <property name="file.encoding" value="Cp1252"/>
    <property name="SystemDrive" value="C:"/>
    <property name="maven3.interceptor" value="C:\Users\sr068695\.jenkins\plugins\maven-plugin\WEB-INF\lib\maven35-interceptor-1.13.jar"/>
    <property name="WORKSPACE" value="C:\Users\sr068695\.jenkins\workspace\ProjectN"/>
    <property name="maven3.interceptor.common" value="C:\Users\sr068695\.jenkins\plugins\maven-plugin\WEB-INF\lib\maven3-interceptor-commons-1.13.jar"/>
    <property name="java.specification.version" value="1.8"/>
    <property name="PSModulePath" value="C:\Program Files\WindowsPowerShell\Modules;C:\WINDOWS\system32\WindowsPowerShell\v1.0\Modules;C:\Program Files (x86)\Microsoft SQL Server\130\Tools\PowerShell\Modules\"/>
    <property name="DriverData" value="C:\Windows\System32\Drivers\DriverData"/>
  </properties>
  <testcase name="testEasy" classname="example.NewTest" time="145.83"/>
  <testcase name="afterTest" classname="example.NewTest" time="153.782">
    <failure message="expected [Jobs - Recruitment - Job Search - Employment -Job Vacancies - Naukri.com] but found []" type="java.lang.AssertionError">java.lang.AssertionError: expected [Jobs - Recruitment - Job Search - Employment -Job Vacancies - Naukri.com] but found []
	at example.NewTest.afterTest(NewTest.java:193)
</failure>
    <system-out><![CDATA[
]]></system-out>
    <system-err><![CDATA[[1586172877.673][SEVERE]: Timed out receiving message from renderer: 0.100
[1586172877.774][SEVERE]: Timed out receiving message from renderer: 0.100
[1586172877.876][SEVERE]: Timed out receiving message from renderer: 0.100
[1586172877.977][SEVERE]: Timed out receiving message from renderer: 0.100
[1586172878.079][SEVERE]: Timed out receiving message from renderer: 0.100
[1586172878.181][SEVERE]: Timed out receiving message from renderer: 0.100
[1586172878.283][SEVERE]: Timed out receiving message from renderer: 0.100
[1586172878.385][SEVERE]: Timed out receiving message from renderer: 0.100
[1586172878.487][SEVERE]: Timed out receiving message from renderer: 0.100
[1586172878.590][SEVERE]: Timed out receiving message from renderer: 0.100
[1586172878.720][SEVERE]: Timed out receiving message from renderer: 0.100
[1586172878.822][SEVERE]: Timed out receiving message from renderer: 0.100
[1586172878.923][SEVERE]: Timed out receiving message from renderer: 0.100
[1586172879.024][SEVERE]: Timed out receiving message from renderer: 0.100
[1586172879.158][SEVERE]: Timed out receiving message from renderer: 0.100
[1586172879.259][SEVERE]: Timed out receiving message from renderer: 0.100
[1586172879.361][SEVERE]: Timed out receiving message from renderer: 0.100
[1586172879.462][SEVERE]: Timed out receiving message from renderer: 0.100
[1586172879.564][SEVERE]: Timed out receiving message from renderer: 0.100
[1586172879.666][SEVERE]: Timed out receiving message from renderer: 0.100
[1586172879.767][SEVERE]: Timed out receiving message from renderer: 0.100
[1586172879.869][SEVERE]: Timed out receiving message from renderer: 0.100
[1586172879.970][SEVERE]: Timed out receiving message from renderer: 0.100
[1586172880.072][SEVERE]: Timed out receiving message from renderer: 0.100
[1586172880.174][SEVERE]: Timed out receiving message from renderer: 0.100
[1586172880.275][SEVERE]: Timed out receiving message from renderer: 0.100
[1586172880.377][SEVERE]: Timed out receiving message from renderer: 0.100
[1586172880.478][SEVERE]: Timed out receiving message from renderer: 0.100
]]></system-err>
  </testcase>
</testsuite>