<?xml version="1.0" encoding="UTF-8"?>
<testsuite xmlns:xsi="http://www.w3.org/2001/XMLSchema-instance" xsi:schemaLocation="https://maven.apache.org/surefire/maven-surefire-plugin/xsd/surefire-test-report.xsd" name="TestSuite" time="52.865" tests="1" errors="0" skipped="0" failures="0">
  <properties>
    <property name="java.runtime.name" value="Java(TM) SE Runtime Environment"/>
    <property name="sun.boot.library.path" value="C:\ACWS\SF-Automation-Selenium-SCB-Child-DEV-W1650977\sfselesoft\java\jdk1.8.0_66\jre\bin"/>
    <property name="java.vm.version" value="25.66-b18"/>
    <property name="java.vm.vendor" value="Oracle Corporation"/>
    <property name="maven.multiModuleProjectDirectory" value="C:\Users\SR068695\git\test2"/>
    <property name="java.vendor.url" value="http://java.oracle.com/"/>
    <property name="path.separator" value=";"/>
    <property name="guice.disable.misplaced.annotation.check" value="true"/>
    <property name="java.vm.name" value="Java HotSpot(TM) 64-Bit Server VM"/>
    <property name="file.encoding.pkg" value="sun.io"/>
    <property name="user.script" value=""/>
    <property name="user.country" value="US"/>
    <property name="sun.java.launcher" value="SUN_STANDARD"/>
    <property name="sun.os.patch.level" value=""/>
    <property name="java.vm.specification.name" value="Java Virtual Machine Specification"/>
    <property name="user.dir" value="C:\Users\SR068695\git\test2"/>
    <property name="java.runtime.version" value="1.8.0_66-b18"/>
    <property name="java.awt.graphicsenv" value="sun.awt.Win32GraphicsEnvironment"/>
    <property name="java.endorsed.dirs" value="C:\ACWS\SF-Automation-Selenium-SCB-Child-DEV-W1650977\sfselesoft\java\jdk1.8.0_66\jre\lib\endorsed"/>
    <property name="os.arch" value="amd64"/>
    <property name="java.io.tmpdir" value="C:\Users\SR068695\AppData\Local\Temp\"/>
    <property name="line.separator" value="&#10;"/>
    <property name="java.vm.specification.vendor" value="Oracle Corporation"/>
    <property name="user.variant" value=""/>
    <property name="os.name" value="Windows 10"/>
    <property name="classworlds.conf" value="C:\Child_EclipseWS\.metadata\.plugins\org.eclipse.m2e.launching\launches\m2conf4826768090826128710.tmp"/>
    <property name="sun.jnu.encoding" value="Cp1252"/>
    <property name="java.library.path" value="C:\ACWS\SF-Automation-Selenium-SCB-Child-DEV-W1650977\sfselesoft\java\jdk1.8.0_66\bin;C:\WINDOWS\Sun\Java\bin;C:\WINDOWS\system32;C:\WINDOWS;C:/Softwares/java/jdk1.8.0_66/bin/../jre/bin/server;C:/Softwares/java/jdk1.8.0_66/bin/../jre/bin;C:/Softwares/java/jdk1.8.0_66/bin/../jre/lib/amd64;C:\Users\MD056830\AppData\Local\Programs\Python\Python36\;C:\Softwares\java\jdk1.8.0_66\bin;&quot;%CLASSPATH%;C:\MOCKITO\mockito-all-2.0.2-beta.jar;.;&quot;;C:\WINDOWS\system32;C:\WINDOWS;C:\WINDOWS\System32\Wbem;C:\WINDOWS\System32\WindowsPowerShell\v1.0\;%CLASSPATH%;C:\Junit\junit4.11.jar;C:\Junit\hamcrest-core-1.2.1.jar;C:\Program Files\AccuRev\bin;C:\Program Files (x86)\Microsoft SQL Server\Client SDK\ODBC\130\Tools\Binn\;C:\Program Files (x86)\Microsoft SQL Server\130\Tools\Binn\;C:\Program Files (x86)\Microsoft SQL Server\130\DTS\Binn\;C:\Program Files (x86)\Microsoft SQL Server\130\Tools\Binn\ManagementStudio\;C:\Program Files\Git\cmd;C:\Users\SR068695\Downloads\apache-maven-3.6.0\bin;C:\Users\SR068695\AppData\Local\Microsoft\WindowsApps;;C:\Softwares\EclipseInstall\eclipse-jee-mars-2-win32-x86_64\eclipse;;."/>
    <property name="java.specification.name" value="Java Platform API Specification"/>
    <property name="java.class.version" value="52.0"/>
    <property name="sun.management.compiler" value="HotSpot 64-Bit Tiered Compilers"/>
    <property name="os.version" value="10.0"/>
    <property name="user.home" value="C:\Users\SR068695"/>
    <property name="user.timezone" value="Asia/Calcutta"/>
    <property name="java.awt.printerjob" value="sun.awt.windows.WPrinterJob"/>
    <property name="java.specification.version" value="1.8"/>
    <property name="file.encoding" value="Cp1252"/>
    <property name="user.name" value="SR068695"/>
    <property name="java.class.path" value="/C:/Softwares/EclipseInstall/eclipse-jee-mars-2-win32-x86_64/eclipse/plugins/org.eclipse.m2e.maven.runtime_1.6.2.20150902-0001/jars/plexus-classworlds-2.5.2.jar"/>
    <property name="java.vm.specification.version" value="1.8"/>
    <property name="sun.arch.data.model" value="64"/>
    <property name="java.home" value="C:\ACWS\SF-Automation-Selenium-SCB-Child-DEV-W1650977\sfselesoft\java\jdk1.8.0_66\jre"/>
    <property name="sun.java.command" value="org.codehaus.plexus.classworlds.launcher.Launcher -B test"/>
    <property name="java.specification.vendor" value="Oracle Corporation"/>
    <property name="user.language" value="en"/>
    <property name="awt.toolkit" value="sun.awt.windows.WToolkit"/>
    <property name="java.vm.info" value="mixed mode"/>
    <property name="java.version" value="1.8.0_66"/>
    <property name="java.ext.dirs" value="C:\ACWS\SF-Automation-Selenium-SCB-Child-DEV-W1650977\sfselesoft\java\jdk1.8.0_66\jre\lib\ext;C:\WINDOWS\Sun\Java\lib\ext"/>
    <property name="sun.boot.class.path" value="C:\ACWS\SF-Automation-Selenium-SCB-Child-DEV-W1650977\sfselesoft\java\jdk1.8.0_66\jre\lib\resources.jar;C:\ACWS\SF-Automation-Selenium-SCB-Child-DEV-W1650977\sfselesoft\java\jdk1.8.0_66\jre\lib\rt.jar;C:\ACWS\SF-Automation-Selenium-SCB-Child-DEV-W1650977\sfselesoft\java\jdk1.8.0_66\jre\lib\sunrsasign.jar;C:\ACWS\SF-Automation-Selenium-SCB-Child-DEV-W1650977\sfselesoft\java\jdk1.8.0_66\jre\lib\jsse.jar;C:\ACWS\SF-Automation-Selenium-SCB-Child-DEV-W1650977\sfselesoft\java\jdk1.8.0_66\jre\lib\jce.jar;C:\ACWS\SF-Automation-Selenium-SCB-Child-DEV-W1650977\sfselesoft\java\jdk1.8.0_66\jre\lib\charsets.jar;C:\ACWS\SF-Automation-Selenium-SCB-Child-DEV-W1650977\sfselesoft\java\jdk1.8.0_66\jre\lib\jfr.jar;C:\ACWS\SF-Automation-Selenium-SCB-Child-DEV-W1650977\sfselesoft\java\jdk1.8.0_66\jre\classes"/>
    <property name="java.vendor" value="Oracle Corporation"/>
    <property name="maven.home" value="C:\Users\SR068695\git\test2\EMBEDDED"/>
    <property name="file.separator" value="\"/>
    <property name="java.vendor.url.bug" value="http://bugreport.sun.com/bugreport/"/>
    <property name="sun.cpu.endian" value="little"/>
    <property name="sun.io.unicode.encoding" value="UnicodeLittle"/>
    <property name="sun.desktop" value="windows"/>
    <property name="sun.cpu.isalist" value="amd64"/>
  </properties>
  <testcase name="testEasy" classname="example.NewTest" time="26.168"/>
</testsuite>