<?xml version="1.0" encoding="UTF-8"?>
<testsuite xmlns:xsi="http://www.w3.org/2001/XMLSchema-instance" xsi:schemaLocation="https://maven.apache.org/surefire/maven-surefire-plugin/xsd/surefire-test-report.xsd" name="TestSuite" time="131.531" tests="2" errors="0" skipped="0" failures="2">
  <properties>
    <property name="java.vendor" value="Oracle Corporation"/>
    <property name="JOB_NAME" value="ProjectN"/>
    <property name="sun.java.launcher" value="SUN_STANDARD"/>
    <property name="NUMBER_OF_PROCESSORS" value="4"/>
    <property name="sun.management.compiler" value="HotSpot Client Compiler"/>
    <property name="DEFLOGDIR" value="C:\ProgramData\McAfee\DesktopProtection"/>
    <property name="JENKINS_HOME" value="C:\Program Files (x86)\Jenkins"/>
    <property name="HUDSON_SERVER_COOKIE" value="8179bb6d6a04efec"/>
    <property name="POM_ARTIFACTID" value="test1"/>
    <property name="os.name" value="Windows 10"/>
    <property name="sun.boot.class.path" value="C:\Program Files (x86)\Jenkins\jre\lib\resources.jar;C:\Program Files (x86)\Jenkins\jre\lib\rt.jar;C:\Program Files (x86)\Jenkins\jre\lib\sunrsasign.jar;C:\Program Files (x86)\Jenkins\jre\lib\jsse.jar;C:\Program Files (x86)\Jenkins\jre\lib\jce.jar;C:\Program Files (x86)\Jenkins\jre\lib\charsets.jar;C:\Program Files (x86)\Jenkins\jre\lib\jfr.jar;C:\Program Files (x86)\Jenkins\jre\classes"/>
    <property name="EXECUTOR_NUMBER" value="1"/>
    <property name="GRADLE_USER_HOME" value="C:\GRADLE_USER_HOME"/>
    <property name="JUNIT_HOME" value="C:\Junit"/>
    <property name="sun.desktop" value="windows"/>
    <property name="PATHEXT" value=".COM;.EXE;.BAT;.CMD;.VBS;.VBE;.JS;.JSE;.WSF;.WSH;.MSC"/>
    <property name="java.vm.specification.vendor" value="Oracle Corporation"/>
    <property name="POM_DISPLAYNAME" value="test1"/>
    <property name="NODE_LABELS" value="master"/>
    <property name="TEMP" value="C:\WINDOWS\TEMP"/>
    <property name="java.runtime.version" value="1.8.0_144-b01"/>
    <property name="ROOT_BUILD_CAUSE" value="TIMERTRIGGER"/>
    <property name="WINSW_SERVICE_ID" value="Jenkins"/>
    <property name="user.name" value="W1650977$"/>
    <property name="guice.disable.misplaced.annotation.check" value="true"/>
    <property name="CommonProgramW6432" value="C:\Program Files\Common Files"/>
    <property name="ProgramFiles" value="C:\Program Files (x86)"/>
    <property name="user.language" value="en"/>
    <property name="JOB_BASE_NAME" value="ProjectN"/>
    <property name="RUN_CHANGES_DISPLAY_URL" value="http://localhost:8080/job/ProjectN/123/display/redirect?page=changes"/>
    <property name="BUILD_DISPLAY_NAME" value="#123"/>
    <property name="OneDrive" value="C:\WINDOWS\system32\config\systemprofile\OneDrive"/>
    <property name="sun.boot.library.path" value="C:\Program Files (x86)\Jenkins\jre\bin"/>
    <property name="GIT_PREVIOUS_SUCCESSFUL_COMMIT" value="9c01002477617556227902e2bb12c5525dbfcdc3"/>
    <property name="LOCALAPPDATA" value="C:\WINDOWS\system32\config\systemprofile\AppData\Local"/>
    <property name="java.version" value="1.8.0_144"/>
    <property name="PROCESSOR_LEVEL" value="6"/>
    <property name="user.timezone" value="Asia/Calcutta"/>
    <property name="USERNAME" value="W1650977$"/>
    <property name="sun.arch.data.model" value="32"/>
    <property name="NODE_NAME" value="master"/>
    <property name="PROCESSOR_ARCHITEW6432" value="AMD64"/>
    <property name="java.endorsed.dirs" value="C:\Program Files (x86)\Jenkins\jre\lib\endorsed"/>
    <property name="BUILD_ID" value="123"/>
    <property name="sun.cpu.isalist" value="pentium_pro+mmx pentium_pro pentium+mmx pentium i486 i386 i86"/>
    <property name="sun.jnu.encoding" value="Cp1252"/>
    <property name="file.encoding.pkg" value="sun.io"/>
    <property name="file.separator" value="\"/>
    <property name="ROOT_BUILD_CAUSE_TIMERTRIGGER" value="true"/>
    <property name="java.specification.name" value="Java Platform API Specification"/>
    <property name="maven.conf" value="C:\Users\SR068695\Downloads\apache-maven-3.6.0\conf"/>
    <property name="java.class.version" value="52.0"/>
    <property name="org.slf4j.simpleLogger.defaultLogLevel" value="info"/>
    <property name="user.country" value="US"/>
    <property name="PYTHON" value="C:\Users\MD056830\AppData\Local\Programs\Python\Python36\"/>
    <property name="ALLUSERSPROFILE" value="C:\ProgramData"/>
    <property name="java.home" value="C:\Program Files (x86)\Jenkins\jre"/>
    <property name="java.vm.info" value="mixed mode"/>
    <property name="os.version" value="10.0"/>
    <property name="RUN_DISPLAY_URL" value="http://localhost:8080/job/ProjectN/123/display/redirect"/>
    <property name="POM_VERSION" value="0.0.1-SNAPSHOT"/>
    <property name="TMP" value="C:\WINDOWS\TEMP"/>
    <property name="path.separator" value=";"/>
    <property name="java.vm.version" value="25.144-b01"/>
    <property name="user.variant" value=""/>
    <property name="GIT_PREVIOUS_COMMIT" value="9c01002477617556227902e2bb12c5525dbfcdc3"/>
    <property name="JOB_DISPLAY_URL" value="http://localhost:8080/job/ProjectN/display/redirect"/>
    <property name="CommonProgramFiles(x86)" value="C:\Program Files (x86)\Common Files"/>
    <property name="java.awt.printerjob" value="sun.awt.windows.WPrinterJob"/>
    <property name="CommonProgramFiles" value="C:\Program Files (x86)\Common Files"/>
    <property name="JAVA_HOME" value="C:\Softwares\java\jdk1.8.0_66"/>
    <property name="sun.io.unicode.encoding" value="UnicodeLittle"/>
    <property name="ComSpec" value="C:\WINDOWS\system32\cmd.exe"/>
    <property name="awt.toolkit" value="sun.awt.windows.WToolkit"/>
    <property name="POM_PACKAGING" value="jar"/>
    <property name="user.script" value=""/>
    <property name="COMPUTERNAME" value="W1650977"/>
    <property name="SERVICE_ID" value="Jenkins"/>
    <property name="POM_GROUPID" value="test1"/>
    <property name="user.home" value="C:\WINDOWS\system32\config\systemprofile"/>
    <property name="PUBLIC" value="C:\Users\Public"/>
    <property name="BUILD_TAG" value="jenkins-ProjectN-123"/>
    <property name="JENKINS_SERVER_COOKIE" value="8179bb6d6a04efec"/>
    <property name="HUDSON_URL" value="http://localhost:8080/"/>
    <property name="ProgramData" value="C:\ProgramData"/>
    <property name="java.specification.vendor" value="Oracle Corporation"/>
    <property name="USERPROFILE" value="C:\WINDOWS\system32\config\systemprofile"/>
    <property name="CLASSPATH" value=""/>
    <property name="java.vendor.url" value="http://java.oracle.com/"/>
    <property name="java.library.path" value="C:\Program Files (x86)\Jenkins\jre\bin;C:\WINDOWS\Sun\Java\bin;C:\WINDOWS\system32;C:\WINDOWS;C:\Users\SR068695\Downloads\apache-maven-3.6.0/bin;C:\Users\MD056830\AppData\Local\Programs\Python\Python36\;C:\Softwares\java\jdk1.8.0_66\bin;&quot;%CLASSPATH%;C:\MOCKITO\mockito-all-2.0.2-beta.jar;.;&quot;;C:\WINDOWS\system32;C:\WINDOWS;C:\WINDOWS\System32\Wbem;C:\WINDOWS\System32\WindowsPowerShell\v1.0\;%CLASSPATH%;C:\Junit\junit4.11.jar;C:\Junit\hamcrest-core-1.2.1.jar;C:\Program Files\AccuRev\bin;C:\Program Files (x86)\Microsoft SQL Server\Client SDK\ODBC\130\Tools\Binn\;C:\Program Files (x86)\Microsoft SQL Server\130\Tools\Binn\;C:\Program Files (x86)\Microsoft SQL Server\130\DTS\Binn\;C:\Program Files (x86)\Microsoft SQL Server\130\Tools\Binn\ManagementStudio\;C:\Program Files\Git\cmd;C:\Users\SR068695\Downloads\apache-maven-3.6.0\bin;C:\WINDOWS\system32\config\systemprofile\AppData\Local\Microsoft\WindowsApps;."/>
    <property name="java.vm.vendor" value="Oracle Corporation"/>
    <property name="APPDATA" value="C:\WINDOWS\system32\config\systemprofile\AppData\Roaming"/>
    <property name="java.runtime.name" value="Java(TM) SE Runtime Environment"/>
    <property name="maven.home" value="C:\Users\SR068695\Downloads\apache-maven-3.6.0"/>
    <property name="java.class.path" value="C:\Program Files (x86)\Jenkins\plugins\maven-plugin\WEB-INF\lib\maven35-agent-1.12.jar;C:\Users\SR068695\Downloads\apache-maven-3.6.0\boot\plexus-classworlds-2.5.2.jar;C:\Users\SR068695\Downloads\apache-maven-3.6.0/conf/logging"/>
    <property name="sun.java.command" value="jenkins.maven3.agent.Maven35Main C:\Users\SR068695\Downloads\apache-maven-3.6.0 C:\Program Files (x86)\Jenkins\war\WEB-INF\lib\remoting-3.29.jar C:\Program Files (x86)\Jenkins\plugins\maven-plugin\WEB-INF\lib\maven35-interceptor-1.12.jar C:\Program Files (x86)\Jenkins\plugins\maven-plugin\WEB-INF\lib\maven3-interceptor-commons-1.12.jar 56728"/>
    <property name="Path" value="C:\Users\MD056830\AppData\Local\Programs\Python\Python36\;C:\Softwares\java\jdk1.8.0_66\bin;&quot;%CLASSPATH%;C:\MOCKITO\mockito-all-2.0.2-beta.jar;.;&quot;;C:\WINDOWS\system32;C:\WINDOWS;C:\WINDOWS\System32\Wbem;C:\WINDOWS\System32\WindowsPowerShell\v1.0\;%CLASSPATH%;C:\Junit\junit4.11.jar;C:\Junit\hamcrest-core-1.2.1.jar;C:\Program Files\AccuRev\bin;C:\Program Files (x86)\Microsoft SQL Server\Client SDK\ODBC\130\Tools\Binn\;C:\Program Files (x86)\Microsoft SQL Server\130\Tools\Binn\;C:\Program Files (x86)\Microsoft SQL Server\130\DTS\Binn\;C:\Program Files (x86)\Microsoft SQL Server\130\Tools\Binn\ManagementStudio\;C:\Program Files\Git\cmd;C:\Users\SR068695\Downloads\apache-maven-3.6.0\bin;C:\WINDOWS\system32\config\systemprofile\AppData\Local\Microsoft\WindowsApps"/>
    <property name="BUILD_CAUSE_TIMERTRIGGER" value="true"/>
    <property name="java.vm.specification.name" value="Java Virtual Machine Specification"/>
    <property name="PROCESSOR_ARCHITECTURE" value="x86"/>
    <property name="PROCESSOR_IDENTIFIER" value="Intel64 Family 6 Model 61 Stepping 4, GenuineIntel"/>
    <property name="java.vm.specification.version" value="1.8"/>
    <property name="sun.os.patch.level" value=""/>
    <property name="sun.cpu.endian" value="little"/>
    <property name="M2_HOME" value="C:\Users\SR068695\Downloads\apache-maven-3.6.0"/>
    <property name="java.io.tmpdir" value="C:\WINDOWS\TEMP\"/>
    <property name="OS" value="Windows_NT"/>
    <property name="HUDSON_HOME" value="C:\Program Files (x86)\Jenkins"/>
    <property name="PATH+MAVEN" value="C:\Users\SR068695\Downloads\apache-maven-3.6.0/bin"/>
    <property name="ProgramFiles(x86)" value="C:\Program Files (x86)"/>
    <property name="BUILD_URL" value="http://localhost:8080/job/ProjectN/123/"/>
    <property name="java.vendor.url.bug" value="http://bugreport.sun.com/bugreport/"/>
    <property name="java.awt.graphicsenv" value="sun.awt.Win32GraphicsEnvironment"/>
    <property name="os.arch" value="x86"/>
    <property name="SystemRoot" value="C:\WINDOWS"/>
    <property name="VSEDEFLOGDIR" value="C:\ProgramData\McAfee\DesktopProtection"/>
    <property name="java.ext.dirs" value="C:\Program Files (x86)\Jenkins\jre\lib\ext;C:\WINDOWS\Sun\Java\lib\ext"/>
    <property name="user.dir" value="C:\Users\SR068695\git\test2"/>
    <property name="JOB_URL" value="http://localhost:8080/job/ProjectN/"/>
    <property name="USERDOMAIN" value="WHQ_NT_DOMAIN"/>
    <property name="line.separator" value="&#10;"/>
    <property name="MAVEN_HOME" value="C:\Users\SR068695\Downloads\apache-maven-3.6.0"/>
    <property name="java.vm.name" value="Java HotSpot(TM) Client VM"/>
    <property name="BUILD_NUMBER" value="123"/>
    <property name="BASE" value="C:\Program Files (x86)\Jenkins"/>
    <property name="JENKINS_URL" value="http://localhost:8080/"/>
    <property name="PROCESSOR_REVISION" value="3d04"/>
    <property name="GIT_BRANCH" value="origin/master"/>
    <property name="UATDATA" value="C:\WINDOWS\CCM\UATData\D9F8C395-CAB8-491d-B8AC-179A1FE1BE77"/>
    <property name="ProgramW6432" value="C:\Program Files"/>
    <property name="windir" value="C:\WINDOWS"/>
    <property name="GIT_COMMIT" value="9c01002477617556227902e2bb12c5525dbfcdc3"/>
    <property name="file.encoding" value="Cp1252"/>
    <property name="SystemDrive" value="C:"/>
    <property name="maven3.interceptor" value="C:\Program Files (x86)\Jenkins\plugins\maven-plugin\WEB-INF\lib\maven35-interceptor-1.12.jar"/>
    <property name="WORKSPACE" value="C:\Program Files (x86)\Jenkins\workspace\ProjectN"/>
    <property name="maven3.interceptor.common" value="C:\Program Files (x86)\Jenkins\plugins\maven-plugin\WEB-INF\lib\maven3-interceptor-commons-1.12.jar"/>
    <property name="WINSW_EXECUTABLE" value="C:\Program Files (x86)\Jenkins\jenkins.exe"/>
    <property name="java.specification.version" value="1.8"/>
    <property name="PSModulePath" value="C:\Program Files (x86)\WindowsPowerShell\Modules;C:\WINDOWS\system32\WindowsPowerShell\v1.0\Modules;C:\Program Files (x86)\AutoIt3\AutoItX;C:\Program Files (x86)\Microsoft SQL Server\130\Tools\PowerShell\Modules\"/>
    <property name="BUILD_CAUSE" value="TIMERTRIGGER"/>
    <property name="Mockito_HOME" value="C:\MOCKITO"/>
    <property name="GIT_URL" value="https://github.com/subhajit1991/test2.git"/>
  </properties>
  <testcase name="testEasy" classname="example.NewTest" time="107.118">
    <failure message="Expected condition failed: waiting for invisibility of [[[[ChromeDriver: chrome on XP (1cfe2ed83fd0fcd222f70cb585486945)] -&gt; xpath: //span[contains(@class,&apos;widgetTitle&apos;)][contains(text(),&apos;Resume Headline&apos;)]]] -&gt; xpath: //span[contains(@class,&apos;edit icon&apos;)]  [contains(text(),&apos;Edit&apos;)]] (tried for 50 second(s) with 500 MILLISECONDS interval)&#10;Build info: version: &apos;3.7.1&apos;, revision: &apos;8a0099a&apos;, time: &apos;2017-11-06T21:01:39.354Z&apos;&#10;System info: host: &apos;W1650977&apos;, ip: &apos;10.182.208.72&apos;, os.name: &apos;Windows 10&apos;, os.arch: &apos;x86&apos;, os.version: &apos;10.0&apos;, java.version: &apos;1.8.0_144&apos;&#10;Driver info: org.openqa.selenium.chrome.ChromeDriver&#10;Capabilities {acceptInsecureCerts: false, acceptSslCerts: false, applicationCacheEnabled: false, browserConnectionEnabled: false, browserName: chrome, chrome: {chromedriverVersion: 74.0.3729.6 (255758eccf3d24..., userDataDir: C:\WINDOWS\TEMP\scoped_dir2...}, cssSelectorsEnabled: true, databaseEnabled: false, goog:chromeOptions: {debuggerAddress: localhost:56765}, handlesAlerts: true, hasTouchScreen: false, javascriptEnabled: true, locationContextEnabled: true, mobileEmulationEnabled: false, nativeEvents: true, networkConnectionEnabled: false, pageLoadStrategy: normal, platform: XP, platformName: XP, proxy: Proxy(), rotatable: false, setWindowRect: true, strictFileInteractability: false, takesHeapSnapshot: true, takesScreenshot: true, timeouts: {implicit: 0, pageLoad: 300000, script: 30000}, unexpectedAlertBehaviour: ignore, unhandledPromptBehavior: ignore, version: 75.0.3770.142, webStorageEnabled: true}&#10;Session ID: 1cfe2ed83fd0fcd222f70cb585486945" type="org.openqa.selenium.TimeoutException">org.openqa.selenium.TimeoutException: 
Expected condition failed: waiting for invisibility of [[[[ChromeDriver: chrome on XP (1cfe2ed83fd0fcd222f70cb585486945)] -> xpath: //span[contains(@class,'widgetTitle')][contains(text(),'Resume Headline')]]] -> xpath: //span[contains(@class,'edit icon')]  [contains(text(),'Edit')]] (tried for 50 second(s) with 500 MILLISECONDS interval)
Build info: version: '3.7.1', revision: '8a0099a', time: '2017-11-06T21:01:39.354Z'
System info: host: 'W1650977', ip: '10.182.208.72', os.name: 'Windows 10', os.arch: 'x86', os.version: '10.0', java.version: '1.8.0_144'
Driver info: org.openqa.selenium.chrome.ChromeDriver
Capabilities {acceptInsecureCerts: false, acceptSslCerts: false, applicationCacheEnabled: false, browserConnectionEnabled: false, browserName: chrome, chrome: {chromedriverVersion: 74.0.3729.6 (255758eccf3d24..., userDataDir: C:\WINDOWS\TEMP\scoped_dir2...}, cssSelectorsEnabled: true, databaseEnabled: false, goog:chromeOptions: {debuggerAddress: localhost:56765}, handlesAlerts: true, hasTouchScreen: false, javascriptEnabled: true, locationContextEnabled: true, mobileEmulationEnabled: false, nativeEvents: true, networkConnectionEnabled: false, pageLoadStrategy: normal, platform: XP, platformName: XP, proxy: Proxy(), rotatable: false, setWindowRect: true, strictFileInteractability: false, takesHeapSnapshot: true, takesScreenshot: true, timeouts: {implicit: 0, pageLoad: 300000, script: 30000}, unexpectedAlertBehaviour: ignore, unhandledPromptBehavior: ignore, version: 75.0.3770.142, webStorageEnabled: true}
Session ID: 1cfe2ed83fd0fcd222f70cb585486945
	at example.NewTest.testEasy(NewTest.java:157)
</failure>
    <system-out><![CDATA[provider.DataProvider@82f6ef
[neelback4more@gmail.com]
[neelback4more@gmail.com, Subho1991*]
[neelback4more@gmail.com, Subho1991*, Status]
[neelback4more@gmail.com, Subho1991*, Status, Successfully Completed]
[neelback4more@gmail.com, Subho1991*, Status, Successfully Completed, Status]
[neelback4more@gmail.com, Subho1991*, Status, Successfully Completed, Status, Successfully Completed]
[neelback4more@gmail.com, Subho1991*, Status, Successfully Completed, Status, Successfully Completed, Status]
[neelback4more@gmail.com, Subho1991*, Status, Successfully Completed, Status, Successfully Completed, Status, Successfully Completed]
[neelback4more@gmail.com, Subho1991*, Status, Successfully Completed, Status, Successfully Completed, Status, Successfully Completed, Status]
[neelback4more@gmail.com, Subho1991*, Status, Successfully Completed, Status, Successfully Completed, Status, Successfully Completed, Status, Successfully Completed]
[neelback4more@gmail.com, Subho1991*, Status, Successfully Completed, Status, Successfully Completed, Status, Successfully Completed, Status, Successfully Completed, Status]
[neelback4more@gmail.com, Subho1991*, Status, Successfully Completed, Status, Successfully Completed, Status, Successfully Completed, Status, Successfully Completed, Status, Successfully Completed]
[neelback4more@gmail.com, Subho1991*, Status, Successfully Completed, Status, Successfully Completed, Status, Successfully Completed, Status, Successfully Completed, Status, Successfully Completed, Status]
[neelback4more@gmail.com, Subho1991*, Status, Successfully Completed, Status, Successfully Completed, Status, Successfully Completed, Status, Successfully Completed, Status, Successfully Completed, Status, Successfully Completed]
[neelback4more@gmail.com, Subho1991*, Status, Successfully Completed, Status, Successfully Completed, Status, Successfully Completed, Status, Successfully Completed, Status, Successfully Completed, Status, Successfully Completed, Status]
[neelback4more@gmail.com, Subho1991*, Status, Successfully Completed, Status, Successfully Completed, Status, Successfully Completed, Status, Successfully Completed, Status, Successfully Completed, Status, Successfully Completed, Status, Successfully Completed]
[neelback4more@gmail.com, Subho1991*, Status, Successfully Completed, Status, Successfully Completed, Status, Successfully Completed, Status, Successfully Completed, Status, Successfully Completed, Status, Successfully Completed, Status, Successfully Completed, Status]
[neelback4more@gmail.com, Subho1991*, Status, Successfully Completed, Status, Successfully Completed, Status, Successfully Completed, Status, Successfully Completed, Status, Successfully Completed, Status, Successfully Completed, Status, Successfully Completed, Status, Successfully Completed]
[neelback4more@gmail.com, Subho1991*, Status, Successfully Completed, Status, Successfully Completed, Status, Successfully Completed, Status, Successfully Completed, Status, Successfully Completed, Status, Successfully Completed, Status, Successfully Completed, Status, Successfully Completed, Status]
[neelback4more@gmail.com, Subho1991*, Status, Successfully Completed, Status, Successfully Completed, Status, Successfully Completed, Status, Successfully Completed, Status, Successfully Completed, Status, Successfully Completed, Status, Successfully Completed, Status, Successfully Completed, Status, Successfully Completed]
[neelback4more@gmail.com, Subho1991*, Status, Successfully Completed, Status, Successfully Completed, Status, Successfully Completed, Status, Successfully Completed, Status, Successfully Completed, Status, Successfully Completed, Status, Successfully Completed, Status, Successfully Completed, Status, Successfully Completed, Status]
[neelback4more@gmail.com, Subho1991*, Status, Successfully Completed, Status, Successfully Completed, Status, Successfully Completed, Status, Successfully Completed, Status, Successfully Completed, Status, Successfully Completed, Status, Successfully Completed, Status, Successfully Completed, Status, Successfully Completed, Status, Successfully Completed]
[neelback4more@gmail.com, Subho1991*, Status, Successfully Completed, Status, Successfully Completed, Status, Successfully Completed, Status, Successfully Completed, Status, Successfully Completed, Status, Successfully Completed, Status, Successfully Completed, Status, Successfully Completed, Status, Successfully Completed, Status, Successfully Completed, Status]
[neelback4more@gmail.com, Subho1991*, Status, Successfully Completed, Status, Successfully Completed, Status, Successfully Completed, Status, Successfully Completed, Status, Successfully Completed, Status, Successfully Completed, Status, Successfully Completed, Status, Successfully Completed, Status, Successfully Completed, Status, Successfully Completed, Status, Successfully Completed]
[neelback4more@gmail.com, Subho1991*, Status, Successfully Completed, Status, Successfully Completed, Status, Successfully Completed, Status, Successfully Completed, Status, Successfully Completed, Status, Successfully Completed, Status, Successfully Completed, Status, Successfully Completed, Status, Successfully Completed, Status, Successfully Completed, Status, Successfully Completed, Status]
[neelback4more@gmail.com, Subho1991*, Status, Successfully Completed, Status, Successfully Completed, Status, Successfully Completed, Status, Successfully Completed, Status, Successfully Completed, Status, Successfully Completed, Status, Successfully Completed, Status, Successfully Completed, Status, Successfully Completed, Status, Successfully Completed, Status, Successfully Completed, Status, Successfully Completed]
[neelback4more@gmail.com, Subho1991*, Status, Successfully Completed, Status, Successfully Completed, Status, Successfully Completed, Status, Successfully Completed, Status, Successfully Completed, Status, Successfully Completed, Status, Successfully Completed, Status, Successfully Completed, Status, Successfully Completed, Status, Successfully Completed, Status, Successfully Completed, Status, Successfully Completed, Status]
[neelback4more@gmail.com, Subho1991*, Status, Successfully Completed, Status, Successfully Completed, Status, Successfully Completed, Status, Successfully Completed, Status, Successfully Completed, Status, Successfully Completed, Status, Successfully Completed, Status, Successfully Completed, Status, Successfully Completed, Status, Successfully Completed, Status, Successfully Completed, Status, Successfully Completed, Status, Successfully Completed]
[neelback4more@gmail.com, Subho1991*, Status, Successfully Completed, Status, Successfully Completed, Status, Successfully Completed, Status, Successfully Completed, Status, Successfully Completed, Status, Successfully Completed, Status, Successfully Completed, Status, Successfully Completed, Status, Successfully Completed, Status, Successfully Completed, Status, Successfully Completed, Status, Successfully Completed, Status, Successfully Completed, Status]
[neelback4more@gmail.com, Subho1991*, Status, Successfully Completed, Status, Successfully Completed, Status, Successfully Completed, Status, Successfully Completed, Status, Successfully Completed, Status, Successfully Completed, Status, Successfully Completed, Status, Successfully Completed, Status, Successfully Completed, Status, Successfully Completed, Status, Successfully Completed, Status, Successfully Completed, Status, Successfully Completed, Status, Successfully Completed]
[neelback4more@gmail.com, Subho1991*, Status, Successfully Completed, Status, Successfully Completed, Status, Successfully Completed, Status, Successfully Completed, Status, Successfully Completed, Status, Successfully Completed, Status, Successfully Completed, Status, Successfully Completed, Status, Successfully Completed, Status, Successfully Completed, Status, Successfully Completed, Status, Successfully Completed, Status, Successfully Completed, Status, Successfully Completed, Status]
[neelback4more@gmail.com, Subho1991*, Status, Successfully Completed, Status, Successfully Completed, Status, Successfully Completed, Status, Successfully Completed, Status, Successfully Completed, Status, Successfully Completed, Status, Successfully Completed, Status, Successfully Completed, Status, Successfully Completed, Status, Successfully Completed, Status, Successfully Completed, Status, Successfully Completed, Status, Successfully Completed, Status, Successfully Completed, Status, Successfully Completed]
[neelback4more@gmail.com, Subho1991*, Status, Successfully Completed, Status, Successfully Completed, Status, Successfully Completed, Status, Successfully Completed, Status, Successfully Completed, Status, Successfully Completed, Status, Successfully Completed, Status, Successfully Completed, Status, Successfully Completed, Status, Successfully Completed, Status, Successfully Completed, Status, Successfully Completed, Status, Successfully Completed, Status, Successfully Completed, Status, Successfully Completed, Status]
[neelback4more@gmail.com, Subho1991*, Status, Successfully Completed, Status, Successfully Completed, Status, Successfully Completed, Status, Successfully Completed, Status, Successfully Completed, Status, Successfully Completed, Status, Successfully Completed, Status, Successfully Completed, Status, Successfully Completed, Status, Successfully Completed, Status, Successfully Completed, Status, Successfully Completed, Status, Successfully Completed, Status, Successfully Completed, Status, Successfully Completed, Status, Successfully Completed]
[neelback4more@gmail.com, Subho1991*, Status, Successfully Completed, Status, Successfully Completed, Status, Successfully Completed, Status, Successfully Completed, Status, Successfully Completed, Status, Successfully Completed, Status, Successfully Completed, Status, Successfully Completed, Status, Successfully Completed, Status, Successfully Completed, Status, Successfully Completed, Status, Successfully Completed, Status, Successfully Completed, Status, Successfully Completed, Status, Successfully Completed, Status, Successfully Completed, Status]
[neelback4more@gmail.com, Subho1991*, Status, Successfully Completed, Status, Successfully Completed, Status, Successfully Completed, Status, Successfully Completed, Status, Successfully Completed, Status, Successfully Completed, Status, Successfully Completed, Status, Successfully Completed, Status, Successfully Completed, Status, Successfully Completed, Status, Successfully Completed, Status, Successfully Completed, Status, Successfully Completed, Status, Successfully Completed, Status, Successfully Completed, Status, Successfully Completed, Status, Successfully Completed]
[neelback4more@gmail.com, Subho1991*, Status, Successfully Completed, Status, Successfully Completed, Status, Successfully Completed, Status, Successfully Completed, Status, Successfully Completed, Status, Successfully Completed, Status, Successfully Completed, Status, Successfully Completed, Status, Successfully Completed, Status, Successfully Completed, Status, Successfully Completed, Status, Successfully Completed, Status, Successfully Completed, Status, Successfully Completed, Status, Successfully Completed, Status, Successfully Completed, Status, Successfully Completed, Status]
[neelback4more@gmail.com, Subho1991*, Status, Successfully Completed, Status, Successfully Completed, Status, Successfully Completed, Status, Successfully Completed, Status, Successfully Completed, Status, Successfully Completed, Status, Successfully Completed, Status, Successfully Completed, Status, Successfully Completed, Status, Successfully Completed, Status, Successfully Completed, Status, Successfully Completed, Status, Successfully Completed, Status, Successfully Completed, Status, Successfully Completed, Status, Successfully Completed, Status, Successfully Completed, Status, Successfully Completed]
[neelback4more@gmail.com, Subho1991*, Status, Successfully Completed, Status, Successfully Completed, Status, Successfully Completed, Status, Successfully Completed, Status, Successfully Completed, Status, Successfully Completed, Status, Successfully Completed, Status, Successfully Completed, Status, Successfully Completed, Status, Successfully Completed, Status, Successfully Completed, Status, Successfully Completed, Status, Successfully Completed, Status, Successfully Completed, Status, Successfully Completed, Status, Successfully Completed, Status, Successfully Completed, Status, Successfully Completed, Status]
[neelback4more@gmail.com, Subho1991*, Status, Successfully Completed, Status, Successfully Completed, Status, Successfully Completed, Status, Successfully Completed, Status, Successfully Completed, Status, Successfully Completed, Status, Successfully Completed, Status, Successfully Completed, Status, Successfully Completed, Status, Successfully Completed, Status, Successfully Completed, Status, Successfully Completed, Status, Successfully Completed, Status, Successfully Completed, Status, Successfully Completed, Status, Successfully Completed, Status, Successfully Completed, Status, Successfully Completed, Status, Successfully Completed]
[neelback4more@gmail.com, Subho1991*, Status, Successfully Completed, Status, Successfully Completed, Status, Successfully Completed, Status, Successfully Completed, Status, Successfully Completed, Status, Successfully Completed, Status, Successfully Completed, Status, Successfully Completed, Status, Successfully Completed, Status, Successfully Completed, Status, Successfully Completed, Status, Successfully Completed, Status, Successfully Completed, Status, Successfully Completed, Status, Successfully Completed, Status, Successfully Completed, Status, Successfully Completed, Status, Successfully Completed, Status, Successfully Completed, Status]
[neelback4more@gmail.com, Subho1991*, Status, Successfully Completed, Status, Successfully Completed, Status, Successfully Completed, Status, Successfully Completed, Status, Successfully Completed, Status, Successfully Completed, Status, Successfully Completed, Status, Successfully Completed, Status, Successfully Completed, Status, Successfully Completed, Status, Successfully Completed, Status, Successfully Completed, Status, Successfully Completed, Status, Successfully Completed, Status, Successfully Completed, Status, Successfully Completed, Status, Successfully Completed, Status, Successfully Completed, Status, Successfully Completed, Status, Successfully Completed]
[neelback4more@gmail.com, Subho1991*, Status, Successfully Completed, Status, Successfully Completed, Status, Successfully Completed, Status, Successfully Completed, Status, Successfully Completed, Status, Successfully Completed, Status, Successfully Completed, Status, Successfully Completed, Status, Successfully Completed, Status, Successfully Completed, Status, Successfully Completed, Status, Successfully Completed, Status, Successfully Completed, Status, Successfully Completed, Status, Successfully Completed, Status, Successfully Completed, Status, Successfully Completed, Status, Successfully Completed, Status, Successfully Completed, Status, Successfully Completed, Status]
[neelback4more@gmail.com, Subho1991*, Status, Successfully Completed, Status, Successfully Completed, Status, Successfully Completed, Status, Successfully Completed, Status, Successfully Completed, Status, Successfully Completed, Status, Successfully Completed, Status, Successfully Completed, Status, Successfully Completed, Status, Successfully Completed, Status, Successfully Completed, Status, Successfully Completed, Status, Successfully Completed, Status, Successfully Completed, Status, Successfully Completed, Status, Successfully Completed, Status, Successfully Completed, Status, Successfully Completed, Status, Successfully Completed, Status, Successfully Completed, Status, Successfully Completed]
[neelback4more@gmail.com, Subho1991*, Status, Successfully Completed, Status, Successfully Completed, Status, Successfully Completed, Status, Successfully Completed, Status, Successfully Completed, Status, Successfully Completed, Status, Successfully Completed, Status, Successfully Completed, Status, Successfully Completed, Status, Successfully Completed, Status, Successfully Completed, Status, Successfully Completed, Status, Successfully Completed, Status, Successfully Completed, Status, Successfully Completed, Status, Successfully Completed, Status, Successfully Completed, Status, Successfully Completed, Status, Successfully Completed, Status, Successfully Completed, Status, Successfully Completed, Status]
[neelback4more@gmail.com, Subho1991*, Status, Successfully Completed, Status, Successfully Completed, Status, Successfully Completed, Status, Successfully Completed, Status, Successfully Completed, Status, Successfully Completed, Status, Successfully Completed, Status, Successfully Completed, Status, Successfully Completed, Status, Successfully Completed, Status, Successfully Completed, Status, Successfully Completed, Status, Successfully Completed, Status, Successfully Completed, Status, Successfully Completed, Status, Successfully Completed, Status, Successfully Completed, Status, Successfully Completed, Status, Successfully Completed, Status, Successfully Completed, Status, Successfully Completed, Status, Successfully Completed]
[neelback4more@gmail.com, Subho1991*, Status, Successfully Completed, Status, Successfully Completed, Status, Successfully Completed, Status, Successfully Completed, Status, Successfully Completed, Status, Successfully Completed, Status, Successfully Completed, Status, Successfully Completed, Status, Successfully Completed, Status, Successfully Completed, Status, Successfully Completed, Status, Successfully Completed, Status, Successfully Completed, Status, Successfully Completed, Status, Successfully Completed, Status, Successfully Completed, Status, Successfully Completed, Status, Successfully Completed, Status, Successfully Completed, Status, Successfully Completed, Status, Successfully Completed, Status, Successfully Completed, Status]
[neelback4more@gmail.com, Subho1991*, Status, Successfully Completed, Status, Successfully Completed, Status, Successfully Completed, Status, Successfully Completed, Status, Successfully Completed, Status, Successfully Completed, Status, Successfully Completed, Status, Successfully Completed, Status, Successfully Completed, Status, Successfully Completed, Status, Successfully Completed, Status, Successfully Completed, Status, Successfully Completed, Status, Successfully Completed, Status, Successfully Completed, Status, Successfully Completed, Status, Successfully Completed, Status, Successfully Completed, Status, Successfully Completed, Status, Successfully Completed, Status, Successfully Completed, Status, Successfully Completed, Status, Successfully Completed]
[neelback4more@gmail.com, Subho1991*, Status, Successfully Completed, Status, Successfully Completed, Status, Successfully Completed, Status, Successfully Completed, Status, Successfully Completed, Status, Successfully Completed, Status, Successfully Completed, Status, Successfully Completed, Status, Successfully Completed, Status, Successfully Completed, Status, Successfully Completed, Status, Successfully Completed, Status, Successfully Completed, Status, Successfully Completed, Status, Successfully Completed, Status, Successfully Completed, Status, Successfully Completed, Status, Successfully Completed, Status, Successfully Completed, Status, Successfully Completed, Status, Successfully Completed, Status, Successfully Completed, Status, Successfully Completed, Status]
[neelback4more@gmail.com, Subho1991*, Status, Successfully Completed, Status, Successfully Completed, Status, Successfully Completed, Status, Successfully Completed, Status, Successfully Completed, Status, Successfully Completed, Status, Successfully Completed, Status, Successfully Completed, Status, Successfully Completed, Status, Successfully Completed, Status, Successfully Completed, Status, Successfully Completed, Status, Successfully Completed, Status, Successfully Completed, Status, Successfully Completed, Status, Successfully Completed, Status, Successfully Completed, Status, Successfully Completed, Status, Successfully Completed, Status, Successfully Completed, Status, Successfully Completed, Status, Successfully Completed, Status, Successfully Completed, Status, Successfully Completed]
[neelback4more@gmail.com, Subho1991*, Status, Successfully Completed, Status, Successfully Completed, Status, Successfully Completed, Status, Successfully Completed, Status, Successfully Completed, Status, Successfully Completed, Status, Successfully Completed, Status, Successfully Completed, Status, Successfully Completed, Status, Successfully Completed, Status, Successfully Completed, Status, Successfully Completed, Status, Successfully Completed, Status, Successfully Completed, Status, Successfully Completed, Status, Successfully Completed, Status, Successfully Completed, Status, Successfully Completed, Status, Successfully Completed, Status, Successfully Completed, Status, Successfully Completed, Status, Successfully Completed, Status, Successfully Completed, Status, Successfully Completed, Status]
[neelback4more@gmail.com, Subho1991*, Status, Successfully Completed, Status, Successfully Completed, Status, Successfully Completed, Status, Successfully Completed, Status, Successfully Completed, Status, Successfully Completed, Status, Successfully Completed, Status, Successfully Completed, Status, Successfully Completed, Status, Successfully Completed, Status, Successfully Completed, Status, Successfully Completed, Status, Successfully Completed, Status, Successfully Completed, Status, Successfully Completed, Status, Successfully Completed, Status, Successfully Completed, Status, Successfully Completed, Status, Successfully Completed, Status, Successfully Completed, Status, Successfully Completed, Status, Successfully Completed, Status, Successfully Completed, Status, Successfully Completed, Status, Successfully Completed]
[neelback4more@gmail.com, Subho1991*, Status, Successfully Completed, Status, Successfully Completed, Status, Successfully Completed, Status, Successfully Completed, Status, Successfully Completed, Status, Successfully Completed, Status, Successfully Completed, Status, Successfully Completed, Status, Successfully Completed, Status, Successfully Completed, Status, Successfully Completed, Status, Successfully Completed, Status, Successfully Completed, Status, Successfully Completed, Status, Successfully Completed, Status, Successfully Completed, Status, Successfully Completed, Status, Successfully Completed, Status, Successfully Completed, Status, Successfully Completed, Status, Successfully Completed, Status, Successfully Completed, Status, Successfully Completed, Status, Successfully Completed, Status, Successfully Completed, Status]
[neelback4more@gmail.com, Subho1991*, Status, Successfully Completed, Status, Successfully Completed, Status, Successfully Completed, Status, Successfully Completed, Status, Successfully Completed, Status, Successfully Completed, Status, Successfully Completed, Status, Successfully Completed, Status, Successfully Completed, Status, Successfully Completed, Status, Successfully Completed, Status, Successfully Completed, Status, Successfully Completed, Status, Successfully Completed, Status, Successfully Completed, Status, Successfully Completed, Status, Successfully Completed, Status, Successfully Completed, Status, Successfully Completed, Status, Successfully Completed, Status, Successfully Completed, Status, Successfully Completed, Status, Successfully Completed, Status, Successfully Completed, Status, Successfully Completed, Status, Successfully Completed]
[neelback4more@gmail.com, Subho1991*, Status, Successfully Completed, Status, Successfully Completed, Status, Successfully Completed, Status, Successfully Completed, Status, Successfully Completed, Status, Successfully Completed, Status, Successfully Completed, Status, Successfully Completed, Status, Successfully Completed, Status, Successfully Completed, Status, Successfully Completed, Status, Successfully Completed, Status, Successfully Completed, Status, Successfully Completed, Status, Successfully Completed, Status, Successfully Completed, Status, Successfully Completed, Status, Successfully Completed, Status, Successfully Completed, Status, Successfully Completed, Status, Successfully Completed, Status, Successfully Completed, Status, Successfully Completed, Status, Successfully Completed, Status, Successfully Completed, Status, Successfully Completed, Status]
[neelback4more@gmail.com, Subho1991*, Status, Successfully Completed, Status, Successfully Completed, Status, Successfully Completed, Status, Successfully Completed, Status, Successfully Completed, Status, Successfully Completed, Status, Successfully Completed, Status, Successfully Completed, Status, Successfully Completed, Status, Successfully Completed, Status, Successfully Completed, Status, Successfully Completed, Status, Successfully Completed, Status, Successfully Completed, Status, Successfully Completed, Status, Successfully Completed, Status, Successfully Completed, Status, Successfully Completed, Status, Successfully Completed, Status, Successfully Completed, Status, Successfully Completed, Status, Successfully Completed, Status, Successfully Completed, Status, Successfully Completed, Status, Successfully Completed, Status, Successfully Completed, Status, Successfully Completed]
[neelback4more@gmail.com, Subho1991*, Status, Successfully Completed, Status, Successfully Completed, Status, Successfully Completed, Status, Successfully Completed, Status, Successfully Completed, Status, Successfully Completed, Status, Successfully Completed, Status, Successfully Completed, Status, Successfully Completed, Status, Successfully Completed, Status, Successfully Completed, Status, Successfully Completed, Status, Successfully Completed, Status, Successfully Completed, Status, Successfully Completed, Status, Successfully Completed, Status, Successfully Completed, Status, Successfully Completed, Status, Successfully Completed, Status, Successfully Completed, Status, Successfully Completed, Status, Successfully Completed, Status, Successfully Completed, Status, Successfully Completed, Status, Successfully Completed, Status, Successfully Completed, Status, Successfully Completed, Status]
[neelback4more@gmail.com, Subho1991*, Status, Successfully Completed, Status, Successfully Completed, Status, Successfully Completed, Status, Successfully Completed, Status, Successfully Completed, Status, Successfully Completed, Status, Successfully Completed, Status, Successfully Completed, Status, Successfully Completed, Status, Successfully Completed, Status, Successfully Completed, Status, Successfully Completed, Status, Successfully Completed, Status, Successfully Completed, Status, Successfully Completed, Status, Successfully Completed, Status, Successfully Completed, Status, Successfully Completed, Status, Successfully Completed, Status, Successfully Completed, Status, Successfully Completed, Status, Successfully Completed, Status, Successfully Completed, Status, Successfully Completed, Status, Successfully Completed, Status, Successfully Completed, Status, Successfully Completed, Status, Successfully Completed]
[neelback4more@gmail.com, Subho1991*, Status, Successfully Completed, Status, Successfully Completed, Status, Successfully Completed, Status, Successfully Completed, Status, Successfully Completed, Status, Successfully Completed, Status, Successfully Completed, Status, Successfully Completed, Status, Successfully Completed, Status, Successfully Completed, Status, Successfully Completed, Status, Successfully Completed, Status, Successfully Completed, Status, Successfully Completed, Status, Successfully Completed, Status, Successfully Completed, Status, Successfully Completed, Status, Successfully Completed, Status, Successfully Completed, Status, Successfully Completed, Status, Successfully Completed, Status, Successfully Completed, Status, Successfully Completed, Status, Successfully Completed, Status, Successfully Completed, Status, Successfully Completed, Status, Successfully Completed, Status, Successfully Completed, Status]
[neelback4more@gmail.com, Subho1991*, Status, Successfully Completed, Status, Successfully Completed, Status, Successfully Completed, Status, Successfully Completed, Status, Successfully Completed, Status, Successfully Completed, Status, Successfully Completed, Status, Successfully Completed, Status, Successfully Completed, Status, Successfully Completed, Status, Successfully Completed, Status, Successfully Completed, Status, Successfully Completed, Status, Successfully Completed, Status, Successfully Completed, Status, Successfully Completed, Status, Successfully Completed, Status, Successfully Completed, Status, Successfully Completed, Status, Successfully Completed, Status, Successfully Completed, Status, Successfully Completed, Status, Successfully Completed, Status, Successfully Completed, Status, Successfully Completed, Status, Successfully Completed, Status, Successfully Completed, Status, Successfully Completed, Status, Successfully Completed]
[neelback4more@gmail.com, Subho1991*, Status, Successfully Completed, Status, Successfully Completed, Status, Successfully Completed, Status, Successfully Completed, Status, Successfully Completed, Status, Successfully Completed, Status, Successfully Completed, Status, Successfully Completed, Status, Successfully Completed, Status, Successfully Completed, Status, Successfully Completed, Status, Successfully Completed, Status, Successfully Completed, Status, Successfully Completed, Status, Successfully Completed, Status, Successfully Completed, Status, Successfully Completed, Status, Successfully Completed, Status, Successfully Completed, Status, Successfully Completed, Status, Successfully Completed, Status, Successfully Completed, Status, Successfully Completed, Status, Successfully Completed, Status, Successfully Completed, Status, Successfully Completed, Status, Successfully Completed, Status, Successfully Completed, Status, Successfully Completed, Status]
[neelback4more@gmail.com, Subho1991*, Status, Successfully Completed, Status, Successfully Completed, Status, Successfully Completed, Status, Successfully Completed, Status, Successfully Completed, Status, Successfully Completed, Status, Successfully Completed, Status, Successfully Completed, Status, Successfully Completed, Status, Successfully Completed, Status, Successfully Completed, Status, Successfully Completed, Status, Successfully Completed, Status, Successfully Completed, Status, Successfully Completed, Status, Successfully Completed, Status, Successfully Completed, Status, Successfully Completed, Status, Successfully Completed, Status, Successfully Completed, Status, Successfully Completed, Status, Successfully Completed, Status, Successfully Completed, Status, Successfully Completed, Status, Successfully Completed, Status, Successfully Completed, Status, Successfully Completed, Status, Successfully Completed, Status, Successfully Completed, Status, Successfully Completed]
[neelback4more@gmail.com, Subho1991*, Status, Successfully Completed, Status, Successfully Completed, Status, Successfully Completed, Status, Successfully Completed, Status, Successfully Completed, Status, Successfully Completed, Status, Successfully Completed, Status, Successfully Completed, Status, Successfully Completed, Status, Successfully Completed, Status, Successfully Completed, Status, Successfully Completed, Status, Successfully Completed, Status, Successfully Completed, Status, Successfully Completed, Status, Successfully Completed, Status, Successfully Completed, Status, Successfully Completed, Status, Successfully Completed, Status, Successfully Completed, Status, Successfully Completed, Status, Successfully Completed, Status, Successfully Completed, Status, Successfully Completed, Status, Successfully Completed, Status, Successfully Completed, Status, Successfully Completed, Status, Successfully Completed, Status, Successfully Completed, Status, Successfully Completed, Status]
[neelback4more@gmail.com, Subho1991*, Status, Successfully Completed, Status, Successfully Completed, Status, Successfully Completed, Status, Successfully Completed, Status, Successfully Completed, Status, Successfully Completed, Status, Successfully Completed, Status, Successfully Completed, Status, Successfully Completed, Status, Successfully Completed, Status, Successfully Completed, Status, Successfully Completed, Status, Successfully Completed, Status, Successfully Completed, Status, Successfully Completed, Status, Successfully Completed, Status, Successfully Completed, Status, Successfully Completed, Status, Successfully Completed, Status, Successfully Completed, Status, Successfully Completed, Status, Successfully Completed, Status, Successfully Completed, Status, Successfully Completed, Status, Successfully Completed, Status, Successfully Completed, Status, Successfully Completed, Status, Successfully Completed, Status, Successfully Completed, Status, Successfully Completed, Status, Successfully Completed]
[neelback4more@gmail.com, Subho1991*, Status, Successfully Completed, Status, Successfully Completed, Status, Successfully Completed, Status, Successfully Completed, Status, Successfully Completed, Status, Successfully Completed, Status, Successfully Completed, Status, Successfully Completed, Status, Successfully Completed, Status, Successfully Completed, Status, Successfully Completed, Status, Successfully Completed, Status, Successfully Completed, Status, Successfully Completed, Status, Successfully Completed, Status, Successfully Completed, Status, Successfully Completed, Status, Successfully Completed, Status, Successfully Completed, Status, Successfully Completed, Status, Successfully Completed, Status, Successfully Completed, Status, Successfully Completed, Status, Successfully Completed, Status, Successfully Completed, Status, Successfully Completed, Status, Successfully Completed, Status, Successfully Completed, Status, Successfully Completed, Status, Successfully Completed, Status, Successfully Completed, Status]
[neelback4more@gmail.com, Subho1991*, Status, Successfully Completed, Status, Successfully Completed, Status, Successfully Completed, Status, Successfully Completed, Status, Successfully Completed, Status, Successfully Completed, Status, Successfully Completed, Status, Successfully Completed, Status, Successfully Completed, Status, Successfully Completed, Status, Successfully Completed, Status, Successfully Completed, Status, Successfully Completed, Status, Successfully Completed, Status, Successfully Completed, Status, Successfully Completed, Status, Successfully Completed, Status, Successfully Completed, Status, Successfully Completed, Status, Successfully Completed, Status, Successfully Completed, Status, Successfully Completed, Status, Successfully Completed, Status, Successfully Completed, Status, Successfully Completed, Status, Successfully Completed, Status, Successfully Completed, Status, Successfully Completed, Status, Successfully Completed, Status, Successfully Completed, Status, Successfully Completed, Status, Successfully Completed]
[neelback4more@gmail.com, Subho1991*, Status, Successfully Completed, Status, Successfully Completed, Status, Successfully Completed, Status, Successfully Completed, Status, Successfully Completed, Status, Successfully Completed, Status, Successfully Completed, Status, Successfully Completed, Status, Successfully Completed, Status, Successfully Completed, Status, Successfully Completed, Status, Successfully Completed, Status, Successfully Completed, Status, Successfully Completed, Status, Successfully Completed, Status, Successfully Completed, Status, Successfully Completed, Status, Successfully Completed, Status, Successfully Completed, Status, Successfully Completed, Status, Successfully Completed, Status, Successfully Completed, Status, Successfully Completed, Status, Successfully Completed, Status, Successfully Completed, Status, Successfully Completed, Status, Successfully Completed, Status, Successfully Completed, Status, Successfully Completed, Status, Successfully Completed, Status, Successfully Completed, Status, Successfully Completed, Status]
[neelback4more@gmail.com, Subho1991*, Status, Successfully Completed, Status, Successfully Completed, Status, Successfully Completed, Status, Successfully Completed, Status, Successfully Completed, Status, Successfully Completed, Status, Successfully Completed, Status, Successfully Completed, Status, Successfully Completed, Status, Successfully Completed, Status, Successfully Completed, Status, Successfully Completed, Status, Successfully Completed, Status, Successfully Completed, Status, Successfully Completed, Status, Successfully Completed, Status, Successfully Completed, Status, Successfully Completed, Status, Successfully Completed, Status, Successfully Completed, Status, Successfully Completed, Status, Successfully Completed, Status, Successfully Completed, Status, Successfully Completed, Status, Successfully Completed, Status, Successfully Completed, Status, Successfully Completed, Status, Successfully Completed, Status, Successfully Completed, Status, Successfully Completed, Status, Successfully Completed, Status, Successfully Completed, Status, Successfully Completed]
[neelback4more@gmail.com, Subho1991*, Status, Successfully Completed, Status, Successfully Completed, Status, Successfully Completed, Status, Successfully Completed, Status, Successfully Completed, Status, Successfully Completed, Status, Successfully Completed, Status, Successfully Completed, Status, Successfully Completed, Status, Successfully Completed, Status, Successfully Completed, Status, Successfully Completed, Status, Successfully Completed, Status, Successfully Completed, Status, Successfully Completed, Status, Successfully Completed, Status, Successfully Completed, Status, Successfully Completed, Status, Successfully Completed, Status, Successfully Completed, Status, Successfully Completed, Status, Successfully Completed, Status, Successfully Completed, Status, Successfully Completed, Status, Successfully Completed, Status, Successfully Completed, Status, Successfully Completed, Status, Successfully Completed, Status, Successfully Completed, Status, Successfully Completed, Status, Successfully Completed, Status, Successfully Completed, Status, Successfully Completed, Status]
[neelback4more@gmail.com, Subho1991*, Status, Successfully Completed, Status, Successfully Completed, Status, Successfully Completed, Status, Successfully Completed, Status, Successfully Completed, Status, Successfully Completed, Status, Successfully Completed, Status, Successfully Completed, Status, Successfully Completed, Status, Successfully Completed, Status, Successfully Completed, Status, Successfully Completed, Status, Successfully Completed, Status, Successfully Completed, Status, Successfully Completed, Status, Successfully Completed, Status, Successfully Completed, Status, Successfully Completed, Status, Successfully Completed, Status, Successfully Completed, Status, Successfully Completed, Status, Successfully Completed, Status, Successfully Completed, Status, Successfully Completed, Status, Successfully Completed, Status, Successfully Completed, Status, Successfully Completed, Status, Successfully Completed, Status, Successfully Completed, Status, Successfully Completed, Status, Successfully Completed, Status, Successfully Completed, Status, Successfully Completed, Status, Successfully Completed]
[neelback4more@gmail.com, Subho1991*, Status, Successfully Completed, Status, Successfully Completed, Status, Successfully Completed, Status, Successfully Completed, Status, Successfully Completed, Status, Successfully Completed, Status, Successfully Completed, Status, Successfully Completed, Status, Successfully Completed, Status, Successfully Completed, Status, Successfully Completed, Status, Successfully Completed, Status, Successfully Completed, Status, Successfully Completed, Status, Successfully Completed, Status, Successfully Completed, Status, Successfully Completed, Status, Successfully Completed, Status, Successfully Completed, Status, Successfully Completed, Status, Successfully Completed, Status, Successfully Completed, Status, Successfully Completed, Status, Successfully Completed, Status, Successfully Completed, Status, Successfully Completed, Status, Successfully Completed, Status, Successfully Completed, Status, Successfully Completed, Status, Successfully Completed, Status, Successfully Completed, Status, Successfully Completed, Status, Successfully Completed, Status, Successfully Completed, Status]
[neelback4more@gmail.com, Subho1991*, Status, Successfully Completed, Status, Successfully Completed, Status, Successfully Completed, Status, Successfully Completed, Status, Successfully Completed, Status, Successfully Completed, Status, Successfully Completed, Status, Successfully Completed, Status, Successfully Completed, Status, Successfully Completed, Status, Successfully Completed, Status, Successfully Completed, Status, Successfully Completed, Status, Successfully Completed, Status, Successfully Completed, Status, Successfully Completed, Status, Successfully Completed, Status, Successfully Completed, Status, Successfully Completed, Status, Successfully Completed, Status, Successfully Completed, Status, Successfully Completed, Status, Successfully Completed, Status, Successfully Completed, Status, Successfully Completed, Status, Successfully Completed, Status, Successfully Completed, Status, Successfully Completed, Status, Successfully Completed, Status, Successfully Completed, Status, Successfully Completed, Status, Successfully Completed, Status, Successfully Completed, Status, Successfully Completed, Status, Successfully Completed]
[neelback4more@gmail.com, Subho1991*, Status, Successfully Completed, Status, Successfully Completed, Status, Successfully Completed, Status, Successfully Completed, Status, Successfully Completed, Status, Successfully Completed, Status, Successfully Completed, Status, Successfully Completed, Status, Successfully Completed, Status, Successfully Completed, Status, Successfully Completed, Status, Successfully Completed, Status, Successfully Completed, Status, Successfully Completed, Status, Successfully Completed, Status, Successfully Completed, Status, Successfully Completed, Status, Successfully Completed, Status, Successfully Completed, Status, Successfully Completed, Status, Successfully Completed, Status, Successfully Completed, Status, Successfully Completed, Status, Successfully Completed, Status, Successfully Completed, Status, Successfully Completed, Status, Successfully Completed, Status, Successfully Completed, Status, Successfully Completed, Status, Successfully Completed, Status, Successfully Completed, Status, Successfully Completed, Status, Successfully Completed, Status, Successfully Completed, Status, Successfully Completed, Status]
[neelback4more@gmail.com, Subho1991*, Status, Successfully Completed, Status, Successfully Completed, Status, Successfully Completed, Status, Successfully Completed, Status, Successfully Completed, Status, Successfully Completed, Status, Successfully Completed, Status, Successfully Completed, Status, Successfully Completed, Status, Successfully Completed, Status, Successfully Completed, Status, Successfully Completed, Status, Successfully Completed, Status, Successfully Completed, Status, Successfully Completed, Status, Successfully Completed, Status, Successfully Completed, Status, Successfully Completed, Status, Successfully Completed, Status, Successfully Completed, Status, Successfully Completed, Status, Successfully Completed, Status, Successfully Completed, Status, Successfully Completed, Status, Successfully Completed, Status, Successfully Completed, Status, Successfully Completed, Status, Successfully Completed, Status, Successfully Completed, Status, Successfully Completed, Status, Successfully Completed, Status, Successfully Completed, Status, Successfully Completed, Status, Successfully Completed, Status, Successfully Completed, Status, Successfully Completed]
[neelback4more@gmail.com, Subho1991*, Status, Successfully Completed, Status, Successfully Completed, Status, Successfully Completed, Status, Successfully Completed, Status, Successfully Completed, Status, Successfully Completed, Status, Successfully Completed, Status, Successfully Completed, Status, Successfully Completed, Status, Successfully Completed, Status, Successfully Completed, Status, Successfully Completed, Status, Successfully Completed, Status, Successfully Completed, Status, Successfully Completed, Status, Successfully Completed, Status, Successfully Completed, Status, Successfully Completed, Status, Successfully Completed, Status, Successfully Completed, Status, Successfully Completed, Status, Successfully Completed, Status, Successfully Completed, Status, Successfully Completed, Status, Successfully Completed, Status, Successfully Completed, Status, Successfully Completed, Status, Successfully Completed, Status, Successfully Completed, Status, Successfully Completed, Status, Successfully Completed, Status, Successfully Completed, Status, Successfully Completed, Status, Successfully Completed, Status, Successfully Completed, Status, Successfully Completed, Status]
[neelback4more@gmail.com, Subho1991*, Status, Successfully Completed, Status, Successfully Completed, Status, Successfully Completed, Status, Successfully Completed, Status, Successfully Completed, Status, Successfully Completed, Status, Successfully Completed, Status, Successfully Completed, Status, Successfully Completed, Status, Successfully Completed, Status, Successfully Completed, Status, Successfully Completed, Status, Successfully Completed, Status, Successfully Completed, Status, Successfully Completed, Status, Successfully Completed, Status, Successfully Completed, Status, Successfully Completed, Status, Successfully Completed, Status, Successfully Completed, Status, Successfully Completed, Status, Successfully Completed, Status, Successfully Completed, Status, Successfully Completed, Status, Successfully Completed, Status, Successfully Completed, Status, Successfully Completed, Status, Successfully Completed, Status, Successfully Completed, Status, Successfully Completed, Status, Successfully Completed, Status, Successfully Completed, Status, Successfully Completed, Status, Successfully Completed, Status, Successfully Completed, Status, Successfully Completed, Status, Successfully Completed]
[neelback4more@gmail.com, Subho1991*, Status, Successfully Completed, Status, Successfully Completed, Status, Successfully Completed, Status, Successfully Completed, Status, Successfully Completed, Status, Successfully Completed, Status, Successfully Completed, Status, Successfully Completed, Status, Successfully Completed, Status, Successfully Completed, Status, Successfully Completed, Status, Successfully Completed, Status, Successfully Completed, Status, Successfully Completed, Status, Successfully Completed, Status, Successfully Completed, Status, Successfully Completed, Status, Successfully Completed, Status, Successfully Completed, Status, Successfully Completed, Status, Successfully Completed, Status, Successfully Completed, Status, Successfully Completed, Status, Successfully Completed, Status, Successfully Completed, Status, Successfully Completed, Status, Successfully Completed, Status, Successfully Completed, Status, Successfully Completed, Status, Successfully Completed, Status, Successfully Completed, Status, Successfully Completed, Status, Successfully Completed, Status, Successfully Completed, Status, Successfully Completed, Status, Successfully Completed, Status, Successfully Completed, Status]
[neelback4more@gmail.com, Subho1991*, Status, Successfully Completed, Status, Successfully Completed, Status, Successfully Completed, Status, Successfully Completed, Status, Successfully Completed, Status, Successfully Completed, Status, Successfully Completed, Status, Successfully Completed, Status, Successfully Completed, Status, Successfully Completed, Status, Successfully Completed, Status, Successfully Completed, Status, Successfully Completed, Status, Successfully Completed, Status, Successfully Completed, Status, Successfully Completed, Status, Successfully Completed, Status, Successfully Completed, Status, Successfully Completed, Status, Successfully Completed, Status, Successfully Completed, Status, Successfully Completed, Status, Successfully Completed, Status, Successfully Completed, Status, Successfully Completed, Status, Successfully Completed, Status, Successfully Completed, Status, Successfully Completed, Status, Successfully Completed, Status, Successfully Completed, Status, Successfully Completed, Status, Successfully Completed, Status, Successfully Completed, Status, Successfully Completed, Status, Successfully Completed, Status, Successfully Completed, Status, Successfully Completed, Status, Successfully Completed]
[neelback4more@gmail.com, Subho1991*, Status, Successfully Completed, Status, Successfully Completed, Status, Successfully Completed, Status, Successfully Completed, Status, Successfully Completed, Status, Successfully Completed, Status, Successfully Completed, Status, Successfully Completed, Status, Successfully Completed, Status, Successfully Completed, Status, Successfully Completed, Status, Successfully Completed, Status, Successfully Completed, Status, Successfully Completed, Status, Successfully Completed, Status, Successfully Completed, Status, Successfully Completed, Status, Successfully Completed, Status, Successfully Completed, Status, Successfully Completed, Status, Successfully Completed, Status, Successfully Completed, Status, Successfully Completed, Status, Successfully Completed, Status, Successfully Completed, Status, Successfully Completed, Status, Successfully Completed, Status, Successfully Completed, Status, Successfully Completed, Status, Successfully Completed, Status, Successfully Completed, Status, Successfully Completed, Status, Successfully Completed, Status, Successfully Completed, Status, Successfully Completed, Status, Successfully Completed, Status, Successfully Completed, Status, Successfully Completed, Status]
[neelback4more@gmail.com, Subho1991*, Status, Successfully Completed, Status, Successfully Completed, Status, Successfully Completed, Status, Successfully Completed, Status, Successfully Completed, Status, Successfully Completed, Status, Successfully Completed, Status, Successfully Completed, Status, Successfully Completed, Status, Successfully Completed, Status, Successfully Completed, Status, Successfully Completed, Status, Successfully Completed, Status, Successfully Completed, Status, Successfully Completed, Status, Successfully Completed, Status, Successfully Completed, Status, Successfully Completed, Status, Successfully Completed, Status, Successfully Completed, Status, Successfully Completed, Status, Successfully Completed, Status, Successfully Completed, Status, Successfully Completed, Status, Successfully Completed, Status, Successfully Completed, Status, Successfully Completed, Status, Successfully Completed, Status, Successfully Completed, Status, Successfully Completed, Status, Successfully Completed, Status, Successfully Completed, Status, Successfully Completed, Status, Successfully Completed, Status, Successfully Completed, Status, Successfully Completed, Status, Successfully Completed, Status, Successfully Completed, Status, Successfully Completed]
[neelback4more@gmail.com, Subho1991*, Status, Successfully Completed, Status, Successfully Completed, Status, Successfully Completed, Status, Successfully Completed, Status, Successfully Completed, Status, Successfully Completed, Status, Successfully Completed, Status, Successfully Completed, Status, Successfully Completed, Status, Successfully Completed, Status, Successfully Completed, Status, Successfully Completed, Status, Successfully Completed, Status, Successfully Completed, Status, Successfully Completed, Status, Successfully Completed, Status, Successfully Completed, Status, Successfully Completed, Status, Successfully Completed, Status, Successfully Completed, Status, Successfully Completed, Status, Successfully Completed, Status, Successfully Completed, Status, Successfully Completed, Status, Successfully Completed, Status, Successfully Completed, Status, Successfully Completed, Status, Successfully Completed, Status, Successfully Completed, Status, Successfully Completed, Status, Successfully Completed, Status, Successfully Completed, Status, Successfully Completed, Status, Successfully Completed, Status, Successfully Completed, Status, Successfully Completed, Status, Successfully Completed, Status, Successfully Completed, Status, Successfully Completed, Status]
[neelback4more@gmail.com, Subho1991*, Status, Successfully Completed, Status, Successfully Completed, Status, Successfully Completed, Status, Successfully Completed, Status, Successfully Completed, Status, Successfully Completed, Status, Successfully Completed, Status, Successfully Completed, Status, Successfully Completed, Status, Successfully Completed, Status, Successfully Completed, Status, Successfully Completed, Status, Successfully Completed, Status, Successfully Completed, Status, Successfully Completed, Status, Successfully Completed, Status, Successfully Completed, Status, Successfully Completed, Status, Successfully Completed, Status, Successfully Completed, Status, Successfully Completed, Status, Successfully Completed, Status, Successfully Completed, Status, Successfully Completed, Status, Successfully Completed, Status, Successfully Completed, Status, Successfully Completed, Status, Successfully Completed, Status, Successfully Completed, Status, Successfully Completed, Status, Successfully Completed, Status, Successfully Completed, Status, Successfully Completed, Status, Successfully Completed, Status, Successfully Completed, Status, Successfully Completed, Status, Successfully Completed, Status, Successfully Completed, Status, Successfully Completed, Status, Successfully Completed]
[neelback4more@gmail.com, Subho1991*, Status, Successfully Completed, Status, Successfully Completed, Status, Successfully Completed, Status, Successfully Completed, Status, Successfully Completed, Status, Successfully Completed, Status, Successfully Completed, Status, Successfully Completed, Status, Successfully Completed, Status, Successfully Completed, Status, Successfully Completed, Status, Successfully Completed, Status, Successfully Completed, Status, Successfully Completed, Status, Successfully Completed, Status, Successfully Completed, Status, Successfully Completed, Status, Successfully Completed, Status, Successfully Completed, Status, Successfully Completed, Status, Successfully Completed, Status, Successfully Completed, Status, Successfully Completed, Status, Successfully Completed, Status, Successfully Completed, Status, Successfully Completed, Status, Successfully Completed, Status, Successfully Completed, Status, Successfully Completed, Status, Successfully Completed, Status, Successfully Completed, Status, Successfully Completed, Status, Successfully Completed, Status, Successfully Completed, Status, Successfully Completed, Status, Successfully Completed, Status, Successfully Completed, Status, Successfully Completed, Status, Successfully Completed, Status, Successfully Completed, Status]
[neelback4more@gmail.com, Subho1991*, Status, Successfully Completed, Status, Successfully Completed, Status, Successfully Completed, Status, Successfully Completed, Status, Successfully Completed, Status, Successfully Completed, Status, Successfully Completed, Status, Successfully Completed, Status, Successfully Completed, Status, Successfully Completed, Status, Successfully Completed, Status, Successfully Completed, Status, Successfully Completed, Status, Successfully Completed, Status, Successfully Completed, Status, Successfully Completed, Status, Successfully Completed, Status, Successfully Completed, Status, Successfully Completed, Status, Successfully Completed, Status, Successfully Completed, Status, Successfully Completed, Status, Successfully Completed, Status, Successfully Completed, Status, Successfully Completed, Status, Successfully Completed, Status, Successfully Completed, Status, Successfully Completed, Status, Successfully Completed, Status, Successfully Completed, Status, Successfully Completed, Status, Successfully Completed, Status, Successfully Completed, Status, Successfully Completed, Status, Successfully Completed, Status, Successfully Completed, Status, Successfully Completed, Status, Successfully Completed, Status, Successfully Completed, Status, Successfully Completed, Status, Successfully Completed]
[neelback4more@gmail.com, Subho1991*, Status, Successfully Completed, Status, Successfully Completed, Status, Successfully Completed, Status, Successfully Completed, Status, Successfully Completed, Status, Successfully Completed, Status, Successfully Completed, Status, Successfully Completed, Status, Successfully Completed, Status, Successfully Completed, Status, Successfully Completed, Status, Successfully Completed, Status, Successfully Completed, Status, Successfully Completed, Status, Successfully Completed, Status, Successfully Completed, Status, Successfully Completed, Status, Successfully Completed, Status, Successfully Completed, Status, Successfully Completed, Status, Successfully Completed, Status, Successfully Completed, Status, Successfully Completed, Status, Successfully Completed, Status, Successfully Completed, Status, Successfully Completed, Status, Successfully Completed, Status, Successfully Completed, Status, Successfully Completed, Status, Successfully Completed, Status, Successfully Completed, Status, Successfully Completed, Status, Successfully Completed, Status, Successfully Completed, Status, Successfully Completed, Status, Successfully Completed, Status, Successfully Completed, Status, Successfully Completed, Status, Successfully Completed, Status, Successfully Completed, Status, Successfully Completed, Status]
[neelback4more@gmail.com, Subho1991*, Status, Successfully Completed, Status, Successfully Completed, Status, Successfully Completed, Status, Successfully Completed, Status, Successfully Completed, Status, Successfully Completed, Status, Successfully Completed, Status, Successfully Completed, Status, Successfully Completed, Status, Successfully Completed, Status, Successfully Completed, Status, Successfully Completed, Status, Successfully Completed, Status, Successfully Completed, Status, Successfully Completed, Status, Successfully Completed, Status, Successfully Completed, Status, Successfully Completed, Status, Successfully Completed, Status, Successfully Completed, Status, Successfully Completed, Status, Successfully Completed, Status, Successfully Completed, Status, Successfully Completed, Status, Successfully Completed, Status, Successfully Completed, Status, Successfully Completed, Status, Successfully Completed, Status, Successfully Completed, Status, Successfully Completed, Status, Successfully Completed, Status, Successfully Completed, Status, Successfully Completed, Status, Successfully Completed, Status, Successfully Completed, Status, Successfully Completed, Status, Successfully Completed, Status, Successfully Completed, Status, Successfully Completed, Status, Successfully Completed, Status, Successfully Completed, Status, Successfully Completed]
[neelback4more@gmail.com, Subho1991*, Status, Successfully Completed, Status, Successfully Completed, Status, Successfully Completed, Status, Successfully Completed, Status, Successfully Completed, Status, Successfully Completed, Status, Successfully Completed, Status, Successfully Completed, Status, Successfully Completed, Status, Successfully Completed, Status, Successfully Completed, Status, Successfully Completed, Status, Successfully Completed, Status, Successfully Completed, Status, Successfully Completed, Status, Successfully Completed, Status, Successfully Completed, Status, Successfully Completed, Status, Successfully Completed, Status, Successfully Completed, Status, Successfully Completed, Status, Successfully Completed, Status, Successfully Completed, Status, Successfully Completed, Status, Successfully Completed, Status, Successfully Completed, Status, Successfully Completed, Status, Successfully Completed, Status, Successfully Completed, Status, Successfully Completed, Status, Successfully Completed, Status, Successfully Completed, Status, Successfully Completed, Status, Successfully Completed, Status, Successfully Completed, Status, Successfully Completed, Status, Successfully Completed, Status, Successfully Completed, Status, Successfully Completed, Status, Successfully Completed, Status, Successfully Completed, Status, Successfully Completed, Status]
[neelback4more@gmail.com, Subho1991*, Status, Successfully Completed, Status, Successfully Completed, Status, Successfully Completed, Status, Successfully Completed, Status, Successfully Completed, Status, Successfully Completed, Status, Successfully Completed, Status, Successfully Completed, Status, Successfully Completed, Status, Successfully Completed, Status, Successfully Completed, Status, Successfully Completed, Status, Successfully Completed, Status, Successfully Completed, Status, Successfully Completed, Status, Successfully Completed, Status, Successfully Completed, Status, Successfully Completed, Status, Successfully Completed, Status, Successfully Completed, Status, Successfully Completed, Status, Successfully Completed, Status, Successfully Completed, Status, Successfully Completed, Status, Successfully Completed, Status, Successfully Completed, Status, Successfully Completed, Status, Successfully Completed, Status, Successfully Completed, Status, Successfully Completed, Status, Successfully Completed, Status, Successfully Completed, Status, Successfully Completed, Status, Successfully Completed, Status, Successfully Completed, Status, Successfully Completed, Status, Successfully Completed, Status, Successfully Completed, Status, Successfully Completed, Status, Successfully Completed, Status, Successfully Completed, Status, Successfully Completed, Status, Successfully Completed]
[neelback4more@gmail.com, Subho1991*, Status, Successfully Completed, Status, Successfully Completed, Status, Successfully Completed, Status, Successfully Completed, Status, Successfully Completed, Status, Successfully Completed, Status, Successfully Completed, Status, Successfully Completed, Status, Successfully Completed, Status, Successfully Completed, Status, Successfully Completed, Status, Successfully Completed, Status, Successfully Completed, Status, Successfully Completed, Status, Successfully Completed, Status, Successfully Completed, Status, Successfully Completed, Status, Successfully Completed, Status, Successfully Completed, Status, Successfully Completed, Status, Successfully Completed, Status, Successfully Completed, Status, Successfully Completed, Status, Successfully Completed, Status, Successfully Completed, Status, Successfully Completed, Status, Successfully Completed, Status, Successfully Completed, Status, Successfully Completed, Status, Successfully Completed, Status, Successfully Completed, Status, Successfully Completed, Status, Successfully Completed, Status, Successfully Completed, Status, Successfully Completed, Status, Successfully Completed, Status, Successfully Completed, Status, Successfully Completed, Status, Successfully Completed, Status, Successfully Completed, Status, Successfully Completed, Status, Successfully Completed, Status, Successfully Completed, Status]
[neelback4more@gmail.com, Subho1991*, Status, Successfully Completed, Status, Successfully Completed, Status, Successfully Completed, Status, Successfully Completed, Status, Successfully Completed, Status, Successfully Completed, Status, Successfully Completed, Status, Successfully Completed, Status, Successfully Completed, Status, Successfully Completed, Status, Successfully Completed, Status, Successfully Completed, Status, Successfully Completed, Status, Successfully Completed, Status, Successfully Completed, Status, Successfully Completed, Status, Successfully Completed, Status, Successfully Completed, Status, Successfully Completed, Status, Successfully Completed, Status, Successfully Completed, Status, Successfully Completed, Status, Successfully Completed, Status, Successfully Completed, Status, Successfully Completed, Status, Successfully Completed, Status, Successfully Completed, Status, Successfully Completed, Status, Successfully Completed, Status, Successfully Completed, Status, Successfully Completed, Status, Successfully Completed, Status, Successfully Completed, Status, Successfully Completed, Status, Successfully Completed, Status, Successfully Completed, Status, Successfully Completed, Status, Successfully Completed, Status, Successfully Completed, Status, Successfully Completed, Status, Successfully Completed, Status, Successfully Completed, Status, Successfully Completed, Status, Successfully Completed]
[neelback4more@gmail.com, Subho1991*, Status, Successfully Completed, Status, Successfully Completed, Status, Successfully Completed, Status, Successfully Completed, Status, Successfully Completed, Status, Successfully Completed, Status, Successfully Completed, Status, Successfully Completed, Status, Successfully Completed, Status, Successfully Completed, Status, Successfully Completed, Status, Successfully Completed, Status, Successfully Completed, Status, Successfully Completed, Status, Successfully Completed, Status, Successfully Completed, Status, Successfully Completed, Status, Successfully Completed, Status, Successfully Completed, Status, Successfully Completed, Status, Successfully Completed, Status, Successfully Completed, Status, Successfully Completed, Status, Successfully Completed, Status, Successfully Completed, Status, Successfully Completed, Status, Successfully Completed, Status, Successfully Completed, Status, Successfully Completed, Status, Successfully Completed, Status, Successfully Completed, Status, Successfully Completed, Status, Successfully Completed, Status, Successfully Completed, Status, Successfully Completed, Status, Successfully Completed, Status, Successfully Completed, Status, Successfully Completed, Status, Successfully Completed, Status, Successfully Completed, Status, Successfully Completed, Status, Successfully Completed, Status, Successfully Completed, Status, Successfully Completed, Status]
[neelback4more@gmail.com, Subho1991*, Status, Successfully Completed, Status, Successfully Completed, Status, Successfully Completed, Status, Successfully Completed, Status, Successfully Completed, Status, Successfully Completed, Status, Successfully Completed, Status, Successfully Completed, Status, Successfully Completed, Status, Successfully Completed, Status, Successfully Completed, Status, Successfully Completed, Status, Successfully Completed, Status, Successfully Completed, Status, Successfully Completed, Status, Successfully Completed, Status, Successfully Completed, Status, Successfully Completed, Status, Successfully Completed, Status, Successfully Completed, Status, Successfully Completed, Status, Successfully Completed, Status, Successfully Completed, Status, Successfully Completed, Status, Successfully Completed, Status, Successfully Completed, Status, Successfully Completed, Status, Successfully Completed, Status, Successfully Completed, Status, Successfully Completed, Status, Successfully Completed, Status, Successfully Completed, Status, Successfully Completed, Status, Successfully Completed, Status, Successfully Completed, Status, Successfully Completed, Status, Successfully Completed, Status, Successfully Completed, Status, Successfully Completed, Status, Successfully Completed, Status, Successfully Completed, Status, Successfully Completed, Status, Successfully Completed, Status, Successfully Completed, Status, Successfully Completed]
[neelback4more@gmail.com, Subho1991*, Status, Successfully Completed, Status, Successfully Completed, Status, Successfully Completed, Status, Successfully Completed, Status, Successfully Completed, Status, Successfully Completed, Status, Successfully Completed, Status, Successfully Completed, Status, Successfully Completed, Status, Successfully Completed, Status, Successfully Completed, Status, Successfully Completed, Status, Successfully Completed, Status, Successfully Completed, Status, Successfully Completed, Status, Successfully Completed, Status, Successfully Completed, Status, Successfully Completed, Status, Successfully Completed, Status, Successfully Completed, Status, Successfully Completed, Status, Successfully Completed, Status, Successfully Completed, Status, Successfully Completed, Status, Successfully Completed, Status, Successfully Completed, Status, Successfully Completed, Status, Successfully Completed, Status, Successfully Completed, Status, Successfully Completed, Status, Successfully Completed, Status, Successfully Completed, Status, Successfully Completed, Status, Successfully Completed, Status, Successfully Completed, Status, Successfully Completed, Status, Successfully Completed, Status, Successfully Completed, Status, Successfully Completed, Status, Successfully Completed, Status, Successfully Completed, Status, Successfully Completed, Status, Successfully Completed, Status, Successfully Completed, Status, Successfully Completed, Status]
[neelback4more@gmail.com, Subho1991*, Status, Successfully Completed, Status, Successfully Completed, Status, Successfully Completed, Status, Successfully Completed, Status, Successfully Completed, Status, Successfully Completed, Status, Successfully Completed, Status, Successfully Completed, Status, Successfully Completed, Status, Successfully Completed, Status, Successfully Completed, Status, Successfully Completed, Status, Successfully Completed, Status, Successfully Completed, Status, Successfully Completed, Status, Successfully Completed, Status, Successfully Completed, Status, Successfully Completed, Status, Successfully Completed, Status, Successfully Completed, Status, Successfully Completed, Status, Successfully Completed, Status, Successfully Completed, Status, Successfully Completed, Status, Successfully Completed, Status, Successfully Completed, Status, Successfully Completed, Status, Successfully Completed, Status, Successfully Completed, Status, Successfully Completed, Status, Successfully Completed, Status, Successfully Completed, Status, Successfully Completed, Status, Successfully Completed, Status, Successfully Completed, Status, Successfully Completed, Status, Successfully Completed, Status, Successfully Completed, Status, Successfully Completed, Status, Successfully Completed, Status, Successfully Completed, Status, Successfully Completed, Status, Successfully Completed, Status, Successfully Completed, Status, Successfully Completed, Status, Successfully Completed]
[neelback4more@gmail.com, Subho1991*, Status, Successfully Completed, Status, Successfully Completed, Status, Successfully Completed, Status, Successfully Completed, Status, Successfully Completed, Status, Successfully Completed, Status, Successfully Completed, Status, Successfully Completed, Status, Successfully Completed, Status, Successfully Completed, Status, Successfully Completed, Status, Successfully Completed, Status, Successfully Completed, Status, Successfully Completed, Status, Successfully Completed, Status, Successfully Completed, Status, Successfully Completed, Status, Successfully Completed, Status, Successfully Completed, Status, Successfully Completed, Status, Successfully Completed, Status, Successfully Completed, Status, Successfully Completed, Status, Successfully Completed, Status, Successfully Completed, Status, Successfully Completed, Status, Successfully Completed, Status, Successfully Completed, Status, Successfully Completed, Status, Successfully Completed, Status, Successfully Completed, Status, Successfully Completed, Status, Successfully Completed, Status, Successfully Completed, Status, Successfully Completed, Status, Successfully Completed, Status, Successfully Completed, Status, Successfully Completed, Status, Successfully Completed, Status, Successfully Completed, Status, Successfully Completed, Status, Successfully Completed, Status, Successfully Completed, Status, Successfully Completed, Status, Successfully Completed, Status, Successfully Completed, Status]
[neelback4more@gmail.com, Subho1991*, Status, Successfully Completed, Status, Successfully Completed, Status, Successfully Completed, Status, Successfully Completed, Status, Successfully Completed, Status, Successfully Completed, Status, Successfully Completed, Status, Successfully Completed, Status, Successfully Completed, Status, Successfully Completed, Status, Successfully Completed, Status, Successfully Completed, Status, Successfully Completed, Status, Successfully Completed, Status, Successfully Completed, Status, Successfully Completed, Status, Successfully Completed, Status, Successfully Completed, Status, Successfully Completed, Status, Successfully Completed, Status, Successfully Completed, Status, Successfully Completed, Status, Successfully Completed, Status, Successfully Completed, Status, Successfully Completed, Status, Successfully Completed, Status, Successfully Completed, Status, Successfully Completed, Status, Successfully Completed, Status, Successfully Completed, Status, Successfully Completed, Status, Successfully Completed, Status, Successfully Completed, Status, Successfully Completed, Status, Successfully Completed, Status, Successfully Completed, Status, Successfully Completed, Status, Successfully Completed, Status, Successfully Completed, Status, Successfully Completed, Status, Successfully Completed, Status, Successfully Completed, Status, Successfully Completed, Status, Successfully Completed, Status, Successfully Completed, Status, Successfully Completed, Status, Successfully Completed]
[neelback4more@gmail.com, Subho1991*, Status, Successfully Completed, Status, Successfully Completed, Status, Successfully Completed, Status, Successfully Completed, Status, Successfully Completed, Status, Successfully Completed, Status, Successfully Completed, Status, Successfully Completed, Status, Successfully Completed, Status, Successfully Completed, Status, Successfully Completed, Status, Successfully Completed, Status, Successfully Completed, Status, Successfully Completed, Status, Successfully Completed, Status, Successfully Completed, Status, Successfully Completed, Status, Successfully Completed, Status, Successfully Completed, Status, Successfully Completed, Status, Successfully Completed, Status, Successfully Completed, Status, Successfully Completed, Status, Successfully Completed, Status, Successfully Completed, Status, Successfully Completed, Status, Successfully Completed, Status, Successfully Completed, Status, Successfully Completed, Status, Successfully Completed, Status, Successfully Completed, Status, Successfully Completed, Status, Successfully Completed, Status, Successfully Completed, Status, Successfully Completed, Status, Successfully Completed, Status, Successfully Completed, Status, Successfully Completed, Status, Successfully Completed, Status, Successfully Completed, Status, Successfully Completed, Status, Successfully Completed, Status, Successfully Completed, Status, Successfully Completed, Status, Successfully Completed, Status, Successfully Completed, Status, Successfully Completed, Status]
[neelback4more@gmail.com, Subho1991*, Status, Successfully Completed, Status, Successfully Completed, Status, Successfully Completed, Status, Successfully Completed, Status, Successfully Completed, Status, Successfully Completed, Status, Successfully Completed, Status, Successfully Completed, Status, Successfully Completed, Status, Successfully Completed, Status, Successfully Completed, Status, Successfully Completed, Status, Successfully Completed, Status, Successfully Completed, Status, Successfully Completed, Status, Successfully Completed, Status, Successfully Completed, Status, Successfully Completed, Status, Successfully Completed, Status, Successfully Completed, Status, Successfully Completed, Status, Successfully Completed, Status, Successfully Completed, Status, Successfully Completed, Status, Successfully Completed, Status, Successfully Completed, Status, Successfully Completed, Status, Successfully Completed, Status, Successfully Completed, Status, Successfully Completed, Status, Successfully Completed, Status, Successfully Completed, Status, Successfully Completed, Status, Successfully Completed, Status, Successfully Completed, Status, Successfully Completed, Status, Successfully Completed, Status, Successfully Completed, Status, Successfully Completed, Status, Successfully Completed, Status, Successfully Completed, Status, Successfully Completed, Status, Successfully Completed, Status, Successfully Completed, Status, Successfully Completed, Status, Successfully Completed, Status, Successfully Completed, Status, Successfully Completed]
[neelback4more@gmail.com, Subho1991*, Status, Successfully Completed, Status, Successfully Completed, Status, Successfully Completed, Status, Successfully Completed, Status, Successfully Completed, Status, Successfully Completed, Status, Successfully Completed, Status, Successfully Completed, Status, Successfully Completed, Status, Successfully Completed, Status, Successfully Completed, Status, Successfully Completed, Status, Successfully Completed, Status, Successfully Completed, Status, Successfully Completed, Status, Successfully Completed, Status, Successfully Completed, Status, Successfully Completed, Status, Successfully Completed, Status, Successfully Completed, Status, Successfully Completed, Status, Successfully Completed, Status, Successfully Completed, Status, Successfully Completed, Status, Successfully Completed, Status, Successfully Completed, Status, Successfully Completed, Status, Successfully Completed, Status, Successfully Completed, Status, Successfully Completed, Status, Successfully Completed, Status, Successfully Completed, Status, Successfully Completed, Status, Successfully Completed, Status, Successfully Completed, Status, Successfully Completed, Status, Successfully Completed, Status, Successfully Completed, Status, Successfully Completed, Status, Successfully Completed, Status, Successfully Completed, Status, Successfully Completed, Status, Successfully Completed, Status, Successfully Completed, Status, Successfully Completed, Status, Successfully Completed, Status, Successfully Completed, Status, Successfully Completed, Status]
[neelback4more@gmail.com, Subho1991*, Status, Successfully Completed, Status, Successfully Completed, Status, Successfully Completed, Status, Successfully Completed, Status, Successfully Completed, Status, Successfully Completed, Status, Successfully Completed, Status, Successfully Completed, Status, Successfully Completed, Status, Successfully Completed, Status, Successfully Completed, Status, Successfully Completed, Status, Successfully Completed, Status, Successfully Completed, Status, Successfully Completed, Status, Successfully Completed, Status, Successfully Completed, Status, Successfully Completed, Status, Successfully Completed, Status, Successfully Completed, Status, Successfully Completed, Status, Successfully Completed, Status, Successfully Completed, Status, Successfully Completed, Status, Successfully Completed, Status, Successfully Completed, Status, Successfully Completed, Status, Successfully Completed, Status, Successfully Completed, Status, Successfully Completed, Status, Successfully Completed, Status, Successfully Completed, Status, Successfully Completed, Status, Successfully Completed, Status, Successfully Completed, Status, Successfully Completed, Status, Successfully Completed, Status, Successfully Completed, Status, Successfully Completed, Status, Successfully Completed, Status, Successfully Completed, Status, Successfully Completed, Status, Successfully Completed, Status, Successfully Completed, Status, Successfully Completed, Status, Successfully Completed, Status, Successfully Completed, Status, Successfully Completed, Status, Successfully Completed]
[neelback4more@gmail.com, Subho1991*, Status, Successfully Completed, Status, Successfully Completed, Status, Successfully Completed, Status, Successfully Completed, Status, Successfully Completed, Status, Successfully Completed, Status, Successfully Completed, Status, Successfully Completed, Status, Successfully Completed, Status, Successfully Completed, Status, Successfully Completed, Status, Successfully Completed, Status, Successfully Completed, Status, Successfully Completed, Status, Successfully Completed, Status, Successfully Completed, Status, Successfully Completed, Status, Successfully Completed, Status, Successfully Completed, Status, Successfully Completed, Status, Successfully Completed, Status, Successfully Completed, Status, Successfully Completed, Status, Successfully Completed, Status, Successfully Completed, Status, Successfully Completed, Status, Successfully Completed, Status, Successfully Completed, Status, Successfully Completed, Status, Successfully Completed, Status, Successfully Completed, Status, Successfully Completed, Status, Successfully Completed, Status, Successfully Completed, Status, Successfully Completed, Status, Successfully Completed, Status, Successfully Completed, Status, Successfully Completed, Status, Successfully Completed, Status, Successfully Completed, Status, Successfully Completed, Status, Successfully Completed, Status, Successfully Completed, Status, Successfully Completed, Status, Successfully Completed, Status, Successfully Completed, Status, Successfully Completed, Status, Successfully Completed, Status, Successfully Completed, Status]
[neelback4more@gmail.com, Subho1991*, Status, Successfully Completed, Status, Successfully Completed, Status, Successfully Completed, Status, Successfully Completed, Status, Successfully Completed, Status, Successfully Completed, Status, Successfully Completed, Status, Successfully Completed, Status, Successfully Completed, Status, Successfully Completed, Status, Successfully Completed, Status, Successfully Completed, Status, Successfully Completed, Status, Successfully Completed, Status, Successfully Completed, Status, Successfully Completed, Status, Successfully Completed, Status, Successfully Completed, Status, Successfully Completed, Status, Successfully Completed, Status, Successfully Completed, Status, Successfully Completed, Status, Successfully Completed, Status, Successfully Completed, Status, Successfully Completed, Status, Successfully Completed, Status, Successfully Completed, Status, Successfully Completed, Status, Successfully Completed, Status, Successfully Completed, Status, Successfully Completed, Status, Successfully Completed, Status, Successfully Completed, Status, Successfully Completed, Status, Successfully Completed, Status, Successfully Completed, Status, Successfully Completed, Status, Successfully Completed, Status, Successfully Completed, Status, Successfully Completed, Status, Successfully Completed, Status, Successfully Completed, Status, Successfully Completed, Status, Successfully Completed, Status, Successfully Completed, Status, Successfully Completed, Status, Successfully Completed, Status, Successfully Completed, Status, Successfully Completed, Status, Successfully Completed]
[neelback4more@gmail.com, Subho1991*, Status, Successfully Completed, Status, Successfully Completed, Status, Successfully Completed, Status, Successfully Completed, Status, Successfully Completed, Status, Successfully Completed, Status, Successfully Completed, Status, Successfully Completed, Status, Successfully Completed, Status, Successfully Completed, Status, Successfully Completed, Status, Successfully Completed, Status, Successfully Completed, Status, Successfully Completed, Status, Successfully Completed, Status, Successfully Completed, Status, Successfully Completed, Status, Successfully Completed, Status, Successfully Completed, Status, Successfully Completed, Status, Successfully Completed, Status, Successfully Completed, Status, Successfully Completed, Status, Successfully Completed, Status, Successfully Completed, Status, Successfully Completed, Status, Successfully Completed, Status, Successfully Completed, Status, Successfully Completed, Status, Successfully Completed, Status, Successfully Completed, Status, Successfully Completed, Status, Successfully Completed, Status, Successfully Completed, Status, Successfully Completed, Status, Successfully Completed, Status, Successfully Completed, Status, Successfully Completed, Status, Successfully Completed, Status, Successfully Completed, Status, Successfully Completed, Status, Successfully Completed, Status, Successfully Completed, Status, Successfully Completed, Status, Successfully Completed, Status, Successfully Completed, Status, Successfully Completed, Status, Successfully Completed, Status, Successfully Completed, Status, Successfully Completed, Status]
[neelback4more@gmail.com, Subho1991*, Status, Successfully Completed, Status, Successfully Completed, Status, Successfully Completed, Status, Successfully Completed, Status, Successfully Completed, Status, Successfully Completed, Status, Successfully Completed, Status, Successfully Completed, Status, Successfully Completed, Status, Successfully Completed, Status, Successfully Completed, Status, Successfully Completed, Status, Successfully Completed, Status, Successfully Completed, Status, Successfully Completed, Status, Successfully Completed, Status, Successfully Completed, Status, Successfully Completed, Status, Successfully Completed, Status, Successfully Completed, Status, Successfully Completed, Status, Successfully Completed, Status, Successfully Completed, Status, Successfully Completed, Status, Successfully Completed, Status, Successfully Completed, Status, Successfully Completed, Status, Successfully Completed, Status, Successfully Completed, Status, Successfully Completed, Status, Successfully Completed, Status, Successfully Completed, Status, Successfully Completed, Status, Successfully Completed, Status, Successfully Completed, Status, Successfully Completed, Status, Successfully Completed, Status, Successfully Completed, Status, Successfully Completed, Status, Successfully Completed, Status, Successfully Completed, Status, Successfully Completed, Status, Successfully Completed, Status, Successfully Completed, Status, Successfully Completed, Status, Successfully Completed, Status, Successfully Completed, Status, Successfully Completed, Status, Successfully Completed, Status, Successfully Completed, Status, Successfully Completed]
[neelback4more@gmail.com, Subho1991*, Status, Successfully Completed, Status, Successfully Completed, Status, Successfully Completed, Status, Successfully Completed, Status, Successfully Completed, Status, Successfully Completed, Status, Successfully Completed, Status, Successfully Completed, Status, Successfully Completed, Status, Successfully Completed, Status, Successfully Completed, Status, Successfully Completed, Status, Successfully Completed, Status, Successfully Completed, Status, Successfully Completed, Status, Successfully Completed, Status, Successfully Completed, Status, Successfully Completed, Status, Successfully Completed, Status, Successfully Completed, Status, Successfully Completed, Status, Successfully Completed, Status, Successfully Completed, Status, Successfully Completed, Status, Successfully Completed, Status, Successfully Completed, Status, Successfully Completed, Status, Successfully Completed, Status, Successfully Completed, Status, Successfully Completed, Status, Successfully Completed, Status, Successfully Completed, Status, Successfully Completed, Status, Successfully Completed, Status, Successfully Completed, Status, Successfully Completed, Status, Successfully Completed, Status, Successfully Completed, Status, Successfully Completed, Status, Successfully Completed, Status, Successfully Completed, Status, Successfully Completed, Status, Successfully Completed, Status, Successfully Completed, Status, Successfully Completed, Status, Successfully Completed, Status, Successfully Completed, Status, Successfully Completed, Status, Successfully Completed, Status, Successfully Completed, Status, Successfully Completed, Status]
[neelback4more@gmail.com, Subho1991*, Status, Successfully Completed, Status, Successfully Completed, Status, Successfully Completed, Status, Successfully Completed, Status, Successfully Completed, Status, Successfully Completed, Status, Successfully Completed, Status, Successfully Completed, Status, Successfully Completed, Status, Successfully Completed, Status, Successfully Completed, Status, Successfully Completed, Status, Successfully Completed, Status, Successfully Completed, Status, Successfully Completed, Status, Successfully Completed, Status, Successfully Completed, Status, Successfully Completed, Status, Successfully Completed, Status, Successfully Completed, Status, Successfully Completed, Status, Successfully Completed, Status, Successfully Completed, Status, Successfully Completed, Status, Successfully Completed, Status, Successfully Completed, Status, Successfully Completed, Status, Successfully Completed, Status, Successfully Completed, Status, Successfully Completed, Status, Successfully Completed, Status, Successfully Completed, Status, Successfully Completed, Status, Successfully Completed, Status, Successfully Completed, Status, Successfully Completed, Status, Successfully Completed, Status, Successfully Completed, Status, Successfully Completed, Status, Successfully Completed, Status, Successfully Completed, Status, Successfully Completed, Status, Successfully Completed, Status, Successfully Completed, Status, Successfully Completed, Status, Successfully Completed, Status, Successfully Completed, Status, Successfully Completed, Status, Successfully Completed, Status, Successfully Completed, Status, Successfully Completed, Status, Successfully Completed]
[neelback4more@gmail.com, Subho1991*, Status, Successfully Completed, Status, Successfully Completed, Status, Successfully Completed, Status, Successfully Completed, Status, Successfully Completed, Status, Successfully Completed, Status, Successfully Completed, Status, Successfully Completed, Status, Successfully Completed, Status, Successfully Completed, Status, Successfully Completed, Status, Successfully Completed, Status, Successfully Completed, Status, Successfully Completed, Status, Successfully Completed, Status, Successfully Completed, Status, Successfully Completed, Status, Successfully Completed, Status, Successfully Completed, Status, Successfully Completed, Status, Successfully Completed, Status, Successfully Completed, Status, Successfully Completed, Status, Successfully Completed, Status, Successfully Completed, Status, Successfully Completed, Status, Successfully Completed, Status, Successfully Completed, Status, Successfully Completed, Status, Successfully Completed, Status, Successfully Completed, Status, Successfully Completed, Status, Successfully Completed, Status, Successfully Completed, Status, Successfully Completed, Status, Successfully Completed, Status, Successfully Completed, Status, Successfully Completed, Status, Successfully Completed, Status, Successfully Completed, Status, Successfully Completed, Status, Successfully Completed, Status, Successfully Completed, Status, Successfully Completed, Status, Successfully Completed, Status, Successfully Completed, Status, Successfully Completed, Status, Successfully Completed, Status, Successfully Completed, Status, Successfully Completed, Status, Successfully Completed, Status, Successfully Completed, Status]
[neelback4more@gmail.com, Subho1991*, Status, Successfully Completed, Status, Successfully Completed, Status, Successfully Completed, Status, Successfully Completed, Status, Successfully Completed, Status, Successfully Completed, Status, Successfully Completed, Status, Successfully Completed, Status, Successfully Completed, Status, Successfully Completed, Status, Successfully Completed, Status, Successfully Completed, Status, Successfully Completed, Status, Successfully Completed, Status, Successfully Completed, Status, Successfully Completed, Status, Successfully Completed, Status, Successfully Completed, Status, Successfully Completed, Status, Successfully Completed, Status, Successfully Completed, Status, Successfully Completed, Status, Successfully Completed, Status, Successfully Completed, Status, Successfully Completed, Status, Successfully Completed, Status, Successfully Completed, Status, Successfully Completed, Status, Successfully Completed, Status, Successfully Completed, Status, Successfully Completed, Status, Successfully Completed, Status, Successfully Completed, Status, Successfully Completed, Status, Successfully Completed, Status, Successfully Completed, Status, Successfully Completed, Status, Successfully Completed, Status, Successfully Completed, Status, Successfully Completed, Status, Successfully Completed, Status, Successfully Completed, Status, Successfully Completed, Status, Successfully Completed, Status, Successfully Completed, Status, Successfully Completed, Status, Successfully Completed, Status, Successfully Completed, Status, Successfully Completed, Status, Successfully Completed, Status, Successfully Completed, Status, Successfully Completed, Status, Successfully Completed]
[neelback4more@gmail.com, Subho1991*, Status, Successfully Completed, Status, Successfully Completed, Status, Successfully Completed, Status, Successfully Completed, Status, Successfully Completed, Status, Successfully Completed, Status, Successfully Completed, Status, Successfully Completed, Status, Successfully Completed, Status, Successfully Completed, Status, Successfully Completed, Status, Successfully Completed, Status, Successfully Completed, Status, Successfully Completed, Status, Successfully Completed, Status, Successfully Completed, Status, Successfully Completed, Status, Successfully Completed, Status, Successfully Completed, Status, Successfully Completed, Status, Successfully Completed, Status, Successfully Completed, Status, Successfully Completed, Status, Successfully Completed, Status, Successfully Completed, Status, Successfully Completed, Status, Successfully Completed, Status, Successfully Completed, Status, Successfully Completed, Status, Successfully Completed, Status, Successfully Completed, Status, Successfully Completed, Status, Successfully Completed, Status, Successfully Completed, Status, Successfully Completed, Status, Successfully Completed, Status, Successfully Completed, Status, Successfully Completed, Status, Successfully Completed, Status, Successfully Completed, Status, Successfully Completed, Status, Successfully Completed, Status, Successfully Completed, Status, Successfully Completed, Status, Successfully Completed, Status, Successfully Completed, Status, Successfully Completed, Status, Successfully Completed, Status, Successfully Completed, Status, Successfully Completed, Status, Successfully Completed, Status, Successfully Completed, Status, Successfully Completed, Status]
[neelback4more@gmail.com, Subho1991*, Status, Successfully Completed, Status, Successfully Completed, Status, Successfully Completed, Status, Successfully Completed, Status, Successfully Completed, Status, Successfully Completed, Status, Successfully Completed, Status, Successfully Completed, Status, Successfully Completed, Status, Successfully Completed, Status, Successfully Completed, Status, Successfully Completed, Status, Successfully Completed, Status, Successfully Completed, Status, Successfully Completed, Status, Successfully Completed, Status, Successfully Completed, Status, Successfully Completed, Status, Successfully Completed, Status, Successfully Completed, Status, Successfully Completed, Status, Successfully Completed, Status, Successfully Completed, Status, Successfully Completed, Status, Successfully Completed, Status, Successfully Completed, Status, Successfully Completed, Status, Successfully Completed, Status, Successfully Completed, Status, Successfully Completed, Status, Successfully Completed, Status, Successfully Completed, Status, Successfully Completed, Status, Successfully Completed, Status, Successfully Completed, Status, Successfully Completed, Status, Successfully Completed, Status, Successfully Completed, Status, Successfully Completed, Status, Successfully Completed, Status, Successfully Completed, Status, Successfully Completed, Status, Successfully Completed, Status, Successfully Completed, Status, Successfully Completed, Status, Successfully Completed, Status, Successfully Completed, Status, Successfully Completed, Status, Successfully Completed, Status, Successfully Completed, Status, Successfully Completed, Status, Successfully Completed, Status, Successfully Completed, Status, Successfully Completed]
[neelback4more@gmail.com, Subho1991*, Status, Successfully Completed, Status, Successfully Completed, Status, Successfully Completed, Status, Successfully Completed, Status, Successfully Completed, Status, Successfully Completed, Status, Successfully Completed, Status, Successfully Completed, Status, Successfully Completed, Status, Successfully Completed, Status, Successfully Completed, Status, Successfully Completed, Status, Successfully Completed, Status, Successfully Completed, Status, Successfully Completed, Status, Successfully Completed, Status, Successfully Completed, Status, Successfully Completed, Status, Successfully Completed, Status, Successfully Completed, Status, Successfully Completed, Status, Successfully Completed, Status, Successfully Completed, Status, Successfully Completed, Status, Successfully Completed, Status, Successfully Completed, Status, Successfully Completed, Status, Successfully Completed, Status, Successfully Completed, Status, Successfully Completed, Status, Successfully Completed, Status, Successfully Completed, Status, Successfully Completed, Status, Successfully Completed, Status, Successfully Completed, Status, Successfully Completed, Status, Successfully Completed, Status, Successfully Completed, Status, Successfully Completed, Status, Successfully Completed, Status, Successfully Completed, Status, Successfully Completed, Status, Successfully Completed, Status, Successfully Completed, Status, Successfully Completed, Status, Successfully Completed, Status, Successfully Completed, Status, Successfully Completed, Status, Successfully Completed, Status, Successfully Completed, Status, Successfully Completed, Status, Successfully Completed, Status, Successfully Completed, Status, Successfully Completed, Status]
[neelback4more@gmail.com, Subho1991*, Status, Successfully Completed, Status, Successfully Completed, Status, Successfully Completed, Status, Successfully Completed, Status, Successfully Completed, Status, Successfully Completed, Status, Successfully Completed, Status, Successfully Completed, Status, Successfully Completed, Status, Successfully Completed, Status, Successfully Completed, Status, Successfully Completed, Status, Successfully Completed, Status, Successfully Completed, Status, Successfully Completed, Status, Successfully Completed, Status, Successfully Completed, Status, Successfully Completed, Status, Successfully Completed, Status, Successfully Completed, Status, Successfully Completed, Status, Successfully Completed, Status, Successfully Completed, Status, Successfully Completed, Status, Successfully Completed, Status, Successfully Completed, Status, Successfully Completed, Status, Successfully Completed, Status, Successfully Completed, Status, Successfully Completed, Status, Successfully Completed, Status, Successfully Completed, Status, Successfully Completed, Status, Successfully Completed, Status, Successfully Completed, Status, Successfully Completed, Status, Successfully Completed, Status, Successfully Completed, Status, Successfully Completed, Status, Successfully Completed, Status, Successfully Completed, Status, Successfully Completed, Status, Successfully Completed, Status, Successfully Completed, Status, Successfully Completed, Status, Successfully Completed, Status, Successfully Completed, Status, Successfully Completed, Status, Successfully Completed, Status, Successfully Completed, Status, Successfully Completed, Status, Successfully Completed, Status, Successfully Completed, Status, Successfully Completed, Status, Successfully Completed]
[neelback4more@gmail.com, Subho1991*, Status, Successfully Completed, Status, Successfully Completed, Status, Successfully Completed, Status, Successfully Completed, Status, Successfully Completed, Status, Successfully Completed, Status, Successfully Completed, Status, Successfully Completed, Status, Successfully Completed, Status, Successfully Completed, Status, Successfully Completed, Status, Successfully Completed, Status, Successfully Completed, Status, Successfully Completed, Status, Successfully Completed, Status, Successfully Completed, Status, Successfully Completed, Status, Successfully Completed, Status, Successfully Completed, Status, Successfully Completed, Status, Successfully Completed, Status, Successfully Completed, Status, Successfully Completed, Status, Successfully Completed, Status, Successfully Completed, Status, Successfully Completed, Status, Successfully Completed, Status, Successfully Completed, Status, Successfully Completed, Status, Successfully Completed, Status, Successfully Completed, Status, Successfully Completed, Status, Successfully Completed, Status, Successfully Completed, Status, Successfully Completed, Status, Successfully Completed, Status, Successfully Completed, Status, Successfully Completed, Status, Successfully Completed, Status, Successfully Completed, Status, Successfully Completed, Status, Successfully Completed, Status, Successfully Completed, Status, Successfully Completed, Status, Successfully Completed, Status, Successfully Completed, Status, Successfully Completed, Status, Successfully Completed, Status, Successfully Completed, Status, Successfully Completed, Status, Successfully Completed, Status, Successfully Completed, Status, Successfully Completed, Status, Successfully Completed, Status, Successfully Completed, Status]
[neelback4more@gmail.com, Subho1991*, Status, Successfully Completed, Status, Successfully Completed, Status, Successfully Completed, Status, Successfully Completed, Status, Successfully Completed, Status, Successfully Completed, Status, Successfully Completed, Status, Successfully Completed, Status, Successfully Completed, Status, Successfully Completed, Status, Successfully Completed, Status, Successfully Completed, Status, Successfully Completed, Status, Successfully Completed, Status, Successfully Completed, Status, Successfully Completed, Status, Successfully Completed, Status, Successfully Completed, Status, Successfully Completed, Status, Successfully Completed, Status, Successfully Completed, Status, Successfully Completed, Status, Successfully Completed, Status, Successfully Completed, Status, Successfully Completed, Status, Successfully Completed, Status, Successfully Completed, Status, Successfully Completed, Status, Successfully Completed, Status, Successfully Completed, Status, Successfully Completed, Status, Successfully Completed, Status, Successfully Completed, Status, Successfully Completed, Status, Successfully Completed, Status, Successfully Completed, Status, Successfully Completed, Status, Successfully Completed, Status, Successfully Completed, Status, Successfully Completed, Status, Successfully Completed, Status, Successfully Completed, Status, Successfully Completed, Status, Successfully Completed, Status, Successfully Completed, Status, Successfully Completed, Status, Successfully Completed, Status, Successfully Completed, Status, Successfully Completed, Status, Successfully Completed, Status, Successfully Completed, Status, Successfully Completed, Status, Successfully Completed, Status, Successfully Completed, Status, Successfully Completed, Status, Successfully Completed]
[neelback4more@gmail.com, Subho1991*, Status, Successfully Completed, Status, Successfully Completed, Status, Successfully Completed, Status, Successfully Completed, Status, Successfully Completed, Status, Successfully Completed, Status, Successfully Completed, Status, Successfully Completed, Status, Successfully Completed, Status, Successfully Completed, Status, Successfully Completed, Status, Successfully Completed, Status, Successfully Completed, Status, Successfully Completed, Status, Successfully Completed, Status, Successfully Completed, Status, Successfully Completed, Status, Successfully Completed, Status, Successfully Completed, Status, Successfully Completed, Status, Successfully Completed, Status, Successfully Completed, Status, Successfully Completed, Status, Successfully Completed, Status, Successfully Completed, Status, Successfully Completed, Status, Successfully Completed, Status, Successfully Completed, Status, Successfully Completed, Status, Successfully Completed, Status, Successfully Completed, Status, Successfully Completed, Status, Successfully Completed, Status, Successfully Completed, Status, Successfully Completed, Status, Successfully Completed, Status, Successfully Completed, Status, Successfully Completed, Status, Successfully Completed, Status, Successfully Completed, Status, Successfully Completed, Status, Successfully Completed, Status, Successfully Completed, Status, Successfully Completed, Status, Successfully Completed, Status, Successfully Completed, Status, Successfully Completed, Status, Successfully Completed, Status, Successfully Completed, Status, Successfully Completed, Status, Successfully Completed, Status, Successfully Completed, Status, Successfully Completed, Status, Successfully Completed, Status, Successfully Completed, Status, Successfully Completed, Status]
[neelback4more@gmail.com, Subho1991*, Status, Successfully Completed, Status, Successfully Completed, Status, Successfully Completed, Status, Successfully Completed, Status, Successfully Completed, Status, Successfully Completed, Status, Successfully Completed, Status, Successfully Completed, Status, Successfully Completed, Status, Successfully Completed, Status, Successfully Completed, Status, Successfully Completed, Status, Successfully Completed, Status, Successfully Completed, Status, Successfully Completed, Status, Successfully Completed, Status, Successfully Completed, Status, Successfully Completed, Status, Successfully Completed, Status, Successfully Completed, Status, Successfully Completed, Status, Successfully Completed, Status, Successfully Completed, Status, Successfully Completed, Status, Successfully Completed, Status, Successfully Completed, Status, Successfully Completed, Status, Successfully Completed, Status, Successfully Completed, Status, Successfully Completed, Status, Successfully Completed, Status, Successfully Completed, Status, Successfully Completed, Status, Successfully Completed, Status, Successfully Completed, Status, Successfully Completed, Status, Successfully Completed, Status, Successfully Completed, Status, Successfully Completed, Status, Successfully Completed, Status, Successfully Completed, Status, Successfully Completed, Status, Successfully Completed, Status, Successfully Completed, Status, Successfully Completed, Status, Successfully Completed, Status, Successfully Completed, Status, Successfully Completed, Status, Successfully Completed, Status, Successfully Completed, Status, Successfully Completed, Status, Successfully Completed, Status, Successfully Completed, Status, Successfully Completed, Status, Successfully Completed, Status, Successfully Completed, Status, Successfully Completed]
[neelback4more@gmail.com, Subho1991*, Status, Successfully Completed, Status, Successfully Completed, Status, Successfully Completed, Status, Successfully Completed, Status, Successfully Completed, Status, Successfully Completed, Status, Successfully Completed, Status, Successfully Completed, Status, Successfully Completed, Status, Successfully Completed, Status, Successfully Completed, Status, Successfully Completed, Status, Successfully Completed, Status, Successfully Completed, Status, Successfully Completed, Status, Successfully Completed, Status, Successfully Completed, Status, Successfully Completed, Status, Successfully Completed, Status, Successfully Completed, Status, Successfully Completed, Status, Successfully Completed, Status, Successfully Completed, Status, Successfully Completed, Status, Successfully Completed, Status, Successfully Completed, Status, Successfully Completed, Status, Successfully Completed, Status, Successfully Completed, Status, Successfully Completed, Status, Successfully Completed, Status, Successfully Completed, Status, Successfully Completed, Status, Successfully Completed, Status, Successfully Completed, Status, Successfully Completed, Status, Successfully Completed, Status, Successfully Completed, Status, Successfully Completed, Status, Successfully Completed, Status, Successfully Completed, Status, Successfully Completed, Status, Successfully Completed, Status, Successfully Completed, Status, Successfully Completed, Status, Successfully Completed, Status, Successfully Completed, Status, Successfully Completed, Status, Successfully Completed, Status, Successfully Completed, Status, Successfully Completed, Status, Successfully Completed, Status, Successfully Completed, Status, Successfully Completed, Status, Successfully Completed, Status, Successfully Completed, Status, Successfully Completed, Status]
[neelback4more@gmail.com, Subho1991*, Status, Successfully Completed, Status, Successfully Completed, Status, Successfully Completed, Status, Successfully Completed, Status, Successfully Completed, Status, Successfully Completed, Status, Successfully Completed, Status, Successfully Completed, Status, Successfully Completed, Status, Successfully Completed, Status, Successfully Completed, Status, Successfully Completed, Status, Successfully Completed, Status, Successfully Completed, Status, Successfully Completed, Status, Successfully Completed, Status, Successfully Completed, Status, Successfully Completed, Status, Successfully Completed, Status, Successfully Completed, Status, Successfully Completed, Status, Successfully Completed, Status, Successfully Completed, Status, Successfully Completed, Status, Successfully Completed, Status, Successfully Completed, Status, Successfully Completed, Status, Successfully Completed, Status, Successfully Completed, Status, Successfully Completed, Status, Successfully Completed, Status, Successfully Completed, Status, Successfully Completed, Status, Successfully Completed, Status, Successfully Completed, Status, Successfully Completed, Status, Successfully Completed, Status, Successfully Completed, Status, Successfully Completed, Status, Successfully Completed, Status, Successfully Completed, Status, Successfully Completed, Status, Successfully Completed, Status, Successfully Completed, Status, Successfully Completed, Status, Successfully Completed, Status, Successfully Completed, Status, Successfully Completed, Status, Successfully Completed, Status, Successfully Completed, Status, Successfully Completed, Status, Successfully Completed, Status, Successfully Completed, Status, Successfully Completed, Status, Successfully Completed, Status, Successfully Completed, Status, Successfully Completed, Status, Successfully Completed]
[neelback4more@gmail.com, Subho1991*, Status, Successfully Completed, Status, Successfully Completed, Status, Successfully Completed, Status, Successfully Completed, Status, Successfully Completed, Status, Successfully Completed, Status, Successfully Completed, Status, Successfully Completed, Status, Successfully Completed, Status, Successfully Completed, Status, Successfully Completed, Status, Successfully Completed, Status, Successfully Completed, Status, Successfully Completed, Status, Successfully Completed, Status, Successfully Completed, Status, Successfully Completed, Status, Successfully Completed, Status, Successfully Completed, Status, Successfully Completed, Status, Successfully Completed, Status, Successfully Completed, Status, Successfully Completed, Status, Successfully Completed, Status, Successfully Completed, Status, Successfully Completed, Status, Successfully Completed, Status, Successfully Completed, Status, Successfully Completed, Status, Successfully Completed, Status, Successfully Completed, Status, Successfully Completed, Status, Successfully Completed, Status, Successfully Completed, Status, Successfully Completed, Status, Successfully Completed, Status, Successfully Completed, Status, Successfully Completed, Status, Successfully Completed, Status, Successfully Completed, Status, Successfully Completed, Status, Successfully Completed, Status, Successfully Completed, Status, Successfully Completed, Status, Successfully Completed, Status, Successfully Completed, Status, Successfully Completed, Status, Successfully Completed, Status, Successfully Completed, Status, Successfully Completed, Status, Successfully Completed, Status, Successfully Completed, Status, Successfully Completed, Status, Successfully Completed, Status, Successfully Completed, Status, Successfully Completed, Status, Successfully Completed, Status, Successfully Completed, Status]
[neelback4more@gmail.com, Subho1991*, Status, Successfully Completed, Status, Successfully Completed, Status, Successfully Completed, Status, Successfully Completed, Status, Successfully Completed, Status, Successfully Completed, Status, Successfully Completed, Status, Successfully Completed, Status, Successfully Completed, Status, Successfully Completed, Status, Successfully Completed, Status, Successfully Completed, Status, Successfully Completed, Status, Successfully Completed, Status, Successfully Completed, Status, Successfully Completed, Status, Successfully Completed, Status, Successfully Completed, Status, Successfully Completed, Status, Successfully Completed, Status, Successfully Completed, Status, Successfully Completed, Status, Successfully Completed, Status, Successfully Completed, Status, Successfully Completed, Status, Successfully Completed, Status, Successfully Completed, Status, Successfully Completed, Status, Successfully Completed, Status, Successfully Completed, Status, Successfully Completed, Status, Successfully Completed, Status, Successfully Completed, Status, Successfully Completed, Status, Successfully Completed, Status, Successfully Completed, Status, Successfully Completed, Status, Successfully Completed, Status, Successfully Completed, Status, Successfully Completed, Status, Successfully Completed, Status, Successfully Completed, Status, Successfully Completed, Status, Successfully Completed, Status, Successfully Completed, Status, Successfully Completed, Status, Successfully Completed, Status, Successfully Completed, Status, Successfully Completed, Status, Successfully Completed, Status, Successfully Completed, Status, Successfully Completed, Status, Successfully Completed, Status, Successfully Completed, Status, Successfully Completed, Status, Successfully Completed, Status, Successfully Completed, Status, Successfully Completed, Status, Successfully Completed]
[neelback4more@gmail.com, Subho1991*, Status, Successfully Completed, Status, Successfully Completed, Status, Successfully Completed, Status, Successfully Completed, Status, Successfully Completed, Status, Successfully Completed, Status, Successfully Completed, Status, Successfully Completed, Status, Successfully Completed, Status, Successfully Completed, Status, Successfully Completed, Status, Successfully Completed, Status, Successfully Completed, Status, Successfully Completed, Status, Successfully Completed, Status, Successfully Completed, Status, Successfully Completed, Status, Successfully Completed, Status, Successfully Completed, Status, Successfully Completed, Status, Successfully Completed, Status, Successfully Completed, Status, Successfully Completed, Status, Successfully Completed, Status, Successfully Completed, Status, Successfully Completed, Status, Successfully Completed, Status, Successfully Completed, Status, Successfully Completed, Status, Successfully Completed, Status, Successfully Completed, Status, Successfully Completed, Status, Successfully Completed, Status, Successfully Completed, Status, Successfully Completed, Status, Successfully Completed, Status, Successfully Completed, Status, Successfully Completed, Status, Successfully Completed, Status, Successfully Completed, Status, Successfully Completed, Status, Successfully Completed, Status, Successfully Completed, Status, Successfully Completed, Status, Successfully Completed, Status, Successfully Completed, Status, Successfully Completed, Status, Successfully Completed, Status, Successfully Completed, Status, Successfully Completed, Status, Successfully Completed, Status, Successfully Completed, Status, Successfully Completed, Status, Successfully Completed, Status, Successfully Completed, Status, Successfully Completed, Status, Successfully Completed, Status, Successfully Completed, Status, Successfully Completed, Status]
[neelback4more@gmail.com, Subho1991*, Status, Successfully Completed, Status, Successfully Completed, Status, Successfully Completed, Status, Successfully Completed, Status, Successfully Completed, Status, Successfully Completed, Status, Successfully Completed, Status, Successfully Completed, Status, Successfully Completed, Status, Successfully Completed, Status, Successfully Completed, Status, Successfully Completed, Status, Successfully Completed, Status, Successfully Completed, Status, Successfully Completed, Status, Successfully Completed, Status, Successfully Completed, Status, Successfully Completed, Status, Successfully Completed, Status, Successfully Completed, Status, Successfully Completed, Status, Successfully Completed, Status, Successfully Completed, Status, Successfully Completed, Status, Successfully Completed, Status, Successfully Completed, Status, Successfully Completed, Status, Successfully Completed, Status, Successfully Completed, Status, Successfully Completed, Status, Successfully Completed, Status, Successfully Completed, Status, Successfully Completed, Status, Successfully Completed, Status, Successfully Completed, Status, Successfully Completed, Status, Successfully Completed, Status, Successfully Completed, Status, Successfully Completed, Status, Successfully Completed, Status, Successfully Completed, Status, Successfully Completed, Status, Successfully Completed, Status, Successfully Completed, Status, Successfully Completed, Status, Successfully Completed, Status, Successfully Completed, Status, Successfully Completed, Status, Successfully Completed, Status, Successfully Completed, Status, Successfully Completed, Status, Successfully Completed, Status, Successfully Completed, Status, Successfully Completed, Status, Successfully Completed, Status, Successfully Completed, Status, Successfully Completed, Status, Successfully Completed, Status, Successfully Completed, Status, Successfully Completed]
[neelback4more@gmail.com, Subho1991*, Status, Successfully Completed, Status, Successfully Completed, Status, Successfully Completed, Status, Successfully Completed, Status, Successfully Completed, Status, Successfully Completed, Status, Successfully Completed, Status, Successfully Completed, Status, Successfully Completed, Status, Successfully Completed, Status, Successfully Completed, Status, Successfully Completed, Status, Successfully Completed, Status, Successfully Completed, Status, Successfully Completed, Status, Successfully Completed, Status, Successfully Completed, Status, Successfully Completed, Status, Successfully Completed, Status, Successfully Completed, Status, Successfully Completed, Status, Successfully Completed, Status, Successfully Completed, Status, Successfully Completed, Status, Successfully Completed, Status, Successfully Completed, Status, Successfully Completed, Status, Successfully Completed, Status, Successfully Completed, Status, Successfully Completed, Status, Successfully Completed, Status, Successfully Completed, Status, Successfully Completed, Status, Successfully Completed, Status, Successfully Completed, Status, Successfully Completed, Status, Successfully Completed, Status, Successfully Completed, Status, Successfully Completed, Status, Successfully Completed, Status, Successfully Completed, Status, Successfully Completed, Status, Successfully Completed, Status, Successfully Completed, Status, Successfully Completed, Status, Successfully Completed, Status, Successfully Completed, Status, Successfully Completed, Status, Successfully Completed, Status, Successfully Completed, Status, Successfully Completed, Status, Successfully Completed, Status, Successfully Completed, Status, Successfully Completed, Status, Successfully Completed, Status, Successfully Completed, Status, Successfully Completed, Status, Successfully Completed, Status, Successfully Completed, Status, Successfully Completed, Status]
[neelback4more@gmail.com, Subho1991*, Status, Successfully Completed, Status, Successfully Completed, Status, Successfully Completed, Status, Successfully Completed, Status, Successfully Completed, Status, Successfully Completed, Status, Successfully Completed, Status, Successfully Completed, Status, Successfully Completed, Status, Successfully Completed, Status, Successfully Completed, Status, Successfully Completed, Status, Successfully Completed, Status, Successfully Completed, Status, Successfully Completed, Status, Successfully Completed, Status, Successfully Completed, Status, Successfully Completed, Status, Successfully Completed, Status, Successfully Completed, Status, Successfully Completed, Status, Successfully Completed, Status, Successfully Completed, Status, Successfully Completed, Status, Successfully Completed, Status, Successfully Completed, Status, Successfully Completed, Status, Successfully Completed, Status, Successfully Completed, Status, Successfully Completed, Status, Successfully Completed, Status, Successfully Completed, Status, Successfully Completed, Status, Successfully Completed, Status, Successfully Completed, Status, Successfully Completed, Status, Successfully Completed, Status, Successfully Completed, Status, Successfully Completed, Status, Successfully Completed, Status, Successfully Completed, Status, Successfully Completed, Status, Successfully Completed, Status, Successfully Completed, Status, Successfully Completed, Status, Successfully Completed, Status, Successfully Completed, Status, Successfully Completed, Status, Successfully Completed, Status, Successfully Completed, Status, Successfully Completed, Status, Successfully Completed, Status, Successfully Completed, Status, Successfully Completed, Status, Successfully Completed, Status, Successfully Completed, Status, Successfully Completed, Status, Successfully Completed, Status, Successfully Completed, Status, Successfully Completed, Status, Successfully Completed]
[neelback4more@gmail.com, Subho1991*, Status, Successfully Completed, Status, Successfully Completed, Status, Successfully Completed, Status, Successfully Completed, Status, Successfully Completed, Status, Successfully Completed, Status, Successfully Completed, Status, Successfully Completed, Status, Successfully Completed, Status, Successfully Completed, Status, Successfully Completed, Status, Successfully Completed, Status, Successfully Completed, Status, Successfully Completed, Status, Successfully Completed, Status, Successfully Completed, Status, Successfully Completed, Status, Successfully Completed, Status, Successfully Completed, Status, Successfully Completed, Status, Successfully Completed, Status, Successfully Completed, Status, Successfully Completed, Status, Successfully Completed, Status, Successfully Completed, Status, Successfully Completed, Status, Successfully Completed, Status, Successfully Completed, Status, Successfully Completed, Status, Successfully Completed, Status, Successfully Completed, Status, Successfully Completed, Status, Successfully Completed, Status, Successfully Completed, Status, Successfully Completed, Status, Successfully Completed, Status, Successfully Completed, Status, Successfully Completed, Status, Successfully Completed, Status, Successfully Completed, Status, Successfully Completed, Status, Successfully Completed, Status, Successfully Completed, Status, Successfully Completed, Status, Successfully Completed, Status, Successfully Completed, Status, Successfully Completed, Status, Successfully Completed, Status, Successfully Completed, Status, Successfully Completed, Status, Successfully Completed, Status, Successfully Completed, Status, Successfully Completed, Status, Successfully Completed, Status, Successfully Completed, Status, Successfully Completed, Status, Successfully Completed, Status, Successfully Completed, Status, Successfully Completed, Status, Successfully Completed, Status, Successfully Completed, Status]
[neelback4more@gmail.com, Subho1991*, Status, Successfully Completed, Status, Successfully Completed, Status, Successfully Completed, Status, Successfully Completed, Status, Successfully Completed, Status, Successfully Completed, Status, Successfully Completed, Status, Successfully Completed, Status, Successfully Completed, Status, Successfully Completed, Status, Successfully Completed, Status, Successfully Completed, Status, Successfully Completed, Status, Successfully Completed, Status, Successfully Completed, Status, Successfully Completed, Status, Successfully Completed, Status, Successfully Completed, Status, Successfully Completed, Status, Successfully Completed, Status, Successfully Completed, Status, Successfully Completed, Status, Successfully Completed, Status, Successfully Completed, Status, Successfully Completed, Status, Successfully Completed, Status, Successfully Completed, Status, Successfully Completed, Status, Successfully Completed, Status, Successfully Completed, Status, Successfully Completed, Status, Successfully Completed, Status, Successfully Completed, Status, Successfully Completed, Status, Successfully Completed, Status, Successfully Completed, Status, Successfully Completed, Status, Successfully Completed, Status, Successfully Completed, Status, Successfully Completed, Status, Successfully Completed, Status, Successfully Completed, Status, Successfully Completed, Status, Successfully Completed, Status, Successfully Completed, Status, Successfully Completed, Status, Successfully Completed, Status, Successfully Completed, Status, Successfully Completed, Status, Successfully Completed, Status, Successfully Completed, Status, Successfully Completed, Status, Successfully Completed, Status, Successfully Completed, Status, Successfully Completed, Status, Successfully Completed, Status, Successfully Completed, Status, Successfully Completed, Status, Successfully Completed, Status, Successfully Completed, Status, Successfully Completed, Status, Successfully Completed]
[neelback4more@gmail.com, Subho1991*, Status, Successfully Completed, Status, Successfully Completed, Status, Successfully Completed, Status, Successfully Completed, Status, Successfully Completed, Status, Successfully Completed, Status, Successfully Completed, Status, Successfully Completed, Status, Successfully Completed, Status, Successfully Completed, Status, Successfully Completed, Status, Successfully Completed, Status, Successfully Completed, Status, Successfully Completed, Status, Successfully Completed, Status, Successfully Completed, Status, Successfully Completed, Status, Successfully Completed, Status, Successfully Completed, Status, Successfully Completed, Status, Successfully Completed, Status, Successfully Completed, Status, Successfully Completed, Status, Successfully Completed, Status, Successfully Completed, Status, Successfully Completed, Status, Successfully Completed, Status, Successfully Completed, Status, Successfully Completed, Status, Successfully Completed, Status, Successfully Completed, Status, Successfully Completed, Status, Successfully Completed, Status, Successfully Completed, Status, Successfully Completed, Status, Successfully Completed, Status, Successfully Completed, Status, Successfully Completed, Status, Successfully Completed, Status, Successfully Completed, Status, Successfully Completed, Status, Successfully Completed, Status, Successfully Completed, Status, Successfully Completed, Status, Successfully Completed, Status, Successfully Completed, Status, Successfully Completed, Status, Successfully Completed, Status, Successfully Completed, Status, Successfully Completed, Status, Successfully Completed, Status, Successfully Completed, Status, Successfully Completed, Status, Successfully Completed, Status, Successfully Completed, Status, Successfully Completed, Status, Successfully Completed, Status, Successfully Completed, Status, Successfully Completed, Status, Successfully Completed, Status, Successfully Completed, Status, Successfully Completed, Status]
[neelback4more@gmail.com, Subho1991*, Status, Successfully Completed, Status, Successfully Completed, Status, Successfully Completed, Status, Successfully Completed, Status, Successfully Completed, Status, Successfully Completed, Status, Successfully Completed, Status, Successfully Completed, Status, Successfully Completed, Status, Successfully Completed, Status, Successfully Completed, Status, Successfully Completed, Status, Successfully Completed, Status, Successfully Completed, Status, Successfully Completed, Status, Successfully Completed, Status, Successfully Completed, Status, Successfully Completed, Status, Successfully Completed, Status, Successfully Completed, Status, Successfully Completed, Status, Successfully Completed, Status, Successfully Completed, Status, Successfully Completed, Status, Successfully Completed, Status, Successfully Completed, Status, Successfully Completed, Status, Successfully Completed, Status, Successfully Completed, Status, Successfully Completed, Status, Successfully Completed, Status, Successfully Completed, Status, Successfully Completed, Status, Successfully Completed, Status, Successfully Completed, Status, Successfully Completed, Status, Successfully Completed, Status, Successfully Completed, Status, Successfully Completed, Status, Successfully Completed, Status, Successfully Completed, Status, Successfully Completed, Status, Successfully Completed, Status, Successfully Completed, Status, Successfully Completed, Status, Successfully Completed, Status, Successfully Completed, Status, Successfully Completed, Status, Successfully Completed, Status, Successfully Completed, Status, Successfully Completed, Status, Successfully Completed, Status, Successfully Completed, Status, Successfully Completed, Status, Successfully Completed, Status, Successfully Completed, Status, Successfully Completed, Status, Successfully Completed, Status, Successfully Completed, Status, Successfully Completed, Status, Successfully Completed, Status, Successfully Completed, Status, Successfully Completed]
[neelback4more@gmail.com, Subho1991*, Status, Successfully Completed, Status, Successfully Completed, Status, Successfully Completed, Status, Successfully Completed, Status, Successfully Completed, Status, Successfully Completed, Status, Successfully Completed, Status, Successfully Completed, Status, Successfully Completed, Status, Successfully Completed, Status, Successfully Completed, Status, Successfully Completed, Status, Successfully Completed, Status, Successfully Completed, Status, Successfully Completed, Status, Successfully Completed, Status, Successfully Completed, Status, Successfully Completed, Status, Successfully Completed, Status, Successfully Completed, Status, Successfully Completed, Status, Successfully Completed, Status, Successfully Completed, Status, Successfully Completed, Status, Successfully Completed, Status, Successfully Completed, Status, Successfully Completed, Status, Successfully Completed, Status, Successfully Completed, Status, Successfully Completed, Status, Successfully Completed, Status, Successfully Completed, Status, Successfully Completed, Status, Successfully Completed, Status, Successfully Completed, Status, Successfully Completed, Status, Successfully Completed, Status, Successfully Completed, Status, Successfully Completed, Status, Successfully Completed, Status, Successfully Completed, Status, Successfully Completed, Status, Successfully Completed, Status, Successfully Completed, Status, Successfully Completed, Status, Successfully Completed, Status, Successfully Completed, Status, Successfully Completed, Status, Successfully Completed, Status, Successfully Completed, Status, Successfully Completed, Status, Successfully Completed, Status, Successfully Completed, Status, Successfully Completed, Status, Successfully Completed, Status, Successfully Completed, Status, Successfully Completed, Status, Successfully Completed, Status, Successfully Completed, Status, Successfully Completed, Status, Successfully Completed, Status, Successfully Completed, Status, Successfully Completed, Status]
[neelback4more@gmail.com, Subho1991*, Status, Successfully Completed, Status, Successfully Completed, Status, Successfully Completed, Status, Successfully Completed, Status, Successfully Completed, Status, Successfully Completed, Status, Successfully Completed, Status, Successfully Completed, Status, Successfully Completed, Status, Successfully Completed, Status, Successfully Completed, Status, Successfully Completed, Status, Successfully Completed, Status, Successfully Completed, Status, Successfully Completed, Status, Successfully Completed, Status, Successfully Completed, Status, Successfully Completed, Status, Successfully Completed, Status, Successfully Completed, Status, Successfully Completed, Status, Successfully Completed, Status, Successfully Completed, Status, Successfully Completed, Status, Successfully Completed, Status, Successfully Completed, Status, Successfully Completed, Status, Successfully Completed, Status, Successfully Completed, Status, Successfully Completed, Status, Successfully Completed, Status, Successfully Completed, Status, Successfully Completed, Status, Successfully Completed, Status, Successfully Completed, Status, Successfully Completed, Status, Successfully Completed, Status, Successfully Completed, Status, Successfully Completed, Status, Successfully Completed, Status, Successfully Completed, Status, Successfully Completed, Status, Successfully Completed, Status, Successfully Completed, Status, Successfully Completed, Status, Successfully Completed, Status, Successfully Completed, Status, Successfully Completed, Status, Successfully Completed, Status, Successfully Completed, Status, Successfully Completed, Status, Successfully Completed, Status, Successfully Completed, Status, Successfully Completed, Status, Successfully Completed, Status, Successfully Completed, Status, Successfully Completed, Status, Successfully Completed, Status, Successfully Completed, Status, Successfully Completed, Status, Successfully Completed, Status, Successfully Completed, Status, Successfully Completed, Status, Successfully Completed]
[neelback4more@gmail.com, Subho1991*, Status, Successfully Completed, Status, Successfully Completed, Status, Successfully Completed, Status, Successfully Completed, Status, Successfully Completed, Status, Successfully Completed, Status, Successfully Completed, Status, Successfully Completed, Status, Successfully Completed, Status, Successfully Completed, Status, Successfully Completed, Status, Successfully Completed, Status, Successfully Completed, Status, Successfully Completed, Status, Successfully Completed, Status, Successfully Completed, Status, Successfully Completed, Status, Successfully Completed, Status, Successfully Completed, Status, Successfully Completed, Status, Successfully Completed, Status, Successfully Completed, Status, Successfully Completed, Status, Successfully Completed, Status, Successfully Completed, Status, Successfully Completed, Status, Successfully Completed, Status, Successfully Completed, Status, Successfully Completed, Status, Successfully Completed, Status, Successfully Completed, Status, Successfully Completed, Status, Successfully Completed, Status, Successfully Completed, Status, Successfully Completed, Status, Successfully Completed, Status, Successfully Completed, Status, Successfully Completed, Status, Successfully Completed, Status, Successfully Completed, Status, Successfully Completed, Status, Successfully Completed, Status, Successfully Completed, Status, Successfully Completed, Status, Successfully Completed, Status, Successfully Completed, Status, Successfully Completed, Status, Successfully Completed, Status, Successfully Completed, Status, Successfully Completed, Status, Successfully Completed, Status, Successfully Completed, Status, Successfully Completed, Status, Successfully Completed, Status, Successfully Completed, Status, Successfully Completed, Status, Successfully Completed, Status, Successfully Completed, Status, Successfully Completed, Status, Successfully Completed, Status, Successfully Completed, Status, Successfully Completed, Status, Successfully Completed, Status, Successfully Completed, Status]
[neelback4more@gmail.com, Subho1991*, Status, Successfully Completed, Status, Successfully Completed, Status, Successfully Completed, Status, Successfully Completed, Status, Successfully Completed, Status, Successfully Completed, Status, Successfully Completed, Status, Successfully Completed, Status, Successfully Completed, Status, Successfully Completed, Status, Successfully Completed, Status, Successfully Completed, Status, Successfully Completed, Status, Successfully Completed, Status, Successfully Completed, Status, Successfully Completed, Status, Successfully Completed, Status, Successfully Completed, Status, Successfully Completed, Status, Successfully Completed, Status, Successfully Completed, Status, Successfully Completed, Status, Successfully Completed, Status, Successfully Completed, Status, Successfully Completed, Status, Successfully Completed, Status, Successfully Completed, Status, Successfully Completed, Status, Successfully Completed, Status, Successfully Completed, Status, Successfully Completed, Status, Successfully Completed, Status, Successfully Completed, Status, Successfully Completed, Status, Successfully Completed, Status, Successfully Completed, Status, Successfully Completed, Status, Successfully Completed, Status, Successfully Completed, Status, Successfully Completed, Status, Successfully Completed, Status, Successfully Completed, Status, Successfully Completed, Status, Successfully Completed, Status, Successfully Completed, Status, Successfully Completed, Status, Successfully Completed, Status, Successfully Completed, Status, Successfully Completed, Status, Successfully Completed, Status, Successfully Completed, Status, Successfully Completed, Status, Successfully Completed, Status, Successfully Completed, Status, Successfully Completed, Status, Successfully Completed, Status, Successfully Completed, Status, Successfully Completed, Status, Successfully Completed, Status, Successfully Completed, Status, Successfully Completed, Status, Successfully Completed, Status, Successfully Completed, Status, Successfully Completed, Status, Successfully Completed]
[neelback4more@gmail.com, Subho1991*, Status, Successfully Completed, Status, Successfully Completed, Status, Successfully Completed, Status, Successfully Completed, Status, Successfully Completed, Status, Successfully Completed, Status, Successfully Completed, Status, Successfully Completed, Status, Successfully Completed, Status, Successfully Completed, Status, Successfully Completed, Status, Successfully Completed, Status, Successfully Completed, Status, Successfully Completed, Status, Successfully Completed, Status, Successfully Completed, Status, Successfully Completed, Status, Successfully Completed, Status, Successfully Completed, Status, Successfully Completed, Status, Successfully Completed, Status, Successfully Completed, Status, Successfully Completed, Status, Successfully Completed, Status, Successfully Completed, Status, Successfully Completed, Status, Successfully Completed, Status, Successfully Completed, Status, Successfully Completed, Status, Successfully Completed, Status, Successfully Completed, Status, Successfully Completed, Status, Successfully Completed, Status, Successfully Completed, Status, Successfully Completed, Status, Successfully Completed, Status, Successfully Completed, Status, Successfully Completed, Status, Successfully Completed, Status, Successfully Completed, Status, Successfully Completed, Status, Successfully Completed, Status, Successfully Completed, Status, Successfully Completed, Status, Successfully Completed, Status, Successfully Completed, Status, Successfully Completed, Status, Successfully Completed, Status, Successfully Completed, Status, Successfully Completed, Status, Successfully Completed, Status, Successfully Completed, Status, Successfully Completed, Status, Successfully Completed, Status, Successfully Completed, Status, Successfully Completed, Status, Successfully Completed, Status, Successfully Completed, Status, Successfully Completed, Status, Successfully Completed, Status, Successfully Completed, Status, Successfully Completed, Status, Successfully Completed, Status, Successfully Completed, Status, Successfully Completed, Status]
[neelback4more@gmail.com, Subho1991*, Status, Successfully Completed, Status, Successfully Completed, Status, Successfully Completed, Status, Successfully Completed, Status, Successfully Completed, Status, Successfully Completed, Status, Successfully Completed, Status, Successfully Completed, Status, Successfully Completed, Status, Successfully Completed, Status, Successfully Completed, Status, Successfully Completed, Status, Successfully Completed, Status, Successfully Completed, Status, Successfully Completed, Status, Successfully Completed, Status, Successfully Completed, Status, Successfully Completed, Status, Successfully Completed, Status, Successfully Completed, Status, Successfully Completed, Status, Successfully Completed, Status, Successfully Completed, Status, Successfully Completed, Status, Successfully Completed, Status, Successfully Completed, Status, Successfully Completed, Status, Successfully Completed, Status, Successfully Completed, Status, Successfully Completed, Status, Successfully Completed, Status, Successfully Completed, Status, Successfully Completed, Status, Successfully Completed, Status, Successfully Completed, Status, Successfully Completed, Status, Successfully Completed, Status, Successfully Completed, Status, Successfully Completed, Status, Successfully Completed, Status, Successfully Completed, Status, Successfully Completed, Status, Successfully Completed, Status, Successfully Completed, Status, Successfully Completed, Status, Successfully Completed, Status, Successfully Completed, Status, Successfully Completed, Status, Successfully Completed, Status, Successfully Completed, Status, Successfully Completed, Status, Successfully Completed, Status, Successfully Completed, Status, Successfully Completed, Status, Successfully Completed, Status, Successfully Completed, Status, Successfully Completed, Status, Successfully Completed, Status, Successfully Completed, Status, Successfully Completed, Status, Successfully Completed, Status, Successfully Completed, Status, Successfully Completed, Status, Successfully Completed, Status, Successfully Completed, Status, Successfully Completed]
[neelback4more@gmail.com, Subho1991*, Status, Successfully Completed, Status, Successfully Completed, Status, Successfully Completed, Status, Successfully Completed, Status, Successfully Completed, Status, Successfully Completed, Status, Successfully Completed, Status, Successfully Completed, Status, Successfully Completed, Status, Successfully Completed, Status, Successfully Completed, Status, Successfully Completed, Status, Successfully Completed, Status, Successfully Completed, Status, Successfully Completed, Status, Successfully Completed, Status, Successfully Completed, Status, Successfully Completed, Status, Successfully Completed, Status, Successfully Completed, Status, Successfully Completed, Status, Successfully Completed, Status, Successfully Completed, Status, Successfully Completed, Status, Successfully Completed, Status, Successfully Completed, Status, Successfully Completed, Status, Successfully Completed, Status, Successfully Completed, Status, Successfully Completed, Status, Successfully Completed, Status, Successfully Completed, Status, Successfully Completed, Status, Successfully Completed, Status, Successfully Completed, Status, Successfully Completed, Status, Successfully Completed, Status, Successfully Completed, Status, Successfully Completed, Status, Successfully Completed, Status, Successfully Completed, Status, Successfully Completed, Status, Successfully Completed, Status, Successfully Completed, Status, Successfully Completed, Status, Successfully Completed, Status, Successfully Completed, Status, Successfully Completed, Status, Successfully Completed, Status, Successfully Completed, Status, Successfully Completed, Status, Successfully Completed, Status, Successfully Completed, Status, Successfully Completed, Status, Successfully Completed, Status, Successfully Completed, Status, Successfully Completed, Status, Successfully Completed, Status, Successfully Completed, Status, Successfully Completed, Status, Successfully Completed, Status, Successfully Completed, Status, Successfully Completed, Status, Successfully Completed, Status, Successfully Completed, Status, Successfully Completed, Status]
[neelback4more@gmail.com, Subho1991*, Status, Successfully Completed, Status, Successfully Completed, Status, Successfully Completed, Status, Successfully Completed, Status, Successfully Completed, Status, Successfully Completed, Status, Successfully Completed, Status, Successfully Completed, Status, Successfully Completed, Status, Successfully Completed, Status, Successfully Completed, Status, Successfully Completed, Status, Successfully Completed, Status, Successfully Completed, Status, Successfully Completed, Status, Successfully Completed, Status, Successfully Completed, Status, Successfully Completed, Status, Successfully Completed, Status, Successfully Completed, Status, Successfully Completed, Status, Successfully Completed, Status, Successfully Completed, Status, Successfully Completed, Status, Successfully Completed, Status, Successfully Completed, Status, Successfully Completed, Status, Successfully Completed, Status, Successfully Completed, Status, Successfully Completed, Status, Successfully Completed, Status, Successfully Completed, Status, Successfully Completed, Status, Successfully Completed, Status, Successfully Completed, Status, Successfully Completed, Status, Successfully Completed, Status, Successfully Completed, Status, Successfully Completed, Status, Successfully Completed, Status, Successfully Completed, Status, Successfully Completed, Status, Successfully Completed, Status, Successfully Completed, Status, Successfully Completed, Status, Successfully Completed, Status, Successfully Completed, Status, Successfully Completed, Status, Successfully Completed, Status, Successfully Completed, Status, Successfully Completed, Status, Successfully Completed, Status, Successfully Completed, Status, Successfully Completed, Status, Successfully Completed, Status, Successfully Completed, Status, Successfully Completed, Status, Successfully Completed, Status, Successfully Completed, Status, Successfully Completed, Status, Successfully Completed, Status, Successfully Completed, Status, Successfully Completed, Status, Successfully Completed, Status, Successfully Completed, Status, Successfully Completed, Status, Successfully Completed]
[neelback4more@gmail.com, Subho1991*, Status, Successfully Completed, Status, Successfully Completed, Status, Successfully Completed, Status, Successfully Completed, Status, Successfully Completed, Status, Successfully Completed, Status, Successfully Completed, Status, Successfully Completed, Status, Successfully Completed, Status, Successfully Completed, Status, Successfully Completed, Status, Successfully Completed, Status, Successfully Completed, Status, Successfully Completed, Status, Successfully Completed, Status, Successfully Completed, Status, Successfully Completed, Status, Successfully Completed, Status, Successfully Completed, Status, Successfully Completed, Status, Successfully Completed, Status, Successfully Completed, Status, Successfully Completed, Status, Successfully Completed, Status, Successfully Completed, Status, Successfully Completed, Status, Successfully Completed, Status, Successfully Completed, Status, Successfully Completed, Status, Successfully Completed, Status, Successfully Completed, Status, Successfully Completed, Status, Successfully Completed, Status, Successfully Completed, Status, Successfully Completed, Status, Successfully Completed, Status, Successfully Completed, Status, Successfully Completed, Status, Successfully Completed, Status, Successfully Completed, Status, Successfully Completed, Status, Successfully Completed, Status, Successfully Completed, Status, Successfully Completed, Status, Successfully Completed, Status, Successfully Completed, Status, Successfully Completed, Status, Successfully Completed, Status, Successfully Completed, Status, Successfully Completed, Status, Successfully Completed, Status, Successfully Completed, Status, Successfully Completed, Status, Successfully Completed, Status, Successfully Completed, Status, Successfully Completed, Status, Successfully Completed, Status, Successfully Completed, Status, Successfully Completed, Status, Successfully Completed, Status, Successfully Completed, Status, Successfully Completed, Status, Successfully Completed, Status, Successfully Completed, Status, Successfully Completed, Status, Successfully Completed, Status, Successfully Completed, Status]
[neelback4more@gmail.com, Subho1991*, Status, Successfully Completed, Status, Successfully Completed, Status, Successfully Completed, Status, Successfully Completed, Status, Successfully Completed, Status, Successfully Completed, Status, Successfully Completed, Status, Successfully Completed, Status, Successfully Completed, Status, Successfully Completed, Status, Successfully Completed, Status, Successfully Completed, Status, Successfully Completed, Status, Successfully Completed, Status, Successfully Completed, Status, Successfully Completed, Status, Successfully Completed, Status, Successfully Completed, Status, Successfully Completed, Status, Successfully Completed, Status, Successfully Completed, Status, Successfully Completed, Status, Successfully Completed, Status, Successfully Completed, Status, Successfully Completed, Status, Successfully Completed, Status, Successfully Completed, Status, Successfully Completed, Status, Successfully Completed, Status, Successfully Completed, Status, Successfully Completed, Status, Successfully Completed, Status, Successfully Completed, Status, Successfully Completed, Status, Successfully Completed, Status, Successfully Completed, Status, Successfully Completed, Status, Successfully Completed, Status, Successfully Completed, Status, Successfully Completed, Status, Successfully Completed, Status, Successfully Completed, Status, Successfully Completed, Status, Successfully Completed, Status, Successfully Completed, Status, Successfully Completed, Status, Successfully Completed, Status, Successfully Completed, Status, Successfully Completed, Status, Successfully Completed, Status, Successfully Completed, Status, Successfully Completed, Status, Successfully Completed, Status, Successfully Completed, Status, Successfully Completed, Status, Successfully Completed, Status, Successfully Completed, Status, Successfully Completed, Status, Successfully Completed, Status, Successfully Completed, Status, Successfully Completed, Status, Successfully Completed, Status, Successfully Completed, Status, Successfully Completed, Status, Successfully Completed, Status, Successfully Completed, Status, Successfully Completed, Status, Successfully Completed]
[neelback4more@gmail.com, Subho1991*, Status, Successfully Completed, Status, Successfully Completed, Status, Successfully Completed, Status, Successfully Completed, Status, Successfully Completed, Status, Successfully Completed, Status, Successfully Completed, Status, Successfully Completed, Status, Successfully Completed, Status, Successfully Completed, Status, Successfully Completed, Status, Successfully Completed, Status, Successfully Completed, Status, Successfully Completed, Status, Successfully Completed, Status, Successfully Completed, Status, Successfully Completed, Status, Successfully Completed, Status, Successfully Completed, Status, Successfully Completed, Status, Successfully Completed, Status, Successfully Completed, Status, Successfully Completed, Status, Successfully Completed, Status, Successfully Completed, Status, Successfully Completed, Status, Successfully Completed, Status, Successfully Completed, Status, Successfully Completed, Status, Successfully Completed, Status, Successfully Completed, Status, Successfully Completed, Status, Successfully Completed, Status, Successfully Completed, Status, Successfully Completed, Status, Successfully Completed, Status, Successfully Completed, Status, Successfully Completed, Status, Successfully Completed, Status, Successfully Completed, Status, Successfully Completed, Status, Successfully Completed, Status, Successfully Completed, Status, Successfully Completed, Status, Successfully Completed, Status, Successfully Completed, Status, Successfully Completed, Status, Successfully Completed, Status, Successfully Completed, Status, Successfully Completed, Status, Successfully Completed, Status, Successfully Completed, Status, Successfully Completed, Status, Successfully Completed, Status, Successfully Completed, Status, Successfully Completed, Status, Successfully Completed, Status, Successfully Completed, Status, Successfully Completed, Status, Successfully Completed, Status, Successfully Completed, Status, Successfully Completed, Status, Successfully Completed, Status, Successfully Completed, Status, Successfully Completed, Status, Successfully Completed, Status, Successfully Completed, Status, Successfully Completed, Status]
[neelback4more@gmail.com, Subho1991*, Status, Successfully Completed, Status, Successfully Completed, Status, Successfully Completed, Status, Successfully Completed, Status, Successfully Completed, Status, Successfully Completed, Status, Successfully Completed, Status, Successfully Completed, Status, Successfully Completed, Status, Successfully Completed, Status, Successfully Completed, Status, Successfully Completed, Status, Successfully Completed, Status, Successfully Completed, Status, Successfully Completed, Status, Successfully Completed, Status, Successfully Completed, Status, Successfully Completed, Status, Successfully Completed, Status, Successfully Completed, Status, Successfully Completed, Status, Successfully Completed, Status, Successfully Completed, Status, Successfully Completed, Status, Successfully Completed, Status, Successfully Completed, Status, Successfully Completed, Status, Successfully Completed, Status, Successfully Completed, Status, Successfully Completed, Status, Successfully Completed, Status, Successfully Completed, Status, Successfully Completed, Status, Successfully Completed, Status, Successfully Completed, Status, Successfully Completed, Status, Successfully Completed, Status, Successfully Completed, Status, Successfully Completed, Status, Successfully Completed, Status, Successfully Completed, Status, Successfully Completed, Status, Successfully Completed, Status, Successfully Completed, Status, Successfully Completed, Status, Successfully Completed, Status, Successfully Completed, Status, Successfully Completed, Status, Successfully Completed, Status, Successfully Completed, Status, Successfully Completed, Status, Successfully Completed, Status, Successfully Completed, Status, Successfully Completed, Status, Successfully Completed, Status, Successfully Completed, Status, Successfully Completed, Status, Successfully Completed, Status, Successfully Completed, Status, Successfully Completed, Status, Successfully Completed, Status, Successfully Completed, Status, Successfully Completed, Status, Successfully Completed, Status, Successfully Completed, Status, Successfully Completed, Status, Successfully Completed, Status, Successfully Completed, Status, Successfully Completed]
[neelback4more@gmail.com, Subho1991*, Status, Successfully Completed, Status, Successfully Completed, Status, Successfully Completed, Status, Successfully Completed, Status, Successfully Completed, Status, Successfully Completed, Status, Successfully Completed, Status, Successfully Completed, Status, Successfully Completed, Status, Successfully Completed, Status, Successfully Completed, Status, Successfully Completed, Status, Successfully Completed, Status, Successfully Completed, Status, Successfully Completed, Status, Successfully Completed, Status, Successfully Completed, Status, Successfully Completed, Status, Successfully Completed, Status, Successfully Completed, Status, Successfully Completed, Status, Successfully Completed, Status, Successfully Completed, Status, Successfully Completed, Status, Successfully Completed, Status, Successfully Completed, Status, Successfully Completed, Status, Successfully Completed, Status, Successfully Completed, Status, Successfully Completed, Status, Successfully Completed, Status, Successfully Completed, Status, Successfully Completed, Status, Successfully Completed, Status, Successfully Completed, Status, Successfully Completed, Status, Successfully Completed, Status, Successfully Completed, Status, Successfully Completed, Status, Successfully Completed, Status, Successfully Completed, Status, Successfully Completed, Status, Successfully Completed, Status, Successfully Completed, Status, Successfully Completed, Status, Successfully Completed, Status, Successfully Completed, Status, Successfully Completed, Status, Successfully Completed, Status, Successfully Completed, Status, Successfully Completed, Status, Successfully Completed, Status, Successfully Completed, Status, Successfully Completed, Status, Successfully Completed, Status, Successfully Completed, Status, Successfully Completed, Status, Successfully Completed, Status, Successfully Completed, Status, Successfully Completed, Status, Successfully Completed, Status, Successfully Completed, Status, Successfully Completed, Status, Successfully Completed, Status, Successfully Completed, Status, Successfully Completed, Status, Successfully Completed, Status, Successfully Completed, Status, Successfully Completed, Status]
[neelback4more@gmail.com, Subho1991*, Status, Successfully Completed, Status, Successfully Completed, Status, Successfully Completed, Status, Successfully Completed, Status, Successfully Completed, Status, Successfully Completed, Status, Successfully Completed, Status, Successfully Completed, Status, Successfully Completed, Status, Successfully Completed, Status, Successfully Completed, Status, Successfully Completed, Status, Successfully Completed, Status, Successfully Completed, Status, Successfully Completed, Status, Successfully Completed, Status, Successfully Completed, Status, Successfully Completed, Status, Successfully Completed, Status, Successfully Completed, Status, Successfully Completed, Status, Successfully Completed, Status, Successfully Completed, Status, Successfully Completed, Status, Successfully Completed, Status, Successfully Completed, Status, Successfully Completed, Status, Successfully Completed, Status, Successfully Completed, Status, Successfully Completed, Status, Successfully Completed, Status, Successfully Completed, Status, Successfully Completed, Status, Successfully Completed, Status, Successfully Completed, Status, Successfully Completed, Status, Successfully Completed, Status, Successfully Completed, Status, Successfully Completed, Status, Successfully Completed, Status, Successfully Completed, Status, Successfully Completed, Status, Successfully Completed, Status, Successfully Completed, Status, Successfully Completed, Status, Successfully Completed, Status, Successfully Completed, Status, Successfully Completed, Status, Successfully Completed, Status, Successfully Completed, Status, Successfully Completed, Status, Successfully Completed, Status, Successfully Completed, Status, Successfully Completed, Status, Successfully Completed, Status, Successfully Completed, Status, Successfully Completed, Status, Successfully Completed, Status, Successfully Completed, Status, Successfully Completed, Status, Successfully Completed, Status, Successfully Completed, Status, Successfully Completed, Status, Successfully Completed, Status, Successfully Completed, Status, Successfully Completed, Status, Successfully Completed, Status, Successfully Completed, Status, Successfully Completed, Status, Successfully Completed]
[neelback4more@gmail.com, Subho1991*, Status, Successfully Completed, Status, Successfully Completed, Status, Successfully Completed, Status, Successfully Completed, Status, Successfully Completed, Status, Successfully Completed, Status, Successfully Completed, Status, Successfully Completed, Status, Successfully Completed, Status, Successfully Completed, Status, Successfully Completed, Status, Successfully Completed, Status, Successfully Completed, Status, Successfully Completed, Status, Successfully Completed, Status, Successfully Completed, Status, Successfully Completed, Status, Successfully Completed, Status, Successfully Completed, Status, Successfully Completed, Status, Successfully Completed, Status, Successfully Completed, Status, Successfully Completed, Status, Successfully Completed, Status, Successfully Completed, Status, Successfully Completed, Status, Successfully Completed, Status, Successfully Completed, Status, Successfully Completed, Status, Successfully Completed, Status, Successfully Completed, Status, Successfully Completed, Status, Successfully Completed, Status, Successfully Completed, Status, Successfully Completed, Status, Successfully Completed, Status, Successfully Completed, Status, Successfully Completed, Status, Successfully Completed, Status, Successfully Completed, Status, Successfully Completed, Status, Successfully Completed, Status, Successfully Completed, Status, Successfully Completed, Status, Successfully Completed, Status, Successfully Completed, Status, Successfully Completed, Status, Successfully Completed, Status, Successfully Completed, Status, Successfully Completed, Status, Successfully Completed, Status, Successfully Completed, Status, Successfully Completed, Status, Successfully Completed, Status, Successfully Completed, Status, Successfully Completed, Status, Successfully Completed, Status, Successfully Completed, Status, Successfully Completed, Status, Successfully Completed, Status, Successfully Completed, Status, Successfully Completed, Status, Successfully Completed, Status, Successfully Completed, Status, Successfully Completed, Status, Successfully Completed, Status, Successfully Completed, Status, Successfully Completed, Status, Successfully Completed, Status, Successfully Completed, Status]
[neelback4more@gmail.com, Subho1991*, Status, Successfully Completed, Status, Successfully Completed, Status, Successfully Completed, Status, Successfully Completed, Status, Successfully Completed, Status, Successfully Completed, Status, Successfully Completed, Status, Successfully Completed, Status, Successfully Completed, Status, Successfully Completed, Status, Successfully Completed, Status, Successfully Completed, Status, Successfully Completed, Status, Successfully Completed, Status, Successfully Completed, Status, Successfully Completed, Status, Successfully Completed, Status, Successfully Completed, Status, Successfully Completed, Status, Successfully Completed, Status, Successfully Completed, Status, Successfully Completed, Status, Successfully Completed, Status, Successfully Completed, Status, Successfully Completed, Status, Successfully Completed, Status, Successfully Completed, Status, Successfully Completed, Status, Successfully Completed, Status, Successfully Completed, Status, Successfully Completed, Status, Successfully Completed, Status, Successfully Completed, Status, Successfully Completed, Status, Successfully Completed, Status, Successfully Completed, Status, Successfully Completed, Status, Successfully Completed, Status, Successfully Completed, Status, Successfully Completed, Status, Successfully Completed, Status, Successfully Completed, Status, Successfully Completed, Status, Successfully Completed, Status, Successfully Completed, Status, Successfully Completed, Status, Successfully Completed, Status, Successfully Completed, Status, Successfully Completed, Status, Successfully Completed, Status, Successfully Completed, Status, Successfully Completed, Status, Successfully Completed, Status, Successfully Completed, Status, Successfully Completed, Status, Successfully Completed, Status, Successfully Completed, Status, Successfully Completed, Status, Successfully Completed, Status, Successfully Completed, Status, Successfully Completed, Status, Successfully Completed, Status, Successfully Completed, Status, Successfully Completed, Status, Successfully Completed, Status, Successfully Completed, Status, Successfully Completed, Status, Successfully Completed, Status, Successfully Completed, Status, Successfully Completed, Status, Successfully Completed]
[neelback4more@gmail.com, Subho1991*, Status, Successfully Completed, Status, Successfully Completed, Status, Successfully Completed, Status, Successfully Completed, Status, Successfully Completed, Status, Successfully Completed, Status, Successfully Completed, Status, Successfully Completed, Status, Successfully Completed, Status, Successfully Completed, Status, Successfully Completed, Status, Successfully Completed, Status, Successfully Completed, Status, Successfully Completed, Status, Successfully Completed, Status, Successfully Completed, Status, Successfully Completed, Status, Successfully Completed, Status, Successfully Completed, Status, Successfully Completed, Status, Successfully Completed, Status, Successfully Completed, Status, Successfully Completed, Status, Successfully Completed, Status, Successfully Completed, Status, Successfully Completed, Status, Successfully Completed, Status, Successfully Completed, Status, Successfully Completed, Status, Successfully Completed, Status, Successfully Completed, Status, Successfully Completed, Status, Successfully Completed, Status, Successfully Completed, Status, Successfully Completed, Status, Successfully Completed, Status, Successfully Completed, Status, Successfully Completed, Status, Successfully Completed, Status, Successfully Completed, Status, Successfully Completed, Status, Successfully Completed, Status, Successfully Completed, Status, Successfully Completed, Status, Successfully Completed, Status, Successfully Completed, Status, Successfully Completed, Status, Successfully Completed, Status, Successfully Completed, Status, Successfully Completed, Status, Successfully Completed, Status, Successfully Completed, Status, Successfully Completed, Status, Successfully Completed, Status, Successfully Completed, Status, Successfully Completed, Status, Successfully Completed, Status, Successfully Completed, Status, Successfully Completed, Status, Successfully Completed, Status, Successfully Completed, Status, Successfully Completed, Status, Successfully Completed, Status, Successfully Completed, Status, Successfully Completed, Status, Successfully Completed, Status, Successfully Completed, Status, Successfully Completed, Status, Successfully Completed, Status, Successfully Completed, Status, Successfully Completed, Status]
[neelback4more@gmail.com, Subho1991*, Status, Successfully Completed, Status, Successfully Completed, Status, Successfully Completed, Status, Successfully Completed, Status, Successfully Completed, Status, Successfully Completed, Status, Successfully Completed, Status, Successfully Completed, Status, Successfully Completed, Status, Successfully Completed, Status, Successfully Completed, Status, Successfully Completed, Status, Successfully Completed, Status, Successfully Completed, Status, Successfully Completed, Status, Successfully Completed, Status, Successfully Completed, Status, Successfully Completed, Status, Successfully Completed, Status, Successfully Completed, Status, Successfully Completed, Status, Successfully Completed, Status, Successfully Completed, Status, Successfully Completed, Status, Successfully Completed, Status, Successfully Completed, Status, Successfully Completed, Status, Successfully Completed, Status, Successfully Completed, Status, Successfully Completed, Status, Successfully Completed, Status, Successfully Completed, Status, Successfully Completed, Status, Successfully Completed, Status, Successfully Completed, Status, Successfully Completed, Status, Successfully Completed, Status, Successfully Completed, Status, Successfully Completed, Status, Successfully Completed, Status, Successfully Completed, Status, Successfully Completed, Status, Successfully Completed, Status, Successfully Completed, Status, Successfully Completed, Status, Successfully Completed, Status, Successfully Completed, Status, Successfully Completed, Status, Successfully Completed, Status, Successfully Completed, Status, Successfully Completed, Status, Successfully Completed, Status, Successfully Completed, Status, Successfully Completed, Status, Successfully Completed, Status, Successfully Completed, Status, Successfully Completed, Status, Successfully Completed, Status, Successfully Completed, Status, Successfully Completed, Status, Successfully Completed, Status, Successfully Completed, Status, Successfully Completed, Status, Successfully Completed, Status, Successfully Completed, Status, Successfully Completed, Status, Successfully Completed, Status, Successfully Completed, Status, Successfully Completed, Status, Successfully Completed, Status, Successfully Completed, Status, Successfully Completed]
[neelback4more@gmail.com, Subho1991*, Status, Successfully Completed, Status, Successfully Completed, Status, Successfully Completed, Status, Successfully Completed, Status, Successfully Completed, Status, Successfully Completed, Status, Successfully Completed, Status, Successfully Completed, Status, Successfully Completed, Status, Successfully Completed, Status, Successfully Completed, Status, Successfully Completed, Status, Successfully Completed, Status, Successfully Completed, Status, Successfully Completed, Status, Successfully Completed, Status, Successfully Completed, Status, Successfully Completed, Status, Successfully Completed, Status, Successfully Completed, Status, Successfully Completed, Status, Successfully Completed, Status, Successfully Completed, Status, Successfully Completed, Status, Successfully Completed, Status, Successfully Completed, Status, Successfully Completed, Status, Successfully Completed, Status, Successfully Completed, Status, Successfully Completed, Status, Successfully Completed, Status, Successfully Completed, Status, Successfully Completed, Status, Successfully Completed, Status, Successfully Completed, Status, Successfully Completed, Status, Successfully Completed, Status, Successfully Completed, Status, Successfully Completed, Status, Successfully Completed, Status, Successfully Completed, Status, Successfully Completed, Status, Successfully Completed, Status, Successfully Completed, Status, Successfully Completed, Status, Successfully Completed, Status, Successfully Completed, Status, Successfully Completed, Status, Successfully Completed, Status, Successfully Completed, Status, Successfully Completed, Status, Successfully Completed, Status, Successfully Completed, Status, Successfully Completed, Status, Successfully Completed, Status, Successfully Completed, Status, Successfully Completed, Status, Successfully Completed, Status, Successfully Completed, Status, Successfully Completed, Status, Successfully Completed, Status, Successfully Completed, Status, Successfully Completed, Status, Successfully Completed, Status, Successfully Completed, Status, Successfully Completed, Status, Successfully Completed, Status, Successfully Completed, Status, Successfully Completed, Status, Successfully Completed, Status, Successfully Completed, Status, Successfully Completed, Status]
[neelback4more@gmail.com, Subho1991*, Status, Successfully Completed, Status, Successfully Completed, Status, Successfully Completed, Status, Successfully Completed, Status, Successfully Completed, Status, Successfully Completed, Status, Successfully Completed, Status, Successfully Completed, Status, Successfully Completed, Status, Successfully Completed, Status, Successfully Completed, Status, Successfully Completed, Status, Successfully Completed, Status, Successfully Completed, Status, Successfully Completed, Status, Successfully Completed, Status, Successfully Completed, Status, Successfully Completed, Status, Successfully Completed, Status, Successfully Completed, Status, Successfully Completed, Status, Successfully Completed, Status, Successfully Completed, Status, Successfully Completed, Status, Successfully Completed, Status, Successfully Completed, Status, Successfully Completed, Status, Successfully Completed, Status, Successfully Completed, Status, Successfully Completed, Status, Successfully Completed, Status, Successfully Completed, Status, Successfully Completed, Status, Successfully Completed, Status, Successfully Completed, Status, Successfully Completed, Status, Successfully Completed, Status, Successfully Completed, Status, Successfully Completed, Status, Successfully Completed, Status, Successfully Completed, Status, Successfully Completed, Status, Successfully Completed, Status, Successfully Completed, Status, Successfully Completed, Status, Successfully Completed, Status, Successfully Completed, Status, Successfully Completed, Status, Successfully Completed, Status, Successfully Completed, Status, Successfully Completed, Status, Successfully Completed, Status, Successfully Completed, Status, Successfully Completed, Status, Successfully Completed, Status, Successfully Completed, Status, Successfully Completed, Status, Successfully Completed, Status, Successfully Completed, Status, Successfully Completed, Status, Successfully Completed, Status, Successfully Completed, Status, Successfully Completed, Status, Successfully Completed, Status, Successfully Completed, Status, Successfully Completed, Status, Successfully Completed, Status, Successfully Completed, Status, Successfully Completed, Status, Successfully Completed, Status, Successfully Completed, Status, Successfully Completed, Status, Successfully Completed]
[neelback4more@gmail.com, Subho1991*, Status, Successfully Completed, Status, Successfully Completed, Status, Successfully Completed, Status, Successfully Completed, Status, Successfully Completed, Status, Successfully Completed, Status, Successfully Completed, Status, Successfully Completed, Status, Successfully Completed, Status, Successfully Completed, Status, Successfully Completed, Status, Successfully Completed, Status, Successfully Completed, Status, Successfully Completed, Status, Successfully Completed, Status, Successfully Completed, Status, Successfully Completed, Status, Successfully Completed, Status, Successfully Completed, Status, Successfully Completed, Status, Successfully Completed, Status, Successfully Completed, Status, Successfully Completed, Status, Successfully Completed, Status, Successfully Completed, Status, Successfully Completed, Status, Successfully Completed, Status, Successfully Completed, Status, Successfully Completed, Status, Successfully Completed, Status, Successfully Completed, Status, Successfully Completed, Status, Successfully Completed, Status, Successfully Completed, Status, Successfully Completed, Status, Successfully Completed, Status, Successfully Completed, Status, Successfully Completed, Status, Successfully Completed, Status, Successfully Completed, Status, Successfully Completed, Status, Successfully Completed, Status, Successfully Completed, Status, Successfully Completed, Status, Successfully Completed, Status, Successfully Completed, Status, Successfully Completed, Status, Successfully Completed, Status, Successfully Completed, Status, Successfully Completed, Status, Successfully Completed, Status, Successfully Completed, Status, Successfully Completed, Status, Successfully Completed, Status, Successfully Completed, Status, Successfully Completed, Status, Successfully Completed, Status, Successfully Completed, Status, Successfully Completed, Status, Successfully Completed, Status, Successfully Completed, Status, Successfully Completed, Status, Successfully Completed, Status, Successfully Completed, Status, Successfully Completed, Status, Successfully Completed, Status, Successfully Completed, Status, Successfully Completed, Status, Successfully Completed, Status, Successfully Completed, Status, Successfully Completed, Status, Successfully Completed, Status, Successfully Completed, Status]
[neelback4more@gmail.com, Subho1991*, Status, Successfully Completed, Status, Successfully Completed, Status, Successfully Completed, Status, Successfully Completed, Status, Successfully Completed, Status, Successfully Completed, Status, Successfully Completed, Status, Successfully Completed, Status, Successfully Completed, Status, Successfully Completed, Status, Successfully Completed, Status, Successfully Completed, Status, Successfully Completed, Status, Successfully Completed, Status, Successfully Completed, Status, Successfully Completed, Status, Successfully Completed, Status, Successfully Completed, Status, Successfully Completed, Status, Successfully Completed, Status, Successfully Completed, Status, Successfully Completed, Status, Successfully Completed, Status, Successfully Completed, Status, Successfully Completed, Status, Successfully Completed, Status, Successfully Completed, Status, Successfully Completed, Status, Successfully Completed, Status, Successfully Completed, Status, Successfully Completed, Status, Successfully Completed, Status, Successfully Completed, Status, Successfully Completed, Status, Successfully Completed, Status, Successfully Completed, Status, Successfully Completed, Status, Successfully Completed, Status, Successfully Completed, Status, Successfully Completed, Status, Successfully Completed, Status, Successfully Completed, Status, Successfully Completed, Status, Successfully Completed, Status, Successfully Completed, Status, Successfully Completed, Status, Successfully Completed, Status, Successfully Completed, Status, Successfully Completed, Status, Successfully Completed, Status, Successfully Completed, Status, Successfully Completed, Status, Successfully Completed, Status, Successfully Completed, Status, Successfully Completed, Status, Successfully Completed, Status, Successfully Completed, Status, Successfully Completed, Status, Successfully Completed, Status, Successfully Completed, Status, Successfully Completed, Status, Successfully Completed, Status, Successfully Completed, Status, Successfully Completed, Status, Successfully Completed, Status, Successfully Completed, Status, Successfully Completed, Status, Successfully Completed, Status, Successfully Completed, Status, Successfully Completed, Status, Successfully Completed, Status, Successfully Completed, Status, Successfully Completed, Status, Successfully Completed]
[neelback4more@gmail.com, Subho1991*, Status, Successfully Completed, Status, Successfully Completed, Status, Successfully Completed, Status, Successfully Completed, Status, Successfully Completed, Status, Successfully Completed, Status, Successfully Completed, Status, Successfully Completed, Status, Successfully Completed, Status, Successfully Completed, Status, Successfully Completed, Status, Successfully Completed, Status, Successfully Completed, Status, Successfully Completed, Status, Successfully Completed, Status, Successfully Completed, Status, Successfully Completed, Status, Successfully Completed, Status, Successfully Completed, Status, Successfully Completed, Status, Successfully Completed, Status, Successfully Completed, Status, Successfully Completed, Status, Successfully Completed, Status, Successfully Completed, Status, Successfully Completed, Status, Successfully Completed, Status, Successfully Completed, Status, Successfully Completed, Status, Successfully Completed, Status, Successfully Completed, Status, Successfully Completed, Status, Successfully Completed, Status, Successfully Completed, Status, Successfully Completed, Status, Successfully Completed, Status, Successfully Completed, Status, Successfully Completed, Status, Successfully Completed, Status, Successfully Completed, Status, Successfully Completed, Status, Successfully Completed, Status, Successfully Completed, Status, Successfully Completed, Status, Successfully Completed, Status, Successfully Completed, Status, Successfully Completed, Status, Successfully Completed, Status, Successfully Completed, Status, Successfully Completed, Status, Successfully Completed, Status, Successfully Completed, Status, Successfully Completed, Status, Successfully Completed, Status, Successfully Completed, Status, Successfully Completed, Status, Successfully Completed, Status, Successfully Completed, Status, Successfully Completed, Status, Successfully Completed, Status, Successfully Completed, Status, Successfully Completed, Status, Successfully Completed, Status, Successfully Completed, Status, Successfully Completed, Status, Successfully Completed, Status, Successfully Completed, Status, Successfully Completed, Status, Successfully Completed, Status, Successfully Completed, Status, Successfully Completed, Status, Successfully Completed, Status, Successfully Completed, Status, Successfully Completed, Status]
[neelback4more@gmail.com, Subho1991*, Status, Successfully Completed, Status, Successfully Completed, Status, Successfully Completed, Status, Successfully Completed, Status, Successfully Completed, Status, Successfully Completed, Status, Successfully Completed, Status, Successfully Completed, Status, Successfully Completed, Status, Successfully Completed, Status, Successfully Completed, Status, Successfully Completed, Status, Successfully Completed, Status, Successfully Completed, Status, Successfully Completed, Status, Successfully Completed, Status, Successfully Completed, Status, Successfully Completed, Status, Successfully Completed, Status, Successfully Completed, Status, Successfully Completed, Status, Successfully Completed, Status, Successfully Completed, Status, Successfully Completed, Status, Successfully Completed, Status, Successfully Completed, Status, Successfully Completed, Status, Successfully Completed, Status, Successfully Completed, Status, Successfully Completed, Status, Successfully Completed, Status, Successfully Completed, Status, Successfully Completed, Status, Successfully Completed, Status, Successfully Completed, Status, Successfully Completed, Status, Successfully Completed, Status, Successfully Completed, Status, Successfully Completed, Status, Successfully Completed, Status, Successfully Completed, Status, Successfully Completed, Status, Successfully Completed, Status, Successfully Completed, Status, Successfully Completed, Status, Successfully Completed, Status, Successfully Completed, Status, Successfully Completed, Status, Successfully Completed, Status, Successfully Completed, Status, Successfully Completed, Status, Successfully Completed, Status, Successfully Completed, Status, Successfully Completed, Status, Successfully Completed, Status, Successfully Completed, Status, Successfully Completed, Status, Successfully Completed, Status, Successfully Completed, Status, Successfully Completed, Status, Successfully Completed, Status, Successfully Completed, Status, Successfully Completed, Status, Successfully Completed, Status, Successfully Completed, Status, Successfully Completed, Status, Successfully Completed, Status, Successfully Completed, Status, Successfully Completed, Status, Successfully Completed, Status, Successfully Completed, Status, Successfully Completed, Status, Successfully Completed, Status, Successfully Completed, Status, Successfully Completed]
[neelback4more@gmail.com, Subho1991*, Status, Successfully Completed, Status, Successfully Completed, Status, Successfully Completed, Status, Successfully Completed, Status, Successfully Completed, Status, Successfully Completed, Status, Successfully Completed, Status, Successfully Completed, Status, Successfully Completed, Status, Successfully Completed, Status, Successfully Completed, Status, Successfully Completed, Status, Successfully Completed, Status, Successfully Completed, Status, Successfully Completed, Status, Successfully Completed, Status, Successfully Completed, Status, Successfully Completed, Status, Successfully Completed, Status, Successfully Completed, Status, Successfully Completed, Status, Successfully Completed, Status, Successfully Completed, Status, Successfully Completed, Status, Successfully Completed, Status, Successfully Completed, Status, Successfully Completed, Status, Successfully Completed, Status, Successfully Completed, Status, Successfully Completed, Status, Successfully Completed, Status, Successfully Completed, Status, Successfully Completed, Status, Successfully Completed, Status, Successfully Completed, Status, Successfully Completed, Status, Successfully Completed, Status, Successfully Completed, Status, Successfully Completed, Status, Successfully Completed, Status, Successfully Completed, Status, Successfully Completed, Status, Successfully Completed, Status, Successfully Completed, Status, Successfully Completed, Status, Successfully Completed, Status, Successfully Completed, Status, Successfully Completed, Status, Successfully Completed, Status, Successfully Completed, Status, Successfully Completed, Status, Successfully Completed, Status, Successfully Completed, Status, Successfully Completed, Status, Successfully Completed, Status, Successfully Completed, Status, Successfully Completed, Status, Successfully Completed, Status, Successfully Completed, Status, Successfully Completed, Status, Successfully Completed, Status, Successfully Completed, Status, Successfully Completed, Status, Successfully Completed, Status, Successfully Completed, Status, Successfully Completed, Status, Successfully Completed, Status, Successfully Completed, Status, Successfully Completed, Status, Successfully Completed, Status, Successfully Completed, Status, Successfully Completed, Status, Successfully Completed, Status, Successfully Completed, Status, Successfully Completed, Status]
[neelback4more@gmail.com, Subho1991*, Status, Successfully Completed, Status, Successfully Completed, Status, Successfully Completed, Status, Successfully Completed, Status, Successfully Completed, Status, Successfully Completed, Status, Successfully Completed, Status, Successfully Completed, Status, Successfully Completed, Status, Successfully Completed, Status, Successfully Completed, Status, Successfully Completed, Status, Successfully Completed, Status, Successfully Completed, Status, Successfully Completed, Status, Successfully Completed, Status, Successfully Completed, Status, Successfully Completed, Status, Successfully Completed, Status, Successfully Completed, Status, Successfully Completed, Status, Successfully Completed, Status, Successfully Completed, Status, Successfully Completed, Status, Successfully Completed, Status, Successfully Completed, Status, Successfully Completed, Status, Successfully Completed, Status, Successfully Completed, Status, Successfully Completed, Status, Successfully Completed, Status, Successfully Completed, Status, Successfully Completed, Status, Successfully Completed, Status, Successfully Completed, Status, Successfully Completed, Status, Successfully Completed, Status, Successfully Completed, Status, Successfully Completed, Status, Successfully Completed, Status, Successfully Completed, Status, Successfully Completed, Status, Successfully Completed, Status, Successfully Completed, Status, Successfully Completed, Status, Successfully Completed, Status, Successfully Completed, Status, Successfully Completed, Status, Successfully Completed, Status, Successfully Completed, Status, Successfully Completed, Status, Successfully Completed, Status, Successfully Completed, Status, Successfully Completed, Status, Successfully Completed, Status, Successfully Completed, Status, Successfully Completed, Status, Successfully Completed, Status, Successfully Completed, Status, Successfully Completed, Status, Successfully Completed, Status, Successfully Completed, Status, Successfully Completed, Status, Successfully Completed, Status, Successfully Completed, Status, Successfully Completed, Status, Successfully Completed, Status, Successfully Completed, Status, Successfully Completed, Status, Successfully Completed, Status, Successfully Completed, Status, Successfully Completed, Status, Successfully Completed, Status, Successfully Completed, Status, Successfully Completed, Status, Successfully Completed]
[neelback4more@gmail.com, Subho1991*, Status, Successfully Completed, Status, Successfully Completed, Status, Successfully Completed, Status, Successfully Completed, Status, Successfully Completed, Status, Successfully Completed, Status, Successfully Completed, Status, Successfully Completed, Status, Successfully Completed, Status, Successfully Completed, Status, Successfully Completed, Status, Successfully Completed, Status, Successfully Completed, Status, Successfully Completed, Status, Successfully Completed, Status, Successfully Completed, Status, Successfully Completed, Status, Successfully Completed, Status, Successfully Completed, Status, Successfully Completed, Status, Successfully Completed, Status, Successfully Completed, Status, Successfully Completed, Status, Successfully Completed, Status, Successfully Completed, Status, Successfully Completed, Status, Successfully Completed, Status, Successfully Completed, Status, Successfully Completed, Status, Successfully Completed, Status, Successfully Completed, Status, Successfully Completed, Status, Successfully Completed, Status, Successfully Completed, Status, Successfully Completed, Status, Successfully Completed, Status, Successfully Completed, Status, Successfully Completed, Status, Successfully Completed, Status, Successfully Completed, Status, Successfully Completed, Status, Successfully Completed, Status, Successfully Completed, Status, Successfully Completed, Status, Successfully Completed, Status, Successfully Completed, Status, Successfully Completed, Status, Successfully Completed, Status, Successfully Completed, Status, Successfully Completed, Status, Successfully Completed, Status, Successfully Completed, Status, Successfully Completed, Status, Successfully Completed, Status, Successfully Completed, Status, Successfully Completed, Status, Successfully Completed, Status, Successfully Completed, Status, Successfully Completed, Status, Successfully Completed, Status, Successfully Completed, Status, Successfully Completed, Status, Successfully Completed, Status, Successfully Completed, Status, Successfully Completed, Status, Successfully Completed, Status, Successfully Completed, Status, Successfully Completed, Status, Successfully Completed, Status, Successfully Completed, Status, Successfully Completed, Status, Successfully Completed, Status, Successfully Completed, Status, Successfully Completed, Status, Successfully Completed, Status, Successfully Completed, Status]
[neelback4more@gmail.com, Subho1991*, Status, Successfully Completed, Status, Successfully Completed, Status, Successfully Completed, Status, Successfully Completed, Status, Successfully Completed, Status, Successfully Completed, Status, Successfully Completed, Status, Successfully Completed, Status, Successfully Completed, Status, Successfully Completed, Status, Successfully Completed, Status, Successfully Completed, Status, Successfully Completed, Status, Successfully Completed, Status, Successfully Completed, Status, Successfully Completed, Status, Successfully Completed, Status, Successfully Completed, Status, Successfully Completed, Status, Successfully Completed, Status, Successfully Completed, Status, Successfully Completed, Status, Successfully Completed, Status, Successfully Completed, Status, Successfully Completed, Status, Successfully Completed, Status, Successfully Completed, Status, Successfully Completed, Status, Successfully Completed, Status, Successfully Completed, Status, Successfully Completed, Status, Successfully Completed, Status, Successfully Completed, Status, Successfully Completed, Status, Successfully Completed, Status, Successfully Completed, Status, Successfully Completed, Status, Successfully Completed, Status, Successfully Completed, Status, Successfully Completed, Status, Successfully Completed, Status, Successfully Completed, Status, Successfully Completed, Status, Successfully Completed, Status, Successfully Completed, Status, Successfully Completed, Status, Successfully Completed, Status, Successfully Completed, Status, Successfully Completed, Status, Successfully Completed, Status, Successfully Completed, Status, Successfully Completed, Status, Successfully Completed, Status, Successfully Completed, Status, Successfully Completed, Status, Successfully Completed, Status, Successfully Completed, Status, Successfully Completed, Status, Successfully Completed, Status, Successfully Completed, Status, Successfully Completed, Status, Successfully Completed, Status, Successfully Completed, Status, Successfully Completed, Status, Successfully Completed, Status, Successfully Completed, Status, Successfully Completed, Status, Successfully Completed, Status, Successfully Completed, Status, Successfully Completed, Status, Successfully Completed, Status, Successfully Completed, Status, Successfully Completed, Status, Successfully Completed, Status, Successfully Completed, Status, Successfully Completed, Status, Successfully Completed]
[neelback4more@gmail.com, Subho1991*, Status, Successfully Completed, Status, Successfully Completed, Status, Successfully Completed, Status, Successfully Completed, Status, Successfully Completed, Status, Successfully Completed, Status, Successfully Completed, Status, Successfully Completed, Status, Successfully Completed, Status, Successfully Completed, Status, Successfully Completed, Status, Successfully Completed, Status, Successfully Completed, Status, Successfully Completed, Status, Successfully Completed, Status, Successfully Completed, Status, Successfully Completed, Status, Successfully Completed, Status, Successfully Completed, Status, Successfully Completed, Status, Successfully Completed, Status, Successfully Completed, Status, Successfully Completed, Status, Successfully Completed, Status, Successfully Completed, Status, Successfully Completed, Status, Successfully Completed, Status, Successfully Completed, Status, Successfully Completed, Status, Successfully Completed, Status, Successfully Completed, Status, Successfully Completed, Status, Successfully Completed, Status, Successfully Completed, Status, Successfully Completed, Status, Successfully Completed, Status, Successfully Completed, Status, Successfully Completed, Status, Successfully Completed, Status, Successfully Completed, Status, Successfully Completed, Status, Successfully Completed, Status, Successfully Completed, Status, Successfully Completed, Status, Successfully Completed, Status, Successfully Completed, Status, Successfully Completed, Status, Successfully Completed, Status, Successfully Completed, Status, Successfully Completed, Status, Successfully Completed, Status, Successfully Completed, Status, Successfully Completed, Status, Successfully Completed, Status, Successfully Completed, Status, Successfully Completed, Status, Successfully Completed, Status, Successfully Completed, Status, Successfully Completed, Status, Successfully Completed, Status, Successfully Completed, Status, Successfully Completed, Status, Successfully Completed, Status, Successfully Completed, Status, Successfully Completed, Status, Successfully Completed, Status, Successfully Completed, Status, Successfully Completed, Status, Successfully Completed, Status, Successfully Completed, Status, Successfully Completed, Status, Successfully Completed, Status, Successfully Completed, Status, Successfully Completed, Status, Successfully Completed, Status, Successfully Completed, Status, Successfully Completed, Status]
[neelback4more@gmail.com, Subho1991*, Status, Successfully Completed, Status, Successfully Completed, Status, Successfully Completed, Status, Successfully Completed, Status, Successfully Completed, Status, Successfully Completed, Status, Successfully Completed, Status, Successfully Completed, Status, Successfully Completed, Status, Successfully Completed, Status, Successfully Completed, Status, Successfully Completed, Status, Successfully Completed, Status, Successfully Completed, Status, Successfully Completed, Status, Successfully Completed, Status, Successfully Completed, Status, Successfully Completed, Status, Successfully Completed, Status, Successfully Completed, Status, Successfully Completed, Status, Successfully Completed, Status, Successfully Completed, Status, Successfully Completed, Status, Successfully Completed, Status, Successfully Completed, Status, Successfully Completed, Status, Successfully Completed, Status, Successfully Completed, Status, Successfully Completed, Status, Successfully Completed, Status, Successfully Completed, Status, Successfully Completed, Status, Successfully Completed, Status, Successfully Completed, Status, Successfully Completed, Status, Successfully Completed, Status, Successfully Completed, Status, Successfully Completed, Status, Successfully Completed, Status, Successfully Completed, Status, Successfully Completed, Status, Successfully Completed, Status, Successfully Completed, Status, Successfully Completed, Status, Successfully Completed, Status, Successfully Completed, Status, Successfully Completed, Status, Successfully Completed, Status, Successfully Completed, Status, Successfully Completed, Status, Successfully Completed, Status, Successfully Completed, Status, Successfully Completed, Status, Successfully Completed, Status, Successfully Completed, Status, Successfully Completed, Status, Successfully Completed, Status, Successfully Completed, Status, Successfully Completed, Status, Successfully Completed, Status, Successfully Completed, Status, Successfully Completed, Status, Successfully Completed, Status, Successfully Completed, Status, Successfully Completed, Status, Successfully Completed, Status, Successfully Completed, Status, Successfully Completed, Status, Successfully Completed, Status, Successfully Completed, Status, Successfully Completed, Status, Successfully Completed, Status, Successfully Completed, Status, Successfully Completed, Status, Successfully Completed, Status, Successfully Completed, Status, Successfully Completed]
[neelback4more@gmail.com, Subho1991*, Status, Successfully Completed, Status, Successfully Completed, Status, Successfully Completed, Status, Successfully Completed, Status, Successfully Completed, Status, Successfully Completed, Status, Successfully Completed, Status, Successfully Completed, Status, Successfully Completed, Status, Successfully Completed, Status, Successfully Completed, Status, Successfully Completed, Status, Successfully Completed, Status, Successfully Completed, Status, Successfully Completed, Status, Successfully Completed, Status, Successfully Completed, Status, Successfully Completed, Status, Successfully Completed, Status, Successfully Completed, Status, Successfully Completed, Status, Successfully Completed, Status, Successfully Completed, Status, Successfully Completed, Status, Successfully Completed, Status, Successfully Completed, Status, Successfully Completed, Status, Successfully Completed, Status, Successfully Completed, Status, Successfully Completed, Status, Successfully Completed, Status, Successfully Completed, Status, Successfully Completed, Status, Successfully Completed, Status, Successfully Completed, Status, Successfully Completed, Status, Successfully Completed, Status, Successfully Completed, Status, Successfully Completed, Status, Successfully Completed, Status, Successfully Completed, Status, Successfully Completed, Status, Successfully Completed, Status, Successfully Completed, Status, Successfully Completed, Status, Successfully Completed, Status, Successfully Completed, Status, Successfully Completed, Status, Successfully Completed, Status, Successfully Completed, Status, Successfully Completed, Status, Successfully Completed, Status, Successfully Completed, Status, Successfully Completed, Status, Successfully Completed, Status, Successfully Completed, Status, Successfully Completed, Status, Successfully Completed, Status, Successfully Completed, Status, Successfully Completed, Status, Successfully Completed, Status, Successfully Completed, Status, Successfully Completed, Status, Successfully Completed, Status, Successfully Completed, Status, Successfully Completed, Status, Successfully Completed, Status, Successfully Completed, Status, Successfully Completed, Status, Successfully Completed, Status, Successfully Completed, Status, Successfully Completed, Status, Successfully Completed, Status, Successfully Completed, Status, Successfully Completed, Status, Successfully Completed, Status, Successfully Completed, Status, Successfully Completed, Status]
[neelback4more@gmail.com, Subho1991*, Status, Successfully Completed, Status, Successfully Completed, Status, Successfully Completed, Status, Successfully Completed, Status, Successfully Completed, Status, Successfully Completed, Status, Successfully Completed, Status, Successfully Completed, Status, Successfully Completed, Status, Successfully Completed, Status, Successfully Completed, Status, Successfully Completed, Status, Successfully Completed, Status, Successfully Completed, Status, Successfully Completed, Status, Successfully Completed, Status, Successfully Completed, Status, Successfully Completed, Status, Successfully Completed, Status, Successfully Completed, Status, Successfully Completed, Status, Successfully Completed, Status, Successfully Completed, Status, Successfully Completed, Status, Successfully Completed, Status, Successfully Completed, Status, Successfully Completed, Status, Successfully Completed, Status, Successfully Completed, Status, Successfully Completed, Status, Successfully Completed, Status, Successfully Completed, Status, Successfully Completed, Status, Successfully Completed, Status, Successfully Completed, Status, Successfully Completed, Status, Successfully Completed, Status, Successfully Completed, Status, Successfully Completed, Status, Successfully Completed, Status, Successfully Completed, Status, Successfully Completed, Status, Successfully Completed, Status, Successfully Completed, Status, Successfully Completed, Status, Successfully Completed, Status, Successfully Completed, Status, Successfully Completed, Status, Successfully Completed, Status, Successfully Completed, Status, Successfully Completed, Status, Successfully Completed, Status, Successfully Completed, Status, Successfully Completed, Status, Successfully Completed, Status, Successfully Completed, Status, Successfully Completed, Status, Successfully Completed, Status, Successfully Completed, Status, Successfully Completed, Status, Successfully Completed, Status, Successfully Completed, Status, Successfully Completed, Status, Successfully Completed, Status, Successfully Completed, Status, Successfully Completed, Status, Successfully Completed, Status, Successfully Completed, Status, Successfully Completed, Status, Successfully Completed, Status, Successfully Completed, Status, Successfully Completed, Status, Successfully Completed, Status, Successfully Completed, Status, Successfully Completed, Status, Successfully Completed, Status, Successfully Completed, Status, Successfully Completed, Status, Successfully Completed]
[neelback4more@gmail.com, Subho1991*, Status, Successfully Completed, Status, Successfully Completed, Status, Successfully Completed, Status, Successfully Completed, Status, Successfully Completed, Status, Successfully Completed, Status, Successfully Completed, Status, Successfully Completed, Status, Successfully Completed, Status, Successfully Completed, Status, Successfully Completed, Status, Successfully Completed, Status, Successfully Completed, Status, Successfully Completed, Status, Successfully Completed, Status, Successfully Completed, Status, Successfully Completed, Status, Successfully Completed, Status, Successfully Completed, Status, Successfully Completed, Status, Successfully Completed, Status, Successfully Completed, Status, Successfully Completed, Status, Successfully Completed, Status, Successfully Completed, Status, Successfully Completed, Status, Successfully Completed, Status, Successfully Completed, Status, Successfully Completed, Status, Successfully Completed, Status, Successfully Completed, Status, Successfully Completed, Status, Successfully Completed, Status, Successfully Completed, Status, Successfully Completed, Status, Successfully Completed, Status, Successfully Completed, Status, Successfully Completed, Status, Successfully Completed, Status, Successfully Completed, Status, Successfully Completed, Status, Successfully Completed, Status, Successfully Completed, Status, Successfully Completed, Status, Successfully Completed, Status, Successfully Completed, Status, Successfully Completed, Status, Successfully Completed, Status, Successfully Completed, Status, Successfully Completed, Status, Successfully Completed, Status, Successfully Completed, Status, Successfully Completed, Status, Successfully Completed, Status, Successfully Completed, Status, Successfully Completed, Status, Successfully Completed, Status, Successfully Completed, Status, Successfully Completed, Status, Successfully Completed, Status, Successfully Completed, Status, Successfully Completed, Status, Successfully Completed, Status, Successfully Completed, Status, Successfully Completed, Status, Successfully Completed, Status, Successfully Completed, Status, Successfully Completed, Status, Successfully Completed, Status, Successfully Completed, Status, Successfully Completed, Status, Successfully Completed, Status, Successfully Completed, Status, Successfully Completed, Status, Successfully Completed, Status, Successfully Completed, Status, Successfully Completed, Status, Successfully Completed, Status, Successfully Completed, Status]
[neelback4more@gmail.com, Subho1991*, Status, Successfully Completed, Status, Successfully Completed, Status, Successfully Completed, Status, Successfully Completed, Status, Successfully Completed, Status, Successfully Completed, Status, Successfully Completed, Status, Successfully Completed, Status, Successfully Completed, Status, Successfully Completed, Status, Successfully Completed, Status, Successfully Completed, Status, Successfully Completed, Status, Successfully Completed, Status, Successfully Completed, Status, Successfully Completed, Status, Successfully Completed, Status, Successfully Completed, Status, Successfully Completed, Status, Successfully Completed, Status, Successfully Completed, Status, Successfully Completed, Status, Successfully Completed, Status, Successfully Completed, Status, Successfully Completed, Status, Successfully Completed, Status, Successfully Completed, Status, Successfully Completed, Status, Successfully Completed, Status, Successfully Completed, Status, Successfully Completed, Status, Successfully Completed, Status, Successfully Completed, Status, Successfully Completed, Status, Successfully Completed, Status, Successfully Completed, Status, Successfully Completed, Status, Successfully Completed, Status, Successfully Completed, Status, Successfully Completed, Status, Successfully Completed, Status, Successfully Completed, Status, Successfully Completed, Status, Successfully Completed, Status, Successfully Completed, Status, Successfully Completed, Status, Successfully Completed, Status, Successfully Completed, Status, Successfully Completed, Status, Successfully Completed, Status, Successfully Completed, Status, Successfully Completed, Status, Successfully Completed, Status, Successfully Completed, Status, Successfully Completed, Status, Successfully Completed, Status, Successfully Completed, Status, Successfully Completed, Status, Successfully Completed, Status, Successfully Completed, Status, Successfully Completed, Status, Successfully Completed, Status, Successfully Completed, Status, Successfully Completed, Status, Successfully Completed, Status, Successfully Completed, Status, Successfully Completed, Status, Successfully Completed, Status, Successfully Completed, Status, Successfully Completed, Status, Successfully Completed, Status, Successfully Completed, Status, Successfully Completed, Status, Successfully Completed, Status, Successfully Completed, Status, Successfully Completed, Status, Successfully Completed, Status, Successfully Completed, Status, Successfully Completed, Status, Successfully Completed]
[neelback4more@gmail.com, Subho1991*, Status, Successfully Completed, Status, Successfully Completed, Status, Successfully Completed, Status, Successfully Completed, Status, Successfully Completed, Status, Successfully Completed, Status, Successfully Completed, Status, Successfully Completed, Status, Successfully Completed, Status, Successfully Completed, Status, Successfully Completed, Status, Successfully Completed, Status, Successfully Completed, Status, Successfully Completed, Status, Successfully Completed, Status, Successfully Completed, Status, Successfully Completed, Status, Successfully Completed, Status, Successfully Completed, Status, Successfully Completed, Status, Successfully Completed, Status, Successfully Completed, Status, Successfully Completed, Status, Successfully Completed, Status, Successfully Completed, Status, Successfully Completed, Status, Successfully Completed, Status, Successfully Completed, Status, Successfully Completed, Status, Successfully Completed, Status, Successfully Completed, Status, Successfully Completed, Status, Successfully Completed, Status, Successfully Completed, Status, Successfully Completed, Status, Successfully Completed, Status, Successfully Completed, Status, Successfully Completed, Status, Successfully Completed, Status, Successfully Completed, Status, Successfully Completed, Status, Successfully Completed, Status, Successfully Completed, Status, Successfully Completed, Status, Successfully Completed, Status, Successfully Completed, Status, Successfully Completed, Status, Successfully Completed, Status, Successfully Completed, Status, Successfully Completed, Status, Successfully Completed, Status, Successfully Completed, Status, Successfully Completed, Status, Successfully Completed, Status, Successfully Completed, Status, Successfully Completed, Status, Successfully Completed, Status, Successfully Completed, Status, Successfully Completed, Status, Successfully Completed, Status, Successfully Completed, Status, Successfully Completed, Status, Successfully Completed, Status, Successfully Completed, Status, Successfully Completed, Status, Successfully Completed, Status, Successfully Completed, Status, Successfully Completed, Status, Successfully Completed, Status, Successfully Completed, Status, Successfully Completed, Status, Successfully Completed, Status, Successfully Completed, Status, Successfully Completed, Status, Successfully Completed, Status, Successfully Completed, Status, Successfully Completed, Status, Successfully Completed, Status, Successfully Completed, Status, Successfully Completed, Status]
[neelback4more@gmail.com, Subho1991*, Status, Successfully Completed, Status, Successfully Completed, Status, Successfully Completed, Status, Successfully Completed, Status, Successfully Completed, Status, Successfully Completed, Status, Successfully Completed, Status, Successfully Completed, Status, Successfully Completed, Status, Successfully Completed, Status, Successfully Completed, Status, Successfully Completed, Status, Successfully Completed, Status, Successfully Completed, Status, Successfully Completed, Status, Successfully Completed, Status, Successfully Completed, Status, Successfully Completed, Status, Successfully Completed, Status, Successfully Completed, Status, Successfully Completed, Status, Successfully Completed, Status, Successfully Completed, Status, Successfully Completed, Status, Successfully Completed, Status, Successfully Completed, Status, Successfully Completed, Status, Successfully Completed, Status, Successfully Completed, Status, Successfully Completed, Status, Successfully Completed, Status, Successfully Completed, Status, Successfully Completed, Status, Successfully Completed, Status, Successfully Completed, Status, Successfully Completed, Status, Successfully Completed, Status, Successfully Completed, Status, Successfully Completed, Status, Successfully Completed, Status, Successfully Completed, Status, Successfully Completed, Status, Successfully Completed, Status, Successfully Completed, Status, Successfully Completed, Status, Successfully Completed, Status, Successfully Completed, Status, Successfully Completed, Status, Successfully Completed, Status, Successfully Completed, Status, Successfully Completed, Status, Successfully Completed, Status, Successfully Completed, Status, Successfully Completed, Status, Successfully Completed, Status, Successfully Completed, Status, Successfully Completed, Status, Successfully Completed, Status, Successfully Completed, Status, Successfully Completed, Status, Successfully Completed, Status, Successfully Completed, Status, Successfully Completed, Status, Successfully Completed, Status, Successfully Completed, Status, Successfully Completed, Status, Successfully Completed, Status, Successfully Completed, Status, Successfully Completed, Status, Successfully Completed, Status, Successfully Completed, Status, Successfully Completed, Status, Successfully Completed, Status, Successfully Completed, Status, Successfully Completed, Status, Successfully Completed, Status, Successfully Completed, Status, Successfully Completed, Status, Successfully Completed, Status, Successfully Completed, Status, Successfully Completed]
[neelback4more@gmail.com, Subho1991*, Status, Successfully Completed, Status, Successfully Completed, Status, Successfully Completed, Status, Successfully Completed, Status, Successfully Completed, Status, Successfully Completed, Status, Successfully Completed, Status, Successfully Completed, Status, Successfully Completed, Status, Successfully Completed, Status, Successfully Completed, Status, Successfully Completed, Status, Successfully Completed, Status, Successfully Completed, Status, Successfully Completed, Status, Successfully Completed, Status, Successfully Completed, Status, Successfully Completed, Status, Successfully Completed, Status, Successfully Completed, Status, Successfully Completed, Status, Successfully Completed, Status, Successfully Completed, Status, Successfully Completed, Status, Successfully Completed, Status, Successfully Completed, Status, Successfully Completed, Status, Successfully Completed, Status, Successfully Completed, Status, Successfully Completed, Status, Successfully Completed, Status, Successfully Completed, Status, Successfully Completed, Status, Successfully Completed, Status, Successfully Completed, Status, Successfully Completed, Status, Successfully Completed, Status, Successfully Completed, Status, Successfully Completed, Status, Successfully Completed, Status, Successfully Completed, Status, Successfully Completed, Status, Successfully Completed, Status, Successfully Completed, Status, Successfully Completed, Status, Successfully Completed, Status, Successfully Completed, Status, Successfully Completed, Status, Successfully Completed, Status, Successfully Completed, Status, Successfully Completed, Status, Successfully Completed, Status, Successfully Completed, Status, Successfully Completed, Status, Successfully Completed, Status, Successfully Completed, Status, Successfully Completed, Status, Successfully Completed, Status, Successfully Completed, Status, Successfully Completed, Status, Successfully Completed, Status, Successfully Completed, Status, Successfully Completed, Status, Successfully Completed, Status, Successfully Completed, Status, Successfully Completed, Status, Successfully Completed, Status, Successfully Completed, Status, Successfully Completed, Status, Successfully Completed, Status, Successfully Completed, Status, Successfully Completed, Status, Successfully Completed, Status, Successfully Completed, Status, Successfully Completed, Status, Successfully Completed, Status, Successfully Completed, Status, Successfully Completed, Status, Successfully Completed, Status, Successfully Completed, Status, Successfully Completed, Status]
[neelback4more@gmail.com, Subho1991*, Status, Successfully Completed, Status, Successfully Completed, Status, Successfully Completed, Status, Successfully Completed, Status, Successfully Completed, Status, Successfully Completed, Status, Successfully Completed, Status, Successfully Completed, Status, Successfully Completed, Status, Successfully Completed, Status, Successfully Completed, Status, Successfully Completed, Status, Successfully Completed, Status, Successfully Completed, Status, Successfully Completed, Status, Successfully Completed, Status, Successfully Completed, Status, Successfully Completed, Status, Successfully Completed, Status, Successfully Completed, Status, Successfully Completed, Status, Successfully Completed, Status, Successfully Completed, Status, Successfully Completed, Status, Successfully Completed, Status, Successfully Completed, Status, Successfully Completed, Status, Successfully Completed, Status, Successfully Completed, Status, Successfully Completed, Status, Successfully Completed, Status, Successfully Completed, Status, Successfully Completed, Status, Successfully Completed, Status, Successfully Completed, Status, Successfully Completed, Status, Successfully Completed, Status, Successfully Completed, Status, Successfully Completed, Status, Successfully Completed, Status, Successfully Completed, Status, Successfully Completed, Status, Successfully Completed, Status, Successfully Completed, Status, Successfully Completed, Status, Successfully Completed, Status, Successfully Completed, Status, Successfully Completed, Status, Successfully Completed, Status, Successfully Completed, Status, Successfully Completed, Status, Successfully Completed, Status, Successfully Completed, Status, Successfully Completed, Status, Successfully Completed, Status, Successfully Completed, Status, Successfully Completed, Status, Successfully Completed, Status, Successfully Completed, Status, Successfully Completed, Status, Successfully Completed, Status, Successfully Completed, Status, Successfully Completed, Status, Successfully Completed, Status, Successfully Completed, Status, Successfully Completed, Status, Successfully Completed, Status, Successfully Completed, Status, Successfully Completed, Status, Successfully Completed, Status, Successfully Completed, Status, Successfully Completed, Status, Successfully Completed, Status, Successfully Completed, Status, Successfully Completed, Status, Successfully Completed, Status, Successfully Completed, Status, Successfully Completed, Status, Successfully Completed, Status, Successfully Completed, Status, Successfully Completed, Status, Successfully Completed]
[neelback4more@gmail.com, Subho1991*, Status, Successfully Completed, Status, Successfully Completed, Status, Successfully Completed, Status, Successfully Completed, Status, Successfully Completed, Status, Successfully Completed, Status, Successfully Completed, Status, Successfully Completed, Status, Successfully Completed, Status, Successfully Completed, Status, Successfully Completed, Status, Successfully Completed, Status, Successfully Completed, Status, Successfully Completed, Status, Successfully Completed, Status, Successfully Completed, Status, Successfully Completed, Status, Successfully Completed, Status, Successfully Completed, Status, Successfully Completed, Status, Successfully Completed, Status, Successfully Completed, Status, Successfully Completed, Status, Successfully Completed, Status, Successfully Completed, Status, Successfully Completed, Status, Successfully Completed, Status, Successfully Completed, Status, Successfully Completed, Status, Successfully Completed, Status, Successfully Completed, Status, Successfully Completed, Status, Successfully Completed, Status, Successfully Completed, Status, Successfully Completed, Status, Successfully Completed, Status, Successfully Completed, Status, Successfully Completed, Status, Successfully Completed, Status, Successfully Completed, Status, Successfully Completed, Status, Successfully Completed, Status, Successfully Completed, Status, Successfully Completed, Status, Successfully Completed, Status, Successfully Completed, Status, Successfully Completed, Status, Successfully Completed, Status, Successfully Completed, Status, Successfully Completed, Status, Successfully Completed, Status, Successfully Completed, Status, Successfully Completed, Status, Successfully Completed, Status, Successfully Completed, Status, Successfully Completed, Status, Successfully Completed, Status, Successfully Completed, Status, Successfully Completed, Status, Successfully Completed, Status, Successfully Completed, Status, Successfully Completed, Status, Successfully Completed, Status, Successfully Completed, Status, Successfully Completed, Status, Successfully Completed, Status, Successfully Completed, Status, Successfully Completed, Status, Successfully Completed, Status, Successfully Completed, Status, Successfully Completed, Status, Successfully Completed, Status, Successfully Completed, Status, Successfully Completed, Status, Successfully Completed, Status, Successfully Completed, Status, Successfully Completed, Status, Successfully Completed, Status, Successfully Completed, Status, Successfully Completed, Status, Successfully Completed, Status, Successfully Completed, Status]
[neelback4more@gmail.com, Subho1991*, Status, Successfully Completed, Status, Successfully Completed, Status, Successfully Completed, Status, Successfully Completed, Status, Successfully Completed, Status, Successfully Completed, Status, Successfully Completed, Status, Successfully Completed, Status, Successfully Completed, Status, Successfully Completed, Status, Successfully Completed, Status, Successfully Completed, Status, Successfully Completed, Status, Successfully Completed, Status, Successfully Completed, Status, Successfully Completed, Status, Successfully Completed, Status, Successfully Completed, Status, Successfully Completed, Status, Successfully Completed, Status, Successfully Completed, Status, Successfully Completed, Status, Successfully Completed, Status, Successfully Completed, Status, Successfully Completed, Status, Successfully Completed, Status, Successfully Completed, Status, Successfully Completed, Status, Successfully Completed, Status, Successfully Completed, Status, Successfully Completed, Status, Successfully Completed, Status, Successfully Completed, Status, Successfully Completed, Status, Successfully Completed, Status, Successfully Completed, Status, Successfully Completed, Status, Successfully Completed, Status, Successfully Completed, Status, Successfully Completed, Status, Successfully Completed, Status, Successfully Completed, Status, Successfully Completed, Status, Successfully Completed, Status, Successfully Completed, Status, Successfully Completed, Status, Successfully Completed, Status, Successfully Completed, Status, Successfully Completed, Status, Successfully Completed, Status, Successfully Completed, Status, Successfully Completed, Status, Successfully Completed, Status, Successfully Completed, Status, Successfully Completed, Status, Successfully Completed, Status, Successfully Completed, Status, Successfully Completed, Status, Successfully Completed, Status, Successfully Completed, Status, Successfully Completed, Status, Successfully Completed, Status, Successfully Completed, Status, Successfully Completed, Status, Successfully Completed, Status, Successfully Completed, Status, Successfully Completed, Status, Successfully Completed, Status, Successfully Completed, Status, Successfully Completed, Status, Successfully Completed, Status, Successfully Completed, Status, Successfully Completed, Status, Successfully Completed, Status, Successfully Completed, Status, Successfully Completed, Status, Successfully Completed, Status, Successfully Completed, Status, Successfully Completed, Status, Successfully Completed, Status, Successfully Completed, Status, Successfully Completed, Status, Successfully Completed]
[neelback4more@gmail.com, Subho1991*, Status, Successfully Completed, Status, Successfully Completed, Status, Successfully Completed, Status, Successfully Completed, Status, Successfully Completed, Status, Successfully Completed, Status, Successfully Completed, Status, Successfully Completed, Status, Successfully Completed, Status, Successfully Completed, Status, Successfully Completed, Status, Successfully Completed, Status, Successfully Completed, Status, Successfully Completed, Status, Successfully Completed, Status, Successfully Completed, Status, Successfully Completed, Status, Successfully Completed, Status, Successfully Completed, Status, Successfully Completed, Status, Successfully Completed, Status, Successfully Completed, Status, Successfully Completed, Status, Successfully Completed, Status, Successfully Completed, Status, Successfully Completed, Status, Successfully Completed, Status, Successfully Completed, Status, Successfully Completed, Status, Successfully Completed, Status, Successfully Completed, Status, Successfully Completed, Status, Successfully Completed, Status, Successfully Completed, Status, Successfully Completed, Status, Successfully Completed, Status, Successfully Completed, Status, Successfully Completed, Status, Successfully Completed, Status, Successfully Completed, Status, Successfully Completed, Status, Successfully Completed, Status, Successfully Completed, Status, Successfully Completed, Status, Successfully Completed, Status, Successfully Completed, Status, Successfully Completed, Status, Successfully Completed, Status, Successfully Completed, Status, Successfully Completed, Status, Successfully Completed, Status, Successfully Completed, Status, Successfully Completed, Status, Successfully Completed, Status, Successfully Completed, Status, Successfully Completed, Status, Successfully Completed, Status, Successfully Completed, Status, Successfully Completed, Status, Successfully Completed, Status, Successfully Completed, Status, Successfully Completed, Status, Successfully Completed, Status, Successfully Completed, Status, Successfully Completed, Status, Successfully Completed, Status, Successfully Completed, Status, Successfully Completed, Status, Successfully Completed, Status, Successfully Completed, Status, Successfully Completed, Status, Successfully Completed, Status, Successfully Completed, Status, Successfully Completed, Status, Successfully Completed, Status, Successfully Completed, Status, Successfully Completed, Status, Successfully Completed, Status, Successfully Completed, Status, Successfully Completed, Status, Successfully Completed, Status, Successfully Completed, Status, Successfully Completed, Status]
[neelback4more@gmail.com, Subho1991*, Status, Successfully Completed, Status, Successfully Completed, Status, Successfully Completed, Status, Successfully Completed, Status, Successfully Completed, Status, Successfully Completed, Status, Successfully Completed, Status, Successfully Completed, Status, Successfully Completed, Status, Successfully Completed, Status, Successfully Completed, Status, Successfully Completed, Status, Successfully Completed, Status, Successfully Completed, Status, Successfully Completed, Status, Successfully Completed, Status, Successfully Completed, Status, Successfully Completed, Status, Successfully Completed, Status, Successfully Completed, Status, Successfully Completed, Status, Successfully Completed, Status, Successfully Completed, Status, Successfully Completed, Status, Successfully Completed, Status, Successfully Completed, Status, Successfully Completed, Status, Successfully Completed, Status, Successfully Completed, Status, Successfully Completed, Status, Successfully Completed, Status, Successfully Completed, Status, Successfully Completed, Status, Successfully Completed, Status, Successfully Completed, Status, Successfully Completed, Status, Successfully Completed, Status, Successfully Completed, Status, Successfully Completed, Status, Successfully Completed, Status, Successfully Completed, Status, Successfully Completed, Status, Successfully Completed, Status, Successfully Completed, Status, Successfully Completed, Status, Successfully Completed, Status, Successfully Completed, Status, Successfully Completed, Status, Successfully Completed, Status, Successfully Completed, Status, Successfully Completed, Status, Successfully Completed, Status, Successfully Completed, Status, Successfully Completed, Status, Successfully Completed, Status, Successfully Completed, Status, Successfully Completed, Status, Successfully Completed, Status, Successfully Completed, Status, Successfully Completed, Status, Successfully Completed, Status, Successfully Completed, Status, Successfully Completed, Status, Successfully Completed, Status, Successfully Completed, Status, Successfully Completed, Status, Successfully Completed, Status, Successfully Completed, Status, Successfully Completed, Status, Successfully Completed, Status, Successfully Completed, Status, Successfully Completed, Status, Successfully Completed, Status, Successfully Completed, Status, Successfully Completed, Status, Successfully Completed, Status, Successfully Completed, Status, Successfully Completed, Status, Successfully Completed, Status, Successfully Completed, Status, Successfully Completed, Status, Successfully Completed, Status, Successfully Completed, Status, Successfully Completed]
[neelback4more@gmail.com, Subho1991*, Status, Successfully Completed, Status, Successfully Completed, Status, Successfully Completed, Status, Successfully Completed, Status, Successfully Completed, Status, Successfully Completed, Status, Successfully Completed, Status, Successfully Completed, Status, Successfully Completed, Status, Successfully Completed, Status, Successfully Completed, Status, Successfully Completed, Status, Successfully Completed, Status, Successfully Completed, Status, Successfully Completed, Status, Successfully Completed, Status, Successfully Completed, Status, Successfully Completed, Status, Successfully Completed, Status, Successfully Completed, Status, Successfully Completed, Status, Successfully Completed, Status, Successfully Completed, Status, Successfully Completed, Status, Successfully Completed, Status, Successfully Completed, Status, Successfully Completed, Status, Successfully Completed, Status, Successfully Completed, Status, Successfully Completed, Status, Successfully Completed, Status, Successfully Completed, Status, Successfully Completed, Status, Successfully Completed, Status, Successfully Completed, Status, Successfully Completed, Status, Successfully Completed, Status, Successfully Completed, Status, Successfully Completed, Status, Successfully Completed, Status, Successfully Completed, Status, Successfully Completed, Status, Successfully Completed, Status, Successfully Completed, Status, Successfully Completed, Status, Successfully Completed, Status, Successfully Completed, Status, Successfully Completed, Status, Successfully Completed, Status, Successfully Completed, Status, Successfully Completed, Status, Successfully Completed, Status, Successfully Completed, Status, Successfully Completed, Status, Successfully Completed, Status, Successfully Completed, Status, Successfully Completed, Status, Successfully Completed, Status, Successfully Completed, Status, Successfully Completed, Status, Successfully Completed, Status, Successfully Completed, Status, Successfully Completed, Status, Successfully Completed, Status, Successfully Completed, Status, Successfully Completed, Status, Successfully Completed, Status, Successfully Completed, Status, Successfully Completed, Status, Successfully Completed, Status, Successfully Completed, Status, Successfully Completed, Status, Successfully Completed, Status, Successfully Completed, Status, Successfully Completed, Status, Successfully Completed, Status, Successfully Completed, Status, Successfully Completed, Status, Successfully Completed, Status, Successfully Completed, Status, Successfully Completed, Status, Successfully Completed, Status, Successfully Completed, Status, Successfully Completed, Status]
[neelback4more@gmail.com, Subho1991*, Status, Successfully Completed, Status, Successfully Completed, Status, Successfully Completed, Status, Successfully Completed, Status, Successfully Completed, Status, Successfully Completed, Status, Successfully Completed, Status, Successfully Completed, Status, Successfully Completed, Status, Successfully Completed, Status, Successfully Completed, Status, Successfully Completed, Status, Successfully Completed, Status, Successfully Completed, Status, Successfully Completed, Status, Successfully Completed, Status, Successfully Completed, Status, Successfully Completed, Status, Successfully Completed, Status, Successfully Completed, Status, Successfully Completed, Status, Successfully Completed, Status, Successfully Completed, Status, Successfully Completed, Status, Successfully Completed, Status, Successfully Completed, Status, Successfully Completed, Status, Successfully Completed, Status, Successfully Completed, Status, Successfully Completed, Status, Successfully Completed, Status, Successfully Completed, Status, Successfully Completed, Status, Successfully Completed, Status, Successfully Completed, Status, Successfully Completed, Status, Successfully Completed, Status, Successfully Completed, Status, Successfully Completed, Status, Successfully Completed, Status, Successfully Completed, Status, Successfully Completed, Status, Successfully Completed, Status, Successfully Completed, Status, Successfully Completed, Status, Successfully Completed, Status, Successfully Completed, Status, Successfully Completed, Status, Successfully Completed, Status, Successfully Completed, Status, Successfully Completed, Status, Successfully Completed, Status, Successfully Completed, Status, Successfully Completed, Status, Successfully Completed, Status, Successfully Completed, Status, Successfully Completed, Status, Successfully Completed, Status, Successfully Completed, Status, Successfully Completed, Status, Successfully Completed, Status, Successfully Completed, Status, Successfully Completed, Status, Successfully Completed, Status, Successfully Completed, Status, Successfully Completed, Status, Successfully Completed, Status, Successfully Completed, Status, Successfully Completed, Status, Successfully Completed, Status, Successfully Completed, Status, Successfully Completed, Status, Successfully Completed, Status, Successfully Completed, Status, Successfully Completed, Status, Successfully Completed, Status, Successfully Completed, Status, Successfully Completed, Status, Successfully Completed, Status, Successfully Completed, Status, Successfully Completed, Status, Successfully Completed, Status, Successfully Completed, Status, Successfully Completed, Status, Successfully Completed]
[neelback4more@gmail.com, Subho1991*, Status, Successfully Completed, Status, Successfully Completed, Status, Successfully Completed, Status, Successfully Completed, Status, Successfully Completed, Status, Successfully Completed, Status, Successfully Completed, Status, Successfully Completed, Status, Successfully Completed, Status, Successfully Completed, Status, Successfully Completed, Status, Successfully Completed, Status, Successfully Completed, Status, Successfully Completed, Status, Successfully Completed, Status, Successfully Completed, Status, Successfully Completed, Status, Successfully Completed, Status, Successfully Completed, Status, Successfully Completed, Status, Successfully Completed, Status, Successfully Completed, Status, Successfully Completed, Status, Successfully Completed, Status, Successfully Completed, Status, Successfully Completed, Status, Successfully Completed, Status, Successfully Completed, Status, Successfully Completed, Status, Successfully Completed, Status, Successfully Completed, Status, Successfully Completed, Status, Successfully Completed, Status, Successfully Completed, Status, Successfully Completed, Status, Successfully Completed, Status, Successfully Completed, Status, Successfully Completed, Status, Successfully Completed, Status, Successfully Completed, Status, Successfully Completed, Status, Successfully Completed, Status, Successfully Completed, Status, Successfully Completed, Status, Successfully Completed, Status, Successfully Completed, Status, Successfully Completed, Status, Successfully Completed, Status, Successfully Completed, Status, Successfully Completed, Status, Successfully Completed, Status, Successfully Completed, Status, Successfully Completed, Status, Successfully Completed, Status, Successfully Completed, Status, Successfully Completed, Status, Successfully Completed, Status, Successfully Completed, Status, Successfully Completed, Status, Successfully Completed, Status, Successfully Completed, Status, Successfully Completed, Status, Successfully Completed, Status, Successfully Completed, Status, Successfully Completed, Status, Successfully Completed, Status, Successfully Completed, Status, Successfully Completed, Status, Successfully Completed, Status, Successfully Completed, Status, Successfully Completed, Status, Successfully Completed, Status, Successfully Completed, Status, Successfully Completed, Status, Successfully Completed, Status, Successfully Completed, Status, Successfully Completed, Status, Successfully Completed, Status, Successfully Completed, Status, Successfully Completed, Status, Successfully Completed, Status, Successfully Completed, Status, Successfully Completed, Status, Successfully Completed, Status, Successfully Completed, Status]
[neelback4more@gmail.com, Subho1991*, Status, Successfully Completed, Status, Successfully Completed, Status, Successfully Completed, Status, Successfully Completed, Status, Successfully Completed, Status, Successfully Completed, Status, Successfully Completed, Status, Successfully Completed, Status, Successfully Completed, Status, Successfully Completed, Status, Successfully Completed, Status, Successfully Completed, Status, Successfully Completed, Status, Successfully Completed, Status, Successfully Completed, Status, Successfully Completed, Status, Successfully Completed, Status, Successfully Completed, Status, Successfully Completed, Status, Successfully Completed, Status, Successfully Completed, Status, Successfully Completed, Status, Successfully Completed, Status, Successfully Completed, Status, Successfully Completed, Status, Successfully Completed, Status, Successfully Completed, Status, Successfully Completed, Status, Successfully Completed, Status, Successfully Completed, Status, Successfully Completed, Status, Successfully Completed, Status, Successfully Completed, Status, Successfully Completed, Status, Successfully Completed, Status, Successfully Completed, Status, Successfully Completed, Status, Successfully Completed, Status, Successfully Completed, Status, Successfully Completed, Status, Successfully Completed, Status, Successfully Completed, Status, Successfully Completed, Status, Successfully Completed, Status, Successfully Completed, Status, Successfully Completed, Status, Successfully Completed, Status, Successfully Completed, Status, Successfully Completed, Status, Successfully Completed, Status, Successfully Completed, Status, Successfully Completed, Status, Successfully Completed, Status, Successfully Completed, Status, Successfully Completed, Status, Successfully Completed, Status, Successfully Completed, Status, Successfully Completed, Status, Successfully Completed, Status, Successfully Completed, Status, Successfully Completed, Status, Successfully Completed, Status, Successfully Completed, Status, Successfully Completed, Status, Successfully Completed, Status, Successfully Completed, Status, Successfully Completed, Status, Successfully Completed, Status, Successfully Completed, Status, Successfully Completed, Status, Successfully Completed, Status, Successfully Completed, Status, Successfully Completed, Status, Successfully Completed, Status, Successfully Completed, Status, Successfully Completed, Status, Successfully Completed, Status, Successfully Completed, Status, Successfully Completed, Status, Successfully Completed, Status, Successfully Completed, Status, Successfully Completed, Status, Successfully Completed, Status, Successfully Completed, Status, Successfully Completed, Status, Successfully Completed]
[neelback4more@gmail.com, Subho1991*, Status, Successfully Completed, Status, Successfully Completed, Status, Successfully Completed, Status, Successfully Completed, Status, Successfully Completed, Status, Successfully Completed, Status, Successfully Completed, Status, Successfully Completed, Status, Successfully Completed, Status, Successfully Completed, Status, Successfully Completed, Status, Successfully Completed, Status, Successfully Completed, Status, Successfully Completed, Status, Successfully Completed, Status, Successfully Completed, Status, Successfully Completed, Status, Successfully Completed, Status, Successfully Completed, Status, Successfully Completed, Status, Successfully Completed, Status, Successfully Completed, Status, Successfully Completed, Status, Successfully Completed, Status, Successfully Completed, Status, Successfully Completed, Status, Successfully Completed, Status, Successfully Completed, Status, Successfully Completed, Status, Successfully Completed, Status, Successfully Completed, Status, Successfully Completed, Status, Successfully Completed, Status, Successfully Completed, Status, Successfully Completed, Status, Successfully Completed, Status, Successfully Completed, Status, Successfully Completed, Status, Successfully Completed, Status, Successfully Completed, Status, Successfully Completed, Status, Successfully Completed, Status, Successfully Completed, Status, Successfully Completed, Status, Successfully Completed, Status, Successfully Completed, Status, Successfully Completed, Status, Successfully Completed, Status, Successfully Completed, Status, Successfully Completed, Status, Successfully Completed, Status, Successfully Completed, Status, Successfully Completed, Status, Successfully Completed, Status, Successfully Completed, Status, Successfully Completed, Status, Successfully Completed, Status, Successfully Completed, Status, Successfully Completed, Status, Successfully Completed, Status, Successfully Completed, Status, Successfully Completed, Status, Successfully Completed, Status, Successfully Completed, Status, Successfully Completed, Status, Successfully Completed, Status, Successfully Completed, Status, Successfully Completed, Status, Successfully Completed, Status, Successfully Completed, Status, Successfully Completed, Status, Successfully Completed, Status, Successfully Completed, Status, Successfully Completed, Status, Successfully Completed, Status, Successfully Completed, Status, Successfully Completed, Status, Successfully Completed, Status, Successfully Completed, Status, Successfully Completed, Status, Successfully Completed, Status, Successfully Completed, Status, Successfully Completed, Status, Successfully Completed, Status, Successfully Completed, Status, Successfully Completed, Status]
[neelback4more@gmail.com, Subho1991*, Status, Successfully Completed, Status, Successfully Completed, Status, Successfully Completed, Status, Successfully Completed, Status, Successfully Completed, Status, Successfully Completed, Status, Successfully Completed, Status, Successfully Completed, Status, Successfully Completed, Status, Successfully Completed, Status, Successfully Completed, Status, Successfully Completed, Status, Successfully Completed, Status, Successfully Completed, Status, Successfully Completed, Status, Successfully Completed, Status, Successfully Completed, Status, Successfully Completed, Status, Successfully Completed, Status, Successfully Completed, Status, Successfully Completed, Status, Successfully Completed, Status, Successfully Completed, Status, Successfully Completed, Status, Successfully Completed, Status, Successfully Completed, Status, Successfully Completed, Status, Successfully Completed, Status, Successfully Completed, Status, Successfully Completed, Status, Successfully Completed, Status, Successfully Completed, Status, Successfully Completed, Status, Successfully Completed, Status, Successfully Completed, Status, Successfully Completed, Status, Successfully Completed, Status, Successfully Completed, Status, Successfully Completed, Status, Successfully Completed, Status, Successfully Completed, Status, Successfully Completed, Status, Successfully Completed, Status, Successfully Completed, Status, Successfully Completed, Status, Successfully Completed, Status, Successfully Completed, Status, Successfully Completed, Status, Successfully Completed, Status, Successfully Completed, Status, Successfully Completed, Status, Successfully Completed, Status, Successfully Completed, Status, Successfully Completed, Status, Successfully Completed, Status, Successfully Completed, Status, Successfully Completed, Status, Successfully Completed, Status, Successfully Completed, Status, Successfully Completed, Status, Successfully Completed, Status, Successfully Completed, Status, Successfully Completed, Status, Successfully Completed, Status, Successfully Completed, Status, Successfully Completed, Status, Successfully Completed, Status, Successfully Completed, Status, Successfully Completed, Status, Successfully Completed, Status, Successfully Completed, Status, Successfully Completed, Status, Successfully Completed, Status, Successfully Completed, Status, Successfully Completed, Status, Successfully Completed, Status, Successfully Completed, Status, Successfully Completed, Status, Successfully Completed, Status, Successfully Completed, Status, Successfully Completed, Status, Successfully Completed, Status, Successfully Completed, Status, Successfully Completed, Status, Successfully Completed, Status, Successfully Completed, Status, Successfully Completed]
[neelback4more@gmail.com, Subho1991*, Status, Successfully Completed, Status, Successfully Completed, Status, Successfully Completed, Status, Successfully Completed, Status, Successfully Completed, Status, Successfully Completed, Status, Successfully Completed, Status, Successfully Completed, Status, Successfully Completed, Status, Successfully Completed, Status, Successfully Completed, Status, Successfully Completed, Status, Successfully Completed, Status, Successfully Completed, Status, Successfully Completed, Status, Successfully Completed, Status, Successfully Completed, Status, Successfully Completed, Status, Successfully Completed, Status, Successfully Completed, Status, Successfully Completed, Status, Successfully Completed, Status, Successfully Completed, Status, Successfully Completed, Status, Successfully Completed, Status, Successfully Completed, Status, Successfully Completed, Status, Successfully Completed, Status, Successfully Completed, Status, Successfully Completed, Status, Successfully Completed, Status, Successfully Completed, Status, Successfully Completed, Status, Successfully Completed, Status, Successfully Completed, Status, Successfully Completed, Status, Successfully Completed, Status, Successfully Completed, Status, Successfully Completed, Status, Successfully Completed, Status, Successfully Completed, Status, Successfully Completed, Status, Successfully Completed, Status, Successfully Completed, Status, Successfully Completed, Status, Successfully Completed, Status, Successfully Completed, Status, Successfully Completed, Status, Successfully Completed, Status, Successfully Completed, Status, Successfully Completed, Status, Successfully Completed, Status, Successfully Completed, Status, Successfully Completed, Status, Successfully Completed, Status, Successfully Completed, Status, Successfully Completed, Status, Successfully Completed, Status, Successfully Completed, Status, Successfully Completed, Status, Successfully Completed, Status, Successfully Completed, Status, Successfully Completed, Status, Successfully Completed, Status, Successfully Completed, Status, Successfully Completed, Status, Successfully Completed, Status, Successfully Completed, Status, Successfully Completed, Status, Successfully Completed, Status, Successfully Completed, Status, Successfully Completed, Status, Successfully Completed, Status, Successfully Completed, Status, Successfully Completed, Status, Successfully Completed, Status, Successfully Completed, Status, Successfully Completed, Status, Successfully Completed, Status, Successfully Completed, Status, Successfully Completed, Status, Successfully Completed, Status, Successfully Completed, Status, Successfully Completed, Status, Successfully Completed, Status, Successfully Completed, Status, Successfully Completed, Status]
[neelback4more@gmail.com, Subho1991*, Status, Successfully Completed, Status, Successfully Completed, Status, Successfully Completed, Status, Successfully Completed, Status, Successfully Completed, Status, Successfully Completed, Status, Successfully Completed, Status, Successfully Completed, Status, Successfully Completed, Status, Successfully Completed, Status, Successfully Completed, Status, Successfully Completed, Status, Successfully Completed, Status, Successfully Completed, Status, Successfully Completed, Status, Successfully Completed, Status, Successfully Completed, Status, Successfully Completed, Status, Successfully Completed, Status, Successfully Completed, Status, Successfully Completed, Status, Successfully Completed, Status, Successfully Completed, Status, Successfully Completed, Status, Successfully Completed, Status, Successfully Completed, Status, Successfully Completed, Status, Successfully Completed, Status, Successfully Completed, Status, Successfully Completed, Status, Successfully Completed, Status, Successfully Completed, Status, Successfully Completed, Status, Successfully Completed, Status, Successfully Completed, Status, Successfully Completed, Status, Successfully Completed, Status, Successfully Completed, Status, Successfully Completed, Status, Successfully Completed, Status, Successfully Completed, Status, Successfully Completed, Status, Successfully Completed, Status, Successfully Completed, Status, Successfully Completed, Status, Successfully Completed, Status, Successfully Completed, Status, Successfully Completed, Status, Successfully Completed, Status, Successfully Completed, Status, Successfully Completed, Status, Successfully Completed, Status, Successfully Completed, Status, Successfully Completed, Status, Successfully Completed, Status, Successfully Completed, Status, Successfully Completed, Status, Successfully Completed, Status, Successfully Completed, Status, Successfully Completed, Status, Successfully Completed, Status, Successfully Completed, Status, Successfully Completed, Status, Successfully Completed, Status, Successfully Completed, Status, Successfully Completed, Status, Successfully Completed, Status, Successfully Completed, Status, Successfully Completed, Status, Successfully Completed, Status, Successfully Completed, Status, Successfully Completed, Status, Successfully Completed, Status, Successfully Completed, Status, Successfully Completed, Status, Successfully Completed, Status, Successfully Completed, Status, Successfully Completed, Status, Successfully Completed, Status, Successfully Completed, Status, Successfully Completed, Status, Successfully Completed, Status, Successfully Completed, Status, Successfully Completed, Status, Successfully Completed, Status, Successfully Completed, Status, Successfully Completed, Status, Successfully Completed]
[neelback4more@gmail.com, Subho1991*, Status, Successfully Completed, Status, Successfully Completed, Status, Successfully Completed, Status, Successfully Completed, Status, Successfully Completed, Status, Successfully Completed, Status, Successfully Completed, Status, Successfully Completed, Status, Successfully Completed, Status, Successfully Completed, Status, Successfully Completed, Status, Successfully Completed, Status, Successfully Completed, Status, Successfully Completed, Status, Successfully Completed, Status, Successfully Completed, Status, Successfully Completed, Status, Successfully Completed, Status, Successfully Completed, Status, Successfully Completed, Status, Successfully Completed, Status, Successfully Completed, Status, Successfully Completed, Status, Successfully Completed, Status, Successfully Completed, Status, Successfully Completed, Status, Successfully Completed, Status, Successfully Completed, Status, Successfully Completed, Status, Successfully Completed, Status, Successfully Completed, Status, Successfully Completed, Status, Successfully Completed, Status, Successfully Completed, Status, Successfully Completed, Status, Successfully Completed, Status, Successfully Completed, Status, Successfully Completed, Status, Successfully Completed, Status, Successfully Completed, Status, Successfully Completed, Status, Successfully Completed, Status, Successfully Completed, Status, Successfully Completed, Status, Successfully Completed, Status, Successfully Completed, Status, Successfully Completed, Status, Successfully Completed, Status, Successfully Completed, Status, Successfully Completed, Status, Successfully Completed, Status, Successfully Completed, Status, Successfully Completed, Status, Successfully Completed, Status, Successfully Completed, Status, Successfully Completed, Status, Successfully Completed, Status, Successfully Completed, Status, Successfully Completed, Status, Successfully Completed, Status, Successfully Completed, Status, Successfully Completed, Status, Successfully Completed, Status, Successfully Completed, Status, Successfully Completed, Status, Successfully Completed, Status, Successfully Completed, Status, Successfully Completed, Status, Successfully Completed, Status, Successfully Completed, Status, Successfully Completed, Status, Successfully Completed, Status, Successfully Completed, Status, Successfully Completed, Status, Successfully Completed, Status, Successfully Completed, Status, Successfully Completed, Status, Successfully Completed, Status, Successfully Completed, Status, Successfully Completed, Status, Successfully Completed, Status, Successfully Completed, Status, Successfully Completed, Status, Successfully Completed, Status, Successfully Completed, Status, Successfully Completed, Status, Successfully Completed, Status, Successfully Completed, Status]
[neelback4more@gmail.com, Subho1991*, Status, Successfully Completed, Status, Successfully Completed, Status, Successfully Completed, Status, Successfully Completed, Status, Successfully Completed, Status, Successfully Completed, Status, Successfully Completed, Status, Successfully Completed, Status, Successfully Completed, Status, Successfully Completed, Status, Successfully Completed, Status, Successfully Completed, Status, Successfully Completed, Status, Successfully Completed, Status, Successfully Completed, Status, Successfully Completed, Status, Successfully Completed, Status, Successfully Completed, Status, Successfully Completed, Status, Successfully Completed, Status, Successfully Completed, Status, Successfully Completed, Status, Successfully Completed, Status, Successfully Completed, Status, Successfully Completed, Status, Successfully Completed, Status, Successfully Completed, Status, Successfully Completed, Status, Successfully Completed, Status, Successfully Completed, Status, Successfully Completed, Status, Successfully Completed, Status, Successfully Completed, Status, Successfully Completed, Status, Successfully Completed, Status, Successfully Completed, Status, Successfully Completed, Status, Successfully Completed, Status, Successfully Completed, Status, Successfully Completed, Status, Successfully Completed, Status, Successfully Completed, Status, Successfully Completed, Status, Successfully Completed, Status, Successfully Completed, Status, Successfully Completed, Status, Successfully Completed, Status, Successfully Completed, Status, Successfully Completed, Status, Successfully Completed, Status, Successfully Completed, Status, Successfully Completed, Status, Successfully Completed, Status, Successfully Completed, Status, Successfully Completed, Status, Successfully Completed, Status, Successfully Completed, Status, Successfully Completed, Status, Successfully Completed, Status, Successfully Completed, Status, Successfully Completed, Status, Successfully Completed, Status, Successfully Completed, Status, Successfully Completed, Status, Successfully Completed, Status, Successfully Completed, Status, Successfully Completed, Status, Successfully Completed, Status, Successfully Completed, Status, Successfully Completed, Status, Successfully Completed, Status, Successfully Completed, Status, Successfully Completed, Status, Successfully Completed, Status, Successfully Completed, Status, Successfully Completed, Status, Successfully Completed, Status, Successfully Completed, Status, Successfully Completed, Status, Successfully Completed, Status, Successfully Completed, Status, Successfully Completed, Status, Successfully Completed, Status, Successfully Completed, Status, Successfully Completed, Status, Successfully Completed, Status, Successfully Completed, Status, Successfully Completed, Status, Successfully Completed]
[neelback4more@gmail.com, Subho1991*, Status, Successfully Completed, Status, Successfully Completed, Status, Successfully Completed, Status, Successfully Completed, Status, Successfully Completed, Status, Successfully Completed, Status, Successfully Completed, Status, Successfully Completed, Status, Successfully Completed, Status, Successfully Completed, Status, Successfully Completed, Status, Successfully Completed, Status, Successfully Completed, Status, Successfully Completed, Status, Successfully Completed, Status, Successfully Completed, Status, Successfully Completed, Status, Successfully Completed, Status, Successfully Completed, Status, Successfully Completed, Status, Successfully Completed, Status, Successfully Completed, Status, Successfully Completed, Status, Successfully Completed, Status, Successfully Completed, Status, Successfully Completed, Status, Successfully Completed, Status, Successfully Completed, Status, Successfully Completed, Status, Successfully Completed, Status, Successfully Completed, Status, Successfully Completed, Status, Successfully Completed, Status, Successfully Completed, Status, Successfully Completed, Status, Successfully Completed, Status, Successfully Completed, Status, Successfully Completed, Status, Successfully Completed, Status, Successfully Completed, Status, Successfully Completed, Status, Successfully Completed, Status, Successfully Completed, Status, Successfully Completed, Status, Successfully Completed, Status, Successfully Completed, Status, Successfully Completed, Status, Successfully Completed, Status, Successfully Completed, Status, Successfully Completed, Status, Successfully Completed, Status, Successfully Completed, Status, Successfully Completed, Status, Successfully Completed, Status, Successfully Completed, Status, Successfully Completed, Status, Successfully Completed, Status, Successfully Completed, Status, Successfully Completed, Status, Successfully Completed, Status, Successfully Completed, Status, Successfully Completed, Status, Successfully Completed, Status, Successfully Completed, Status, Successfully Completed, Status, Successfully Completed, Status, Successfully Completed, Status, Successfully Completed, Status, Successfully Completed, Status, Successfully Completed, Status, Successfully Completed, Status, Successfully Completed, Status, Successfully Completed, Status, Successfully Completed, Status, Successfully Completed, Status, Successfully Completed, Status, Successfully Completed, Status, Successfully Completed, Status, Successfully Completed, Status, Successfully Completed, Status, Successfully Completed, Status, Successfully Completed, Status, Successfully Completed, Status, Successfully Completed, Status, Successfully Completed, Status, Successfully Completed, Status, Successfully Completed, Status, Successfully Completed, Status, Successfully Completed, Status]
[neelback4more@gmail.com, Subho1991*, Status, Successfully Completed, Status, Successfully Completed, Status, Successfully Completed, Status, Successfully Completed, Status, Successfully Completed, Status, Successfully Completed, Status, Successfully Completed, Status, Successfully Completed, Status, Successfully Completed, Status, Successfully Completed, Status, Successfully Completed, Status, Successfully Completed, Status, Successfully Completed, Status, Successfully Completed, Status, Successfully Completed, Status, Successfully Completed, Status, Successfully Completed, Status, Successfully Completed, Status, Successfully Completed, Status, Successfully Completed, Status, Successfully Completed, Status, Successfully Completed, Status, Successfully Completed, Status, Successfully Completed, Status, Successfully Completed, Status, Successfully Completed, Status, Successfully Completed, Status, Successfully Completed, Status, Successfully Completed, Status, Successfully Completed, Status, Successfully Completed, Status, Successfully Completed, Status, Successfully Completed, Status, Successfully Completed, Status, Successfully Completed, Status, Successfully Completed, Status, Successfully Completed, Status, Successfully Completed, Status, Successfully Completed, Status, Successfully Completed, Status, Successfully Completed, Status, Successfully Completed, Status, Successfully Completed, Status, Successfully Completed, Status, Successfully Completed, Status, Successfully Completed, Status, Successfully Completed, Status, Successfully Completed, Status, Successfully Completed, Status, Successfully Completed, Status, Successfully Completed, Status, Successfully Completed, Status, Successfully Completed, Status, Successfully Completed, Status, Successfully Completed, Status, Successfully Completed, Status, Successfully Completed, Status, Successfully Completed, Status, Successfully Completed, Status, Successfully Completed, Status, Successfully Completed, Status, Successfully Completed, Status, Successfully Completed, Status, Successfully Completed, Status, Successfully Completed, Status, Successfully Completed, Status, Successfully Completed, Status, Successfully Completed, Status, Successfully Completed, Status, Successfully Completed, Status, Successfully Completed, Status, Successfully Completed, Status, Successfully Completed, Status, Successfully Completed, Status, Successfully Completed, Status, Successfully Completed, Status, Successfully Completed, Status, Successfully Completed, Status, Successfully Completed, Status, Successfully Completed, Status, Successfully Completed, Status, Successfully Completed, Status, Successfully Completed, Status, Successfully Completed, Status, Successfully Completed, Status, Successfully Completed, Status, Successfully Completed, Status, Successfully Completed, Status, Successfully Completed, Status, Successfully Completed]
[neelback4more@gmail.com, Subho1991*, Status, Successfully Completed, Status, Successfully Completed, Status, Successfully Completed, Status, Successfully Completed, Status, Successfully Completed, Status, Successfully Completed, Status, Successfully Completed, Status, Successfully Completed, Status, Successfully Completed, Status, Successfully Completed, Status, Successfully Completed, Status, Successfully Completed, Status, Successfully Completed, Status, Successfully Completed, Status, Successfully Completed, Status, Successfully Completed, Status, Successfully Completed, Status, Successfully Completed, Status, Successfully Completed, Status, Successfully Completed, Status, Successfully Completed, Status, Successfully Completed, Status, Successfully Completed, Status, Successfully Completed, Status, Successfully Completed, Status, Successfully Completed, Status, Successfully Completed, Status, Successfully Completed, Status, Successfully Completed, Status, Successfully Completed, Status, Successfully Completed, Status, Successfully Completed, Status, Successfully Completed, Status, Successfully Completed, Status, Successfully Completed, Status, Successfully Completed, Status, Successfully Completed, Status, Successfully Completed, Status, Successfully Completed, Status, Successfully Completed, Status, Successfully Completed, Status, Successfully Completed, Status, Successfully Completed, Status, Successfully Completed, Status, Successfully Completed, Status, Successfully Completed, Status, Successfully Completed, Status, Successfully Completed, Status, Successfully Completed, Status, Successfully Completed, Status, Successfully Completed, Status, Successfully Completed, Status, Successfully Completed, Status, Successfully Completed, Status, Successfully Completed, Status, Successfully Completed, Status, Successfully Completed, Status, Successfully Completed, Status, Successfully Completed, Status, Successfully Completed, Status, Successfully Completed, Status, Successfully Completed, Status, Successfully Completed, Status, Successfully Completed, Status, Successfully Completed, Status, Successfully Completed, Status, Successfully Completed, Status, Successfully Completed, Status, Successfully Completed, Status, Successfully Completed, Status, Successfully Completed, Status, Successfully Completed, Status, Successfully Completed, Status, Successfully Completed, Status, Successfully Completed, Status, Successfully Completed, Status, Successfully Completed, Status, Successfully Completed, Status, Successfully Completed, Status, Successfully Completed, Status, Successfully Completed, Status, Successfully Completed, Status, Successfully Completed, Status, Successfully Completed, Status, Successfully Completed, Status, Successfully Completed, Status, Successfully Completed, Status, Successfully Completed, Status, Successfully Completed, Status, Successfully Completed, Status]
[neelback4more@gmail.com, Subho1991*, Status, Successfully Completed, Status, Successfully Completed, Status, Successfully Completed, Status, Successfully Completed, Status, Successfully Completed, Status, Successfully Completed, Status, Successfully Completed, Status, Successfully Completed, Status, Successfully Completed, Status, Successfully Completed, Status, Successfully Completed, Status, Successfully Completed, Status, Successfully Completed, Status, Successfully Completed, Status, Successfully Completed, Status, Successfully Completed, Status, Successfully Completed, Status, Successfully Completed, Status, Successfully Completed, Status, Successfully Completed, Status, Successfully Completed, Status, Successfully Completed, Status, Successfully Completed, Status, Successfully Completed, Status, Successfully Completed, Status, Successfully Completed, Status, Successfully Completed, Status, Successfully Completed, Status, Successfully Completed, Status, Successfully Completed, Status, Successfully Completed, Status, Successfully Completed, Status, Successfully Completed, Status, Successfully Completed, Status, Successfully Completed, Status, Successfully Completed, Status, Successfully Completed, Status, Successfully Completed, Status, Successfully Completed, Status, Successfully Completed, Status, Successfully Completed, Status, Successfully Completed, Status, Successfully Completed, Status, Successfully Completed, Status, Successfully Completed, Status, Successfully Completed, Status, Successfully Completed, Status, Successfully Completed, Status, Successfully Completed, Status, Successfully Completed, Status, Successfully Completed, Status, Successfully Completed, Status, Successfully Completed, Status, Successfully Completed, Status, Successfully Completed, Status, Successfully Completed, Status, Successfully Completed, Status, Successfully Completed, Status, Successfully Completed, Status, Successfully Completed, Status, Successfully Completed, Status, Successfully Completed, Status, Successfully Completed, Status, Successfully Completed, Status, Successfully Completed, Status, Successfully Completed, Status, Successfully Completed, Status, Successfully Completed, Status, Successfully Completed, Status, Successfully Completed, Status, Successfully Completed, Status, Successfully Completed, Status, Successfully Completed, Status, Successfully Completed, Status, Successfully Completed, Status, Successfully Completed, Status, Successfully Completed, Status, Successfully Completed, Status, Successfully Completed, Status, Successfully Completed, Status, Successfully Completed, Status, Successfully Completed, Status, Successfully Completed, Status, Successfully Completed, Status, Successfully Completed, Status, Successfully Completed, Status, Successfully Completed, Status, Successfully Completed, Status, Successfully Completed, Status, Successfully Completed, Status, Successfully Completed]
[neelback4more@gmail.com, Subho1991*, Status, Successfully Completed, Status, Successfully Completed, Status, Successfully Completed, Status, Successfully Completed, Status, Successfully Completed, Status, Successfully Completed, Status, Successfully Completed, Status, Successfully Completed, Status, Successfully Completed, Status, Successfully Completed, Status, Successfully Completed, Status, Successfully Completed, Status, Successfully Completed, Status, Successfully Completed, Status, Successfully Completed, Status, Successfully Completed, Status, Successfully Completed, Status, Successfully Completed, Status, Successfully Completed, Status, Successfully Completed, Status, Successfully Completed, Status, Successfully Completed, Status, Successfully Completed, Status, Successfully Completed, Status, Successfully Completed, Status, Successfully Completed, Status, Successfully Completed, Status, Successfully Completed, Status, Successfully Completed, Status, Successfully Completed, Status, Successfully Completed, Status, Successfully Completed, Status, Successfully Completed, Status, Successfully Completed, Status, Successfully Completed, Status, Successfully Completed, Status, Successfully Completed, Status, Successfully Completed, Status, Successfully Completed, Status, Successfully Completed, Status, Successfully Completed, Status, Successfully Completed, Status, Successfully Completed, Status, Successfully Completed, Status, Successfully Completed, Status, Successfully Completed, Status, Successfully Completed, Status, Successfully Completed, Status, Successfully Completed, Status, Successfully Completed, Status, Successfully Completed, Status, Successfully Completed, Status, Successfully Completed, Status, Successfully Completed, Status, Successfully Completed, Status, Successfully Completed, Status, Successfully Completed, Status, Successfully Completed, Status, Successfully Completed, Status, Successfully Completed, Status, Successfully Completed, Status, Successfully Completed, Status, Successfully Completed, Status, Successfully Completed, Status, Successfully Completed, Status, Successfully Completed, Status, Successfully Completed, Status, Successfully Completed, Status, Successfully Completed, Status, Successfully Completed, Status, Successfully Completed, Status, Successfully Completed, Status, Successfully Completed, Status, Successfully Completed, Status, Successfully Completed, Status, Successfully Completed, Status, Successfully Completed, Status, Successfully Completed, Status, Successfully Completed, Status, Successfully Completed, Status, Successfully Completed, Status, Successfully Completed, Status, Successfully Completed, Status, Successfully Completed, Status, Successfully Completed, Status, Successfully Completed, Status, Successfully Completed, Status, Successfully Completed, Status, Successfully Completed, Status, Successfully Completed, Status, Successfully Completed, Status]
[neelback4more@gmail.com, Subho1991*, Status, Successfully Completed, Status, Successfully Completed, Status, Successfully Completed, Status, Successfully Completed, Status, Successfully Completed, Status, Successfully Completed, Status, Successfully Completed, Status, Successfully Completed, Status, Successfully Completed, Status, Successfully Completed, Status, Successfully Completed, Status, Successfully Completed, Status, Successfully Completed, Status, Successfully Completed, Status, Successfully Completed, Status, Successfully Completed, Status, Successfully Completed, Status, Successfully Completed, Status, Successfully Completed, Status, Successfully Completed, Status, Successfully Completed, Status, Successfully Completed, Status, Successfully Completed, Status, Successfully Completed, Status, Successfully Completed, Status, Successfully Completed, Status, Successfully Completed, Status, Successfully Completed, Status, Successfully Completed, Status, Successfully Completed, Status, Successfully Completed, Status, Successfully Completed, Status, Successfully Completed, Status, Successfully Completed, Status, Successfully Completed, Status, Successfully Completed, Status, Successfully Completed, Status, Successfully Completed, Status, Successfully Completed, Status, Successfully Completed, Status, Successfully Completed, Status, Successfully Completed, Status, Successfully Completed, Status, Successfully Completed, Status, Successfully Completed, Status, Successfully Completed, Status, Successfully Completed, Status, Successfully Completed, Status, Successfully Completed, Status, Successfully Completed, Status, Successfully Completed, Status, Successfully Completed, Status, Successfully Completed, Status, Successfully Completed, Status, Successfully Completed, Status, Successfully Completed, Status, Successfully Completed, Status, Successfully Completed, Status, Successfully Completed, Status, Successfully Completed, Status, Successfully Completed, Status, Successfully Completed, Status, Successfully Completed, Status, Successfully Completed, Status, Successfully Completed, Status, Successfully Completed, Status, Successfully Completed, Status, Successfully Completed, Status, Successfully Completed, Status, Successfully Completed, Status, Successfully Completed, Status, Successfully Completed, Status, Successfully Completed, Status, Successfully Completed, Status, Successfully Completed, Status, Successfully Completed, Status, Successfully Completed, Status, Successfully Completed, Status, Successfully Completed, Status, Successfully Completed, Status, Successfully Completed, Status, Successfully Completed, Status, Successfully Completed, Status, Successfully Completed, Status, Successfully Completed, Status, Successfully Completed, Status, Successfully Completed, Status, Successfully Completed, Status, Successfully Completed, Status, Successfully Completed, Status, Successfully Completed, Status, Successfully Completed]
[neelback4more@gmail.com, Subho1991*, Status, Successfully Completed, Status, Successfully Completed, Status, Successfully Completed, Status, Successfully Completed, Status, Successfully Completed, Status, Successfully Completed, Status, Successfully Completed, Status, Successfully Completed, Status, Successfully Completed, Status, Successfully Completed, Status, Successfully Completed, Status, Successfully Completed, Status, Successfully Completed, Status, Successfully Completed, Status, Successfully Completed, Status, Successfully Completed, Status, Successfully Completed, Status, Successfully Completed, Status, Successfully Completed, Status, Successfully Completed, Status, Successfully Completed, Status, Successfully Completed, Status, Successfully Completed, Status, Successfully Completed, Status, Successfully Completed, Status, Successfully Completed, Status, Successfully Completed, Status, Successfully Completed, Status, Successfully Completed, Status, Successfully Completed, Status, Successfully Completed, Status, Successfully Completed, Status, Successfully Completed, Status, Successfully Completed, Status, Successfully Completed, Status, Successfully Completed, Status, Successfully Completed, Status, Successfully Completed, Status, Successfully Completed, Status, Successfully Completed, Status, Successfully Completed, Status, Successfully Completed, Status, Successfully Completed, Status, Successfully Completed, Status, Successfully Completed, Status, Successfully Completed, Status, Successfully Completed, Status, Successfully Completed, Status, Successfully Completed, Status, Successfully Completed, Status, Successfully Completed, Status, Successfully Completed, Status, Successfully Completed, Status, Successfully Completed, Status, Successfully Completed, Status, Successfully Completed, Status, Successfully Completed, Status, Successfully Completed, Status, Successfully Completed, Status, Successfully Completed, Status, Successfully Completed, Status, Successfully Completed, Status, Successfully Completed, Status, Successfully Completed, Status, Successfully Completed, Status, Successfully Completed, Status, Successfully Completed, Status, Successfully Completed, Status, Successfully Completed, Status, Successfully Completed, Status, Successfully Completed, Status, Successfully Completed, Status, Successfully Completed, Status, Successfully Completed, Status, Successfully Completed, Status, Successfully Completed, Status, Successfully Completed, Status, Successfully Completed, Status, Successfully Completed, Status, Successfully Completed, Status, Successfully Completed, Status, Successfully Completed, Status, Successfully Completed, Status, Successfully Completed, Status, Successfully Completed, Status, Successfully Completed, Status, Successfully Completed, Status, Successfully Completed, Status, Successfully Completed, Status, Successfully Completed, Status, Successfully Completed, Status, Successfully Completed, Status]
[neelback4more@gmail.com, Subho1991*, Status, Successfully Completed, Status, Successfully Completed, Status, Successfully Completed, Status, Successfully Completed, Status, Successfully Completed, Status, Successfully Completed, Status, Successfully Completed, Status, Successfully Completed, Status, Successfully Completed, Status, Successfully Completed, Status, Successfully Completed, Status, Successfully Completed, Status, Successfully Completed, Status, Successfully Completed, Status, Successfully Completed, Status, Successfully Completed, Status, Successfully Completed, Status, Successfully Completed, Status, Successfully Completed, Status, Successfully Completed, Status, Successfully Completed, Status, Successfully Completed, Status, Successfully Completed, Status, Successfully Completed, Status, Successfully Completed, Status, Successfully Completed, Status, Successfully Completed, Status, Successfully Completed, Status, Successfully Completed, Status, Successfully Completed, Status, Successfully Completed, Status, Successfully Completed, Status, Successfully Completed, Status, Successfully Completed, Status, Successfully Completed, Status, Successfully Completed, Status, Successfully Completed, Status, Successfully Completed, Status, Successfully Completed, Status, Successfully Completed, Status, Successfully Completed, Status, Successfully Completed, Status, Successfully Completed, Status, Successfully Completed, Status, Successfully Completed, Status, Successfully Completed, Status, Successfully Completed, Status, Successfully Completed, Status, Successfully Completed, Status, Successfully Completed, Status, Successfully Completed, Status, Successfully Completed, Status, Successfully Completed, Status, Successfully Completed, Status, Successfully Completed, Status, Successfully Completed, Status, Successfully Completed, Status, Successfully Completed, Status, Successfully Completed, Status, Successfully Completed, Status, Successfully Completed, Status, Successfully Completed, Status, Successfully Completed, Status, Successfully Completed, Status, Successfully Completed, Status, Successfully Completed, Status, Successfully Completed, Status, Successfully Completed, Status, Successfully Completed, Status, Successfully Completed, Status, Successfully Completed, Status, Successfully Completed, Status, Successfully Completed, Status, Successfully Completed, Status, Successfully Completed, Status, Successfully Completed, Status, Successfully Completed, Status, Successfully Completed, Status, Successfully Completed, Status, Successfully Completed, Status, Successfully Completed, Status, Successfully Completed, Status, Successfully Completed, Status, Successfully Completed, Status, Successfully Completed, Status, Successfully Completed, Status, Successfully Completed, Status, Successfully Completed, Status, Successfully Completed, Status, Successfully Completed, Status, Successfully Completed, Status, Successfully Completed, Status, Successfully Completed]
[neelback4more@gmail.com, Subho1991*, Status, Successfully Completed, Status, Successfully Completed, Status, Successfully Completed, Status, Successfully Completed, Status, Successfully Completed, Status, Successfully Completed, Status, Successfully Completed, Status, Successfully Completed, Status, Successfully Completed, Status, Successfully Completed, Status, Successfully Completed, Status, Successfully Completed, Status, Successfully Completed, Status, Successfully Completed, Status, Successfully Completed, Status, Successfully Completed, Status, Successfully Completed, Status, Successfully Completed, Status, Successfully Completed, Status, Successfully Completed, Status, Successfully Completed, Status, Successfully Completed, Status, Successfully Completed, Status, Successfully Completed, Status, Successfully Completed, Status, Successfully Completed, Status, Successfully Completed, Status, Successfully Completed, Status, Successfully Completed, Status, Successfully Completed, Status, Successfully Completed, Status, Successfully Completed, Status, Successfully Completed, Status, Successfully Completed, Status, Successfully Completed, Status, Successfully Completed, Status, Successfully Completed, Status, Successfully Completed, Status, Successfully Completed, Status, Successfully Completed, Status, Successfully Completed, Status, Successfully Completed, Status, Successfully Completed, Status, Successfully Completed, Status, Successfully Completed, Status, Successfully Completed, Status, Successfully Completed, Status, Successfully Completed, Status, Successfully Completed, Status, Successfully Completed, Status, Successfully Completed, Status, Successfully Completed, Status, Successfully Completed, Status, Successfully Completed, Status, Successfully Completed, Status, Successfully Completed, Status, Successfully Completed, Status, Successfully Completed, Status, Successfully Completed, Status, Successfully Completed, Status, Successfully Completed, Status, Successfully Completed, Status, Successfully Completed, Status, Successfully Completed, Status, Successfully Completed, Status, Successfully Completed, Status, Successfully Completed, Status, Successfully Completed, Status, Successfully Completed, Status, Successfully Completed, Status, Successfully Completed, Status, Successfully Completed, Status, Successfully Completed, Status, Successfully Completed, Status, Successfully Completed, Status, Successfully Completed, Status, Successfully Completed, Status, Successfully Completed, Status, Successfully Completed, Status, Successfully Completed, Status, Successfully Completed, Status, Successfully Completed, Status, Successfully Completed, Status, Successfully Completed, Status, Successfully Completed, Status, Successfully Completed, Status, Successfully Completed, Status, Successfully Completed, Status, Successfully Completed, Status, Successfully Completed, Status, Successfully Completed, Status, Successfully Completed, Status, Successfully Completed, Status]
[neelback4more@gmail.com, Subho1991*, Status, Successfully Completed, Status, Successfully Completed, Status, Successfully Completed, Status, Successfully Completed, Status, Successfully Completed, Status, Successfully Completed, Status, Successfully Completed, Status, Successfully Completed, Status, Successfully Completed, Status, Successfully Completed, Status, Successfully Completed, Status, Successfully Completed, Status, Successfully Completed, Status, Successfully Completed, Status, Successfully Completed, Status, Successfully Completed, Status, Successfully Completed, Status, Successfully Completed, Status, Successfully Completed, Status, Successfully Completed, Status, Successfully Completed, Status, Successfully Completed, Status, Successfully Completed, Status, Successfully Completed, Status, Successfully Completed, Status, Successfully Completed, Status, Successfully Completed, Status, Successfully Completed, Status, Successfully Completed, Status, Successfully Completed, Status, Successfully Completed, Status, Successfully Completed, Status, Successfully Completed, Status, Successfully Completed, Status, Successfully Completed, Status, Successfully Completed, Status, Successfully Completed, Status, Successfully Completed, Status, Successfully Completed, Status, Successfully Completed, Status, Successfully Completed, Status, Successfully Completed, Status, Successfully Completed, Status, Successfully Completed, Status, Successfully Completed, Status, Successfully Completed, Status, Successfully Completed, Status, Successfully Completed, Status, Successfully Completed, Status, Successfully Completed, Status, Successfully Completed, Status, Successfully Completed, Status, Successfully Completed, Status, Successfully Completed, Status, Successfully Completed, Status, Successfully Completed, Status, Successfully Completed, Status, Successfully Completed, Status, Successfully Completed, Status, Successfully Completed, Status, Successfully Completed, Status, Successfully Completed, Status, Successfully Completed, Status, Successfully Completed, Status, Successfully Completed, Status, Successfully Completed, Status, Successfully Completed, Status, Successfully Completed, Status, Successfully Completed, Status, Successfully Completed, Status, Successfully Completed, Status, Successfully Completed, Status, Successfully Completed, Status, Successfully Completed, Status, Successfully Completed, Status, Successfully Completed, Status, Successfully Completed, Status, Successfully Completed, Status, Successfully Completed, Status, Successfully Completed, Status, Successfully Completed, Status, Successfully Completed, Status, Successfully Completed, Status, Successfully Completed, Status, Successfully Completed, Status, Successfully Completed, Status, Successfully Completed, Status, Successfully Completed, Status, Successfully Completed, Status, Successfully Completed, Status, Successfully Completed, Status, Successfully Completed, Status, Successfully Completed, Status, Successfully Completed]
[neelback4more@gmail.com, Subho1991*, Status, Successfully Completed, Status, Successfully Completed, Status, Successfully Completed, Status, Successfully Completed, Status, Successfully Completed, Status, Successfully Completed, Status, Successfully Completed, Status, Successfully Completed, Status, Successfully Completed, Status, Successfully Completed, Status, Successfully Completed, Status, Successfully Completed, Status, Successfully Completed, Status, Successfully Completed, Status, Successfully Completed, Status, Successfully Completed, Status, Successfully Completed, Status, Successfully Completed, Status, Successfully Completed, Status, Successfully Completed, Status, Successfully Completed, Status, Successfully Completed, Status, Successfully Completed, Status, Successfully Completed, Status, Successfully Completed, Status, Successfully Completed, Status, Successfully Completed, Status, Successfully Completed, Status, Successfully Completed, Status, Successfully Completed, Status, Successfully Completed, Status, Successfully Completed, Status, Successfully Completed, Status, Successfully Completed, Status, Successfully Completed, Status, Successfully Completed, Status, Successfully Completed, Status, Successfully Completed, Status, Successfully Completed, Status, Successfully Completed, Status, Successfully Completed, Status, Successfully Completed, Status, Successfully Completed, Status, Successfully Completed, Status, Successfully Completed, Status, Successfully Completed, Status, Successfully Completed, Status, Successfully Completed, Status, Successfully Completed, Status, Successfully Completed, Status, Successfully Completed, Status, Successfully Completed, Status, Successfully Completed, Status, Successfully Completed, Status, Successfully Completed, Status, Successfully Completed, Status, Successfully Completed, Status, Successfully Completed, Status, Successfully Completed, Status, Successfully Completed, Status, Successfully Completed, Status, Successfully Completed, Status, Successfully Completed, Status, Successfully Completed, Status, Successfully Completed, Status, Successfully Completed, Status, Successfully Completed, Status, Successfully Completed, Status, Successfully Completed, Status, Successfully Completed, Status, Successfully Completed, Status, Successfully Completed, Status, Successfully Completed, Status, Successfully Completed, Status, Successfully Completed, Status, Successfully Completed, Status, Successfully Completed, Status, Successfully Completed, Status, Successfully Completed, Status, Successfully Completed, Status, Successfully Completed, Status, Successfully Completed, Status, Successfully Completed, Status, Successfully Completed, Status, Successfully Completed, Status, Successfully Completed, Status, Successfully Completed, Status, Successfully Completed, Status, Successfully Completed, Status, Successfully Completed, Status, Successfully Completed, Status, Successfully Completed, Status, Successfully Completed, Status, Successfully Completed, Status]
[neelback4more@gmail.com, Subho1991*, Status, Successfully Completed, Status, Successfully Completed, Status, Successfully Completed, Status, Successfully Completed, Status, Successfully Completed, Status, Successfully Completed, Status, Successfully Completed, Status, Successfully Completed, Status, Successfully Completed, Status, Successfully Completed, Status, Successfully Completed, Status, Successfully Completed, Status, Successfully Completed, Status, Successfully Completed, Status, Successfully Completed, Status, Successfully Completed, Status, Successfully Completed, Status, Successfully Completed, Status, Successfully Completed, Status, Successfully Completed, Status, Successfully Completed, Status, Successfully Completed, Status, Successfully Completed, Status, Successfully Completed, Status, Successfully Completed, Status, Successfully Completed, Status, Successfully Completed, Status, Successfully Completed, Status, Successfully Completed, Status, Successfully Completed, Status, Successfully Completed, Status, Successfully Completed, Status, Successfully Completed, Status, Successfully Completed, Status, Successfully Completed, Status, Successfully Completed, Status, Successfully Completed, Status, Successfully Completed, Status, Successfully Completed, Status, Successfully Completed, Status, Successfully Completed, Status, Successfully Completed, Status, Successfully Completed, Status, Successfully Completed, Status, Successfully Completed, Status, Successfully Completed, Status, Successfully Completed, Status, Successfully Completed, Status, Successfully Completed, Status, Successfully Completed, Status, Successfully Completed, Status, Successfully Completed, Status, Successfully Completed, Status, Successfully Completed, Status, Successfully Completed, Status, Successfully Completed, Status, Successfully Completed, Status, Successfully Completed, Status, Successfully Completed, Status, Successfully Completed, Status, Successfully Completed, Status, Successfully Completed, Status, Successfully Completed, Status, Successfully Completed, Status, Successfully Completed, Status, Successfully Completed, Status, Successfully Completed, Status, Successfully Completed, Status, Successfully Completed, Status, Successfully Completed, Status, Successfully Completed, Status, Successfully Completed, Status, Successfully Completed, Status, Successfully Completed, Status, Successfully Completed, Status, Successfully Completed, Status, Successfully Completed, Status, Successfully Completed, Status, Successfully Completed, Status, Successfully Completed, Status, Successfully Completed, Status, Successfully Completed, Status, Successfully Completed, Status, Successfully Completed, Status, Successfully Completed, Status, Successfully Completed, Status, Successfully Completed, Status, Successfully Completed, Status, Successfully Completed, Status, Successfully Completed, Status, Successfully Completed, Status, Successfully Completed, Status, Successfully Completed, Status, Successfully Completed, Status, Successfully Completed]
[neelback4more@gmail.com, Subho1991*, Status, Successfully Completed, Status, Successfully Completed, Status, Successfully Completed, Status, Successfully Completed, Status, Successfully Completed, Status, Successfully Completed, Status, Successfully Completed, Status, Successfully Completed, Status, Successfully Completed, Status, Successfully Completed, Status, Successfully Completed, Status, Successfully Completed, Status, Successfully Completed, Status, Successfully Completed, Status, Successfully Completed, Status, Successfully Completed, Status, Successfully Completed, Status, Successfully Completed, Status, Successfully Completed, Status, Successfully Completed, Status, Successfully Completed, Status, Successfully Completed, Status, Successfully Completed, Status, Successfully Completed, Status, Successfully Completed, Status, Successfully Completed, Status, Successfully Completed, Status, Successfully Completed, Status, Successfully Completed, Status, Successfully Completed, Status, Successfully Completed, Status, Successfully Completed, Status, Successfully Completed, Status, Successfully Completed, Status, Successfully Completed, Status, Successfully Completed, Status, Successfully Completed, Status, Successfully Completed, Status, Successfully Completed, Status, Successfully Completed, Status, Successfully Completed, Status, Successfully Completed, Status, Successfully Completed, Status, Successfully Completed, Status, Successfully Completed, Status, Successfully Completed, Status, Successfully Completed, Status, Successfully Completed, Status, Successfully Completed, Status, Successfully Completed, Status, Successfully Completed, Status, Successfully Completed, Status, Successfully Completed, Status, Successfully Completed, Status, Successfully Completed, Status, Successfully Completed, Status, Successfully Completed, Status, Successfully Completed, Status, Successfully Completed, Status, Successfully Completed, Status, Successfully Completed, Status, Successfully Completed, Status, Successfully Completed, Status, Successfully Completed, Status, Successfully Completed, Status, Successfully Completed, Status, Successfully Completed, Status, Successfully Completed, Status, Successfully Completed, Status, Successfully Completed, Status, Successfully Completed, Status, Successfully Completed, Status, Successfully Completed, Status, Successfully Completed, Status, Successfully Completed, Status, Successfully Completed, Status, Successfully Completed, Status, Successfully Completed, Status, Successfully Completed, Status, Successfully Completed, Status, Successfully Completed, Status, Successfully Completed, Status, Successfully Completed, Status, Successfully Completed, Status, Successfully Completed, Status, Successfully Completed, Status, Successfully Completed, Status, Successfully Completed, Status, Successfully Completed, Status, Successfully Completed, Status, Successfully Completed, Status, Successfully Completed, Status, Successfully Completed, Status, Successfully Completed, Status, Successfully Completed, Status]
[neelback4more@gmail.com, Subho1991*, Status, Successfully Completed, Status, Successfully Completed, Status, Successfully Completed, Status, Successfully Completed, Status, Successfully Completed, Status, Successfully Completed, Status, Successfully Completed, Status, Successfully Completed, Status, Successfully Completed, Status, Successfully Completed, Status, Successfully Completed, Status, Successfully Completed, Status, Successfully Completed, Status, Successfully Completed, Status, Successfully Completed, Status, Successfully Completed, Status, Successfully Completed, Status, Successfully Completed, Status, Successfully Completed, Status, Successfully Completed, Status, Successfully Completed, Status, Successfully Completed, Status, Successfully Completed, Status, Successfully Completed, Status, Successfully Completed, Status, Successfully Completed, Status, Successfully Completed, Status, Successfully Completed, Status, Successfully Completed, Status, Successfully Completed, Status, Successfully Completed, Status, Successfully Completed, Status, Successfully Completed, Status, Successfully Completed, Status, Successfully Completed, Status, Successfully Completed, Status, Successfully Completed, Status, Successfully Completed, Status, Successfully Completed, Status, Successfully Completed, Status, Successfully Completed, Status, Successfully Completed, Status, Successfully Completed, Status, Successfully Completed, Status, Successfully Completed, Status, Successfully Completed, Status, Successfully Completed, Status, Successfully Completed, Status, Successfully Completed, Status, Successfully Completed, Status, Successfully Completed, Status, Successfully Completed, Status, Successfully Completed, Status, Successfully Completed, Status, Successfully Completed, Status, Successfully Completed, Status, Successfully Completed, Status, Successfully Completed, Status, Successfully Completed, Status, Successfully Completed, Status, Successfully Completed, Status, Successfully Completed, Status, Successfully Completed, Status, Successfully Completed, Status, Successfully Completed, Status, Successfully Completed, Status, Successfully Completed, Status, Successfully Completed, Status, Successfully Completed, Status, Successfully Completed, Status, Successfully Completed, Status, Successfully Completed, Status, Successfully Completed, Status, Successfully Completed, Status, Successfully Completed, Status, Successfully Completed, Status, Successfully Completed, Status, Successfully Completed, Status, Successfully Completed, Status, Successfully Completed, Status, Successfully Completed, Status, Successfully Completed, Status, Successfully Completed, Status, Successfully Completed, Status, Successfully Completed, Status, Successfully Completed, Status, Successfully Completed, Status, Successfully Completed, Status, Successfully Completed, Status, Successfully Completed, Status, Successfully Completed, Status, Successfully Completed, Status, Successfully Completed, Status, Successfully Completed, Status, Successfully Completed, Status, Successfully Completed]
[neelback4more@gmail.com, Subho1991*, Status, Successfully Completed, Status, Successfully Completed, Status, Successfully Completed, Status, Successfully Completed, Status, Successfully Completed, Status, Successfully Completed, Status, Successfully Completed, Status, Successfully Completed, Status, Successfully Completed, Status, Successfully Completed, Status, Successfully Completed, Status, Successfully Completed, Status, Successfully Completed, Status, Successfully Completed, Status, Successfully Completed, Status, Successfully Completed, Status, Successfully Completed, Status, Successfully Completed, Status, Successfully Completed, Status, Successfully Completed, Status, Successfully Completed, Status, Successfully Completed, Status, Successfully Completed, Status, Successfully Completed, Status, Successfully Completed, Status, Successfully Completed, Status, Successfully Completed, Status, Successfully Completed, Status, Successfully Completed, Status, Successfully Completed, Status, Successfully Completed, Status, Successfully Completed, Status, Successfully Completed, Status, Successfully Completed, Status, Successfully Completed, Status, Successfully Completed, Status, Successfully Completed, Status, Successfully Completed, Status, Successfully Completed, Status, Successfully Completed, Status, Successfully Completed, Status, Successfully Completed, Status, Successfully Completed, Status, Successfully Completed, Status, Successfully Completed, Status, Successfully Completed, Status, Successfully Completed, Status, Successfully Completed, Status, Successfully Completed, Status, Successfully Completed, Status, Successfully Completed, Status, Successfully Completed, Status, Successfully Completed, Status, Successfully Completed, Status, Successfully Completed, Status, Successfully Completed, Status, Successfully Completed, Status, Successfully Completed, Status, Successfully Completed, Status, Successfully Completed, Status, Successfully Completed, Status, Successfully Completed, Status, Successfully Completed, Status, Successfully Completed, Status, Successfully Completed, Status, Successfully Completed, Status, Successfully Completed, Status, Successfully Completed, Status, Successfully Completed, Status, Successfully Completed, Status, Successfully Completed, Status, Successfully Completed, Status, Successfully Completed, Status, Successfully Completed, Status, Successfully Completed, Status, Successfully Completed, Status, Successfully Completed, Status, Successfully Completed, Status, Successfully Completed, Status, Successfully Completed, Status, Successfully Completed, Status, Successfully Completed, Status, Successfully Completed, Status, Successfully Completed, Status, Successfully Completed, Status, Successfully Completed, Status, Successfully Completed, Status, Successfully Completed, Status, Successfully Completed, Status, Successfully Completed, Status, Successfully Completed, Status, Successfully Completed, Status, Successfully Completed, Status, Successfully Completed, Status, Successfully Completed, Status, Successfully Completed, Status]
[neelback4more@gmail.com, Subho1991*, Status, Successfully Completed, Status, Successfully Completed, Status, Successfully Completed, Status, Successfully Completed, Status, Successfully Completed, Status, Successfully Completed, Status, Successfully Completed, Status, Successfully Completed, Status, Successfully Completed, Status, Successfully Completed, Status, Successfully Completed, Status, Successfully Completed, Status, Successfully Completed, Status, Successfully Completed, Status, Successfully Completed, Status, Successfully Completed, Status, Successfully Completed, Status, Successfully Completed, Status, Successfully Completed, Status, Successfully Completed, Status, Successfully Completed, Status, Successfully Completed, Status, Successfully Completed, Status, Successfully Completed, Status, Successfully Completed, Status, Successfully Completed, Status, Successfully Completed, Status, Successfully Completed, Status, Successfully Completed, Status, Successfully Completed, Status, Successfully Completed, Status, Successfully Completed, Status, Successfully Completed, Status, Successfully Completed, Status, Successfully Completed, Status, Successfully Completed, Status, Successfully Completed, Status, Successfully Completed, Status, Successfully Completed, Status, Successfully Completed, Status, Successfully Completed, Status, Successfully Completed, Status, Successfully Completed, Status, Successfully Completed, Status, Successfully Completed, Status, Successfully Completed, Status, Successfully Completed, Status, Successfully Completed, Status, Successfully Completed, Status, Successfully Completed, Status, Successfully Completed, Status, Successfully Completed, Status, Successfully Completed, Status, Successfully Completed, Status, Successfully Completed, Status, Successfully Completed, Status, Successfully Completed, Status, Successfully Completed, Status, Successfully Completed, Status, Successfully Completed, Status, Successfully Completed, Status, Successfully Completed, Status, Successfully Completed, Status, Successfully Completed, Status, Successfully Completed, Status, Successfully Completed, Status, Successfully Completed, Status, Successfully Completed, Status, Successfully Completed, Status, Successfully Completed, Status, Successfully Completed, Status, Successfully Completed, Status, Successfully Completed, Status, Successfully Completed, Status, Successfully Completed, Status, Successfully Completed, Status, Successfully Completed, Status, Successfully Completed, Status, Successfully Completed, Status, Successfully Completed, Status, Successfully Completed, Status, Successfully Completed, Status, Successfully Completed, Status, Successfully Completed, Status, Successfully Completed, Status, Successfully Completed, Status, Successfully Completed, Status, Successfully Completed, Status, Successfully Completed, Status, Successfully Completed, Status, Successfully Completed, Status, Successfully Completed, Status, Successfully Completed, Status, Successfully Completed, Status, Successfully Completed, Status, Successfully Completed, Status, Successfully Completed]
[neelback4more@gmail.com, Subho1991*, Status, Successfully Completed, Status, Successfully Completed, Status, Successfully Completed, Status, Successfully Completed, Status, Successfully Completed, Status, Successfully Completed, Status, Successfully Completed, Status, Successfully Completed, Status, Successfully Completed, Status, Successfully Completed, Status, Successfully Completed, Status, Successfully Completed, Status, Successfully Completed, Status, Successfully Completed, Status, Successfully Completed, Status, Successfully Completed, Status, Successfully Completed, Status, Successfully Completed, Status, Successfully Completed, Status, Successfully Completed, Status, Successfully Completed, Status, Successfully Completed, Status, Successfully Completed, Status, Successfully Completed, Status, Successfully Completed, Status, Successfully Completed, Status, Successfully Completed, Status, Successfully Completed, Status, Successfully Completed, Status, Successfully Completed, Status, Successfully Completed, Status, Successfully Completed, Status, Successfully Completed, Status, Successfully Completed, Status, Successfully Completed, Status, Successfully Completed, Status, Successfully Completed, Status, Successfully Completed, Status, Successfully Completed, Status, Successfully Completed, Status, Successfully Completed, Status, Successfully Completed, Status, Successfully Completed, Status, Successfully Completed, Status, Successfully Completed, Status, Successfully Completed, Status, Successfully Completed, Status, Successfully Completed, Status, Successfully Completed, Status, Successfully Completed, Status, Successfully Completed, Status, Successfully Completed, Status, Successfully Completed, Status, Successfully Completed, Status, Successfully Completed, Status, Successfully Completed, Status, Successfully Completed, Status, Successfully Completed, Status, Successfully Completed, Status, Successfully Completed, Status, Successfully Completed, Status, Successfully Completed, Status, Successfully Completed, Status, Successfully Completed, Status, Successfully Completed, Status, Successfully Completed, Status, Successfully Completed, Status, Successfully Completed, Status, Successfully Completed, Status, Successfully Completed, Status, Successfully Completed, Status, Successfully Completed, Status, Successfully Completed, Status, Successfully Completed, Status, Successfully Completed, Status, Successfully Completed, Status, Successfully Completed, Status, Successfully Completed, Status, Successfully Completed, Status, Successfully Completed, Status, Successfully Completed, Status, Successfully Completed, Status, Successfully Completed, Status, Successfully Completed, Status, Successfully Completed, Status, Successfully Completed, Status, Successfully Completed, Status, Successfully Completed, Status, Successfully Completed, Status, Successfully Completed, Status, Successfully Completed, Status, Successfully Completed, Status, Successfully Completed, Status, Successfully Completed, Status, Successfully Completed, Status, Successfully Completed, Status, Successfully Completed, Status]
[neelback4more@gmail.com, Subho1991*, Status, Successfully Completed, Status, Successfully Completed, Status, Successfully Completed, Status, Successfully Completed, Status, Successfully Completed, Status, Successfully Completed, Status, Successfully Completed, Status, Successfully Completed, Status, Successfully Completed, Status, Successfully Completed, Status, Successfully Completed, Status, Successfully Completed, Status, Successfully Completed, Status, Successfully Completed, Status, Successfully Completed, Status, Successfully Completed, Status, Successfully Completed, Status, Successfully Completed, Status, Successfully Completed, Status, Successfully Completed, Status, Successfully Completed, Status, Successfully Completed, Status, Successfully Completed, Status, Successfully Completed, Status, Successfully Completed, Status, Successfully Completed, Status, Successfully Completed, Status, Successfully Completed, Status, Successfully Completed, Status, Successfully Completed, Status, Successfully Completed, Status, Successfully Completed, Status, Successfully Completed, Status, Successfully Completed, Status, Successfully Completed, Status, Successfully Completed, Status, Successfully Completed, Status, Successfully Completed, Status, Successfully Completed, Status, Successfully Completed, Status, Successfully Completed, Status, Successfully Completed, Status, Successfully Completed, Status, Successfully Completed, Status, Successfully Completed, Status, Successfully Completed, Status, Successfully Completed, Status, Successfully Completed, Status, Successfully Completed, Status, Successfully Completed, Status, Successfully Completed, Status, Successfully Completed, Status, Successfully Completed, Status, Successfully Completed, Status, Successfully Completed, Status, Successfully Completed, Status, Successfully Completed, Status, Successfully Completed, Status, Successfully Completed, Status, Successfully Completed, Status, Successfully Completed, Status, Successfully Completed, Status, Successfully Completed, Status, Successfully Completed, Status, Successfully Completed, Status, Successfully Completed, Status, Successfully Completed, Status, Successfully Completed, Status, Successfully Completed, Status, Successfully Completed, Status, Successfully Completed, Status, Successfully Completed, Status, Successfully Completed, Status, Successfully Completed, Status, Successfully Completed, Status, Successfully Completed, Status, Successfully Completed, Status, Successfully Completed, Status, Successfully Completed, Status, Successfully Completed, Status, Successfully Completed, Status, Successfully Completed, Status, Successfully Completed, Status, Successfully Completed, Status, Successfully Completed, Status, Successfully Completed, Status, Successfully Completed, Status, Successfully Completed, Status, Successfully Completed, Status, Successfully Completed, Status, Successfully Completed, Status, Successfully Completed, Status, Successfully Completed, Status, Successfully Completed, Status, Successfully Completed, Status, Successfully Completed, Status, Successfully Completed, Status, Successfully Completed]
[neelback4more@gmail.com, Subho1991*, Status, Successfully Completed, Status, Successfully Completed, Status, Successfully Completed, Status, Successfully Completed, Status, Successfully Completed, Status, Successfully Completed, Status, Successfully Completed, Status, Successfully Completed, Status, Successfully Completed, Status, Successfully Completed, Status, Successfully Completed, Status, Successfully Completed, Status, Successfully Completed, Status, Successfully Completed, Status, Successfully Completed, Status, Successfully Completed, Status, Successfully Completed, Status, Successfully Completed, Status, Successfully Completed, Status, Successfully Completed, Status, Successfully Completed, Status, Successfully Completed, Status, Successfully Completed, Status, Successfully Completed, Status, Successfully Completed, Status, Successfully Completed, Status, Successfully Completed, Status, Successfully Completed, Status, Successfully Completed, Status, Successfully Completed, Status, Successfully Completed, Status, Successfully Completed, Status, Successfully Completed, Status, Successfully Completed, Status, Successfully Completed, Status, Successfully Completed, Status, Successfully Completed, Status, Successfully Completed, Status, Successfully Completed, Status, Successfully Completed, Status, Successfully Completed, Status, Successfully Completed, Status, Successfully Completed, Status, Successfully Completed, Status, Successfully Completed, Status, Successfully Completed, Status, Successfully Completed, Status, Successfully Completed, Status, Successfully Completed, Status, Successfully Completed, Status, Successfully Completed, Status, Successfully Completed, Status, Successfully Completed, Status, Successfully Completed, Status, Successfully Completed, Status, Successfully Completed, Status, Successfully Completed, Status, Successfully Completed, Status, Successfully Completed, Status, Successfully Completed, Status, Successfully Completed, Status, Successfully Completed, Status, Successfully Completed, Status, Successfully Completed, Status, Successfully Completed, Status, Successfully Completed, Status, Successfully Completed, Status, Successfully Completed, Status, Successfully Completed, Status, Successfully Completed, Status, Successfully Completed, Status, Successfully Completed, Status, Successfully Completed, Status, Successfully Completed, Status, Successfully Completed, Status, Successfully Completed, Status, Successfully Completed, Status, Successfully Completed, Status, Successfully Completed, Status, Successfully Completed, Status, Successfully Completed, Status, Successfully Completed, Status, Successfully Completed, Status, Successfully Completed, Status, Successfully Completed, Status, Successfully Completed, Status, Successfully Completed, Status, Successfully Completed, Status, Successfully Completed, Status, Successfully Completed, Status, Successfully Completed, Status, Successfully Completed, Status, Successfully Completed, Status, Successfully Completed, Status, Successfully Completed, Status, Successfully Completed, Status, Successfully Completed, Status, Successfully Completed, Status]
[neelback4more@gmail.com, Subho1991*, Status, Successfully Completed, Status, Successfully Completed, Status, Successfully Completed, Status, Successfully Completed, Status, Successfully Completed, Status, Successfully Completed, Status, Successfully Completed, Status, Successfully Completed, Status, Successfully Completed, Status, Successfully Completed, Status, Successfully Completed, Status, Successfully Completed, Status, Successfully Completed, Status, Successfully Completed, Status, Successfully Completed, Status, Successfully Completed, Status, Successfully Completed, Status, Successfully Completed, Status, Successfully Completed, Status, Successfully Completed, Status, Successfully Completed, Status, Successfully Completed, Status, Successfully Completed, Status, Successfully Completed, Status, Successfully Completed, Status, Successfully Completed, Status, Successfully Completed, Status, Successfully Completed, Status, Successfully Completed, Status, Successfully Completed, Status, Successfully Completed, Status, Successfully Completed, Status, Successfully Completed, Status, Successfully Completed, Status, Successfully Completed, Status, Successfully Completed, Status, Successfully Completed, Status, Successfully Completed, Status, Successfully Completed, Status, Successfully Completed, Status, Successfully Completed, Status, Successfully Completed, Status, Successfully Completed, Status, Successfully Completed, Status, Successfully Completed, Status, Successfully Completed, Status, Successfully Completed, Status, Successfully Completed, Status, Successfully Completed, Status, Successfully Completed, Status, Successfully Completed, Status, Successfully Completed, Status, Successfully Completed, Status, Successfully Completed, Status, Successfully Completed, Status, Successfully Completed, Status, Successfully Completed, Status, Successfully Completed, Status, Successfully Completed, Status, Successfully Completed, Status, Successfully Completed, Status, Successfully Completed, Status, Successfully Completed, Status, Successfully Completed, Status, Successfully Completed, Status, Successfully Completed, Status, Successfully Completed, Status, Successfully Completed, Status, Successfully Completed, Status, Successfully Completed, Status, Successfully Completed, Status, Successfully Completed, Status, Successfully Completed, Status, Successfully Completed, Status, Successfully Completed, Status, Successfully Completed, Status, Successfully Completed, Status, Successfully Completed, Status, Successfully Completed, Status, Successfully Completed, Status, Successfully Completed, Status, Successfully Completed, Status, Successfully Completed, Status, Successfully Completed, Status, Successfully Completed, Status, Successfully Completed, Status, Successfully Completed, Status, Successfully Completed, Status, Successfully Completed, Status, Successfully Completed, Status, Successfully Completed, Status, Successfully Completed, Status, Successfully Completed, Status, Successfully Completed, Status, Successfully Completed, Status, Successfully Completed, Status, Successfully Completed, Status, Successfully Completed, Status, Successfully Completed]
[neelback4more@gmail.com, Subho1991*, Status, Successfully Completed, Status, Successfully Completed, Status, Successfully Completed, Status, Successfully Completed, Status, Successfully Completed, Status, Successfully Completed, Status, Successfully Completed, Status, Successfully Completed, Status, Successfully Completed, Status, Successfully Completed, Status, Successfully Completed, Status, Successfully Completed, Status, Successfully Completed, Status, Successfully Completed, Status, Successfully Completed, Status, Successfully Completed, Status, Successfully Completed, Status, Successfully Completed, Status, Successfully Completed, Status, Successfully Completed, Status, Successfully Completed, Status, Successfully Completed, Status, Successfully Completed, Status, Successfully Completed, Status, Successfully Completed, Status, Successfully Completed, Status, Successfully Completed, Status, Successfully Completed, Status, Successfully Completed, Status, Successfully Completed, Status, Successfully Completed, Status, Successfully Completed, Status, Successfully Completed, Status, Successfully Completed, Status, Successfully Completed, Status, Successfully Completed, Status, Successfully Completed, Status, Successfully Completed, Status, Successfully Completed, Status, Successfully Completed, Status, Successfully Completed, Status, Successfully Completed, Status, Successfully Completed, Status, Successfully Completed, Status, Successfully Completed, Status, Successfully Completed, Status, Successfully Completed, Status, Successfully Completed, Status, Successfully Completed, Status, Successfully Completed, Status, Successfully Completed, Status, Successfully Completed, Status, Successfully Completed, Status, Successfully Completed, Status, Successfully Completed, Status, Successfully Completed, Status, Successfully Completed, Status, Successfully Completed, Status, Successfully Completed, Status, Successfully Completed, Status, Successfully Completed, Status, Successfully Completed, Status, Successfully Completed, Status, Successfully Completed, Status, Successfully Completed, Status, Successfully Completed, Status, Successfully Completed, Status, Successfully Completed, Status, Successfully Completed, Status, Successfully Completed, Status, Successfully Completed, Status, Successfully Completed, Status, Successfully Completed, Status, Successfully Completed, Status, Successfully Completed, Status, Successfully Completed, Status, Successfully Completed, Status, Successfully Completed, Status, Successfully Completed, Status, Successfully Completed, Status, Successfully Completed, Status, Successfully Completed, Status, Successfully Completed, Status, Successfully Completed, Status, Successfully Completed, Status, Successfully Completed, Status, Successfully Completed, Status, Successfully Completed, Status, Successfully Completed, Status, Successfully Completed, Status, Successfully Completed, Status, Successfully Completed, Status, Successfully Completed, Status, Successfully Completed, Status, Successfully Completed, Status, Successfully Completed, Status, Successfully Completed, Status, Successfully Completed, Status, Successfully Completed, Status]
[neelback4more@gmail.com, Subho1991*, Status, Successfully Completed, Status, Successfully Completed, Status, Successfully Completed, Status, Successfully Completed, Status, Successfully Completed, Status, Successfully Completed, Status, Successfully Completed, Status, Successfully Completed, Status, Successfully Completed, Status, Successfully Completed, Status, Successfully Completed, Status, Successfully Completed, Status, Successfully Completed, Status, Successfully Completed, Status, Successfully Completed, Status, Successfully Completed, Status, Successfully Completed, Status, Successfully Completed, Status, Successfully Completed, Status, Successfully Completed, Status, Successfully Completed, Status, Successfully Completed, Status, Successfully Completed, Status, Successfully Completed, Status, Successfully Completed, Status, Successfully Completed, Status, Successfully Completed, Status, Successfully Completed, Status, Successfully Completed, Status, Successfully Completed, Status, Successfully Completed, Status, Successfully Completed, Status, Successfully Completed, Status, Successfully Completed, Status, Successfully Completed, Status, Successfully Completed, Status, Successfully Completed, Status, Successfully Completed, Status, Successfully Completed, Status, Successfully Completed, Status, Successfully Completed, Status, Successfully Completed, Status, Successfully Completed, Status, Successfully Completed, Status, Successfully Completed, Status, Successfully Completed, Status, Successfully Completed, Status, Successfully Completed, Status, Successfully Completed, Status, Successfully Completed, Status, Successfully Completed, Status, Successfully Completed, Status, Successfully Completed, Status, Successfully Completed, Status, Successfully Completed, Status, Successfully Completed, Status, Successfully Completed, Status, Successfully Completed, Status, Successfully Completed, Status, Successfully Completed, Status, Successfully Completed, Status, Successfully Completed, Status, Successfully Completed, Status, Successfully Completed, Status, Successfully Completed, Status, Successfully Completed, Status, Successfully Completed, Status, Successfully Completed, Status, Successfully Completed, Status, Successfully Completed, Status, Successfully Completed, Status, Successfully Completed, Status, Successfully Completed, Status, Successfully Completed, Status, Successfully Completed, Status, Successfully Completed, Status, Successfully Completed, Status, Successfully Completed, Status, Successfully Completed, Status, Successfully Completed, Status, Successfully Completed, Status, Successfully Completed, Status, Successfully Completed, Status, Successfully Completed, Status, Successfully Completed, Status, Successfully Completed, Status, Successfully Completed, Status, Successfully Completed, Status, Successfully Completed, Status, Successfully Completed, Status, Successfully Completed, Status, Successfully Completed, Status, Successfully Completed, Status, Successfully Completed, Status, Successfully Completed, Status, Successfully Completed, Status, Successfully Completed, Status, Successfully Completed, Status, Successfully Completed, Status, Successfully Completed]
[neelback4more@gmail.com, Subho1991*, Status, Successfully Completed, Status, Successfully Completed, Status, Successfully Completed, Status, Successfully Completed, Status, Successfully Completed, Status, Successfully Completed, Status, Successfully Completed, Status, Successfully Completed, Status, Successfully Completed, Status, Successfully Completed, Status, Successfully Completed, Status, Successfully Completed, Status, Successfully Completed, Status, Successfully Completed, Status, Successfully Completed, Status, Successfully Completed, Status, Successfully Completed, Status, Successfully Completed, Status, Successfully Completed, Status, Successfully Completed, Status, Successfully Completed, Status, Successfully Completed, Status, Successfully Completed, Status, Successfully Completed, Status, Successfully Completed, Status, Successfully Completed, Status, Successfully Completed, Status, Successfully Completed, Status, Successfully Completed, Status, Successfully Completed, Status, Successfully Completed, Status, Successfully Completed, Status, Successfully Completed, Status, Successfully Completed, Status, Successfully Completed, Status, Successfully Completed, Status, Successfully Completed, Status, Successfully Completed, Status, Successfully Completed, Status, Successfully Completed, Status, Successfully Completed, Status, Successfully Completed, Status, Successfully Completed, Status, Successfully Completed, Status, Successfully Completed, Status, Successfully Completed, Status, Successfully Completed, Status, Successfully Completed, Status, Successfully Completed, Status, Successfully Completed, Status, Successfully Completed, Status, Successfully Completed, Status, Successfully Completed, Status, Successfully Completed, Status, Successfully Completed, Status, Successfully Completed, Status, Successfully Completed, Status, Successfully Completed, Status, Successfully Completed, Status, Successfully Completed, Status, Successfully Completed, Status, Successfully Completed, Status, Successfully Completed, Status, Successfully Completed, Status, Successfully Completed, Status, Successfully Completed, Status, Successfully Completed, Status, Successfully Completed, Status, Successfully Completed, Status, Successfully Completed, Status, Successfully Completed, Status, Successfully Completed, Status, Successfully Completed, Status, Successfully Completed, Status, Successfully Completed, Status, Successfully Completed, Status, Successfully Completed, Status, Successfully Completed, Status, Successfully Completed, Status, Successfully Completed, Status, Successfully Completed, Status, Successfully Completed, Status, Successfully Completed, Status, Successfully Completed, Status, Successfully Completed, Status, Successfully Completed, Status, Successfully Completed, Status, Successfully Completed, Status, Successfully Completed, Status, Successfully Completed, Status, Successfully Completed, Status, Successfully Completed, Status, Successfully Completed, Status, Successfully Completed, Status, Successfully Completed, Status, Successfully Completed, Status, Successfully Completed, Status, Successfully Completed, Status, Successfully Completed, Status, Successfully Completed, Status]
[neelback4more@gmail.com, Subho1991*, Status, Successfully Completed, Status, Successfully Completed, Status, Successfully Completed, Status, Successfully Completed, Status, Successfully Completed, Status, Successfully Completed, Status, Successfully Completed, Status, Successfully Completed, Status, Successfully Completed, Status, Successfully Completed, Status, Successfully Completed, Status, Successfully Completed, Status, Successfully Completed, Status, Successfully Completed, Status, Successfully Completed, Status, Successfully Completed, Status, Successfully Completed, Status, Successfully Completed, Status, Successfully Completed, Status, Successfully Completed, Status, Successfully Completed, Status, Successfully Completed, Status, Successfully Completed, Status, Successfully Completed, Status, Successfully Completed, Status, Successfully Completed, Status, Successfully Completed, Status, Successfully Completed, Status, Successfully Completed, Status, Successfully Completed, Status, Successfully Completed, Status, Successfully Completed, Status, Successfully Completed, Status, Successfully Completed, Status, Successfully Completed, Status, Successfully Completed, Status, Successfully Completed, Status, Successfully Completed, Status, Successfully Completed, Status, Successfully Completed, Status, Successfully Completed, Status, Successfully Completed, Status, Successfully Completed, Status, Successfully Completed, Status, Successfully Completed, Status, Successfully Completed, Status, Successfully Completed, Status, Successfully Completed, Status, Successfully Completed, Status, Successfully Completed, Status, Successfully Completed, Status, Successfully Completed, Status, Successfully Completed, Status, Successfully Completed, Status, Successfully Completed, Status, Successfully Completed, Status, Successfully Completed, Status, Successfully Completed, Status, Successfully Completed, Status, Successfully Completed, Status, Successfully Completed, Status, Successfully Completed, Status, Successfully Completed, Status, Successfully Completed, Status, Successfully Completed, Status, Successfully Completed, Status, Successfully Completed, Status, Successfully Completed, Status, Successfully Completed, Status, Successfully Completed, Status, Successfully Completed, Status, Successfully Completed, Status, Successfully Completed, Status, Successfully Completed, Status, Successfully Completed, Status, Successfully Completed, Status, Successfully Completed, Status, Successfully Completed, Status, Successfully Completed, Status, Successfully Completed, Status, Successfully Completed, Status, Successfully Completed, Status, Successfully Completed, Status, Successfully Completed, Status, Successfully Completed, Status, Successfully Completed, Status, Successfully Completed, Status, Successfully Completed, Status, Successfully Completed, Status, Successfully Completed, Status, Successfully Completed, Status, Successfully Completed, Status, Successfully Completed, Status, Successfully Completed, Status, Successfully Completed, Status, Successfully Completed, Status, Successfully Completed, Status, Successfully Completed, Status, Successfully Completed, Status, Successfully Completed, Status, Successfully Completed]
[neelback4more@gmail.com, Subho1991*, Status, Successfully Completed, Status, Successfully Completed, Status, Successfully Completed, Status, Successfully Completed, Status, Successfully Completed, Status, Successfully Completed, Status, Successfully Completed, Status, Successfully Completed, Status, Successfully Completed, Status, Successfully Completed, Status, Successfully Completed, Status, Successfully Completed, Status, Successfully Completed, Status, Successfully Completed, Status, Successfully Completed, Status, Successfully Completed, Status, Successfully Completed, Status, Successfully Completed, Status, Successfully Completed, Status, Successfully Completed, Status, Successfully Completed, Status, Successfully Completed, Status, Successfully Completed, Status, Successfully Completed, Status, Successfully Completed, Status, Successfully Completed, Status, Successfully Completed, Status, Successfully Completed, Status, Successfully Completed, Status, Successfully Completed, Status, Successfully Completed, Status, Successfully Completed, Status, Successfully Completed, Status, Successfully Completed, Status, Successfully Completed, Status, Successfully Completed, Status, Successfully Completed, Status, Successfully Completed, Status, Successfully Completed, Status, Successfully Completed, Status, Successfully Completed, Status, Successfully Completed, Status, Successfully Completed, Status, Successfully Completed, Status, Successfully Completed, Status, Successfully Completed, Status, Successfully Completed, Status, Successfully Completed, Status, Successfully Completed, Status, Successfully Completed, Status, Successfully Completed, Status, Successfully Completed, Status, Successfully Completed, Status, Successfully Completed, Status, Successfully Completed, Status, Successfully Completed, Status, Successfully Completed, Status, Successfully Completed, Status, Successfully Completed, Status, Successfully Completed, Status, Successfully Completed, Status, Successfully Completed, Status, Successfully Completed, Status, Successfully Completed, Status, Successfully Completed, Status, Successfully Completed, Status, Successfully Completed, Status, Successfully Completed, Status, Successfully Completed, Status, Successfully Completed, Status, Successfully Completed, Status, Successfully Completed, Status, Successfully Completed, Status, Successfully Completed, Status, Successfully Completed, Status, Successfully Completed, Status, Successfully Completed, Status, Successfully Completed, Status, Successfully Completed, Status, Successfully Completed, Status, Successfully Completed, Status, Successfully Completed, Status, Successfully Completed, Status, Successfully Completed, Status, Successfully Completed, Status, Successfully Completed, Status, Successfully Completed, Status, Successfully Completed, Status, Successfully Completed, Status, Successfully Completed, Status, Successfully Completed, Status, Successfully Completed, Status, Successfully Completed, Status, Successfully Completed, Status, Successfully Completed, Status, Successfully Completed, Status, Successfully Completed, Status, Successfully Completed, Status, Successfully Completed, Status, Successfully Completed, Status, Successfully Completed, Status]
[neelback4more@gmail.com, Subho1991*, Status, Successfully Completed, Status, Successfully Completed, Status, Successfully Completed, Status, Successfully Completed, Status, Successfully Completed, Status, Successfully Completed, Status, Successfully Completed, Status, Successfully Completed, Status, Successfully Completed, Status, Successfully Completed, Status, Successfully Completed, Status, Successfully Completed, Status, Successfully Completed, Status, Successfully Completed, Status, Successfully Completed, Status, Successfully Completed, Status, Successfully Completed, Status, Successfully Completed, Status, Successfully Completed, Status, Successfully Completed, Status, Successfully Completed, Status, Successfully Completed, Status, Successfully Completed, Status, Successfully Completed, Status, Successfully Completed, Status, Successfully Completed, Status, Successfully Completed, Status, Successfully Completed, Status, Successfully Completed, Status, Successfully Completed, Status, Successfully Completed, Status, Successfully Completed, Status, Successfully Completed, Status, Successfully Completed, Status, Successfully Completed, Status, Successfully Completed, Status, Successfully Completed, Status, Successfully Completed, Status, Successfully Completed, Status, Successfully Completed, Status, Successfully Completed, Status, Successfully Completed, Status, Successfully Completed, Status, Successfully Completed, Status, Successfully Completed, Status, Successfully Completed, Status, Successfully Completed, Status, Successfully Completed, Status, Successfully Completed, Status, Successfully Completed, Status, Successfully Completed, Status, Successfully Completed, Status, Successfully Completed, Status, Successfully Completed, Status, Successfully Completed, Status, Successfully Completed, Status, Successfully Completed, Status, Successfully Completed, Status, Successfully Completed, Status, Successfully Completed, Status, Successfully Completed, Status, Successfully Completed, Status, Successfully Completed, Status, Successfully Completed, Status, Successfully Completed, Status, Successfully Completed, Status, Successfully Completed, Status, Successfully Completed, Status, Successfully Completed, Status, Successfully Completed, Status, Successfully Completed, Status, Successfully Completed, Status, Successfully Completed, Status, Successfully Completed, Status, Successfully Completed, Status, Successfully Completed, Status, Successfully Completed, Status, Successfully Completed, Status, Successfully Completed, Status, Successfully Completed, Status, Successfully Completed, Status, Successfully Completed, Status, Successfully Completed, Status, Successfully Completed, Status, Successfully Completed, Status, Successfully Completed, Status, Successfully Completed, Status, Successfully Completed, Status, Successfully Completed, Status, Successfully Completed, Status, Successfully Completed, Status, Successfully Completed, Status, Successfully Completed, Status, Successfully Completed, Status, Successfully Completed, Status, Successfully Completed, Status, Successfully Completed, Status, Successfully Completed, Status, Successfully Completed, Status, Successfully Completed, Status, Successfully Completed, Status, Successfully Completed]
[neelback4more@gmail.com, Subho1991*, Status, Successfully Completed, Status, Successfully Completed, Status, Successfully Completed, Status, Successfully Completed, Status, Successfully Completed, Status, Successfully Completed, Status, Successfully Completed, Status, Successfully Completed, Status, Successfully Completed, Status, Successfully Completed, Status, Successfully Completed, Status, Successfully Completed, Status, Successfully Completed, Status, Successfully Completed, Status, Successfully Completed, Status, Successfully Completed, Status, Successfully Completed, Status, Successfully Completed, Status, Successfully Completed, Status, Successfully Completed, Status, Successfully Completed, Status, Successfully Completed, Status, Successfully Completed, Status, Successfully Completed, Status, Successfully Completed, Status, Successfully Completed, Status, Successfully Completed, Status, Successfully Completed, Status, Successfully Completed, Status, Successfully Completed, Status, Successfully Completed, Status, Successfully Completed, Status, Successfully Completed, Status, Successfully Completed, Status, Successfully Completed, Status, Successfully Completed, Status, Successfully Completed, Status, Successfully Completed, Status, Successfully Completed, Status, Successfully Completed, Status, Successfully Completed, Status, Successfully Completed, Status, Successfully Completed, Status, Successfully Completed, Status, Successfully Completed, Status, Successfully Completed, Status, Successfully Completed, Status, Successfully Completed, Status, Successfully Completed, Status, Successfully Completed, Status, Successfully Completed, Status, Successfully Completed, Status, Successfully Completed, Status, Successfully Completed, Status, Successfully Completed, Status, Successfully Completed, Status, Successfully Completed, Status, Successfully Completed, Status, Successfully Completed, Status, Successfully Completed, Status, Successfully Completed, Status, Successfully Completed, Status, Successfully Completed, Status, Successfully Completed, Status, Successfully Completed, Status, Successfully Completed, Status, Successfully Completed, Status, Successfully Completed, Status, Successfully Completed, Status, Successfully Completed, Status, Successfully Completed, Status, Successfully Completed, Status, Successfully Completed, Status, Successfully Completed, Status, Successfully Completed, Status, Successfully Completed, Status, Successfully Completed, Status, Successfully Completed, Status, Successfully Completed, Status, Successfully Completed, Status, Successfully Completed, Status, Successfully Completed, Status, Successfully Completed, Status, Successfully Completed, Status, Successfully Completed, Status, Successfully Completed, Status, Successfully Completed, Status, Successfully Completed, Status, Successfully Completed, Status, Successfully Completed, Status, Successfully Completed, Status, Successfully Completed, Status, Successfully Completed, Status, Successfully Completed, Status, Successfully Completed, Status, Successfully Completed, Status, Successfully Completed, Status, Successfully Completed, Status, Successfully Completed, Status, Successfully Completed, Status, Successfully Completed, Status, Successfully Completed, Status]
[neelback4more@gmail.com, Subho1991*, Status, Successfully Completed, Status, Successfully Completed, Status, Successfully Completed, Status, Successfully Completed, Status, Successfully Completed, Status, Successfully Completed, Status, Successfully Completed, Status, Successfully Completed, Status, Successfully Completed, Status, Successfully Completed, Status, Successfully Completed, Status, Successfully Completed, Status, Successfully Completed, Status, Successfully Completed, Status, Successfully Completed, Status, Successfully Completed, Status, Successfully Completed, Status, Successfully Completed, Status, Successfully Completed, Status, Successfully Completed, Status, Successfully Completed, Status, Successfully Completed, Status, Successfully Completed, Status, Successfully Completed, Status, Successfully Completed, Status, Successfully Completed, Status, Successfully Completed, Status, Successfully Completed, Status, Successfully Completed, Status, Successfully Completed, Status, Successfully Completed, Status, Successfully Completed, Status, Successfully Completed, Status, Successfully Completed, Status, Successfully Completed, Status, Successfully Completed, Status, Successfully Completed, Status, Successfully Completed, Status, Successfully Completed, Status, Successfully Completed, Status, Successfully Completed, Status, Successfully Completed, Status, Successfully Completed, Status, Successfully Completed, Status, Successfully Completed, Status, Successfully Completed, Status, Successfully Completed, Status, Successfully Completed, Status, Successfully Completed, Status, Successfully Completed, Status, Successfully Completed, Status, Successfully Completed, Status, Successfully Completed, Status, Successfully Completed, Status, Successfully Completed, Status, Successfully Completed, Status, Successfully Completed, Status, Successfully Completed, Status, Successfully Completed, Status, Successfully Completed, Status, Successfully Completed, Status, Successfully Completed, Status, Successfully Completed, Status, Successfully Completed, Status, Successfully Completed, Status, Successfully Completed, Status, Successfully Completed, Status, Successfully Completed, Status, Successfully Completed, Status, Successfully Completed, Status, Successfully Completed, Status, Successfully Completed, Status, Successfully Completed, Status, Successfully Completed, Status, Successfully Completed, Status, Successfully Completed, Status, Successfully Completed, Status, Successfully Completed, Status, Successfully Completed, Status, Successfully Completed, Status, Successfully Completed, Status, Successfully Completed, Status, Successfully Completed, Status, Successfully Completed, Status, Successfully Completed, Status, Successfully Completed, Status, Successfully Completed, Status, Successfully Completed, Status, Successfully Completed, Status, Successfully Completed, Status, Successfully Completed, Status, Successfully Completed, Status, Successfully Completed, Status, Successfully Completed, Status, Successfully Completed, Status, Successfully Completed, Status, Successfully Completed, Status, Successfully Completed, Status, Successfully Completed, Status, Successfully Completed, Status, Successfully Completed, Status, Successfully Completed, Status, Successfully Completed]
[neelback4more@gmail.com, Subho1991*, Status, Successfully Completed, Status, Successfully Completed, Status, Successfully Completed, Status, Successfully Completed, Status, Successfully Completed, Status, Successfully Completed, Status, Successfully Completed, Status, Successfully Completed, Status, Successfully Completed, Status, Successfully Completed, Status, Successfully Completed, Status, Successfully Completed, Status, Successfully Completed, Status, Successfully Completed, Status, Successfully Completed, Status, Successfully Completed, Status, Successfully Completed, Status, Successfully Completed, Status, Successfully Completed, Status, Successfully Completed, Status, Successfully Completed, Status, Successfully Completed, Status, Successfully Completed, Status, Successfully Completed, Status, Successfully Completed, Status, Successfully Completed, Status, Successfully Completed, Status, Successfully Completed, Status, Successfully Completed, Status, Successfully Completed, Status, Successfully Completed, Status, Successfully Completed, Status, Successfully Completed, Status, Successfully Completed, Status, Successfully Completed, Status, Successfully Completed, Status, Successfully Completed, Status, Successfully Completed, Status, Successfully Completed, Status, Successfully Completed, Status, Successfully Completed, Status, Successfully Completed, Status, Successfully Completed, Status, Successfully Completed, Status, Successfully Completed, Status, Successfully Completed, Status, Successfully Completed, Status, Successfully Completed, Status, Successfully Completed, Status, Successfully Completed, Status, Successfully Completed, Status, Successfully Completed, Status, Successfully Completed, Status, Successfully Completed, Status, Successfully Completed, Status, Successfully Completed, Status, Successfully Completed, Status, Successfully Completed, Status, Successfully Completed, Status, Successfully Completed, Status, Successfully Completed, Status, Successfully Completed, Status, Successfully Completed, Status, Successfully Completed, Status, Successfully Completed, Status, Successfully Completed, Status, Successfully Completed, Status, Successfully Completed, Status, Successfully Completed, Status, Successfully Completed, Status, Successfully Completed, Status, Successfully Completed, Status, Successfully Completed, Status, Successfully Completed, Status, Successfully Completed, Status, Successfully Completed, Status, Successfully Completed, Status, Successfully Completed, Status, Successfully Completed, Status, Successfully Completed, Status, Successfully Completed, Status, Successfully Completed, Status, Successfully Completed, Status, Successfully Completed, Status, Successfully Completed, Status, Successfully Completed, Status, Successfully Completed, Status, Successfully Completed, Status, Successfully Completed, Status, Successfully Completed, Status, Successfully Completed, Status, Successfully Completed, Status, Successfully Completed, Status, Successfully Completed, Status, Successfully Completed, Status, Successfully Completed, Status, Successfully Completed, Status, Successfully Completed, Status, Successfully Completed, Status, Successfully Completed, Status, Successfully Completed, Status, Successfully Completed, Status, Successfully Completed, Status]
[neelback4more@gmail.com, Subho1991*, Status, Successfully Completed, Status, Successfully Completed, Status, Successfully Completed, Status, Successfully Completed, Status, Successfully Completed, Status, Successfully Completed, Status, Successfully Completed, Status, Successfully Completed, Status, Successfully Completed, Status, Successfully Completed, Status, Successfully Completed, Status, Successfully Completed, Status, Successfully Completed, Status, Successfully Completed, Status, Successfully Completed, Status, Successfully Completed, Status, Successfully Completed, Status, Successfully Completed, Status, Successfully Completed, Status, Successfully Completed, Status, Successfully Completed, Status, Successfully Completed, Status, Successfully Completed, Status, Successfully Completed, Status, Successfully Completed, Status, Successfully Completed, Status, Successfully Completed, Status, Successfully Completed, Status, Successfully Completed, Status, Successfully Completed, Status, Successfully Completed, Status, Successfully Completed, Status, Successfully Completed, Status, Successfully Completed, Status, Successfully Completed, Status, Successfully Completed, Status, Successfully Completed, Status, Successfully Completed, Status, Successfully Completed, Status, Successfully Completed, Status, Successfully Completed, Status, Successfully Completed, Status, Successfully Completed, Status, Successfully Completed, Status, Successfully Completed, Status, Successfully Completed, Status, Successfully Completed, Status, Successfully Completed, Status, Successfully Completed, Status, Successfully Completed, Status, Successfully Completed, Status, Successfully Completed, Status, Successfully Completed, Status, Successfully Completed, Status, Successfully Completed, Status, Successfully Completed, Status, Successfully Completed, Status, Successfully Completed, Status, Successfully Completed, Status, Successfully Completed, Status, Successfully Completed, Status, Successfully Completed, Status, Successfully Completed, Status, Successfully Completed, Status, Successfully Completed, Status, Successfully Completed, Status, Successfully Completed, Status, Successfully Completed, Status, Successfully Completed, Status, Successfully Completed, Status, Successfully Completed, Status, Successfully Completed, Status, Successfully Completed, Status, Successfully Completed, Status, Successfully Completed, Status, Successfully Completed, Status, Successfully Completed, Status, Successfully Completed, Status, Successfully Completed, Status, Successfully Completed, Status, Successfully Completed, Status, Successfully Completed, Status, Successfully Completed, Status, Successfully Completed, Status, Successfully Completed, Status, Successfully Completed, Status, Successfully Completed, Status, Successfully Completed, Status, Successfully Completed, Status, Successfully Completed, Status, Successfully Completed, Status, Successfully Completed, Status, Successfully Completed, Status, Successfully Completed, Status, Successfully Completed, Status, Successfully Completed, Status, Successfully Completed, Status, Successfully Completed, Status, Successfully Completed, Status, Successfully Completed, Status, Successfully Completed, Status, Successfully Completed, Status, Successfully Completed, Status, Successfully Completed]
[neelback4more@gmail.com, Subho1991*, Status, Successfully Completed, Status, Successfully Completed, Status, Successfully Completed, Status, Successfully Completed, Status, Successfully Completed, Status, Successfully Completed, Status, Successfully Completed, Status, Successfully Completed, Status, Successfully Completed, Status, Successfully Completed, Status, Successfully Completed, Status, Successfully Completed, Status, Successfully Completed, Status, Successfully Completed, Status, Successfully Completed, Status, Successfully Completed, Status, Successfully Completed, Status, Successfully Completed, Status, Successfully Completed, Status, Successfully Completed, Status, Successfully Completed, Status, Successfully Completed, Status, Successfully Completed, Status, Successfully Completed, Status, Successfully Completed, Status, Successfully Completed, Status, Successfully Completed, Status, Successfully Completed, Status, Successfully Completed, Status, Successfully Completed, Status, Successfully Completed, Status, Successfully Completed, Status, Successfully Completed, Status, Successfully Completed, Status, Successfully Completed, Status, Successfully Completed, Status, Successfully Completed, Status, Successfully Completed, Status, Successfully Completed, Status, Successfully Completed, Status, Successfully Completed, Status, Successfully Completed, Status, Successfully Completed, Status, Successfully Completed, Status, Successfully Completed, Status, Successfully Completed, Status, Successfully Completed, Status, Successfully Completed, Status, Successfully Completed, Status, Successfully Completed, Status, Successfully Completed, Status, Successfully Completed, Status, Successfully Completed, Status, Successfully Completed, Status, Successfully Completed, Status, Successfully Completed, Status, Successfully Completed, Status, Successfully Completed, Status, Successfully Completed, Status, Successfully Completed, Status, Successfully Completed, Status, Successfully Completed, Status, Successfully Completed, Status, Successfully Completed, Status, Successfully Completed, Status, Successfully Completed, Status, Successfully Completed, Status, Successfully Completed, Status, Successfully Completed, Status, Successfully Completed, Status, Successfully Completed, Status, Successfully Completed, Status, Successfully Completed, Status, Successfully Completed, Status, Successfully Completed, Status, Successfully Completed, Status, Successfully Completed, Status, Successfully Completed, Status, Successfully Completed, Status, Successfully Completed, Status, Successfully Completed, Status, Successfully Completed, Status, Successfully Completed, Status, Successfully Completed, Status, Successfully Completed, Status, Successfully Completed, Status, Successfully Completed, Status, Successfully Completed, Status, Successfully Completed, Status, Successfully Completed, Status, Successfully Completed, Status, Successfully Completed, Status, Successfully Completed, Status, Successfully Completed, Status, Successfully Completed, Status, Successfully Completed, Status, Successfully Completed, Status, Successfully Completed, Status, Successfully Completed, Status, Successfully Completed, Status, Successfully Completed, Status, Successfully Completed, Status, Successfully Completed, Status, Successfully Completed, Status]
[neelback4more@gmail.com, Subho1991*, Status, Successfully Completed, Status, Successfully Completed, Status, Successfully Completed, Status, Successfully Completed, Status, Successfully Completed, Status, Successfully Completed, Status, Successfully Completed, Status, Successfully Completed, Status, Successfully Completed, Status, Successfully Completed, Status, Successfully Completed, Status, Successfully Completed, Status, Successfully Completed, Status, Successfully Completed, Status, Successfully Completed, Status, Successfully Completed, Status, Successfully Completed, Status, Successfully Completed, Status, Successfully Completed, Status, Successfully Completed, Status, Successfully Completed, Status, Successfully Completed, Status, Successfully Completed, Status, Successfully Completed, Status, Successfully Completed, Status, Successfully Completed, Status, Successfully Completed, Status, Successfully Completed, Status, Successfully Completed, Status, Successfully Completed, Status, Successfully Completed, Status, Successfully Completed, Status, Successfully Completed, Status, Successfully Completed, Status, Successfully Completed, Status, Successfully Completed, Status, Successfully Completed, Status, Successfully Completed, Status, Successfully Completed, Status, Successfully Completed, Status, Successfully Completed, Status, Successfully Completed, Status, Successfully Completed, Status, Successfully Completed, Status, Successfully Completed, Status, Successfully Completed, Status, Successfully Completed, Status, Successfully Completed, Status, Successfully Completed, Status, Successfully Completed, Status, Successfully Completed, Status, Successfully Completed, Status, Successfully Completed, Status, Successfully Completed, Status, Successfully Completed, Status, Successfully Completed, Status, Successfully Completed, Status, Successfully Completed, Status, Successfully Completed, Status, Successfully Completed, Status, Successfully Completed, Status, Successfully Completed, Status, Successfully Completed, Status, Successfully Completed, Status, Successfully Completed, Status, Successfully Completed, Status, Successfully Completed, Status, Successfully Completed, Status, Successfully Completed, Status, Successfully Completed, Status, Successfully Completed, Status, Successfully Completed, Status, Successfully Completed, Status, Successfully Completed, Status, Successfully Completed, Status, Successfully Completed, Status, Successfully Completed, Status, Successfully Completed, Status, Successfully Completed, Status, Successfully Completed, Status, Successfully Completed, Status, Successfully Completed, Status, Successfully Completed, Status, Successfully Completed, Status, Successfully Completed, Status, Successfully Completed, Status, Successfully Completed, Status, Successfully Completed, Status, Successfully Completed, Status, Successfully Completed, Status, Successfully Completed, Status, Successfully Completed, Status, Successfully Completed, Status, Successfully Completed, Status, Successfully Completed, Status, Successfully Completed, Status, Successfully Completed, Status, Successfully Completed, Status, Successfully Completed, Status, Successfully Completed, Status, Successfully Completed, Status, Successfully Completed, Status, Successfully Completed, Status, Successfully Completed, Status, Successfully Completed]
[neelback4more@gmail.com, Subho1991*, Status, Successfully Completed, Status, Successfully Completed, Status, Successfully Completed, Status, Successfully Completed, Status, Successfully Completed, Status, Successfully Completed, Status, Successfully Completed, Status, Successfully Completed, Status, Successfully Completed, Status, Successfully Completed, Status, Successfully Completed, Status, Successfully Completed, Status, Successfully Completed, Status, Successfully Completed, Status, Successfully Completed, Status, Successfully Completed, Status, Successfully Completed, Status, Successfully Completed, Status, Successfully Completed, Status, Successfully Completed, Status, Successfully Completed, Status, Successfully Completed, Status, Successfully Completed, Status, Successfully Completed, Status, Successfully Completed, Status, Successfully Completed, Status, Successfully Completed, Status, Successfully Completed, Status, Successfully Completed, Status, Successfully Completed, Status, Successfully Completed, Status, Successfully Completed, Status, Successfully Completed, Status, Successfully Completed, Status, Successfully Completed, Status, Successfully Completed, Status, Successfully Completed, Status, Successfully Completed, Status, Successfully Completed, Status, Successfully Completed, Status, Successfully Completed, Status, Successfully Completed, Status, Successfully Completed, Status, Successfully Completed, Status, Successfully Completed, Status, Successfully Completed, Status, Successfully Completed, Status, Successfully Completed, Status, Successfully Completed, Status, Successfully Completed, Status, Successfully Completed, Status, Successfully Completed, Status, Successfully Completed, Status, Successfully Completed, Status, Successfully Completed, Status, Successfully Completed, Status, Successfully Completed, Status, Successfully Completed, Status, Successfully Completed, Status, Successfully Completed, Status, Successfully Completed, Status, Successfully Completed, Status, Successfully Completed, Status, Successfully Completed, Status, Successfully Completed, Status, Successfully Completed, Status, Successfully Completed, Status, Successfully Completed, Status, Successfully Completed, Status, Successfully Completed, Status, Successfully Completed, Status, Successfully Completed, Status, Successfully Completed, Status, Successfully Completed, Status, Successfully Completed, Status, Successfully Completed, Status, Successfully Completed, Status, Successfully Completed, Status, Successfully Completed, Status, Successfully Completed, Status, Successfully Completed, Status, Successfully Completed, Status, Successfully Completed, Status, Successfully Completed, Status, Successfully Completed, Status, Successfully Completed, Status, Successfully Completed, Status, Successfully Completed, Status, Successfully Completed, Status, Successfully Completed, Status, Successfully Completed, Status, Successfully Completed, Status, Successfully Completed, Status, Successfully Completed, Status, Successfully Completed, Status, Successfully Completed, Status, Successfully Completed, Status, Successfully Completed, Status, Successfully Completed, Status, Successfully Completed, Status, Successfully Completed, Status, Successfully Completed, Status, Successfully Completed, Status, Successfully Completed, Status, Successfully Completed, Status]
[neelback4more@gmail.com, Subho1991*, Status, Successfully Completed, Status, Successfully Completed, Status, Successfully Completed, Status, Successfully Completed, Status, Successfully Completed, Status, Successfully Completed, Status, Successfully Completed, Status, Successfully Completed, Status, Successfully Completed, Status, Successfully Completed, Status, Successfully Completed, Status, Successfully Completed, Status, Successfully Completed, Status, Successfully Completed, Status, Successfully Completed, Status, Successfully Completed, Status, Successfully Completed, Status, Successfully Completed, Status, Successfully Completed, Status, Successfully Completed, Status, Successfully Completed, Status, Successfully Completed, Status, Successfully Completed, Status, Successfully Completed, Status, Successfully Completed, Status, Successfully Completed, Status, Successfully Completed, Status, Successfully Completed, Status, Successfully Completed, Status, Successfully Completed, Status, Successfully Completed, Status, Successfully Completed, Status, Successfully Completed, Status, Successfully Completed, Status, Successfully Completed, Status, Successfully Completed, Status, Successfully Completed, Status, Successfully Completed, Status, Successfully Completed, Status, Successfully Completed, Status, Successfully Completed, Status, Successfully Completed, Status, Successfully Completed, Status, Successfully Completed, Status, Successfully Completed, Status, Successfully Completed, Status, Successfully Completed, Status, Successfully Completed, Status, Successfully Completed, Status, Successfully Completed, Status, Successfully Completed, Status, Successfully Completed, Status, Successfully Completed, Status, Successfully Completed, Status, Successfully Completed, Status, Successfully Completed, Status, Successfully Completed, Status, Successfully Completed, Status, Successfully Completed, Status, Successfully Completed, Status, Successfully Completed, Status, Successfully Completed, Status, Successfully Completed, Status, Successfully Completed, Status, Successfully Completed, Status, Successfully Completed, Status, Successfully Completed, Status, Successfully Completed, Status, Successfully Completed, Status, Successfully Completed, Status, Successfully Completed, Status, Successfully Completed, Status, Successfully Completed, Status, Successfully Completed, Status, Successfully Completed, Status, Successfully Completed, Status, Successfully Completed, Status, Successfully Completed, Status, Successfully Completed, Status, Successfully Completed, Status, Successfully Completed, Status, Successfully Completed, Status, Successfully Completed, Status, Successfully Completed, Status, Successfully Completed, Status, Successfully Completed, Status, Successfully Completed, Status, Successfully Completed, Status, Successfully Completed, Status, Successfully Completed, Status, Successfully Completed, Status, Successfully Completed, Status, Successfully Completed, Status, Successfully Completed, Status, Successfully Completed, Status, Successfully Completed, Status, Successfully Completed, Status, Successfully Completed, Status, Successfully Completed, Status, Successfully Completed, Status, Successfully Completed, Status, Successfully Completed, Status, Successfully Completed, Status, Successfully Completed, Status, Successfully Completed, Status, Successfully Completed]
[neelback4more@gmail.com, Subho1991*, Status, Successfully Completed, Status, Successfully Completed, Status, Successfully Completed, Status, Successfully Completed, Status, Successfully Completed, Status, Successfully Completed, Status, Successfully Completed, Status, Successfully Completed, Status, Successfully Completed, Status, Successfully Completed, Status, Successfully Completed, Status, Successfully Completed, Status, Successfully Completed, Status, Successfully Completed, Status, Successfully Completed, Status, Successfully Completed, Status, Successfully Completed, Status, Successfully Completed, Status, Successfully Completed, Status, Successfully Completed, Status, Successfully Completed, Status, Successfully Completed, Status, Successfully Completed, Status, Successfully Completed, Status, Successfully Completed, Status, Successfully Completed, Status, Successfully Completed, Status, Successfully Completed, Status, Successfully Completed, Status, Successfully Completed, Status, Successfully Completed, Status, Successfully Completed, Status, Successfully Completed, Status, Successfully Completed, Status, Successfully Completed, Status, Successfully Completed, Status, Successfully Completed, Status, Successfully Completed, Status, Successfully Completed, Status, Successfully Completed, Status, Successfully Completed, Status, Successfully Completed, Status, Successfully Completed, Status, Successfully Completed, Status, Successfully Completed, Status, Successfully Completed, Status, Successfully Completed, Status, Successfully Completed, Status, Successfully Completed, Status, Successfully Completed, Status, Successfully Completed, Status, Successfully Completed, Status, Successfully Completed, Status, Successfully Completed, Status, Successfully Completed, Status, Successfully Completed, Status, Successfully Completed, Status, Successfully Completed, Status, Successfully Completed, Status, Successfully Completed, Status, Successfully Completed, Status, Successfully Completed, Status, Successfully Completed, Status, Successfully Completed, Status, Successfully Completed, Status, Successfully Completed, Status, Successfully Completed, Status, Successfully Completed, Status, Successfully Completed, Status, Successfully Completed, Status, Successfully Completed, Status, Successfully Completed, Status, Successfully Completed, Status, Successfully Completed, Status, Successfully Completed, Status, Successfully Completed, Status, Successfully Completed, Status, Successfully Completed, Status, Successfully Completed, Status, Successfully Completed, Status, Successfully Completed, Status, Successfully Completed, Status, Successfully Completed, Status, Successfully Completed, Status, Successfully Completed, Status, Successfully Completed, Status, Successfully Completed, Status, Successfully Completed, Status, Successfully Completed, Status, Successfully Completed, Status, Successfully Completed, Status, Successfully Completed, Status, Successfully Completed, Status, Successfully Completed, Status, Successfully Completed, Status, Successfully Completed, Status, Successfully Completed, Status, Successfully Completed, Status, Successfully Completed, Status, Successfully Completed, Status, Successfully Completed, Status, Successfully Completed, Status, Successfully Completed, Status, Successfully Completed, Status, Successfully Completed, Status, Successfully Completed, Status]
[neelback4more@gmail.com, Subho1991*, Status, Successfully Completed, Status, Successfully Completed, Status, Successfully Completed, Status, Successfully Completed, Status, Successfully Completed, Status, Successfully Completed, Status, Successfully Completed, Status, Successfully Completed, Status, Successfully Completed, Status, Successfully Completed, Status, Successfully Completed, Status, Successfully Completed, Status, Successfully Completed, Status, Successfully Completed, Status, Successfully Completed, Status, Successfully Completed, Status, Successfully Completed, Status, Successfully Completed, Status, Successfully Completed, Status, Successfully Completed, Status, Successfully Completed, Status, Successfully Completed, Status, Successfully Completed, Status, Successfully Completed, Status, Successfully Completed, Status, Successfully Completed, Status, Successfully Completed, Status, Successfully Completed, Status, Successfully Completed, Status, Successfully Completed, Status, Successfully Completed, Status, Successfully Completed, Status, Successfully Completed, Status, Successfully Completed, Status, Successfully Completed, Status, Successfully Completed, Status, Successfully Completed, Status, Successfully Completed, Status, Successfully Completed, Status, Successfully Completed, Status, Successfully Completed, Status, Successfully Completed, Status, Successfully Completed, Status, Successfully Completed, Status, Successfully Completed, Status, Successfully Completed, Status, Successfully Completed, Status, Successfully Completed, Status, Successfully Completed, Status, Successfully Completed, Status, Successfully Completed, Status, Successfully Completed, Status, Successfully Completed, Status, Successfully Completed, Status, Successfully Completed, Status, Successfully Completed, Status, Successfully Completed, Status, Successfully Completed, Status, Successfully Completed, Status, Successfully Completed, Status, Successfully Completed, Status, Successfully Completed, Status, Successfully Completed, Status, Successfully Completed, Status, Successfully Completed, Status, Successfully Completed, Status, Successfully Completed, Status, Successfully Completed, Status, Successfully Completed, Status, Successfully Completed, Status, Successfully Completed, Status, Successfully Completed, Status, Successfully Completed, Status, Successfully Completed, Status, Successfully Completed, Status, Successfully Completed, Status, Successfully Completed, Status, Successfully Completed, Status, Successfully Completed, Status, Successfully Completed, Status, Successfully Completed, Status, Successfully Completed, Status, Successfully Completed, Status, Successfully Completed, Status, Successfully Completed, Status, Successfully Completed, Status, Successfully Completed, Status, Successfully Completed, Status, Successfully Completed, Status, Successfully Completed, Status, Successfully Completed, Status, Successfully Completed, Status, Successfully Completed, Status, Successfully Completed, Status, Successfully Completed, Status, Successfully Completed, Status, Successfully Completed, Status, Successfully Completed, Status, Successfully Completed, Status, Successfully Completed, Status, Successfully Completed, Status, Successfully Completed, Status, Successfully Completed, Status, Successfully Completed, Status, Successfully Completed, Status, Successfully Completed, Status, Successfully Completed]
[neelback4more@gmail.com, Subho1991*, Status, Successfully Completed, Status, Successfully Completed, Status, Successfully Completed, Status, Successfully Completed, Status, Successfully Completed, Status, Successfully Completed, Status, Successfully Completed, Status, Successfully Completed, Status, Successfully Completed, Status, Successfully Completed, Status, Successfully Completed, Status, Successfully Completed, Status, Successfully Completed, Status, Successfully Completed, Status, Successfully Completed, Status, Successfully Completed, Status, Successfully Completed, Status, Successfully Completed, Status, Successfully Completed, Status, Successfully Completed, Status, Successfully Completed, Status, Successfully Completed, Status, Successfully Completed, Status, Successfully Completed, Status, Successfully Completed, Status, Successfully Completed, Status, Successfully Completed, Status, Successfully Completed, Status, Successfully Completed, Status, Successfully Completed, Status, Successfully Completed, Status, Successfully Completed, Status, Successfully Completed, Status, Successfully Completed, Status, Successfully Completed, Status, Successfully Completed, Status, Successfully Completed, Status, Successfully Completed, Status, Successfully Completed, Status, Successfully Completed, Status, Successfully Completed, Status, Successfully Completed, Status, Successfully Completed, Status, Successfully Completed, Status, Successfully Completed, Status, Successfully Completed, Status, Successfully Completed, Status, Successfully Completed, Status, Successfully Completed, Status, Successfully Completed, Status, Successfully Completed, Status, Successfully Completed, Status, Successfully Completed, Status, Successfully Completed, Status, Successfully Completed, Status, Successfully Completed, Status, Successfully Completed, Status, Successfully Completed, Status, Successfully Completed, Status, Successfully Completed, Status, Successfully Completed, Status, Successfully Completed, Status, Successfully Completed, Status, Successfully Completed, Status, Successfully Completed, Status, Successfully Completed, Status, Successfully Completed, Status, Successfully Completed, Status, Successfully Completed, Status, Successfully Completed, Status, Successfully Completed, Status, Successfully Completed, Status, Successfully Completed, Status, Successfully Completed, Status, Successfully Completed, Status, Successfully Completed, Status, Successfully Completed, Status, Successfully Completed, Status, Successfully Completed, Status, Successfully Completed, Status, Successfully Completed, Status, Successfully Completed, Status, Successfully Completed, Status, Successfully Completed, Status, Successfully Completed, Status, Successfully Completed, Status, Successfully Completed, Status, Successfully Completed, Status, Successfully Completed, Status, Successfully Completed, Status, Successfully Completed, Status, Successfully Completed, Status, Successfully Completed, Status, Successfully Completed, Status, Successfully Completed, Status, Successfully Completed, Status, Successfully Completed, Status, Successfully Completed, Status, Successfully Completed, Status, Successfully Completed, Status, Successfully Completed, Status, Successfully Completed, Status, Successfully Completed, Status, Successfully Completed, Status, Successfully Completed, Status, Successfully Completed, Status, Successfully Completed, Status]
[neelback4more@gmail.com, Subho1991*, Status, Successfully Completed, Status, Successfully Completed, Status, Successfully Completed, Status, Successfully Completed, Status, Successfully Completed, Status, Successfully Completed, Status, Successfully Completed, Status, Successfully Completed, Status, Successfully Completed, Status, Successfully Completed, Status, Successfully Completed, Status, Successfully Completed, Status, Successfully Completed, Status, Successfully Completed, Status, Successfully Completed, Status, Successfully Completed, Status, Successfully Completed, Status, Successfully Completed, Status, Successfully Completed, Status, Successfully Completed, Status, Successfully Completed, Status, Successfully Completed, Status, Successfully Completed, Status, Successfully Completed, Status, Successfully Completed, Status, Successfully Completed, Status, Successfully Completed, Status, Successfully Completed, Status, Successfully Completed, Status, Successfully Completed, Status, Successfully Completed, Status, Successfully Completed, Status, Successfully Completed, Status, Successfully Completed, Status, Successfully Completed, Status, Successfully Completed, Status, Successfully Completed, Status, Successfully Completed, Status, Successfully Completed, Status, Successfully Completed, Status, Successfully Completed, Status, Successfully Completed, Status, Successfully Completed, Status, Successfully Completed, Status, Successfully Completed, Status, Successfully Completed, Status, Successfully Completed, Status, Successfully Completed, Status, Successfully Completed, Status, Successfully Completed, Status, Successfully Completed, Status, Successfully Completed, Status, Successfully Completed, Status, Successfully Completed, Status, Successfully Completed, Status, Successfully Completed, Status, Successfully Completed, Status, Successfully Completed, Status, Successfully Completed, Status, Successfully Completed, Status, Successfully Completed, Status, Successfully Completed, Status, Successfully Completed, Status, Successfully Completed, Status, Successfully Completed, Status, Successfully Completed, Status, Successfully Completed, Status, Successfully Completed, Status, Successfully Completed, Status, Successfully Completed, Status, Successfully Completed, Status, Successfully Completed, Status, Successfully Completed, Status, Successfully Completed, Status, Successfully Completed, Status, Successfully Completed, Status, Successfully Completed, Status, Successfully Completed, Status, Successfully Completed, Status, Successfully Completed, Status, Successfully Completed, Status, Successfully Completed, Status, Successfully Completed, Status, Successfully Completed, Status, Successfully Completed, Status, Successfully Completed, Status, Successfully Completed, Status, Successfully Completed, Status, Successfully Completed, Status, Successfully Completed, Status, Successfully Completed, Status, Successfully Completed, Status, Successfully Completed, Status, Successfully Completed, Status, Successfully Completed, Status, Successfully Completed, Status, Successfully Completed, Status, Successfully Completed, Status, Successfully Completed, Status, Successfully Completed, Status, Successfully Completed, Status, Successfully Completed, Status, Successfully Completed, Status, Successfully Completed, Status, Successfully Completed, Status, Successfully Completed, Status, Successfully Completed, Status, Successfully Completed]
[neelback4more@gmail.com, Subho1991*, Status, Successfully Completed, Status, Successfully Completed, Status, Successfully Completed, Status, Successfully Completed, Status, Successfully Completed, Status, Successfully Completed, Status, Successfully Completed, Status, Successfully Completed, Status, Successfully Completed, Status, Successfully Completed, Status, Successfully Completed, Status, Successfully Completed, Status, Successfully Completed, Status, Successfully Completed, Status, Successfully Completed, Status, Successfully Completed, Status, Successfully Completed, Status, Successfully Completed, Status, Successfully Completed, Status, Successfully Completed, Status, Successfully Completed, Status, Successfully Completed, Status, Successfully Completed, Status, Successfully Completed, Status, Successfully Completed, Status, Successfully Completed, Status, Successfully Completed, Status, Successfully Completed, Status, Successfully Completed, Status, Successfully Completed, Status, Successfully Completed, Status, Successfully Completed, Status, Successfully Completed, Status, Successfully Completed, Status, Successfully Completed, Status, Successfully Completed, Status, Successfully Completed, Status, Successfully Completed, Status, Successfully Completed, Status, Successfully Completed, Status, Successfully Completed, Status, Successfully Completed, Status, Successfully Completed, Status, Successfully Completed, Status, Successfully Completed, Status, Successfully Completed, Status, Successfully Completed, Status, Successfully Completed, Status, Successfully Completed, Status, Successfully Completed, Status, Successfully Completed, Status, Successfully Completed, Status, Successfully Completed, Status, Successfully Completed, Status, Successfully Completed, Status, Successfully Completed, Status, Successfully Completed, Status, Successfully Completed, Status, Successfully Completed, Status, Successfully Completed, Status, Successfully Completed, Status, Successfully Completed, Status, Successfully Completed, Status, Successfully Completed, Status, Successfully Completed, Status, Successfully Completed, Status, Successfully Completed, Status, Successfully Completed, Status, Successfully Completed, Status, Successfully Completed, Status, Successfully Completed, Status, Successfully Completed, Status, Successfully Completed, Status, Successfully Completed, Status, Successfully Completed, Status, Successfully Completed, Status, Successfully Completed, Status, Successfully Completed, Status, Successfully Completed, Status, Successfully Completed, Status, Successfully Completed, Status, Successfully Completed, Status, Successfully Completed, Status, Successfully Completed, Status, Successfully Completed, Status, Successfully Completed, Status, Successfully Completed, Status, Successfully Completed, Status, Successfully Completed, Status, Successfully Completed, Status, Successfully Completed, Status, Successfully Completed, Status, Successfully Completed, Status, Successfully Completed, Status, Successfully Completed, Status, Successfully Completed, Status, Successfully Completed, Status, Successfully Completed, Status, Successfully Completed, Status, Successfully Completed, Status, Successfully Completed, Status, Successfully Completed, Status, Successfully Completed, Status, Successfully Completed, Status, Successfully Completed, Status, Successfully Completed, Status, Successfully Completed, Status, Successfully Completed, Status]
[neelback4more@gmail.com, Subho1991*, Status, Successfully Completed, Status, Successfully Completed, Status, Successfully Completed, Status, Successfully Completed, Status, Successfully Completed, Status, Successfully Completed, Status, Successfully Completed, Status, Successfully Completed, Status, Successfully Completed, Status, Successfully Completed, Status, Successfully Completed, Status, Successfully Completed, Status, Successfully Completed, Status, Successfully Completed, Status, Successfully Completed, Status, Successfully Completed, Status, Successfully Completed, Status, Successfully Completed, Status, Successfully Completed, Status, Successfully Completed, Status, Successfully Completed, Status, Successfully Completed, Status, Successfully Completed, Status, Successfully Completed, Status, Successfully Completed, Status, Successfully Completed, Status, Successfully Completed, Status, Successfully Completed, Status, Successfully Completed, Status, Successfully Completed, Status, Successfully Completed, Status, Successfully Completed, Status, Successfully Completed, Status, Successfully Completed, Status, Successfully Completed, Status, Successfully Completed, Status, Successfully Completed, Status, Successfully Completed, Status, Successfully Completed, Status, Successfully Completed, Status, Successfully Completed, Status, Successfully Completed, Status, Successfully Completed, Status, Successfully Completed, Status, Successfully Completed, Status, Successfully Completed, Status, Successfully Completed, Status, Successfully Completed, Status, Successfully Completed, Status, Successfully Completed, Status, Successfully Completed, Status, Successfully Completed, Status, Successfully Completed, Status, Successfully Completed, Status, Successfully Completed, Status, Successfully Completed, Status, Successfully Completed, Status, Successfully Completed, Status, Successfully Completed, Status, Successfully Completed, Status, Successfully Completed, Status, Successfully Completed, Status, Successfully Completed, Status, Successfully Completed, Status, Successfully Completed, Status, Successfully Completed, Status, Successfully Completed, Status, Successfully Completed, Status, Successfully Completed, Status, Successfully Completed, Status, Successfully Completed, Status, Successfully Completed, Status, Successfully Completed, Status, Successfully Completed, Status, Successfully Completed, Status, Successfully Completed, Status, Successfully Completed, Status, Successfully Completed, Status, Successfully Completed, Status, Successfully Completed, Status, Successfully Completed, Status, Successfully Completed, Status, Successfully Completed, Status, Successfully Completed, Status, Successfully Completed, Status, Successfully Completed, Status, Successfully Completed, Status, Successfully Completed, Status, Successfully Completed, Status, Successfully Completed, Status, Successfully Completed, Status, Successfully Completed, Status, Successfully Completed, Status, Successfully Completed, Status, Successfully Completed, Status, Successfully Completed, Status, Successfully Completed, Status, Successfully Completed, Status, Successfully Completed, Status, Successfully Completed, Status, Successfully Completed, Status, Successfully Completed, Status, Successfully Completed, Status, Successfully Completed, Status, Successfully Completed, Status, Successfully Completed, Status, Successfully Completed, Status, Successfully Completed, Status, Successfully Completed]
[neelback4more@gmail.com, Subho1991*, Status, Successfully Completed, Status, Successfully Completed, Status, Successfully Completed, Status, Successfully Completed, Status, Successfully Completed, Status, Successfully Completed, Status, Successfully Completed, Status, Successfully Completed, Status, Successfully Completed, Status, Successfully Completed, Status, Successfully Completed, Status, Successfully Completed, Status, Successfully Completed, Status, Successfully Completed, Status, Successfully Completed, Status, Successfully Completed, Status, Successfully Completed, Status, Successfully Completed, Status, Successfully Completed, Status, Successfully Completed, Status, Successfully Completed, Status, Successfully Completed, Status, Successfully Completed, Status, Successfully Completed, Status, Successfully Completed, Status, Successfully Completed, Status, Successfully Completed, Status, Successfully Completed, Status, Successfully Completed, Status, Successfully Completed, Status, Successfully Completed, Status, Successfully Completed, Status, Successfully Completed, Status, Successfully Completed, Status, Successfully Completed, Status, Successfully Completed, Status, Successfully Completed, Status, Successfully Completed, Status, Successfully Completed, Status, Successfully Completed, Status, Successfully Completed, Status, Successfully Completed, Status, Successfully Completed, Status, Successfully Completed, Status, Successfully Completed, Status, Successfully Completed, Status, Successfully Completed, Status, Successfully Completed, Status, Successfully Completed, Status, Successfully Completed, Status, Successfully Completed, Status, Successfully Completed, Status, Successfully Completed, Status, Successfully Completed, Status, Successfully Completed, Status, Successfully Completed, Status, Successfully Completed, Status, Successfully Completed, Status, Successfully Completed, Status, Successfully Completed, Status, Successfully Completed, Status, Successfully Completed, Status, Successfully Completed, Status, Successfully Completed, Status, Successfully Completed, Status, Successfully Completed, Status, Successfully Completed, Status, Successfully Completed, Status, Successfully Completed, Status, Successfully Completed, Status, Successfully Completed, Status, Successfully Completed, Status, Successfully Completed, Status, Successfully Completed, Status, Successfully Completed, Status, Successfully Completed, Status, Successfully Completed, Status, Successfully Completed, Status, Successfully Completed, Status, Successfully Completed, Status, Successfully Completed, Status, Successfully Completed, Status, Successfully Completed, Status, Successfully Completed, Status, Successfully Completed, Status, Successfully Completed, Status, Successfully Completed, Status, Successfully Completed, Status, Successfully Completed, Status, Successfully Completed, Status, Successfully Completed, Status, Successfully Completed, Status, Successfully Completed, Status, Successfully Completed, Status, Successfully Completed, Status, Successfully Completed, Status, Successfully Completed, Status, Successfully Completed, Status, Successfully Completed, Status, Successfully Completed, Status, Successfully Completed, Status, Successfully Completed, Status, Successfully Completed, Status, Successfully Completed, Status, Successfully Completed, Status, Successfully Completed, Status, Successfully Completed, Status, Successfully Completed, Status, Successfully Completed, Status]
[neelback4more@gmail.com, Subho1991*, Status, Successfully Completed, Status, Successfully Completed, Status, Successfully Completed, Status, Successfully Completed, Status, Successfully Completed, Status, Successfully Completed, Status, Successfully Completed, Status, Successfully Completed, Status, Successfully Completed, Status, Successfully Completed, Status, Successfully Completed, Status, Successfully Completed, Status, Successfully Completed, Status, Successfully Completed, Status, Successfully Completed, Status, Successfully Completed, Status, Successfully Completed, Status, Successfully Completed, Status, Successfully Completed, Status, Successfully Completed, Status, Successfully Completed, Status, Successfully Completed, Status, Successfully Completed, Status, Successfully Completed, Status, Successfully Completed, Status, Successfully Completed, Status, Successfully Completed, Status, Successfully Completed, Status, Successfully Completed, Status, Successfully Completed, Status, Successfully Completed, Status, Successfully Completed, Status, Successfully Completed, Status, Successfully Completed, Status, Successfully Completed, Status, Successfully Completed, Status, Successfully Completed, Status, Successfully Completed, Status, Successfully Completed, Status, Successfully Completed, Status, Successfully Completed, Status, Successfully Completed, Status, Successfully Completed, Status, Successfully Completed, Status, Successfully Completed, Status, Successfully Completed, Status, Successfully Completed, Status, Successfully Completed, Status, Successfully Completed, Status, Successfully Completed, Status, Successfully Completed, Status, Successfully Completed, Status, Successfully Completed, Status, Successfully Completed, Status, Successfully Completed, Status, Successfully Completed, Status, Successfully Completed, Status, Successfully Completed, Status, Successfully Completed, Status, Successfully Completed, Status, Successfully Completed, Status, Successfully Completed, Status, Successfully Completed, Status, Successfully Completed, Status, Successfully Completed, Status, Successfully Completed, Status, Successfully Completed, Status, Successfully Completed, Status, Successfully Completed, Status, Successfully Completed, Status, Successfully Completed, Status, Successfully Completed, Status, Successfully Completed, Status, Successfully Completed, Status, Successfully Completed, Status, Successfully Completed, Status, Successfully Completed, Status, Successfully Completed, Status, Successfully Completed, Status, Successfully Completed, Status, Successfully Completed, Status, Successfully Completed, Status, Successfully Completed, Status, Successfully Completed, Status, Successfully Completed, Status, Successfully Completed, Status, Successfully Completed, Status, Successfully Completed, Status, Successfully Completed, Status, Successfully Completed, Status, Successfully Completed, Status, Successfully Completed, Status, Successfully Completed, Status, Successfully Completed, Status, Successfully Completed, Status, Successfully Completed, Status, Successfully Completed, Status, Successfully Completed, Status, Successfully Completed, Status, Successfully Completed, Status, Successfully Completed, Status, Successfully Completed, Status, Successfully Completed, Status, Successfully Completed, Status, Successfully Completed, Status, Successfully Completed, Status, Successfully Completed, Status, Successfully Completed, Status, Successfully Completed, Status, Successfully Completed]
[neelback4more@gmail.com, Subho1991*, Status, Successfully Completed, Status, Successfully Completed, Status, Successfully Completed, Status, Successfully Completed, Status, Successfully Completed, Status, Successfully Completed, Status, Successfully Completed, Status, Successfully Completed, Status, Successfully Completed, Status, Successfully Completed, Status, Successfully Completed, Status, Successfully Completed, Status, Successfully Completed, Status, Successfully Completed, Status, Successfully Completed, Status, Successfully Completed, Status, Successfully Completed, Status, Successfully Completed, Status, Successfully Completed, Status, Successfully Completed, Status, Successfully Completed, Status, Successfully Completed, Status, Successfully Completed, Status, Successfully Completed, Status, Successfully Completed, Status, Successfully Completed, Status, Successfully Completed, Status, Successfully Completed, Status, Successfully Completed, Status, Successfully Completed, Status, Successfully Completed, Status, Successfully Completed, Status, Successfully Completed, Status, Successfully Completed, Status, Successfully Completed, Status, Successfully Completed, Status, Successfully Completed, Status, Successfully Completed, Status, Successfully Completed, Status, Successfully Completed, Status, Successfully Completed, Status, Successfully Completed, Status, Successfully Completed, Status, Successfully Completed, Status, Successfully Completed, Status, Successfully Completed, Status, Successfully Completed, Status, Successfully Completed, Status, Successfully Completed, Status, Successfully Completed, Status, Successfully Completed, Status, Successfully Completed, Status, Successfully Completed, Status, Successfully Completed, Status, Successfully Completed, Status, Successfully Completed, Status, Successfully Completed, Status, Successfully Completed, Status, Successfully Completed, Status, Successfully Completed, Status, Successfully Completed, Status, Successfully Completed, Status, Successfully Completed, Status, Successfully Completed, Status, Successfully Completed, Status, Successfully Completed, Status, Successfully Completed, Status, Successfully Completed, Status, Successfully Completed, Status, Successfully Completed, Status, Successfully Completed, Status, Successfully Completed, Status, Successfully Completed, Status, Successfully Completed, Status, Successfully Completed, Status, Successfully Completed, Status, Successfully Completed, Status, Successfully Completed, Status, Successfully Completed, Status, Successfully Completed, Status, Successfully Completed, Status, Successfully Completed, Status, Successfully Completed, Status, Successfully Completed, Status, Successfully Completed, Status, Successfully Completed, Status, Successfully Completed, Status, Successfully Completed, Status, Successfully Completed, Status, Successfully Completed, Status, Successfully Completed, Status, Successfully Completed, Status, Successfully Completed, Status, Successfully Completed, Status, Successfully Completed, Status, Successfully Completed, Status, Successfully Completed, Status, Successfully Completed, Status, Successfully Completed, Status, Successfully Completed, Status, Successfully Completed, Status, Successfully Completed, Status, Successfully Completed, Status, Successfully Completed, Status, Successfully Completed, Status, Successfully Completed, Status, Successfully Completed, Status, Successfully Completed, Status, Successfully Completed, Status, Successfully Completed, Status]
[neelback4more@gmail.com, Subho1991*, Status, Successfully Completed, Status, Successfully Completed, Status, Successfully Completed, Status, Successfully Completed, Status, Successfully Completed, Status, Successfully Completed, Status, Successfully Completed, Status, Successfully Completed, Status, Successfully Completed, Status, Successfully Completed, Status, Successfully Completed, Status, Successfully Completed, Status, Successfully Completed, Status, Successfully Completed, Status, Successfully Completed, Status, Successfully Completed, Status, Successfully Completed, Status, Successfully Completed, Status, Successfully Completed, Status, Successfully Completed, Status, Successfully Completed, Status, Successfully Completed, Status, Successfully Completed, Status, Successfully Completed, Status, Successfully Completed, Status, Successfully Completed, Status, Successfully Completed, Status, Successfully Completed, Status, Successfully Completed, Status, Successfully Completed, Status, Successfully Completed, Status, Successfully Completed, Status, Successfully Completed, Status, Successfully Completed, Status, Successfully Completed, Status, Successfully Completed, Status, Successfully Completed, Status, Successfully Completed, Status, Successfully Completed, Status, Successfully Completed, Status, Successfully Completed, Status, Successfully Completed, Status, Successfully Completed, Status, Successfully Completed, Status, Successfully Completed, Status, Successfully Completed, Status, Successfully Completed, Status, Successfully Completed, Status, Successfully Completed, Status, Successfully Completed, Status, Successfully Completed, Status, Successfully Completed, Status, Successfully Completed, Status, Successfully Completed, Status, Successfully Completed, Status, Successfully Completed, Status, Successfully Completed, Status, Successfully Completed, Status, Successfully Completed, Status, Successfully Completed, Status, Successfully Completed, Status, Successfully Completed, Status, Successfully Completed, Status, Successfully Completed, Status, Successfully Completed, Status, Successfully Completed, Status, Successfully Completed, Status, Successfully Completed, Status, Successfully Completed, Status, Successfully Completed, Status, Successfully Completed, Status, Successfully Completed, Status, Successfully Completed, Status, Successfully Completed, Status, Successfully Completed, Status, Successfully Completed, Status, Successfully Completed, Status, Successfully Completed, Status, Successfully Completed, Status, Successfully Completed, Status, Successfully Completed, Status, Successfully Completed, Status, Successfully Completed, Status, Successfully Completed, Status, Successfully Completed, Status, Successfully Completed, Status, Successfully Completed, Status, Successfully Completed, Status, Successfully Completed, Status, Successfully Completed, Status, Successfully Completed, Status, Successfully Completed, Status, Successfully Completed, Status, Successfully Completed, Status, Successfully Completed, Status, Successfully Completed, Status, Successfully Completed, Status, Successfully Completed, Status, Successfully Completed, Status, Successfully Completed, Status, Successfully Completed, Status, Successfully Completed, Status, Successfully Completed, Status, Successfully Completed, Status, Successfully Completed, Status, Successfully Completed, Status, Successfully Completed, Status, Successfully Completed, Status, Successfully Completed, Status, Successfully Completed, Status, Successfully Completed]
[neelback4more@gmail.com, Subho1991*, Status, Successfully Completed, Status, Successfully Completed, Status, Successfully Completed, Status, Successfully Completed, Status, Successfully Completed, Status, Successfully Completed, Status, Successfully Completed, Status, Successfully Completed, Status, Successfully Completed, Status, Successfully Completed, Status, Successfully Completed, Status, Successfully Completed, Status, Successfully Completed, Status, Successfully Completed, Status, Successfully Completed, Status, Successfully Completed, Status, Successfully Completed, Status, Successfully Completed, Status, Successfully Completed, Status, Successfully Completed, Status, Successfully Completed, Status, Successfully Completed, Status, Successfully Completed, Status, Successfully Completed, Status, Successfully Completed, Status, Successfully Completed, Status, Successfully Completed, Status, Successfully Completed, Status, Successfully Completed, Status, Successfully Completed, Status, Successfully Completed, Status, Successfully Completed, Status, Successfully Completed, Status, Successfully Completed, Status, Successfully Completed, Status, Successfully Completed, Status, Successfully Completed, Status, Successfully Completed, Status, Successfully Completed, Status, Successfully Completed, Status, Successfully Completed, Status, Successfully Completed, Status, Successfully Completed, Status, Successfully Completed, Status, Successfully Completed, Status, Successfully Completed, Status, Successfully Completed, Status, Successfully Completed, Status, Successfully Completed, Status, Successfully Completed, Status, Successfully Completed, Status, Successfully Completed, Status, Successfully Completed, Status, Successfully Completed, Status, Successfully Completed, Status, Successfully Completed, Status, Successfully Completed, Status, Successfully Completed, Status, Successfully Completed, Status, Successfully Completed, Status, Successfully Completed, Status, Successfully Completed, Status, Successfully Completed, Status, Successfully Completed, Status, Successfully Completed, Status, Successfully Completed, Status, Successfully Completed, Status, Successfully Completed, Status, Successfully Completed, Status, Successfully Completed, Status, Successfully Completed, Status, Successfully Completed, Status, Successfully Completed, Status, Successfully Completed, Status, Successfully Completed, Status, Successfully Completed, Status, Successfully Completed, Status, Successfully Completed, Status, Successfully Completed, Status, Successfully Completed, Status, Successfully Completed, Status, Successfully Completed, Status, Successfully Completed, Status, Successfully Completed, Status, Successfully Completed, Status, Successfully Completed, Status, Successfully Completed, Status, Successfully Completed, Status, Successfully Completed, Status, Successfully Completed, Status, Successfully Completed, Status, Successfully Completed, Status, Successfully Completed, Status, Successfully Completed, Status, Successfully Completed, Status, Successfully Completed, Status, Successfully Completed, Status, Successfully Completed, Status, Successfully Completed, Status, Successfully Completed, Status, Successfully Completed, Status, Successfully Completed, Status, Successfully Completed, Status, Successfully Completed, Status, Successfully Completed, Status, Successfully Completed, Status, Successfully Completed, Status, Successfully Completed, Status, Successfully Completed, Status, Successfully Completed, Status, Successfully Completed, Status]
[neelback4more@gmail.com, Subho1991*, Status, Successfully Completed, Status, Successfully Completed, Status, Successfully Completed, Status, Successfully Completed, Status, Successfully Completed, Status, Successfully Completed, Status, Successfully Completed, Status, Successfully Completed, Status, Successfully Completed, Status, Successfully Completed, Status, Successfully Completed, Status, Successfully Completed, Status, Successfully Completed, Status, Successfully Completed, Status, Successfully Completed, Status, Successfully Completed, Status, Successfully Completed, Status, Successfully Completed, Status, Successfully Completed, Status, Successfully Completed, Status, Successfully Completed, Status, Successfully Completed, Status, Successfully Completed, Status, Successfully Completed, Status, Successfully Completed, Status, Successfully Completed, Status, Successfully Completed, Status, Successfully Completed, Status, Successfully Completed, Status, Successfully Completed, Status, Successfully Completed, Status, Successfully Completed, Status, Successfully Completed, Status, Successfully Completed, Status, Successfully Completed, Status, Successfully Completed, Status, Successfully Completed, Status, Successfully Completed, Status, Successfully Completed, Status, Successfully Completed, Status, Successfully Completed, Status, Successfully Completed, Status, Successfully Completed, Status, Successfully Completed, Status, Successfully Completed, Status, Successfully Completed, Status, Successfully Completed, Status, Successfully Completed, Status, Successfully Completed, Status, Successfully Completed, Status, Successfully Completed, Status, Successfully Completed, Status, Successfully Completed, Status, Successfully Completed, Status, Successfully Completed, Status, Successfully Completed, Status, Successfully Completed, Status, Successfully Completed, Status, Successfully Completed, Status, Successfully Completed, Status, Successfully Completed, Status, Successfully Completed, Status, Successfully Completed, Status, Successfully Completed, Status, Successfully Completed, Status, Successfully Completed, Status, Successfully Completed, Status, Successfully Completed, Status, Successfully Completed, Status, Successfully Completed, Status, Successfully Completed, Status, Successfully Completed, Status, Successfully Completed, Status, Successfully Completed, Status, Successfully Completed, Status, Successfully Completed, Status, Successfully Completed, Status, Successfully Completed, Status, Successfully Completed, Status, Successfully Completed, Status, Successfully Completed, Status, Successfully Completed, Status, Successfully Completed, Status, Successfully Completed, Status, Successfully Completed, Status, Successfully Completed, Status, Successfully Completed, Status, Successfully Completed, Status, Successfully Completed, Status, Successfully Completed, Status, Successfully Completed, Status, Successfully Completed, Status, Successfully Completed, Status, Successfully Completed, Status, Successfully Completed, Status, Successfully Completed, Status, Successfully Completed, Status, Successfully Completed, Status, Successfully Completed, Status, Successfully Completed, Status, Successfully Completed, Status, Successfully Completed, Status, Successfully Completed, Status, Successfully Completed, Status, Successfully Completed, Status, Successfully Completed, Status, Successfully Completed, Status, Successfully Completed, Status, Successfully Completed, Status, Successfully Completed, Status, Successfully Completed, Status, Successfully Completed]
[neelback4more@gmail.com, Subho1991*, Status, Successfully Completed, Status, Successfully Completed, Status, Successfully Completed, Status, Successfully Completed, Status, Successfully Completed, Status, Successfully Completed, Status, Successfully Completed, Status, Successfully Completed, Status, Successfully Completed, Status, Successfully Completed, Status, Successfully Completed, Status, Successfully Completed, Status, Successfully Completed, Status, Successfully Completed, Status, Successfully Completed, Status, Successfully Completed, Status, Successfully Completed, Status, Successfully Completed, Status, Successfully Completed, Status, Successfully Completed, Status, Successfully Completed, Status, Successfully Completed, Status, Successfully Completed, Status, Successfully Completed, Status, Successfully Completed, Status, Successfully Completed, Status, Successfully Completed, Status, Successfully Completed, Status, Successfully Completed, Status, Successfully Completed, Status, Successfully Completed, Status, Successfully Completed, Status, Successfully Completed, Status, Successfully Completed, Status, Successfully Completed, Status, Successfully Completed, Status, Successfully Completed, Status, Successfully Completed, Status, Successfully Completed, Status, Successfully Completed, Status, Successfully Completed, Status, Successfully Completed, Status, Successfully Completed, Status, Successfully Completed, Status, Successfully Completed, Status, Successfully Completed, Status, Successfully Completed, Status, Successfully Completed, Status, Successfully Completed, Status, Successfully Completed, Status, Successfully Completed, Status, Successfully Completed, Status, Successfully Completed, Status, Successfully Completed, Status, Successfully Completed, Status, Successfully Completed, Status, Successfully Completed, Status, Successfully Completed, Status, Successfully Completed, Status, Successfully Completed, Status, Successfully Completed, Status, Successfully Completed, Status, Successfully Completed, Status, Successfully Completed, Status, Successfully Completed, Status, Successfully Completed, Status, Successfully Completed, Status, Successfully Completed, Status, Successfully Completed, Status, Successfully Completed, Status, Successfully Completed, Status, Successfully Completed, Status, Successfully Completed, Status, Successfully Completed, Status, Successfully Completed, Status, Successfully Completed, Status, Successfully Completed, Status, Successfully Completed, Status, Successfully Completed, Status, Successfully Completed, Status, Successfully Completed, Status, Successfully Completed, Status, Successfully Completed, Status, Successfully Completed, Status, Successfully Completed, Status, Successfully Completed, Status, Successfully Completed, Status, Successfully Completed, Status, Successfully Completed, Status, Successfully Completed, Status, Successfully Completed, Status, Successfully Completed, Status, Successfully Completed, Status, Successfully Completed, Status, Successfully Completed, Status, Successfully Completed, Status, Successfully Completed, Status, Successfully Completed, Status, Successfully Completed, Status, Successfully Completed, Status, Successfully Completed, Status, Successfully Completed, Status, Successfully Completed, Status, Successfully Completed, Status, Successfully Completed, Status, Successfully Completed, Status, Successfully Completed, Status, Successfully Completed, Status, Successfully Completed, Status, Successfully Completed, Status, Successfully Completed, Status, Successfully Completed, Status]
[neelback4more@gmail.com, Subho1991*, Status, Successfully Completed, Status, Successfully Completed, Status, Successfully Completed, Status, Successfully Completed, Status, Successfully Completed, Status, Successfully Completed, Status, Successfully Completed, Status, Successfully Completed, Status, Successfully Completed, Status, Successfully Completed, Status, Successfully Completed, Status, Successfully Completed, Status, Successfully Completed, Status, Successfully Completed, Status, Successfully Completed, Status, Successfully Completed, Status, Successfully Completed, Status, Successfully Completed, Status, Successfully Completed, Status, Successfully Completed, Status, Successfully Completed, Status, Successfully Completed, Status, Successfully Completed, Status, Successfully Completed, Status, Successfully Completed, Status, Successfully Completed, Status, Successfully Completed, Status, Successfully Completed, Status, Successfully Completed, Status, Successfully Completed, Status, Successfully Completed, Status, Successfully Completed, Status, Successfully Completed, Status, Successfully Completed, Status, Successfully Completed, Status, Successfully Completed, Status, Successfully Completed, Status, Successfully Completed, Status, Successfully Completed, Status, Successfully Completed, Status, Successfully Completed, Status, Successfully Completed, Status, Successfully Completed, Status, Successfully Completed, Status, Successfully Completed, Status, Successfully Completed, Status, Successfully Completed, Status, Successfully Completed, Status, Successfully Completed, Status, Successfully Completed, Status, Successfully Completed, Status, Successfully Completed, Status, Successfully Completed, Status, Successfully Completed, Status, Successfully Completed, Status, Successfully Completed, Status, Successfully Completed, Status, Successfully Completed, Status, Successfully Completed, Status, Successfully Completed, Status, Successfully Completed, Status, Successfully Completed, Status, Successfully Completed, Status, Successfully Completed, Status, Successfully Completed, Status, Successfully Completed, Status, Successfully Completed, Status, Successfully Completed, Status, Successfully Completed, Status, Successfully Completed, Status, Successfully Completed, Status, Successfully Completed, Status, Successfully Completed, Status, Successfully Completed, Status, Successfully Completed, Status, Successfully Completed, Status, Successfully Completed, Status, Successfully Completed, Status, Successfully Completed, Status, Successfully Completed, Status, Successfully Completed, Status, Successfully Completed, Status, Successfully Completed, Status, Successfully Completed, Status, Successfully Completed, Status, Successfully Completed, Status, Successfully Completed, Status, Successfully Completed, Status, Successfully Completed, Status, Successfully Completed, Status, Successfully Completed, Status, Successfully Completed, Status, Successfully Completed, Status, Successfully Completed, Status, Successfully Completed, Status, Successfully Completed, Status, Successfully Completed, Status, Successfully Completed, Status, Successfully Completed, Status, Successfully Completed, Status, Successfully Completed, Status, Successfully Completed, Status, Successfully Completed, Status, Successfully Completed, Status, Successfully Completed, Status, Successfully Completed, Status, Successfully Completed, Status, Successfully Completed, Status, Successfully Completed, Status, Successfully Completed, Status, Successfully Completed, Status, Successfully Completed, Status, Successfully Completed]
[neelback4more@gmail.com, Subho1991*, Status, Successfully Completed, Status, Successfully Completed, Status, Successfully Completed, Status, Successfully Completed, Status, Successfully Completed, Status, Successfully Completed, Status, Successfully Completed, Status, Successfully Completed, Status, Successfully Completed, Status, Successfully Completed, Status, Successfully Completed, Status, Successfully Completed, Status, Successfully Completed, Status, Successfully Completed, Status, Successfully Completed, Status, Successfully Completed, Status, Successfully Completed, Status, Successfully Completed, Status, Successfully Completed, Status, Successfully Completed, Status, Successfully Completed, Status, Successfully Completed, Status, Successfully Completed, Status, Successfully Completed, Status, Successfully Completed, Status, Successfully Completed, Status, Successfully Completed, Status, Successfully Completed, Status, Successfully Completed, Status, Successfully Completed, Status, Successfully Completed, Status, Successfully Completed, Status, Successfully Completed, Status, Successfully Completed, Status, Successfully Completed, Status, Successfully Completed, Status, Successfully Completed, Status, Successfully Completed, Status, Successfully Completed, Status, Successfully Completed, Status, Successfully Completed, Status, Successfully Completed, Status, Successfully Completed, Status, Successfully Completed, Status, Successfully Completed, Status, Successfully Completed, Status, Successfully Completed, Status, Successfully Completed, Status, Successfully Completed, Status, Successfully Completed, Status, Successfully Completed, Status, Successfully Completed, Status, Successfully Completed, Status, Successfully Completed, Status, Successfully Completed, Status, Successfully Completed, Status, Successfully Completed, Status, Successfully Completed, Status, Successfully Completed, Status, Successfully Completed, Status, Successfully Completed, Status, Successfully Completed, Status, Successfully Completed, Status, Successfully Completed, Status, Successfully Completed, Status, Successfully Completed, Status, Successfully Completed, Status, Successfully Completed, Status, Successfully Completed, Status, Successfully Completed, Status, Successfully Completed, Status, Successfully Completed, Status, Successfully Completed, Status, Successfully Completed, Status, Successfully Completed, Status, Successfully Completed, Status, Successfully Completed, Status, Successfully Completed, Status, Successfully Completed, Status, Successfully Completed, Status, Successfully Completed, Status, Successfully Completed, Status, Successfully Completed, Status, Successfully Completed, Status, Successfully Completed, Status, Successfully Completed, Status, Successfully Completed, Status, Successfully Completed, Status, Successfully Completed, Status, Successfully Completed, Status, Successfully Completed, Status, Successfully Completed, Status, Successfully Completed, Status, Successfully Completed, Status, Successfully Completed, Status, Successfully Completed, Status, Successfully Completed, Status, Successfully Completed, Status, Successfully Completed, Status, Successfully Completed, Status, Successfully Completed, Status, Successfully Completed, Status, Successfully Completed, Status, Successfully Completed, Status, Successfully Completed, Status, Successfully Completed, Status, Successfully Completed, Status, Successfully Completed, Status, Successfully Completed, Status, Successfully Completed, Status, Successfully Completed, Status, Successfully Completed, Status, Successfully Completed, Status]
[neelback4more@gmail.com, Subho1991*, Status, Successfully Completed, Status, Successfully Completed, Status, Successfully Completed, Status, Successfully Completed, Status, Successfully Completed, Status, Successfully Completed, Status, Successfully Completed, Status, Successfully Completed, Status, Successfully Completed, Status, Successfully Completed, Status, Successfully Completed, Status, Successfully Completed, Status, Successfully Completed, Status, Successfully Completed, Status, Successfully Completed, Status, Successfully Completed, Status, Successfully Completed, Status, Successfully Completed, Status, Successfully Completed, Status, Successfully Completed, Status, Successfully Completed, Status, Successfully Completed, Status, Successfully Completed, Status, Successfully Completed, Status, Successfully Completed, Status, Successfully Completed, Status, Successfully Completed, Status, Successfully Completed, Status, Successfully Completed, Status, Successfully Completed, Status, Successfully Completed, Status, Successfully Completed, Status, Successfully Completed, Status, Successfully Completed, Status, Successfully Completed, Status, Successfully Completed, Status, Successfully Completed, Status, Successfully Completed, Status, Successfully Completed, Status, Successfully Completed, Status, Successfully Completed, Status, Successfully Completed, Status, Successfully Completed, Status, Successfully Completed, Status, Successfully Completed, Status, Successfully Completed, Status, Successfully Completed, Status, Successfully Completed, Status, Successfully Completed, Status, Successfully Completed, Status, Successfully Completed, Status, Successfully Completed, Status, Successfully Completed, Status, Successfully Completed, Status, Successfully Completed, Status, Successfully Completed, Status, Successfully Completed, Status, Successfully Completed, Status, Successfully Completed, Status, Successfully Completed, Status, Successfully Completed, Status, Successfully Completed, Status, Successfully Completed, Status, Successfully Completed, Status, Successfully Completed, Status, Successfully Completed, Status, Successfully Completed, Status, Successfully Completed, Status, Successfully Completed, Status, Successfully Completed, Status, Successfully Completed, Status, Successfully Completed, Status, Successfully Completed, Status, Successfully Completed, Status, Successfully Completed, Status, Successfully Completed, Status, Successfully Completed, Status, Successfully Completed, Status, Successfully Completed, Status, Successfully Completed, Status, Successfully Completed, Status, Successfully Completed, Status, Successfully Completed, Status, Successfully Completed, Status, Successfully Completed, Status, Successfully Completed, Status, Successfully Completed, Status, Successfully Completed, Status, Successfully Completed, Status, Successfully Completed, Status, Successfully Completed, Status, Successfully Completed, Status, Successfully Completed, Status, Successfully Completed, Status, Successfully Completed, Status, Successfully Completed, Status, Successfully Completed, Status, Successfully Completed, Status, Successfully Completed, Status, Successfully Completed, Status, Successfully Completed, Status, Successfully Completed, Status, Successfully Completed, Status, Successfully Completed, Status, Successfully Completed, Status, Successfully Completed, Status, Successfully Completed, Status, Successfully Completed, Status, Successfully Completed, Status, Successfully Completed, Status, Successfully Completed, Status, Successfully Completed, Status, Successfully Completed, Status, Successfully Completed]
[neelback4more@gmail.com, Subho1991*, Status, Successfully Completed, Status, Successfully Completed, Status, Successfully Completed, Status, Successfully Completed, Status, Successfully Completed, Status, Successfully Completed, Status, Successfully Completed, Status, Successfully Completed, Status, Successfully Completed, Status, Successfully Completed, Status, Successfully Completed, Status, Successfully Completed, Status, Successfully Completed, Status, Successfully Completed, Status, Successfully Completed, Status, Successfully Completed, Status, Successfully Completed, Status, Successfully Completed, Status, Successfully Completed, Status, Successfully Completed, Status, Successfully Completed, Status, Successfully Completed, Status, Successfully Completed, Status, Successfully Completed, Status, Successfully Completed, Status, Successfully Completed, Status, Successfully Completed, Status, Successfully Completed, Status, Successfully Completed, Status, Successfully Completed, Status, Successfully Completed, Status, Successfully Completed, Status, Successfully Completed, Status, Successfully Completed, Status, Successfully Completed, Status, Successfully Completed, Status, Successfully Completed, Status, Successfully Completed, Status, Successfully Completed, Status, Successfully Completed, Status, Successfully Completed, Status, Successfully Completed, Status, Successfully Completed, Status, Successfully Completed, Status, Successfully Completed, Status, Successfully Completed, Status, Successfully Completed, Status, Successfully Completed, Status, Successfully Completed, Status, Successfully Completed, Status, Successfully Completed, Status, Successfully Completed, Status, Successfully Completed, Status, Successfully Completed, Status, Successfully Completed, Status, Successfully Completed, Status, Successfully Completed, Status, Successfully Completed, Status, Successfully Completed, Status, Successfully Completed, Status, Successfully Completed, Status, Successfully Completed, Status, Successfully Completed, Status, Successfully Completed, Status, Successfully Completed, Status, Successfully Completed, Status, Successfully Completed, Status, Successfully Completed, Status, Successfully Completed, Status, Successfully Completed, Status, Successfully Completed, Status, Successfully Completed, Status, Successfully Completed, Status, Successfully Completed, Status, Successfully Completed, Status, Successfully Completed, Status, Successfully Completed, Status, Successfully Completed, Status, Successfully Completed, Status, Successfully Completed, Status, Successfully Completed, Status, Successfully Completed, Status, Successfully Completed, Status, Successfully Completed, Status, Successfully Completed, Status, Successfully Completed, Status, Successfully Completed, Status, Successfully Completed, Status, Successfully Completed, Status, Successfully Completed, Status, Successfully Completed, Status, Successfully Completed, Status, Successfully Completed, Status, Successfully Completed, Status, Successfully Completed, Status, Successfully Completed, Status, Successfully Completed, Status, Successfully Completed, Status, Successfully Completed, Status, Successfully Completed, Status, Successfully Completed, Status, Successfully Completed, Status, Successfully Completed, Status, Successfully Completed, Status, Successfully Completed, Status, Successfully Completed, Status, Successfully Completed, Status, Successfully Completed, Status, Successfully Completed, Status, Successfully Completed, Status, Successfully Completed, Status, Successfully Completed, Status, Successfully Completed, Status, Successfully Completed, Status]
[neelback4more@gmail.com, Subho1991*, Status, Successfully Completed, Status, Successfully Completed, Status, Successfully Completed, Status, Successfully Completed, Status, Successfully Completed, Status, Successfully Completed, Status, Successfully Completed, Status, Successfully Completed, Status, Successfully Completed, Status, Successfully Completed, Status, Successfully Completed, Status, Successfully Completed, Status, Successfully Completed, Status, Successfully Completed, Status, Successfully Completed, Status, Successfully Completed, Status, Successfully Completed, Status, Successfully Completed, Status, Successfully Completed, Status, Successfully Completed, Status, Successfully Completed, Status, Successfully Completed, Status, Successfully Completed, Status, Successfully Completed, Status, Successfully Completed, Status, Successfully Completed, Status, Successfully Completed, Status, Successfully Completed, Status, Successfully Completed, Status, Successfully Completed, Status, Successfully Completed, Status, Successfully Completed, Status, Successfully Completed, Status, Successfully Completed, Status, Successfully Completed, Status, Successfully Completed, Status, Successfully Completed, Status, Successfully Completed, Status, Successfully Completed, Status, Successfully Completed, Status, Successfully Completed, Status, Successfully Completed, Status, Successfully Completed, Status, Successfully Completed, Status, Successfully Completed, Status, Successfully Completed, Status, Successfully Completed, Status, Successfully Completed, Status, Successfully Completed, Status, Successfully Completed, Status, Successfully Completed, Status, Successfully Completed, Status, Successfully Completed, Status, Successfully Completed, Status, Successfully Completed, Status, Successfully Completed, Status, Successfully Completed, Status, Successfully Completed, Status, Successfully Completed, Status, Successfully Completed, Status, Successfully Completed, Status, Successfully Completed, Status, Successfully Completed, Status, Successfully Completed, Status, Successfully Completed, Status, Successfully Completed, Status, Successfully Completed, Status, Successfully Completed, Status, Successfully Completed, Status, Successfully Completed, Status, Successfully Completed, Status, Successfully Completed, Status, Successfully Completed, Status, Successfully Completed, Status, Successfully Completed, Status, Successfully Completed, Status, Successfully Completed, Status, Successfully Completed, Status, Successfully Completed, Status, Successfully Completed, Status, Successfully Completed, Status, Successfully Completed, Status, Successfully Completed, Status, Successfully Completed, Status, Successfully Completed, Status, Successfully Completed, Status, Successfully Completed, Status, Successfully Completed, Status, Successfully Completed, Status, Successfully Completed, Status, Successfully Completed, Status, Successfully Completed, Status, Successfully Completed, Status, Successfully Completed, Status, Successfully Completed, Status, Successfully Completed, Status, Successfully Completed, Status, Successfully Completed, Status, Successfully Completed, Status, Successfully Completed, Status, Successfully Completed, Status, Successfully Completed, Status, Successfully Completed, Status, Successfully Completed, Status, Successfully Completed, Status, Successfully Completed, Status, Successfully Completed, Status, Successfully Completed, Status, Successfully Completed, Status, Successfully Completed, Status, Successfully Completed, Status, Successfully Completed, Status, Successfully Completed, Status, Successfully Completed, Status, Successfully Completed]
[neelback4more@gmail.com, Subho1991*, Status, Successfully Completed, Status, Successfully Completed, Status, Successfully Completed, Status, Successfully Completed, Status, Successfully Completed, Status, Successfully Completed, Status, Successfully Completed, Status, Successfully Completed, Status, Successfully Completed, Status, Successfully Completed, Status, Successfully Completed, Status, Successfully Completed, Status, Successfully Completed, Status, Successfully Completed, Status, Successfully Completed, Status, Successfully Completed, Status, Successfully Completed, Status, Successfully Completed, Status, Successfully Completed, Status, Successfully Completed, Status, Successfully Completed, Status, Successfully Completed, Status, Successfully Completed, Status, Successfully Completed, Status, Successfully Completed, Status, Successfully Completed, Status, Successfully Completed, Status, Successfully Completed, Status, Successfully Completed, Status, Successfully Completed, Status, Successfully Completed, Status, Successfully Completed, Status, Successfully Completed, Status, Successfully Completed, Status, Successfully Completed, Status, Successfully Completed, Status, Successfully Completed, Status, Successfully Completed, Status, Successfully Completed, Status, Successfully Completed, Status, Successfully Completed, Status, Successfully Completed, Status, Successfully Completed, Status, Successfully Completed, Status, Successfully Completed, Status, Successfully Completed, Status, Successfully Completed, Status, Successfully Completed, Status, Successfully Completed, Status, Successfully Completed, Status, Successfully Completed, Status, Successfully Completed, Status, Successfully Completed, Status, Successfully Completed, Status, Successfully Completed, Status, Successfully Completed, Status, Successfully Completed, Status, Successfully Completed, Status, Successfully Completed, Status, Successfully Completed, Status, Successfully Completed, Status, Successfully Completed, Status, Successfully Completed, Status, Successfully Completed, Status, Successfully Completed, Status, Successfully Completed, Status, Successfully Completed, Status, Successfully Completed, Status, Successfully Completed, Status, Successfully Completed, Status, Successfully Completed, Status, Successfully Completed, Status, Successfully Completed, Status, Successfully Completed, Status, Successfully Completed, Status, Successfully Completed, Status, Successfully Completed, Status, Successfully Completed, Status, Successfully Completed, Status, Successfully Completed, Status, Successfully Completed, Status, Successfully Completed, Status, Successfully Completed, Status, Successfully Completed, Status, Successfully Completed, Status, Successfully Completed, Status, Successfully Completed, Status, Successfully Completed, Status, Successfully Completed, Status, Successfully Completed, Status, Successfully Completed, Status, Successfully Completed, Status, Successfully Completed, Status, Successfully Completed, Status, Successfully Completed, Status, Successfully Completed, Status, Successfully Completed, Status, Successfully Completed, Status, Successfully Completed, Status, Successfully Completed, Status, Successfully Completed, Status, Successfully Completed, Status, Successfully Completed, Status, Successfully Completed, Status, Successfully Completed, Status, Successfully Completed, Status, Successfully Completed, Status, Successfully Completed, Status, Successfully Completed, Status, Successfully Completed, Status, Successfully Completed, Status, Successfully Completed, Status, Successfully Completed, Status, Successfully Completed, Status, Successfully Completed, Status]
[neelback4more@gmail.com, Subho1991*, Status, Successfully Completed, Status, Successfully Completed, Status, Successfully Completed, Status, Successfully Completed, Status, Successfully Completed, Status, Successfully Completed, Status, Successfully Completed, Status, Successfully Completed, Status, Successfully Completed, Status, Successfully Completed, Status, Successfully Completed, Status, Successfully Completed, Status, Successfully Completed, Status, Successfully Completed, Status, Successfully Completed, Status, Successfully Completed, Status, Successfully Completed, Status, Successfully Completed, Status, Successfully Completed, Status, Successfully Completed, Status, Successfully Completed, Status, Successfully Completed, Status, Successfully Completed, Status, Successfully Completed, Status, Successfully Completed, Status, Successfully Completed, Status, Successfully Completed, Status, Successfully Completed, Status, Successfully Completed, Status, Successfully Completed, Status, Successfully Completed, Status, Successfully Completed, Status, Successfully Completed, Status, Successfully Completed, Status, Successfully Completed, Status, Successfully Completed, Status, Successfully Completed, Status, Successfully Completed, Status, Successfully Completed, Status, Successfully Completed, Status, Successfully Completed, Status, Successfully Completed, Status, Successfully Completed, Status, Successfully Completed, Status, Successfully Completed, Status, Successfully Completed, Status, Successfully Completed, Status, Successfully Completed, Status, Successfully Completed, Status, Successfully Completed, Status, Successfully Completed, Status, Successfully Completed, Status, Successfully Completed, Status, Successfully Completed, Status, Successfully Completed, Status, Successfully Completed, Status, Successfully Completed, Status, Successfully Completed, Status, Successfully Completed, Status, Successfully Completed, Status, Successfully Completed, Status, Successfully Completed, Status, Successfully Completed, Status, Successfully Completed, Status, Successfully Completed, Status, Successfully Completed, Status, Successfully Completed, Status, Successfully Completed, Status, Successfully Completed, Status, Successfully Completed, Status, Successfully Completed, Status, Successfully Completed, Status, Successfully Completed, Status, Successfully Completed, Status, Successfully Completed, Status, Successfully Completed, Status, Successfully Completed, Status, Successfully Completed, Status, Successfully Completed, Status, Successfully Completed, Status, Successfully Completed, Status, Successfully Completed, Status, Successfully Completed, Status, Successfully Completed, Status, Successfully Completed, Status, Successfully Completed, Status, Successfully Completed, Status, Successfully Completed, Status, Successfully Completed, Status, Successfully Completed, Status, Successfully Completed, Status, Successfully Completed, Status, Successfully Completed, Status, Successfully Completed, Status, Successfully Completed, Status, Successfully Completed, Status, Successfully Completed, Status, Successfully Completed, Status, Successfully Completed, Status, Successfully Completed, Status, Successfully Completed, Status, Successfully Completed, Status, Successfully Completed, Status, Successfully Completed, Status, Successfully Completed, Status, Successfully Completed, Status, Successfully Completed, Status, Successfully Completed, Status, Successfully Completed, Status, Successfully Completed, Status, Successfully Completed, Status, Successfully Completed, Status, Successfully Completed, Status, Successfully Completed, Status, Successfully Completed, Status, Successfully Completed]
[neelback4more@gmail.com, Subho1991*, Status, Successfully Completed, Status, Successfully Completed, Status, Successfully Completed, Status, Successfully Completed, Status, Successfully Completed, Status, Successfully Completed, Status, Successfully Completed, Status, Successfully Completed, Status, Successfully Completed, Status, Successfully Completed, Status, Successfully Completed, Status, Successfully Completed, Status, Successfully Completed, Status, Successfully Completed, Status, Successfully Completed, Status, Successfully Completed, Status, Successfully Completed, Status, Successfully Completed, Status, Successfully Completed, Status, Successfully Completed, Status, Successfully Completed, Status, Successfully Completed, Status, Successfully Completed, Status, Successfully Completed, Status, Successfully Completed, Status, Successfully Completed, Status, Successfully Completed, Status, Successfully Completed, Status, Successfully Completed, Status, Successfully Completed, Status, Successfully Completed, Status, Successfully Completed, Status, Successfully Completed, Status, Successfully Completed, Status, Successfully Completed, Status, Successfully Completed, Status, Successfully Completed, Status, Successfully Completed, Status, Successfully Completed, Status, Successfully Completed, Status, Successfully Completed, Status, Successfully Completed, Status, Successfully Completed, Status, Successfully Completed, Status, Successfully Completed, Status, Successfully Completed, Status, Successfully Completed, Status, Successfully Completed, Status, Successfully Completed, Status, Successfully Completed, Status, Successfully Completed, Status, Successfully Completed, Status, Successfully Completed, Status, Successfully Completed, Status, Successfully Completed, Status, Successfully Completed, Status, Successfully Completed, Status, Successfully Completed, Status, Successfully Completed, Status, Successfully Completed, Status, Successfully Completed, Status, Successfully Completed, Status, Successfully Completed, Status, Successfully Completed, Status, Successfully Completed, Status, Successfully Completed, Status, Successfully Completed, Status, Successfully Completed, Status, Successfully Completed, Status, Successfully Completed, Status, Successfully Completed, Status, Successfully Completed, Status, Successfully Completed, Status, Successfully Completed, Status, Successfully Completed, Status, Successfully Completed, Status, Successfully Completed, Status, Successfully Completed, Status, Successfully Completed, Status, Successfully Completed, Status, Successfully Completed, Status, Successfully Completed, Status, Successfully Completed, Status, Successfully Completed, Status, Successfully Completed, Status, Successfully Completed, Status, Successfully Completed, Status, Successfully Completed, Status, Successfully Completed, Status, Successfully Completed, Status, Successfully Completed, Status, Successfully Completed, Status, Successfully Completed, Status, Successfully Completed, Status, Successfully Completed, Status, Successfully Completed, Status, Successfully Completed, Status, Successfully Completed, Status, Successfully Completed, Status, Successfully Completed, Status, Successfully Completed, Status, Successfully Completed, Status, Successfully Completed, Status, Successfully Completed, Status, Successfully Completed, Status, Successfully Completed, Status, Successfully Completed, Status, Successfully Completed, Status, Successfully Completed, Status, Successfully Completed, Status, Successfully Completed, Status, Successfully Completed, Status, Successfully Completed, Status, Successfully Completed, Status, Successfully Completed, Status, Successfully Completed, Status]
[neelback4more@gmail.com, Subho1991*, Status, Successfully Completed, Status, Successfully Completed, Status, Successfully Completed, Status, Successfully Completed, Status, Successfully Completed, Status, Successfully Completed, Status, Successfully Completed, Status, Successfully Completed, Status, Successfully Completed, Status, Successfully Completed, Status, Successfully Completed, Status, Successfully Completed, Status, Successfully Completed, Status, Successfully Completed, Status, Successfully Completed, Status, Successfully Completed, Status, Successfully Completed, Status, Successfully Completed, Status, Successfully Completed, Status, Successfully Completed, Status, Successfully Completed, Status, Successfully Completed, Status, Successfully Completed, Status, Successfully Completed, Status, Successfully Completed, Status, Successfully Completed, Status, Successfully Completed, Status, Successfully Completed, Status, Successfully Completed, Status, Successfully Completed, Status, Successfully Completed, Status, Successfully Completed, Status, Successfully Completed, Status, Successfully Completed, Status, Successfully Completed, Status, Successfully Completed, Status, Successfully Completed, Status, Successfully Completed, Status, Successfully Completed, Status, Successfully Completed, Status, Successfully Completed, Status, Successfully Completed, Status, Successfully Completed, Status, Successfully Completed, Status, Successfully Completed, Status, Successfully Completed, Status, Successfully Completed, Status, Successfully Completed, Status, Successfully Completed, Status, Successfully Completed, Status, Successfully Completed, Status, Successfully Completed, Status, Successfully Completed, Status, Successfully Completed, Status, Successfully Completed, Status, Successfully Completed, Status, Successfully Completed, Status, Successfully Completed, Status, Successfully Completed, Status, Successfully Completed, Status, Successfully Completed, Status, Successfully Completed, Status, Successfully Completed, Status, Successfully Completed, Status, Successfully Completed, Status, Successfully Completed, Status, Successfully Completed, Status, Successfully Completed, Status, Successfully Completed, Status, Successfully Completed, Status, Successfully Completed, Status, Successfully Completed, Status, Successfully Completed, Status, Successfully Completed, Status, Successfully Completed, Status, Successfully Completed, Status, Successfully Completed, Status, Successfully Completed, Status, Successfully Completed, Status, Successfully Completed, Status, Successfully Completed, Status, Successfully Completed, Status, Successfully Completed, Status, Successfully Completed, Status, Successfully Completed, Status, Successfully Completed, Status, Successfully Completed, Status, Successfully Completed, Status, Successfully Completed, Status, Successfully Completed, Status, Successfully Completed, Status, Successfully Completed, Status, Successfully Completed, Status, Successfully Completed, Status, Successfully Completed, Status, Successfully Completed, Status, Successfully Completed, Status, Successfully Completed, Status, Successfully Completed, Status, Successfully Completed, Status, Successfully Completed, Status, Successfully Completed, Status, Successfully Completed, Status, Successfully Completed, Status, Successfully Completed, Status, Successfully Completed, Status, Successfully Completed, Status, Successfully Completed, Status, Successfully Completed, Status, Successfully Completed, Status, Successfully Completed, Status, Successfully Completed, Status, Successfully Completed, Status, Successfully Completed, Status, Successfully Completed, Status, Successfully Completed, Status, Successfully Completed]
[neelback4more@gmail.com, Subho1991*, Status, Successfully Completed, Status, Successfully Completed, Status, Successfully Completed, Status, Successfully Completed, Status, Successfully Completed, Status, Successfully Completed, Status, Successfully Completed, Status, Successfully Completed, Status, Successfully Completed, Status, Successfully Completed, Status, Successfully Completed, Status, Successfully Completed, Status, Successfully Completed, Status, Successfully Completed, Status, Successfully Completed, Status, Successfully Completed, Status, Successfully Completed, Status, Successfully Completed, Status, Successfully Completed, Status, Successfully Completed, Status, Successfully Completed, Status, Successfully Completed, Status, Successfully Completed, Status, Successfully Completed, Status, Successfully Completed, Status, Successfully Completed, Status, Successfully Completed, Status, Successfully Completed, Status, Successfully Completed, Status, Successfully Completed, Status, Successfully Completed, Status, Successfully Completed, Status, Successfully Completed, Status, Successfully Completed, Status, Successfully Completed, Status, Successfully Completed, Status, Successfully Completed, Status, Successfully Completed, Status, Successfully Completed, Status, Successfully Completed, Status, Successfully Completed, Status, Successfully Completed, Status, Successfully Completed, Status, Successfully Completed, Status, Successfully Completed, Status, Successfully Completed, Status, Successfully Completed, Status, Successfully Completed, Status, Successfully Completed, Status, Successfully Completed, Status, Successfully Completed, Status, Successfully Completed, Status, Successfully Completed, Status, Successfully Completed, Status, Successfully Completed, Status, Successfully Completed, Status, Successfully Completed, Status, Successfully Completed, Status, Successfully Completed, Status, Successfully Completed, Status, Successfully Completed, Status, Successfully Completed, Status, Successfully Completed, Status, Successfully Completed, Status, Successfully Completed, Status, Successfully Completed, Status, Successfully Completed, Status, Successfully Completed, Status, Successfully Completed, Status, Successfully Completed, Status, Successfully Completed, Status, Successfully Completed, Status, Successfully Completed, Status, Successfully Completed, Status, Successfully Completed, Status, Successfully Completed, Status, Successfully Completed, Status, Successfully Completed, Status, Successfully Completed, Status, Successfully Completed, Status, Successfully Completed, Status, Successfully Completed, Status, Successfully Completed, Status, Successfully Completed, Status, Successfully Completed, Status, Successfully Completed, Status, Successfully Completed, Status, Successfully Completed, Status, Successfully Completed, Status, Successfully Completed, Status, Successfully Completed, Status, Successfully Completed, Status, Successfully Completed, Status, Successfully Completed, Status, Successfully Completed, Status, Successfully Completed, Status, Successfully Completed, Status, Successfully Completed, Status, Successfully Completed, Status, Successfully Completed, Status, Successfully Completed, Status, Successfully Completed, Status, Successfully Completed, Status, Successfully Completed, Status, Successfully Completed, Status, Successfully Completed, Status, Successfully Completed, Status, Successfully Completed, Status, Successfully Completed, Status, Successfully Completed, Status, Successfully Completed, Status, Successfully Completed, Status, Successfully Completed, Status, Successfully Completed, Status, Successfully Completed, Status, Successfully Completed, Status, Successfully Completed, Status]
[neelback4more@gmail.com, Subho1991*, Status, Successfully Completed, Status, Successfully Completed, Status, Successfully Completed, Status, Successfully Completed, Status, Successfully Completed, Status, Successfully Completed, Status, Successfully Completed, Status, Successfully Completed, Status, Successfully Completed, Status, Successfully Completed, Status, Successfully Completed, Status, Successfully Completed, Status, Successfully Completed, Status, Successfully Completed, Status, Successfully Completed, Status, Successfully Completed, Status, Successfully Completed, Status, Successfully Completed, Status, Successfully Completed, Status, Successfully Completed, Status, Successfully Completed, Status, Successfully Completed, Status, Successfully Completed, Status, Successfully Completed, Status, Successfully Completed, Status, Successfully Completed, Status, Successfully Completed, Status, Successfully Completed, Status, Successfully Completed, Status, Successfully Completed, Status, Successfully Completed, Status, Successfully Completed, Status, Successfully Completed, Status, Successfully Completed, Status, Successfully Completed, Status, Successfully Completed, Status, Successfully Completed, Status, Successfully Completed, Status, Successfully Completed, Status, Successfully Completed, Status, Successfully Completed, Status, Successfully Completed, Status, Successfully Completed, Status, Successfully Completed, Status, Successfully Completed, Status, Successfully Completed, Status, Successfully Completed, Status, Successfully Completed, Status, Successfully Completed, Status, Successfully Completed, Status, Successfully Completed, Status, Successfully Completed, Status, Successfully Completed, Status, Successfully Completed, Status, Successfully Completed, Status, Successfully Completed, Status, Successfully Completed, Status, Successfully Completed, Status, Successfully Completed, Status, Successfully Completed, Status, Successfully Completed, Status, Successfully Completed, Status, Successfully Completed, Status, Successfully Completed, Status, Successfully Completed, Status, Successfully Completed, Status, Successfully Completed, Status, Successfully Completed, Status, Successfully Completed, Status, Successfully Completed, Status, Successfully Completed, Status, Successfully Completed, Status, Successfully Completed, Status, Successfully Completed, Status, Successfully Completed, Status, Successfully Completed, Status, Successfully Completed, Status, Successfully Completed, Status, Successfully Completed, Status, Successfully Completed, Status, Successfully Completed, Status, Successfully Completed, Status, Successfully Completed, Status, Successfully Completed, Status, Successfully Completed, Status, Successfully Completed, Status, Successfully Completed, Status, Successfully Completed, Status, Successfully Completed, Status, Successfully Completed, Status, Successfully Completed, Status, Successfully Completed, Status, Successfully Completed, Status, Successfully Completed, Status, Successfully Completed, Status, Successfully Completed, Status, Successfully Completed, Status, Successfully Completed, Status, Successfully Completed, Status, Successfully Completed, Status, Successfully Completed, Status, Successfully Completed, Status, Successfully Completed, Status, Successfully Completed, Status, Successfully Completed, Status, Successfully Completed, Status, Successfully Completed, Status, Successfully Completed, Status, Successfully Completed, Status, Successfully Completed, Status, Successfully Completed, Status, Successfully Completed, Status, Successfully Completed, Status, Successfully Completed, Status, Successfully Completed, Status, Successfully Completed, Status, Successfully Completed, Status, Successfully Completed]
[neelback4more@gmail.com, Subho1991*, Status, Successfully Completed, Status, Successfully Completed, Status, Successfully Completed, Status, Successfully Completed, Status, Successfully Completed, Status, Successfully Completed, Status, Successfully Completed, Status, Successfully Completed, Status, Successfully Completed, Status, Successfully Completed, Status, Successfully Completed, Status, Successfully Completed, Status, Successfully Completed, Status, Successfully Completed, Status, Successfully Completed, Status, Successfully Completed, Status, Successfully Completed, Status, Successfully Completed, Status, Successfully Completed, Status, Successfully Completed, Status, Successfully Completed, Status, Successfully Completed, Status, Successfully Completed, Status, Successfully Completed, Status, Successfully Completed, Status, Successfully Completed, Status, Successfully Completed, Status, Successfully Completed, Status, Successfully Completed, Status, Successfully Completed, Status, Successfully Completed, Status, Successfully Completed, Status, Successfully Completed, Status, Successfully Completed, Status, Successfully Completed, Status, Successfully Completed, Status, Successfully Completed, Status, Successfully Completed, Status, Successfully Completed, Status, Successfully Completed, Status, Successfully Completed, Status, Successfully Completed, Status, Successfully Completed, Status, Successfully Completed, Status, Successfully Completed, Status, Successfully Completed, Status, Successfully Completed, Status, Successfully Completed, Status, Successfully Completed, Status, Successfully Completed, Status, Successfully Completed, Status, Successfully Completed, Status, Successfully Completed, Status, Successfully Completed, Status, Successfully Completed, Status, Successfully Completed, Status, Successfully Completed, Status, Successfully Completed, Status, Successfully Completed, Status, Successfully Completed, Status, Successfully Completed, Status, Successfully Completed, Status, Successfully Completed, Status, Successfully Completed, Status, Successfully Completed, Status, Successfully Completed, Status, Successfully Completed, Status, Successfully Completed, Status, Successfully Completed, Status, Successfully Completed, Status, Successfully Completed, Status, Successfully Completed, Status, Successfully Completed, Status, Successfully Completed, Status, Successfully Completed, Status, Successfully Completed, Status, Successfully Completed, Status, Successfully Completed, Status, Successfully Completed, Status, Successfully Completed, Status, Successfully Completed, Status, Successfully Completed, Status, Successfully Completed, Status, Successfully Completed, Status, Successfully Completed, Status, Successfully Completed, Status, Successfully Completed, Status, Successfully Completed, Status, Successfully Completed, Status, Successfully Completed, Status, Successfully Completed, Status, Successfully Completed, Status, Successfully Completed, Status, Successfully Completed, Status, Successfully Completed, Status, Successfully Completed, Status, Successfully Completed, Status, Successfully Completed, Status, Successfully Completed, Status, Successfully Completed, Status, Successfully Completed, Status, Successfully Completed, Status, Successfully Completed, Status, Successfully Completed, Status, Successfully Completed, Status, Successfully Completed, Status, Successfully Completed, Status, Successfully Completed, Status, Successfully Completed, Status, Successfully Completed, Status, Successfully Completed, Status, Successfully Completed, Status, Successfully Completed, Status, Successfully Completed, Status, Successfully Completed, Status, Successfully Completed, Status, Successfully Completed, Status, Successfully Completed, Status]
[neelback4more@gmail.com, Subho1991*, Status, Successfully Completed, Status, Successfully Completed, Status, Successfully Completed, Status, Successfully Completed, Status, Successfully Completed, Status, Successfully Completed, Status, Successfully Completed, Status, Successfully Completed, Status, Successfully Completed, Status, Successfully Completed, Status, Successfully Completed, Status, Successfully Completed, Status, Successfully Completed, Status, Successfully Completed, Status, Successfully Completed, Status, Successfully Completed, Status, Successfully Completed, Status, Successfully Completed, Status, Successfully Completed, Status, Successfully Completed, Status, Successfully Completed, Status, Successfully Completed, Status, Successfully Completed, Status, Successfully Completed, Status, Successfully Completed, Status, Successfully Completed, Status, Successfully Completed, Status, Successfully Completed, Status, Successfully Completed, Status, Successfully Completed, Status, Successfully Completed, Status, Successfully Completed, Status, Successfully Completed, Status, Successfully Completed, Status, Successfully Completed, Status, Successfully Completed, Status, Successfully Completed, Status, Successfully Completed, Status, Successfully Completed, Status, Successfully Completed, Status, Successfully Completed, Status, Successfully Completed, Status, Successfully Completed, Status, Successfully Completed, Status, Successfully Completed, Status, Successfully Completed, Status, Successfully Completed, Status, Successfully Completed, Status, Successfully Completed, Status, Successfully Completed, Status, Successfully Completed, Status, Successfully Completed, Status, Successfully Completed, Status, Successfully Completed, Status, Successfully Completed, Status, Successfully Completed, Status, Successfully Completed, Status, Successfully Completed, Status, Successfully Completed, Status, Successfully Completed, Status, Successfully Completed, Status, Successfully Completed, Status, Successfully Completed, Status, Successfully Completed, Status, Successfully Completed, Status, Successfully Completed, Status, Successfully Completed, Status, Successfully Completed, Status, Successfully Completed, Status, Successfully Completed, Status, Successfully Completed, Status, Successfully Completed, Status, Successfully Completed, Status, Successfully Completed, Status, Successfully Completed, Status, Successfully Completed, Status, Successfully Completed, Status, Successfully Completed, Status, Successfully Completed, Status, Successfully Completed, Status, Successfully Completed, Status, Successfully Completed, Status, Successfully Completed, Status, Successfully Completed, Status, Successfully Completed, Status, Successfully Completed, Status, Successfully Completed, Status, Successfully Completed, Status, Successfully Completed, Status, Successfully Completed, Status, Successfully Completed, Status, Successfully Completed, Status, Successfully Completed, Status, Successfully Completed, Status, Successfully Completed, Status, Successfully Completed, Status, Successfully Completed, Status, Successfully Completed, Status, Successfully Completed, Status, Successfully Completed, Status, Successfully Completed, Status, Successfully Completed, Status, Successfully Completed, Status, Successfully Completed, Status, Successfully Completed, Status, Successfully Completed, Status, Successfully Completed, Status, Successfully Completed, Status, Successfully Completed, Status, Successfully Completed, Status, Successfully Completed, Status, Successfully Completed, Status, Successfully Completed, Status, Successfully Completed, Status, Successfully Completed, Status, Successfully Completed, Status, Successfully Completed, Status, Successfully Completed, Status, Successfully Completed]
[neelback4more@gmail.com, Subho1991*, Status, Successfully Completed, Status, Successfully Completed, Status, Successfully Completed, Status, Successfully Completed, Status, Successfully Completed, Status, Successfully Completed, Status, Successfully Completed, Status, Successfully Completed, Status, Successfully Completed, Status, Successfully Completed, Status, Successfully Completed, Status, Successfully Completed, Status, Successfully Completed, Status, Successfully Completed, Status, Successfully Completed, Status, Successfully Completed, Status, Successfully Completed, Status, Successfully Completed, Status, Successfully Completed, Status, Successfully Completed, Status, Successfully Completed, Status, Successfully Completed, Status, Successfully Completed, Status, Successfully Completed, Status, Successfully Completed, Status, Successfully Completed, Status, Successfully Completed, Status, Successfully Completed, Status, Successfully Completed, Status, Successfully Completed, Status, Successfully Completed, Status, Successfully Completed, Status, Successfully Completed, Status, Successfully Completed, Status, Successfully Completed, Status, Successfully Completed, Status, Successfully Completed, Status, Successfully Completed, Status, Successfully Completed, Status, Successfully Completed, Status, Successfully Completed, Status, Successfully Completed, Status, Successfully Completed, Status, Successfully Completed, Status, Successfully Completed, Status, Successfully Completed, Status, Successfully Completed, Status, Successfully Completed, Status, Successfully Completed, Status, Successfully Completed, Status, Successfully Completed, Status, Successfully Completed, Status, Successfully Completed, Status, Successfully Completed, Status, Successfully Completed, Status, Successfully Completed, Status, Successfully Completed, Status, Successfully Completed, Status, Successfully Completed, Status, Successfully Completed, Status, Successfully Completed, Status, Successfully Completed, Status, Successfully Completed, Status, Successfully Completed, Status, Successfully Completed, Status, Successfully Completed, Status, Successfully Completed, Status, Successfully Completed, Status, Successfully Completed, Status, Successfully Completed, Status, Successfully Completed, Status, Successfully Completed, Status, Successfully Completed, Status, Successfully Completed, Status, Successfully Completed, Status, Successfully Completed, Status, Successfully Completed, Status, Successfully Completed, Status, Successfully Completed, Status, Successfully Completed, Status, Successfully Completed, Status, Successfully Completed, Status, Successfully Completed, Status, Successfully Completed, Status, Successfully Completed, Status, Successfully Completed, Status, Successfully Completed, Status, Successfully Completed, Status, Successfully Completed, Status, Successfully Completed, Status, Successfully Completed, Status, Successfully Completed, Status, Successfully Completed, Status, Successfully Completed, Status, Successfully Completed, Status, Successfully Completed, Status, Successfully Completed, Status, Successfully Completed, Status, Successfully Completed, Status, Successfully Completed, Status, Successfully Completed, Status, Successfully Completed, Status, Successfully Completed, Status, Successfully Completed, Status, Successfully Completed, Status, Successfully Completed, Status, Successfully Completed, Status, Successfully Completed, Status, Successfully Completed, Status, Successfully Completed, Status, Successfully Completed, Status, Successfully Completed, Status, Successfully Completed, Status, Successfully Completed, Status, Successfully Completed, Status, Successfully Completed, Status, Successfully Completed, Status, Successfully Completed, Status, Successfully Completed, Status]
[neelback4more@gmail.com, Subho1991*, Status, Successfully Completed, Status, Successfully Completed, Status, Successfully Completed, Status, Successfully Completed, Status, Successfully Completed, Status, Successfully Completed, Status, Successfully Completed, Status, Successfully Completed, Status, Successfully Completed, Status, Successfully Completed, Status, Successfully Completed, Status, Successfully Completed, Status, Successfully Completed, Status, Successfully Completed, Status, Successfully Completed, Status, Successfully Completed, Status, Successfully Completed, Status, Successfully Completed, Status, Successfully Completed, Status, Successfully Completed, Status, Successfully Completed, Status, Successfully Completed, Status, Successfully Completed, Status, Successfully Completed, Status, Successfully Completed, Status, Successfully Completed, Status, Successfully Completed, Status, Successfully Completed, Status, Successfully Completed, Status, Successfully Completed, Status, Successfully Completed, Status, Successfully Completed, Status, Successfully Completed, Status, Successfully Completed, Status, Successfully Completed, Status, Successfully Completed, Status, Successfully Completed, Status, Successfully Completed, Status, Successfully Completed, Status, Successfully Completed, Status, Successfully Completed, Status, Successfully Completed, Status, Successfully Completed, Status, Successfully Completed, Status, Successfully Completed, Status, Successfully Completed, Status, Successfully Completed, Status, Successfully Completed, Status, Successfully Completed, Status, Successfully Completed, Status, Successfully Completed, Status, Successfully Completed, Status, Successfully Completed, Status, Successfully Completed, Status, Successfully Completed, Status, Successfully Completed, Status, Successfully Completed, Status, Successfully Completed, Status, Successfully Completed, Status, Successfully Completed, Status, Successfully Completed, Status, Successfully Completed, Status, Successfully Completed, Status, Successfully Completed, Status, Successfully Completed, Status, Successfully Completed, Status, Successfully Completed, Status, Successfully Completed, Status, Successfully Completed, Status, Successfully Completed, Status, Successfully Completed, Status, Successfully Completed, Status, Successfully Completed, Status, Successfully Completed, Status, Successfully Completed, Status, Successfully Completed, Status, Successfully Completed, Status, Successfully Completed, Status, Successfully Completed, Status, Successfully Completed, Status, Successfully Completed, Status, Successfully Completed, Status, Successfully Completed, Status, Successfully Completed, Status, Successfully Completed, Status, Successfully Completed, Status, Successfully Completed, Status, Successfully Completed, Status, Successfully Completed, Status, Successfully Completed, Status, Successfully Completed, Status, Successfully Completed, Status, Successfully Completed, Status, Successfully Completed, Status, Successfully Completed, Status, Successfully Completed, Status, Successfully Completed, Status, Successfully Completed, Status, Successfully Completed, Status, Successfully Completed, Status, Successfully Completed, Status, Successfully Completed, Status, Successfully Completed, Status, Successfully Completed, Status, Successfully Completed, Status, Successfully Completed, Status, Successfully Completed, Status, Successfully Completed, Status, Successfully Completed, Status, Successfully Completed, Status, Successfully Completed, Status, Successfully Completed, Status, Successfully Completed, Status, Successfully Completed, Status, Successfully Completed, Status, Successfully Completed, Status, Successfully Completed, Status, Successfully Completed, Status, Successfully Completed, Status, Successfully Completed]
[neelback4more@gmail.com, Subho1991*, Status, Successfully Completed, Status, Successfully Completed, Status, Successfully Completed, Status, Successfully Completed, Status, Successfully Completed, Status, Successfully Completed, Status, Successfully Completed, Status, Successfully Completed, Status, Successfully Completed, Status, Successfully Completed, Status, Successfully Completed, Status, Successfully Completed, Status, Successfully Completed, Status, Successfully Completed, Status, Successfully Completed, Status, Successfully Completed, Status, Successfully Completed, Status, Successfully Completed, Status, Successfully Completed, Status, Successfully Completed, Status, Successfully Completed, Status, Successfully Completed, Status, Successfully Completed, Status, Successfully Completed, Status, Successfully Completed, Status, Successfully Completed, Status, Successfully Completed, Status, Successfully Completed, Status, Successfully Completed, Status, Successfully Completed, Status, Successfully Completed, Status, Successfully Completed, Status, Successfully Completed, Status, Successfully Completed, Status, Successfully Completed, Status, Successfully Completed, Status, Successfully Completed, Status, Successfully Completed, Status, Successfully Completed, Status, Successfully Completed, Status, Successfully Completed, Status, Successfully Completed, Status, Successfully Completed, Status, Successfully Completed, Status, Successfully Completed, Status, Successfully Completed, Status, Successfully Completed, Status, Successfully Completed, Status, Successfully Completed, Status, Successfully Completed, Status, Successfully Completed, Status, Successfully Completed, Status, Successfully Completed, Status, Successfully Completed, Status, Successfully Completed, Status, Successfully Completed, Status, Successfully Completed, Status, Successfully Completed, Status, Successfully Completed, Status, Successfully Completed, Status, Successfully Completed, Status, Successfully Completed, Status, Successfully Completed, Status, Successfully Completed, Status, Successfully Completed, Status, Successfully Completed, Status, Successfully Completed, Status, Successfully Completed, Status, Successfully Completed, Status, Successfully Completed, Status, Successfully Completed, Status, Successfully Completed, Status, Successfully Completed, Status, Successfully Completed, Status, Successfully Completed, Status, Successfully Completed, Status, Successfully Completed, Status, Successfully Completed, Status, Successfully Completed, Status, Successfully Completed, Status, Successfully Completed, Status, Successfully Completed, Status, Successfully Completed, Status, Successfully Completed, Status, Successfully Completed, Status, Successfully Completed, Status, Successfully Completed, Status, Successfully Completed, Status, Successfully Completed, Status, Successfully Completed, Status, Successfully Completed, Status, Successfully Completed, Status, Successfully Completed, Status, Successfully Completed, Status, Successfully Completed, Status, Successfully Completed, Status, Successfully Completed, Status, Successfully Completed, Status, Successfully Completed, Status, Successfully Completed, Status, Successfully Completed, Status, Successfully Completed, Status, Successfully Completed, Status, Successfully Completed, Status, Successfully Completed, Status, Successfully Completed, Status, Successfully Completed, Status, Successfully Completed, Status, Successfully Completed, Status, Successfully Completed, Status, Successfully Completed, Status, Successfully Completed, Status, Successfully Completed, Status, Successfully Completed, Status, Successfully Completed, Status, Successfully Completed, Status, Successfully Completed, Status, Successfully Completed, Status, Successfully Completed, Status, Successfully Completed, Status]
[neelback4more@gmail.com, Subho1991*, Status, Successfully Completed, Status, Successfully Completed, Status, Successfully Completed, Status, Successfully Completed, Status, Successfully Completed, Status, Successfully Completed, Status, Successfully Completed, Status, Successfully Completed, Status, Successfully Completed, Status, Successfully Completed, Status, Successfully Completed, Status, Successfully Completed, Status, Successfully Completed, Status, Successfully Completed, Status, Successfully Completed, Status, Successfully Completed, Status, Successfully Completed, Status, Successfully Completed, Status, Successfully Completed, Status, Successfully Completed, Status, Successfully Completed, Status, Successfully Completed, Status, Successfully Completed, Status, Successfully Completed, Status, Successfully Completed, Status, Successfully Completed, Status, Successfully Completed, Status, Successfully Completed, Status, Successfully Completed, Status, Successfully Completed, Status, Successfully Completed, Status, Successfully Completed, Status, Successfully Completed, Status, Successfully Completed, Status, Successfully Completed, Status, Successfully Completed, Status, Successfully Completed, Status, Successfully Completed, Status, Successfully Completed, Status, Successfully Completed, Status, Successfully Completed, Status, Successfully Completed, Status, Successfully Completed, Status, Successfully Completed, Status, Successfully Completed, Status, Successfully Completed, Status, Successfully Completed, Status, Successfully Completed, Status, Successfully Completed, Status, Successfully Completed, Status, Successfully Completed, Status, Successfully Completed, Status, Successfully Completed, Status, Successfully Completed, Status, Successfully Completed, Status, Successfully Completed, Status, Successfully Completed, Status, Successfully Completed, Status, Successfully Completed, Status, Successfully Completed, Status, Successfully Completed, Status, Successfully Completed, Status, Successfully Completed, Status, Successfully Completed, Status, Successfully Completed, Status, Successfully Completed, Status, Successfully Completed, Status, Successfully Completed, Status, Successfully Completed, Status, Successfully Completed, Status, Successfully Completed, Status, Successfully Completed, Status, Successfully Completed, Status, Successfully Completed, Status, Successfully Completed, Status, Successfully Completed, Status, Successfully Completed, Status, Successfully Completed, Status, Successfully Completed, Status, Successfully Completed, Status, Successfully Completed, Status, Successfully Completed, Status, Successfully Completed, Status, Successfully Completed, Status, Successfully Completed, Status, Successfully Completed, Status, Successfully Completed, Status, Successfully Completed, Status, Successfully Completed, Status, Successfully Completed, Status, Successfully Completed, Status, Successfully Completed, Status, Successfully Completed, Status, Successfully Completed, Status, Successfully Completed, Status, Successfully Completed, Status, Successfully Completed, Status, Successfully Completed, Status, Successfully Completed, Status, Successfully Completed, Status, Successfully Completed, Status, Successfully Completed, Status, Successfully Completed, Status, Successfully Completed, Status, Successfully Completed, Status, Successfully Completed, Status, Successfully Completed, Status, Successfully Completed, Status, Successfully Completed, Status, Successfully Completed, Status, Successfully Completed, Status, Successfully Completed, Status, Successfully Completed, Status, Successfully Completed, Status, Successfully Completed, Status, Successfully Completed, Status, Successfully Completed, Status, Successfully Completed, Status, Successfully Completed, Status, Successfully Completed, Status, Successfully Completed]
[neelback4more@gmail.com, Subho1991*, Status, Successfully Completed, Status, Successfully Completed, Status, Successfully Completed, Status, Successfully Completed, Status, Successfully Completed, Status, Successfully Completed, Status, Successfully Completed, Status, Successfully Completed, Status, Successfully Completed, Status, Successfully Completed, Status, Successfully Completed, Status, Successfully Completed, Status, Successfully Completed, Status, Successfully Completed, Status, Successfully Completed, Status, Successfully Completed, Status, Successfully Completed, Status, Successfully Completed, Status, Successfully Completed, Status, Successfully Completed, Status, Successfully Completed, Status, Successfully Completed, Status, Successfully Completed, Status, Successfully Completed, Status, Successfully Completed, Status, Successfully Completed, Status, Successfully Completed, Status, Successfully Completed, Status, Successfully Completed, Status, Successfully Completed, Status, Successfully Completed, Status, Successfully Completed, Status, Successfully Completed, Status, Successfully Completed, Status, Successfully Completed, Status, Successfully Completed, Status, Successfully Completed, Status, Successfully Completed, Status, Successfully Completed, Status, Successfully Completed, Status, Successfully Completed, Status, Successfully Completed, Status, Successfully Completed, Status, Successfully Completed, Status, Successfully Completed, Status, Successfully Completed, Status, Successfully Completed, Status, Successfully Completed, Status, Successfully Completed, Status, Successfully Completed, Status, Successfully Completed, Status, Successfully Completed, Status, Successfully Completed, Status, Successfully Completed, Status, Successfully Completed, Status, Successfully Completed, Status, Successfully Completed, Status, Successfully Completed, Status, Successfully Completed, Status, Successfully Completed, Status, Successfully Completed, Status, Successfully Completed, Status, Successfully Completed, Status, Successfully Completed, Status, Successfully Completed, Status, Successfully Completed, Status, Successfully Completed, Status, Successfully Completed, Status, Successfully Completed, Status, Successfully Completed, Status, Successfully Completed, Status, Successfully Completed, Status, Successfully Completed, Status, Successfully Completed, Status, Successfully Completed, Status, Successfully Completed, Status, Successfully Completed, Status, Successfully Completed, Status, Successfully Completed, Status, Successfully Completed, Status, Successfully Completed, Status, Successfully Completed, Status, Successfully Completed, Status, Successfully Completed, Status, Successfully Completed, Status, Successfully Completed, Status, Successfully Completed, Status, Successfully Completed, Status, Successfully Completed, Status, Successfully Completed, Status, Successfully Completed, Status, Successfully Completed, Status, Successfully Completed, Status, Successfully Completed, Status, Successfully Completed, Status, Successfully Completed, Status, Successfully Completed, Status, Successfully Completed, Status, Successfully Completed, Status, Successfully Completed, Status, Successfully Completed, Status, Successfully Completed, Status, Successfully Completed, Status, Successfully Completed, Status, Successfully Completed, Status, Successfully Completed, Status, Successfully Completed, Status, Successfully Completed, Status, Successfully Completed, Status, Successfully Completed, Status, Successfully Completed, Status, Successfully Completed, Status, Successfully Completed, Status, Successfully Completed, Status, Successfully Completed, Status, Successfully Completed, Status, Successfully Completed, Status, Successfully Completed, Status, Successfully Completed, Status, Successfully Completed, Status, Successfully Completed, Status]
[neelback4more@gmail.com, Subho1991*, Status, Successfully Completed, Status, Successfully Completed, Status, Successfully Completed, Status, Successfully Completed, Status, Successfully Completed, Status, Successfully Completed, Status, Successfully Completed, Status, Successfully Completed, Status, Successfully Completed, Status, Successfully Completed, Status, Successfully Completed, Status, Successfully Completed, Status, Successfully Completed, Status, Successfully Completed, Status, Successfully Completed, Status, Successfully Completed, Status, Successfully Completed, Status, Successfully Completed, Status, Successfully Completed, Status, Successfully Completed, Status, Successfully Completed, Status, Successfully Completed, Status, Successfully Completed, Status, Successfully Completed, Status, Successfully Completed, Status, Successfully Completed, Status, Successfully Completed, Status, Successfully Completed, Status, Successfully Completed, Status, Successfully Completed, Status, Successfully Completed, Status, Successfully Completed, Status, Successfully Completed, Status, Successfully Completed, Status, Successfully Completed, Status, Successfully Completed, Status, Successfully Completed, Status, Successfully Completed, Status, Successfully Completed, Status, Successfully Completed, Status, Successfully Completed, Status, Successfully Completed, Status, Successfully Completed, Status, Successfully Completed, Status, Successfully Completed, Status, Successfully Completed, Status, Successfully Completed, Status, Successfully Completed, Status, Successfully Completed, Status, Successfully Completed, Status, Successfully Completed, Status, Successfully Completed, Status, Successfully Completed, Status, Successfully Completed, Status, Successfully Completed, Status, Successfully Completed, Status, Successfully Completed, Status, Successfully Completed, Status, Successfully Completed, Status, Successfully Completed, Status, Successfully Completed, Status, Successfully Completed, Status, Successfully Completed, Status, Successfully Completed, Status, Successfully Completed, Status, Successfully Completed, Status, Successfully Completed, Status, Successfully Completed, Status, Successfully Completed, Status, Successfully Completed, Status, Successfully Completed, Status, Successfully Completed, Status, Successfully Completed, Status, Successfully Completed, Status, Successfully Completed, Status, Successfully Completed, Status, Successfully Completed, Status, Successfully Completed, Status, Successfully Completed, Status, Successfully Completed, Status, Successfully Completed, Status, Successfully Completed, Status, Successfully Completed, Status, Successfully Completed, Status, Successfully Completed, Status, Successfully Completed, Status, Successfully Completed, Status, Successfully Completed, Status, Successfully Completed, Status, Successfully Completed, Status, Successfully Completed, Status, Successfully Completed, Status, Successfully Completed, Status, Successfully Completed, Status, Successfully Completed, Status, Successfully Completed, Status, Successfully Completed, Status, Successfully Completed, Status, Successfully Completed, Status, Successfully Completed, Status, Successfully Completed, Status, Successfully Completed, Status, Successfully Completed, Status, Successfully Completed, Status, Successfully Completed, Status, Successfully Completed, Status, Successfully Completed, Status, Successfully Completed, Status, Successfully Completed, Status, Successfully Completed, Status, Successfully Completed, Status, Successfully Completed, Status, Successfully Completed, Status, Successfully Completed, Status, Successfully Completed, Status, Successfully Completed, Status, Successfully Completed, Status, Successfully Completed, Status, Successfully Completed, Status, Successfully Completed, Status, Successfully Completed, Status, Successfully Completed]
[neelback4more@gmail.com, Subho1991*, Status, Successfully Completed, Status, Successfully Completed, Status, Successfully Completed, Status, Successfully Completed, Status, Successfully Completed, Status, Successfully Completed, Status, Successfully Completed, Status, Successfully Completed, Status, Successfully Completed, Status, Successfully Completed, Status, Successfully Completed, Status, Successfully Completed, Status, Successfully Completed, Status, Successfully Completed, Status, Successfully Completed, Status, Successfully Completed, Status, Successfully Completed, Status, Successfully Completed, Status, Successfully Completed, Status, Successfully Completed, Status, Successfully Completed, Status, Successfully Completed, Status, Successfully Completed, Status, Successfully Completed, Status, Successfully Completed, Status, Successfully Completed, Status, Successfully Completed, Status, Successfully Completed, Status, Successfully Completed, Status, Successfully Completed, Status, Successfully Completed, Status, Successfully Completed, Status, Successfully Completed, Status, Successfully Completed, Status, Successfully Completed, Status, Successfully Completed, Status, Successfully Completed, Status, Successfully Completed, Status, Successfully Completed, Status, Successfully Completed, Status, Successfully Completed, Status, Successfully Completed, Status, Successfully Completed, Status, Successfully Completed, Status, Successfully Completed, Status, Successfully Completed, Status, Successfully Completed, Status, Successfully Completed, Status, Successfully Completed, Status, Successfully Completed, Status, Successfully Completed, Status, Successfully Completed, Status, Successfully Completed, Status, Successfully Completed, Status, Successfully Completed, Status, Successfully Completed, Status, Successfully Completed, Status, Successfully Completed, Status, Successfully Completed, Status, Successfully Completed, Status, Successfully Completed, Status, Successfully Completed, Status, Successfully Completed, Status, Successfully Completed, Status, Successfully Completed, Status, Successfully Completed, Status, Successfully Completed, Status, Successfully Completed, Status, Successfully Completed, Status, Successfully Completed, Status, Successfully Completed, Status, Successfully Completed, Status, Successfully Completed, Status, Successfully Completed, Status, Successfully Completed, Status, Successfully Completed, Status, Successfully Completed, Status, Successfully Completed, Status, Successfully Completed, Status, Successfully Completed, Status, Successfully Completed, Status, Successfully Completed, Status, Successfully Completed, Status, Successfully Completed, Status, Successfully Completed, Status, Successfully Completed, Status, Successfully Completed, Status, Successfully Completed, Status, Successfully Completed, Status, Successfully Completed, Status, Successfully Completed, Status, Successfully Completed, Status, Successfully Completed, Status, Successfully Completed, Status, Successfully Completed, Status, Successfully Completed, Status, Successfully Completed, Status, Successfully Completed, Status, Successfully Completed, Status, Successfully Completed, Status, Successfully Completed, Status, Successfully Completed, Status, Successfully Completed, Status, Successfully Completed, Status, Successfully Completed, Status, Successfully Completed, Status, Successfully Completed, Status, Successfully Completed, Status, Successfully Completed, Status, Successfully Completed, Status, Successfully Completed, Status, Successfully Completed, Status, Successfully Completed, Status, Successfully Completed, Status, Successfully Completed, Status, Successfully Completed, Status, Successfully Completed, Status, Successfully Completed, Status, Successfully Completed, Status, Successfully Completed, Status, Successfully Completed, Status, Successfully Completed, Status]
[neelback4more@gmail.com, Subho1991*, Status, Successfully Completed, Status, Successfully Completed, Status, Successfully Completed, Status, Successfully Completed, Status, Successfully Completed, Status, Successfully Completed, Status, Successfully Completed, Status, Successfully Completed, Status, Successfully Completed, Status, Successfully Completed, Status, Successfully Completed, Status, Successfully Completed, Status, Successfully Completed, Status, Successfully Completed, Status, Successfully Completed, Status, Successfully Completed, Status, Successfully Completed, Status, Successfully Completed, Status, Successfully Completed, Status, Successfully Completed, Status, Successfully Completed, Status, Successfully Completed, Status, Successfully Completed, Status, Successfully Completed, Status, Successfully Completed, Status, Successfully Completed, Status, Successfully Completed, Status, Successfully Completed, Status, Successfully Completed, Status, Successfully Completed, Status, Successfully Completed, Status, Successfully Completed, Status, Successfully Completed, Status, Successfully Completed, Status, Successfully Completed, Status, Successfully Completed, Status, Successfully Completed, Status, Successfully Completed, Status, Successfully Completed, Status, Successfully Completed, Status, Successfully Completed, Status, Successfully Completed, Status, Successfully Completed, Status, Successfully Completed, Status, Successfully Completed, Status, Successfully Completed, Status, Successfully Completed, Status, Successfully Completed, Status, Successfully Completed, Status, Successfully Completed, Status, Successfully Completed, Status, Successfully Completed, Status, Successfully Completed, Status, Successfully Completed, Status, Successfully Completed, Status, Successfully Completed, Status, Successfully Completed, Status, Successfully Completed, Status, Successfully Completed, Status, Successfully Completed, Status, Successfully Completed, Status, Successfully Completed, Status, Successfully Completed, Status, Successfully Completed, Status, Successfully Completed, Status, Successfully Completed, Status, Successfully Completed, Status, Successfully Completed, Status, Successfully Completed, Status, Successfully Completed, Status, Successfully Completed, Status, Successfully Completed, Status, Successfully Completed, Status, Successfully Completed, Status, Successfully Completed, Status, Successfully Completed, Status, Successfully Completed, Status, Successfully Completed, Status, Successfully Completed, Status, Successfully Completed, Status, Successfully Completed, Status, Successfully Completed, Status, Successfully Completed, Status, Successfully Completed, Status, Successfully Completed, Status, Successfully Completed, Status, Successfully Completed, Status, Successfully Completed, Status, Successfully Completed, Status, Successfully Completed, Status, Successfully Completed, Status, Successfully Completed, Status, Successfully Completed, Status, Successfully Completed, Status, Successfully Completed, Status, Successfully Completed, Status, Successfully Completed, Status, Successfully Completed, Status, Successfully Completed, Status, Successfully Completed, Status, Successfully Completed, Status, Successfully Completed, Status, Successfully Completed, Status, Successfully Completed, Status, Successfully Completed, Status, Successfully Completed, Status, Successfully Completed, Status, Successfully Completed, Status, Successfully Completed, Status, Successfully Completed, Status, Successfully Completed, Status, Successfully Completed, Status, Successfully Completed, Status, Successfully Completed, Status, Successfully Completed, Status, Successfully Completed, Status, Successfully Completed, Status, Successfully Completed, Status, Successfully Completed, Status, Successfully Completed, Status, Successfully Completed, Status, Successfully Completed, Status, Successfully Completed]
[neelback4more@gmail.com, Subho1991*, Status, Successfully Completed, Status, Successfully Completed, Status, Successfully Completed, Status, Successfully Completed, Status, Successfully Completed, Status, Successfully Completed, Status, Successfully Completed, Status, Successfully Completed, Status, Successfully Completed, Status, Successfully Completed, Status, Successfully Completed, Status, Successfully Completed, Status, Successfully Completed, Status, Successfully Completed, Status, Successfully Completed, Status, Successfully Completed, Status, Successfully Completed, Status, Successfully Completed, Status, Successfully Completed, Status, Successfully Completed, Status, Successfully Completed, Status, Successfully Completed, Status, Successfully Completed, Status, Successfully Completed, Status, Successfully Completed, Status, Successfully Completed, Status, Successfully Completed, Status, Successfully Completed, Status, Successfully Completed, Status, Successfully Completed, Status, Successfully Completed, Status, Successfully Completed, Status, Successfully Completed, Status, Successfully Completed, Status, Successfully Completed, Status, Successfully Completed, Status, Successfully Completed, Status, Successfully Completed, Status, Successfully Completed, Status, Successfully Completed, Status, Successfully Completed, Status, Successfully Completed, Status, Successfully Completed, Status, Successfully Completed, Status, Successfully Completed, Status, Successfully Completed, Status, Successfully Completed, Status, Successfully Completed, Status, Successfully Completed, Status, Successfully Completed, Status, Successfully Completed, Status, Successfully Completed, Status, Successfully Completed, Status, Successfully Completed, Status, Successfully Completed, Status, Successfully Completed, Status, Successfully Completed, Status, Successfully Completed, Status, Successfully Completed, Status, Successfully Completed, Status, Successfully Completed, Status, Successfully Completed, Status, Successfully Completed, Status, Successfully Completed, Status, Successfully Completed, Status, Successfully Completed, Status, Successfully Completed, Status, Successfully Completed, Status, Successfully Completed, Status, Successfully Completed, Status, Successfully Completed, Status, Successfully Completed, Status, Successfully Completed, Status, Successfully Completed, Status, Successfully Completed, Status, Successfully Completed, Status, Successfully Completed, Status, Successfully Completed, Status, Successfully Completed, Status, Successfully Completed, Status, Successfully Completed, Status, Successfully Completed, Status, Successfully Completed, Status, Successfully Completed, Status, Successfully Completed, Status, Successfully Completed, Status, Successfully Completed, Status, Successfully Completed, Status, Successfully Completed, Status, Successfully Completed, Status, Successfully Completed, Status, Successfully Completed, Status, Successfully Completed, Status, Successfully Completed, Status, Successfully Completed, Status, Successfully Completed, Status, Successfully Completed, Status, Successfully Completed, Status, Successfully Completed, Status, Successfully Completed, Status, Successfully Completed, Status, Successfully Completed, Status, Successfully Completed, Status, Successfully Completed, Status, Successfully Completed, Status, Successfully Completed, Status, Successfully Completed, Status, Successfully Completed, Status, Successfully Completed, Status, Successfully Completed, Status, Successfully Completed, Status, Successfully Completed, Status, Successfully Completed, Status, Successfully Completed, Status, Successfully Completed, Status, Successfully Completed, Status, Successfully Completed, Status, Successfully Completed, Status, Successfully Completed, Status, Successfully Completed, Status, Successfully Completed, Status, Successfully Completed, Status, Successfully Completed, Status]
[neelback4more@gmail.com, Subho1991*, Status, Successfully Completed, Status, Successfully Completed, Status, Successfully Completed, Status, Successfully Completed, Status, Successfully Completed, Status, Successfully Completed, Status, Successfully Completed, Status, Successfully Completed, Status, Successfully Completed, Status, Successfully Completed, Status, Successfully Completed, Status, Successfully Completed, Status, Successfully Completed, Status, Successfully Completed, Status, Successfully Completed, Status, Successfully Completed, Status, Successfully Completed, Status, Successfully Completed, Status, Successfully Completed, Status, Successfully Completed, Status, Successfully Completed, Status, Successfully Completed, Status, Successfully Completed, Status, Successfully Completed, Status, Successfully Completed, Status, Successfully Completed, Status, Successfully Completed, Status, Successfully Completed, Status, Successfully Completed, Status, Successfully Completed, Status, Successfully Completed, Status, Successfully Completed, Status, Successfully Completed, Status, Successfully Completed, Status, Successfully Completed, Status, Successfully Completed, Status, Successfully Completed, Status, Successfully Completed, Status, Successfully Completed, Status, Successfully Completed, Status, Successfully Completed, Status, Successfully Completed, Status, Successfully Completed, Status, Successfully Completed, Status, Successfully Completed, Status, Successfully Completed, Status, Successfully Completed, Status, Successfully Completed, Status, Successfully Completed, Status, Successfully Completed, Status, Successfully Completed, Status, Successfully Completed, Status, Successfully Completed, Status, Successfully Completed, Status, Successfully Completed, Status, Successfully Completed, Status, Successfully Completed, Status, Successfully Completed, Status, Successfully Completed, Status, Successfully Completed, Status, Successfully Completed, Status, Successfully Completed, Status, Successfully Completed, Status, Successfully Completed, Status, Successfully Completed, Status, Successfully Completed, Status, Successfully Completed, Status, Successfully Completed, Status, Successfully Completed, Status, Successfully Completed, Status, Successfully Completed, Status, Successfully Completed, Status, Successfully Completed, Status, Successfully Completed, Status, Successfully Completed, Status, Successfully Completed, Status, Successfully Completed, Status, Successfully Completed, Status, Successfully Completed, Status, Successfully Completed, Status, Successfully Completed, Status, Successfully Completed, Status, Successfully Completed, Status, Successfully Completed, Status, Successfully Completed, Status, Successfully Completed, Status, Successfully Completed, Status, Successfully Completed, Status, Successfully Completed, Status, Successfully Completed, Status, Successfully Completed, Status, Successfully Completed, Status, Successfully Completed, Status, Successfully Completed, Status, Successfully Completed, Status, Successfully Completed, Status, Successfully Completed, Status, Successfully Completed, Status, Successfully Completed, Status, Successfully Completed, Status, Successfully Completed, Status, Successfully Completed, Status, Successfully Completed, Status, Successfully Completed, Status, Successfully Completed, Status, Successfully Completed, Status, Successfully Completed, Status, Successfully Completed, Status, Successfully Completed, Status, Successfully Completed, Status, Successfully Completed, Status, Successfully Completed, Status, Successfully Completed, Status, Successfully Completed, Status, Successfully Completed, Status, Successfully Completed, Status, Successfully Completed, Status, Successfully Completed, Status, Successfully Completed, Status, Successfully Completed, Status, Successfully Completed, Status, Successfully Completed, Status, Successfully Completed, Status, Successfully Completed]
[neelback4more@gmail.com, Subho1991*, Status, Successfully Completed, Status, Successfully Completed, Status, Successfully Completed, Status, Successfully Completed, Status, Successfully Completed, Status, Successfully Completed, Status, Successfully Completed, Status, Successfully Completed, Status, Successfully Completed, Status, Successfully Completed, Status, Successfully Completed, Status, Successfully Completed, Status, Successfully Completed, Status, Successfully Completed, Status, Successfully Completed, Status, Successfully Completed, Status, Successfully Completed, Status, Successfully Completed, Status, Successfully Completed, Status, Successfully Completed, Status, Successfully Completed, Status, Successfully Completed, Status, Successfully Completed, Status, Successfully Completed, Status, Successfully Completed, Status, Successfully Completed, Status, Successfully Completed, Status, Successfully Completed, Status, Successfully Completed, Status, Successfully Completed, Status, Successfully Completed, Status, Successfully Completed, Status, Successfully Completed, Status, Successfully Completed, Status, Successfully Completed, Status, Successfully Completed, Status, Successfully Completed, Status, Successfully Completed, Status, Successfully Completed, Status, Successfully Completed, Status, Successfully Completed, Status, Successfully Completed, Status, Successfully Completed, Status, Successfully Completed, Status, Successfully Completed, Status, Successfully Completed, Status, Successfully Completed, Status, Successfully Completed, Status, Successfully Completed, Status, Successfully Completed, Status, Successfully Completed, Status, Successfully Completed, Status, Successfully Completed, Status, Successfully Completed, Status, Successfully Completed, Status, Successfully Completed, Status, Successfully Completed, Status, Successfully Completed, Status, Successfully Completed, Status, Successfully Completed, Status, Successfully Completed, Status, Successfully Completed, Status, Successfully Completed, Status, Successfully Completed, Status, Successfully Completed, Status, Successfully Completed, Status, Successfully Completed, Status, Successfully Completed, Status, Successfully Completed, Status, Successfully Completed, Status, Successfully Completed, Status, Successfully Completed, Status, Successfully Completed, Status, Successfully Completed, Status, Successfully Completed, Status, Successfully Completed, Status, Successfully Completed, Status, Successfully Completed, Status, Successfully Completed, Status, Successfully Completed, Status, Successfully Completed, Status, Successfully Completed, Status, Successfully Completed, Status, Successfully Completed, Status, Successfully Completed, Status, Successfully Completed, Status, Successfully Completed, Status, Successfully Completed, Status, Successfully Completed, Status, Successfully Completed, Status, Successfully Completed, Status, Successfully Completed, Status, Successfully Completed, Status, Successfully Completed, Status, Successfully Completed, Status, Successfully Completed, Status, Successfully Completed, Status, Successfully Completed, Status, Successfully Completed, Status, Successfully Completed, Status, Successfully Completed, Status, Successfully Completed, Status, Successfully Completed, Status, Successfully Completed, Status, Successfully Completed, Status, Successfully Completed, Status, Successfully Completed, Status, Successfully Completed, Status, Successfully Completed, Status, Successfully Completed, Status, Successfully Completed, Status, Successfully Completed, Status, Successfully Completed, Status, Successfully Completed, Status, Successfully Completed, Status, Successfully Completed, Status, Successfully Completed, Status, Successfully Completed, Status, Successfully Completed, Status, Successfully Completed, Status, Successfully Completed, Status, Successfully Completed, Status, Successfully Completed, Status, Successfully Completed, Status]
[neelback4more@gmail.com, Subho1991*, Status, Successfully Completed, Status, Successfully Completed, Status, Successfully Completed, Status, Successfully Completed, Status, Successfully Completed, Status, Successfully Completed, Status, Successfully Completed, Status, Successfully Completed, Status, Successfully Completed, Status, Successfully Completed, Status, Successfully Completed, Status, Successfully Completed, Status, Successfully Completed, Status, Successfully Completed, Status, Successfully Completed, Status, Successfully Completed, Status, Successfully Completed, Status, Successfully Completed, Status, Successfully Completed, Status, Successfully Completed, Status, Successfully Completed, Status, Successfully Completed, Status, Successfully Completed, Status, Successfully Completed, Status, Successfully Completed, Status, Successfully Completed, Status, Successfully Completed, Status, Successfully Completed, Status, Successfully Completed, Status, Successfully Completed, Status, Successfully Completed, Status, Successfully Completed, Status, Successfully Completed, Status, Successfully Completed, Status, Successfully Completed, Status, Successfully Completed, Status, Successfully Completed, Status, Successfully Completed, Status, Successfully Completed, Status, Successfully Completed, Status, Successfully Completed, Status, Successfully Completed, Status, Successfully Completed, Status, Successfully Completed, Status, Successfully Completed, Status, Successfully Completed, Status, Successfully Completed, Status, Successfully Completed, Status, Successfully Completed, Status, Successfully Completed, Status, Successfully Completed, Status, Successfully Completed, Status, Successfully Completed, Status, Successfully Completed, Status, Successfully Completed, Status, Successfully Completed, Status, Successfully Completed, Status, Successfully Completed, Status, Successfully Completed, Status, Successfully Completed, Status, Successfully Completed, Status, Successfully Completed, Status, Successfully Completed, Status, Successfully Completed, Status, Successfully Completed, Status, Successfully Completed, Status, Successfully Completed, Status, Successfully Completed, Status, Successfully Completed, Status, Successfully Completed, Status, Successfully Completed, Status, Successfully Completed, Status, Successfully Completed, Status, Successfully Completed, Status, Successfully Completed, Status, Successfully Completed, Status, Successfully Completed, Status, Successfully Completed, Status, Successfully Completed, Status, Successfully Completed, Status, Successfully Completed, Status, Successfully Completed, Status, Successfully Completed, Status, Successfully Completed, Status, Successfully Completed, Status, Successfully Completed, Status, Successfully Completed, Status, Successfully Completed, Status, Successfully Completed, Status, Successfully Completed, Status, Successfully Completed, Status, Successfully Completed, Status, Successfully Completed, Status, Successfully Completed, Status, Successfully Completed, Status, Successfully Completed, Status, Successfully Completed, Status, Successfully Completed, Status, Successfully Completed, Status, Successfully Completed, Status, Successfully Completed, Status, Successfully Completed, Status, Successfully Completed, Status, Successfully Completed, Status, Successfully Completed, Status, Successfully Completed, Status, Successfully Completed, Status, Successfully Completed, Status, Successfully Completed, Status, Successfully Completed, Status, Successfully Completed, Status, Successfully Completed, Status, Successfully Completed, Status, Successfully Completed, Status, Successfully Completed, Status, Successfully Completed, Status, Successfully Completed, Status, Successfully Completed, Status, Successfully Completed, Status, Successfully Completed, Status, Successfully Completed, Status, Successfully Completed, Status, Successfully Completed, Status, Successfully Completed, Status, Successfully Completed]
[neelback4more@gmail.com, Subho1991*, Status, Successfully Completed, Status, Successfully Completed, Status, Successfully Completed, Status, Successfully Completed, Status, Successfully Completed, Status, Successfully Completed, Status, Successfully Completed, Status, Successfully Completed, Status, Successfully Completed, Status, Successfully Completed, Status, Successfully Completed, Status, Successfully Completed, Status, Successfully Completed, Status, Successfully Completed, Status, Successfully Completed, Status, Successfully Completed, Status, Successfully Completed, Status, Successfully Completed, Status, Successfully Completed, Status, Successfully Completed, Status, Successfully Completed, Status, Successfully Completed, Status, Successfully Completed, Status, Successfully Completed, Status, Successfully Completed, Status, Successfully Completed, Status, Successfully Completed, Status, Successfully Completed, Status, Successfully Completed, Status, Successfully Completed, Status, Successfully Completed, Status, Successfully Completed, Status, Successfully Completed, Status, Successfully Completed, Status, Successfully Completed, Status, Successfully Completed, Status, Successfully Completed, Status, Successfully Completed, Status, Successfully Completed, Status, Successfully Completed, Status, Successfully Completed, Status, Successfully Completed, Status, Successfully Completed, Status, Successfully Completed, Status, Successfully Completed, Status, Successfully Completed, Status, Successfully Completed, Status, Successfully Completed, Status, Successfully Completed, Status, Successfully Completed, Status, Successfully Completed, Status, Successfully Completed, Status, Successfully Completed, Status, Successfully Completed, Status, Successfully Completed, Status, Successfully Completed, Status, Successfully Completed, Status, Successfully Completed, Status, Successfully Completed, Status, Successfully Completed, Status, Successfully Completed, Status, Successfully Completed, Status, Successfully Completed, Status, Successfully Completed, Status, Successfully Completed, Status, Successfully Completed, Status, Successfully Completed, Status, Successfully Completed, Status, Successfully Completed, Status, Successfully Completed, Status, Successfully Completed, Status, Successfully Completed, Status, Successfully Completed, Status, Successfully Completed, Status, Successfully Completed, Status, Successfully Completed, Status, Successfully Completed, Status, Successfully Completed, Status, Successfully Completed, Status, Successfully Completed, Status, Successfully Completed, Status, Successfully Completed, Status, Successfully Completed, Status, Successfully Completed, Status, Successfully Completed, Status, Successfully Completed, Status, Successfully Completed, Status, Successfully Completed, Status, Successfully Completed, Status, Successfully Completed, Status, Successfully Completed, Status, Successfully Completed, Status, Successfully Completed, Status, Successfully Completed, Status, Successfully Completed, Status, Successfully Completed, Status, Successfully Completed, Status, Successfully Completed, Status, Successfully Completed, Status, Successfully Completed, Status, Successfully Completed, Status, Successfully Completed, Status, Successfully Completed, Status, Successfully Completed, Status, Successfully Completed, Status, Successfully Completed, Status, Successfully Completed, Status, Successfully Completed, Status, Successfully Completed, Status, Successfully Completed, Status, Successfully Completed, Status, Successfully Completed, Status, Successfully Completed, Status, Successfully Completed, Status, Successfully Completed, Status, Successfully Completed, Status, Successfully Completed, Status, Successfully Completed, Status, Successfully Completed, Status, Successfully Completed, Status, Successfully Completed, Status, Successfully Completed, Status, Successfully Completed, Status, Successfully Completed, Status, Successfully Completed, Status]
[neelback4more@gmail.com, Subho1991*, Status, Successfully Completed, Status, Successfully Completed, Status, Successfully Completed, Status, Successfully Completed, Status, Successfully Completed, Status, Successfully Completed, Status, Successfully Completed, Status, Successfully Completed, Status, Successfully Completed, Status, Successfully Completed, Status, Successfully Completed, Status, Successfully Completed, Status, Successfully Completed, Status, Successfully Completed, Status, Successfully Completed, Status, Successfully Completed, Status, Successfully Completed, Status, Successfully Completed, Status, Successfully Completed, Status, Successfully Completed, Status, Successfully Completed, Status, Successfully Completed, Status, Successfully Completed, Status, Successfully Completed, Status, Successfully Completed, Status, Successfully Completed, Status, Successfully Completed, Status, Successfully Completed, Status, Successfully Completed, Status, Successfully Completed, Status, Successfully Completed, Status, Successfully Completed, Status, Successfully Completed, Status, Successfully Completed, Status, Successfully Completed, Status, Successfully Completed, Status, Successfully Completed, Status, Successfully Completed, Status, Successfully Completed, Status, Successfully Completed, Status, Successfully Completed, Status, Successfully Completed, Status, Successfully Completed, Status, Successfully Completed, Status, Successfully Completed, Status, Successfully Completed, Status, Successfully Completed, Status, Successfully Completed, Status, Successfully Completed, Status, Successfully Completed, Status, Successfully Completed, Status, Successfully Completed, Status, Successfully Completed, Status, Successfully Completed, Status, Successfully Completed, Status, Successfully Completed, Status, Successfully Completed, Status, Successfully Completed, Status, Successfully Completed, Status, Successfully Completed, Status, Successfully Completed, Status, Successfully Completed, Status, Successfully Completed, Status, Successfully Completed, Status, Successfully Completed, Status, Successfully Completed, Status, Successfully Completed, Status, Successfully Completed, Status, Successfully Completed, Status, Successfully Completed, Status, Successfully Completed, Status, Successfully Completed, Status, Successfully Completed, Status, Successfully Completed, Status, Successfully Completed, Status, Successfully Completed, Status, Successfully Completed, Status, Successfully Completed, Status, Successfully Completed, Status, Successfully Completed, Status, Successfully Completed, Status, Successfully Completed, Status, Successfully Completed, Status, Successfully Completed, Status, Successfully Completed, Status, Successfully Completed, Status, Successfully Completed, Status, Successfully Completed, Status, Successfully Completed, Status, Successfully Completed, Status, Successfully Completed, Status, Successfully Completed, Status, Successfully Completed, Status, Successfully Completed, Status, Successfully Completed, Status, Successfully Completed, Status, Successfully Completed, Status, Successfully Completed, Status, Successfully Completed, Status, Successfully Completed, Status, Successfully Completed, Status, Successfully Completed, Status, Successfully Completed, Status, Successfully Completed, Status, Successfully Completed, Status, Successfully Completed, Status, Successfully Completed, Status, Successfully Completed, Status, Successfully Completed, Status, Successfully Completed, Status, Successfully Completed, Status, Successfully Completed, Status, Successfully Completed, Status, Successfully Completed, Status, Successfully Completed, Status, Successfully Completed, Status, Successfully Completed, Status, Successfully Completed, Status, Successfully Completed, Status, Successfully Completed, Status, Successfully Completed, Status, Successfully Completed, Status, Successfully Completed, Status, Successfully Completed, Status, Successfully Completed, Status, Successfully Completed]
[neelback4more@gmail.com, Subho1991*, Status, Successfully Completed, Status, Successfully Completed, Status, Successfully Completed, Status, Successfully Completed, Status, Successfully Completed, Status, Successfully Completed, Status, Successfully Completed, Status, Successfully Completed, Status, Successfully Completed, Status, Successfully Completed, Status, Successfully Completed, Status, Successfully Completed, Status, Successfully Completed, Status, Successfully Completed, Status, Successfully Completed, Status, Successfully Completed, Status, Successfully Completed, Status, Successfully Completed, Status, Successfully Completed, Status, Successfully Completed, Status, Successfully Completed, Status, Successfully Completed, Status, Successfully Completed, Status, Successfully Completed, Status, Successfully Completed, Status, Successfully Completed, Status, Successfully Completed, Status, Successfully Completed, Status, Successfully Completed, Status, Successfully Completed, Status, Successfully Completed, Status, Successfully Completed, Status, Successfully Completed, Status, Successfully Completed, Status, Successfully Completed, Status, Successfully Completed, Status, Successfully Completed, Status, Successfully Completed, Status, Successfully Completed, Status, Successfully Completed, Status, Successfully Completed, Status, Successfully Completed, Status, Successfully Completed, Status, Successfully Completed, Status, Successfully Completed, Status, Successfully Completed, Status, Successfully Completed, Status, Successfully Completed, Status, Successfully Completed, Status, Successfully Completed, Status, Successfully Completed, Status, Successfully Completed, Status, Successfully Completed, Status, Successfully Completed, Status, Successfully Completed, Status, Successfully Completed, Status, Successfully Completed, Status, Successfully Completed, Status, Successfully Completed, Status, Successfully Completed, Status, Successfully Completed, Status, Successfully Completed, Status, Successfully Completed, Status, Successfully Completed, Status, Successfully Completed, Status, Successfully Completed, Status, Successfully Completed, Status, Successfully Completed, Status, Successfully Completed, Status, Successfully Completed, Status, Successfully Completed, Status, Successfully Completed, Status, Successfully Completed, Status, Successfully Completed, Status, Successfully Completed, Status, Successfully Completed, Status, Successfully Completed, Status, Successfully Completed, Status, Successfully Completed, Status, Successfully Completed, Status, Successfully Completed, Status, Successfully Completed, Status, Successfully Completed, Status, Successfully Completed, Status, Successfully Completed, Status, Successfully Completed, Status, Successfully Completed, Status, Successfully Completed, Status, Successfully Completed, Status, Successfully Completed, Status, Successfully Completed, Status, Successfully Completed, Status, Successfully Completed, Status, Successfully Completed, Status, Successfully Completed, Status, Successfully Completed, Status, Successfully Completed, Status, Successfully Completed, Status, Successfully Completed, Status, Successfully Completed, Status, Successfully Completed, Status, Successfully Completed, Status, Successfully Completed, Status, Successfully Completed, Status, Successfully Completed, Status, Successfully Completed, Status, Successfully Completed, Status, Successfully Completed, Status, Successfully Completed, Status, Successfully Completed, Status, Successfully Completed, Status, Successfully Completed, Status, Successfully Completed, Status, Successfully Completed, Status, Successfully Completed, Status, Successfully Completed, Status, Successfully Completed, Status, Successfully Completed, Status, Successfully Completed, Status, Successfully Completed, Status, Successfully Completed, Status, Successfully Completed, Status, Successfully Completed, Status, Successfully Completed, Status, Successfully Completed, Status, Successfully Completed, Status]
[neelback4more@gmail.com, Subho1991*, Status, Successfully Completed, Status, Successfully Completed, Status, Successfully Completed, Status, Successfully Completed, Status, Successfully Completed, Status, Successfully Completed, Status, Successfully Completed, Status, Successfully Completed, Status, Successfully Completed, Status, Successfully Completed, Status, Successfully Completed, Status, Successfully Completed, Status, Successfully Completed, Status, Successfully Completed, Status, Successfully Completed, Status, Successfully Completed, Status, Successfully Completed, Status, Successfully Completed, Status, Successfully Completed, Status, Successfully Completed, Status, Successfully Completed, Status, Successfully Completed, Status, Successfully Completed, Status, Successfully Completed, Status, Successfully Completed, Status, Successfully Completed, Status, Successfully Completed, Status, Successfully Completed, Status, Successfully Completed, Status, Successfully Completed, Status, Successfully Completed, Status, Successfully Completed, Status, Successfully Completed, Status, Successfully Completed, Status, Successfully Completed, Status, Successfully Completed, Status, Successfully Completed, Status, Successfully Completed, Status, Successfully Completed, Status, Successfully Completed, Status, Successfully Completed, Status, Successfully Completed, Status, Successfully Completed, Status, Successfully Completed, Status, Successfully Completed, Status, Successfully Completed, Status, Successfully Completed, Status, Successfully Completed, Status, Successfully Completed, Status, Successfully Completed, Status, Successfully Completed, Status, Successfully Completed, Status, Successfully Completed, Status, Successfully Completed, Status, Successfully Completed, Status, Successfully Completed, Status, Successfully Completed, Status, Successfully Completed, Status, Successfully Completed, Status, Successfully Completed, Status, Successfully Completed, Status, Successfully Completed, Status, Successfully Completed, Status, Successfully Completed, Status, Successfully Completed, Status, Successfully Completed, Status, Successfully Completed, Status, Successfully Completed, Status, Successfully Completed, Status, Successfully Completed, Status, Successfully Completed, Status, Successfully Completed, Status, Successfully Completed, Status, Successfully Completed, Status, Successfully Completed, Status, Successfully Completed, Status, Successfully Completed, Status, Successfully Completed, Status, Successfully Completed, Status, Successfully Completed, Status, Successfully Completed, Status, Successfully Completed, Status, Successfully Completed, Status, Successfully Completed, Status, Successfully Completed, Status, Successfully Completed, Status, Successfully Completed, Status, Successfully Completed, Status, Successfully Completed, Status, Successfully Completed, Status, Successfully Completed, Status, Successfully Completed, Status, Successfully Completed, Status, Successfully Completed, Status, Successfully Completed, Status, Successfully Completed, Status, Successfully Completed, Status, Successfully Completed, Status, Successfully Completed, Status, Successfully Completed, Status, Successfully Completed, Status, Successfully Completed, Status, Successfully Completed, Status, Successfully Completed, Status, Successfully Completed, Status, Successfully Completed, Status, Successfully Completed, Status, Successfully Completed, Status, Successfully Completed, Status, Successfully Completed, Status, Successfully Completed, Status, Successfully Completed, Status, Successfully Completed, Status, Successfully Completed, Status, Successfully Completed, Status, Successfully Completed, Status, Successfully Completed, Status, Successfully Completed, Status, Successfully Completed, Status, Successfully Completed, Status, Successfully Completed, Status, Successfully Completed, Status, Successfully Completed, Status, Successfully Completed, Status, Successfully Completed, Status, Successfully Completed, Status, Successfully Completed]
[neelback4more@gmail.com, Subho1991*, Status, Successfully Completed, Status, Successfully Completed, Status, Successfully Completed, Status, Successfully Completed, Status, Successfully Completed, Status, Successfully Completed, Status, Successfully Completed, Status, Successfully Completed, Status, Successfully Completed, Status, Successfully Completed, Status, Successfully Completed, Status, Successfully Completed, Status, Successfully Completed, Status, Successfully Completed, Status, Successfully Completed, Status, Successfully Completed, Status, Successfully Completed, Status, Successfully Completed, Status, Successfully Completed, Status, Successfully Completed, Status, Successfully Completed, Status, Successfully Completed, Status, Successfully Completed, Status, Successfully Completed, Status, Successfully Completed, Status, Successfully Completed, Status, Successfully Completed, Status, Successfully Completed, Status, Successfully Completed, Status, Successfully Completed, Status, Successfully Completed, Status, Successfully Completed, Status, Successfully Completed, Status, Successfully Completed, Status, Successfully Completed, Status, Successfully Completed, Status, Successfully Completed, Status, Successfully Completed, Status, Successfully Completed, Status, Successfully Completed, Status, Successfully Completed, Status, Successfully Completed, Status, Successfully Completed, Status, Successfully Completed, Status, Successfully Completed, Status, Successfully Completed, Status, Successfully Completed, Status, Successfully Completed, Status, Successfully Completed, Status, Successfully Completed, Status, Successfully Completed, Status, Successfully Completed, Status, Successfully Completed, Status, Successfully Completed, Status, Successfully Completed, Status, Successfully Completed, Status, Successfully Completed, Status, Successfully Completed, Status, Successfully Completed, Status, Successfully Completed, Status, Successfully Completed, Status, Successfully Completed, Status, Successfully Completed, Status, Successfully Completed, Status, Successfully Completed, Status, Successfully Completed, Status, Successfully Completed, Status, Successfully Completed, Status, Successfully Completed, Status, Successfully Completed, Status, Successfully Completed, Status, Successfully Completed, Status, Successfully Completed, Status, Successfully Completed, Status, Successfully Completed, Status, Successfully Completed, Status, Successfully Completed, Status, Successfully Completed, Status, Successfully Completed, Status, Successfully Completed, Status, Successfully Completed, Status, Successfully Completed, Status, Successfully Completed, Status, Successfully Completed, Status, Successfully Completed, Status, Successfully Completed, Status, Successfully Completed, Status, Successfully Completed, Status, Successfully Completed, Status, Successfully Completed, Status, Successfully Completed, Status, Successfully Completed, Status, Successfully Completed, Status, Successfully Completed, Status, Successfully Completed, Status, Successfully Completed, Status, Successfully Completed, Status, Successfully Completed, Status, Successfully Completed, Status, Successfully Completed, Status, Successfully Completed, Status, Successfully Completed, Status, Successfully Completed, Status, Successfully Completed, Status, Successfully Completed, Status, Successfully Completed, Status, Successfully Completed, Status, Successfully Completed, Status, Successfully Completed, Status, Successfully Completed, Status, Successfully Completed, Status, Successfully Completed, Status, Successfully Completed, Status, Successfully Completed, Status, Successfully Completed, Status, Successfully Completed, Status, Successfully Completed, Status, Successfully Completed, Status, Successfully Completed, Status, Successfully Completed, Status, Successfully Completed, Status, Successfully Completed, Status, Successfully Completed, Status, Successfully Completed, Status, Successfully Completed, Status, Successfully Completed, Status, Successfully Completed, Status]
[neelback4more@gmail.com, Subho1991*, Status, Successfully Completed, Status, Successfully Completed, Status, Successfully Completed, Status, Successfully Completed, Status, Successfully Completed, Status, Successfully Completed, Status, Successfully Completed, Status, Successfully Completed, Status, Successfully Completed, Status, Successfully Completed, Status, Successfully Completed, Status, Successfully Completed, Status, Successfully Completed, Status, Successfully Completed, Status, Successfully Completed, Status, Successfully Completed, Status, Successfully Completed, Status, Successfully Completed, Status, Successfully Completed, Status, Successfully Completed, Status, Successfully Completed, Status, Successfully Completed, Status, Successfully Completed, Status, Successfully Completed, Status, Successfully Completed, Status, Successfully Completed, Status, Successfully Completed, Status, Successfully Completed, Status, Successfully Completed, Status, Successfully Completed, Status, Successfully Completed, Status, Successfully Completed, Status, Successfully Completed, Status, Successfully Completed, Status, Successfully Completed, Status, Successfully Completed, Status, Successfully Completed, Status, Successfully Completed, Status, Successfully Completed, Status, Successfully Completed, Status, Successfully Completed, Status, Successfully Completed, Status, Successfully Completed, Status, Successfully Completed, Status, Successfully Completed, Status, Successfully Completed, Status, Successfully Completed, Status, Successfully Completed, Status, Successfully Completed, Status, Successfully Completed, Status, Successfully Completed, Status, Successfully Completed, Status, Successfully Completed, Status, Successfully Completed, Status, Successfully Completed, Status, Successfully Completed, Status, Successfully Completed, Status, Successfully Completed, Status, Successfully Completed, Status, Successfully Completed, Status, Successfully Completed, Status, Successfully Completed, Status, Successfully Completed, Status, Successfully Completed, Status, Successfully Completed, Status, Successfully Completed, Status, Successfully Completed, Status, Successfully Completed, Status, Successfully Completed, Status, Successfully Completed, Status, Successfully Completed, Status, Successfully Completed, Status, Successfully Completed, Status, Successfully Completed, Status, Successfully Completed, Status, Successfully Completed, Status, Successfully Completed, Status, Successfully Completed, Status, Successfully Completed, Status, Successfully Completed, Status, Successfully Completed, Status, Successfully Completed, Status, Successfully Completed, Status, Successfully Completed, Status, Successfully Completed, Status, Successfully Completed, Status, Successfully Completed, Status, Successfully Completed, Status, Successfully Completed, Status, Successfully Completed, Status, Successfully Completed, Status, Successfully Completed, Status, Successfully Completed, Status, Successfully Completed, Status, Successfully Completed, Status, Successfully Completed, Status, Successfully Completed, Status, Successfully Completed, Status, Successfully Completed, Status, Successfully Completed, Status, Successfully Completed, Status, Successfully Completed, Status, Successfully Completed, Status, Successfully Completed, Status, Successfully Completed, Status, Successfully Completed, Status, Successfully Completed, Status, Successfully Completed, Status, Successfully Completed, Status, Successfully Completed, Status, Successfully Completed, Status, Successfully Completed, Status, Successfully Completed, Status, Successfully Completed, Status, Successfully Completed, Status, Successfully Completed, Status, Successfully Completed, Status, Successfully Completed, Status, Successfully Completed, Status, Successfully Completed, Status, Successfully Completed, Status, Successfully Completed, Status, Successfully Completed, Status, Successfully Completed, Status, Successfully Completed, Status, Successfully Completed, Status, Successfully Completed, Status, Successfully Completed]
[neelback4more@gmail.com, Subho1991*, Status, Successfully Completed, Status, Successfully Completed, Status, Successfully Completed, Status, Successfully Completed, Status, Successfully Completed, Status, Successfully Completed, Status, Successfully Completed, Status, Successfully Completed, Status, Successfully Completed, Status, Successfully Completed, Status, Successfully Completed, Status, Successfully Completed, Status, Successfully Completed, Status, Successfully Completed, Status, Successfully Completed, Status, Successfully Completed, Status, Successfully Completed, Status, Successfully Completed, Status, Successfully Completed, Status, Successfully Completed, Status, Successfully Completed, Status, Successfully Completed, Status, Successfully Completed, Status, Successfully Completed, Status, Successfully Completed, Status, Successfully Completed, Status, Successfully Completed, Status, Successfully Completed, Status, Successfully Completed, Status, Successfully Completed, Status, Successfully Completed, Status, Successfully Completed, Status, Successfully Completed, Status, Successfully Completed, Status, Successfully Completed, Status, Successfully Completed, Status, Successfully Completed, Status, Successfully Completed, Status, Successfully Completed, Status, Successfully Completed, Status, Successfully Completed, Status, Successfully Completed, Status, Successfully Completed, Status, Successfully Completed, Status, Successfully Completed, Status, Successfully Completed, Status, Successfully Completed, Status, Successfully Completed, Status, Successfully Completed, Status, Successfully Completed, Status, Successfully Completed, Status, Successfully Completed, Status, Successfully Completed, Status, Successfully Completed, Status, Successfully Completed, Status, Successfully Completed, Status, Successfully Completed, Status, Successfully Completed, Status, Successfully Completed, Status, Successfully Completed, Status, Successfully Completed, Status, Successfully Completed, Status, Successfully Completed, Status, Successfully Completed, Status, Successfully Completed, Status, Successfully Completed, Status, Successfully Completed, Status, Successfully Completed, Status, Successfully Completed, Status, Successfully Completed, Status, Successfully Completed, Status, Successfully Completed, Status, Successfully Completed, Status, Successfully Completed, Status, Successfully Completed, Status, Successfully Completed, Status, Successfully Completed, Status, Successfully Completed, Status, Successfully Completed, Status, Successfully Completed, Status, Successfully Completed, Status, Successfully Completed, Status, Successfully Completed, Status, Successfully Completed, Status, Successfully Completed, Status, Successfully Completed, Status, Successfully Completed, Status, Successfully Completed, Status, Successfully Completed, Status, Successfully Completed, Status, Successfully Completed, Status, Successfully Completed, Status, Successfully Completed, Status, Successfully Completed, Status, Successfully Completed, Status, Successfully Completed, Status, Successfully Completed, Status, Successfully Completed, Status, Successfully Completed, Status, Successfully Completed, Status, Successfully Completed, Status, Successfully Completed, Status, Successfully Completed, Status, Successfully Completed, Status, Successfully Completed, Status, Successfully Completed, Status, Successfully Completed, Status, Successfully Completed, Status, Successfully Completed, Status, Successfully Completed, Status, Successfully Completed, Status, Successfully Completed, Status, Successfully Completed, Status, Successfully Completed, Status, Successfully Completed, Status, Successfully Completed, Status, Successfully Completed, Status, Successfully Completed, Status, Successfully Completed, Status, Successfully Completed, Status, Successfully Completed, Status, Successfully Completed, Status, Successfully Completed, Status, Successfully Completed, Status, Successfully Completed, Status, Successfully Completed, Status, Successfully Completed, Status, Successfully Completed, Status]
[neelback4more@gmail.com, Subho1991*, Status, Successfully Completed, Status, Successfully Completed, Status, Successfully Completed, Status, Successfully Completed, Status, Successfully Completed, Status, Successfully Completed, Status, Successfully Completed, Status, Successfully Completed, Status, Successfully Completed, Status, Successfully Completed, Status, Successfully Completed, Status, Successfully Completed, Status, Successfully Completed, Status, Successfully Completed, Status, Successfully Completed, Status, Successfully Completed, Status, Successfully Completed, Status, Successfully Completed, Status, Successfully Completed, Status, Successfully Completed, Status, Successfully Completed, Status, Successfully Completed, Status, Successfully Completed, Status, Successfully Completed, Status, Successfully Completed, Status, Successfully Completed, Status, Successfully Completed, Status, Successfully Completed, Status, Successfully Completed, Status, Successfully Completed, Status, Successfully Completed, Status, Successfully Completed, Status, Successfully Completed, Status, Successfully Completed, Status, Successfully Completed, Status, Successfully Completed, Status, Successfully Completed, Status, Successfully Completed, Status, Successfully Completed, Status, Successfully Completed, Status, Successfully Completed, Status, Successfully Completed, Status, Successfully Completed, Status, Successfully Completed, Status, Successfully Completed, Status, Successfully Completed, Status, Successfully Completed, Status, Successfully Completed, Status, Successfully Completed, Status, Successfully Completed, Status, Successfully Completed, Status, Successfully Completed, Status, Successfully Completed, Status, Successfully Completed, Status, Successfully Completed, Status, Successfully Completed, Status, Successfully Completed, Status, Successfully Completed, Status, Successfully Completed, Status, Successfully Completed, Status, Successfully Completed, Status, Successfully Completed, Status, Successfully Completed, Status, Successfully Completed, Status, Successfully Completed, Status, Successfully Completed, Status, Successfully Completed, Status, Successfully Completed, Status, Successfully Completed, Status, Successfully Completed, Status, Successfully Completed, Status, Successfully Completed, Status, Successfully Completed, Status, Successfully Completed, Status, Successfully Completed, Status, Successfully Completed, Status, Successfully Completed, Status, Successfully Completed, Status, Successfully Completed, Status, Successfully Completed, Status, Successfully Completed, Status, Successfully Completed, Status, Successfully Completed, Status, Successfully Completed, Status, Successfully Completed, Status, Successfully Completed, Status, Successfully Completed, Status, Successfully Completed, Status, Successfully Completed, Status, Successfully Completed, Status, Successfully Completed, Status, Successfully Completed, Status, Successfully Completed, Status, Successfully Completed, Status, Successfully Completed, Status, Successfully Completed, Status, Successfully Completed, Status, Successfully Completed, Status, Successfully Completed, Status, Successfully Completed, Status, Successfully Completed, Status, Successfully Completed, Status, Successfully Completed, Status, Successfully Completed, Status, Successfully Completed, Status, Successfully Completed, Status, Successfully Completed, Status, Successfully Completed, Status, Successfully Completed, Status, Successfully Completed, Status, Successfully Completed, Status, Successfully Completed, Status, Successfully Completed, Status, Successfully Completed, Status, Successfully Completed, Status, Successfully Completed, Status, Successfully Completed, Status, Successfully Completed, Status, Successfully Completed, Status, Successfully Completed, Status, Successfully Completed, Status, Successfully Completed, Status, Successfully Completed, Status, Successfully Completed, Status, Successfully Completed, Status, Successfully Completed, Status, Successfully Completed, Status, Successfully Completed, Status, Successfully Completed]
[neelback4more@gmail.com, Subho1991*, Status, Successfully Completed, Status, Successfully Completed, Status, Successfully Completed, Status, Successfully Completed, Status, Successfully Completed, Status, Successfully Completed, Status, Successfully Completed, Status, Successfully Completed, Status, Successfully Completed, Status, Successfully Completed, Status, Successfully Completed, Status, Successfully Completed, Status, Successfully Completed, Status, Successfully Completed, Status, Successfully Completed, Status, Successfully Completed, Status, Successfully Completed, Status, Successfully Completed, Status, Successfully Completed, Status, Successfully Completed, Status, Successfully Completed, Status, Successfully Completed, Status, Successfully Completed, Status, Successfully Completed, Status, Successfully Completed, Status, Successfully Completed, Status, Successfully Completed, Status, Successfully Completed, Status, Successfully Completed, Status, Successfully Completed, Status, Successfully Completed, Status, Successfully Completed, Status, Successfully Completed, Status, Successfully Completed, Status, Successfully Completed, Status, Successfully Completed, Status, Successfully Completed, Status, Successfully Completed, Status, Successfully Completed, Status, Successfully Completed, Status, Successfully Completed, Status, Successfully Completed, Status, Successfully Completed, Status, Successfully Completed, Status, Successfully Completed, Status, Successfully Completed, Status, Successfully Completed, Status, Successfully Completed, Status, Successfully Completed, Status, Successfully Completed, Status, Successfully Completed, Status, Successfully Completed, Status, Successfully Completed, Status, Successfully Completed, Status, Successfully Completed, Status, Successfully Completed, Status, Successfully Completed, Status, Successfully Completed, Status, Successfully Completed, Status, Successfully Completed, Status, Successfully Completed, Status, Successfully Completed, Status, Successfully Completed, Status, Successfully Completed, Status, Successfully Completed, Status, Successfully Completed, Status, Successfully Completed, Status, Successfully Completed, Status, Successfully Completed, Status, Successfully Completed, Status, Successfully Completed, Status, Successfully Completed, Status, Successfully Completed, Status, Successfully Completed, Status, Successfully Completed, Status, Successfully Completed, Status, Successfully Completed, Status, Successfully Completed, Status, Successfully Completed, Status, Successfully Completed, Status, Successfully Completed, Status, Successfully Completed, Status, Successfully Completed, Status, Successfully Completed, Status, Successfully Completed, Status, Successfully Completed, Status, Successfully Completed, Status, Successfully Completed, Status, Successfully Completed, Status, Successfully Completed, Status, Successfully Completed, Status, Successfully Completed, Status, Successfully Completed, Status, Successfully Completed, Status, Successfully Completed, Status, Successfully Completed, Status, Successfully Completed, Status, Successfully Completed, Status, Successfully Completed, Status, Successfully Completed, Status, Successfully Completed, Status, Successfully Completed, Status, Successfully Completed, Status, Successfully Completed, Status, Successfully Completed, Status, Successfully Completed, Status, Successfully Completed, Status, Successfully Completed, Status, Successfully Completed, Status, Successfully Completed, Status, Successfully Completed, Status, Successfully Completed, Status, Successfully Completed, Status, Successfully Completed, Status, Successfully Completed, Status, Successfully Completed, Status, Successfully Completed, Status, Successfully Completed, Status, Successfully Completed, Status, Successfully Completed, Status, Successfully Completed, Status, Successfully Completed, Status, Successfully Completed, Status, Successfully Completed, Status, Successfully Completed, Status, Successfully Completed, Status, Successfully Completed, Status, Successfully Completed, Status, Successfully Completed, Status]
[neelback4more@gmail.com, Subho1991*, Status, Successfully Completed, Status, Successfully Completed, Status, Successfully Completed, Status, Successfully Completed, Status, Successfully Completed, Status, Successfully Completed, Status, Successfully Completed, Status, Successfully Completed, Status, Successfully Completed, Status, Successfully Completed, Status, Successfully Completed, Status, Successfully Completed, Status, Successfully Completed, Status, Successfully Completed, Status, Successfully Completed, Status, Successfully Completed, Status, Successfully Completed, Status, Successfully Completed, Status, Successfully Completed, Status, Successfully Completed, Status, Successfully Completed, Status, Successfully Completed, Status, Successfully Completed, Status, Successfully Completed, Status, Successfully Completed, Status, Successfully Completed, Status, Successfully Completed, Status, Successfully Completed, Status, Successfully Completed, Status, Successfully Completed, Status, Successfully Completed, Status, Successfully Completed, Status, Successfully Completed, Status, Successfully Completed, Status, Successfully Completed, Status, Successfully Completed, Status, Successfully Completed, Status, Successfully Completed, Status, Successfully Completed, Status, Successfully Completed, Status, Successfully Completed, Status, Successfully Completed, Status, Successfully Completed, Status, Successfully Completed, Status, Successfully Completed, Status, Successfully Completed, Status, Successfully Completed, Status, Successfully Completed, Status, Successfully Completed, Status, Successfully Completed, Status, Successfully Completed, Status, Successfully Completed, Status, Successfully Completed, Status, Successfully Completed, Status, Successfully Completed, Status, Successfully Completed, Status, Successfully Completed, Status, Successfully Completed, Status, Successfully Completed, Status, Successfully Completed, Status, Successfully Completed, Status, Successfully Completed, Status, Successfully Completed, Status, Successfully Completed, Status, Successfully Completed, Status, Successfully Completed, Status, Successfully Completed, Status, Successfully Completed, Status, Successfully Completed, Status, Successfully Completed, Status, Successfully Completed, Status, Successfully Completed, Status, Successfully Completed, Status, Successfully Completed, Status, Successfully Completed, Status, Successfully Completed, Status, Successfully Completed, Status, Successfully Completed, Status, Successfully Completed, Status, Successfully Completed, Status, Successfully Completed, Status, Successfully Completed, Status, Successfully Completed, Status, Successfully Completed, Status, Successfully Completed, Status, Successfully Completed, Status, Successfully Completed, Status, Successfully Completed, Status, Successfully Completed, Status, Successfully Completed, Status, Successfully Completed, Status, Successfully Completed, Status, Successfully Completed, Status, Successfully Completed, Status, Successfully Completed, Status, Successfully Completed, Status, Successfully Completed, Status, Successfully Completed, Status, Successfully Completed, Status, Successfully Completed, Status, Successfully Completed, Status, Successfully Completed, Status, Successfully Completed, Status, Successfully Completed, Status, Successfully Completed, Status, Successfully Completed, Status, Successfully Completed, Status, Successfully Completed, Status, Successfully Completed, Status, Successfully Completed, Status, Successfully Completed, Status, Successfully Completed, Status, Successfully Completed, Status, Successfully Completed, Status, Successfully Completed, Status, Successfully Completed, Status, Successfully Completed, Status, Successfully Completed, Status, Successfully Completed, Status, Successfully Completed, Status, Successfully Completed, Status, Successfully Completed, Status, Successfully Completed, Status, Successfully Completed, Status, Successfully Completed, Status, Successfully Completed, Status, Successfully Completed, Status, Successfully Completed, Status, Successfully Completed, Status, Successfully Completed]
[neelback4more@gmail.com, Subho1991*, Status, Successfully Completed, Status, Successfully Completed, Status, Successfully Completed, Status, Successfully Completed, Status, Successfully Completed, Status, Successfully Completed, Status, Successfully Completed, Status, Successfully Completed, Status, Successfully Completed, Status, Successfully Completed, Status, Successfully Completed, Status, Successfully Completed, Status, Successfully Completed, Status, Successfully Completed, Status, Successfully Completed, Status, Successfully Completed, Status, Successfully Completed, Status, Successfully Completed, Status, Successfully Completed, Status, Successfully Completed, Status, Successfully Completed, Status, Successfully Completed, Status, Successfully Completed, Status, Successfully Completed, Status, Successfully Completed, Status, Successfully Completed, Status, Successfully Completed, Status, Successfully Completed, Status, Successfully Completed, Status, Successfully Completed, Status, Successfully Completed, Status, Successfully Completed, Status, Successfully Completed, Status, Successfully Completed, Status, Successfully Completed, Status, Successfully Completed, Status, Successfully Completed, Status, Successfully Completed, Status, Successfully Completed, Status, Successfully Completed, Status, Successfully Completed, Status, Successfully Completed, Status, Successfully Completed, Status, Successfully Completed, Status, Successfully Completed, Status, Successfully Completed, Status, Successfully Completed, Status, Successfully Completed, Status, Successfully Completed, Status, Successfully Completed, Status, Successfully Completed, Status, Successfully Completed, Status, Successfully Completed, Status, Successfully Completed, Status, Successfully Completed, Status, Successfully Completed, Status, Successfully Completed, Status, Successfully Completed, Status, Successfully Completed, Status, Successfully Completed, Status, Successfully Completed, Status, Successfully Completed, Status, Successfully Completed, Status, Successfully Completed, Status, Successfully Completed, Status, Successfully Completed, Status, Successfully Completed, Status, Successfully Completed, Status, Successfully Completed, Status, Successfully Completed, Status, Successfully Completed, Status, Successfully Completed, Status, Successfully Completed, Status, Successfully Completed, Status, Successfully Completed, Status, Successfully Completed, Status, Successfully Completed, Status, Successfully Completed, Status, Successfully Completed, Status, Successfully Completed, Status, Successfully Completed, Status, Successfully Completed, Status, Successfully Completed, Status, Successfully Completed, Status, Successfully Completed, Status, Successfully Completed, Status, Successfully Completed, Status, Successfully Completed, Status, Successfully Completed, Status, Successfully Completed, Status, Successfully Completed, Status, Successfully Completed, Status, Successfully Completed, Status, Successfully Completed, Status, Successfully Completed, Status, Successfully Completed, Status, Successfully Completed, Status, Successfully Completed, Status, Successfully Completed, Status, Successfully Completed, Status, Successfully Completed, Status, Successfully Completed, Status, Successfully Completed, Status, Successfully Completed, Status, Successfully Completed, Status, Successfully Completed, Status, Successfully Completed, Status, Successfully Completed, Status, Successfully Completed, Status, Successfully Completed, Status, Successfully Completed, Status, Successfully Completed, Status, Successfully Completed, Status, Successfully Completed, Status, Successfully Completed, Status, Successfully Completed, Status, Successfully Completed, Status, Successfully Completed, Status, Successfully Completed, Status, Successfully Completed, Status, Successfully Completed, Status, Successfully Completed, Status, Successfully Completed, Status, Successfully Completed, Status, Successfully Completed, Status, Successfully Completed, Status, Successfully Completed, Status, Successfully Completed, Status, Successfully Completed, Status, Successfully Completed, Status]
[neelback4more@gmail.com, Subho1991*, Status, Successfully Completed, Status, Successfully Completed, Status, Successfully Completed, Status, Successfully Completed, Status, Successfully Completed, Status, Successfully Completed, Status, Successfully Completed, Status, Successfully Completed, Status, Successfully Completed, Status, Successfully Completed, Status, Successfully Completed, Status, Successfully Completed, Status, Successfully Completed, Status, Successfully Completed, Status, Successfully Completed, Status, Successfully Completed, Status, Successfully Completed, Status, Successfully Completed, Status, Successfully Completed, Status, Successfully Completed, Status, Successfully Completed, Status, Successfully Completed, Status, Successfully Completed, Status, Successfully Completed, Status, Successfully Completed, Status, Successfully Completed, Status, Successfully Completed, Status, Successfully Completed, Status, Successfully Completed, Status, Successfully Completed, Status, Successfully Completed, Status, Successfully Completed, Status, Successfully Completed, Status, Successfully Completed, Status, Successfully Completed, Status, Successfully Completed, Status, Successfully Completed, Status, Successfully Completed, Status, Successfully Completed, Status, Successfully Completed, Status, Successfully Completed, Status, Successfully Completed, Status, Successfully Completed, Status, Successfully Completed, Status, Successfully Completed, Status, Successfully Completed, Status, Successfully Completed, Status, Successfully Completed, Status, Successfully Completed, Status, Successfully Completed, Status, Successfully Completed, Status, Successfully Completed, Status, Successfully Completed, Status, Successfully Completed, Status, Successfully Completed, Status, Successfully Completed, Status, Successfully Completed, Status, Successfully Completed, Status, Successfully Completed, Status, Successfully Completed, Status, Successfully Completed, Status, Successfully Completed, Status, Successfully Completed, Status, Successfully Completed, Status, Successfully Completed, Status, Successfully Completed, Status, Successfully Completed, Status, Successfully Completed, Status, Successfully Completed, Status, Successfully Completed, Status, Successfully Completed, Status, Successfully Completed, Status, Successfully Completed, Status, Successfully Completed, Status, Successfully Completed, Status, Successfully Completed, Status, Successfully Completed, Status, Successfully Completed, Status, Successfully Completed, Status, Successfully Completed, Status, Successfully Completed, Status, Successfully Completed, Status, Successfully Completed, Status, Successfully Completed, Status, Successfully Completed, Status, Successfully Completed, Status, Successfully Completed, Status, Successfully Completed, Status, Successfully Completed, Status, Successfully Completed, Status, Successfully Completed, Status, Successfully Completed, Status, Successfully Completed, Status, Successfully Completed, Status, Successfully Completed, Status, Successfully Completed, Status, Successfully Completed, Status, Successfully Completed, Status, Successfully Completed, Status, Successfully Completed, Status, Successfully Completed, Status, Successfully Completed, Status, Successfully Completed, Status, Successfully Completed, Status, Successfully Completed, Status, Successfully Completed, Status, Successfully Completed, Status, Successfully Completed, Status, Successfully Completed, Status, Successfully Completed, Status, Successfully Completed, Status, Successfully Completed, Status, Successfully Completed, Status, Successfully Completed, Status, Successfully Completed, Status, Successfully Completed, Status, Successfully Completed, Status, Successfully Completed, Status, Successfully Completed, Status, Successfully Completed, Status, Successfully Completed, Status, Successfully Completed, Status, Successfully Completed, Status, Successfully Completed, Status, Successfully Completed, Status, Successfully Completed, Status, Successfully Completed, Status, Successfully Completed, Status, Successfully Completed, Status, Successfully Completed, Status, Successfully Completed]
[neelback4more@gmail.com, Subho1991*, Status, Successfully Completed, Status, Successfully Completed, Status, Successfully Completed, Status, Successfully Completed, Status, Successfully Completed, Status, Successfully Completed, Status, Successfully Completed, Status, Successfully Completed, Status, Successfully Completed, Status, Successfully Completed, Status, Successfully Completed, Status, Successfully Completed, Status, Successfully Completed, Status, Successfully Completed, Status, Successfully Completed, Status, Successfully Completed, Status, Successfully Completed, Status, Successfully Completed, Status, Successfully Completed, Status, Successfully Completed, Status, Successfully Completed, Status, Successfully Completed, Status, Successfully Completed, Status, Successfully Completed, Status, Successfully Completed, Status, Successfully Completed, Status, Successfully Completed, Status, Successfully Completed, Status, Successfully Completed, Status, Successfully Completed, Status, Successfully Completed, Status, Successfully Completed, Status, Successfully Completed, Status, Successfully Completed, Status, Successfully Completed, Status, Successfully Completed, Status, Successfully Completed, Status, Successfully Completed, Status, Successfully Completed, Status, Successfully Completed, Status, Successfully Completed, Status, Successfully Completed, Status, Successfully Completed, Status, Successfully Completed, Status, Successfully Completed, Status, Successfully Completed, Status, Successfully Completed, Status, Successfully Completed, Status, Successfully Completed, Status, Successfully Completed, Status, Successfully Completed, Status, Successfully Completed, Status, Successfully Completed, Status, Successfully Completed, Status, Successfully Completed, Status, Successfully Completed, Status, Successfully Completed, Status, Successfully Completed, Status, Successfully Completed, Status, Successfully Completed, Status, Successfully Completed, Status, Successfully Completed, Status, Successfully Completed, Status, Successfully Completed, Status, Successfully Completed, Status, Successfully Completed, Status, Successfully Completed, Status, Successfully Completed, Status, Successfully Completed, Status, Successfully Completed, Status, Successfully Completed, Status, Successfully Completed, Status, Successfully Completed, Status, Successfully Completed, Status, Successfully Completed, Status, Successfully Completed, Status, Successfully Completed, Status, Successfully Completed, Status, Successfully Completed, Status, Successfully Completed, Status, Successfully Completed, Status, Successfully Completed, Status, Successfully Completed, Status, Successfully Completed, Status, Successfully Completed, Status, Successfully Completed, Status, Successfully Completed, Status, Successfully Completed, Status, Successfully Completed, Status, Successfully Completed, Status, Successfully Completed, Status, Successfully Completed, Status, Successfully Completed, Status, Successfully Completed, Status, Successfully Completed, Status, Successfully Completed, Status, Successfully Completed, Status, Successfully Completed, Status, Successfully Completed, Status, Successfully Completed, Status, Successfully Completed, Status, Successfully Completed, Status, Successfully Completed, Status, Successfully Completed, Status, Successfully Completed, Status, Successfully Completed, Status, Successfully Completed, Status, Successfully Completed, Status, Successfully Completed, Status, Successfully Completed, Status, Successfully Completed, Status, Successfully Completed, Status, Successfully Completed, Status, Successfully Completed, Status, Successfully Completed, Status, Successfully Completed, Status, Successfully Completed, Status, Successfully Completed, Status, Successfully Completed, Status, Successfully Completed, Status, Successfully Completed, Status, Successfully Completed, Status, Successfully Completed, Status, Successfully Completed, Status, Successfully Completed, Status, Successfully Completed, Status, Successfully Completed, Status, Successfully Completed, Status, Successfully Completed, Status, Successfully Completed, Status, Successfully Completed, Status]
[neelback4more@gmail.com, Subho1991*, Status, Successfully Completed, Status, Successfully Completed, Status, Successfully Completed, Status, Successfully Completed, Status, Successfully Completed, Status, Successfully Completed, Status, Successfully Completed, Status, Successfully Completed, Status, Successfully Completed, Status, Successfully Completed, Status, Successfully Completed, Status, Successfully Completed, Status, Successfully Completed, Status, Successfully Completed, Status, Successfully Completed, Status, Successfully Completed, Status, Successfully Completed, Status, Successfully Completed, Status, Successfully Completed, Status, Successfully Completed, Status, Successfully Completed, Status, Successfully Completed, Status, Successfully Completed, Status, Successfully Completed, Status, Successfully Completed, Status, Successfully Completed, Status, Successfully Completed, Status, Successfully Completed, Status, Successfully Completed, Status, Successfully Completed, Status, Successfully Completed, Status, Successfully Completed, Status, Successfully Completed, Status, Successfully Completed, Status, Successfully Completed, Status, Successfully Completed, Status, Successfully Completed, Status, Successfully Completed, Status, Successfully Completed, Status, Successfully Completed, Status, Successfully Completed, Status, Successfully Completed, Status, Successfully Completed, Status, Successfully Completed, Status, Successfully Completed, Status, Successfully Completed, Status, Successfully Completed, Status, Successfully Completed, Status, Successfully Completed, Status, Successfully Completed, Status, Successfully Completed, Status, Successfully Completed, Status, Successfully Completed, Status, Successfully Completed, Status, Successfully Completed, Status, Successfully Completed, Status, Successfully Completed, Status, Successfully Completed, Status, Successfully Completed, Status, Successfully Completed, Status, Successfully Completed, Status, Successfully Completed, Status, Successfully Completed, Status, Successfully Completed, Status, Successfully Completed, Status, Successfully Completed, Status, Successfully Completed, Status, Successfully Completed, Status, Successfully Completed, Status, Successfully Completed, Status, Successfully Completed, Status, Successfully Completed, Status, Successfully Completed, Status, Successfully Completed, Status, Successfully Completed, Status, Successfully Completed, Status, Successfully Completed, Status, Successfully Completed, Status, Successfully Completed, Status, Successfully Completed, Status, Successfully Completed, Status, Successfully Completed, Status, Successfully Completed, Status, Successfully Completed, Status, Successfully Completed, Status, Successfully Completed, Status, Successfully Completed, Status, Successfully Completed, Status, Successfully Completed, Status, Successfully Completed, Status, Successfully Completed, Status, Successfully Completed, Status, Successfully Completed, Status, Successfully Completed, Status, Successfully Completed, Status, Successfully Completed, Status, Successfully Completed, Status, Successfully Completed, Status, Successfully Completed, Status, Successfully Completed, Status, Successfully Completed, Status, Successfully Completed, Status, Successfully Completed, Status, Successfully Completed, Status, Successfully Completed, Status, Successfully Completed, Status, Successfully Completed, Status, Successfully Completed, Status, Successfully Completed, Status, Successfully Completed, Status, Successfully Completed, Status, Successfully Completed, Status, Successfully Completed, Status, Successfully Completed, Status, Successfully Completed, Status, Successfully Completed, Status, Successfully Completed, Status, Successfully Completed, Status, Successfully Completed, Status, Successfully Completed, Status, Successfully Completed, Status, Successfully Completed, Status, Successfully Completed, Status, Successfully Completed, Status, Successfully Completed, Status, Successfully Completed, Status, Successfully Completed, Status, Successfully Completed, Status, Successfully Completed, Status, Successfully Completed, Status, Successfully Completed, Status, Successfully Completed]
[neelback4more@gmail.com, Subho1991*, Status, Successfully Completed, Status, Successfully Completed, Status, Successfully Completed, Status, Successfully Completed, Status, Successfully Completed, Status, Successfully Completed, Status, Successfully Completed, Status, Successfully Completed, Status, Successfully Completed, Status, Successfully Completed, Status, Successfully Completed, Status, Successfully Completed, Status, Successfully Completed, Status, Successfully Completed, Status, Successfully Completed, Status, Successfully Completed, Status, Successfully Completed, Status, Successfully Completed, Status, Successfully Completed, Status, Successfully Completed, Status, Successfully Completed, Status, Successfully Completed, Status, Successfully Completed, Status, Successfully Completed, Status, Successfully Completed, Status, Successfully Completed, Status, Successfully Completed, Status, Successfully Completed, Status, Successfully Completed, Status, Successfully Completed, Status, Successfully Completed, Status, Successfully Completed, Status, Successfully Completed, Status, Successfully Completed, Status, Successfully Completed, Status, Successfully Completed, Status, Successfully Completed, Status, Successfully Completed, Status, Successfully Completed, Status, Successfully Completed, Status, Successfully Completed, Status, Successfully Completed, Status, Successfully Completed, Status, Successfully Completed, Status, Successfully Completed, Status, Successfully Completed, Status, Successfully Completed, Status, Successfully Completed, Status, Successfully Completed, Status, Successfully Completed, Status, Successfully Completed, Status, Successfully Completed, Status, Successfully Completed, Status, Successfully Completed, Status, Successfully Completed, Status, Successfully Completed, Status, Successfully Completed, Status, Successfully Completed, Status, Successfully Completed, Status, Successfully Completed, Status, Successfully Completed, Status, Successfully Completed, Status, Successfully Completed, Status, Successfully Completed, Status, Successfully Completed, Status, Successfully Completed, Status, Successfully Completed, Status, Successfully Completed, Status, Successfully Completed, Status, Successfully Completed, Status, Successfully Completed, Status, Successfully Completed, Status, Successfully Completed, Status, Successfully Completed, Status, Successfully Completed, Status, Successfully Completed, Status, Successfully Completed, Status, Successfully Completed, Status, Successfully Completed, Status, Successfully Completed, Status, Successfully Completed, Status, Successfully Completed, Status, Successfully Completed, Status, Successfully Completed, Status, Successfully Completed, Status, Successfully Completed, Status, Successfully Completed, Status, Successfully Completed, Status, Successfully Completed, Status, Successfully Completed, Status, Successfully Completed, Status, Successfully Completed, Status, Successfully Completed, Status, Successfully Completed, Status, Successfully Completed, Status, Successfully Completed, Status, Successfully Completed, Status, Successfully Completed, Status, Successfully Completed, Status, Successfully Completed, Status, Successfully Completed, Status, Successfully Completed, Status, Successfully Completed, Status, Successfully Completed, Status, Successfully Completed, Status, Successfully Completed, Status, Successfully Completed, Status, Successfully Completed, Status, Successfully Completed, Status, Successfully Completed, Status, Successfully Completed, Status, Successfully Completed, Status, Successfully Completed, Status, Successfully Completed, Status, Successfully Completed, Status, Successfully Completed, Status, Successfully Completed, Status, Successfully Completed, Status, Successfully Completed, Status, Successfully Completed, Status, Successfully Completed, Status, Successfully Completed, Status, Successfully Completed, Status, Successfully Completed, Status, Successfully Completed, Status, Successfully Completed, Status, Successfully Completed, Status, Successfully Completed, Status, Successfully Completed, Status, Successfully Completed, Status, Successfully Completed, Status, Successfully Completed, Status]
[neelback4more@gmail.com, Subho1991*, Status, Successfully Completed, Status, Successfully Completed, Status, Successfully Completed, Status, Successfully Completed, Status, Successfully Completed, Status, Successfully Completed, Status, Successfully Completed, Status, Successfully Completed, Status, Successfully Completed, Status, Successfully Completed, Status, Successfully Completed, Status, Successfully Completed, Status, Successfully Completed, Status, Successfully Completed, Status, Successfully Completed, Status, Successfully Completed, Status, Successfully Completed, Status, Successfully Completed, Status, Successfully Completed, Status, Successfully Completed, Status, Successfully Completed, Status, Successfully Completed, Status, Successfully Completed, Status, Successfully Completed, Status, Successfully Completed, Status, Successfully Completed, Status, Successfully Completed, Status, Successfully Completed, Status, Successfully Completed, Status, Successfully Completed, Status, Successfully Completed, Status, Successfully Completed, Status, Successfully Completed, Status, Successfully Completed, Status, Successfully Completed, Status, Successfully Completed, Status, Successfully Completed, Status, Successfully Completed, Status, Successfully Completed, Status, Successfully Completed, Status, Successfully Completed, Status, Successfully Completed, Status, Successfully Completed, Status, Successfully Completed, Status, Successfully Completed, Status, Successfully Completed, Status, Successfully Completed, Status, Successfully Completed, Status, Successfully Completed, Status, Successfully Completed, Status, Successfully Completed, Status, Successfully Completed, Status, Successfully Completed, Status, Successfully Completed, Status, Successfully Completed, Status, Successfully Completed, Status, Successfully Completed, Status, Successfully Completed, Status, Successfully Completed, Status, Successfully Completed, Status, Successfully Completed, Status, Successfully Completed, Status, Successfully Completed, Status, Successfully Completed, Status, Successfully Completed, Status, Successfully Completed, Status, Successfully Completed, Status, Successfully Completed, Status, Successfully Completed, Status, Successfully Completed, Status, Successfully Completed, Status, Successfully Completed, Status, Successfully Completed, Status, Successfully Completed, Status, Successfully Completed, Status, Successfully Completed, Status, Successfully Completed, Status, Successfully Completed, Status, Successfully Completed, Status, Successfully Completed, Status, Successfully Completed, Status, Successfully Completed, Status, Successfully Completed, Status, Successfully Completed, Status, Successfully Completed, Status, Successfully Completed, Status, Successfully Completed, Status, Successfully Completed, Status, Successfully Completed, Status, Successfully Completed, Status, Successfully Completed, Status, Successfully Completed, Status, Successfully Completed, Status, Successfully Completed, Status, Successfully Completed, Status, Successfully Completed, Status, Successfully Completed, Status, Successfully Completed, Status, Successfully Completed, Status, Successfully Completed, Status, Successfully Completed, Status, Successfully Completed, Status, Successfully Completed, Status, Successfully Completed, Status, Successfully Completed, Status, Successfully Completed, Status, Successfully Completed, Status, Successfully Completed, Status, Successfully Completed, Status, Successfully Completed, Status, Successfully Completed, Status, Successfully Completed, Status, Successfully Completed, Status, Successfully Completed, Status, Successfully Completed, Status, Successfully Completed, Status, Successfully Completed, Status, Successfully Completed, Status, Successfully Completed, Status, Successfully Completed, Status, Successfully Completed, Status, Successfully Completed, Status, Successfully Completed, Status, Successfully Completed, Status, Successfully Completed, Status, Successfully Completed, Status, Successfully Completed, Status, Successfully Completed, Status, Successfully Completed, Status, Successfully Completed, Status, Successfully Completed, Status, Successfully Completed, Status, Successfully Completed]
[neelback4more@gmail.com, Subho1991*, Status, Successfully Completed, Status, Successfully Completed, Status, Successfully Completed, Status, Successfully Completed, Status, Successfully Completed, Status, Successfully Completed, Status, Successfully Completed, Status, Successfully Completed, Status, Successfully Completed, Status, Successfully Completed, Status, Successfully Completed, Status, Successfully Completed, Status, Successfully Completed, Status, Successfully Completed, Status, Successfully Completed, Status, Successfully Completed, Status, Successfully Completed, Status, Successfully Completed, Status, Successfully Completed, Status, Successfully Completed, Status, Successfully Completed, Status, Successfully Completed, Status, Successfully Completed, Status, Successfully Completed, Status, Successfully Completed, Status, Successfully Completed, Status, Successfully Completed, Status, Successfully Completed, Status, Successfully Completed, Status, Successfully Completed, Status, Successfully Completed, Status, Successfully Completed, Status, Successfully Completed, Status, Successfully Completed, Status, Successfully Completed, Status, Successfully Completed, Status, Successfully Completed, Status, Successfully Completed, Status, Successfully Completed, Status, Successfully Completed, Status, Successfully Completed, Status, Successfully Completed, Status, Successfully Completed, Status, Successfully Completed, Status, Successfully Completed, Status, Successfully Completed, Status, Successfully Completed, Status, Successfully Completed, Status, Successfully Completed, Status, Successfully Completed, Status, Successfully Completed, Status, Successfully Completed, Status, Successfully Completed, Status, Successfully Completed, Status, Successfully Completed, Status, Successfully Completed, Status, Successfully Completed, Status, Successfully Completed, Status, Successfully Completed, Status, Successfully Completed, Status, Successfully Completed, Status, Successfully Completed, Status, Successfully Completed, Status, Successfully Completed, Status, Successfully Completed, Status, Successfully Completed, Status, Successfully Completed, Status, Successfully Completed, Status, Successfully Completed, Status, Successfully Completed, Status, Successfully Completed, Status, Successfully Completed, Status, Successfully Completed, Status, Successfully Completed, Status, Successfully Completed, Status, Successfully Completed, Status, Successfully Completed, Status, Successfully Completed, Status, Successfully Completed, Status, Successfully Completed, Status, Successfully Completed, Status, Successfully Completed, Status, Successfully Completed, Status, Successfully Completed, Status, Successfully Completed, Status, Successfully Completed, Status, Successfully Completed, Status, Successfully Completed, Status, Successfully Completed, Status, Successfully Completed, Status, Successfully Completed, Status, Successfully Completed, Status, Successfully Completed, Status, Successfully Completed, Status, Successfully Completed, Status, Successfully Completed, Status, Successfully Completed, Status, Successfully Completed, Status, Successfully Completed, Status, Successfully Completed, Status, Successfully Completed, Status, Successfully Completed, Status, Successfully Completed, Status, Successfully Completed, Status, Successfully Completed, Status, Successfully Completed, Status, Successfully Completed, Status, Successfully Completed, Status, Successfully Completed, Status, Successfully Completed, Status, Successfully Completed, Status, Successfully Completed, Status, Successfully Completed, Status, Successfully Completed, Status, Successfully Completed, Status, Successfully Completed, Status, Successfully Completed, Status, Successfully Completed, Status, Successfully Completed, Status, Successfully Completed, Status, Successfully Completed, Status, Successfully Completed, Status, Successfully Completed, Status, Successfully Completed, Status, Successfully Completed, Status, Successfully Completed, Status, Successfully Completed, Status, Successfully Completed, Status, Successfully Completed, Status, Successfully Completed, Status, Successfully Completed, Status, Successfully Completed, Status, Successfully Completed, Status]
[neelback4more@gmail.com, Subho1991*, Status, Successfully Completed, Status, Successfully Completed, Status, Successfully Completed, Status, Successfully Completed, Status, Successfully Completed, Status, Successfully Completed, Status, Successfully Completed, Status, Successfully Completed, Status, Successfully Completed, Status, Successfully Completed, Status, Successfully Completed, Status, Successfully Completed, Status, Successfully Completed, Status, Successfully Completed, Status, Successfully Completed, Status, Successfully Completed, Status, Successfully Completed, Status, Successfully Completed, Status, Successfully Completed, Status, Successfully Completed, Status, Successfully Completed, Status, Successfully Completed, Status, Successfully Completed, Status, Successfully Completed, Status, Successfully Completed, Status, Successfully Completed, Status, Successfully Completed, Status, Successfully Completed, Status, Successfully Completed, Status, Successfully Completed, Status, Successfully Completed, Status, Successfully Completed, Status, Successfully Completed, Status, Successfully Completed, Status, Successfully Completed, Status, Successfully Completed, Status, Successfully Completed, Status, Successfully Completed, Status, Successfully Completed, Status, Successfully Completed, Status, Successfully Completed, Status, Successfully Completed, Status, Successfully Completed, Status, Successfully Completed, Status, Successfully Completed, Status, Successfully Completed, Status, Successfully Completed, Status, Successfully Completed, Status, Successfully Completed, Status, Successfully Completed, Status, Successfully Completed, Status, Successfully Completed, Status, Successfully Completed, Status, Successfully Completed, Status, Successfully Completed, Status, Successfully Completed, Status, Successfully Completed, Status, Successfully Completed, Status, Successfully Completed, Status, Successfully Completed, Status, Successfully Completed, Status, Successfully Completed, Status, Successfully Completed, Status, Successfully Completed, Status, Successfully Completed, Status, Successfully Completed, Status, Successfully Completed, Status, Successfully Completed, Status, Successfully Completed, Status, Successfully Completed, Status, Successfully Completed, Status, Successfully Completed, Status, Successfully Completed, Status, Successfully Completed, Status, Successfully Completed, Status, Successfully Completed, Status, Successfully Completed, Status, Successfully Completed, Status, Successfully Completed, Status, Successfully Completed, Status, Successfully Completed, Status, Successfully Completed, Status, Successfully Completed, Status, Successfully Completed, Status, Successfully Completed, Status, Successfully Completed, Status, Successfully Completed, Status, Successfully Completed, Status, Successfully Completed, Status, Successfully Completed, Status, Successfully Completed, Status, Successfully Completed, Status, Successfully Completed, Status, Successfully Completed, Status, Successfully Completed, Status, Successfully Completed, Status, Successfully Completed, Status, Successfully Completed, Status, Successfully Completed, Status, Successfully Completed, Status, Successfully Completed, Status, Successfully Completed, Status, Successfully Completed, Status, Successfully Completed, Status, Successfully Completed, Status, Successfully Completed, Status, Successfully Completed, Status, Successfully Completed, Status, Successfully Completed, Status, Successfully Completed, Status, Successfully Completed, Status, Successfully Completed, Status, Successfully Completed, Status, Successfully Completed, Status, Successfully Completed, Status, Successfully Completed, Status, Successfully Completed, Status, Successfully Completed, Status, Successfully Completed, Status, Successfully Completed, Status, Successfully Completed, Status, Successfully Completed, Status, Successfully Completed, Status, Successfully Completed, Status, Successfully Completed, Status, Successfully Completed, Status, Successfully Completed, Status, Successfully Completed, Status, Successfully Completed, Status, Successfully Completed, Status, Successfully Completed, Status, Successfully Completed, Status, Successfully Completed, Status, Successfully Completed]
[neelback4more@gmail.com, Subho1991*, Status, Successfully Completed, Status, Successfully Completed, Status, Successfully Completed, Status, Successfully Completed, Status, Successfully Completed, Status, Successfully Completed, Status, Successfully Completed, Status, Successfully Completed, Status, Successfully Completed, Status, Successfully Completed, Status, Successfully Completed, Status, Successfully Completed, Status, Successfully Completed, Status, Successfully Completed, Status, Successfully Completed, Status, Successfully Completed, Status, Successfully Completed, Status, Successfully Completed, Status, Successfully Completed, Status, Successfully Completed, Status, Successfully Completed, Status, Successfully Completed, Status, Successfully Completed, Status, Successfully Completed, Status, Successfully Completed, Status, Successfully Completed, Status, Successfully Completed, Status, Successfully Completed, Status, Successfully Completed, Status, Successfully Completed, Status, Successfully Completed, Status, Successfully Completed, Status, Successfully Completed, Status, Successfully Completed, Status, Successfully Completed, Status, Successfully Completed, Status, Successfully Completed, Status, Successfully Completed, Status, Successfully Completed, Status, Successfully Completed, Status, Successfully Completed, Status, Successfully Completed, Status, Successfully Completed, Status, Successfully Completed, Status, Successfully Completed, Status, Successfully Completed, Status, Successfully Completed, Status, Successfully Completed, Status, Successfully Completed, Status, Successfully Completed, Status, Successfully Completed, Status, Successfully Completed, Status, Successfully Completed, Status, Successfully Completed, Status, Successfully Completed, Status, Successfully Completed, Status, Successfully Completed, Status, Successfully Completed, Status, Successfully Completed, Status, Successfully Completed, Status, Successfully Completed, Status, Successfully Completed, Status, Successfully Completed, Status, Successfully Completed, Status, Successfully Completed, Status, Successfully Completed, Status, Successfully Completed, Status, Successfully Completed, Status, Successfully Completed, Status, Successfully Completed, Status, Successfully Completed, Status, Successfully Completed, Status, Successfully Completed, Status, Successfully Completed, Status, Successfully Completed, Status, Successfully Completed, Status, Successfully Completed, Status, Successfully Completed, Status, Successfully Completed, Status, Successfully Completed, Status, Successfully Completed, Status, Successfully Completed, Status, Successfully Completed, Status, Successfully Completed, Status, Successfully Completed, Status, Successfully Completed, Status, Successfully Completed, Status, Successfully Completed, Status, Successfully Completed, Status, Successfully Completed, Status, Successfully Completed, Status, Successfully Completed, Status, Successfully Completed, Status, Successfully Completed, Status, Successfully Completed, Status, Successfully Completed, Status, Successfully Completed, Status, Successfully Completed, Status, Successfully Completed, Status, Successfully Completed, Status, Successfully Completed, Status, Successfully Completed, Status, Successfully Completed, Status, Successfully Completed, Status, Successfully Completed, Status, Successfully Completed, Status, Successfully Completed, Status, Successfully Completed, Status, Successfully Completed, Status, Successfully Completed, Status, Successfully Completed, Status, Successfully Completed, Status, Successfully Completed, Status, Successfully Completed, Status, Successfully Completed, Status, Successfully Completed, Status, Successfully Completed, Status, Successfully Completed, Status, Successfully Completed, Status, Successfully Completed, Status, Successfully Completed, Status, Successfully Completed, Status, Successfully Completed, Status, Successfully Completed, Status, Successfully Completed, Status, Successfully Completed, Status, Successfully Completed, Status, Successfully Completed, Status, Successfully Completed, Status, Successfully Completed, Status, Successfully Completed, Status, Successfully Completed, Status, Successfully Completed, Status, Successfully Completed, Status]
[neelback4more@gmail.com, Subho1991*, Status, Successfully Completed, Status, Successfully Completed, Status, Successfully Completed, Status, Successfully Completed, Status, Successfully Completed, Status, Successfully Completed, Status, Successfully Completed, Status, Successfully Completed, Status, Successfully Completed, Status, Successfully Completed, Status, Successfully Completed, Status, Successfully Completed, Status, Successfully Completed, Status, Successfully Completed, Status, Successfully Completed, Status, Successfully Completed, Status, Successfully Completed, Status, Successfully Completed, Status, Successfully Completed, Status, Successfully Completed, Status, Successfully Completed, Status, Successfully Completed, Status, Successfully Completed, Status, Successfully Completed, Status, Successfully Completed, Status, Successfully Completed, Status, Successfully Completed, Status, Successfully Completed, Status, Successfully Completed, Status, Successfully Completed, Status, Successfully Completed, Status, Successfully Completed, Status, Successfully Completed, Status, Successfully Completed, Status, Successfully Completed, Status, Successfully Completed, Status, Successfully Completed, Status, Successfully Completed, Status, Successfully Completed, Status, Successfully Completed, Status, Successfully Completed, Status, Successfully Completed, Status, Successfully Completed, Status, Successfully Completed, Status, Successfully Completed, Status, Successfully Completed, Status, Successfully Completed, Status, Successfully Completed, Status, Successfully Completed, Status, Successfully Completed, Status, Successfully Completed, Status, Successfully Completed, Status, Successfully Completed, Status, Successfully Completed, Status, Successfully Completed, Status, Successfully Completed, Status, Successfully Completed, Status, Successfully Completed, Status, Successfully Completed, Status, Successfully Completed, Status, Successfully Completed, Status, Successfully Completed, Status, Successfully Completed, Status, Successfully Completed, Status, Successfully Completed, Status, Successfully Completed, Status, Successfully Completed, Status, Successfully Completed, Status, Successfully Completed, Status, Successfully Completed, Status, Successfully Completed, Status, Successfully Completed, Status, Successfully Completed, Status, Successfully Completed, Status, Successfully Completed, Status, Successfully Completed, Status, Successfully Completed, Status, Successfully Completed, Status, Successfully Completed, Status, Successfully Completed, Status, Successfully Completed, Status, Successfully Completed, Status, Successfully Completed, Status, Successfully Completed, Status, Successfully Completed, Status, Successfully Completed, Status, Successfully Completed, Status, Successfully Completed, Status, Successfully Completed, Status, Successfully Completed, Status, Successfully Completed, Status, Successfully Completed, Status, Successfully Completed, Status, Successfully Completed, Status, Successfully Completed, Status, Successfully Completed, Status, Successfully Completed, Status, Successfully Completed, Status, Successfully Completed, Status, Successfully Completed, Status, Successfully Completed, Status, Successfully Completed, Status, Successfully Completed, Status, Successfully Completed, Status, Successfully Completed, Status, Successfully Completed, Status, Successfully Completed, Status, Successfully Completed, Status, Successfully Completed, Status, Successfully Completed, Status, Successfully Completed, Status, Successfully Completed, Status, Successfully Completed, Status, Successfully Completed, Status, Successfully Completed, Status, Successfully Completed, Status, Successfully Completed, Status, Successfully Completed, Status, Successfully Completed, Status, Successfully Completed, Status, Successfully Completed, Status, Successfully Completed, Status, Successfully Completed, Status, Successfully Completed, Status, Successfully Completed, Status, Successfully Completed, Status, Successfully Completed, Status, Successfully Completed, Status, Successfully Completed, Status, Successfully Completed, Status, Successfully Completed, Status, Successfully Completed, Status, Successfully Completed, Status, Successfully Completed, Status, Successfully Completed]
[neelback4more@gmail.com, Subho1991*, Status, Successfully Completed, Status, Successfully Completed, Status, Successfully Completed, Status, Successfully Completed, Status, Successfully Completed, Status, Successfully Completed, Status, Successfully Completed, Status, Successfully Completed, Status, Successfully Completed, Status, Successfully Completed, Status, Successfully Completed, Status, Successfully Completed, Status, Successfully Completed, Status, Successfully Completed, Status, Successfully Completed, Status, Successfully Completed, Status, Successfully Completed, Status, Successfully Completed, Status, Successfully Completed, Status, Successfully Completed, Status, Successfully Completed, Status, Successfully Completed, Status, Successfully Completed, Status, Successfully Completed, Status, Successfully Completed, Status, Successfully Completed, Status, Successfully Completed, Status, Successfully Completed, Status, Successfully Completed, Status, Successfully Completed, Status, Successfully Completed, Status, Successfully Completed, Status, Successfully Completed, Status, Successfully Completed, Status, Successfully Completed, Status, Successfully Completed, Status, Successfully Completed, Status, Successfully Completed, Status, Successfully Completed, Status, Successfully Completed, Status, Successfully Completed, Status, Successfully Completed, Status, Successfully Completed, Status, Successfully Completed, Status, Successfully Completed, Status, Successfully Completed, Status, Successfully Completed, Status, Successfully Completed, Status, Successfully Completed, Status, Successfully Completed, Status, Successfully Completed, Status, Successfully Completed, Status, Successfully Completed, Status, Successfully Completed, Status, Successfully Completed, Status, Successfully Completed, Status, Successfully Completed, Status, Successfully Completed, Status, Successfully Completed, Status, Successfully Completed, Status, Successfully Completed, Status, Successfully Completed, Status, Successfully Completed, Status, Successfully Completed, Status, Successfully Completed, Status, Successfully Completed, Status, Successfully Completed, Status, Successfully Completed, Status, Successfully Completed, Status, Successfully Completed, Status, Successfully Completed, Status, Successfully Completed, Status, Successfully Completed, Status, Successfully Completed, Status, Successfully Completed, Status, Successfully Completed, Status, Successfully Completed, Status, Successfully Completed, Status, Successfully Completed, Status, Successfully Completed, Status, Successfully Completed, Status, Successfully Completed, Status, Successfully Completed, Status, Successfully Completed, Status, Successfully Completed, Status, Successfully Completed, Status, Successfully Completed, Status, Successfully Completed, Status, Successfully Completed, Status, Successfully Completed, Status, Successfully Completed, Status, Successfully Completed, Status, Successfully Completed, Status, Successfully Completed, Status, Successfully Completed, Status, Successfully Completed, Status, Successfully Completed, Status, Successfully Completed, Status, Successfully Completed, Status, Successfully Completed, Status, Successfully Completed, Status, Successfully Completed, Status, Successfully Completed, Status, Successfully Completed, Status, Successfully Completed, Status, Successfully Completed, Status, Successfully Completed, Status, Successfully Completed, Status, Successfully Completed, Status, Successfully Completed, Status, Successfully Completed, Status, Successfully Completed, Status, Successfully Completed, Status, Successfully Completed, Status, Successfully Completed, Status, Successfully Completed, Status, Successfully Completed, Status, Successfully Completed, Status, Successfully Completed, Status, Successfully Completed, Status, Successfully Completed, Status, Successfully Completed, Status, Successfully Completed, Status, Successfully Completed, Status, Successfully Completed, Status, Successfully Completed, Status, Successfully Completed, Status, Successfully Completed, Status, Successfully Completed, Status, Successfully Completed, Status, Successfully Completed, Status, Successfully Completed, Status, Successfully Completed, Status, Successfully Completed, Status, Successfully Completed, Status]
[neelback4more@gmail.com, Subho1991*, Status, Successfully Completed, Status, Successfully Completed, Status, Successfully Completed, Status, Successfully Completed, Status, Successfully Completed, Status, Successfully Completed, Status, Successfully Completed, Status, Successfully Completed, Status, Successfully Completed, Status, Successfully Completed, Status, Successfully Completed, Status, Successfully Completed, Status, Successfully Completed, Status, Successfully Completed, Status, Successfully Completed, Status, Successfully Completed, Status, Successfully Completed, Status, Successfully Completed, Status, Successfully Completed, Status, Successfully Completed, Status, Successfully Completed, Status, Successfully Completed, Status, Successfully Completed, Status, Successfully Completed, Status, Successfully Completed, Status, Successfully Completed, Status, Successfully Completed, Status, Successfully Completed, Status, Successfully Completed, Status, Successfully Completed, Status, Successfully Completed, Status, Successfully Completed, Status, Successfully Completed, Status, Successfully Completed, Status, Successfully Completed, Status, Successfully Completed, Status, Successfully Completed, Status, Successfully Completed, Status, Successfully Completed, Status, Successfully Completed, Status, Successfully Completed, Status, Successfully Completed, Status, Successfully Completed, Status, Successfully Completed, Status, Successfully Completed, Status, Successfully Completed, Status, Successfully Completed, Status, Successfully Completed, Status, Successfully Completed, Status, Successfully Completed, Status, Successfully Completed, Status, Successfully Completed, Status, Successfully Completed, Status, Successfully Completed, Status, Successfully Completed, Status, Successfully Completed, Status, Successfully Completed, Status, Successfully Completed, Status, Successfully Completed, Status, Successfully Completed, Status, Successfully Completed, Status, Successfully Completed, Status, Successfully Completed, Status, Successfully Completed, Status, Successfully Completed, Status, Successfully Completed, Status, Successfully Completed, Status, Successfully Completed, Status, Successfully Completed, Status, Successfully Completed, Status, Successfully Completed, Status, Successfully Completed, Status, Successfully Completed, Status, Successfully Completed, Status, Successfully Completed, Status, Successfully Completed, Status, Successfully Completed, Status, Successfully Completed, Status, Successfully Completed, Status, Successfully Completed, Status, Successfully Completed, Status, Successfully Completed, Status, Successfully Completed, Status, Successfully Completed, Status, Successfully Completed, Status, Successfully Completed, Status, Successfully Completed, Status, Successfully Completed, Status, Successfully Completed, Status, Successfully Completed, Status, Successfully Completed, Status, Successfully Completed, Status, Successfully Completed, Status, Successfully Completed, Status, Successfully Completed, Status, Successfully Completed, Status, Successfully Completed, Status, Successfully Completed, Status, Successfully Completed, Status, Successfully Completed, Status, Successfully Completed, Status, Successfully Completed, Status, Successfully Completed, Status, Successfully Completed, Status, Successfully Completed, Status, Successfully Completed, Status, Successfully Completed, Status, Successfully Completed, Status, Successfully Completed, Status, Successfully Completed, Status, Successfully Completed, Status, Successfully Completed, Status, Successfully Completed, Status, Successfully Completed, Status, Successfully Completed, Status, Successfully Completed, Status, Successfully Completed, Status, Successfully Completed, Status, Successfully Completed, Status, Successfully Completed, Status, Successfully Completed, Status, Successfully Completed, Status, Successfully Completed, Status, Successfully Completed, Status, Successfully Completed, Status, Successfully Completed, Status, Successfully Completed, Status, Successfully Completed, Status, Successfully Completed, Status, Successfully Completed, Status, Successfully Completed, Status, Successfully Completed, Status, Successfully Completed, Status, Successfully Completed, Status, Successfully Completed, Status, Successfully Completed]
[neelback4more@gmail.com, Subho1991*, Status, Successfully Completed, Status, Successfully Completed, Status, Successfully Completed, Status, Successfully Completed, Status, Successfully Completed, Status, Successfully Completed, Status, Successfully Completed, Status, Successfully Completed, Status, Successfully Completed, Status, Successfully Completed, Status, Successfully Completed, Status, Successfully Completed, Status, Successfully Completed, Status, Successfully Completed, Status, Successfully Completed, Status, Successfully Completed, Status, Successfully Completed, Status, Successfully Completed, Status, Successfully Completed, Status, Successfully Completed, Status, Successfully Completed, Status, Successfully Completed, Status, Successfully Completed, Status, Successfully Completed, Status, Successfully Completed, Status, Successfully Completed, Status, Successfully Completed, Status, Successfully Completed, Status, Successfully Completed, Status, Successfully Completed, Status, Successfully Completed, Status, Successfully Completed, Status, Successfully Completed, Status, Successfully Completed, Status, Successfully Completed, Status, Successfully Completed, Status, Successfully Completed, Status, Successfully Completed, Status, Successfully Completed, Status, Successfully Completed, Status, Successfully Completed, Status, Successfully Completed, Status, Successfully Completed, Status, Successfully Completed, Status, Successfully Completed, Status, Successfully Completed, Status, Successfully Completed, Status, Successfully Completed, Status, Successfully Completed, Status, Successfully Completed, Status, Successfully Completed, Status, Successfully Completed, Status, Successfully Completed, Status, Successfully Completed, Status, Successfully Completed, Status, Successfully Completed, Status, Successfully Completed, Status, Successfully Completed, Status, Successfully Completed, Status, Successfully Completed, Status, Successfully Completed, Status, Successfully Completed, Status, Successfully Completed, Status, Successfully Completed, Status, Successfully Completed, Status, Successfully Completed, Status, Successfully Completed, Status, Successfully Completed, Status, Successfully Completed, Status, Successfully Completed, Status, Successfully Completed, Status, Successfully Completed, Status, Successfully Completed, Status, Successfully Completed, Status, Successfully Completed, Status, Successfully Completed, Status, Successfully Completed, Status, Successfully Completed, Status, Successfully Completed, Status, Successfully Completed, Status, Successfully Completed, Status, Successfully Completed, Status, Successfully Completed, Status, Successfully Completed, Status, Successfully Completed, Status, Successfully Completed, Status, Successfully Completed, Status, Successfully Completed, Status, Successfully Completed, Status, Successfully Completed, Status, Successfully Completed, Status, Successfully Completed, Status, Successfully Completed, Status, Successfully Completed, Status, Successfully Completed, Status, Successfully Completed, Status, Successfully Completed, Status, Successfully Completed, Status, Successfully Completed, Status, Successfully Completed, Status, Successfully Completed, Status, Successfully Completed, Status, Successfully Completed, Status, Successfully Completed, Status, Successfully Completed, Status, Successfully Completed, Status, Successfully Completed, Status, Successfully Completed, Status, Successfully Completed, Status, Successfully Completed, Status, Successfully Completed, Status, Successfully Completed, Status, Successfully Completed, Status, Successfully Completed, Status, Successfully Completed, Status, Successfully Completed, Status, Successfully Completed, Status, Successfully Completed, Status, Successfully Completed, Status, Successfully Completed, Status, Successfully Completed, Status, Successfully Completed, Status, Successfully Completed, Status, Successfully Completed, Status, Successfully Completed, Status, Successfully Completed, Status, Successfully Completed, Status, Successfully Completed, Status, Successfully Completed, Status, Successfully Completed, Status, Successfully Completed, Status, Successfully Completed, Status, Successfully Completed, Status, Successfully Completed, Status, Successfully Completed, Status, Successfully Completed, Status]
[neelback4more@gmail.com, Subho1991*, Status, Successfully Completed, Status, Successfully Completed, Status, Successfully Completed, Status, Successfully Completed, Status, Successfully Completed, Status, Successfully Completed, Status, Successfully Completed, Status, Successfully Completed, Status, Successfully Completed, Status, Successfully Completed, Status, Successfully Completed, Status, Successfully Completed, Status, Successfully Completed, Status, Successfully Completed, Status, Successfully Completed, Status, Successfully Completed, Status, Successfully Completed, Status, Successfully Completed, Status, Successfully Completed, Status, Successfully Completed, Status, Successfully Completed, Status, Successfully Completed, Status, Successfully Completed, Status, Successfully Completed, Status, Successfully Completed, Status, Successfully Completed, Status, Successfully Completed, Status, Successfully Completed, Status, Successfully Completed, Status, Successfully Completed, Status, Successfully Completed, Status, Successfully Completed, Status, Successfully Completed, Status, Successfully Completed, Status, Successfully Completed, Status, Successfully Completed, Status, Successfully Completed, Status, Successfully Completed, Status, Successfully Completed, Status, Successfully Completed, Status, Successfully Completed, Status, Successfully Completed, Status, Successfully Completed, Status, Successfully Completed, Status, Successfully Completed, Status, Successfully Completed, Status, Successfully Completed, Status, Successfully Completed, Status, Successfully Completed, Status, Successfully Completed, Status, Successfully Completed, Status, Successfully Completed, Status, Successfully Completed, Status, Successfully Completed, Status, Successfully Completed, Status, Successfully Completed, Status, Successfully Completed, Status, Successfully Completed, Status, Successfully Completed, Status, Successfully Completed, Status, Successfully Completed, Status, Successfully Completed, Status, Successfully Completed, Status, Successfully Completed, Status, Successfully Completed, Status, Successfully Completed, Status, Successfully Completed, Status, Successfully Completed, Status, Successfully Completed, Status, Successfully Completed, Status, Successfully Completed, Status, Successfully Completed, Status, Successfully Completed, Status, Successfully Completed, Status, Successfully Completed, Status, Successfully Completed, Status, Successfully Completed, Status, Successfully Completed, Status, Successfully Completed, Status, Successfully Completed, Status, Successfully Completed, Status, Successfully Completed, Status, Successfully Completed, Status, Successfully Completed, Status, Successfully Completed, Status, Successfully Completed, Status, Successfully Completed, Status, Successfully Completed, Status, Successfully Completed, Status, Successfully Completed, Status, Successfully Completed, Status, Successfully Completed, Status, Successfully Completed, Status, Successfully Completed, Status, Successfully Completed, Status, Successfully Completed, Status, Successfully Completed, Status, Successfully Completed, Status, Successfully Completed, Status, Successfully Completed, Status, Successfully Completed, Status, Successfully Completed, Status, Successfully Completed, Status, Successfully Completed, Status, Successfully Completed, Status, Successfully Completed, Status, Successfully Completed, Status, Successfully Completed, Status, Successfully Completed, Status, Successfully Completed, Status, Successfully Completed, Status, Successfully Completed, Status, Successfully Completed, Status, Successfully Completed, Status, Successfully Completed, Status, Successfully Completed, Status, Successfully Completed, Status, Successfully Completed, Status, Successfully Completed, Status, Successfully Completed, Status, Successfully Completed, Status, Successfully Completed, Status, Successfully Completed, Status, Successfully Completed, Status, Successfully Completed, Status, Successfully Completed, Status, Successfully Completed, Status, Successfully Completed, Status, Successfully Completed, Status, Successfully Completed, Status, Successfully Completed, Status, Successfully Completed, Status, Successfully Completed, Status, Successfully Completed, Status, Successfully Completed, Status, Successfully Completed, Status, Successfully Completed]
[neelback4more@gmail.com, Subho1991*, Status, Successfully Completed, Status, Successfully Completed, Status, Successfully Completed, Status, Successfully Completed, Status, Successfully Completed, Status, Successfully Completed, Status, Successfully Completed, Status, Successfully Completed, Status, Successfully Completed, Status, Successfully Completed, Status, Successfully Completed, Status, Successfully Completed, Status, Successfully Completed, Status, Successfully Completed, Status, Successfully Completed, Status, Successfully Completed, Status, Successfully Completed, Status, Successfully Completed, Status, Successfully Completed, Status, Successfully Completed, Status, Successfully Completed, Status, Successfully Completed, Status, Successfully Completed, Status, Successfully Completed, Status, Successfully Completed, Status, Successfully Completed, Status, Successfully Completed, Status, Successfully Completed, Status, Successfully Completed, Status, Successfully Completed, Status, Successfully Completed, Status, Successfully Completed, Status, Successfully Completed, Status, Successfully Completed, Status, Successfully Completed, Status, Successfully Completed, Status, Successfully Completed, Status, Successfully Completed, Status, Successfully Completed, Status, Successfully Completed, Status, Successfully Completed, Status, Successfully Completed, Status, Successfully Completed, Status, Successfully Completed, Status, Successfully Completed, Status, Successfully Completed, Status, Successfully Completed, Status, Successfully Completed, Status, Successfully Completed, Status, Successfully Completed, Status, Successfully Completed, Status, Successfully Completed, Status, Successfully Completed, Status, Successfully Completed, Status, Successfully Completed, Status, Successfully Completed, Status, Successfully Completed, Status, Successfully Completed, Status, Successfully Completed, Status, Successfully Completed, Status, Successfully Completed, Status, Successfully Completed, Status, Successfully Completed, Status, Successfully Completed, Status, Successfully Completed, Status, Successfully Completed, Status, Successfully Completed, Status, Successfully Completed, Status, Successfully Completed, Status, Successfully Completed, Status, Successfully Completed, Status, Successfully Completed, Status, Successfully Completed, Status, Successfully Completed, Status, Successfully Completed, Status, Successfully Completed, Status, Successfully Completed, Status, Successfully Completed, Status, Successfully Completed, Status, Successfully Completed, Status, Successfully Completed, Status, Successfully Completed, Status, Successfully Completed, Status, Successfully Completed, Status, Successfully Completed, Status, Successfully Completed, Status, Successfully Completed, Status, Successfully Completed, Status, Successfully Completed, Status, Successfully Completed, Status, Successfully Completed, Status, Successfully Completed, Status, Successfully Completed, Status, Successfully Completed, Status, Successfully Completed, Status, Successfully Completed, Status, Successfully Completed, Status, Successfully Completed, Status, Successfully Completed, Status, Successfully Completed, Status, Successfully Completed, Status, Successfully Completed, Status, Successfully Completed, Status, Successfully Completed, Status, Successfully Completed, Status, Successfully Completed, Status, Successfully Completed, Status, Successfully Completed, Status, Successfully Completed, Status, Successfully Completed, Status, Successfully Completed, Status, Successfully Completed, Status, Successfully Completed, Status, Successfully Completed, Status, Successfully Completed, Status, Successfully Completed, Status, Successfully Completed, Status, Successfully Completed, Status, Successfully Completed, Status, Successfully Completed, Status, Successfully Completed, Status, Successfully Completed, Status, Successfully Completed, Status, Successfully Completed, Status, Successfully Completed, Status, Successfully Completed, Status, Successfully Completed, Status, Successfully Completed, Status, Successfully Completed, Status, Successfully Completed, Status, Successfully Completed, Status, Successfully Completed, Status, Successfully Completed, Status, Successfully Completed, Status, Successfully Completed, Status, Successfully Completed, Status, Successfully Completed, Status]
[neelback4more@gmail.com, Subho1991*, Status, Successfully Completed, Status, Successfully Completed, Status, Successfully Completed, Status, Successfully Completed, Status, Successfully Completed, Status, Successfully Completed, Status, Successfully Completed, Status, Successfully Completed, Status, Successfully Completed, Status, Successfully Completed, Status, Successfully Completed, Status, Successfully Completed, Status, Successfully Completed, Status, Successfully Completed, Status, Successfully Completed, Status, Successfully Completed, Status, Successfully Completed, Status, Successfully Completed, Status, Successfully Completed, Status, Successfully Completed, Status, Successfully Completed, Status, Successfully Completed, Status, Successfully Completed, Status, Successfully Completed, Status, Successfully Completed, Status, Successfully Completed, Status, Successfully Completed, Status, Successfully Completed, Status, Successfully Completed, Status, Successfully Completed, Status, Successfully Completed, Status, Successfully Completed, Status, Successfully Completed, Status, Successfully Completed, Status, Successfully Completed, Status, Successfully Completed, Status, Successfully Completed, Status, Successfully Completed, Status, Successfully Completed, Status, Successfully Completed, Status, Successfully Completed, Status, Successfully Completed, Status, Successfully Completed, Status, Successfully Completed, Status, Successfully Completed, Status, Successfully Completed, Status, Successfully Completed, Status, Successfully Completed, Status, Successfully Completed, Status, Successfully Completed, Status, Successfully Completed, Status, Successfully Completed, Status, Successfully Completed, Status, Successfully Completed, Status, Successfully Completed, Status, Successfully Completed, Status, Successfully Completed, Status, Successfully Completed, Status, Successfully Completed, Status, Successfully Completed, Status, Successfully Completed, Status, Successfully Completed, Status, Successfully Completed, Status, Successfully Completed, Status, Successfully Completed, Status, Successfully Completed, Status, Successfully Completed, Status, Successfully Completed, Status, Successfully Completed, Status, Successfully Completed, Status, Successfully Completed, Status, Successfully Completed, Status, Successfully Completed, Status, Successfully Completed, Status, Successfully Completed, Status, Successfully Completed, Status, Successfully Completed, Status, Successfully Completed, Status, Successfully Completed, Status, Successfully Completed, Status, Successfully Completed, Status, Successfully Completed, Status, Successfully Completed, Status, Successfully Completed, Status, Successfully Completed, Status, Successfully Completed, Status, Successfully Completed, Status, Successfully Completed, Status, Successfully Completed, Status, Successfully Completed, Status, Successfully Completed, Status, Successfully Completed, Status, Successfully Completed, Status, Successfully Completed, Status, Successfully Completed, Status, Successfully Completed, Status, Successfully Completed, Status, Successfully Completed, Status, Successfully Completed, Status, Successfully Completed, Status, Successfully Completed, Status, Successfully Completed, Status, Successfully Completed, Status, Successfully Completed, Status, Successfully Completed, Status, Successfully Completed, Status, Successfully Completed, Status, Successfully Completed, Status, Successfully Completed, Status, Successfully Completed, Status, Successfully Completed, Status, Successfully Completed, Status, Successfully Completed, Status, Successfully Completed, Status, Successfully Completed, Status, Successfully Completed, Status, Successfully Completed, Status, Successfully Completed, Status, Successfully Completed, Status, Successfully Completed, Status, Successfully Completed, Status, Successfully Completed, Status, Successfully Completed, Status, Successfully Completed, Status, Successfully Completed, Status, Successfully Completed, Status, Successfully Completed, Status, Successfully Completed, Status, Successfully Completed, Status, Successfully Completed, Status, Successfully Completed, Status, Successfully Completed, Status, Successfully Completed, Status, Successfully Completed, Status, Successfully Completed, Status, Successfully Completed, Status, Successfully Completed, Status, Successfully Completed]
[neelback4more@gmail.com, Subho1991*, Status, Successfully Completed, Status, Successfully Completed, Status, Successfully Completed, Status, Successfully Completed, Status, Successfully Completed, Status, Successfully Completed, Status, Successfully Completed, Status, Successfully Completed, Status, Successfully Completed, Status, Successfully Completed, Status, Successfully Completed, Status, Successfully Completed, Status, Successfully Completed, Status, Successfully Completed, Status, Successfully Completed, Status, Successfully Completed, Status, Successfully Completed, Status, Successfully Completed, Status, Successfully Completed, Status, Successfully Completed, Status, Successfully Completed, Status, Successfully Completed, Status, Successfully Completed, Status, Successfully Completed, Status, Successfully Completed, Status, Successfully Completed, Status, Successfully Completed, Status, Successfully Completed, Status, Successfully Completed, Status, Successfully Completed, Status, Successfully Completed, Status, Successfully Completed, Status, Successfully Completed, Status, Successfully Completed, Status, Successfully Completed, Status, Successfully Completed, Status, Successfully Completed, Status, Successfully Completed, Status, Successfully Completed, Status, Successfully Completed, Status, Successfully Completed, Status, Successfully Completed, Status, Successfully Completed, Status, Successfully Completed, Status, Successfully Completed, Status, Successfully Completed, Status, Successfully Completed, Status, Successfully Completed, Status, Successfully Completed, Status, Successfully Completed, Status, Successfully Completed, Status, Successfully Completed, Status, Successfully Completed, Status, Successfully Completed, Status, Successfully Completed, Status, Successfully Completed, Status, Successfully Completed, Status, Successfully Completed, Status, Successfully Completed, Status, Successfully Completed, Status, Successfully Completed, Status, Successfully Completed, Status, Successfully Completed, Status, Successfully Completed, Status, Successfully Completed, Status, Successfully Completed, Status, Successfully Completed, Status, Successfully Completed, Status, Successfully Completed, Status, Successfully Completed, Status, Successfully Completed, Status, Successfully Completed, Status, Successfully Completed, Status, Successfully Completed, Status, Successfully Completed, Status, Successfully Completed, Status, Successfully Completed, Status, Successfully Completed, Status, Successfully Completed, Status, Successfully Completed, Status, Successfully Completed, Status, Successfully Completed, Status, Successfully Completed, Status, Successfully Completed, Status, Successfully Completed, Status, Successfully Completed, Status, Successfully Completed, Status, Successfully Completed, Status, Successfully Completed, Status, Successfully Completed, Status, Successfully Completed, Status, Successfully Completed, Status, Successfully Completed, Status, Successfully Completed, Status, Successfully Completed, Status, Successfully Completed, Status, Successfully Completed, Status, Successfully Completed, Status, Successfully Completed, Status, Successfully Completed, Status, Successfully Completed, Status, Successfully Completed, Status, Successfully Completed, Status, Successfully Completed, Status, Successfully Completed, Status, Successfully Completed, Status, Successfully Completed, Status, Successfully Completed, Status, Successfully Completed, Status, Successfully Completed, Status, Successfully Completed, Status, Successfully Completed, Status, Successfully Completed, Status, Successfully Completed, Status, Successfully Completed, Status, Successfully Completed, Status, Successfully Completed, Status, Successfully Completed, Status, Successfully Completed, Status, Successfully Completed, Status, Successfully Completed, Status, Successfully Completed, Status, Successfully Completed, Status, Successfully Completed, Status, Successfully Completed, Status, Successfully Completed, Status, Successfully Completed, Status, Successfully Completed, Status, Successfully Completed, Status, Successfully Completed, Status, Successfully Completed, Status, Successfully Completed, Status, Successfully Completed, Status, Successfully Completed, Status, Successfully Completed, Status, Successfully Completed, Status, Successfully Completed, Status, Successfully Completed, Status]
[neelback4more@gmail.com, Subho1991*, Status, Successfully Completed, Status, Successfully Completed, Status, Successfully Completed, Status, Successfully Completed, Status, Successfully Completed, Status, Successfully Completed, Status, Successfully Completed, Status, Successfully Completed, Status, Successfully Completed, Status, Successfully Completed, Status, Successfully Completed, Status, Successfully Completed, Status, Successfully Completed, Status, Successfully Completed, Status, Successfully Completed, Status, Successfully Completed, Status, Successfully Completed, Status, Successfully Completed, Status, Successfully Completed, Status, Successfully Completed, Status, Successfully Completed, Status, Successfully Completed, Status, Successfully Completed, Status, Successfully Completed, Status, Successfully Completed, Status, Successfully Completed, Status, Successfully Completed, Status, Successfully Completed, Status, Successfully Completed, Status, Successfully Completed, Status, Successfully Completed, Status, Successfully Completed, Status, Successfully Completed, Status, Successfully Completed, Status, Successfully Completed, Status, Successfully Completed, Status, Successfully Completed, Status, Successfully Completed, Status, Successfully Completed, Status, Successfully Completed, Status, Successfully Completed, Status, Successfully Completed, Status, Successfully Completed, Status, Successfully Completed, Status, Successfully Completed, Status, Successfully Completed, Status, Successfully Completed, Status, Successfully Completed, Status, Successfully Completed, Status, Successfully Completed, Status, Successfully Completed, Status, Successfully Completed, Status, Successfully Completed, Status, Successfully Completed, Status, Successfully Completed, Status, Successfully Completed, Status, Successfully Completed, Status, Successfully Completed, Status, Successfully Completed, Status, Successfully Completed, Status, Successfully Completed, Status, Successfully Completed, Status, Successfully Completed, Status, Successfully Completed, Status, Successfully Completed, Status, Successfully Completed, Status, Successfully Completed, Status, Successfully Completed, Status, Successfully Completed, Status, Successfully Completed, Status, Successfully Completed, Status, Successfully Completed, Status, Successfully Completed, Status, Successfully Completed, Status, Successfully Completed, Status, Successfully Completed, Status, Successfully Completed, Status, Successfully Completed, Status, Successfully Completed, Status, Successfully Completed, Status, Successfully Completed, Status, Successfully Completed, Status, Successfully Completed, Status, Successfully Completed, Status, Successfully Completed, Status, Successfully Completed, Status, Successfully Completed, Status, Successfully Completed, Status, Successfully Completed, Status, Successfully Completed, Status, Successfully Completed, Status, Successfully Completed, Status, Successfully Completed, Status, Successfully Completed, Status, Successfully Completed, Status, Successfully Completed, Status, Successfully Completed, Status, Successfully Completed, Status, Successfully Completed, Status, Successfully Completed, Status, Successfully Completed, Status, Successfully Completed, Status, Successfully Completed, Status, Successfully Completed, Status, Successfully Completed, Status, Successfully Completed, Status, Successfully Completed, Status, Successfully Completed, Status, Successfully Completed, Status, Successfully Completed, Status, Successfully Completed, Status, Successfully Completed, Status, Successfully Completed, Status, Successfully Completed, Status, Successfully Completed, Status, Successfully Completed, Status, Successfully Completed, Status, Successfully Completed, Status, Successfully Completed, Status, Successfully Completed, Status, Successfully Completed, Status, Successfully Completed, Status, Successfully Completed, Status, Successfully Completed, Status, Successfully Completed, Status, Successfully Completed, Status, Successfully Completed, Status, Successfully Completed, Status, Successfully Completed, Status, Successfully Completed, Status, Successfully Completed, Status, Successfully Completed, Status, Successfully Completed, Status, Successfully Completed, Status, Successfully Completed, Status, Successfully Completed, Status, Successfully Completed, Status, Successfully Completed, Status, Successfully Completed]
[neelback4more@gmail.com, Subho1991*, Status, Successfully Completed, Status, Successfully Completed, Status, Successfully Completed, Status, Successfully Completed, Status, Successfully Completed, Status, Successfully Completed, Status, Successfully Completed, Status, Successfully Completed, Status, Successfully Completed, Status, Successfully Completed, Status, Successfully Completed, Status, Successfully Completed, Status, Successfully Completed, Status, Successfully Completed, Status, Successfully Completed, Status, Successfully Completed, Status, Successfully Completed, Status, Successfully Completed, Status, Successfully Completed, Status, Successfully Completed, Status, Successfully Completed, Status, Successfully Completed, Status, Successfully Completed, Status, Successfully Completed, Status, Successfully Completed, Status, Successfully Completed, Status, Successfully Completed, Status, Successfully Completed, Status, Successfully Completed, Status, Successfully Completed, Status, Successfully Completed, Status, Successfully Completed, Status, Successfully Completed, Status, Successfully Completed, Status, Successfully Completed, Status, Successfully Completed, Status, Successfully Completed, Status, Successfully Completed, Status, Successfully Completed, Status, Successfully Completed, Status, Successfully Completed, Status, Successfully Completed, Status, Successfully Completed, Status, Successfully Completed, Status, Successfully Completed, Status, Successfully Completed, Status, Successfully Completed, Status, Successfully Completed, Status, Successfully Completed, Status, Successfully Completed, Status, Successfully Completed, Status, Successfully Completed, Status, Successfully Completed, Status, Successfully Completed, Status, Successfully Completed, Status, Successfully Completed, Status, Successfully Completed, Status, Successfully Completed, Status, Successfully Completed, Status, Successfully Completed, Status, Successfully Completed, Status, Successfully Completed, Status, Successfully Completed, Status, Successfully Completed, Status, Successfully Completed, Status, Successfully Completed, Status, Successfully Completed, Status, Successfully Completed, Status, Successfully Completed, Status, Successfully Completed, Status, Successfully Completed, Status, Successfully Completed, Status, Successfully Completed, Status, Successfully Completed, Status, Successfully Completed, Status, Successfully Completed, Status, Successfully Completed, Status, Successfully Completed, Status, Successfully Completed, Status, Successfully Completed, Status, Successfully Completed, Status, Successfully Completed, Status, Successfully Completed, Status, Successfully Completed, Status, Successfully Completed, Status, Successfully Completed, Status, Successfully Completed, Status, Successfully Completed, Status, Successfully Completed, Status, Successfully Completed, Status, Successfully Completed, Status, Successfully Completed, Status, Successfully Completed, Status, Successfully Completed, Status, Successfully Completed, Status, Successfully Completed, Status, Successfully Completed, Status, Successfully Completed, Status, Successfully Completed, Status, Successfully Completed, Status, Successfully Completed, Status, Successfully Completed, Status, Successfully Completed, Status, Successfully Completed, Status, Successfully Completed, Status, Successfully Completed, Status, Successfully Completed, Status, Successfully Completed, Status, Successfully Completed, Status, Successfully Completed, Status, Successfully Completed, Status, Successfully Completed, Status, Successfully Completed, Status, Successfully Completed, Status, Successfully Completed, Status, Successfully Completed, Status, Successfully Completed, Status, Successfully Completed, Status, Successfully Completed, Status, Successfully Completed, Status, Successfully Completed, Status, Successfully Completed, Status, Successfully Completed, Status, Successfully Completed, Status, Successfully Completed, Status, Successfully Completed, Status, Successfully Completed, Status, Successfully Completed, Status, Successfully Completed, Status, Successfully Completed, Status, Successfully Completed, Status, Successfully Completed, Status, Successfully Completed, Status, Successfully Completed, Status, Successfully Completed, Status, Successfully Completed, Status, Successfully Completed, Status, Successfully Completed, Status, Successfully Completed, Status]
[neelback4more@gmail.com, Subho1991*, Status, Successfully Completed, Status, Successfully Completed, Status, Successfully Completed, Status, Successfully Completed, Status, Successfully Completed, Status, Successfully Completed, Status, Successfully Completed, Status, Successfully Completed, Status, Successfully Completed, Status, Successfully Completed, Status, Successfully Completed, Status, Successfully Completed, Status, Successfully Completed, Status, Successfully Completed, Status, Successfully Completed, Status, Successfully Completed, Status, Successfully Completed, Status, Successfully Completed, Status, Successfully Completed, Status, Successfully Completed, Status, Successfully Completed, Status, Successfully Completed, Status, Successfully Completed, Status, Successfully Completed, Status, Successfully Completed, Status, Successfully Completed, Status, Successfully Completed, Status, Successfully Completed, Status, Successfully Completed, Status, Successfully Completed, Status, Successfully Completed, Status, Successfully Completed, Status, Successfully Completed, Status, Successfully Completed, Status, Successfully Completed, Status, Successfully Completed, Status, Successfully Completed, Status, Successfully Completed, Status, Successfully Completed, Status, Successfully Completed, Status, Successfully Completed, Status, Successfully Completed, Status, Successfully Completed, Status, Successfully Completed, Status, Successfully Completed, Status, Successfully Completed, Status, Successfully Completed, Status, Successfully Completed, Status, Successfully Completed, Status, Successfully Completed, Status, Successfully Completed, Status, Successfully Completed, Status, Successfully Completed, Status, Successfully Completed, Status, Successfully Completed, Status, Successfully Completed, Status, Successfully Completed, Status, Successfully Completed, Status, Successfully Completed, Status, Successfully Completed, Status, Successfully Completed, Status, Successfully Completed, Status, Successfully Completed, Status, Successfully Completed, Status, Successfully Completed, Status, Successfully Completed, Status, Successfully Completed, Status, Successfully Completed, Status, Successfully Completed, Status, Successfully Completed, Status, Successfully Completed, Status, Successfully Completed, Status, Successfully Completed, Status, Successfully Completed, Status, Successfully Completed, Status, Successfully Completed, Status, Successfully Completed, Status, Successfully Completed, Status, Successfully Completed, Status, Successfully Completed, Status, Successfully Completed, Status, Successfully Completed, Status, Successfully Completed, Status, Successfully Completed, Status, Successfully Completed, Status, Successfully Completed, Status, Successfully Completed, Status, Successfully Completed, Status, Successfully Completed, Status, Successfully Completed, Status, Successfully Completed, Status, Successfully Completed, Status, Successfully Completed, Status, Successfully Completed, Status, Successfully Completed, Status, Successfully Completed, Status, Successfully Completed, Status, Successfully Completed, Status, Successfully Completed, Status, Successfully Completed, Status, Successfully Completed, Status, Successfully Completed, Status, Successfully Completed, Status, Successfully Completed, Status, Successfully Completed, Status, Successfully Completed, Status, Successfully Completed, Status, Successfully Completed, Status, Successfully Completed, Status, Successfully Completed, Status, Successfully Completed, Status, Successfully Completed, Status, Successfully Completed, Status, Successfully Completed, Status, Successfully Completed, Status, Successfully Completed, Status, Successfully Completed, Status, Successfully Completed, Status, Successfully Completed, Status, Successfully Completed, Status, Successfully Completed, Status, Successfully Completed, Status, Successfully Completed, Status, Successfully Completed, Status, Successfully Completed, Status, Successfully Completed, Status, Successfully Completed, Status, Successfully Completed, Status, Successfully Completed, Status, Successfully Completed, Status, Successfully Completed, Status, Successfully Completed, Status, Successfully Completed, Status, Successfully Completed, Status, Successfully Completed, Status, Successfully Completed, Status, Successfully Completed, Status, Successfully Completed, Status, Successfully Completed, Status, Successfully Completed]
[neelback4more@gmail.com, Subho1991*, Status, Successfully Completed, Status, Successfully Completed, Status, Successfully Completed, Status, Successfully Completed, Status, Successfully Completed, Status, Successfully Completed, Status, Successfully Completed, Status, Successfully Completed, Status, Successfully Completed, Status, Successfully Completed, Status, Successfully Completed, Status, Successfully Completed, Status, Successfully Completed, Status, Successfully Completed, Status, Successfully Completed, Status, Successfully Completed, Status, Successfully Completed, Status, Successfully Completed, Status, Successfully Completed, Status, Successfully Completed, Status, Successfully Completed, Status, Successfully Completed, Status, Successfully Completed, Status, Successfully Completed, Status, Successfully Completed, Status, Successfully Completed, Status, Successfully Completed, Status, Successfully Completed, Status, Successfully Completed, Status, Successfully Completed, Status, Successfully Completed, Status, Successfully Completed, Status, Successfully Completed, Status, Successfully Completed, Status, Successfully Completed, Status, Successfully Completed, Status, Successfully Completed, Status, Successfully Completed, Status, Successfully Completed, Status, Successfully Completed, Status, Successfully Completed, Status, Successfully Completed, Status, Successfully Completed, Status, Successfully Completed, Status, Successfully Completed, Status, Successfully Completed, Status, Successfully Completed, Status, Successfully Completed, Status, Successfully Completed, Status, Successfully Completed, Status, Successfully Completed, Status, Successfully Completed, Status, Successfully Completed, Status, Successfully Completed, Status, Successfully Completed, Status, Successfully Completed, Status, Successfully Completed, Status, Successfully Completed, Status, Successfully Completed, Status, Successfully Completed, Status, Successfully Completed, Status, Successfully Completed, Status, Successfully Completed, Status, Successfully Completed, Status, Successfully Completed, Status, Successfully Completed, Status, Successfully Completed, Status, Successfully Completed, Status, Successfully Completed, Status, Successfully Completed, Status, Successfully Completed, Status, Successfully Completed, Status, Successfully Completed, Status, Successfully Completed, Status, Successfully Completed, Status, Successfully Completed, Status, Successfully Completed, Status, Successfully Completed, Status, Successfully Completed, Status, Successfully Completed, Status, Successfully Completed, Status, Successfully Completed, Status, Successfully Completed, Status, Successfully Completed, Status, Successfully Completed, Status, Successfully Completed, Status, Successfully Completed, Status, Successfully Completed, Status, Successfully Completed, Status, Successfully Completed, Status, Successfully Completed, Status, Successfully Completed, Status, Successfully Completed, Status, Successfully Completed, Status, Successfully Completed, Status, Successfully Completed, Status, Successfully Completed, Status, Successfully Completed, Status, Successfully Completed, Status, Successfully Completed, Status, Successfully Completed, Status, Successfully Completed, Status, Successfully Completed, Status, Successfully Completed, Status, Successfully Completed, Status, Successfully Completed, Status, Successfully Completed, Status, Successfully Completed, Status, Successfully Completed, Status, Successfully Completed, Status, Successfully Completed, Status, Successfully Completed, Status, Successfully Completed, Status, Successfully Completed, Status, Successfully Completed, Status, Successfully Completed, Status, Successfully Completed, Status, Successfully Completed, Status, Successfully Completed, Status, Successfully Completed, Status, Successfully Completed, Status, Successfully Completed, Status, Successfully Completed, Status, Successfully Completed, Status, Successfully Completed, Status, Successfully Completed, Status, Successfully Completed, Status, Successfully Completed, Status, Successfully Completed, Status, Successfully Completed, Status, Successfully Completed, Status, Successfully Completed, Status, Successfully Completed, Status, Successfully Completed, Status, Successfully Completed, Status, Successfully Completed, Status, Successfully Completed, Status, Successfully Completed, Status, Successfully Completed, Status, Successfully Completed, Status]
[neelback4more@gmail.com, Subho1991*, Status, Successfully Completed, Status, Successfully Completed, Status, Successfully Completed, Status, Successfully Completed, Status, Successfully Completed, Status, Successfully Completed, Status, Successfully Completed, Status, Successfully Completed, Status, Successfully Completed, Status, Successfully Completed, Status, Successfully Completed, Status, Successfully Completed, Status, Successfully Completed, Status, Successfully Completed, Status, Successfully Completed, Status, Successfully Completed, Status, Successfully Completed, Status, Successfully Completed, Status, Successfully Completed, Status, Successfully Completed, Status, Successfully Completed, Status, Successfully Completed, Status, Successfully Completed, Status, Successfully Completed, Status, Successfully Completed, Status, Successfully Completed, Status, Successfully Completed, Status, Successfully Completed, Status, Successfully Completed, Status, Successfully Completed, Status, Successfully Completed, Status, Successfully Completed, Status, Successfully Completed, Status, Successfully Completed, Status, Successfully Completed, Status, Successfully Completed, Status, Successfully Completed, Status, Successfully Completed, Status, Successfully Completed, Status, Successfully Completed, Status, Successfully Completed, Status, Successfully Completed, Status, Successfully Completed, Status, Successfully Completed, Status, Successfully Completed, Status, Successfully Completed, Status, Successfully Completed, Status, Successfully Completed, Status, Successfully Completed, Status, Successfully Completed, Status, Successfully Completed, Status, Successfully Completed, Status, Successfully Completed, Status, Successfully Completed, Status, Successfully Completed, Status, Successfully Completed, Status, Successfully Completed, Status, Successfully Completed, Status, Successfully Completed, Status, Successfully Completed, Status, Successfully Completed, Status, Successfully Completed, Status, Successfully Completed, Status, Successfully Completed, Status, Successfully Completed, Status, Successfully Completed, Status, Successfully Completed, Status, Successfully Completed, Status, Successfully Completed, Status, Successfully Completed, Status, Successfully Completed, Status, Successfully Completed, Status, Successfully Completed, Status, Successfully Completed, Status, Successfully Completed, Status, Successfully Completed, Status, Successfully Completed, Status, Successfully Completed, Status, Successfully Completed, Status, Successfully Completed, Status, Successfully Completed, Status, Successfully Completed, Status, Successfully Completed, Status, Successfully Completed, Status, Successfully Completed, Status, Successfully Completed, Status, Successfully Completed, Status, Successfully Completed, Status, Successfully Completed, Status, Successfully Completed, Status, Successfully Completed, Status, Successfully Completed, Status, Successfully Completed, Status, Successfully Completed, Status, Successfully Completed, Status, Successfully Completed, Status, Successfully Completed, Status, Successfully Completed, Status, Successfully Completed, Status, Successfully Completed, Status, Successfully Completed, Status, Successfully Completed, Status, Successfully Completed, Status, Successfully Completed, Status, Successfully Completed, Status, Successfully Completed, Status, Successfully Completed, Status, Successfully Completed, Status, Successfully Completed, Status, Successfully Completed, Status, Successfully Completed, Status, Successfully Completed, Status, Successfully Completed, Status, Successfully Completed, Status, Successfully Completed, Status, Successfully Completed, Status, Successfully Completed, Status, Successfully Completed, Status, Successfully Completed, Status, Successfully Completed, Status, Successfully Completed, Status, Successfully Completed, Status, Successfully Completed, Status, Successfully Completed, Status, Successfully Completed, Status, Successfully Completed, Status, Successfully Completed, Status, Successfully Completed, Status, Successfully Completed, Status, Successfully Completed, Status, Successfully Completed, Status, Successfully Completed, Status, Successfully Completed, Status, Successfully Completed, Status, Successfully Completed, Status, Successfully Completed, Status, Successfully Completed, Status, Successfully Completed, Status, Successfully Completed, Status, Successfully Completed, Status, Successfully Completed]
[neelback4more@gmail.com, Subho1991*, Status, Successfully Completed, Status, Successfully Completed, Status, Successfully Completed, Status, Successfully Completed, Status, Successfully Completed, Status, Successfully Completed, Status, Successfully Completed, Status, Successfully Completed, Status, Successfully Completed, Status, Successfully Completed, Status, Successfully Completed, Status, Successfully Completed, Status, Successfully Completed, Status, Successfully Completed, Status, Successfully Completed, Status, Successfully Completed, Status, Successfully Completed, Status, Successfully Completed, Status, Successfully Completed, Status, Successfully Completed, Status, Successfully Completed, Status, Successfully Completed, Status, Successfully Completed, Status, Successfully Completed, Status, Successfully Completed, Status, Successfully Completed, Status, Successfully Completed, Status, Successfully Completed, Status, Successfully Completed, Status, Successfully Completed, Status, Successfully Completed, Status, Successfully Completed, Status, Successfully Completed, Status, Successfully Completed, Status, Successfully Completed, Status, Successfully Completed, Status, Successfully Completed, Status, Successfully Completed, Status, Successfully Completed, Status, Successfully Completed, Status, Successfully Completed, Status, Successfully Completed, Status, Successfully Completed, Status, Successfully Completed, Status, Successfully Completed, Status, Successfully Completed, Status, Successfully Completed, Status, Successfully Completed, Status, Successfully Completed, Status, Successfully Completed, Status, Successfully Completed, Status, Successfully Completed, Status, Successfully Completed, Status, Successfully Completed, Status, Successfully Completed, Status, Successfully Completed, Status, Successfully Completed, Status, Successfully Completed, Status, Successfully Completed, Status, Successfully Completed, Status, Successfully Completed, Status, Successfully Completed, Status, Successfully Completed, Status, Successfully Completed, Status, Successfully Completed, Status, Successfully Completed, Status, Successfully Completed, Status, Successfully Completed, Status, Successfully Completed, Status, Successfully Completed, Status, Successfully Completed, Status, Successfully Completed, Status, Successfully Completed, Status, Successfully Completed, Status, Successfully Completed, Status, Successfully Completed, Status, Successfully Completed, Status, Successfully Completed, Status, Successfully Completed, Status, Successfully Completed, Status, Successfully Completed, Status, Successfully Completed, Status, Successfully Completed, Status, Successfully Completed, Status, Successfully Completed, Status, Successfully Completed, Status, Successfully Completed, Status, Successfully Completed, Status, Successfully Completed, Status, Successfully Completed, Status, Successfully Completed, Status, Successfully Completed, Status, Successfully Completed, Status, Successfully Completed, Status, Successfully Completed, Status, Successfully Completed, Status, Successfully Completed, Status, Successfully Completed, Status, Successfully Completed, Status, Successfully Completed, Status, Successfully Completed, Status, Successfully Completed, Status, Successfully Completed, Status, Successfully Completed, Status, Successfully Completed, Status, Successfully Completed, Status, Successfully Completed, Status, Successfully Completed, Status, Successfully Completed, Status, Successfully Completed, Status, Successfully Completed, Status, Successfully Completed, Status, Successfully Completed, Status, Successfully Completed, Status, Successfully Completed, Status, Successfully Completed, Status, Successfully Completed, Status, Successfully Completed, Status, Successfully Completed, Status, Successfully Completed, Status, Successfully Completed, Status, Successfully Completed, Status, Successfully Completed, Status, Successfully Completed, Status, Successfully Completed, Status, Successfully Completed, Status, Successfully Completed, Status, Successfully Completed, Status, Successfully Completed, Status, Successfully Completed, Status, Successfully Completed, Status, Successfully Completed, Status, Successfully Completed, Status, Successfully Completed, Status, Successfully Completed, Status, Successfully Completed, Status, Successfully Completed, Status, Successfully Completed, Status, Successfully Completed, Status, Successfully Completed, Status, Successfully Completed, Status]
[neelback4more@gmail.com, Subho1991*, Status, Successfully Completed, Status, Successfully Completed, Status, Successfully Completed, Status, Successfully Completed, Status, Successfully Completed, Status, Successfully Completed, Status, Successfully Completed, Status, Successfully Completed, Status, Successfully Completed, Status, Successfully Completed, Status, Successfully Completed, Status, Successfully Completed, Status, Successfully Completed, Status, Successfully Completed, Status, Successfully Completed, Status, Successfully Completed, Status, Successfully Completed, Status, Successfully Completed, Status, Successfully Completed, Status, Successfully Completed, Status, Successfully Completed, Status, Successfully Completed, Status, Successfully Completed, Status, Successfully Completed, Status, Successfully Completed, Status, Successfully Completed, Status, Successfully Completed, Status, Successfully Completed, Status, Successfully Completed, Status, Successfully Completed, Status, Successfully Completed, Status, Successfully Completed, Status, Successfully Completed, Status, Successfully Completed, Status, Successfully Completed, Status, Successfully Completed, Status, Successfully Completed, Status, Successfully Completed, Status, Successfully Completed, Status, Successfully Completed, Status, Successfully Completed, Status, Successfully Completed, Status, Successfully Completed, Status, Successfully Completed, Status, Successfully Completed, Status, Successfully Completed, Status, Successfully Completed, Status, Successfully Completed, Status, Successfully Completed, Status, Successfully Completed, Status, Successfully Completed, Status, Successfully Completed, Status, Successfully Completed, Status, Successfully Completed, Status, Successfully Completed, Status, Successfully Completed, Status, Successfully Completed, Status, Successfully Completed, Status, Successfully Completed, Status, Successfully Completed, Status, Successfully Completed, Status, Successfully Completed, Status, Successfully Completed, Status, Successfully Completed, Status, Successfully Completed, Status, Successfully Completed, Status, Successfully Completed, Status, Successfully Completed, Status, Successfully Completed, Status, Successfully Completed, Status, Successfully Completed, Status, Successfully Completed, Status, Successfully Completed, Status, Successfully Completed, Status, Successfully Completed, Status, Successfully Completed, Status, Successfully Completed, Status, Successfully Completed, Status, Successfully Completed, Status, Successfully Completed, Status, Successfully Completed, Status, Successfully Completed, Status, Successfully Completed, Status, Successfully Completed, Status, Successfully Completed, Status, Successfully Completed, Status, Successfully Completed, Status, Successfully Completed, Status, Successfully Completed, Status, Successfully Completed, Status, Successfully Completed, Status, Successfully Completed, Status, Successfully Completed, Status, Successfully Completed, Status, Successfully Completed, Status, Successfully Completed, Status, Successfully Completed, Status, Successfully Completed, Status, Successfully Completed, Status, Successfully Completed, Status, Successfully Completed, Status, Successfully Completed, Status, Successfully Completed, Status, Successfully Completed, Status, Successfully Completed, Status, Successfully Completed, Status, Successfully Completed, Status, Successfully Completed, Status, Successfully Completed, Status, Successfully Completed, Status, Successfully Completed, Status, Successfully Completed, Status, Successfully Completed, Status, Successfully Completed, Status, Successfully Completed, Status, Successfully Completed, Status, Successfully Completed, Status, Successfully Completed, Status, Successfully Completed, Status, Successfully Completed, Status, Successfully Completed, Status, Successfully Completed, Status, Successfully Completed, Status, Successfully Completed, Status, Successfully Completed, Status, Successfully Completed, Status, Successfully Completed, Status, Successfully Completed, Status, Successfully Completed, Status, Successfully Completed, Status, Successfully Completed, Status, Successfully Completed, Status, Successfully Completed, Status, Successfully Completed, Status, Successfully Completed, Status, Successfully Completed, Status, Successfully Completed, Status, Successfully Completed, Status, Successfully Completed, Status, Successfully Completed, Status, Successfully Completed, Status, Successfully Completed]
[neelback4more@gmail.com, Subho1991*, Status, Successfully Completed, Status, Successfully Completed, Status, Successfully Completed, Status, Successfully Completed, Status, Successfully Completed, Status, Successfully Completed, Status, Successfully Completed, Status, Successfully Completed, Status, Successfully Completed, Status, Successfully Completed, Status, Successfully Completed, Status, Successfully Completed, Status, Successfully Completed, Status, Successfully Completed, Status, Successfully Completed, Status, Successfully Completed, Status, Successfully Completed, Status, Successfully Completed, Status, Successfully Completed, Status, Successfully Completed, Status, Successfully Completed, Status, Successfully Completed, Status, Successfully Completed, Status, Successfully Completed, Status, Successfully Completed, Status, Successfully Completed, Status, Successfully Completed, Status, Successfully Completed, Status, Successfully Completed, Status, Successfully Completed, Status, Successfully Completed, Status, Successfully Completed, Status, Successfully Completed, Status, Successfully Completed, Status, Successfully Completed, Status, Successfully Completed, Status, Successfully Completed, Status, Successfully Completed, Status, Successfully Completed, Status, Successfully Completed, Status, Successfully Completed, Status, Successfully Completed, Status, Successfully Completed, Status, Successfully Completed, Status, Successfully Completed, Status, Successfully Completed, Status, Successfully Completed, Status, Successfully Completed, Status, Successfully Completed, Status, Successfully Completed, Status, Successfully Completed, Status, Successfully Completed, Status, Successfully Completed, Status, Successfully Completed, Status, Successfully Completed, Status, Successfully Completed, Status, Successfully Completed, Status, Successfully Completed, Status, Successfully Completed, Status, Successfully Completed, Status, Successfully Completed, Status, Successfully Completed, Status, Successfully Completed, Status, Successfully Completed, Status, Successfully Completed, Status, Successfully Completed, Status, Successfully Completed, Status, Successfully Completed, Status, Successfully Completed, Status, Successfully Completed, Status, Successfully Completed, Status, Successfully Completed, Status, Successfully Completed, Status, Successfully Completed, Status, Successfully Completed, Status, Successfully Completed, Status, Successfully Completed, Status, Successfully Completed, Status, Successfully Completed, Status, Successfully Completed, Status, Successfully Completed, Status, Successfully Completed, Status, Successfully Completed, Status, Successfully Completed, Status, Successfully Completed, Status, Successfully Completed, Status, Successfully Completed, Status, Successfully Completed, Status, Successfully Completed, Status, Successfully Completed, Status, Successfully Completed, Status, Successfully Completed, Status, Successfully Completed, Status, Successfully Completed, Status, Successfully Completed, Status, Successfully Completed, Status, Successfully Completed, Status, Successfully Completed, Status, Successfully Completed, Status, Successfully Completed, Status, Successfully Completed, Status, Successfully Completed, Status, Successfully Completed, Status, Successfully Completed, Status, Successfully Completed, Status, Successfully Completed, Status, Successfully Completed, Status, Successfully Completed, Status, Successfully Completed, Status, Successfully Completed, Status, Successfully Completed, Status, Successfully Completed, Status, Successfully Completed, Status, Successfully Completed, Status, Successfully Completed, Status, Successfully Completed, Status, Successfully Completed, Status, Successfully Completed, Status, Successfully Completed, Status, Successfully Completed, Status, Successfully Completed, Status, Successfully Completed, Status, Successfully Completed, Status, Successfully Completed, Status, Successfully Completed, Status, Successfully Completed, Status, Successfully Completed, Status, Successfully Completed, Status, Successfully Completed, Status, Successfully Completed, Status, Successfully Completed, Status, Successfully Completed, Status, Successfully Completed, Status, Successfully Completed, Status, Successfully Completed, Status, Successfully Completed, Status, Successfully Completed, Status, Successfully Completed, Status, Successfully Completed, Status, Successfully Completed, Status, Successfully Completed, Status, Successfully Completed, Status]
[neelback4more@gmail.com, Subho1991*, Status, Successfully Completed, Status, Successfully Completed, Status, Successfully Completed, Status, Successfully Completed, Status, Successfully Completed, Status, Successfully Completed, Status, Successfully Completed, Status, Successfully Completed, Status, Successfully Completed, Status, Successfully Completed, Status, Successfully Completed, Status, Successfully Completed, Status, Successfully Completed, Status, Successfully Completed, Status, Successfully Completed, Status, Successfully Completed, Status, Successfully Completed, Status, Successfully Completed, Status, Successfully Completed, Status, Successfully Completed, Status, Successfully Completed, Status, Successfully Completed, Status, Successfully Completed, Status, Successfully Completed, Status, Successfully Completed, Status, Successfully Completed, Status, Successfully Completed, Status, Successfully Completed, Status, Successfully Completed, Status, Successfully Completed, Status, Successfully Completed, Status, Successfully Completed, Status, Successfully Completed, Status, Successfully Completed, Status, Successfully Completed, Status, Successfully Completed, Status, Successfully Completed, Status, Successfully Completed, Status, Successfully Completed, Status, Successfully Completed, Status, Successfully Completed, Status, Successfully Completed, Status, Successfully Completed, Status, Successfully Completed, Status, Successfully Completed, Status, Successfully Completed, Status, Successfully Completed, Status, Successfully Completed, Status, Successfully Completed, Status, Successfully Completed, Status, Successfully Completed, Status, Successfully Completed, Status, Successfully Completed, Status, Successfully Completed, Status, Successfully Completed, Status, Successfully Completed, Status, Successfully Completed, Status, Successfully Completed, Status, Successfully Completed, Status, Successfully Completed, Status, Successfully Completed, Status, Successfully Completed, Status, Successfully Completed, Status, Successfully Completed, Status, Successfully Completed, Status, Successfully Completed, Status, Successfully Completed, Status, Successfully Completed, Status, Successfully Completed, Status, Successfully Completed, Status, Successfully Completed, Status, Successfully Completed, Status, Successfully Completed, Status, Successfully Completed, Status, Successfully Completed, Status, Successfully Completed, Status, Successfully Completed, Status, Successfully Completed, Status, Successfully Completed, Status, Successfully Completed, Status, Successfully Completed, Status, Successfully Completed, Status, Successfully Completed, Status, Successfully Completed, Status, Successfully Completed, Status, Successfully Completed, Status, Successfully Completed, Status, Successfully Completed, Status, Successfully Completed, Status, Successfully Completed, Status, Successfully Completed, Status, Successfully Completed, Status, Successfully Completed, Status, Successfully Completed, Status, Successfully Completed, Status, Successfully Completed, Status, Successfully Completed, Status, Successfully Completed, Status, Successfully Completed, Status, Successfully Completed, Status, Successfully Completed, Status, Successfully Completed, Status, Successfully Completed, Status, Successfully Completed, Status, Successfully Completed, Status, Successfully Completed, Status, Successfully Completed, Status, Successfully Completed, Status, Successfully Completed, Status, Successfully Completed, Status, Successfully Completed, Status, Successfully Completed, Status, Successfully Completed, Status, Successfully Completed, Status, Successfully Completed, Status, Successfully Completed, Status, Successfully Completed, Status, Successfully Completed, Status, Successfully Completed, Status, Successfully Completed, Status, Successfully Completed, Status, Successfully Completed, Status, Successfully Completed, Status, Successfully Completed, Status, Successfully Completed, Status, Successfully Completed, Status, Successfully Completed, Status, Successfully Completed, Status, Successfully Completed, Status, Successfully Completed, Status, Successfully Completed, Status, Successfully Completed, Status, Successfully Completed, Status, Successfully Completed, Status, Successfully Completed, Status, Successfully Completed, Status, Successfully Completed, Status, Successfully Completed, Status, Successfully Completed, Status, Successfully Completed, Status, Successfully Completed, Status, Successfully Completed, Status, Successfully Completed]
[neelback4more@gmail.com, Subho1991*, Status, Successfully Completed, Status, Successfully Completed, Status, Successfully Completed, Status, Successfully Completed, Status, Successfully Completed, Status, Successfully Completed, Status, Successfully Completed, Status, Successfully Completed, Status, Successfully Completed, Status, Successfully Completed, Status, Successfully Completed, Status, Successfully Completed, Status, Successfully Completed, Status, Successfully Completed, Status, Successfully Completed, Status, Successfully Completed, Status, Successfully Completed, Status, Successfully Completed, Status, Successfully Completed, Status, Successfully Completed, Status, Successfully Completed, Status, Successfully Completed, Status, Successfully Completed, Status, Successfully Completed, Status, Successfully Completed, Status, Successfully Completed, Status, Successfully Completed, Status, Successfully Completed, Status, Successfully Completed, Status, Successfully Completed, Status, Successfully Completed, Status, Successfully Completed, Status, Successfully Completed, Status, Successfully Completed, Status, Successfully Completed, Status, Successfully Completed, Status, Successfully Completed, Status, Successfully Completed, Status, Successfully Completed, Status, Successfully Completed, Status, Successfully Completed, Status, Successfully Completed, Status, Successfully Completed, Status, Successfully Completed, Status, Successfully Completed, Status, Successfully Completed, Status, Successfully Completed, Status, Successfully Completed, Status, Successfully Completed, Status, Successfully Completed, Status, Successfully Completed, Status, Successfully Completed, Status, Successfully Completed, Status, Successfully Completed, Status, Successfully Completed, Status, Successfully Completed, Status, Successfully Completed, Status, Successfully Completed, Status, Successfully Completed, Status, Successfully Completed, Status, Successfully Completed, Status, Successfully Completed, Status, Successfully Completed, Status, Successfully Completed, Status, Successfully Completed, Status, Successfully Completed, Status, Successfully Completed, Status, Successfully Completed, Status, Successfully Completed, Status, Successfully Completed, Status, Successfully Completed, Status, Successfully Completed, Status, Successfully Completed, Status, Successfully Completed, Status, Successfully Completed, Status, Successfully Completed, Status, Successfully Completed, Status, Successfully Completed, Status, Successfully Completed, Status, Successfully Completed, Status, Successfully Completed, Status, Successfully Completed, Status, Successfully Completed, Status, Successfully Completed, Status, Successfully Completed, Status, Successfully Completed, Status, Successfully Completed, Status, Successfully Completed, Status, Successfully Completed, Status, Successfully Completed, Status, Successfully Completed, Status, Successfully Completed, Status, Successfully Completed, Status, Successfully Completed, Status, Successfully Completed, Status, Successfully Completed, Status, Successfully Completed, Status, Successfully Completed, Status, Successfully Completed, Status, Successfully Completed, Status, Successfully Completed, Status, Successfully Completed, Status, Successfully Completed, Status, Successfully Completed, Status, Successfully Completed, Status, Successfully Completed, Status, Successfully Completed, Status, Successfully Completed, Status, Successfully Completed, Status, Successfully Completed, Status, Successfully Completed, Status, Successfully Completed, Status, Successfully Completed, Status, Successfully Completed, Status, Successfully Completed, Status, Successfully Completed, Status, Successfully Completed, Status, Successfully Completed, Status, Successfully Completed, Status, Successfully Completed, Status, Successfully Completed, Status, Successfully Completed, Status, Successfully Completed, Status, Successfully Completed, Status, Successfully Completed, Status, Successfully Completed, Status, Successfully Completed, Status, Successfully Completed, Status, Successfully Completed, Status, Successfully Completed, Status, Successfully Completed, Status, Successfully Completed, Status, Successfully Completed, Status, Successfully Completed, Status, Successfully Completed, Status, Successfully Completed, Status, Successfully Completed, Status, Successfully Completed, Status, Successfully Completed, Status, Successfully Completed, Status, Successfully Completed, Status, Successfully Completed, Status, Successfully Completed, Status]
[neelback4more@gmail.com, Subho1991*, Status, Successfully Completed, Status, Successfully Completed, Status, Successfully Completed, Status, Successfully Completed, Status, Successfully Completed, Status, Successfully Completed, Status, Successfully Completed, Status, Successfully Completed, Status, Successfully Completed, Status, Successfully Completed, Status, Successfully Completed, Status, Successfully Completed, Status, Successfully Completed, Status, Successfully Completed, Status, Successfully Completed, Status, Successfully Completed, Status, Successfully Completed, Status, Successfully Completed, Status, Successfully Completed, Status, Successfully Completed, Status, Successfully Completed, Status, Successfully Completed, Status, Successfully Completed, Status, Successfully Completed, Status, Successfully Completed, Status, Successfully Completed, Status, Successfully Completed, Status, Successfully Completed, Status, Successfully Completed, Status, Successfully Completed, Status, Successfully Completed, Status, Successfully Completed, Status, Successfully Completed, Status, Successfully Completed, Status, Successfully Completed, Status, Successfully Completed, Status, Successfully Completed, Status, Successfully Completed, Status, Successfully Completed, Status, Successfully Completed, Status, Successfully Completed, Status, Successfully Completed, Status, Successfully Completed, Status, Successfully Completed, Status, Successfully Completed, Status, Successfully Completed, Status, Successfully Completed, Status, Successfully Completed, Status, Successfully Completed, Status, Successfully Completed, Status, Successfully Completed, Status, Successfully Completed, Status, Successfully Completed, Status, Successfully Completed, Status, Successfully Completed, Status, Successfully Completed, Status, Successfully Completed, Status, Successfully Completed, Status, Successfully Completed, Status, Successfully Completed, Status, Successfully Completed, Status, Successfully Completed, Status, Successfully Completed, Status, Successfully Completed, Status, Successfully Completed, Status, Successfully Completed, Status, Successfully Completed, Status, Successfully Completed, Status, Successfully Completed, Status, Successfully Completed, Status, Successfully Completed, Status, Successfully Completed, Status, Successfully Completed, Status, Successfully Completed, Status, Successfully Completed, Status, Successfully Completed, Status, Successfully Completed, Status, Successfully Completed, Status, Successfully Completed, Status, Successfully Completed, Status, Successfully Completed, Status, Successfully Completed, Status, Successfully Completed, Status, Successfully Completed, Status, Successfully Completed, Status, Successfully Completed, Status, Successfully Completed, Status, Successfully Completed, Status, Successfully Completed, Status, Successfully Completed, Status, Successfully Completed, Status, Successfully Completed, Status, Successfully Completed, Status, Successfully Completed, Status, Successfully Completed, Status, Successfully Completed, Status, Successfully Completed, Status, Successfully Completed, Status, Successfully Completed, Status, Successfully Completed, Status, Successfully Completed, Status, Successfully Completed, Status, Successfully Completed, Status, Successfully Completed, Status, Successfully Completed, Status, Successfully Completed, Status, Successfully Completed, Status, Successfully Completed, Status, Successfully Completed, Status, Successfully Completed, Status, Successfully Completed, Status, Successfully Completed, Status, Successfully Completed, Status, Successfully Completed, Status, Successfully Completed, Status, Successfully Completed, Status, Successfully Completed, Status, Successfully Completed, Status, Successfully Completed, Status, Successfully Completed, Status, Successfully Completed, Status, Successfully Completed, Status, Successfully Completed, Status, Successfully Completed, Status, Successfully Completed, Status, Successfully Completed, Status, Successfully Completed, Status, Successfully Completed, Status, Successfully Completed, Status, Successfully Completed, Status, Successfully Completed, Status, Successfully Completed, Status, Successfully Completed, Status, Successfully Completed, Status, Successfully Completed, Status, Successfully Completed, Status, Successfully Completed, Status, Successfully Completed, Status, Successfully Completed, Status, Successfully Completed, Status, Successfully Completed, Status, Successfully Completed, Status, Successfully Completed, Status, Successfully Completed]
[neelback4more@gmail.com, Subho1991*, Status, Successfully Completed, Status, Successfully Completed, Status, Successfully Completed, Status, Successfully Completed, Status, Successfully Completed, Status, Successfully Completed, Status, Successfully Completed, Status, Successfully Completed, Status, Successfully Completed, Status, Successfully Completed, Status, Successfully Completed, Status, Successfully Completed, Status, Successfully Completed, Status, Successfully Completed, Status, Successfully Completed, Status, Successfully Completed, Status, Successfully Completed, Status, Successfully Completed, Status, Successfully Completed, Status, Successfully Completed, Status, Successfully Completed, Status, Successfully Completed, Status, Successfully Completed, Status, Successfully Completed, Status, Successfully Completed, Status, Successfully Completed, Status, Successfully Completed, Status, Successfully Completed, Status, Successfully Completed, Status, Successfully Completed, Status, Successfully Completed, Status, Successfully Completed, Status, Successfully Completed, Status, Successfully Completed, Status, Successfully Completed, Status, Successfully Completed, Status, Successfully Completed, Status, Successfully Completed, Status, Successfully Completed, Status, Successfully Completed, Status, Successfully Completed, Status, Successfully Completed, Status, Successfully Completed, Status, Successfully Completed, Status, Successfully Completed, Status, Successfully Completed, Status, Successfully Completed, Status, Successfully Completed, Status, Successfully Completed, Status, Successfully Completed, Status, Successfully Completed, Status, Successfully Completed, Status, Successfully Completed, Status, Successfully Completed, Status, Successfully Completed, Status, Successfully Completed, Status, Successfully Completed, Status, Successfully Completed, Status, Successfully Completed, Status, Successfully Completed, Status, Successfully Completed, Status, Successfully Completed, Status, Successfully Completed, Status, Successfully Completed, Status, Successfully Completed, Status, Successfully Completed, Status, Successfully Completed, Status, Successfully Completed, Status, Successfully Completed, Status, Successfully Completed, Status, Successfully Completed, Status, Successfully Completed, Status, Successfully Completed, Status, Successfully Completed, Status, Successfully Completed, Status, Successfully Completed, Status, Successfully Completed, Status, Successfully Completed, Status, Successfully Completed, Status, Successfully Completed, Status, Successfully Completed, Status, Successfully Completed, Status, Successfully Completed, Status, Successfully Completed, Status, Successfully Completed, Status, Successfully Completed, Status, Successfully Completed, Status, Successfully Completed, Status, Successfully Completed, Status, Successfully Completed, Status, Successfully Completed, Status, Successfully Completed, Status, Successfully Completed, Status, Successfully Completed, Status, Successfully Completed, Status, Successfully Completed, Status, Successfully Completed, Status, Successfully Completed, Status, Successfully Completed, Status, Successfully Completed, Status, Successfully Completed, Status, Successfully Completed, Status, Successfully Completed, Status, Successfully Completed, Status, Successfully Completed, Status, Successfully Completed, Status, Successfully Completed, Status, Successfully Completed, Status, Successfully Completed, Status, Successfully Completed, Status, Successfully Completed, Status, Successfully Completed, Status, Successfully Completed, Status, Successfully Completed, Status, Successfully Completed, Status, Successfully Completed, Status, Successfully Completed, Status, Successfully Completed, Status, Successfully Completed, Status, Successfully Completed, Status, Successfully Completed, Status, Successfully Completed, Status, Successfully Completed, Status, Successfully Completed, Status, Successfully Completed, Status, Successfully Completed, Status, Successfully Completed, Status, Successfully Completed, Status, Successfully Completed, Status, Successfully Completed, Status, Successfully Completed, Status, Successfully Completed, Status, Successfully Completed, Status, Successfully Completed, Status, Successfully Completed, Status, Successfully Completed, Status, Successfully Completed, Status, Successfully Completed, Status, Successfully Completed, Status, Successfully Completed, Status, Successfully Completed, Status, Successfully Completed, Status, Successfully Completed, Status, Successfully Completed, Status]
[neelback4more@gmail.com, Subho1991*, Status, Successfully Completed, Status, Successfully Completed, Status, Successfully Completed, Status, Successfully Completed, Status, Successfully Completed, Status, Successfully Completed, Status, Successfully Completed, Status, Successfully Completed, Status, Successfully Completed, Status, Successfully Completed, Status, Successfully Completed, Status, Successfully Completed, Status, Successfully Completed, Status, Successfully Completed, Status, Successfully Completed, Status, Successfully Completed, Status, Successfully Completed, Status, Successfully Completed, Status, Successfully Completed, Status, Successfully Completed, Status, Successfully Completed, Status, Successfully Completed, Status, Successfully Completed, Status, Successfully Completed, Status, Successfully Completed, Status, Successfully Completed, Status, Successfully Completed, Status, Successfully Completed, Status, Successfully Completed, Status, Successfully Completed, Status, Successfully Completed, Status, Successfully Completed, Status, Successfully Completed, Status, Successfully Completed, Status, Successfully Completed, Status, Successfully Completed, Status, Successfully Completed, Status, Successfully Completed, Status, Successfully Completed, Status, Successfully Completed, Status, Successfully Completed, Status, Successfully Completed, Status, Successfully Completed, Status, Successfully Completed, Status, Successfully Completed, Status, Successfully Completed, Status, Successfully Completed, Status, Successfully Completed, Status, Successfully Completed, Status, Successfully Completed, Status, Successfully Completed, Status, Successfully Completed, Status, Successfully Completed, Status, Successfully Completed, Status, Successfully Completed, Status, Successfully Completed, Status, Successfully Completed, Status, Successfully Completed, Status, Successfully Completed, Status, Successfully Completed, Status, Successfully Completed, Status, Successfully Completed, Status, Successfully Completed, Status, Successfully Completed, Status, Successfully Completed, Status, Successfully Completed, Status, Successfully Completed, Status, Successfully Completed, Status, Successfully Completed, Status, Successfully Completed, Status, Successfully Completed, Status, Successfully Completed, Status, Successfully Completed, Status, Successfully Completed, Status, Successfully Completed, Status, Successfully Completed, Status, Successfully Completed, Status, Successfully Completed, Status, Successfully Completed, Status, Successfully Completed, Status, Successfully Completed, Status, Successfully Completed, Status, Successfully Completed, Status, Successfully Completed, Status, Successfully Completed, Status, Successfully Completed, Status, Successfully Completed, Status, Successfully Completed, Status, Successfully Completed, Status, Successfully Completed, Status, Successfully Completed, Status, Successfully Completed, Status, Successfully Completed, Status, Successfully Completed, Status, Successfully Completed, Status, Successfully Completed, Status, Successfully Completed, Status, Successfully Completed, Status, Successfully Completed, Status, Successfully Completed, Status, Successfully Completed, Status, Successfully Completed, Status, Successfully Completed, Status, Successfully Completed, Status, Successfully Completed, Status, Successfully Completed, Status, Successfully Completed, Status, Successfully Completed, Status, Successfully Completed, Status, Successfully Completed, Status, Successfully Completed, Status, Successfully Completed, Status, Successfully Completed, Status, Successfully Completed, Status, Successfully Completed, Status, Successfully Completed, Status, Successfully Completed, Status, Successfully Completed, Status, Successfully Completed, Status, Successfully Completed, Status, Successfully Completed, Status, Successfully Completed, Status, Successfully Completed, Status, Successfully Completed, Status, Successfully Completed, Status, Successfully Completed, Status, Successfully Completed, Status, Successfully Completed, Status, Successfully Completed, Status, Successfully Completed, Status, Successfully Completed, Status, Successfully Completed, Status, Successfully Completed, Status, Successfully Completed, Status, Successfully Completed, Status, Successfully Completed, Status, Successfully Completed, Status, Successfully Completed, Status, Successfully Completed, Status, Successfully Completed, Status, Successfully Completed, Status, Successfully Completed, Status, Successfully Completed, Status, Successfully Completed, Status, Successfully Completed]
[neelback4more@gmail.com, Subho1991*, Status, Successfully Completed, Status, Successfully Completed, Status, Successfully Completed, Status, Successfully Completed, Status, Successfully Completed, Status, Successfully Completed, Status, Successfully Completed, Status, Successfully Completed, Status, Successfully Completed, Status, Successfully Completed, Status, Successfully Completed, Status, Successfully Completed, Status, Successfully Completed, Status, Successfully Completed, Status, Successfully Completed, Status, Successfully Completed, Status, Successfully Completed, Status, Successfully Completed, Status, Successfully Completed, Status, Successfully Completed, Status, Successfully Completed, Status, Successfully Completed, Status, Successfully Completed, Status, Successfully Completed, Status, Successfully Completed, Status, Successfully Completed, Status, Successfully Completed, Status, Successfully Completed, Status, Successfully Completed, Status, Successfully Completed, Status, Successfully Completed, Status, Successfully Completed, Status, Successfully Completed, Status, Successfully Completed, Status, Successfully Completed, Status, Successfully Completed, Status, Successfully Completed, Status, Successfully Completed, Status, Successfully Completed, Status, Successfully Completed, Status, Successfully Completed, Status, Successfully Completed, Status, Successfully Completed, Status, Successfully Completed, Status, Successfully Completed, Status, Successfully Completed, Status, Successfully Completed, Status, Successfully Completed, Status, Successfully Completed, Status, Successfully Completed, Status, Successfully Completed, Status, Successfully Completed, Status, Successfully Completed, Status, Successfully Completed, Status, Successfully Completed, Status, Successfully Completed, Status, Successfully Completed, Status, Successfully Completed, Status, Successfully Completed, Status, Successfully Completed, Status, Successfully Completed, Status, Successfully Completed, Status, Successfully Completed, Status, Successfully Completed, Status, Successfully Completed, Status, Successfully Completed, Status, Successfully Completed, Status, Successfully Completed, Status, Successfully Completed, Status, Successfully Completed, Status, Successfully Completed, Status, Successfully Completed, Status, Successfully Completed, Status, Successfully Completed, Status, Successfully Completed, Status, Successfully Completed, Status, Successfully Completed, Status, Successfully Completed, Status, Successfully Completed, Status, Successfully Completed, Status, Successfully Completed, Status, Successfully Completed, Status, Successfully Completed, Status, Successfully Completed, Status, Successfully Completed, Status, Successfully Completed, Status, Successfully Completed, Status, Successfully Completed, Status, Successfully Completed, Status, Successfully Completed, Status, Successfully Completed, Status, Successfully Completed, Status, Successfully Completed, Status, Successfully Completed, Status, Successfully Completed, Status, Successfully Completed, Status, Successfully Completed, Status, Successfully Completed, Status, Successfully Completed, Status, Successfully Completed, Status, Successfully Completed, Status, Successfully Completed, Status, Successfully Completed, Status, Successfully Completed, Status, Successfully Completed, Status, Successfully Completed, Status, Successfully Completed, Status, Successfully Completed, Status, Successfully Completed, Status, Successfully Completed, Status, Successfully Completed, Status, Successfully Completed, Status, Successfully Completed, Status, Successfully Completed, Status, Successfully Completed, Status, Successfully Completed, Status, Successfully Completed, Status, Successfully Completed, Status, Successfully Completed, Status, Successfully Completed, Status, Successfully Completed, Status, Successfully Completed, Status, Successfully Completed, Status, Successfully Completed, Status, Successfully Completed, Status, Successfully Completed, Status, Successfully Completed, Status, Successfully Completed, Status, Successfully Completed, Status, Successfully Completed, Status, Successfully Completed, Status, Successfully Completed, Status, Successfully Completed, Status, Successfully Completed, Status, Successfully Completed, Status, Successfully Completed, Status, Successfully Completed, Status, Successfully Completed, Status, Successfully Completed, Status, Successfully Completed, Status, Successfully Completed, Status, Successfully Completed, Status, Successfully Completed, Status, Successfully Completed, Status, Successfully Completed, Status]
[neelback4more@gmail.com, Subho1991*, Status, Successfully Completed, Status, Successfully Completed, Status, Successfully Completed, Status, Successfully Completed, Status, Successfully Completed, Status, Successfully Completed, Status, Successfully Completed, Status, Successfully Completed, Status, Successfully Completed, Status, Successfully Completed, Status, Successfully Completed, Status, Successfully Completed, Status, Successfully Completed, Status, Successfully Completed, Status, Successfully Completed, Status, Successfully Completed, Status, Successfully Completed, Status, Successfully Completed, Status, Successfully Completed, Status, Successfully Completed, Status, Successfully Completed, Status, Successfully Completed, Status, Successfully Completed, Status, Successfully Completed, Status, Successfully Completed, Status, Successfully Completed, Status, Successfully Completed, Status, Successfully Completed, Status, Successfully Completed, Status, Successfully Completed, Status, Successfully Completed, Status, Successfully Completed, Status, Successfully Completed, Status, Successfully Completed, Status, Successfully Completed, Status, Successfully Completed, Status, Successfully Completed, Status, Successfully Completed, Status, Successfully Completed, Status, Successfully Completed, Status, Successfully Completed, Status, Successfully Completed, Status, Successfully Completed, Status, Successfully Completed, Status, Successfully Completed, Status, Successfully Completed, Status, Successfully Completed, Status, Successfully Completed, Status, Successfully Completed, Status, Successfully Completed, Status, Successfully Completed, Status, Successfully Completed, Status, Successfully Completed, Status, Successfully Completed, Status, Successfully Completed, Status, Successfully Completed, Status, Successfully Completed, Status, Successfully Completed, Status, Successfully Completed, Status, Successfully Completed, Status, Successfully Completed, Status, Successfully Completed, Status, Successfully Completed, Status, Successfully Completed, Status, Successfully Completed, Status, Successfully Completed, Status, Successfully Completed, Status, Successfully Completed, Status, Successfully Completed, Status, Successfully Completed, Status, Successfully Completed, Status, Successfully Completed, Status, Successfully Completed, Status, Successfully Completed, Status, Successfully Completed, Status, Successfully Completed, Status, Successfully Completed, Status, Successfully Completed, Status, Successfully Completed, Status, Successfully Completed, Status, Successfully Completed, Status, Successfully Completed, Status, Successfully Completed, Status, Successfully Completed, Status, Successfully Completed, Status, Successfully Completed, Status, Successfully Completed, Status, Successfully Completed, Status, Successfully Completed, Status, Successfully Completed, Status, Successfully Completed, Status, Successfully Completed, Status, Successfully Completed, Status, Successfully Completed, Status, Successfully Completed, Status, Successfully Completed, Status, Successfully Completed, Status, Successfully Completed, Status, Successfully Completed, Status, Successfully Completed, Status, Successfully Completed, Status, Successfully Completed, Status, Successfully Completed, Status, Successfully Completed, Status, Successfully Completed, Status, Successfully Completed, Status, Successfully Completed, Status, Successfully Completed, Status, Successfully Completed, Status, Successfully Completed, Status, Successfully Completed, Status, Successfully Completed, Status, Successfully Completed, Status, Successfully Completed, Status, Successfully Completed, Status, Successfully Completed, Status, Successfully Completed, Status, Successfully Completed, Status, Successfully Completed, Status, Successfully Completed, Status, Successfully Completed, Status, Successfully Completed, Status, Successfully Completed, Status, Successfully Completed, Status, Successfully Completed, Status, Successfully Completed, Status, Successfully Completed, Status, Successfully Completed, Status, Successfully Completed, Status, Successfully Completed, Status, Successfully Completed, Status, Successfully Completed, Status, Successfully Completed, Status, Successfully Completed, Status, Successfully Completed, Status, Successfully Completed, Status, Successfully Completed, Status, Successfully Completed, Status, Successfully Completed, Status, Successfully Completed, Status, Successfully Completed, Status, Successfully Completed, Status, Successfully Completed, Status, Successfully Completed, Status, Successfully Completed, Status, Successfully Completed]
[neelback4more@gmail.com, Subho1991*, Status, Successfully Completed, Status, Successfully Completed, Status, Successfully Completed, Status, Successfully Completed, Status, Successfully Completed, Status, Successfully Completed, Status, Successfully Completed, Status, Successfully Completed, Status, Successfully Completed, Status, Successfully Completed, Status, Successfully Completed, Status, Successfully Completed, Status, Successfully Completed, Status, Successfully Completed, Status, Successfully Completed, Status, Successfully Completed, Status, Successfully Completed, Status, Successfully Completed, Status, Successfully Completed, Status, Successfully Completed, Status, Successfully Completed, Status, Successfully Completed, Status, Successfully Completed, Status, Successfully Completed, Status, Successfully Completed, Status, Successfully Completed, Status, Successfully Completed, Status, Successfully Completed, Status, Successfully Completed, Status, Successfully Completed, Status, Successfully Completed, Status, Successfully Completed, Status, Successfully Completed, Status, Successfully Completed, Status, Successfully Completed, Status, Successfully Completed, Status, Successfully Completed, Status, Successfully Completed, Status, Successfully Completed, Status, Successfully Completed, Status, Successfully Completed, Status, Successfully Completed, Status, Successfully Completed, Status, Successfully Completed, Status, Successfully Completed, Status, Successfully Completed, Status, Successfully Completed, Status, Successfully Completed, Status, Successfully Completed, Status, Successfully Completed, Status, Successfully Completed, Status, Successfully Completed, Status, Successfully Completed, Status, Successfully Completed, Status, Successfully Completed, Status, Successfully Completed, Status, Successfully Completed, Status, Successfully Completed, Status, Successfully Completed, Status, Successfully Completed, Status, Successfully Completed, Status, Successfully Completed, Status, Successfully Completed, Status, Successfully Completed, Status, Successfully Completed, Status, Successfully Completed, Status, Successfully Completed, Status, Successfully Completed, Status, Successfully Completed, Status, Successfully Completed, Status, Successfully Completed, Status, Successfully Completed, Status, Successfully Completed, Status, Successfully Completed, Status, Successfully Completed, Status, Successfully Completed, Status, Successfully Completed, Status, Successfully Completed, Status, Successfully Completed, Status, Successfully Completed, Status, Successfully Completed, Status, Successfully Completed, Status, Successfully Completed, Status, Successfully Completed, Status, Successfully Completed, Status, Successfully Completed, Status, Successfully Completed, Status, Successfully Completed, Status, Successfully Completed, Status, Successfully Completed, Status, Successfully Completed, Status, Successfully Completed, Status, Successfully Completed, Status, Successfully Completed, Status, Successfully Completed, Status, Successfully Completed, Status, Successfully Completed, Status, Successfully Completed, Status, Successfully Completed, Status, Successfully Completed, Status, Successfully Completed, Status, Successfully Completed, Status, Successfully Completed, Status, Successfully Completed, Status, Successfully Completed, Status, Successfully Completed, Status, Successfully Completed, Status, Successfully Completed, Status, Successfully Completed, Status, Successfully Completed, Status, Successfully Completed, Status, Successfully Completed, Status, Successfully Completed, Status, Successfully Completed, Status, Successfully Completed, Status, Successfully Completed, Status, Successfully Completed, Status, Successfully Completed, Status, Successfully Completed, Status, Successfully Completed, Status, Successfully Completed, Status, Successfully Completed, Status, Successfully Completed, Status, Successfully Completed, Status, Successfully Completed, Status, Successfully Completed, Status, Successfully Completed, Status, Successfully Completed, Status, Successfully Completed, Status, Successfully Completed, Status, Successfully Completed, Status, Successfully Completed, Status, Successfully Completed, Status, Successfully Completed, Status, Successfully Completed, Status, Successfully Completed, Status, Successfully Completed, Status, Successfully Completed, Status, Successfully Completed, Status, Successfully Completed, Status, Successfully Completed, Status, Successfully Completed, Status, Successfully Completed, Status, Successfully Completed, Status, Successfully Completed, Status, Successfully Completed, Status]
[neelback4more@gmail.com, Subho1991*, Status, Successfully Completed, Status, Successfully Completed, Status, Successfully Completed, Status, Successfully Completed, Status, Successfully Completed, Status, Successfully Completed, Status, Successfully Completed, Status, Successfully Completed, Status, Successfully Completed, Status, Successfully Completed, Status, Successfully Completed, Status, Successfully Completed, Status, Successfully Completed, Status, Successfully Completed, Status, Successfully Completed, Status, Successfully Completed, Status, Successfully Completed, Status, Successfully Completed, Status, Successfully Completed, Status, Successfully Completed, Status, Successfully Completed, Status, Successfully Completed, Status, Successfully Completed, Status, Successfully Completed, Status, Successfully Completed, Status, Successfully Completed, Status, Successfully Completed, Status, Successfully Completed, Status, Successfully Completed, Status, Successfully Completed, Status, Successfully Completed, Status, Successfully Completed, Status, Successfully Completed, Status, Successfully Completed, Status, Successfully Completed, Status, Successfully Completed, Status, Successfully Completed, Status, Successfully Completed, Status, Successfully Completed, Status, Successfully Completed, Status, Successfully Completed, Status, Successfully Completed, Status, Successfully Completed, Status, Successfully Completed, Status, Successfully Completed, Status, Successfully Completed, Status, Successfully Completed, Status, Successfully Completed, Status, Successfully Completed, Status, Successfully Completed, Status, Successfully Completed, Status, Successfully Completed, Status, Successfully Completed, Status, Successfully Completed, Status, Successfully Completed, Status, Successfully Completed, Status, Successfully Completed, Status, Successfully Completed, Status, Successfully Completed, Status, Successfully Completed, Status, Successfully Completed, Status, Successfully Completed, Status, Successfully Completed, Status, Successfully Completed, Status, Successfully Completed, Status, Successfully Completed, Status, Successfully Completed, Status, Successfully Completed, Status, Successfully Completed, Status, Successfully Completed, Status, Successfully Completed, Status, Successfully Completed, Status, Successfully Completed, Status, Successfully Completed, Status, Successfully Completed, Status, Successfully Completed, Status, Successfully Completed, Status, Successfully Completed, Status, Successfully Completed, Status, Successfully Completed, Status, Successfully Completed, Status, Successfully Completed, Status, Successfully Completed, Status, Successfully Completed, Status, Successfully Completed, Status, Successfully Completed, Status, Successfully Completed, Status, Successfully Completed, Status, Successfully Completed, Status, Successfully Completed, Status, Successfully Completed, Status, Successfully Completed, Status, Successfully Completed, Status, Successfully Completed, Status, Successfully Completed, Status, Successfully Completed, Status, Successfully Completed, Status, Successfully Completed, Status, Successfully Completed, Status, Successfully Completed, Status, Successfully Completed, Status, Successfully Completed, Status, Successfully Completed, Status, Successfully Completed, Status, Successfully Completed, Status, Successfully Completed, Status, Successfully Completed, Status, Successfully Completed, Status, Successfully Completed, Status, Successfully Completed, Status, Successfully Completed, Status, Successfully Completed, Status, Successfully Completed, Status, Successfully Completed, Status, Successfully Completed, Status, Successfully Completed, Status, Successfully Completed, Status, Successfully Completed, Status, Successfully Completed, Status, Successfully Completed, Status, Successfully Completed, Status, Successfully Completed, Status, Successfully Completed, Status, Successfully Completed, Status, Successfully Completed, Status, Successfully Completed, Status, Successfully Completed, Status, Successfully Completed, Status, Successfully Completed, Status, Successfully Completed, Status, Successfully Completed, Status, Successfully Completed, Status, Successfully Completed, Status, Successfully Completed, Status, Successfully Completed, Status, Successfully Completed, Status, Successfully Completed, Status, Successfully Completed, Status, Successfully Completed, Status, Successfully Completed, Status, Successfully Completed, Status, Successfully Completed, Status, Successfully Completed, Status, Successfully Completed, Status, Successfully Completed, Status, Successfully Completed, Status, Successfully Completed]
[neelback4more@gmail.com, Subho1991*, Status, Successfully Completed, Status, Successfully Completed, Status, Successfully Completed, Status, Successfully Completed, Status, Successfully Completed, Status, Successfully Completed, Status, Successfully Completed, Status, Successfully Completed, Status, Successfully Completed, Status, Successfully Completed, Status, Successfully Completed, Status, Successfully Completed, Status, Successfully Completed, Status, Successfully Completed, Status, Successfully Completed, Status, Successfully Completed, Status, Successfully Completed, Status, Successfully Completed, Status, Successfully Completed, Status, Successfully Completed, Status, Successfully Completed, Status, Successfully Completed, Status, Successfully Completed, Status, Successfully Completed, Status, Successfully Completed, Status, Successfully Completed, Status, Successfully Completed, Status, Successfully Completed, Status, Successfully Completed, Status, Successfully Completed, Status, Successfully Completed, Status, Successfully Completed, Status, Successfully Completed, Status, Successfully Completed, Status, Successfully Completed, Status, Successfully Completed, Status, Successfully Completed, Status, Successfully Completed, Status, Successfully Completed, Status, Successfully Completed, Status, Successfully Completed, Status, Successfully Completed, Status, Successfully Completed, Status, Successfully Completed, Status, Successfully Completed, Status, Successfully Completed, Status, Successfully Completed, Status, Successfully Completed, Status, Successfully Completed, Status, Successfully Completed, Status, Successfully Completed, Status, Successfully Completed, Status, Successfully Completed, Status, Successfully Completed, Status, Successfully Completed, Status, Successfully Completed, Status, Successfully Completed, Status, Successfully Completed, Status, Successfully Completed, Status, Successfully Completed, Status, Successfully Completed, Status, Successfully Completed, Status, Successfully Completed, Status, Successfully Completed, Status, Successfully Completed, Status, Successfully Completed, Status, Successfully Completed, Status, Successfully Completed, Status, Successfully Completed, Status, Successfully Completed, Status, Successfully Completed, Status, Successfully Completed, Status, Successfully Completed, Status, Successfully Completed, Status, Successfully Completed, Status, Successfully Completed, Status, Successfully Completed, Status, Successfully Completed, Status, Successfully Completed, Status, Successfully Completed, Status, Successfully Completed, Status, Successfully Completed, Status, Successfully Completed, Status, Successfully Completed, Status, Successfully Completed, Status, Successfully Completed, Status, Successfully Completed, Status, Successfully Completed, Status, Successfully Completed, Status, Successfully Completed, Status, Successfully Completed, Status, Successfully Completed, Status, Successfully Completed, Status, Successfully Completed, Status, Successfully Completed, Status, Successfully Completed, Status, Successfully Completed, Status, Successfully Completed, Status, Successfully Completed, Status, Successfully Completed, Status, Successfully Completed, Status, Successfully Completed, Status, Successfully Completed, Status, Successfully Completed, Status, Successfully Completed, Status, Successfully Completed, Status, Successfully Completed, Status, Successfully Completed, Status, Successfully Completed, Status, Successfully Completed, Status, Successfully Completed, Status, Successfully Completed, Status, Successfully Completed, Status, Successfully Completed, Status, Successfully Completed, Status, Successfully Completed, Status, Successfully Completed, Status, Successfully Completed, Status, Successfully Completed, Status, Successfully Completed, Status, Successfully Completed, Status, Successfully Completed, Status, Successfully Completed, Status, Successfully Completed, Status, Successfully Completed, Status, Successfully Completed, Status, Successfully Completed, Status, Successfully Completed, Status, Successfully Completed, Status, Successfully Completed, Status, Successfully Completed, Status, Successfully Completed, Status, Successfully Completed, Status, Successfully Completed, Status, Successfully Completed, Status, Successfully Completed, Status, Successfully Completed, Status, Successfully Completed, Status, Successfully Completed, Status, Successfully Completed, Status, Successfully Completed, Status, Successfully Completed, Status, Successfully Completed, Status, Successfully Completed, Status, Successfully Completed, Status, Successfully Completed, Status, Successfully Completed, Status]
[neelback4more@gmail.com, Subho1991*, Status, Successfully Completed, Status, Successfully Completed, Status, Successfully Completed, Status, Successfully Completed, Status, Successfully Completed, Status, Successfully Completed, Status, Successfully Completed, Status, Successfully Completed, Status, Successfully Completed, Status, Successfully Completed, Status, Successfully Completed, Status, Successfully Completed, Status, Successfully Completed, Status, Successfully Completed, Status, Successfully Completed, Status, Successfully Completed, Status, Successfully Completed, Status, Successfully Completed, Status, Successfully Completed, Status, Successfully Completed, Status, Successfully Completed, Status, Successfully Completed, Status, Successfully Completed, Status, Successfully Completed, Status, Successfully Completed, Status, Successfully Completed, Status, Successfully Completed, Status, Successfully Completed, Status, Successfully Completed, Status, Successfully Completed, Status, Successfully Completed, Status, Successfully Completed, Status, Successfully Completed, Status, Successfully Completed, Status, Successfully Completed, Status, Successfully Completed, Status, Successfully Completed, Status, Successfully Completed, Status, Successfully Completed, Status, Successfully Completed, Status, Successfully Completed, Status, Successfully Completed, Status, Successfully Completed, Status, Successfully Completed, Status, Successfully Completed, Status, Successfully Completed, Status, Successfully Completed, Status, Successfully Completed, Status, Successfully Completed, Status, Successfully Completed, Status, Successfully Completed, Status, Successfully Completed, Status, Successfully Completed, Status, Successfully Completed, Status, Successfully Completed, Status, Successfully Completed, Status, Successfully Completed, Status, Successfully Completed, Status, Successfully Completed, Status, Successfully Completed, Status, Successfully Completed, Status, Successfully Completed, Status, Successfully Completed, Status, Successfully Completed, Status, Successfully Completed, Status, Successfully Completed, Status, Successfully Completed, Status, Successfully Completed, Status, Successfully Completed, Status, Successfully Completed, Status, Successfully Completed, Status, Successfully Completed, Status, Successfully Completed, Status, Successfully Completed, Status, Successfully Completed, Status, Successfully Completed, Status, Successfully Completed, Status, Successfully Completed, Status, Successfully Completed, Status, Successfully Completed, Status, Successfully Completed, Status, Successfully Completed, Status, Successfully Completed, Status, Successfully Completed, Status, Successfully Completed, Status, Successfully Completed, Status, Successfully Completed, Status, Successfully Completed, Status, Successfully Completed, Status, Successfully Completed, Status, Successfully Completed, Status, Successfully Completed, Status, Successfully Completed, Status, Successfully Completed, Status, Successfully Completed, Status, Successfully Completed, Status, Successfully Completed, Status, Successfully Completed, Status, Successfully Completed, Status, Successfully Completed, Status, Successfully Completed, Status, Successfully Completed, Status, Successfully Completed, Status, Successfully Completed, Status, Successfully Completed, Status, Successfully Completed, Status, Successfully Completed, Status, Successfully Completed, Status, Successfully Completed, Status, Successfully Completed, Status, Successfully Completed, Status, Successfully Completed, Status, Successfully Completed, Status, Successfully Completed, Status, Successfully Completed, Status, Successfully Completed, Status, Successfully Completed, Status, Successfully Completed, Status, Successfully Completed, Status, Successfully Completed, Status, Successfully Completed, Status, Successfully Completed, Status, Successfully Completed, Status, Successfully Completed, Status, Successfully Completed, Status, Successfully Completed, Status, Successfully Completed, Status, Successfully Completed, Status, Successfully Completed, Status, Successfully Completed, Status, Successfully Completed, Status, Successfully Completed, Status, Successfully Completed, Status, Successfully Completed, Status, Successfully Completed, Status, Successfully Completed, Status, Successfully Completed, Status, Successfully Completed, Status, Successfully Completed, Status, Successfully Completed, Status, Successfully Completed, Status, Successfully Completed, Status, Successfully Completed, Status, Successfully Completed, Status, Successfully Completed, Status, Successfully Completed, Status, Successfully Completed, Status, Successfully Completed]
[neelback4more@gmail.com, Subho1991*, Status, Successfully Completed, Status, Successfully Completed, Status, Successfully Completed, Status, Successfully Completed, Status, Successfully Completed, Status, Successfully Completed, Status, Successfully Completed, Status, Successfully Completed, Status, Successfully Completed, Status, Successfully Completed, Status, Successfully Completed, Status, Successfully Completed, Status, Successfully Completed, Status, Successfully Completed, Status, Successfully Completed, Status, Successfully Completed, Status, Successfully Completed, Status, Successfully Completed, Status, Successfully Completed, Status, Successfully Completed, Status, Successfully Completed, Status, Successfully Completed, Status, Successfully Completed, Status, Successfully Completed, Status, Successfully Completed, Status, Successfully Completed, Status, Successfully Completed, Status, Successfully Completed, Status, Successfully Completed, Status, Successfully Completed, Status, Successfully Completed, Status, Successfully Completed, Status, Successfully Completed, Status, Successfully Completed, Status, Successfully Completed, Status, Successfully Completed, Status, Successfully Completed, Status, Successfully Completed, Status, Successfully Completed, Status, Successfully Completed, Status, Successfully Completed, Status, Successfully Completed, Status, Successfully Completed, Status, Successfully Completed, Status, Successfully Completed, Status, Successfully Completed, Status, Successfully Completed, Status, Successfully Completed, Status, Successfully Completed, Status, Successfully Completed, Status, Successfully Completed, Status, Successfully Completed, Status, Successfully Completed, Status, Successfully Completed, Status, Successfully Completed, Status, Successfully Completed, Status, Successfully Completed, Status, Successfully Completed, Status, Successfully Completed, Status, Successfully Completed, Status, Successfully Completed, Status, Successfully Completed, Status, Successfully Completed, Status, Successfully Completed, Status, Successfully Completed, Status, Successfully Completed, Status, Successfully Completed, Status, Successfully Completed, Status, Successfully Completed, Status, Successfully Completed, Status, Successfully Completed, Status, Successfully Completed, Status, Successfully Completed, Status, Successfully Completed, Status, Successfully Completed, Status, Successfully Completed, Status, Successfully Completed, Status, Successfully Completed, Status, Successfully Completed, Status, Successfully Completed, Status, Successfully Completed, Status, Successfully Completed, Status, Successfully Completed, Status, Successfully Completed, Status, Successfully Completed, Status, Successfully Completed, Status, Successfully Completed, Status, Successfully Completed, Status, Successfully Completed, Status, Successfully Completed, Status, Successfully Completed, Status, Successfully Completed, Status, Successfully Completed, Status, Successfully Completed, Status, Successfully Completed, Status, Successfully Completed, Status, Successfully Completed, Status, Successfully Completed, Status, Successfully Completed, Status, Successfully Completed, Status, Successfully Completed, Status, Successfully Completed, Status, Successfully Completed, Status, Successfully Completed, Status, Successfully Completed, Status, Successfully Completed, Status, Successfully Completed, Status, Successfully Completed, Status, Successfully Completed, Status, Successfully Completed, Status, Successfully Completed, Status, Successfully Completed, Status, Successfully Completed, Status, Successfully Completed, Status, Successfully Completed, Status, Successfully Completed, Status, Successfully Completed, Status, Successfully Completed, Status, Successfully Completed, Status, Successfully Completed, Status, Successfully Completed, Status, Successfully Completed, Status, Successfully Completed, Status, Successfully Completed, Status, Successfully Completed, Status, Successfully Completed, Status, Successfully Completed, Status, Successfully Completed, Status, Successfully Completed, Status, Successfully Completed, Status, Successfully Completed, Status, Successfully Completed, Status, Successfully Completed, Status, Successfully Completed, Status, Successfully Completed, Status, Successfully Completed, Status, Successfully Completed, Status, Successfully Completed, Status, Successfully Completed, Status, Successfully Completed, Status, Successfully Completed, Status, Successfully Completed, Status, Successfully Completed, Status, Successfully Completed, Status, Successfully Completed, Status, Successfully Completed, Status, Successfully Completed, Status, Successfully Completed, Status]
[neelback4more@gmail.com, Subho1991*, Status, Successfully Completed, Status, Successfully Completed, Status, Successfully Completed, Status, Successfully Completed, Status, Successfully Completed, Status, Successfully Completed, Status, Successfully Completed, Status, Successfully Completed, Status, Successfully Completed, Status, Successfully Completed, Status, Successfully Completed, Status, Successfully Completed, Status, Successfully Completed, Status, Successfully Completed, Status, Successfully Completed, Status, Successfully Completed, Status, Successfully Completed, Status, Successfully Completed, Status, Successfully Completed, Status, Successfully Completed, Status, Successfully Completed, Status, Successfully Completed, Status, Successfully Completed, Status, Successfully Completed, Status, Successfully Completed, Status, Successfully Completed, Status, Successfully Completed, Status, Successfully Completed, Status, Successfully Completed, Status, Successfully Completed, Status, Successfully Completed, Status, Successfully Completed, Status, Successfully Completed, Status, Successfully Completed, Status, Successfully Completed, Status, Successfully Completed, Status, Successfully Completed, Status, Successfully Completed, Status, Successfully Completed, Status, Successfully Completed, Status, Successfully Completed, Status, Successfully Completed, Status, Successfully Completed, Status, Successfully Completed, Status, Successfully Completed, Status, Successfully Completed, Status, Successfully Completed, Status, Successfully Completed, Status, Successfully Completed, Status, Successfully Completed, Status, Successfully Completed, Status, Successfully Completed, Status, Successfully Completed, Status, Successfully Completed, Status, Successfully Completed, Status, Successfully Completed, Status, Successfully Completed, Status, Successfully Completed, Status, Successfully Completed, Status, Successfully Completed, Status, Successfully Completed, Status, Successfully Completed, Status, Successfully Completed, Status, Successfully Completed, Status, Successfully Completed, Status, Successfully Completed, Status, Successfully Completed, Status, Successfully Completed, Status, Successfully Completed, Status, Successfully Completed, Status, Successfully Completed, Status, Successfully Completed, Status, Successfully Completed, Status, Successfully Completed, Status, Successfully Completed, Status, Successfully Completed, Status, Successfully Completed, Status, Successfully Completed, Status, Successfully Completed, Status, Successfully Completed, Status, Successfully Completed, Status, Successfully Completed, Status, Successfully Completed, Status, Successfully Completed, Status, Successfully Completed, Status, Successfully Completed, Status, Successfully Completed, Status, Successfully Completed, Status, Successfully Completed, Status, Successfully Completed, Status, Successfully Completed, Status, Successfully Completed, Status, Successfully Completed, Status, Successfully Completed, Status, Successfully Completed, Status, Successfully Completed, Status, Successfully Completed, Status, Successfully Completed, Status, Successfully Completed, Status, Successfully Completed, Status, Successfully Completed, Status, Successfully Completed, Status, Successfully Completed, Status, Successfully Completed, Status, Successfully Completed, Status, Successfully Completed, Status, Successfully Completed, Status, Successfully Completed, Status, Successfully Completed, Status, Successfully Completed, Status, Successfully Completed, Status, Successfully Completed, Status, Successfully Completed, Status, Successfully Completed, Status, Successfully Completed, Status, Successfully Completed, Status, Successfully Completed, Status, Successfully Completed, Status, Successfully Completed, Status, Successfully Completed, Status, Successfully Completed, Status, Successfully Completed, Status, Successfully Completed, Status, Successfully Completed, Status, Successfully Completed, Status, Successfully Completed, Status, Successfully Completed, Status, Successfully Completed, Status, Successfully Completed, Status, Successfully Completed, Status, Successfully Completed, Status, Successfully Completed, Status, Successfully Completed, Status, Successfully Completed, Status, Successfully Completed, Status, Successfully Completed, Status, Successfully Completed, Status, Successfully Completed, Status, Successfully Completed, Status, Successfully Completed, Status, Successfully Completed, Status, Successfully Completed, Status, Successfully Completed, Status, Successfully Completed, Status, Successfully Completed, Status, Successfully Completed, Status, Successfully Completed, Status, Successfully Completed, Status, Successfully Completed]
[neelback4more@gmail.com, Subho1991*, Status, Successfully Completed, Status, Successfully Completed, Status, Successfully Completed, Status, Successfully Completed, Status, Successfully Completed, Status, Successfully Completed, Status, Successfully Completed, Status, Successfully Completed, Status, Successfully Completed, Status, Successfully Completed, Status, Successfully Completed, Status, Successfully Completed, Status, Successfully Completed, Status, Successfully Completed, Status, Successfully Completed, Status, Successfully Completed, Status, Successfully Completed, Status, Successfully Completed, Status, Successfully Completed, Status, Successfully Completed, Status, Successfully Completed, Status, Successfully Completed, Status, Successfully Completed, Status, Successfully Completed, Status, Successfully Completed, Status, Successfully Completed, Status, Successfully Completed, Status, Successfully Completed, Status, Successfully Completed, Status, Successfully Completed, Status, Successfully Completed, Status, Successfully Completed, Status, Successfully Completed, Status, Successfully Completed, Status, Successfully Completed, Status, Successfully Completed, Status, Successfully Completed, Status, Successfully Completed, Status, Successfully Completed, Status, Successfully Completed, Status, Successfully Completed, Status, Successfully Completed, Status, Successfully Completed, Status, Successfully Completed, Status, Successfully Completed, Status, Successfully Completed, Status, Successfully Completed, Status, Successfully Completed, Status, Successfully Completed, Status, Successfully Completed, Status, Successfully Completed, Status, Successfully Completed, Status, Successfully Completed, Status, Successfully Completed, Status, Successfully Completed, Status, Successfully Completed, Status, Successfully Completed, Status, Successfully Completed, Status, Successfully Completed, Status, Successfully Completed, Status, Successfully Completed, Status, Successfully Completed, Status, Successfully Completed, Status, Successfully Completed, Status, Successfully Completed, Status, Successfully Completed, Status, Successfully Completed, Status, Successfully Completed, Status, Successfully Completed, Status, Successfully Completed, Status, Successfully Completed, Status, Successfully Completed, Status, Successfully Completed, Status, Successfully Completed, Status, Successfully Completed, Status, Successfully Completed, Status, Successfully Completed, Status, Successfully Completed, Status, Successfully Completed, Status, Successfully Completed, Status, Successfully Completed, Status, Successfully Completed, Status, Successfully Completed, Status, Successfully Completed, Status, Successfully Completed, Status, Successfully Completed, Status, Successfully Completed, Status, Successfully Completed, Status, Successfully Completed, Status, Successfully Completed, Status, Successfully Completed, Status, Successfully Completed, Status, Successfully Completed, Status, Successfully Completed, Status, Successfully Completed, Status, Successfully Completed, Status, Successfully Completed, Status, Successfully Completed, Status, Successfully Completed, Status, Successfully Completed, Status, Successfully Completed, Status, Successfully Completed, Status, Successfully Completed, Status, Successfully Completed, Status, Successfully Completed, Status, Successfully Completed, Status, Successfully Completed, Status, Successfully Completed, Status, Successfully Completed, Status, Successfully Completed, Status, Successfully Completed, Status, Successfully Completed, Status, Successfully Completed, Status, Successfully Completed, Status, Successfully Completed, Status, Successfully Completed, Status, Successfully Completed, Status, Successfully Completed, Status, Successfully Completed, Status, Successfully Completed, Status, Successfully Completed, Status, Successfully Completed, Status, Successfully Completed, Status, Successfully Completed, Status, Successfully Completed, Status, Successfully Completed, Status, Successfully Completed, Status, Successfully Completed, Status, Successfully Completed, Status, Successfully Completed, Status, Successfully Completed, Status, Successfully Completed, Status, Successfully Completed, Status, Successfully Completed, Status, Successfully Completed, Status, Successfully Completed, Status, Successfully Completed, Status, Successfully Completed, Status, Successfully Completed, Status, Successfully Completed, Status, Successfully Completed, Status, Successfully Completed, Status, Successfully Completed, Status, Successfully Completed, Status, Successfully Completed, Status, Successfully Completed, Status, Successfully Completed, Status, Successfully Completed, Status, Successfully Completed, Status]
[neelback4more@gmail.com, Subho1991*, Status, Successfully Completed, Status, Successfully Completed, Status, Successfully Completed, Status, Successfully Completed, Status, Successfully Completed, Status, Successfully Completed, Status, Successfully Completed, Status, Successfully Completed, Status, Successfully Completed, Status, Successfully Completed, Status, Successfully Completed, Status, Successfully Completed, Status, Successfully Completed, Status, Successfully Completed, Status, Successfully Completed, Status, Successfully Completed, Status, Successfully Completed, Status, Successfully Completed, Status, Successfully Completed, Status, Successfully Completed, Status, Successfully Completed, Status, Successfully Completed, Status, Successfully Completed, Status, Successfully Completed, Status, Successfully Completed, Status, Successfully Completed, Status, Successfully Completed, Status, Successfully Completed, Status, Successfully Completed, Status, Successfully Completed, Status, Successfully Completed, Status, Successfully Completed, Status, Successfully Completed, Status, Successfully Completed, Status, Successfully Completed, Status, Successfully Completed, Status, Successfully Completed, Status, Successfully Completed, Status, Successfully Completed, Status, Successfully Completed, Status, Successfully Completed, Status, Successfully Completed, Status, Successfully Completed, Status, Successfully Completed, Status, Successfully Completed, Status, Successfully Completed, Status, Successfully Completed, Status, Successfully Completed, Status, Successfully Completed, Status, Successfully Completed, Status, Successfully Completed, Status, Successfully Completed, Status, Successfully Completed, Status, Successfully Completed, Status, Successfully Completed, Status, Successfully Completed, Status, Successfully Completed, Status, Successfully Completed, Status, Successfully Completed, Status, Successfully Completed, Status, Successfully Completed, Status, Successfully Completed, Status, Successfully Completed, Status, Successfully Completed, Status, Successfully Completed, Status, Successfully Completed, Status, Successfully Completed, Status, Successfully Completed, Status, Successfully Completed, Status, Successfully Completed, Status, Successfully Completed, Status, Successfully Completed, Status, Successfully Completed, Status, Successfully Completed, Status, Successfully Completed, Status, Successfully Completed, Status, Successfully Completed, Status, Successfully Completed, Status, Successfully Completed, Status, Successfully Completed, Status, Successfully Completed, Status, Successfully Completed, Status, Successfully Completed, Status, Successfully Completed, Status, Successfully Completed, Status, Successfully Completed, Status, Successfully Completed, Status, Successfully Completed, Status, Successfully Completed, Status, Successfully Completed, Status, Successfully Completed, Status, Successfully Completed, Status, Successfully Completed, Status, Successfully Completed, Status, Successfully Completed, Status, Successfully Completed, Status, Successfully Completed, Status, Successfully Completed, Status, Successfully Completed, Status, Successfully Completed, Status, Successfully Completed, Status, Successfully Completed, Status, Successfully Completed, Status, Successfully Completed, Status, Successfully Completed, Status, Successfully Completed, Status, Successfully Completed, Status, Successfully Completed, Status, Successfully Completed, Status, Successfully Completed, Status, Successfully Completed, Status, Successfully Completed, Status, Successfully Completed, Status, Successfully Completed, Status, Successfully Completed, Status, Successfully Completed, Status, Successfully Completed, Status, Successfully Completed, Status, Successfully Completed, Status, Successfully Completed, Status, Successfully Completed, Status, Successfully Completed, Status, Successfully Completed, Status, Successfully Completed, Status, Successfully Completed, Status, Successfully Completed, Status, Successfully Completed, Status, Successfully Completed, Status, Successfully Completed, Status, Successfully Completed, Status, Successfully Completed, Status, Successfully Completed, Status, Successfully Completed, Status, Successfully Completed, Status, Successfully Completed, Status, Successfully Completed, Status, Successfully Completed, Status, Successfully Completed, Status, Successfully Completed, Status, Successfully Completed, Status, Successfully Completed, Status, Successfully Completed, Status, Successfully Completed, Status, Successfully Completed, Status, Successfully Completed, Status, Successfully Completed, Status, Successfully Completed, Status, Successfully Completed, Status, Successfully Completed, Status, Successfully Completed]
[neelback4more@gmail.com, Subho1991*, Status, Successfully Completed, Status, Successfully Completed, Status, Successfully Completed, Status, Successfully Completed, Status, Successfully Completed, Status, Successfully Completed, Status, Successfully Completed, Status, Successfully Completed, Status, Successfully Completed, Status, Successfully Completed, Status, Successfully Completed, Status, Successfully Completed, Status, Successfully Completed, Status, Successfully Completed, Status, Successfully Completed, Status, Successfully Completed, Status, Successfully Completed, Status, Successfully Completed, Status, Successfully Completed, Status, Successfully Completed, Status, Successfully Completed, Status, Successfully Completed, Status, Successfully Completed, Status, Successfully Completed, Status, Successfully Completed, Status, Successfully Completed, Status, Successfully Completed, Status, Successfully Completed, Status, Successfully Completed, Status, Successfully Completed, Status, Successfully Completed, Status, Successfully Completed, Status, Successfully Completed, Status, Successfully Completed, Status, Successfully Completed, Status, Successfully Completed, Status, Successfully Completed, Status, Successfully Completed, Status, Successfully Completed, Status, Successfully Completed, Status, Successfully Completed, Status, Successfully Completed, Status, Successfully Completed, Status, Successfully Completed, Status, Successfully Completed, Status, Successfully Completed, Status, Successfully Completed, Status, Successfully Completed, Status, Successfully Completed, Status, Successfully Completed, Status, Successfully Completed, Status, Successfully Completed, Status, Successfully Completed, Status, Successfully Completed, Status, Successfully Completed, Status, Successfully Completed, Status, Successfully Completed, Status, Successfully Completed, Status, Successfully Completed, Status, Successfully Completed, Status, Successfully Completed, Status, Successfully Completed, Status, Successfully Completed, Status, Successfully Completed, Status, Successfully Completed, Status, Successfully Completed, Status, Successfully Completed, Status, Successfully Completed, Status, Successfully Completed, Status, Successfully Completed, Status, Successfully Completed, Status, Successfully Completed, Status, Successfully Completed, Status, Successfully Completed, Status, Successfully Completed, Status, Successfully Completed, Status, Successfully Completed, Status, Successfully Completed, Status, Successfully Completed, Status, Successfully Completed, Status, Successfully Completed, Status, Successfully Completed, Status, Successfully Completed, Status, Successfully Completed, Status, Successfully Completed, Status, Successfully Completed, Status, Successfully Completed, Status, Successfully Completed, Status, Successfully Completed, Status, Successfully Completed, Status, Successfully Completed, Status, Successfully Completed, Status, Successfully Completed, Status, Successfully Completed, Status, Successfully Completed, Status, Successfully Completed, Status, Successfully Completed, Status, Successfully Completed, Status, Successfully Completed, Status, Successfully Completed, Status, Successfully Completed, Status, Successfully Completed, Status, Successfully Completed, Status, Successfully Completed, Status, Successfully Completed, Status, Successfully Completed, Status, Successfully Completed, Status, Successfully Completed, Status, Successfully Completed, Status, Successfully Completed, Status, Successfully Completed, Status, Successfully Completed, Status, Successfully Completed, Status, Successfully Completed, Status, Successfully Completed, Status, Successfully Completed, Status, Successfully Completed, Status, Successfully Completed, Status, Successfully Completed, Status, Successfully Completed, Status, Successfully Completed, Status, Successfully Completed, Status, Successfully Completed, Status, Successfully Completed, Status, Successfully Completed, Status, Successfully Completed, Status, Successfully Completed, Status, Successfully Completed, Status, Successfully Completed, Status, Successfully Completed, Status, Successfully Completed, Status, Successfully Completed, Status, Successfully Completed, Status, Successfully Completed, Status, Successfully Completed, Status, Successfully Completed, Status, Successfully Completed, Status, Successfully Completed, Status, Successfully Completed, Status, Successfully Completed, Status, Successfully Completed, Status, Successfully Completed, Status, Successfully Completed, Status, Successfully Completed, Status, Successfully Completed, Status, Successfully Completed, Status, Successfully Completed, Status, Successfully Completed, Status, Successfully Completed, Status, Successfully Completed, Status]
[neelback4more@gmail.com, Subho1991*, Status, Successfully Completed, Status, Successfully Completed, Status, Successfully Completed, Status, Successfully Completed, Status, Successfully Completed, Status, Successfully Completed, Status, Successfully Completed, Status, Successfully Completed, Status, Successfully Completed, Status, Successfully Completed, Status, Successfully Completed, Status, Successfully Completed, Status, Successfully Completed, Status, Successfully Completed, Status, Successfully Completed, Status, Successfully Completed, Status, Successfully Completed, Status, Successfully Completed, Status, Successfully Completed, Status, Successfully Completed, Status, Successfully Completed, Status, Successfully Completed, Status, Successfully Completed, Status, Successfully Completed, Status, Successfully Completed, Status, Successfully Completed, Status, Successfully Completed, Status, Successfully Completed, Status, Successfully Completed, Status, Successfully Completed, Status, Successfully Completed, Status, Successfully Completed, Status, Successfully Completed, Status, Successfully Completed, Status, Successfully Completed, Status, Successfully Completed, Status, Successfully Completed, Status, Successfully Completed, Status, Successfully Completed, Status, Successfully Completed, Status, Successfully Completed, Status, Successfully Completed, Status, Successfully Completed, Status, Successfully Completed, Status, Successfully Completed, Status, Successfully Completed, Status, Successfully Completed, Status, Successfully Completed, Status, Successfully Completed, Status, Successfully Completed, Status, Successfully Completed, Status, Successfully Completed, Status, Successfully Completed, Status, Successfully Completed, Status, Successfully Completed, Status, Successfully Completed, Status, Successfully Completed, Status, Successfully Completed, Status, Successfully Completed, Status, Successfully Completed, Status, Successfully Completed, Status, Successfully Completed, Status, Successfully Completed, Status, Successfully Completed, Status, Successfully Completed, Status, Successfully Completed, Status, Successfully Completed, Status, Successfully Completed, Status, Successfully Completed, Status, Successfully Completed, Status, Successfully Completed, Status, Successfully Completed, Status, Successfully Completed, Status, Successfully Completed, Status, Successfully Completed, Status, Successfully Completed, Status, Successfully Completed, Status, Successfully Completed, Status, Successfully Completed, Status, Successfully Completed, Status, Successfully Completed, Status, Successfully Completed, Status, Successfully Completed, Status, Successfully Completed, Status, Successfully Completed, Status, Successfully Completed, Status, Successfully Completed, Status, Successfully Completed, Status, Successfully Completed, Status, Successfully Completed, Status, Successfully Completed, Status, Successfully Completed, Status, Successfully Completed, Status, Successfully Completed, Status, Successfully Completed, Status, Successfully Completed, Status, Successfully Completed, Status, Successfully Completed, Status, Successfully Completed, Status, Successfully Completed, Status, Successfully Completed, Status, Successfully Completed, Status, Successfully Completed, Status, Successfully Completed, Status, Successfully Completed, Status, Successfully Completed, Status, Successfully Completed, Status, Successfully Completed, Status, Successfully Completed, Status, Successfully Completed, Status, Successfully Completed, Status, Successfully Completed, Status, Successfully Completed, Status, Successfully Completed, Status, Successfully Completed, Status, Successfully Completed, Status, Successfully Completed, Status, Successfully Completed, Status, Successfully Completed, Status, Successfully Completed, Status, Successfully Completed, Status, Successfully Completed, Status, Successfully Completed, Status, Successfully Completed, Status, Successfully Completed, Status, Successfully Completed, Status, Successfully Completed, Status, Successfully Completed, Status, Successfully Completed, Status, Successfully Completed, Status, Successfully Completed, Status, Successfully Completed, Status, Successfully Completed, Status, Successfully Completed, Status, Successfully Completed, Status, Successfully Completed, Status, Successfully Completed, Status, Successfully Completed, Status, Successfully Completed, Status, Successfully Completed, Status, Successfully Completed, Status, Successfully Completed, Status, Successfully Completed, Status, Successfully Completed, Status, Successfully Completed, Status, Successfully Completed, Status, Successfully Completed, Status, Successfully Completed, Status, Successfully Completed, Status, Successfully Completed, Status, Successfully Completed]
[neelback4more@gmail.com, Subho1991*, Status, Successfully Completed, Status, Successfully Completed, Status, Successfully Completed, Status, Successfully Completed, Status, Successfully Completed, Status, Successfully Completed, Status, Successfully Completed, Status, Successfully Completed, Status, Successfully Completed, Status, Successfully Completed, Status, Successfully Completed, Status, Successfully Completed, Status, Successfully Completed, Status, Successfully Completed, Status, Successfully Completed, Status, Successfully Completed, Status, Successfully Completed, Status, Successfully Completed, Status, Successfully Completed, Status, Successfully Completed, Status, Successfully Completed, Status, Successfully Completed, Status, Successfully Completed, Status, Successfully Completed, Status, Successfully Completed, Status, Successfully Completed, Status, Successfully Completed, Status, Successfully Completed, Status, Successfully Completed, Status, Successfully Completed, Status, Successfully Completed, Status, Successfully Completed, Status, Successfully Completed, Status, Successfully Completed, Status, Successfully Completed, Status, Successfully Completed, Status, Successfully Completed, Status, Successfully Completed, Status, Successfully Completed, Status, Successfully Completed, Status, Successfully Completed, Status, Successfully Completed, Status, Successfully Completed, Status, Successfully Completed, Status, Successfully Completed, Status, Successfully Completed, Status, Successfully Completed, Status, Successfully Completed, Status, Successfully Completed, Status, Successfully Completed, Status, Successfully Completed, Status, Successfully Completed, Status, Successfully Completed, Status, Successfully Completed, Status, Successfully Completed, Status, Successfully Completed, Status, Successfully Completed, Status, Successfully Completed, Status, Successfully Completed, Status, Successfully Completed, Status, Successfully Completed, Status, Successfully Completed, Status, Successfully Completed, Status, Successfully Completed, Status, Successfully Completed, Status, Successfully Completed, Status, Successfully Completed, Status, Successfully Completed, Status, Successfully Completed, Status, Successfully Completed, Status, Successfully Completed, Status, Successfully Completed, Status, Successfully Completed, Status, Successfully Completed, Status, Successfully Completed, Status, Successfully Completed, Status, Successfully Completed, Status, Successfully Completed, Status, Successfully Completed, Status, Successfully Completed, Status, Successfully Completed, Status, Successfully Completed, Status, Successfully Completed, Status, Successfully Completed, Status, Successfully Completed, Status, Successfully Completed, Status, Successfully Completed, Status, Successfully Completed, Status, Successfully Completed, Status, Successfully Completed, Status, Successfully Completed, Status, Successfully Completed, Status, Successfully Completed, Status, Successfully Completed, Status, Successfully Completed, Status, Successfully Completed, Status, Successfully Completed, Status, Successfully Completed, Status, Successfully Completed, Status, Successfully Completed, Status, Successfully Completed, Status, Successfully Completed, Status, Successfully Completed, Status, Successfully Completed, Status, Successfully Completed, Status, Successfully Completed, Status, Successfully Completed, Status, Successfully Completed, Status, Successfully Completed, Status, Successfully Completed, Status, Successfully Completed, Status, Successfully Completed, Status, Successfully Completed, Status, Successfully Completed, Status, Successfully Completed, Status, Successfully Completed, Status, Successfully Completed, Status, Successfully Completed, Status, Successfully Completed, Status, Successfully Completed, Status, Successfully Completed, Status, Successfully Completed, Status, Successfully Completed, Status, Successfully Completed, Status, Successfully Completed, Status, Successfully Completed, Status, Successfully Completed, Status, Successfully Completed, Status, Successfully Completed, Status, Successfully Completed, Status, Successfully Completed, Status, Successfully Completed, Status, Successfully Completed, Status, Successfully Completed, Status, Successfully Completed, Status, Successfully Completed, Status, Successfully Completed, Status, Successfully Completed, Status, Successfully Completed, Status, Successfully Completed, Status, Successfully Completed, Status, Successfully Completed, Status, Successfully Completed, Status, Successfully Completed, Status, Successfully Completed, Status, Successfully Completed, Status, Successfully Completed, Status, Successfully Completed, Status, Successfully Completed, Status, Successfully Completed, Status, Successfully Completed, Status]
[neelback4more@gmail.com, Subho1991*, Status, Successfully Completed, Status, Successfully Completed, Status, Successfully Completed, Status, Successfully Completed, Status, Successfully Completed, Status, Successfully Completed, Status, Successfully Completed, Status, Successfully Completed, Status, Successfully Completed, Status, Successfully Completed, Status, Successfully Completed, Status, Successfully Completed, Status, Successfully Completed, Status, Successfully Completed, Status, Successfully Completed, Status, Successfully Completed, Status, Successfully Completed, Status, Successfully Completed, Status, Successfully Completed, Status, Successfully Completed, Status, Successfully Completed, Status, Successfully Completed, Status, Successfully Completed, Status, Successfully Completed, Status, Successfully Completed, Status, Successfully Completed, Status, Successfully Completed, Status, Successfully Completed, Status, Successfully Completed, Status, Successfully Completed, Status, Successfully Completed, Status, Successfully Completed, Status, Successfully Completed, Status, Successfully Completed, Status, Successfully Completed, Status, Successfully Completed, Status, Successfully Completed, Status, Successfully Completed, Status, Successfully Completed, Status, Successfully Completed, Status, Successfully Completed, Status, Successfully Completed, Status, Successfully Completed, Status, Successfully Completed, Status, Successfully Completed, Status, Successfully Completed, Status, Successfully Completed, Status, Successfully Completed, Status, Successfully Completed, Status, Successfully Completed, Status, Successfully Completed, Status, Successfully Completed, Status, Successfully Completed, Status, Successfully Completed, Status, Successfully Completed, Status, Successfully Completed, Status, Successfully Completed, Status, Successfully Completed, Status, Successfully Completed, Status, Successfully Completed, Status, Successfully Completed, Status, Successfully Completed, Status, Successfully Completed, Status, Successfully Completed, Status, Successfully Completed, Status, Successfully Completed, Status, Successfully Completed, Status, Successfully Completed, Status, Successfully Completed, Status, Successfully Completed, Status, Successfully Completed, Status, Successfully Completed, Status, Successfully Completed, Status, Successfully Completed, Status, Successfully Completed, Status, Successfully Completed, Status, Successfully Completed, Status, Successfully Completed, Status, Successfully Completed, Status, Successfully Completed, Status, Successfully Completed, Status, Successfully Completed, Status, Successfully Completed, Status, Successfully Completed, Status, Successfully Completed, Status, Successfully Completed, Status, Successfully Completed, Status, Successfully Completed, Status, Successfully Completed, Status, Successfully Completed, Status, Successfully Completed, Status, Successfully Completed, Status, Successfully Completed, Status, Successfully Completed, Status, Successfully Completed, Status, Successfully Completed, Status, Successfully Completed, Status, Successfully Completed, Status, Successfully Completed, Status, Successfully Completed, Status, Successfully Completed, Status, Successfully Completed, Status, Successfully Completed, Status, Successfully Completed, Status, Successfully Completed, Status, Successfully Completed, Status, Successfully Completed, Status, Successfully Completed, Status, Successfully Completed, Status, Successfully Completed, Status, Successfully Completed, Status, Successfully Completed, Status, Successfully Completed, Status, Successfully Completed, Status, Successfully Completed, Status, Successfully Completed, Status, Successfully Completed, Status, Successfully Completed, Status, Successfully Completed, Status, Successfully Completed, Status, Successfully Completed, Status, Successfully Completed, Status, Successfully Completed, Status, Successfully Completed, Status, Successfully Completed, Status, Successfully Completed, Status, Successfully Completed, Status, Successfully Completed, Status, Successfully Completed, Status, Successfully Completed, Status, Successfully Completed, Status, Successfully Completed, Status, Successfully Completed, Status, Successfully Completed, Status, Successfully Completed, Status, Successfully Completed, Status, Successfully Completed, Status, Successfully Completed, Status, Successfully Completed, Status, Successfully Completed, Status, Successfully Completed, Status, Successfully Completed, Status, Successfully Completed, Status, Successfully Completed, Status, Successfully Completed, Status, Successfully Completed, Status, Successfully Completed, Status, Successfully Completed, Status, Successfully Completed, Status, Successfully Completed, Status, Successfully Completed, Status, Successfully Completed]
[neelback4more@gmail.com, Subho1991*, Status, Successfully Completed, Status, Successfully Completed, Status, Successfully Completed, Status, Successfully Completed, Status, Successfully Completed, Status, Successfully Completed, Status, Successfully Completed, Status, Successfully Completed, Status, Successfully Completed, Status, Successfully Completed, Status, Successfully Completed, Status, Successfully Completed, Status, Successfully Completed, Status, Successfully Completed, Status, Successfully Completed, Status, Successfully Completed, Status, Successfully Completed, Status, Successfully Completed, Status, Successfully Completed, Status, Successfully Completed, Status, Successfully Completed, Status, Successfully Completed, Status, Successfully Completed, Status, Successfully Completed, Status, Successfully Completed, Status, Successfully Completed, Status, Successfully Completed, Status, Successfully Completed, Status, Successfully Completed, Status, Successfully Completed, Status, Successfully Completed, Status, Successfully Completed, Status, Successfully Completed, Status, Successfully Completed, Status, Successfully Completed, Status, Successfully Completed, Status, Successfully Completed, Status, Successfully Completed, Status, Successfully Completed, Status, Successfully Completed, Status, Successfully Completed, Status, Successfully Completed, Status, Successfully Completed, Status, Successfully Completed, Status, Successfully Completed, Status, Successfully Completed, Status, Successfully Completed, Status, Successfully Completed, Status, Successfully Completed, Status, Successfully Completed, Status, Successfully Completed, Status, Successfully Completed, Status, Successfully Completed, Status, Successfully Completed, Status, Successfully Completed, Status, Successfully Completed, Status, Successfully Completed, Status, Successfully Completed, Status, Successfully Completed, Status, Successfully Completed, Status, Successfully Completed, Status, Successfully Completed, Status, Successfully Completed, Status, Successfully Completed, Status, Successfully Completed, Status, Successfully Completed, Status, Successfully Completed, Status, Successfully Completed, Status, Successfully Completed, Status, Successfully Completed, Status, Successfully Completed, Status, Successfully Completed, Status, Successfully Completed, Status, Successfully Completed, Status, Successfully Completed, Status, Successfully Completed, Status, Successfully Completed, Status, Successfully Completed, Status, Successfully Completed, Status, Successfully Completed, Status, Successfully Completed, Status, Successfully Completed, Status, Successfully Completed, Status, Successfully Completed, Status, Successfully Completed, Status, Successfully Completed, Status, Successfully Completed, Status, Successfully Completed, Status, Successfully Completed, Status, Successfully Completed, Status, Successfully Completed, Status, Successfully Completed, Status, Successfully Completed, Status, Successfully Completed, Status, Successfully Completed, Status, Successfully Completed, Status, Successfully Completed, Status, Successfully Completed, Status, Successfully Completed, Status, Successfully Completed, Status, Successfully Completed, Status, Successfully Completed, Status, Successfully Completed, Status, Successfully Completed, Status, Successfully Completed, Status, Successfully Completed, Status, Successfully Completed, Status, Successfully Completed, Status, Successfully Completed, Status, Successfully Completed, Status, Successfully Completed, Status, Successfully Completed, Status, Successfully Completed, Status, Successfully Completed, Status, Successfully Completed, Status, Successfully Completed, Status, Successfully Completed, Status, Successfully Completed, Status, Successfully Completed, Status, Successfully Completed, Status, Successfully Completed, Status, Successfully Completed, Status, Successfully Completed, Status, Successfully Completed, Status, Successfully Completed, Status, Successfully Completed, Status, Successfully Completed, Status, Successfully Completed, Status, Successfully Completed, Status, Successfully Completed, Status, Successfully Completed, Status, Successfully Completed, Status, Successfully Completed, Status, Successfully Completed, Status, Successfully Completed, Status, Successfully Completed, Status, Successfully Completed, Status, Successfully Completed, Status, Successfully Completed, Status, Successfully Completed, Status, Successfully Completed, Status, Successfully Completed, Status, Successfully Completed, Status, Successfully Completed, Status, Successfully Completed, Status, Successfully Completed, Status, Successfully Completed, Status, Successfully Completed, Status, Successfully Completed, Status, Successfully Completed, Status, Successfully Completed, Status, Successfully Completed, Status]
[neelback4more@gmail.com, Subho1991*, Status, Successfully Completed, Status, Successfully Completed, Status, Successfully Completed, Status, Successfully Completed, Status, Successfully Completed, Status, Successfully Completed, Status, Successfully Completed, Status, Successfully Completed, Status, Successfully Completed, Status, Successfully Completed, Status, Successfully Completed, Status, Successfully Completed, Status, Successfully Completed, Status, Successfully Completed, Status, Successfully Completed, Status, Successfully Completed, Status, Successfully Completed, Status, Successfully Completed, Status, Successfully Completed, Status, Successfully Completed, Status, Successfully Completed, Status, Successfully Completed, Status, Successfully Completed, Status, Successfully Completed, Status, Successfully Completed, Status, Successfully Completed, Status, Successfully Completed, Status, Successfully Completed, Status, Successfully Completed, Status, Successfully Completed, Status, Successfully Completed, Status, Successfully Completed, Status, Successfully Completed, Status, Successfully Completed, Status, Successfully Completed, Status, Successfully Completed, Status, Successfully Completed, Status, Successfully Completed, Status, Successfully Completed, Status, Successfully Completed, Status, Successfully Completed, Status, Successfully Completed, Status, Successfully Completed, Status, Successfully Completed, Status, Successfully Completed, Status, Successfully Completed, Status, Successfully Completed, Status, Successfully Completed, Status, Successfully Completed, Status, Successfully Completed, Status, Successfully Completed, Status, Successfully Completed, Status, Successfully Completed, Status, Successfully Completed, Status, Successfully Completed, Status, Successfully Completed, Status, Successfully Completed, Status, Successfully Completed, Status, Successfully Completed, Status, Successfully Completed, Status, Successfully Completed, Status, Successfully Completed, Status, Successfully Completed, Status, Successfully Completed, Status, Successfully Completed, Status, Successfully Completed, Status, Successfully Completed, Status, Successfully Completed, Status, Successfully Completed, Status, Successfully Completed, Status, Successfully Completed, Status, Successfully Completed, Status, Successfully Completed, Status, Successfully Completed, Status, Successfully Completed, Status, Successfully Completed, Status, Successfully Completed, Status, Successfully Completed, Status, Successfully Completed, Status, Successfully Completed, Status, Successfully Completed, Status, Successfully Completed, Status, Successfully Completed, Status, Successfully Completed, Status, Successfully Completed, Status, Successfully Completed, Status, Successfully Completed, Status, Successfully Completed, Status, Successfully Completed, Status, Successfully Completed, Status, Successfully Completed, Status, Successfully Completed, Status, Successfully Completed, Status, Successfully Completed, Status, Successfully Completed, Status, Successfully Completed, Status, Successfully Completed, Status, Successfully Completed, Status, Successfully Completed, Status, Successfully Completed, Status, Successfully Completed, Status, Successfully Completed, Status, Successfully Completed, Status, Successfully Completed, Status, Successfully Completed, Status, Successfully Completed, Status, Successfully Completed, Status, Successfully Completed, Status, Successfully Completed, Status, Successfully Completed, Status, Successfully Completed, Status, Successfully Completed, Status, Successfully Completed, Status, Successfully Completed, Status, Successfully Completed, Status, Successfully Completed, Status, Successfully Completed, Status, Successfully Completed, Status, Successfully Completed, Status, Successfully Completed, Status, Successfully Completed, Status, Successfully Completed, Status, Successfully Completed, Status, Successfully Completed, Status, Successfully Completed, Status, Successfully Completed, Status, Successfully Completed, Status, Successfully Completed, Status, Successfully Completed, Status, Successfully Completed, Status, Successfully Completed, Status, Successfully Completed, Status, Successfully Completed, Status, Successfully Completed, Status, Successfully Completed, Status, Successfully Completed, Status, Successfully Completed, Status, Successfully Completed, Status, Successfully Completed, Status, Successfully Completed, Status, Successfully Completed, Status, Successfully Completed, Status, Successfully Completed, Status, Successfully Completed, Status, Successfully Completed, Status, Successfully Completed, Status, Successfully Completed, Status, Successfully Completed, Status, Successfully Completed, Status, Successfully Completed, Status, Successfully Completed, Status, Successfully Completed, Status, Successfully Completed]
[neelback4more@gmail.com, Subho1991*, Status, Successfully Completed, Status, Successfully Completed, Status, Successfully Completed, Status, Successfully Completed, Status, Successfully Completed, Status, Successfully Completed, Status, Successfully Completed, Status, Successfully Completed, Status, Successfully Completed, Status, Successfully Completed, Status, Successfully Completed, Status, Successfully Completed, Status, Successfully Completed, Status, Successfully Completed, Status, Successfully Completed, Status, Successfully Completed, Status, Successfully Completed, Status, Successfully Completed, Status, Successfully Completed, Status, Successfully Completed, Status, Successfully Completed, Status, Successfully Completed, Status, Successfully Completed, Status, Successfully Completed, Status, Successfully Completed, Status, Successfully Completed, Status, Successfully Completed, Status, Successfully Completed, Status, Successfully Completed, Status, Successfully Completed, Status, Successfully Completed, Status, Successfully Completed, Status, Successfully Completed, Status, Successfully Completed, Status, Successfully Completed, Status, Successfully Completed, Status, Successfully Completed, Status, Successfully Completed, Status, Successfully Completed, Status, Successfully Completed, Status, Successfully Completed, Status, Successfully Completed, Status, Successfully Completed, Status, Successfully Completed, Status, Successfully Completed, Status, Successfully Completed, Status, Successfully Completed, Status, Successfully Completed, Status, Successfully Completed, Status, Successfully Completed, Status, Successfully Completed, Status, Successfully Completed, Status, Successfully Completed, Status, Successfully Completed, Status, Successfully Completed, Status, Successfully Completed, Status, Successfully Completed, Status, Successfully Completed, Status, Successfully Completed, Status, Successfully Completed, Status, Successfully Completed, Status, Successfully Completed, Status, Successfully Completed, Status, Successfully Completed, Status, Successfully Completed, Status, Successfully Completed, Status, Successfully Completed, Status, Successfully Completed, Status, Successfully Completed, Status, Successfully Completed, Status, Successfully Completed, Status, Successfully Completed, Status, Successfully Completed, Status, Successfully Completed, Status, Successfully Completed, Status, Successfully Completed, Status, Successfully Completed, Status, Successfully Completed, Status, Successfully Completed, Status, Successfully Completed, Status, Successfully Completed, Status, Successfully Completed, Status, Successfully Completed, Status, Successfully Completed, Status, Successfully Completed, Status, Successfully Completed, Status, Successfully Completed, Status, Successfully Completed, Status, Successfully Completed, Status, Successfully Completed, Status, Successfully Completed, Status, Successfully Completed, Status, Successfully Completed, Status, Successfully Completed, Status, Successfully Completed, Status, Successfully Completed, Status, Successfully Completed, Status, Successfully Completed, Status, Successfully Completed, Status, Successfully Completed, Status, Successfully Completed, Status, Successfully Completed, Status, Successfully Completed, Status, Successfully Completed, Status, Successfully Completed, Status, Successfully Completed, Status, Successfully Completed, Status, Successfully Completed, Status, Successfully Completed, Status, Successfully Completed, Status, Successfully Completed, Status, Successfully Completed, Status, Successfully Completed, Status, Successfully Completed, Status, Successfully Completed, Status, Successfully Completed, Status, Successfully Completed, Status, Successfully Completed, Status, Successfully Completed, Status, Successfully Completed, Status, Successfully Completed, Status, Successfully Completed, Status, Successfully Completed, Status, Successfully Completed, Status, Successfully Completed, Status, Successfully Completed, Status, Successfully Completed, Status, Successfully Completed, Status, Successfully Completed, Status, Successfully Completed, Status, Successfully Completed, Status, Successfully Completed, Status, Successfully Completed, Status, Successfully Completed, Status, Successfully Completed, Status, Successfully Completed, Status, Successfully Completed, Status, Successfully Completed, Status, Successfully Completed, Status, Successfully Completed, Status, Successfully Completed, Status, Successfully Completed, Status, Successfully Completed, Status, Successfully Completed, Status, Successfully Completed, Status, Successfully Completed, Status, Successfully Completed, Status, Successfully Completed, Status, Successfully Completed, Status, Successfully Completed, Status, Successfully Completed, Status, Successfully Completed, Status, Successfully Completed, Status]
[neelback4more@gmail.com, Subho1991*, Status, Successfully Completed, Status, Successfully Completed, Status, Successfully Completed, Status, Successfully Completed, Status, Successfully Completed, Status, Successfully Completed, Status, Successfully Completed, Status, Successfully Completed, Status, Successfully Completed, Status, Successfully Completed, Status, Successfully Completed, Status, Successfully Completed, Status, Successfully Completed, Status, Successfully Completed, Status, Successfully Completed, Status, Successfully Completed, Status, Successfully Completed, Status, Successfully Completed, Status, Successfully Completed, Status, Successfully Completed, Status, Successfully Completed, Status, Successfully Completed, Status, Successfully Completed, Status, Successfully Completed, Status, Successfully Completed, Status, Successfully Completed, Status, Successfully Completed, Status, Successfully Completed, Status, Successfully Completed, Status, Successfully Completed, Status, Successfully Completed, Status, Successfully Completed, Status, Successfully Completed, Status, Successfully Completed, Status, Successfully Completed, Status, Successfully Completed, Status, Successfully Completed, Status, Successfully Completed, Status, Successfully Completed, Status, Successfully Completed, Status, Successfully Completed, Status, Successfully Completed, Status, Successfully Completed, Status, Successfully Completed, Status, Successfully Completed, Status, Successfully Completed, Status, Successfully Completed, Status, Successfully Completed, Status, Successfully Completed, Status, Successfully Completed, Status, Successfully Completed, Status, Successfully Completed, Status, Successfully Completed, Status, Successfully Completed, Status, Successfully Completed, Status, Successfully Completed, Status, Successfully Completed, Status, Successfully Completed, Status, Successfully Completed, Status, Successfully Completed, Status, Successfully Completed, Status, Successfully Completed, Status, Successfully Completed, Status, Successfully Completed, Status, Successfully Completed, Status, Successfully Completed, Status, Successfully Completed, Status, Successfully Completed, Status, Successfully Completed, Status, Successfully Completed, Status, Successfully Completed, Status, Successfully Completed, Status, Successfully Completed, Status, Successfully Completed, Status, Successfully Completed, Status, Successfully Completed, Status, Successfully Completed, Status, Successfully Completed, Status, Successfully Completed, Status, Successfully Completed, Status, Successfully Completed, Status, Successfully Completed, Status, Successfully Completed, Status, Successfully Completed, Status, Successfully Completed, Status, Successfully Completed, Status, Successfully Completed, Status, Successfully Completed, Status, Successfully Completed, Status, Successfully Completed, Status, Successfully Completed, Status, Successfully Completed, Status, Successfully Completed, Status, Successfully Completed, Status, Successfully Completed, Status, Successfully Completed, Status, Successfully Completed, Status, Successfully Completed, Status, Successfully Completed, Status, Successfully Completed, Status, Successfully Completed, Status, Successfully Completed, Status, Successfully Completed, Status, Successfully Completed, Status, Successfully Completed, Status, Successfully Completed, Status, Successfully Completed, Status, Successfully Completed, Status, Successfully Completed, Status, Successfully Completed, Status, Successfully Completed, Status, Successfully Completed, Status, Successfully Completed, Status, Successfully Completed, Status, Successfully Completed, Status, Successfully Completed, Status, Successfully Completed, Status, Successfully Completed, Status, Successfully Completed, Status, Successfully Completed, Status, Successfully Completed, Status, Successfully Completed, Status, Successfully Completed, Status, Successfully Completed, Status, Successfully Completed, Status, Successfully Completed, Status, Successfully Completed, Status, Successfully Completed, Status, Successfully Completed, Status, Successfully Completed, Status, Successfully Completed, Status, Successfully Completed, Status, Successfully Completed, Status, Successfully Completed, Status, Successfully Completed, Status, Successfully Completed, Status, Successfully Completed, Status, Successfully Completed, Status, Successfully Completed, Status, Successfully Completed, Status, Successfully Completed, Status, Successfully Completed, Status, Successfully Completed, Status, Successfully Completed, Status, Successfully Completed, Status, Successfully Completed, Status, Successfully Completed, Status, Successfully Completed, Status, Successfully Completed, Status, Successfully Completed, Status, Successfully Completed, Status, Successfully Completed, Status, Successfully Completed, Status, Successfully Completed]
[neelback4more@gmail.com, Subho1991*, Status, Successfully Completed, Status, Successfully Completed, Status, Successfully Completed, Status, Successfully Completed, Status, Successfully Completed, Status, Successfully Completed, Status, Successfully Completed, Status, Successfully Completed, Status, Successfully Completed, Status, Successfully Completed, Status, Successfully Completed, Status, Successfully Completed, Status, Successfully Completed, Status, Successfully Completed, Status, Successfully Completed, Status, Successfully Completed, Status, Successfully Completed, Status, Successfully Completed, Status, Successfully Completed, Status, Successfully Completed, Status, Successfully Completed, Status, Successfully Completed, Status, Successfully Completed, Status, Successfully Completed, Status, Successfully Completed, Status, Successfully Completed, Status, Successfully Completed, Status, Successfully Completed, Status, Successfully Completed, Status, Successfully Completed, Status, Successfully Completed, Status, Successfully Completed, Status, Successfully Completed, Status, Successfully Completed, Status, Successfully Completed, Status, Successfully Completed, Status, Successfully Completed, Status, Successfully Completed, Status, Successfully Completed, Status, Successfully Completed, Status, Successfully Completed, Status, Successfully Completed, Status, Successfully Completed, Status, Successfully Completed, Status, Successfully Completed, Status, Successfully Completed, Status, Successfully Completed, Status, Successfully Completed, Status, Successfully Completed, Status, Successfully Completed, Status, Successfully Completed, Status, Successfully Completed, Status, Successfully Completed, Status, Successfully Completed, Status, Successfully Completed, Status, Successfully Completed, Status, Successfully Completed, Status, Successfully Completed, Status, Successfully Completed, Status, Successfully Completed, Status, Successfully Completed, Status, Successfully Completed, Status, Successfully Completed, Status, Successfully Completed, Status, Successfully Completed, Status, Successfully Completed, Status, Successfully Completed, Status, Successfully Completed, Status, Successfully Completed, Status, Successfully Completed, Status, Successfully Completed, Status, Successfully Completed, Status, Successfully Completed, Status, Successfully Completed, Status, Successfully Completed, Status, Successfully Completed, Status, Successfully Completed, Status, Successfully Completed, Status, Successfully Completed, Status, Successfully Completed, Status, Successfully Completed, Status, Successfully Completed, Status, Successfully Completed, Status, Successfully Completed, Status, Successfully Completed, Status, Successfully Completed, Status, Successfully Completed, Status, Successfully Completed, Status, Successfully Completed, Status, Successfully Completed, Status, Successfully Completed, Status, Successfully Completed, Status, Successfully Completed, Status, Successfully Completed, Status, Successfully Completed, Status, Successfully Completed, Status, Successfully Completed, Status, Successfully Completed, Status, Successfully Completed, Status, Successfully Completed, Status, Successfully Completed, Status, Successfully Completed, Status, Successfully Completed, Status, Successfully Completed, Status, Successfully Completed, Status, Successfully Completed, Status, Successfully Completed, Status, Successfully Completed, Status, Successfully Completed, Status, Successfully Completed, Status, Successfully Completed, Status, Successfully Completed, Status, Successfully Completed, Status, Successfully Completed, Status, Successfully Completed, Status, Successfully Completed, Status, Successfully Completed, Status, Successfully Completed, Status, Successfully Completed, Status, Successfully Completed, Status, Successfully Completed, Status, Successfully Completed, Status, Successfully Completed, Status, Successfully Completed, Status, Successfully Completed, Status, Successfully Completed, Status, Successfully Completed, Status, Successfully Completed, Status, Successfully Completed, Status, Successfully Completed, Status, Successfully Completed, Status, Successfully Completed, Status, Successfully Completed, Status, Successfully Completed, Status, Successfully Completed, Status, Successfully Completed, Status, Successfully Completed, Status, Successfully Completed, Status, Successfully Completed, Status, Successfully Completed, Status, Successfully Completed, Status, Successfully Completed, Status, Successfully Completed, Status, Successfully Completed, Status, Successfully Completed, Status, Successfully Completed, Status, Successfully Completed, Status, Successfully Completed, Status, Successfully Completed, Status, Successfully Completed, Status, Successfully Completed, Status, Successfully Completed, Status, Successfully Completed, Status, Successfully Completed, Status]
[neelback4more@gmail.com, Subho1991*, Status, Successfully Completed, Status, Successfully Completed, Status, Successfully Completed, Status, Successfully Completed, Status, Successfully Completed, Status, Successfully Completed, Status, Successfully Completed, Status, Successfully Completed, Status, Successfully Completed, Status, Successfully Completed, Status, Successfully Completed, Status, Successfully Completed, Status, Successfully Completed, Status, Successfully Completed, Status, Successfully Completed, Status, Successfully Completed, Status, Successfully Completed, Status, Successfully Completed, Status, Successfully Completed, Status, Successfully Completed, Status, Successfully Completed, Status, Successfully Completed, Status, Successfully Completed, Status, Successfully Completed, Status, Successfully Completed, Status, Successfully Completed, Status, Successfully Completed, Status, Successfully Completed, Status, Successfully Completed, Status, Successfully Completed, Status, Successfully Completed, Status, Successfully Completed, Status, Successfully Completed, Status, Successfully Completed, Status, Successfully Completed, Status, Successfully Completed, Status, Successfully Completed, Status, Successfully Completed, Status, Successfully Completed, Status, Successfully Completed, Status, Successfully Completed, Status, Successfully Completed, Status, Successfully Completed, Status, Successfully Completed, Status, Successfully Completed, Status, Successfully Completed, Status, Successfully Completed, Status, Successfully Completed, Status, Successfully Completed, Status, Successfully Completed, Status, Successfully Completed, Status, Successfully Completed, Status, Successfully Completed, Status, Successfully Completed, Status, Successfully Completed, Status, Successfully Completed, Status, Successfully Completed, Status, Successfully Completed, Status, Successfully Completed, Status, Successfully Completed, Status, Successfully Completed, Status, Successfully Completed, Status, Successfully Completed, Status, Successfully Completed, Status, Successfully Completed, Status, Successfully Completed, Status, Successfully Completed, Status, Successfully Completed, Status, Successfully Completed, Status, Successfully Completed, Status, Successfully Completed, Status, Successfully Completed, Status, Successfully Completed, Status, Successfully Completed, Status, Successfully Completed, Status, Successfully Completed, Status, Successfully Completed, Status, Successfully Completed, Status, Successfully Completed, Status, Successfully Completed, Status, Successfully Completed, Status, Successfully Completed, Status, Successfully Completed, Status, Successfully Completed, Status, Successfully Completed, Status, Successfully Completed, Status, Successfully Completed, Status, Successfully Completed, Status, Successfully Completed, Status, Successfully Completed, Status, Successfully Completed, Status, Successfully Completed, Status, Successfully Completed, Status, Successfully Completed, Status, Successfully Completed, Status, Successfully Completed, Status, Successfully Completed, Status, Successfully Completed, Status, Successfully Completed, Status, Successfully Completed, Status, Successfully Completed, Status, Successfully Completed, Status, Successfully Completed, Status, Successfully Completed, Status, Successfully Completed, Status, Successfully Completed, Status, Successfully Completed, Status, Successfully Completed, Status, Successfully Completed, Status, Successfully Completed, Status, Successfully Completed, Status, Successfully Completed, Status, Successfully Completed, Status, Successfully Completed, Status, Successfully Completed, Status, Successfully Completed, Status, Successfully Completed, Status, Successfully Completed, Status, Successfully Completed, Status, Successfully Completed, Status, Successfully Completed, Status, Successfully Completed, Status, Successfully Completed, Status, Successfully Completed, Status, Successfully Completed, Status, Successfully Completed, Status, Successfully Completed, Status, Successfully Completed, Status, Successfully Completed, Status, Successfully Completed, Status, Successfully Completed, Status, Successfully Completed, Status, Successfully Completed, Status, Successfully Completed, Status, Successfully Completed, Status, Successfully Completed, Status, Successfully Completed, Status, Successfully Completed, Status, Successfully Completed, Status, Successfully Completed, Status, Successfully Completed, Status, Successfully Completed, Status, Successfully Completed, Status, Successfully Completed, Status, Successfully Completed, Status, Successfully Completed, Status, Successfully Completed, Status, Successfully Completed, Status, Successfully Completed, Status, Successfully Completed, Status, Successfully Completed, Status, Successfully Completed, Status, Successfully Completed, Status, Successfully Completed, Status, Successfully Completed]
[neelback4more@gmail.com, Subho1991*, Status, Successfully Completed, Status, Successfully Completed, Status, Successfully Completed, Status, Successfully Completed, Status, Successfully Completed, Status, Successfully Completed, Status, Successfully Completed, Status, Successfully Completed, Status, Successfully Completed, Status, Successfully Completed, Status, Successfully Completed, Status, Successfully Completed, Status, Successfully Completed, Status, Successfully Completed, Status, Successfully Completed, Status, Successfully Completed, Status, Successfully Completed, Status, Successfully Completed, Status, Successfully Completed, Status, Successfully Completed, Status, Successfully Completed, Status, Successfully Completed, Status, Successfully Completed, Status, Successfully Completed, Status, Successfully Completed, Status, Successfully Completed, Status, Successfully Completed, Status, Successfully Completed, Status, Successfully Completed, Status, Successfully Completed, Status, Successfully Completed, Status, Successfully Completed, Status, Successfully Completed, Status, Successfully Completed, Status, Successfully Completed, Status, Successfully Completed, Status, Successfully Completed, Status, Successfully Completed, Status, Successfully Completed, Status, Successfully Completed, Status, Successfully Completed, Status, Successfully Completed, Status, Successfully Completed, Status, Successfully Completed, Status, Successfully Completed, Status, Successfully Completed, Status, Successfully Completed, Status, Successfully Completed, Status, Successfully Completed, Status, Successfully Completed, Status, Successfully Completed, Status, Successfully Completed, Status, Successfully Completed, Status, Successfully Completed, Status, Successfully Completed, Status, Successfully Completed, Status, Successfully Completed, Status, Successfully Completed, Status, Successfully Completed, Status, Successfully Completed, Status, Successfully Completed, Status, Successfully Completed, Status, Successfully Completed, Status, Successfully Completed, Status, Successfully Completed, Status, Successfully Completed, Status, Successfully Completed, Status, Successfully Completed, Status, Successfully Completed, Status, Successfully Completed, Status, Successfully Completed, Status, Successfully Completed, Status, Successfully Completed, Status, Successfully Completed, Status, Successfully Completed, Status, Successfully Completed, Status, Successfully Completed, Status, Successfully Completed, Status, Successfully Completed, Status, Successfully Completed, Status, Successfully Completed, Status, Successfully Completed, Status, Successfully Completed, Status, Successfully Completed, Status, Successfully Completed, Status, Successfully Completed, Status, Successfully Completed, Status, Successfully Completed, Status, Successfully Completed, Status, Successfully Completed, Status, Successfully Completed, Status, Successfully Completed, Status, Successfully Completed, Status, Successfully Completed, Status, Successfully Completed, Status, Successfully Completed, Status, Successfully Completed, Status, Successfully Completed, Status, Successfully Completed, Status, Successfully Completed, Status, Successfully Completed, Status, Successfully Completed, Status, Successfully Completed, Status, Successfully Completed, Status, Successfully Completed, Status, Successfully Completed, Status, Successfully Completed, Status, Successfully Completed, Status, Successfully Completed, Status, Successfully Completed, Status, Successfully Completed, Status, Successfully Completed, Status, Successfully Completed, Status, Successfully Completed, Status, Successfully Completed, Status, Successfully Completed, Status, Successfully Completed, Status, Successfully Completed, Status, Successfully Completed, Status, Successfully Completed, Status, Successfully Completed, Status, Successfully Completed, Status, Successfully Completed, Status, Successfully Completed, Status, Successfully Completed, Status, Successfully Completed, Status, Successfully Completed, Status, Successfully Completed, Status, Successfully Completed, Status, Successfully Completed, Status, Successfully Completed, Status, Successfully Completed, Status, Successfully Completed, Status, Successfully Completed, Status, Successfully Completed, Status, Successfully Completed, Status, Successfully Completed, Status, Successfully Completed, Status, Successfully Completed, Status, Successfully Completed, Status, Successfully Completed, Status, Successfully Completed, Status, Successfully Completed, Status, Successfully Completed, Status, Successfully Completed, Status, Successfully Completed, Status, Successfully Completed, Status, Successfully Completed, Status, Successfully Completed, Status, Successfully Completed, Status, Successfully Completed, Status, Successfully Completed, Status, Successfully Completed, Status, Successfully Completed, Status, Successfully Completed, Status]
[neelback4more@gmail.com, Subho1991*, Status, Successfully Completed, Status, Successfully Completed, Status, Successfully Completed, Status, Successfully Completed, Status, Successfully Completed, Status, Successfully Completed, Status, Successfully Completed, Status, Successfully Completed, Status, Successfully Completed, Status, Successfully Completed, Status, Successfully Completed, Status, Successfully Completed, Status, Successfully Completed, Status, Successfully Completed, Status, Successfully Completed, Status, Successfully Completed, Status, Successfully Completed, Status, Successfully Completed, Status, Successfully Completed, Status, Successfully Completed, Status, Successfully Completed, Status, Successfully Completed, Status, Successfully Completed, Status, Successfully Completed, Status, Successfully Completed, Status, Successfully Completed, Status, Successfully Completed, Status, Successfully Completed, Status, Successfully Completed, Status, Successfully Completed, Status, Successfully Completed, Status, Successfully Completed, Status, Successfully Completed, Status, Successfully Completed, Status, Successfully Completed, Status, Successfully Completed, Status, Successfully Completed, Status, Successfully Completed, Status, Successfully Completed, Status, Successfully Completed, Status, Successfully Completed, Status, Successfully Completed, Status, Successfully Completed, Status, Successfully Completed, Status, Successfully Completed, Status, Successfully Completed, Status, Successfully Completed, Status, Successfully Completed, Status, Successfully Completed, Status, Successfully Completed, Status, Successfully Completed, Status, Successfully Completed, Status, Successfully Completed, Status, Successfully Completed, Status, Successfully Completed, Status, Successfully Completed, Status, Successfully Completed, Status, Successfully Completed, Status, Successfully Completed, Status, Successfully Completed, Status, Successfully Completed, Status, Successfully Completed, Status, Successfully Completed, Status, Successfully Completed, Status, Successfully Completed, Status, Successfully Completed, Status, Successfully Completed, Status, Successfully Completed, Status, Successfully Completed, Status, Successfully Completed, Status, Successfully Completed, Status, Successfully Completed, Status, Successfully Completed, Status, Successfully Completed, Status, Successfully Completed, Status, Successfully Completed, Status, Successfully Completed, Status, Successfully Completed, Status, Successfully Completed, Status, Successfully Completed, Status, Successfully Completed, Status, Successfully Completed, Status, Successfully Completed, Status, Successfully Completed, Status, Successfully Completed, Status, Successfully Completed, Status, Successfully Completed, Status, Successfully Completed, Status, Successfully Completed, Status, Successfully Completed, Status, Successfully Completed, Status, Successfully Completed, Status, Successfully Completed, Status, Successfully Completed, Status, Successfully Completed, Status, Successfully Completed, Status, Successfully Completed, Status, Successfully Completed, Status, Successfully Completed, Status, Successfully Completed, Status, Successfully Completed, Status, Successfully Completed, Status, Successfully Completed, Status, Successfully Completed, Status, Successfully Completed, Status, Successfully Completed, Status, Successfully Completed, Status, Successfully Completed, Status, Successfully Completed, Status, Successfully Completed, Status, Successfully Completed, Status, Successfully Completed, Status, Successfully Completed, Status, Successfully Completed, Status, Successfully Completed, Status, Successfully Completed, Status, Successfully Completed, Status, Successfully Completed, Status, Successfully Completed, Status, Successfully Completed, Status, Successfully Completed, Status, Successfully Completed, Status, Successfully Completed, Status, Successfully Completed, Status, Successfully Completed, Status, Successfully Completed, Status, Successfully Completed, Status, Successfully Completed, Status, Successfully Completed, Status, Successfully Completed, Status, Successfully Completed, Status, Successfully Completed, Status, Successfully Completed, Status, Successfully Completed, Status, Successfully Completed, Status, Successfully Completed, Status, Successfully Completed, Status, Successfully Completed, Status, Successfully Completed, Status, Successfully Completed, Status, Successfully Completed, Status, Successfully Completed, Status, Successfully Completed, Status, Successfully Completed, Status, Successfully Completed, Status, Successfully Completed, Status, Successfully Completed, Status, Successfully Completed, Status, Successfully Completed, Status, Successfully Completed, Status, Successfully Completed, Status, Successfully Completed, Status, Successfully Completed, Status, Successfully Completed, Status, Successfully Completed, Status, Successfully Completed]
[neelback4more@gmail.com, Subho1991*, Status, Successfully Completed, Status, Successfully Completed, Status, Successfully Completed, Status, Successfully Completed, Status, Successfully Completed, Status, Successfully Completed, Status, Successfully Completed, Status, Successfully Completed, Status, Successfully Completed, Status, Successfully Completed, Status, Successfully Completed, Status, Successfully Completed, Status, Successfully Completed, Status, Successfully Completed, Status, Successfully Completed, Status, Successfully Completed, Status, Successfully Completed, Status, Successfully Completed, Status, Successfully Completed, Status, Successfully Completed, Status, Successfully Completed, Status, Successfully Completed, Status, Successfully Completed, Status, Successfully Completed, Status, Successfully Completed, Status, Successfully Completed, Status, Successfully Completed, Status, Successfully Completed, Status, Successfully Completed, Status, Successfully Completed, Status, Successfully Completed, Status, Successfully Completed, Status, Successfully Completed, Status, Successfully Completed, Status, Successfully Completed, Status, Successfully Completed, Status, Successfully Completed, Status, Successfully Completed, Status, Successfully Completed, Status, Successfully Completed, Status, Successfully Completed, Status, Successfully Completed, Status, Successfully Completed, Status, Successfully Completed, Status, Successfully Completed, Status, Successfully Completed, Status, Successfully Completed, Status, Successfully Completed, Status, Successfully Completed, Status, Successfully Completed, Status, Successfully Completed, Status, Successfully Completed, Status, Successfully Completed, Status, Successfully Completed, Status, Successfully Completed, Status, Successfully Completed, Status, Successfully Completed, Status, Successfully Completed, Status, Successfully Completed, Status, Successfully Completed, Status, Successfully Completed, Status, Successfully Completed, Status, Successfully Completed, Status, Successfully Completed, Status, Successfully Completed, Status, Successfully Completed, Status, Successfully Completed, Status, Successfully Completed, Status, Successfully Completed, Status, Successfully Completed, Status, Successfully Completed, Status, Successfully Completed, Status, Successfully Completed, Status, Successfully Completed, Status, Successfully Completed, Status, Successfully Completed, Status, Successfully Completed, Status, Successfully Completed, Status, Successfully Completed, Status, Successfully Completed, Status, Successfully Completed, Status, Successfully Completed, Status, Successfully Completed, Status, Successfully Completed, Status, Successfully Completed, Status, Successfully Completed, Status, Successfully Completed, Status, Successfully Completed, Status, Successfully Completed, Status, Successfully Completed, Status, Successfully Completed, Status, Successfully Completed, Status, Successfully Completed, Status, Successfully Completed, Status, Successfully Completed, Status, Successfully Completed, Status, Successfully Completed, Status, Successfully Completed, Status, Successfully Completed, Status, Successfully Completed, Status, Successfully Completed, Status, Successfully Completed, Status, Successfully Completed, Status, Successfully Completed, Status, Successfully Completed, Status, Successfully Completed, Status, Successfully Completed, Status, Successfully Completed, Status, Successfully Completed, Status, Successfully Completed, Status, Successfully Completed, Status, Successfully Completed, Status, Successfully Completed, Status, Successfully Completed, Status, Successfully Completed, Status, Successfully Completed, Status, Successfully Completed, Status, Successfully Completed, Status, Successfully Completed, Status, Successfully Completed, Status, Successfully Completed, Status, Successfully Completed, Status, Successfully Completed, Status, Successfully Completed, Status, Successfully Completed, Status, Successfully Completed, Status, Successfully Completed, Status, Successfully Completed, Status, Successfully Completed, Status, Successfully Completed, Status, Successfully Completed, Status, Successfully Completed, Status, Successfully Completed, Status, Successfully Completed, Status, Successfully Completed, Status, Successfully Completed, Status, Successfully Completed, Status, Successfully Completed, Status, Successfully Completed, Status, Successfully Completed, Status, Successfully Completed, Status, Successfully Completed, Status, Successfully Completed, Status, Successfully Completed, Status, Successfully Completed, Status, Successfully Completed, Status, Successfully Completed, Status, Successfully Completed, Status, Successfully Completed, Status, Successfully Completed, Status, Successfully Completed, Status, Successfully Completed, Status, Successfully Completed, Status, Successfully Completed, Status, Successfully Completed, Status, Successfully Completed, Status]
[neelback4more@gmail.com, Subho1991*, Status, Successfully Completed, Status, Successfully Completed, Status, Successfully Completed, Status, Successfully Completed, Status, Successfully Completed, Status, Successfully Completed, Status, Successfully Completed, Status, Successfully Completed, Status, Successfully Completed, Status, Successfully Completed, Status, Successfully Completed, Status, Successfully Completed, Status, Successfully Completed, Status, Successfully Completed, Status, Successfully Completed, Status, Successfully Completed, Status, Successfully Completed, Status, Successfully Completed, Status, Successfully Completed, Status, Successfully Completed, Status, Successfully Completed, Status, Successfully Completed, Status, Successfully Completed, Status, Successfully Completed, Status, Successfully Completed, Status, Successfully Completed, Status, Successfully Completed, Status, Successfully Completed, Status, Successfully Completed, Status, Successfully Completed, Status, Successfully Completed, Status, Successfully Completed, Status, Successfully Completed, Status, Successfully Completed, Status, Successfully Completed, Status, Successfully Completed, Status, Successfully Completed, Status, Successfully Completed, Status, Successfully Completed, Status, Successfully Completed, Status, Successfully Completed, Status, Successfully Completed, Status, Successfully Completed, Status, Successfully Completed, Status, Successfully Completed, Status, Successfully Completed, Status, Successfully Completed, Status, Successfully Completed, Status, Successfully Completed, Status, Successfully Completed, Status, Successfully Completed, Status, Successfully Completed, Status, Successfully Completed, Status, Successfully Completed, Status, Successfully Completed, Status, Successfully Completed, Status, Successfully Completed, Status, Successfully Completed, Status, Successfully Completed, Status, Successfully Completed, Status, Successfully Completed, Status, Successfully Completed, Status, Successfully Completed, Status, Successfully Completed, Status, Successfully Completed, Status, Successfully Completed, Status, Successfully Completed, Status, Successfully Completed, Status, Successfully Completed, Status, Successfully Completed, Status, Successfully Completed, Status, Successfully Completed, Status, Successfully Completed, Status, Successfully Completed, Status, Successfully Completed, Status, Successfully Completed, Status, Successfully Completed, Status, Successfully Completed, Status, Successfully Completed, Status, Successfully Completed, Status, Successfully Completed, Status, Successfully Completed, Status, Successfully Completed, Status, Successfully Completed, Status, Successfully Completed, Status, Successfully Completed, Status, Successfully Completed, Status, Successfully Completed, Status, Successfully Completed, Status, Successfully Completed, Status, Successfully Completed, Status, Successfully Completed, Status, Successfully Completed, Status, Successfully Completed, Status, Successfully Completed, Status, Successfully Completed, Status, Successfully Completed, Status, Successfully Completed, Status, Successfully Completed, Status, Successfully Completed, Status, Successfully Completed, Status, Successfully Completed, Status, Successfully Completed, Status, Successfully Completed, Status, Successfully Completed, Status, Successfully Completed, Status, Successfully Completed, Status, Successfully Completed, Status, Successfully Completed, Status, Successfully Completed, Status, Successfully Completed, Status, Successfully Completed, Status, Successfully Completed, Status, Successfully Completed, Status, Successfully Completed, Status, Successfully Completed, Status, Successfully Completed, Status, Successfully Completed, Status, Successfully Completed, Status, Successfully Completed, Status, Successfully Completed, Status, Successfully Completed, Status, Successfully Completed, Status, Successfully Completed, Status, Successfully Completed, Status, Successfully Completed, Status, Successfully Completed, Status, Successfully Completed, Status, Successfully Completed, Status, Successfully Completed, Status, Successfully Completed, Status, Successfully Completed, Status, Successfully Completed, Status, Successfully Completed, Status, Successfully Completed, Status, Successfully Completed, Status, Successfully Completed, Status, Successfully Completed, Status, Successfully Completed, Status, Successfully Completed, Status, Successfully Completed, Status, Successfully Completed, Status, Successfully Completed, Status, Successfully Completed, Status, Successfully Completed, Status, Successfully Completed, Status, Successfully Completed, Status, Successfully Completed, Status, Successfully Completed, Status, Successfully Completed, Status, Successfully Completed, Status, Successfully Completed, Status, Successfully Completed, Status, Successfully Completed, Status, Successfully Completed, Status, Successfully Completed, Status, Successfully Completed]
[neelback4more@gmail.com, Subho1991*, Status, Successfully Completed, Status, Successfully Completed, Status, Successfully Completed, Status, Successfully Completed, Status, Successfully Completed, Status, Successfully Completed, Status, Successfully Completed, Status, Successfully Completed, Status, Successfully Completed, Status, Successfully Completed, Status, Successfully Completed, Status, Successfully Completed, Status, Successfully Completed, Status, Successfully Completed, Status, Successfully Completed, Status, Successfully Completed, Status, Successfully Completed, Status, Successfully Completed, Status, Successfully Completed, Status, Successfully Completed, Status, Successfully Completed, Status, Successfully Completed, Status, Successfully Completed, Status, Successfully Completed, Status, Successfully Completed, Status, Successfully Completed, Status, Successfully Completed, Status, Successfully Completed, Status, Successfully Completed, Status, Successfully Completed, Status, Successfully Completed, Status, Successfully Completed, Status, Successfully Completed, Status, Successfully Completed, Status, Successfully Completed, Status, Successfully Completed, Status, Successfully Completed, Status, Successfully Completed, Status, Successfully Completed, Status, Successfully Completed, Status, Successfully Completed, Status, Successfully Completed, Status, Successfully Completed, Status, Successfully Completed, Status, Successfully Completed, Status, Successfully Completed, Status, Successfully Completed, Status, Successfully Completed, Status, Successfully Completed, Status, Successfully Completed, Status, Successfully Completed, Status, Successfully Completed, Status, Successfully Completed, Status, Successfully Completed, Status, Successfully Completed, Status, Successfully Completed, Status, Successfully Completed, Status, Successfully Completed, Status, Successfully Completed, Status, Successfully Completed, Status, Successfully Completed, Status, Successfully Completed, Status, Successfully Completed, Status, Successfully Completed, Status, Successfully Completed, Status, Successfully Completed, Status, Successfully Completed, Status, Successfully Completed, Status, Successfully Completed, Status, Successfully Completed, Status, Successfully Completed, Status, Successfully Completed, Status, Successfully Completed, Status, Successfully Completed, Status, Successfully Completed, Status, Successfully Completed, Status, Successfully Completed, Status, Successfully Completed, Status, Successfully Completed, Status, Successfully Completed, Status, Successfully Completed, Status, Successfully Completed, Status, Successfully Completed, Status, Successfully Completed, Status, Successfully Completed, Status, Successfully Completed, Status, Successfully Completed, Status, Successfully Completed, Status, Successfully Completed, Status, Successfully Completed, Status, Successfully Completed, Status, Successfully Completed, Status, Successfully Completed, Status, Successfully Completed, Status, Successfully Completed, Status, Successfully Completed, Status, Successfully Completed, Status, Successfully Completed, Status, Successfully Completed, Status, Successfully Completed, Status, Successfully Completed, Status, Successfully Completed, Status, Successfully Completed, Status, Successfully Completed, Status, Successfully Completed, Status, Successfully Completed, Status, Successfully Completed, Status, Successfully Completed, Status, Successfully Completed, Status, Successfully Completed, Status, Successfully Completed, Status, Successfully Completed, Status, Successfully Completed, Status, Successfully Completed, Status, Successfully Completed, Status, Successfully Completed, Status, Successfully Completed, Status, Successfully Completed, Status, Successfully Completed, Status, Successfully Completed, Status, Successfully Completed, Status, Successfully Completed, Status, Successfully Completed, Status, Successfully Completed, Status, Successfully Completed, Status, Successfully Completed, Status, Successfully Completed, Status, Successfully Completed, Status, Successfully Completed, Status, Successfully Completed, Status, Successfully Completed, Status, Successfully Completed, Status, Successfully Completed, Status, Successfully Completed, Status, Successfully Completed, Status, Successfully Completed, Status, Successfully Completed, Status, Successfully Completed, Status, Successfully Completed, Status, Successfully Completed, Status, Successfully Completed, Status, Successfully Completed, Status, Successfully Completed, Status, Successfully Completed, Status, Successfully Completed, Status, Successfully Completed, Status, Successfully Completed, Status, Successfully Completed, Status, Successfully Completed, Status, Successfully Completed, Status, Successfully Completed, Status, Successfully Completed, Status, Successfully Completed, Status, Successfully Completed, Status, Successfully Completed, Status, Successfully Completed, Status, Successfully Completed, Status]
[neelback4more@gmail.com, Subho1991*, Status, Successfully Completed, Status, Successfully Completed, Status, Successfully Completed, Status, Successfully Completed, Status, Successfully Completed, Status, Successfully Completed, Status, Successfully Completed, Status, Successfully Completed, Status, Successfully Completed, Status, Successfully Completed, Status, Successfully Completed, Status, Successfully Completed, Status, Successfully Completed, Status, Successfully Completed, Status, Successfully Completed, Status, Successfully Completed, Status, Successfully Completed, Status, Successfully Completed, Status, Successfully Completed, Status, Successfully Completed, Status, Successfully Completed, Status, Successfully Completed, Status, Successfully Completed, Status, Successfully Completed, Status, Successfully Completed, Status, Successfully Completed, Status, Successfully Completed, Status, Successfully Completed, Status, Successfully Completed, Status, Successfully Completed, Status, Successfully Completed, Status, Successfully Completed, Status, Successfully Completed, Status, Successfully Completed, Status, Successfully Completed, Status, Successfully Completed, Status, Successfully Completed, Status, Successfully Completed, Status, Successfully Completed, Status, Successfully Completed, Status, Successfully Completed, Status, Successfully Completed, Status, Successfully Completed, Status, Successfully Completed, Status, Successfully Completed, Status, Successfully Completed, Status, Successfully Completed, Status, Successfully Completed, Status, Successfully Completed, Status, Successfully Completed, Status, Successfully Completed, Status, Successfully Completed, Status, Successfully Completed, Status, Successfully Completed, Status, Successfully Completed, Status, Successfully Completed, Status, Successfully Completed, Status, Successfully Completed, Status, Successfully Completed, Status, Successfully Completed, Status, Successfully Completed, Status, Successfully Completed, Status, Successfully Completed, Status, Successfully Completed, Status, Successfully Completed, Status, Successfully Completed, Status, Successfully Completed, Status, Successfully Completed, Status, Successfully Completed, Status, Successfully Completed, Status, Successfully Completed, Status, Successfully Completed, Status, Successfully Completed, Status, Successfully Completed, Status, Successfully Completed, Status, Successfully Completed, Status, Successfully Completed, Status, Successfully Completed, Status, Successfully Completed, Status, Successfully Completed, Status, Successfully Completed, Status, Successfully Completed, Status, Successfully Completed, Status, Successfully Completed, Status, Successfully Completed, Status, Successfully Completed, Status, Successfully Completed, Status, Successfully Completed, Status, Successfully Completed, Status, Successfully Completed, Status, Successfully Completed, Status, Successfully Completed, Status, Successfully Completed, Status, Successfully Completed, Status, Successfully Completed, Status, Successfully Completed, Status, Successfully Completed, Status, Successfully Completed, Status, Successfully Completed, Status, Successfully Completed, Status, Successfully Completed, Status, Successfully Completed, Status, Successfully Completed, Status, Successfully Completed, Status, Successfully Completed, Status, Successfully Completed, Status, Successfully Completed, Status, Successfully Completed, Status, Successfully Completed, Status, Successfully Completed, Status, Successfully Completed, Status, Successfully Completed, Status, Successfully Completed, Status, Successfully Completed, Status, Successfully Completed, Status, Successfully Completed, Status, Successfully Completed, Status, Successfully Completed, Status, Successfully Completed, Status, Successfully Completed, Status, Successfully Completed, Status, Successfully Completed, Status, Successfully Completed, Status, Successfully Completed, Status, Successfully Completed, Status, Successfully Completed, Status, Successfully Completed, Status, Successfully Completed, Status, Successfully Completed, Status, Successfully Completed, Status, Successfully Completed, Status, Successfully Completed, Status, Successfully Completed, Status, Successfully Completed, Status, Successfully Completed, Status, Successfully Completed, Status, Successfully Completed, Status, Successfully Completed, Status, Successfully Completed, Status, Successfully Completed, Status, Successfully Completed, Status, Successfully Completed, Status, Successfully Completed, Status, Successfully Completed, Status, Successfully Completed, Status, Successfully Completed, Status, Successfully Completed, Status, Successfully Completed, Status, Successfully Completed, Status, Successfully Completed, Status, Successfully Completed, Status, Successfully Completed, Status, Successfully Completed, Status, Successfully Completed, Status, Successfully Completed, Status, Successfully Completed, Status, Successfully Completed, Status, Successfully Completed]
[neelback4more@gmail.com, Subho1991*, Status, Successfully Completed, Status, Successfully Completed, Status, Successfully Completed, Status, Successfully Completed, Status, Successfully Completed, Status, Successfully Completed, Status, Successfully Completed, Status, Successfully Completed, Status, Successfully Completed, Status, Successfully Completed, Status, Successfully Completed, Status, Successfully Completed, Status, Successfully Completed, Status, Successfully Completed, Status, Successfully Completed, Status, Successfully Completed, Status, Successfully Completed, Status, Successfully Completed, Status, Successfully Completed, Status, Successfully Completed, Status, Successfully Completed, Status, Successfully Completed, Status, Successfully Completed, Status, Successfully Completed, Status, Successfully Completed, Status, Successfully Completed, Status, Successfully Completed, Status, Successfully Completed, Status, Successfully Completed, Status, Successfully Completed, Status, Successfully Completed, Status, Successfully Completed, Status, Successfully Completed, Status, Successfully Completed, Status, Successfully Completed, Status, Successfully Completed, Status, Successfully Completed, Status, Successfully Completed, Status, Successfully Completed, Status, Successfully Completed, Status, Successfully Completed, Status, Successfully Completed, Status, Successfully Completed, Status, Successfully Completed, Status, Successfully Completed, Status, Successfully Completed, Status, Successfully Completed, Status, Successfully Completed, Status, Successfully Completed, Status, Successfully Completed, Status, Successfully Completed, Status, Successfully Completed, Status, Successfully Completed, Status, Successfully Completed, Status, Successfully Completed, Status, Successfully Completed, Status, Successfully Completed, Status, Successfully Completed, Status, Successfully Completed, Status, Successfully Completed, Status, Successfully Completed, Status, Successfully Completed, Status, Successfully Completed, Status, Successfully Completed, Status, Successfully Completed, Status, Successfully Completed, Status, Successfully Completed, Status, Successfully Completed, Status, Successfully Completed, Status, Successfully Completed, Status, Successfully Completed, Status, Successfully Completed, Status, Successfully Completed, Status, Successfully Completed, Status, Successfully Completed, Status, Successfully Completed, Status, Successfully Completed, Status, Successfully Completed, Status, Successfully Completed, Status, Successfully Completed, Status, Successfully Completed, Status, Successfully Completed, Status, Successfully Completed, Status, Successfully Completed, Status, Successfully Completed, Status, Successfully Completed, Status, Successfully Completed, Status, Successfully Completed, Status, Successfully Completed, Status, Successfully Completed, Status, Successfully Completed, Status, Successfully Completed, Status, Successfully Completed, Status, Successfully Completed, Status, Successfully Completed, Status, Successfully Completed, Status, Successfully Completed, Status, Successfully Completed, Status, Successfully Completed, Status, Successfully Completed, Status, Successfully Completed, Status, Successfully Completed, Status, Successfully Completed, Status, Successfully Completed, Status, Successfully Completed, Status, Successfully Completed, Status, Successfully Completed, Status, Successfully Completed, Status, Successfully Completed, Status, Successfully Completed, Status, Successfully Completed, Status, Successfully Completed, Status, Successfully Completed, Status, Successfully Completed, Status, Successfully Completed, Status, Successfully Completed, Status, Successfully Completed, Status, Successfully Completed, Status, Successfully Completed, Status, Successfully Completed, Status, Successfully Completed, Status, Successfully Completed, Status, Successfully Completed, Status, Successfully Completed, Status, Successfully Completed, Status, Successfully Completed, Status, Successfully Completed, Status, Successfully Completed, Status, Successfully Completed, Status, Successfully Completed, Status, Successfully Completed, Status, Successfully Completed, Status, Successfully Completed, Status, Successfully Completed, Status, Successfully Completed, Status, Successfully Completed, Status, Successfully Completed, Status, Successfully Completed, Status, Successfully Completed, Status, Successfully Completed, Status, Successfully Completed, Status, Successfully Completed, Status, Successfully Completed, Status, Successfully Completed, Status, Successfully Completed, Status, Successfully Completed, Status, Successfully Completed, Status, Successfully Completed, Status, Successfully Completed, Status, Successfully Completed, Status, Successfully Completed, Status, Successfully Completed, Status, Successfully Completed, Status, Successfully Completed, Status, Successfully Completed, Status, Successfully Completed, Status, Successfully Completed, Status, Successfully Completed, Status]
[neelback4more@gmail.com, Subho1991*, Status, Successfully Completed, Status, Successfully Completed, Status, Successfully Completed, Status, Successfully Completed, Status, Successfully Completed, Status, Successfully Completed, Status, Successfully Completed, Status, Successfully Completed, Status, Successfully Completed, Status, Successfully Completed, Status, Successfully Completed, Status, Successfully Completed, Status, Successfully Completed, Status, Successfully Completed, Status, Successfully Completed, Status, Successfully Completed, Status, Successfully Completed, Status, Successfully Completed, Status, Successfully Completed, Status, Successfully Completed, Status, Successfully Completed, Status, Successfully Completed, Status, Successfully Completed, Status, Successfully Completed, Status, Successfully Completed, Status, Successfully Completed, Status, Successfully Completed, Status, Successfully Completed, Status, Successfully Completed, Status, Successfully Completed, Status, Successfully Completed, Status, Successfully Completed, Status, Successfully Completed, Status, Successfully Completed, Status, Successfully Completed, Status, Successfully Completed, Status, Successfully Completed, Status, Successfully Completed, Status, Successfully Completed, Status, Successfully Completed, Status, Successfully Completed, Status, Successfully Completed, Status, Successfully Completed, Status, Successfully Completed, Status, Successfully Completed, Status, Successfully Completed, Status, Successfully Completed, Status, Successfully Completed, Status, Successfully Completed, Status, Successfully Completed, Status, Successfully Completed, Status, Successfully Completed, Status, Successfully Completed, Status, Successfully Completed, Status, Successfully Completed, Status, Successfully Completed, Status, Successfully Completed, Status, Successfully Completed, Status, Successfully Completed, Status, Successfully Completed, Status, Successfully Completed, Status, Successfully Completed, Status, Successfully Completed, Status, Successfully Completed, Status, Successfully Completed, Status, Successfully Completed, Status, Successfully Completed, Status, Successfully Completed, Status, Successfully Completed, Status, Successfully Completed, Status, Successfully Completed, Status, Successfully Completed, Status, Successfully Completed, Status, Successfully Completed, Status, Successfully Completed, Status, Successfully Completed, Status, Successfully Completed, Status, Successfully Completed, Status, Successfully Completed, Status, Successfully Completed, Status, Successfully Completed, Status, Successfully Completed, Status, Successfully Completed, Status, Successfully Completed, Status, Successfully Completed, Status, Successfully Completed, Status, Successfully Completed, Status, Successfully Completed, Status, Successfully Completed, Status, Successfully Completed, Status, Successfully Completed, Status, Successfully Completed, Status, Successfully Completed, Status, Successfully Completed, Status, Successfully Completed, Status, Successfully Completed, Status, Successfully Completed, Status, Successfully Completed, Status, Successfully Completed, Status, Successfully Completed, Status, Successfully Completed, Status, Successfully Completed, Status, Successfully Completed, Status, Successfully Completed, Status, Successfully Completed, Status, Successfully Completed, Status, Successfully Completed, Status, Successfully Completed, Status, Successfully Completed, Status, Successfully Completed, Status, Successfully Completed, Status, Successfully Completed, Status, Successfully Completed, Status, Successfully Completed, Status, Successfully Completed, Status, Successfully Completed, Status, Successfully Completed, Status, Successfully Completed, Status, Successfully Completed, Status, Successfully Completed, Status, Successfully Completed, Status, Successfully Completed, Status, Successfully Completed, Status, Successfully Completed, Status, Successfully Completed, Status, Successfully Completed, Status, Successfully Completed, Status, Successfully Completed, Status, Successfully Completed, Status, Successfully Completed, Status, Successfully Completed, Status, Successfully Completed, Status, Successfully Completed, Status, Successfully Completed, Status, Successfully Completed, Status, Successfully Completed, Status, Successfully Completed, Status, Successfully Completed, Status, Successfully Completed, Status, Successfully Completed, Status, Successfully Completed, Status, Successfully Completed, Status, Successfully Completed, Status, Successfully Completed, Status, Successfully Completed, Status, Successfully Completed, Status, Successfully Completed, Status, Successfully Completed, Status, Successfully Completed, Status, Successfully Completed, Status, Successfully Completed, Status, Successfully Completed, Status, Successfully Completed, Status, Successfully Completed, Status, Successfully Completed, Status, Successfully Completed, Status, Successfully Completed, Status, Successfully Completed, Status, Successfully Completed]
[neelback4more@gmail.com, Subho1991*, Status, Successfully Completed, Status, Successfully Completed, Status, Successfully Completed, Status, Successfully Completed, Status, Successfully Completed, Status, Successfully Completed, Status, Successfully Completed, Status, Successfully Completed, Status, Successfully Completed, Status, Successfully Completed, Status, Successfully Completed, Status, Successfully Completed, Status, Successfully Completed, Status, Successfully Completed, Status, Successfully Completed, Status, Successfully Completed, Status, Successfully Completed, Status, Successfully Completed, Status, Successfully Completed, Status, Successfully Completed, Status, Successfully Completed, Status, Successfully Completed, Status, Successfully Completed, Status, Successfully Completed, Status, Successfully Completed, Status, Successfully Completed, Status, Successfully Completed, Status, Successfully Completed, Status, Successfully Completed, Status, Successfully Completed, Status, Successfully Completed, Status, Successfully Completed, Status, Successfully Completed, Status, Successfully Completed, Status, Successfully Completed, Status, Successfully Completed, Status, Successfully Completed, Status, Successfully Completed, Status, Successfully Completed, Status, Successfully Completed, Status, Successfully Completed, Status, Successfully Completed, Status, Successfully Completed, Status, Successfully Completed, Status, Successfully Completed, Status, Successfully Completed, Status, Successfully Completed, Status, Successfully Completed, Status, Successfully Completed, Status, Successfully Completed, Status, Successfully Completed, Status, Successfully Completed, Status, Successfully Completed, Status, Successfully Completed, Status, Successfully Completed, Status, Successfully Completed, Status, Successfully Completed, Status, Successfully Completed, Status, Successfully Completed, Status, Successfully Completed, Status, Successfully Completed, Status, Successfully Completed, Status, Successfully Completed, Status, Successfully Completed, Status, Successfully Completed, Status, Successfully Completed, Status, Successfully Completed, Status, Successfully Completed, Status, Successfully Completed, Status, Successfully Completed, Status, Successfully Completed, Status, Successfully Completed, Status, Successfully Completed, Status, Successfully Completed, Status, Successfully Completed, Status, Successfully Completed, Status, Successfully Completed, Status, Successfully Completed, Status, Successfully Completed, Status, Successfully Completed, Status, Successfully Completed, Status, Successfully Completed, Status, Successfully Completed, Status, Successfully Completed, Status, Successfully Completed, Status, Successfully Completed, Status, Successfully Completed, Status, Successfully Completed, Status, Successfully Completed, Status, Successfully Completed, Status, Successfully Completed, Status, Successfully Completed, Status, Successfully Completed, Status, Successfully Completed, Status, Successfully Completed, Status, Successfully Completed, Status, Successfully Completed, Status, Successfully Completed, Status, Successfully Completed, Status, Successfully Completed, Status, Successfully Completed, Status, Successfully Completed, Status, Successfully Completed, Status, Successfully Completed, Status, Successfully Completed, Status, Successfully Completed, Status, Successfully Completed, Status, Successfully Completed, Status, Successfully Completed, Status, Successfully Completed, Status, Successfully Completed, Status, Successfully Completed, Status, Successfully Completed, Status, Successfully Completed, Status, Successfully Completed, Status, Successfully Completed, Status, Successfully Completed, Status, Successfully Completed, Status, Successfully Completed, Status, Successfully Completed, Status, Successfully Completed, Status, Successfully Completed, Status, Successfully Completed, Status, Successfully Completed, Status, Successfully Completed, Status, Successfully Completed, Status, Successfully Completed, Status, Successfully Completed, Status, Successfully Completed, Status, Successfully Completed, Status, Successfully Completed, Status, Successfully Completed, Status, Successfully Completed, Status, Successfully Completed, Status, Successfully Completed, Status, Successfully Completed, Status, Successfully Completed, Status, Successfully Completed, Status, Successfully Completed, Status, Successfully Completed, Status, Successfully Completed, Status, Successfully Completed, Status, Successfully Completed, Status, Successfully Completed, Status, Successfully Completed, Status, Successfully Completed, Status, Successfully Completed, Status, Successfully Completed, Status, Successfully Completed, Status, Successfully Completed, Status, Successfully Completed, Status, Successfully Completed, Status, Successfully Completed, Status, Successfully Completed, Status, Successfully Completed, Status, Successfully Completed, Status, Successfully Completed, Status, Successfully Completed, Status, Successfully Completed, Status]
[neelback4more@gmail.com, Subho1991*, Status, Successfully Completed, Status, Successfully Completed, Status, Successfully Completed, Status, Successfully Completed, Status, Successfully Completed, Status, Successfully Completed, Status, Successfully Completed, Status, Successfully Completed, Status, Successfully Completed, Status, Successfully Completed, Status, Successfully Completed, Status, Successfully Completed, Status, Successfully Completed, Status, Successfully Completed, Status, Successfully Completed, Status, Successfully Completed, Status, Successfully Completed, Status, Successfully Completed, Status, Successfully Completed, Status, Successfully Completed, Status, Successfully Completed, Status, Successfully Completed, Status, Successfully Completed, Status, Successfully Completed, Status, Successfully Completed, Status, Successfully Completed, Status, Successfully Completed, Status, Successfully Completed, Status, Successfully Completed, Status, Successfully Completed, Status, Successfully Completed, Status, Successfully Completed, Status, Successfully Completed, Status, Successfully Completed, Status, Successfully Completed, Status, Successfully Completed, Status, Successfully Completed, Status, Successfully Completed, Status, Successfully Completed, Status, Successfully Completed, Status, Successfully Completed, Status, Successfully Completed, Status, Successfully Completed, Status, Successfully Completed, Status, Successfully Completed, Status, Successfully Completed, Status, Successfully Completed, Status, Successfully Completed, Status, Successfully Completed, Status, Successfully Completed, Status, Successfully Completed, Status, Successfully Completed, Status, Successfully Completed, Status, Successfully Completed, Status, Successfully Completed, Status, Successfully Completed, Status, Successfully Completed, Status, Successfully Completed, Status, Successfully Completed, Status, Successfully Completed, Status, Successfully Completed, Status, Successfully Completed, Status, Successfully Completed, Status, Successfully Completed, Status, Successfully Completed, Status, Successfully Completed, Status, Successfully Completed, Status, Successfully Completed, Status, Successfully Completed, Status, Successfully Completed, Status, Successfully Completed, Status, Successfully Completed, Status, Successfully Completed, Status, Successfully Completed, Status, Successfully Completed, Status, Successfully Completed, Status, Successfully Completed, Status, Successfully Completed, Status, Successfully Completed, Status, Successfully Completed, Status, Successfully Completed, Status, Successfully Completed, Status, Successfully Completed, Status, Successfully Completed, Status, Successfully Completed, Status, Successfully Completed, Status, Successfully Completed, Status, Successfully Completed, Status, Successfully Completed, Status, Successfully Completed, Status, Successfully Completed, Status, Successfully Completed, Status, Successfully Completed, Status, Successfully Completed, Status, Successfully Completed, Status, Successfully Completed, Status, Successfully Completed, Status, Successfully Completed, Status, Successfully Completed, Status, Successfully Completed, Status, Successfully Completed, Status, Successfully Completed, Status, Successfully Completed, Status, Successfully Completed, Status, Successfully Completed, Status, Successfully Completed, Status, Successfully Completed, Status, Successfully Completed, Status, Successfully Completed, Status, Successfully Completed, Status, Successfully Completed, Status, Successfully Completed, Status, Successfully Completed, Status, Successfully Completed, Status, Successfully Completed, Status, Successfully Completed, Status, Successfully Completed, Status, Successfully Completed, Status, Successfully Completed, Status, Successfully Completed, Status, Successfully Completed, Status, Successfully Completed, Status, Successfully Completed, Status, Successfully Completed, Status, Successfully Completed, Status, Successfully Completed, Status, Successfully Completed, Status, Successfully Completed, Status, Successfully Completed, Status, Successfully Completed, Status, Successfully Completed, Status, Successfully Completed, Status, Successfully Completed, Status, Successfully Completed, Status, Successfully Completed, Status, Successfully Completed, Status, Successfully Completed, Status, Successfully Completed, Status, Successfully Completed, Status, Successfully Completed, Status, Successfully Completed, Status, Successfully Completed, Status, Successfully Completed, Status, Successfully Completed, Status, Successfully Completed, Status, Successfully Completed, Status, Successfully Completed, Status, Successfully Completed, Status, Successfully Completed, Status, Successfully Completed, Status, Successfully Completed, Status, Successfully Completed, Status, Successfully Completed, Status, Successfully Completed, Status, Successfully Completed, Status, Successfully Completed, Status, Successfully Completed, Status, Successfully Completed, Status, Successfully Completed, Status, Successfully Completed]
[neelback4more@gmail.com, Subho1991*, Status, Successfully Completed, Status, Successfully Completed, Status, Successfully Completed, Status, Successfully Completed, Status, Successfully Completed, Status, Successfully Completed, Status, Successfully Completed, Status, Successfully Completed, Status, Successfully Completed, Status, Successfully Completed, Status, Successfully Completed, Status, Successfully Completed, Status, Successfully Completed, Status, Successfully Completed, Status, Successfully Completed, Status, Successfully Completed, Status, Successfully Completed, Status, Successfully Completed, Status, Successfully Completed, Status, Successfully Completed, Status, Successfully Completed, Status, Successfully Completed, Status, Successfully Completed, Status, Successfully Completed, Status, Successfully Completed, Status, Successfully Completed, Status, Successfully Completed, Status, Successfully Completed, Status, Successfully Completed, Status, Successfully Completed, Status, Successfully Completed, Status, Successfully Completed, Status, Successfully Completed, Status, Successfully Completed, Status, Successfully Completed, Status, Successfully Completed, Status, Successfully Completed, Status, Successfully Completed, Status, Successfully Completed, Status, Successfully Completed, Status, Successfully Completed, Status, Successfully Completed, Status, Successfully Completed, Status, Successfully Completed, Status, Successfully Completed, Status, Successfully Completed, Status, Successfully Completed, Status, Successfully Completed, Status, Successfully Completed, Status, Successfully Completed, Status, Successfully Completed, Status, Successfully Completed, Status, Successfully Completed, Status, Successfully Completed, Status, Successfully Completed, Status, Successfully Completed, Status, Successfully Completed, Status, Successfully Completed, Status, Successfully Completed, Status, Successfully Completed, Status, Successfully Completed, Status, Successfully Completed, Status, Successfully Completed, Status, Successfully Completed, Status, Successfully Completed, Status, Successfully Completed, Status, Successfully Completed, Status, Successfully Completed, Status, Successfully Completed, Status, Successfully Completed, Status, Successfully Completed, Status, Successfully Completed, Status, Successfully Completed, Status, Successfully Completed, Status, Successfully Completed, Status, Successfully Completed, Status, Successfully Completed, Status, Successfully Completed, Status, Successfully Completed, Status, Successfully Completed, Status, Successfully Completed, Status, Successfully Completed, Status, Successfully Completed, Status, Successfully Completed, Status, Successfully Completed, Status, Successfully Completed, Status, Successfully Completed, Status, Successfully Completed, Status, Successfully Completed, Status, Successfully Completed, Status, Successfully Completed, Status, Successfully Completed, Status, Successfully Completed, Status, Successfully Completed, Status, Successfully Completed, Status, Successfully Completed, Status, Successfully Completed, Status, Successfully Completed, Status, Successfully Completed, Status, Successfully Completed, Status, Successfully Completed, Status, Successfully Completed, Status, Successfully Completed, Status, Successfully Completed, Status, Successfully Completed, Status, Successfully Completed, Status, Successfully Completed, Status, Successfully Completed, Status, Successfully Completed, Status, Successfully Completed, Status, Successfully Completed, Status, Successfully Completed, Status, Successfully Completed, Status, Successfully Completed, Status, Successfully Completed, Status, Successfully Completed, Status, Successfully Completed, Status, Successfully Completed, Status, Successfully Completed, Status, Successfully Completed, Status, Successfully Completed, Status, Successfully Completed, Status, Successfully Completed, Status, Successfully Completed, Status, Successfully Completed, Status, Successfully Completed, Status, Successfully Completed, Status, Successfully Completed, Status, Successfully Completed, Status, Successfully Completed, Status, Successfully Completed, Status, Successfully Completed, Status, Successfully Completed, Status, Successfully Completed, Status, Successfully Completed, Status, Successfully Completed, Status, Successfully Completed, Status, Successfully Completed, Status, Successfully Completed, Status, Successfully Completed, Status, Successfully Completed, Status, Successfully Completed, Status, Successfully Completed, Status, Successfully Completed, Status, Successfully Completed, Status, Successfully Completed, Status, Successfully Completed, Status, Successfully Completed, Status, Successfully Completed, Status, Successfully Completed, Status, Successfully Completed, Status, Successfully Completed, Status, Successfully Completed, Status, Successfully Completed, Status, Successfully Completed, Status, Successfully Completed, Status, Successfully Completed, Status, Successfully Completed, Status, Successfully Completed, Status, Successfully Completed, Status]
[neelback4more@gmail.com, Subho1991*, Status, Successfully Completed, Status, Successfully Completed, Status, Successfully Completed, Status, Successfully Completed, Status, Successfully Completed, Status, Successfully Completed, Status, Successfully Completed, Status, Successfully Completed, Status, Successfully Completed, Status, Successfully Completed, Status, Successfully Completed, Status, Successfully Completed, Status, Successfully Completed, Status, Successfully Completed, Status, Successfully Completed, Status, Successfully Completed, Status, Successfully Completed, Status, Successfully Completed, Status, Successfully Completed, Status, Successfully Completed, Status, Successfully Completed, Status, Successfully Completed, Status, Successfully Completed, Status, Successfully Completed, Status, Successfully Completed, Status, Successfully Completed, Status, Successfully Completed, Status, Successfully Completed, Status, Successfully Completed, Status, Successfully Completed, Status, Successfully Completed, Status, Successfully Completed, Status, Successfully Completed, Status, Successfully Completed, Status, Successfully Completed, Status, Successfully Completed, Status, Successfully Completed, Status, Successfully Completed, Status, Successfully Completed, Status, Successfully Completed, Status, Successfully Completed, Status, Successfully Completed, Status, Successfully Completed, Status, Successfully Completed, Status, Successfully Completed, Status, Successfully Completed, Status, Successfully Completed, Status, Successfully Completed, Status, Successfully Completed, Status, Successfully Completed, Status, Successfully Completed, Status, Successfully Completed, Status, Successfully Completed, Status, Successfully Completed, Status, Successfully Completed, Status, Successfully Completed, Status, Successfully Completed, Status, Successfully Completed, Status, Successfully Completed, Status, Successfully Completed, Status, Successfully Completed, Status, Successfully Completed, Status, Successfully Completed, Status, Successfully Completed, Status, Successfully Completed, Status, Successfully Completed, Status, Successfully Completed, Status, Successfully Completed, Status, Successfully Completed, Status, Successfully Completed, Status, Successfully Completed, Status, Successfully Completed, Status, Successfully Completed, Status, Successfully Completed, Status, Successfully Completed, Status, Successfully Completed, Status, Successfully Completed, Status, Successfully Completed, Status, Successfully Completed, Status, Successfully Completed, Status, Successfully Completed, Status, Successfully Completed, Status, Successfully Completed, Status, Successfully Completed, Status, Successfully Completed, Status, Successfully Completed, Status, Successfully Completed, Status, Successfully Completed, Status, Successfully Completed, Status, Successfully Completed, Status, Successfully Completed, Status, Successfully Completed, Status, Successfully Completed, Status, Successfully Completed, Status, Successfully Completed, Status, Successfully Completed, Status, Successfully Completed, Status, Successfully Completed, Status, Successfully Completed, Status, Successfully Completed, Status, Successfully Completed, Status, Successfully Completed, Status, Successfully Completed, Status, Successfully Completed, Status, Successfully Completed, Status, Successfully Completed, Status, Successfully Completed, Status, Successfully Completed, Status, Successfully Completed, Status, Successfully Completed, Status, Successfully Completed, Status, Successfully Completed, Status, Successfully Completed, Status, Successfully Completed, Status, Successfully Completed, Status, Successfully Completed, Status, Successfully Completed, Status, Successfully Completed, Status, Successfully Completed, Status, Successfully Completed, Status, Successfully Completed, Status, Successfully Completed, Status, Successfully Completed, Status, Successfully Completed, Status, Successfully Completed, Status, Successfully Completed, Status, Successfully Completed, Status, Successfully Completed, Status, Successfully Completed, Status, Successfully Completed, Status, Successfully Completed, Status, Successfully Completed, Status, Successfully Completed, Status, Successfully Completed, Status, Successfully Completed, Status, Successfully Completed, Status, Successfully Completed, Status, Successfully Completed, Status, Successfully Completed, Status, Successfully Completed, Status, Successfully Completed, Status, Successfully Completed, Status, Successfully Completed, Status, Successfully Completed, Status, Successfully Completed, Status, Successfully Completed, Status, Successfully Completed, Status, Successfully Completed, Status, Successfully Completed, Status, Successfully Completed, Status, Successfully Completed, Status, Successfully Completed, Status, Successfully Completed, Status, Successfully Completed, Status, Successfully Completed, Status, Successfully Completed, Status, Successfully Completed, Status, Successfully Completed, Status, Successfully Completed, Status, Successfully Completed, Status, Successfully Completed]
[neelback4more@gmail.com, Subho1991*, Status, Successfully Completed, Status, Successfully Completed, Status, Successfully Completed, Status, Successfully Completed, Status, Successfully Completed, Status, Successfully Completed, Status, Successfully Completed, Status, Successfully Completed, Status, Successfully Completed, Status, Successfully Completed, Status, Successfully Completed, Status, Successfully Completed, Status, Successfully Completed, Status, Successfully Completed, Status, Successfully Completed, Status, Successfully Completed, Status, Successfully Completed, Status, Successfully Completed, Status, Successfully Completed, Status, Successfully Completed, Status, Successfully Completed, Status, Successfully Completed, Status, Successfully Completed, Status, Successfully Completed, Status, Successfully Completed, Status, Successfully Completed, Status, Successfully Completed, Status, Successfully Completed, Status, Successfully Completed, Status, Successfully Completed, Status, Successfully Completed, Status, Successfully Completed, Status, Successfully Completed, Status, Successfully Completed, Status, Successfully Completed, Status, Successfully Completed, Status, Successfully Completed, Status, Successfully Completed, Status, Successfully Completed, Status, Successfully Completed, Status, Successfully Completed, Status, Successfully Completed, Status, Successfully Completed, Status, Successfully Completed, Status, Successfully Completed, Status, Successfully Completed, Status, Successfully Completed, Status, Successfully Completed, Status, Successfully Completed, Status, Successfully Completed, Status, Successfully Completed, Status, Successfully Completed, Status, Successfully Completed, Status, Successfully Completed, Status, Successfully Completed, Status, Successfully Completed, Status, Successfully Completed, Status, Successfully Completed, Status, Successfully Completed, Status, Successfully Completed, Status, Successfully Completed, Status, Successfully Completed, Status, Successfully Completed, Status, Successfully Completed, Status, Successfully Completed, Status, Successfully Completed, Status, Successfully Completed, Status, Successfully Completed, Status, Successfully Completed, Status, Successfully Completed, Status, Successfully Completed, Status, Successfully Completed, Status, Successfully Completed, Status, Successfully Completed, Status, Successfully Completed, Status, Successfully Completed, Status, Successfully Completed, Status, Successfully Completed, Status, Successfully Completed, Status, Successfully Completed, Status, Successfully Completed, Status, Successfully Completed, Status, Successfully Completed, Status, Successfully Completed, Status, Successfully Completed, Status, Successfully Completed, Status, Successfully Completed, Status, Successfully Completed, Status, Successfully Completed, Status, Successfully Completed, Status, Successfully Completed, Status, Successfully Completed, Status, Successfully Completed, Status, Successfully Completed, Status, Successfully Completed, Status, Successfully Completed, Status, Successfully Completed, Status, Successfully Completed, Status, Successfully Completed, Status, Successfully Completed, Status, Successfully Completed, Status, Successfully Completed, Status, Successfully Completed, Status, Successfully Completed, Status, Successfully Completed, Status, Successfully Completed, Status, Successfully Completed, Status, Successfully Completed, Status, Successfully Completed, Status, Successfully Completed, Status, Successfully Completed, Status, Successfully Completed, Status, Successfully Completed, Status, Successfully Completed, Status, Successfully Completed, Status, Successfully Completed, Status, Successfully Completed, Status, Successfully Completed, Status, Successfully Completed, Status, Successfully Completed, Status, Successfully Completed, Status, Successfully Completed, Status, Successfully Completed, Status, Successfully Completed, Status, Successfully Completed, Status, Successfully Completed, Status, Successfully Completed, Status, Successfully Completed, Status, Successfully Completed, Status, Successfully Completed, Status, Successfully Completed, Status, Successfully Completed, Status, Successfully Completed, Status, Successfully Completed, Status, Successfully Completed, Status, Successfully Completed, Status, Successfully Completed, Status, Successfully Completed, Status, Successfully Completed, Status, Successfully Completed, Status, Successfully Completed, Status, Successfully Completed, Status, Successfully Completed, Status, Successfully Completed, Status, Successfully Completed, Status, Successfully Completed, Status, Successfully Completed, Status, Successfully Completed, Status, Successfully Completed, Status, Successfully Completed, Status, Successfully Completed, Status, Successfully Completed, Status, Successfully Completed, Status, Successfully Completed, Status, Successfully Completed, Status, Successfully Completed, Status, Successfully Completed, Status, Successfully Completed, Status, Successfully Completed, Status, Successfully Completed, Status, Successfully Completed, Status]
[neelback4more@gmail.com, Subho1991*, Status, Successfully Completed, Status, Successfully Completed, Status, Successfully Completed, Status, Successfully Completed, Status, Successfully Completed, Status, Successfully Completed, Status, Successfully Completed, Status, Successfully Completed, Status, Successfully Completed, Status, Successfully Completed, Status, Successfully Completed, Status, Successfully Completed, Status, Successfully Completed, Status, Successfully Completed, Status, Successfully Completed, Status, Successfully Completed, Status, Successfully Completed, Status, Successfully Completed, Status, Successfully Completed, Status, Successfully Completed, Status, Successfully Completed, Status, Successfully Completed, Status, Successfully Completed, Status, Successfully Completed, Status, Successfully Completed, Status, Successfully Completed, Status, Successfully Completed, Status, Successfully Completed, Status, Successfully Completed, Status, Successfully Completed, Status, Successfully Completed, Status, Successfully Completed, Status, Successfully Completed, Status, Successfully Completed, Status, Successfully Completed, Status, Successfully Completed, Status, Successfully Completed, Status, Successfully Completed, Status, Successfully Completed, Status, Successfully Completed, Status, Successfully Completed, Status, Successfully Completed, Status, Successfully Completed, Status, Successfully Completed, Status, Successfully Completed, Status, Successfully Completed, Status, Successfully Completed, Status, Successfully Completed, Status, Successfully Completed, Status, Successfully Completed, Status, Successfully Completed, Status, Successfully Completed, Status, Successfully Completed, Status, Successfully Completed, Status, Successfully Completed, Status, Successfully Completed, Status, Successfully Completed, Status, Successfully Completed, Status, Successfully Completed, Status, Successfully Completed, Status, Successfully Completed, Status, Successfully Completed, Status, Successfully Completed, Status, Successfully Completed, Status, Successfully Completed, Status, Successfully Completed, Status, Successfully Completed, Status, Successfully Completed, Status, Successfully Completed, Status, Successfully Completed, Status, Successfully Completed, Status, Successfully Completed, Status, Successfully Completed, Status, Successfully Completed, Status, Successfully Completed, Status, Successfully Completed, Status, Successfully Completed, Status, Successfully Completed, Status, Successfully Completed, Status, Successfully Completed, Status, Successfully Completed, Status, Successfully Completed, Status, Successfully Completed, Status, Successfully Completed, Status, Successfully Completed, Status, Successfully Completed, Status, Successfully Completed, Status, Successfully Completed, Status, Successfully Completed, Status, Successfully Completed, Status, Successfully Completed, Status, Successfully Completed, Status, Successfully Completed, Status, Successfully Completed, Status, Successfully Completed, Status, Successfully Completed, Status, Successfully Completed, Status, Successfully Completed, Status, Successfully Completed, Status, Successfully Completed, Status, Successfully Completed, Status, Successfully Completed, Status, Successfully Completed, Status, Successfully Completed, Status, Successfully Completed, Status, Successfully Completed, Status, Successfully Completed, Status, Successfully Completed, Status, Successfully Completed, Status, Successfully Completed, Status, Successfully Completed, Status, Successfully Completed, Status, Successfully Completed, Status, Successfully Completed, Status, Successfully Completed, Status, Successfully Completed, Status, Successfully Completed, Status, Successfully Completed, Status, Successfully Completed, Status, Successfully Completed, Status, Successfully Completed, Status, Successfully Completed, Status, Successfully Completed, Status, Successfully Completed, Status, Successfully Completed, Status, Successfully Completed, Status, Successfully Completed, Status, Successfully Completed, Status, Successfully Completed, Status, Successfully Completed, Status, Successfully Completed, Status, Successfully Completed, Status, Successfully Completed, Status, Successfully Completed, Status, Successfully Completed, Status, Successfully Completed, Status, Successfully Completed, Status, Successfully Completed, Status, Successfully Completed, Status, Successfully Completed, Status, Successfully Completed, Status, Successfully Completed, Status, Successfully Completed, Status, Successfully Completed, Status, Successfully Completed, Status, Successfully Completed, Status, Successfully Completed, Status, Successfully Completed, Status, Successfully Completed, Status, Successfully Completed, Status, Successfully Completed, Status, Successfully Completed, Status, Successfully Completed, Status, Successfully Completed, Status, Successfully Completed, Status, Successfully Completed, Status, Successfully Completed, Status, Successfully Completed, Status, Successfully Completed, Status, Successfully Completed, Status, Successfully Completed, Status, Successfully Completed]
[neelback4more@gmail.com, Subho1991*, Status, Successfully Completed, Status, Successfully Completed, Status, Successfully Completed, Status, Successfully Completed, Status, Successfully Completed, Status, Successfully Completed, Status, Successfully Completed, Status, Successfully Completed, Status, Successfully Completed, Status, Successfully Completed, Status, Successfully Completed, Status, Successfully Completed, Status, Successfully Completed, Status, Successfully Completed, Status, Successfully Completed, Status, Successfully Completed, Status, Successfully Completed, Status, Successfully Completed, Status, Successfully Completed, Status, Successfully Completed, Status, Successfully Completed, Status, Successfully Completed, Status, Successfully Completed, Status, Successfully Completed, Status, Successfully Completed, Status, Successfully Completed, Status, Successfully Completed, Status, Successfully Completed, Status, Successfully Completed, Status, Successfully Completed, Status, Successfully Completed, Status, Successfully Completed, Status, Successfully Completed, Status, Successfully Completed, Status, Successfully Completed, Status, Successfully Completed, Status, Successfully Completed, Status, Successfully Completed, Status, Successfully Completed, Status, Successfully Completed, Status, Successfully Completed, Status, Successfully Completed, Status, Successfully Completed, Status, Successfully Completed, Status, Successfully Completed, Status, Successfully Completed, Status, Successfully Completed, Status, Successfully Completed, Status, Successfully Completed, Status, Successfully Completed, Status, Successfully Completed, Status, Successfully Completed, Status, Successfully Completed, Status, Successfully Completed, Status, Successfully Completed, Status, Successfully Completed, Status, Successfully Completed, Status, Successfully Completed, Status, Successfully Completed, Status, Successfully Completed, Status, Successfully Completed, Status, Successfully Completed, Status, Successfully Completed, Status, Successfully Completed, Status, Successfully Completed, Status, Successfully Completed, Status, Successfully Completed, Status, Successfully Completed, Status, Successfully Completed, Status, Successfully Completed, Status, Successfully Completed, Status, Successfully Completed, Status, Successfully Completed, Status, Successfully Completed, Status, Successfully Completed, Status, Successfully Completed, Status, Successfully Completed, Status, Successfully Completed, Status, Successfully Completed, Status, Successfully Completed, Status, Successfully Completed, Status, Successfully Completed, Status, Successfully Completed, Status, Successfully Completed, Status, Successfully Completed, Status, Successfully Completed, Status, Successfully Completed, Status, Successfully Completed, Status, Successfully Completed, Status, Successfully Completed, Status, Successfully Completed, Status, Successfully Completed, Status, Successfully Completed, Status, Successfully Completed, Status, Successfully Completed, Status, Successfully Completed, Status, Successfully Completed, Status, Successfully Completed, Status, Successfully Completed, Status, Successfully Completed, Status, Successfully Completed, Status, Successfully Completed, Status, Successfully Completed, Status, Successfully Completed, Status, Successfully Completed, Status, Successfully Completed, Status, Successfully Completed, Status, Successfully Completed, Status, Successfully Completed, Status, Successfully Completed, Status, Successfully Completed, Status, Successfully Completed, Status, Successfully Completed, Status, Successfully Completed, Status, Successfully Completed, Status, Successfully Completed, Status, Successfully Completed, Status, Successfully Completed, Status, Successfully Completed, Status, Successfully Completed, Status, Successfully Completed, Status, Successfully Completed, Status, Successfully Completed, Status, Successfully Completed, Status, Successfully Completed, Status, Successfully Completed, Status, Successfully Completed, Status, Successfully Completed, Status, Successfully Completed, Status, Successfully Completed, Status, Successfully Completed, Status, Successfully Completed, Status, Successfully Completed, Status, Successfully Completed, Status, Successfully Completed, Status, Successfully Completed, Status, Successfully Completed, Status, Successfully Completed, Status, Successfully Completed, Status, Successfully Completed, Status, Successfully Completed, Status, Successfully Completed, Status, Successfully Completed, Status, Successfully Completed, Status, Successfully Completed, Status, Successfully Completed, Status, Successfully Completed, Status, Successfully Completed, Status, Successfully Completed, Status, Successfully Completed, Status, Successfully Completed, Status, Successfully Completed, Status, Successfully Completed, Status, Successfully Completed, Status, Successfully Completed, Status, Successfully Completed, Status, Successfully Completed, Status, Successfully Completed, Status, Successfully Completed, Status, Successfully Completed, Status, Successfully Completed, Status, Successfully Completed, Status]
[neelback4more@gmail.com, Subho1991*, Status, Successfully Completed, Status, Successfully Completed, Status, Successfully Completed, Status, Successfully Completed, Status, Successfully Completed, Status, Successfully Completed, Status, Successfully Completed, Status, Successfully Completed, Status, Successfully Completed, Status, Successfully Completed, Status, Successfully Completed, Status, Successfully Completed, Status, Successfully Completed, Status, Successfully Completed, Status, Successfully Completed, Status, Successfully Completed, Status, Successfully Completed, Status, Successfully Completed, Status, Successfully Completed, Status, Successfully Completed, Status, Successfully Completed, Status, Successfully Completed, Status, Successfully Completed, Status, Successfully Completed, Status, Successfully Completed, Status, Successfully Completed, Status, Successfully Completed, Status, Successfully Completed, Status, Successfully Completed, Status, Successfully Completed, Status, Successfully Completed, Status, Successfully Completed, Status, Successfully Completed, Status, Successfully Completed, Status, Successfully Completed, Status, Successfully Completed, Status, Successfully Completed, Status, Successfully Completed, Status, Successfully Completed, Status, Successfully Completed, Status, Successfully Completed, Status, Successfully Completed, Status, Successfully Completed, Status, Successfully Completed, Status, Successfully Completed, Status, Successfully Completed, Status, Successfully Completed, Status, Successfully Completed, Status, Successfully Completed, Status, Successfully Completed, Status, Successfully Completed, Status, Successfully Completed, Status, Successfully Completed, Status, Successfully Completed, Status, Successfully Completed, Status, Successfully Completed, Status, Successfully Completed, Status, Successfully Completed, Status, Successfully Completed, Status, Successfully Completed, Status, Successfully Completed, Status, Successfully Completed, Status, Successfully Completed, Status, Successfully Completed, Status, Successfully Completed, Status, Successfully Completed, Status, Successfully Completed, Status, Successfully Completed, Status, Successfully Completed, Status, Successfully Completed, Status, Successfully Completed, Status, Successfully Completed, Status, Successfully Completed, Status, Successfully Completed, Status, Successfully Completed, Status, Successfully Completed, Status, Successfully Completed, Status, Successfully Completed, Status, Successfully Completed, Status, Successfully Completed, Status, Successfully Completed, Status, Successfully Completed, Status, Successfully Completed, Status, Successfully Completed, Status, Successfully Completed, Status, Successfully Completed, Status, Successfully Completed, Status, Successfully Completed, Status, Successfully Completed, Status, Successfully Completed, Status, Successfully Completed, Status, Successfully Completed, Status, Successfully Completed, Status, Successfully Completed, Status, Successfully Completed, Status, Successfully Completed, Status, Successfully Completed, Status, Successfully Completed, Status, Successfully Completed, Status, Successfully Completed, Status, Successfully Completed, Status, Successfully Completed, Status, Successfully Completed, Status, Successfully Completed, Status, Successfully Completed, Status, Successfully Completed, Status, Successfully Completed, Status, Successfully Completed, Status, Successfully Completed, Status, Successfully Completed, Status, Successfully Completed, Status, Successfully Completed, Status, Successfully Completed, Status, Successfully Completed, Status, Successfully Completed, Status, Successfully Completed, Status, Successfully Completed, Status, Successfully Completed, Status, Successfully Completed, Status, Successfully Completed, Status, Successfully Completed, Status, Successfully Completed, Status, Successfully Completed, Status, Successfully Completed, Status, Successfully Completed, Status, Successfully Completed, Status, Successfully Completed, Status, Successfully Completed, Status, Successfully Completed, Status, Successfully Completed, Status, Successfully Completed, Status, Successfully Completed, Status, Successfully Completed, Status, Successfully Completed, Status, Successfully Completed, Status, Successfully Completed, Status, Successfully Completed, Status, Successfully Completed, Status, Successfully Completed, Status, Successfully Completed, Status, Successfully Completed, Status, Successfully Completed, Status, Successfully Completed, Status, Successfully Completed, Status, Successfully Completed, Status, Successfully Completed, Status, Successfully Completed, Status, Successfully Completed, Status, Successfully Completed, Status, Successfully Completed, Status, Successfully Completed, Status, Successfully Completed, Status, Successfully Completed, Status, Successfully Completed, Status, Successfully Completed, Status, Successfully Completed, Status, Successfully Completed, Status, Successfully Completed, Status, Successfully Completed, Status, Successfully Completed, Status, Successfully Completed, Status, Successfully Completed, Status, Successfully Completed]
[neelback4more@gmail.com, Subho1991*, Status, Successfully Completed, Status, Successfully Completed, Status, Successfully Completed, Status, Successfully Completed, Status, Successfully Completed, Status, Successfully Completed, Status, Successfully Completed, Status, Successfully Completed, Status, Successfully Completed, Status, Successfully Completed, Status, Successfully Completed, Status, Successfully Completed, Status, Successfully Completed, Status, Successfully Completed, Status, Successfully Completed, Status, Successfully Completed, Status, Successfully Completed, Status, Successfully Completed, Status, Successfully Completed, Status, Successfully Completed, Status, Successfully Completed, Status, Successfully Completed, Status, Successfully Completed, Status, Successfully Completed, Status, Successfully Completed, Status, Successfully Completed, Status, Successfully Completed, Status, Successfully Completed, Status, Successfully Completed, Status, Successfully Completed, Status, Successfully Completed, Status, Successfully Completed, Status, Successfully Completed, Status, Successfully Completed, Status, Successfully Completed, Status, Successfully Completed, Status, Successfully Completed, Status, Successfully Completed, Status, Successfully Completed, Status, Successfully Completed, Status, Successfully Completed, Status, Successfully Completed, Status, Successfully Completed, Status, Successfully Completed, Status, Successfully Completed, Status, Successfully Completed, Status, Successfully Completed, Status, Successfully Completed, Status, Successfully Completed, Status, Successfully Completed, Status, Successfully Completed, Status, Successfully Completed, Status, Successfully Completed, Status, Successfully Completed, Status, Successfully Completed, Status, Successfully Completed, Status, Successfully Completed, Status, Successfully Completed, Status, Successfully Completed, Status, Successfully Completed, Status, Successfully Completed, Status, Successfully Completed, Status, Successfully Completed, Status, Successfully Completed, Status, Successfully Completed, Status, Successfully Completed, Status, Successfully Completed, Status, Successfully Completed, Status, Successfully Completed, Status, Successfully Completed, Status, Successfully Completed, Status, Successfully Completed, Status, Successfully Completed, Status, Successfully Completed, Status, Successfully Completed, Status, Successfully Completed, Status, Successfully Completed, Status, Successfully Completed, Status, Successfully Completed, Status, Successfully Completed, Status, Successfully Completed, Status, Successfully Completed, Status, Successfully Completed, Status, Successfully Completed, Status, Successfully Completed, Status, Successfully Completed, Status, Successfully Completed, Status, Successfully Completed, Status, Successfully Completed, Status, Successfully Completed, Status, Successfully Completed, Status, Successfully Completed, Status, Successfully Completed, Status, Successfully Completed, Status, Successfully Completed, Status, Successfully Completed, Status, Successfully Completed, Status, Successfully Completed, Status, Successfully Completed, Status, Successfully Completed, Status, Successfully Completed, Status, Successfully Completed, Status, Successfully Completed, Status, Successfully Completed, Status, Successfully Completed, Status, Successfully Completed, Status, Successfully Completed, Status, Successfully Completed, Status, Successfully Completed, Status, Successfully Completed, Status, Successfully Completed, Status, Successfully Completed, Status, Successfully Completed, Status, Successfully Completed, Status, Successfully Completed, Status, Successfully Completed, Status, Successfully Completed, Status, Successfully Completed, Status, Successfully Completed, Status, Successfully Completed, Status, Successfully Completed, Status, Successfully Completed, Status, Successfully Completed, Status, Successfully Completed, Status, Successfully Completed, Status, Successfully Completed, Status, Successfully Completed, Status, Successfully Completed, Status, Successfully Completed, Status, Successfully Completed, Status, Successfully Completed, Status, Successfully Completed, Status, Successfully Completed, Status, Successfully Completed, Status, Successfully Completed, Status, Successfully Completed, Status, Successfully Completed, Status, Successfully Completed, Status, Successfully Completed, Status, Successfully Completed, Status, Successfully Completed, Status, Successfully Completed, Status, Successfully Completed, Status, Successfully Completed, Status, Successfully Completed, Status, Successfully Completed, Status, Successfully Completed, Status, Successfully Completed, Status, Successfully Completed, Status, Successfully Completed, Status, Successfully Completed, Status, Successfully Completed, Status, Successfully Completed, Status, Successfully Completed, Status, Successfully Completed, Status, Successfully Completed, Status, Successfully Completed, Status, Successfully Completed, Status, Successfully Completed, Status, Successfully Completed, Status, Successfully Completed, Status, Successfully Completed, Status, Successfully Completed, Status]
[neelback4more@gmail.com, Subho1991*, Status, Successfully Completed, Status, Successfully Completed, Status, Successfully Completed, Status, Successfully Completed, Status, Successfully Completed, Status, Successfully Completed, Status, Successfully Completed, Status, Successfully Completed, Status, Successfully Completed, Status, Successfully Completed, Status, Successfully Completed, Status, Successfully Completed, Status, Successfully Completed, Status, Successfully Completed, Status, Successfully Completed, Status, Successfully Completed, Status, Successfully Completed, Status, Successfully Completed, Status, Successfully Completed, Status, Successfully Completed, Status, Successfully Completed, Status, Successfully Completed, Status, Successfully Completed, Status, Successfully Completed, Status, Successfully Completed, Status, Successfully Completed, Status, Successfully Completed, Status, Successfully Completed, Status, Successfully Completed, Status, Successfully Completed, Status, Successfully Completed, Status, Successfully Completed, Status, Successfully Completed, Status, Successfully Completed, Status, Successfully Completed, Status, Successfully Completed, Status, Successfully Completed, Status, Successfully Completed, Status, Successfully Completed, Status, Successfully Completed, Status, Successfully Completed, Status, Successfully Completed, Status, Successfully Completed, Status, Successfully Completed, Status, Successfully Completed, Status, Successfully Completed, Status, Successfully Completed, Status, Successfully Completed, Status, Successfully Completed, Status, Successfully Completed, Status, Successfully Completed, Status, Successfully Completed, Status, Successfully Completed, Status, Successfully Completed, Status, Successfully Completed, Status, Successfully Completed, Status, Successfully Completed, Status, Successfully Completed, Status, Successfully Completed, Status, Successfully Completed, Status, Successfully Completed, Status, Successfully Completed, Status, Successfully Completed, Status, Successfully Completed, Status, Successfully Completed, Status, Successfully Completed, Status, Successfully Completed, Status, Successfully Completed, Status, Successfully Completed, Status, Successfully Completed, Status, Successfully Completed, Status, Successfully Completed, Status, Successfully Completed, Status, Successfully Completed, Status, Successfully Completed, Status, Successfully Completed, Status, Successfully Completed, Status, Successfully Completed, Status, Successfully Completed, Status, Successfully Completed, Status, Successfully Completed, Status, Successfully Completed, Status, Successfully Completed, Status, Successfully Completed, Status, Successfully Completed, Status, Successfully Completed, Status, Successfully Completed, Status, Successfully Completed, Status, Successfully Completed, Status, Successfully Completed, Status, Successfully Completed, Status, Successfully Completed, Status, Successfully Completed, Status, Successfully Completed, Status, Successfully Completed, Status, Successfully Completed, Status, Successfully Completed, Status, Successfully Completed, Status, Successfully Completed, Status, Successfully Completed, Status, Successfully Completed, Status, Successfully Completed, Status, Successfully Completed, Status, Successfully Completed, Status, Successfully Completed, Status, Successfully Completed, Status, Successfully Completed, Status, Successfully Completed, Status, Successfully Completed, Status, Successfully Completed, Status, Successfully Completed, Status, Successfully Completed, Status, Successfully Completed, Status, Successfully Completed, Status, Successfully Completed, Status, Successfully Completed, Status, Successfully Completed, Status, Successfully Completed, Status, Successfully Completed, Status, Successfully Completed, Status, Successfully Completed, Status, Successfully Completed, Status, Successfully Completed, Status, Successfully Completed, Status, Successfully Completed, Status, Successfully Completed, Status, Successfully Completed, Status, Successfully Completed, Status, Successfully Completed, Status, Successfully Completed, Status, Successfully Completed, Status, Successfully Completed, Status, Successfully Completed, Status, Successfully Completed, Status, Successfully Completed, Status, Successfully Completed, Status, Successfully Completed, Status, Successfully Completed, Status, Successfully Completed, Status, Successfully Completed, Status, Successfully Completed, Status, Successfully Completed, Status, Successfully Completed, Status, Successfully Completed, Status, Successfully Completed, Status, Successfully Completed, Status, Successfully Completed, Status, Successfully Completed, Status, Successfully Completed, Status, Successfully Completed, Status, Successfully Completed, Status, Successfully Completed, Status, Successfully Completed, Status, Successfully Completed, Status, Successfully Completed, Status, Successfully Completed, Status, Successfully Completed, Status, Successfully Completed, Status, Successfully Completed, Status, Successfully Completed, Status, Successfully Completed, Status, Successfully Completed, Status, Successfully Completed, Status, Successfully Completed]
[neelback4more@gmail.com, Subho1991*, Status, Successfully Completed, Status, Successfully Completed, Status, Successfully Completed, Status, Successfully Completed, Status, Successfully Completed, Status, Successfully Completed, Status, Successfully Completed, Status, Successfully Completed, Status, Successfully Completed, Status, Successfully Completed, Status, Successfully Completed, Status, Successfully Completed, Status, Successfully Completed, Status, Successfully Completed, Status, Successfully Completed, Status, Successfully Completed, Status, Successfully Completed, Status, Successfully Completed, Status, Successfully Completed, Status, Successfully Completed, Status, Successfully Completed, Status, Successfully Completed, Status, Successfully Completed, Status, Successfully Completed, Status, Successfully Completed, Status, Successfully Completed, Status, Successfully Completed, Status, Successfully Completed, Status, Successfully Completed, Status, Successfully Completed, Status, Successfully Completed, Status, Successfully Completed, Status, Successfully Completed, Status, Successfully Completed, Status, Successfully Completed, Status, Successfully Completed, Status, Successfully Completed, Status, Successfully Completed, Status, Successfully Completed, Status, Successfully Completed, Status, Successfully Completed, Status, Successfully Completed, Status, Successfully Completed, Status, Successfully Completed, Status, Successfully Completed, Status, Successfully Completed, Status, Successfully Completed, Status, Successfully Completed, Status, Successfully Completed, Status, Successfully Completed, Status, Successfully Completed, Status, Successfully Completed, Status, Successfully Completed, Status, Successfully Completed, Status, Successfully Completed, Status, Successfully Completed, Status, Successfully Completed, Status, Successfully Completed, Status, Successfully Completed, Status, Successfully Completed, Status, Successfully Completed, Status, Successfully Completed, Status, Successfully Completed, Status, Successfully Completed, Status, Successfully Completed, Status, Successfully Completed, Status, Successfully Completed, Status, Successfully Completed, Status, Successfully Completed, Status, Successfully Completed, Status, Successfully Completed, Status, Successfully Completed, Status, Successfully Completed, Status, Successfully Completed, Status, Successfully Completed, Status, Successfully Completed, Status, Successfully Completed, Status, Successfully Completed, Status, Successfully Completed, Status, Successfully Completed, Status, Successfully Completed, Status, Successfully Completed, Status, Successfully Completed, Status, Successfully Completed, Status, Successfully Completed, Status, Successfully Completed, Status, Successfully Completed, Status, Successfully Completed, Status, Successfully Completed, Status, Successfully Completed, Status, Successfully Completed, Status, Successfully Completed, Status, Successfully Completed, Status, Successfully Completed, Status, Successfully Completed, Status, Successfully Completed, Status, Successfully Completed, Status, Successfully Completed, Status, Successfully Completed, Status, Successfully Completed, Status, Successfully Completed, Status, Successfully Completed, Status, Successfully Completed, Status, Successfully Completed, Status, Successfully Completed, Status, Successfully Completed, Status, Successfully Completed, Status, Successfully Completed, Status, Successfully Completed, Status, Successfully Completed, Status, Successfully Completed, Status, Successfully Completed, Status, Successfully Completed, Status, Successfully Completed, Status, Successfully Completed, Status, Successfully Completed, Status, Successfully Completed, Status, Successfully Completed, Status, Successfully Completed, Status, Successfully Completed, Status, Successfully Completed, Status, Successfully Completed, Status, Successfully Completed, Status, Successfully Completed, Status, Successfully Completed, Status, Successfully Completed, Status, Successfully Completed, Status, Successfully Completed, Status, Successfully Completed, Status, Successfully Completed, Status, Successfully Completed, Status, Successfully Completed, Status, Successfully Completed, Status, Successfully Completed, Status, Successfully Completed, Status, Successfully Completed, Status, Successfully Completed, Status, Successfully Completed, Status, Successfully Completed, Status, Successfully Completed, Status, Successfully Completed, Status, Successfully Completed, Status, Successfully Completed, Status, Successfully Completed, Status, Successfully Completed, Status, Successfully Completed, Status, Successfully Completed, Status, Successfully Completed, Status, Successfully Completed, Status, Successfully Completed, Status, Successfully Completed, Status, Successfully Completed, Status, Successfully Completed, Status, Successfully Completed, Status, Successfully Completed, Status, Successfully Completed, Status, Successfully Completed, Status, Successfully Completed, Status, Successfully Completed, Status, Successfully Completed, Status, Successfully Completed, Status, Successfully Completed, Status, Successfully Completed, Status, Successfully Completed, Status]
[neelback4more@gmail.com, Subho1991*, Status, Successfully Completed, Status, Successfully Completed, Status, Successfully Completed, Status, Successfully Completed, Status, Successfully Completed, Status, Successfully Completed, Status, Successfully Completed, Status, Successfully Completed, Status, Successfully Completed, Status, Successfully Completed, Status, Successfully Completed, Status, Successfully Completed, Status, Successfully Completed, Status, Successfully Completed, Status, Successfully Completed, Status, Successfully Completed, Status, Successfully Completed, Status, Successfully Completed, Status, Successfully Completed, Status, Successfully Completed, Status, Successfully Completed, Status, Successfully Completed, Status, Successfully Completed, Status, Successfully Completed, Status, Successfully Completed, Status, Successfully Completed, Status, Successfully Completed, Status, Successfully Completed, Status, Successfully Completed, Status, Successfully Completed, Status, Successfully Completed, Status, Successfully Completed, Status, Successfully Completed, Status, Successfully Completed, Status, Successfully Completed, Status, Successfully Completed, Status, Successfully Completed, Status, Successfully Completed, Status, Successfully Completed, Status, Successfully Completed, Status, Successfully Completed, Status, Successfully Completed, Status, Successfully Completed, Status, Successfully Completed, Status, Successfully Completed, Status, Successfully Completed, Status, Successfully Completed, Status, Successfully Completed, Status, Successfully Completed, Status, Successfully Completed, Status, Successfully Completed, Status, Successfully Completed, Status, Successfully Completed, Status, Successfully Completed, Status, Successfully Completed, Status, Successfully Completed, Status, Successfully Completed, Status, Successfully Completed, Status, Successfully Completed, Status, Successfully Completed, Status, Successfully Completed, Status, Successfully Completed, Status, Successfully Completed, Status, Successfully Completed, Status, Successfully Completed, Status, Successfully Completed, Status, Successfully Completed, Status, Successfully Completed, Status, Successfully Completed, Status, Successfully Completed, Status, Successfully Completed, Status, Successfully Completed, Status, Successfully Completed, Status, Successfully Completed, Status, Successfully Completed, Status, Successfully Completed, Status, Successfully Completed, Status, Successfully Completed, Status, Successfully Completed, Status, Successfully Completed, Status, Successfully Completed, Status, Successfully Completed, Status, Successfully Completed, Status, Successfully Completed, Status, Successfully Completed, Status, Successfully Completed, Status, Successfully Completed, Status, Successfully Completed, Status, Successfully Completed, Status, Successfully Completed, Status, Successfully Completed, Status, Successfully Completed, Status, Successfully Completed, Status, Successfully Completed, Status, Successfully Completed, Status, Successfully Completed, Status, Successfully Completed, Status, Successfully Completed, Status, Successfully Completed, Status, Successfully Completed, Status, Successfully Completed, Status, Successfully Completed, Status, Successfully Completed, Status, Successfully Completed, Status, Successfully Completed, Status, Successfully Completed, Status, Successfully Completed, Status, Successfully Completed, Status, Successfully Completed, Status, Successfully Completed, Status, Successfully Completed, Status, Successfully Completed, Status, Successfully Completed, Status, Successfully Completed, Status, Successfully Completed, Status, Successfully Completed, Status, Successfully Completed, Status, Successfully Completed, Status, Successfully Completed, Status, Successfully Completed, Status, Successfully Completed, Status, Successfully Completed, Status, Successfully Completed, Status, Successfully Completed, Status, Successfully Completed, Status, Successfully Completed, Status, Successfully Completed, Status, Successfully Completed, Status, Successfully Completed, Status, Successfully Completed, Status, Successfully Completed, Status, Successfully Completed, Status, Successfully Completed, Status, Successfully Completed, Status, Successfully Completed, Status, Successfully Completed, Status, Successfully Completed, Status, Successfully Completed, Status, Successfully Completed, Status, Successfully Completed, Status, Successfully Completed, Status, Successfully Completed, Status, Successfully Completed, Status, Successfully Completed, Status, Successfully Completed, Status, Successfully Completed, Status, Successfully Completed, Status, Successfully Completed, Status, Successfully Completed, Status, Successfully Completed, Status, Successfully Completed, Status, Successfully Completed, Status, Successfully Completed, Status, Successfully Completed, Status, Successfully Completed, Status, Successfully Completed, Status, Successfully Completed, Status, Successfully Completed, Status, Successfully Completed, Status, Successfully Completed, Status, Successfully Completed, Status, Successfully Completed, Status, Successfully Completed, Status, Successfully Completed, Status, Successfully Completed]
[neelback4more@gmail.com, Subho1991*, Status, Successfully Completed, Status, Successfully Completed, Status, Successfully Completed, Status, Successfully Completed, Status, Successfully Completed, Status, Successfully Completed, Status, Successfully Completed, Status, Successfully Completed, Status, Successfully Completed, Status, Successfully Completed, Status, Successfully Completed, Status, Successfully Completed, Status, Successfully Completed, Status, Successfully Completed, Status, Successfully Completed, Status, Successfully Completed, Status, Successfully Completed, Status, Successfully Completed, Status, Successfully Completed, Status, Successfully Completed, Status, Successfully Completed, Status, Successfully Completed, Status, Successfully Completed, Status, Successfully Completed, Status, Successfully Completed, Status, Successfully Completed, Status, Successfully Completed, Status, Successfully Completed, Status, Successfully Completed, Status, Successfully Completed, Status, Successfully Completed, Status, Successfully Completed, Status, Successfully Completed, Status, Successfully Completed, Status, Successfully Completed, Status, Successfully Completed, Status, Successfully Completed, Status, Successfully Completed, Status, Successfully Completed, Status, Successfully Completed, Status, Successfully Completed, Status, Successfully Completed, Status, Successfully Completed, Status, Successfully Completed, Status, Successfully Completed, Status, Successfully Completed, Status, Successfully Completed, Status, Successfully Completed, Status, Successfully Completed, Status, Successfully Completed, Status, Successfully Completed, Status, Successfully Completed, Status, Successfully Completed, Status, Successfully Completed, Status, Successfully Completed, Status, Successfully Completed, Status, Successfully Completed, Status, Successfully Completed, Status, Successfully Completed, Status, Successfully Completed, Status, Successfully Completed, Status, Successfully Completed, Status, Successfully Completed, Status, Successfully Completed, Status, Successfully Completed, Status, Successfully Completed, Status, Successfully Completed, Status, Successfully Completed, Status, Successfully Completed, Status, Successfully Completed, Status, Successfully Completed, Status, Successfully Completed, Status, Successfully Completed, Status, Successfully Completed, Status, Successfully Completed, Status, Successfully Completed, Status, Successfully Completed, Status, Successfully Completed, Status, Successfully Completed, Status, Successfully Completed, Status, Successfully Completed, Status, Successfully Completed, Status, Successfully Completed, Status, Successfully Completed, Status, Successfully Completed, Status, Successfully Completed, Status, Successfully Completed, Status, Successfully Completed, Status, Successfully Completed, Status, Successfully Completed, Status, Successfully Completed, Status, Successfully Completed, Status, Successfully Completed, Status, Successfully Completed, Status, Successfully Completed, Status, Successfully Completed, Status, Successfully Completed, Status, Successfully Completed, Status, Successfully Completed, Status, Successfully Completed, Status, Successfully Completed, Status, Successfully Completed, Status, Successfully Completed, Status, Successfully Completed, Status, Successfully Completed, Status, Successfully Completed, Status, Successfully Completed, Status, Successfully Completed, Status, Successfully Completed, Status, Successfully Completed, Status, Successfully Completed, Status, Successfully Completed, Status, Successfully Completed, Status, Successfully Completed, Status, Successfully Completed, Status, Successfully Completed, Status, Successfully Completed, Status, Successfully Completed, Status, Successfully Completed, Status, Successfully Completed, Status, Successfully Completed, Status, Successfully Completed, Status, Successfully Completed, Status, Successfully Completed, Status, Successfully Completed, Status, Successfully Completed, Status, Successfully Completed, Status, Successfully Completed, Status, Successfully Completed, Status, Successfully Completed, Status, Successfully Completed, Status, Successfully Completed, Status, Successfully Completed, Status, Successfully Completed, Status, Successfully Completed, Status, Successfully Completed, Status, Successfully Completed, Status, Successfully Completed, Status, Successfully Completed, Status, Successfully Completed, Status, Successfully Completed, Status, Successfully Completed, Status, Successfully Completed, Status, Successfully Completed, Status, Successfully Completed, Status, Successfully Completed, Status, Successfully Completed, Status, Successfully Completed, Status, Successfully Completed, Status, Successfully Completed, Status, Successfully Completed, Status, Successfully Completed, Status, Successfully Completed, Status, Successfully Completed, Status, Successfully Completed, Status, Successfully Completed, Status, Successfully Completed, Status, Successfully Completed, Status, Successfully Completed, Status, Successfully Completed, Status, Successfully Completed, Status, Successfully Completed, Status, Successfully Completed, Status, Successfully Completed, Status, Successfully Completed, Status]
[neelback4more@gmail.com, Subho1991*, Status, Successfully Completed, Status, Successfully Completed, Status, Successfully Completed, Status, Successfully Completed, Status, Successfully Completed, Status, Successfully Completed, Status, Successfully Completed, Status, Successfully Completed, Status, Successfully Completed, Status, Successfully Completed, Status, Successfully Completed, Status, Successfully Completed, Status, Successfully Completed, Status, Successfully Completed, Status, Successfully Completed, Status, Successfully Completed, Status, Successfully Completed, Status, Successfully Completed, Status, Successfully Completed, Status, Successfully Completed, Status, Successfully Completed, Status, Successfully Completed, Status, Successfully Completed, Status, Successfully Completed, Status, Successfully Completed, Status, Successfully Completed, Status, Successfully Completed, Status, Successfully Completed, Status, Successfully Completed, Status, Successfully Completed, Status, Successfully Completed, Status, Successfully Completed, Status, Successfully Completed, Status, Successfully Completed, Status, Successfully Completed, Status, Successfully Completed, Status, Successfully Completed, Status, Successfully Completed, Status, Successfully Completed, Status, Successfully Completed, Status, Successfully Completed, Status, Successfully Completed, Status, Successfully Completed, Status, Successfully Completed, Status, Successfully Completed, Status, Successfully Completed, Status, Successfully Completed, Status, Successfully Completed, Status, Successfully Completed, Status, Successfully Completed, Status, Successfully Completed, Status, Successfully Completed, Status, Successfully Completed, Status, Successfully Completed, Status, Successfully Completed, Status, Successfully Completed, Status, Successfully Completed, Status, Successfully Completed, Status, Successfully Completed, Status, Successfully Completed, Status, Successfully Completed, Status, Successfully Completed, Status, Successfully Completed, Status, Successfully Completed, Status, Successfully Completed, Status, Successfully Completed, Status, Successfully Completed, Status, Successfully Completed, Status, Successfully Completed, Status, Successfully Completed, Status, Successfully Completed, Status, Successfully Completed, Status, Successfully Completed, Status, Successfully Completed, Status, Successfully Completed, Status, Successfully Completed, Status, Successfully Completed, Status, Successfully Completed, Status, Successfully Completed, Status, Successfully Completed, Status, Successfully Completed, Status, Successfully Completed, Status, Successfully Completed, Status, Successfully Completed, Status, Successfully Completed, Status, Successfully Completed, Status, Successfully Completed, Status, Successfully Completed, Status, Successfully Completed, Status, Successfully Completed, Status, Successfully Completed, Status, Successfully Completed, Status, Successfully Completed, Status, Successfully Completed, Status, Successfully Completed, Status, Successfully Completed, Status, Successfully Completed, Status, Successfully Completed, Status, Successfully Completed, Status, Successfully Completed, Status, Successfully Completed, Status, Successfully Completed, Status, Successfully Completed, Status, Successfully Completed, Status, Successfully Completed, Status, Successfully Completed, Status, Successfully Completed, Status, Successfully Completed, Status, Successfully Completed, Status, Successfully Completed, Status, Successfully Completed, Status, Successfully Completed, Status, Successfully Completed, Status, Successfully Completed, Status, Successfully Completed, Status, Successfully Completed, Status, Successfully Completed, Status, Successfully Completed, Status, Successfully Completed, Status, Successfully Completed, Status, Successfully Completed, Status, Successfully Completed, Status, Successfully Completed, Status, Successfully Completed, Status, Successfully Completed, Status, Successfully Completed, Status, Successfully Completed, Status, Successfully Completed, Status, Successfully Completed, Status, Successfully Completed, Status, Successfully Completed, Status, Successfully Completed, Status, Successfully Completed, Status, Successfully Completed, Status, Successfully Completed, Status, Successfully Completed, Status, Successfully Completed, Status, Successfully Completed, Status, Successfully Completed, Status, Successfully Completed, Status, Successfully Completed, Status, Successfully Completed, Status, Successfully Completed, Status, Successfully Completed, Status, Successfully Completed, Status, Successfully Completed, Status, Successfully Completed, Status, Successfully Completed, Status, Successfully Completed, Status, Successfully Completed, Status, Successfully Completed, Status, Successfully Completed, Status, Successfully Completed, Status, Successfully Completed, Status, Successfully Completed, Status, Successfully Completed, Status, Successfully Completed, Status, Successfully Completed, Status, Successfully Completed, Status, Successfully Completed, Status, Successfully Completed, Status, Successfully Completed, Status, Successfully Completed, Status, Successfully Completed, Status, Successfully Completed, Status, Successfully Completed]
[neelback4more@gmail.com, Subho1991*, Status, Successfully Completed, Status, Successfully Completed, Status, Successfully Completed, Status, Successfully Completed, Status, Successfully Completed, Status, Successfully Completed, Status, Successfully Completed, Status, Successfully Completed, Status, Successfully Completed, Status, Successfully Completed, Status, Successfully Completed, Status, Successfully Completed, Status, Successfully Completed, Status, Successfully Completed, Status, Successfully Completed, Status, Successfully Completed, Status, Successfully Completed, Status, Successfully Completed, Status, Successfully Completed, Status, Successfully Completed, Status, Successfully Completed, Status, Successfully Completed, Status, Successfully Completed, Status, Successfully Completed, Status, Successfully Completed, Status, Successfully Completed, Status, Successfully Completed, Status, Successfully Completed, Status, Successfully Completed, Status, Successfully Completed, Status, Successfully Completed, Status, Successfully Completed, Status, Successfully Completed, Status, Successfully Completed, Status, Successfully Completed, Status, Successfully Completed, Status, Successfully Completed, Status, Successfully Completed, Status, Successfully Completed, Status, Successfully Completed, Status, Successfully Completed, Status, Successfully Completed, Status, Successfully Completed, Status, Successfully Completed, Status, Successfully Completed, Status, Successfully Completed, Status, Successfully Completed, Status, Successfully Completed, Status, Successfully Completed, Status, Successfully Completed, Status, Successfully Completed, Status, Successfully Completed, Status, Successfully Completed, Status, Successfully Completed, Status, Successfully Completed, Status, Successfully Completed, Status, Successfully Completed, Status, Successfully Completed, Status, Successfully Completed, Status, Successfully Completed, Status, Successfully Completed, Status, Successfully Completed, Status, Successfully Completed, Status, Successfully Completed, Status, Successfully Completed, Status, Successfully Completed, Status, Successfully Completed, Status, Successfully Completed, Status, Successfully Completed, Status, Successfully Completed, Status, Successfully Completed, Status, Successfully Completed, Status, Successfully Completed, Status, Successfully Completed, Status, Successfully Completed, Status, Successfully Completed, Status, Successfully Completed, Status, Successfully Completed, Status, Successfully Completed, Status, Successfully Completed, Status, Successfully Completed, Status, Successfully Completed, Status, Successfully Completed, Status, Successfully Completed, Status, Successfully Completed, Status, Successfully Completed, Status, Successfully Completed, Status, Successfully Completed, Status, Successfully Completed, Status, Successfully Completed, Status, Successfully Completed, Status, Successfully Completed, Status, Successfully Completed, Status, Successfully Completed, Status, Successfully Completed, Status, Successfully Completed, Status, Successfully Completed, Status, Successfully Completed, Status, Successfully Completed, Status, Successfully Completed, Status, Successfully Completed, Status, Successfully Completed, Status, Successfully Completed, Status, Successfully Completed, Status, Successfully Completed, Status, Successfully Completed, Status, Successfully Completed, Status, Successfully Completed, Status, Successfully Completed, Status, Successfully Completed, Status, Successfully Completed, Status, Successfully Completed, Status, Successfully Completed, Status, Successfully Completed, Status, Successfully Completed, Status, Successfully Completed, Status, Successfully Completed, Status, Successfully Completed, Status, Successfully Completed, Status, Successfully Completed, Status, Successfully Completed, Status, Successfully Completed, Status, Successfully Completed, Status, Successfully Completed, Status, Successfully Completed, Status, Successfully Completed, Status, Successfully Completed, Status, Successfully Completed, Status, Successfully Completed, Status, Successfully Completed, Status, Successfully Completed, Status, Successfully Completed, Status, Successfully Completed, Status, Successfully Completed, Status, Successfully Completed, Status, Successfully Completed, Status, Successfully Completed, Status, Successfully Completed, Status, Successfully Completed, Status, Successfully Completed, Status, Successfully Completed, Status, Successfully Completed, Status, Successfully Completed, Status, Successfully Completed, Status, Successfully Completed, Status, Successfully Completed, Status, Successfully Completed, Status, Successfully Completed, Status, Successfully Completed, Status, Successfully Completed, Status, Successfully Completed, Status, Successfully Completed, Status, Successfully Completed, Status, Successfully Completed, Status, Successfully Completed, Status, Successfully Completed, Status, Successfully Completed, Status, Successfully Completed, Status, Successfully Completed, Status, Successfully Completed, Status, Successfully Completed, Status, Successfully Completed, Status, Successfully Completed, Status, Successfully Completed, Status, Successfully Completed, Status, Successfully Completed, Status]
[neelback4more@gmail.com, Subho1991*, Status, Successfully Completed, Status, Successfully Completed, Status, Successfully Completed, Status, Successfully Completed, Status, Successfully Completed, Status, Successfully Completed, Status, Successfully Completed, Status, Successfully Completed, Status, Successfully Completed, Status, Successfully Completed, Status, Successfully Completed, Status, Successfully Completed, Status, Successfully Completed, Status, Successfully Completed, Status, Successfully Completed, Status, Successfully Completed, Status, Successfully Completed, Status, Successfully Completed, Status, Successfully Completed, Status, Successfully Completed, Status, Successfully Completed, Status, Successfully Completed, Status, Successfully Completed, Status, Successfully Completed, Status, Successfully Completed, Status, Successfully Completed, Status, Successfully Completed, Status, Successfully Completed, Status, Successfully Completed, Status, Successfully Completed, Status, Successfully Completed, Status, Successfully Completed, Status, Successfully Completed, Status, Successfully Completed, Status, Successfully Completed, Status, Successfully Completed, Status, Successfully Completed, Status, Successfully Completed, Status, Successfully Completed, Status, Successfully Completed, Status, Successfully Completed, Status, Successfully Completed, Status, Successfully Completed, Status, Successfully Completed, Status, Successfully Completed, Status, Successfully Completed, Status, Successfully Completed, Status, Successfully Completed, Status, Successfully Completed, Status, Successfully Completed, Status, Successfully Completed, Status, Successfully Completed, Status, Successfully Completed, Status, Successfully Completed, Status, Successfully Completed, Status, Successfully Completed, Status, Successfully Completed, Status, Successfully Completed, Status, Successfully Completed, Status, Successfully Completed, Status, Successfully Completed, Status, Successfully Completed, Status, Successfully Completed, Status, Successfully Completed, Status, Successfully Completed, Status, Successfully Completed, Status, Successfully Completed, Status, Successfully Completed, Status, Successfully Completed, Status, Successfully Completed, Status, Successfully Completed, Status, Successfully Completed, Status, Successfully Completed, Status, Successfully Completed, Status, Successfully Completed, Status, Successfully Completed, Status, Successfully Completed, Status, Successfully Completed, Status, Successfully Completed, Status, Successfully Completed, Status, Successfully Completed, Status, Successfully Completed, Status, Successfully Completed, Status, Successfully Completed, Status, Successfully Completed, Status, Successfully Completed, Status, Successfully Completed, Status, Successfully Completed, Status, Successfully Completed, Status, Successfully Completed, Status, Successfully Completed, Status, Successfully Completed, Status, Successfully Completed, Status, Successfully Completed, Status, Successfully Completed, Status, Successfully Completed, Status, Successfully Completed, Status, Successfully Completed, Status, Successfully Completed, Status, Successfully Completed, Status, Successfully Completed, Status, Successfully Completed, Status, Successfully Completed, Status, Successfully Completed, Status, Successfully Completed, Status, Successfully Completed, Status, Successfully Completed, Status, Successfully Completed, Status, Successfully Completed, Status, Successfully Completed, Status, Successfully Completed, Status, Successfully Completed, Status, Successfully Completed, Status, Successfully Completed, Status, Successfully Completed, Status, Successfully Completed, Status, Successfully Completed, Status, Successfully Completed, Status, Successfully Completed, Status, Successfully Completed, Status, Successfully Completed, Status, Successfully Completed, Status, Successfully Completed, Status, Successfully Completed, Status, Successfully Completed, Status, Successfully Completed, Status, Successfully Completed, Status, Successfully Completed, Status, Successfully Completed, Status, Successfully Completed, Status, Successfully Completed, Status, Successfully Completed, Status, Successfully Completed, Status, Successfully Completed, Status, Successfully Completed, Status, Successfully Completed, Status, Successfully Completed, Status, Successfully Completed, Status, Successfully Completed, Status, Successfully Completed, Status, Successfully Completed, Status, Successfully Completed, Status, Successfully Completed, Status, Successfully Completed, Status, Successfully Completed, Status, Successfully Completed, Status, Successfully Completed, Status, Successfully Completed, Status, Successfully Completed, Status, Successfully Completed, Status, Successfully Completed, Status, Successfully Completed, Status, Successfully Completed, Status, Successfully Completed, Status, Successfully Completed, Status, Successfully Completed, Status, Successfully Completed, Status, Successfully Completed, Status, Successfully Completed, Status, Successfully Completed, Status, Successfully Completed, Status, Successfully Completed, Status, Successfully Completed, Status, Successfully Completed, Status, Successfully Completed, Status, Successfully Completed, Status, Successfully Completed]
[neelback4more@gmail.com, Subho1991*, Status, Successfully Completed, Status, Successfully Completed, Status, Successfully Completed, Status, Successfully Completed, Status, Successfully Completed, Status, Successfully Completed, Status, Successfully Completed, Status, Successfully Completed, Status, Successfully Completed, Status, Successfully Completed, Status, Successfully Completed, Status, Successfully Completed, Status, Successfully Completed, Status, Successfully Completed, Status, Successfully Completed, Status, Successfully Completed, Status, Successfully Completed, Status, Successfully Completed, Status, Successfully Completed, Status, Successfully Completed, Status, Successfully Completed, Status, Successfully Completed, Status, Successfully Completed, Status, Successfully Completed, Status, Successfully Completed, Status, Successfully Completed, Status, Successfully Completed, Status, Successfully Completed, Status, Successfully Completed, Status, Successfully Completed, Status, Successfully Completed, Status, Successfully Completed, Status, Successfully Completed, Status, Successfully Completed, Status, Successfully Completed, Status, Successfully Completed, Status, Successfully Completed, Status, Successfully Completed, Status, Successfully Completed, Status, Successfully Completed, Status, Successfully Completed, Status, Successfully Completed, Status, Successfully Completed, Status, Successfully Completed, Status, Successfully Completed, Status, Successfully Completed, Status, Successfully Completed, Status, Successfully Completed, Status, Successfully Completed, Status, Successfully Completed, Status, Successfully Completed, Status, Successfully Completed, Status, Successfully Completed, Status, Successfully Completed, Status, Successfully Completed, Status, Successfully Completed, Status, Successfully Completed, Status, Successfully Completed, Status, Successfully Completed, Status, Successfully Completed, Status, Successfully Completed, Status, Successfully Completed, Status, Successfully Completed, Status, Successfully Completed, Status, Successfully Completed, Status, Successfully Completed, Status, Successfully Completed, Status, Successfully Completed, Status, Successfully Completed, Status, Successfully Completed, Status, Successfully Completed, Status, Successfully Completed, Status, Successfully Completed, Status, Successfully Completed, Status, Successfully Completed, Status, Successfully Completed, Status, Successfully Completed, Status, Successfully Completed, Status, Successfully Completed, Status, Successfully Completed, Status, Successfully Completed, Status, Successfully Completed, Status, Successfully Completed, Status, Successfully Completed, Status, Successfully Completed, Status, Successfully Completed, Status, Successfully Completed, Status, Successfully Completed, Status, Successfully Completed, Status, Successfully Completed, Status, Successfully Completed, Status, Successfully Completed, Status, Successfully Completed, Status, Successfully Completed, Status, Successfully Completed, Status, Successfully Completed, Status, Successfully Completed, Status, Successfully Completed, Status, Successfully Completed, Status, Successfully Completed, Status, Successfully Completed, Status, Successfully Completed, Status, Successfully Completed, Status, Successfully Completed, Status, Successfully Completed, Status, Successfully Completed, Status, Successfully Completed, Status, Successfully Completed, Status, Successfully Completed, Status, Successfully Completed, Status, Successfully Completed, Status, Successfully Completed, Status, Successfully Completed, Status, Successfully Completed, Status, Successfully Completed, Status, Successfully Completed, Status, Successfully Completed, Status, Successfully Completed, Status, Successfully Completed, Status, Successfully Completed, Status, Successfully Completed, Status, Successfully Completed, Status, Successfully Completed, Status, Successfully Completed, Status, Successfully Completed, Status, Successfully Completed, Status, Successfully Completed, Status, Successfully Completed, Status, Successfully Completed, Status, Successfully Completed, Status, Successfully Completed, Status, Successfully Completed, Status, Successfully Completed, Status, Successfully Completed, Status, Successfully Completed, Status, Successfully Completed, Status, Successfully Completed, Status, Successfully Completed, Status, Successfully Completed, Status, Successfully Completed, Status, Successfully Completed, Status, Successfully Completed, Status, Successfully Completed, Status, Successfully Completed, Status, Successfully Completed, Status, Successfully Completed, Status, Successfully Completed, Status, Successfully Completed, Status, Successfully Completed, Status, Successfully Completed, Status, Successfully Completed, Status, Successfully Completed, Status, Successfully Completed, Status, Successfully Completed, Status, Successfully Completed, Status, Successfully Completed, Status, Successfully Completed, Status, Successfully Completed, Status, Successfully Completed, Status, Successfully Completed, Status, Successfully Completed, Status, Successfully Completed, Status, Successfully Completed, Status, Successfully Completed, Status, Successfully Completed, Status, Successfully Completed, Status, Successfully Completed, Status]
[neelback4more@gmail.com, Subho1991*, Status, Successfully Completed, Status, Successfully Completed, Status, Successfully Completed, Status, Successfully Completed, Status, Successfully Completed, Status, Successfully Completed, Status, Successfully Completed, Status, Successfully Completed, Status, Successfully Completed, Status, Successfully Completed, Status, Successfully Completed, Status, Successfully Completed, Status, Successfully Completed, Status, Successfully Completed, Status, Successfully Completed, Status, Successfully Completed, Status, Successfully Completed, Status, Successfully Completed, Status, Successfully Completed, Status, Successfully Completed, Status, Successfully Completed, Status, Successfully Completed, Status, Successfully Completed, Status, Successfully Completed, Status, Successfully Completed, Status, Successfully Completed, Status, Successfully Completed, Status, Successfully Completed, Status, Successfully Completed, Status, Successfully Completed, Status, Successfully Completed, Status, Successfully Completed, Status, Successfully Completed, Status, Successfully Completed, Status, Successfully Completed, Status, Successfully Completed, Status, Successfully Completed, Status, Successfully Completed, Status, Successfully Completed, Status, Successfully Completed, Status, Successfully Completed, Status, Successfully Completed, Status, Successfully Completed, Status, Successfully Completed, Status, Successfully Completed, Status, Successfully Completed, Status, Successfully Completed, Status, Successfully Completed, Status, Successfully Completed, Status, Successfully Completed, Status, Successfully Completed, Status, Successfully Completed, Status, Successfully Completed, Status, Successfully Completed, Status, Successfully Completed, Status, Successfully Completed, Status, Successfully Completed, Status, Successfully Completed, Status, Successfully Completed, Status, Successfully Completed, Status, Successfully Completed, Status, Successfully Completed, Status, Successfully Completed, Status, Successfully Completed, Status, Successfully Completed, Status, Successfully Completed, Status, Successfully Completed, Status, Successfully Completed, Status, Successfully Completed, Status, Successfully Completed, Status, Successfully Completed, Status, Successfully Completed, Status, Successfully Completed, Status, Successfully Completed, Status, Successfully Completed, Status, Successfully Completed, Status, Successfully Completed, Status, Successfully Completed, Status, Successfully Completed, Status, Successfully Completed, Status, Successfully Completed, Status, Successfully Completed, Status, Successfully Completed, Status, Successfully Completed, Status, Successfully Completed, Status, Successfully Completed, Status, Successfully Completed, Status, Successfully Completed, Status, Successfully Completed, Status, Successfully Completed, Status, Successfully Completed, Status, Successfully Completed, Status, Successfully Completed, Status, Successfully Completed, Status, Successfully Completed, Status, Successfully Completed, Status, Successfully Completed, Status, Successfully Completed, Status, Successfully Completed, Status, Successfully Completed, Status, Successfully Completed, Status, Successfully Completed, Status, Successfully Completed, Status, Successfully Completed, Status, Successfully Completed, Status, Successfully Completed, Status, Successfully Completed, Status, Successfully Completed, Status, Successfully Completed, Status, Successfully Completed, Status, Successfully Completed, Status, Successfully Completed, Status, Successfully Completed, Status, Successfully Completed, Status, Successfully Completed, Status, Successfully Completed, Status, Successfully Completed, Status, Successfully Completed, Status, Successfully Completed, Status, Successfully Completed, Status, Successfully Completed, Status, Successfully Completed, Status, Successfully Completed, Status, Successfully Completed, Status, Successfully Completed, Status, Successfully Completed, Status, Successfully Completed, Status, Successfully Completed, Status, Successfully Completed, Status, Successfully Completed, Status, Successfully Completed, Status, Successfully Completed, Status, Successfully Completed, Status, Successfully Completed, Status, Successfully Completed, Status, Successfully Completed, Status, Successfully Completed, Status, Successfully Completed, Status, Successfully Completed, Status, Successfully Completed, Status, Successfully Completed, Status, Successfully Completed, Status, Successfully Completed, Status, Successfully Completed, Status, Successfully Completed, Status, Successfully Completed, Status, Successfully Completed, Status, Successfully Completed, Status, Successfully Completed, Status, Successfully Completed, Status, Successfully Completed, Status, Successfully Completed, Status, Successfully Completed, Status, Successfully Completed, Status, Successfully Completed, Status, Successfully Completed, Status, Successfully Completed, Status, Successfully Completed, Status, Successfully Completed, Status, Successfully Completed, Status, Successfully Completed, Status, Successfully Completed, Status, Successfully Completed, Status, Successfully Completed, Status, Successfully Completed, Status, Successfully Completed, Status, Successfully Completed, Status, Successfully Completed]
[neelback4more@gmail.com, Subho1991*, Status, Successfully Completed, Status, Successfully Completed, Status, Successfully Completed, Status, Successfully Completed, Status, Successfully Completed, Status, Successfully Completed, Status, Successfully Completed, Status, Successfully Completed, Status, Successfully Completed, Status, Successfully Completed, Status, Successfully Completed, Status, Successfully Completed, Status, Successfully Completed, Status, Successfully Completed, Status, Successfully Completed, Status, Successfully Completed, Status, Successfully Completed, Status, Successfully Completed, Status, Successfully Completed, Status, Successfully Completed, Status, Successfully Completed, Status, Successfully Completed, Status, Successfully Completed, Status, Successfully Completed, Status, Successfully Completed, Status, Successfully Completed, Status, Successfully Completed, Status, Successfully Completed, Status, Successfully Completed, Status, Successfully Completed, Status, Successfully Completed, Status, Successfully Completed, Status, Successfully Completed, Status, Successfully Completed, Status, Successfully Completed, Status, Successfully Completed, Status, Successfully Completed, Status, Successfully Completed, Status, Successfully Completed, Status, Successfully Completed, Status, Successfully Completed, Status, Successfully Completed, Status, Successfully Completed, Status, Successfully Completed, Status, Successfully Completed, Status, Successfully Completed, Status, Successfully Completed, Status, Successfully Completed, Status, Successfully Completed, Status, Successfully Completed, Status, Successfully Completed, Status, Successfully Completed, Status, Successfully Completed, Status, Successfully Completed, Status, Successfully Completed, Status, Successfully Completed, Status, Successfully Completed, Status, Successfully Completed, Status, Successfully Completed, Status, Successfully Completed, Status, Successfully Completed, Status, Successfully Completed, Status, Successfully Completed, Status, Successfully Completed, Status, Successfully Completed, Status, Successfully Completed, Status, Successfully Completed, Status, Successfully Completed, Status, Successfully Completed, Status, Successfully Completed, Status, Successfully Completed, Status, Successfully Completed, Status, Successfully Completed, Status, Successfully Completed, Status, Successfully Completed, Status, Successfully Completed, Status, Successfully Completed, Status, Successfully Completed, Status, Successfully Completed, Status, Successfully Completed, Status, Successfully Completed, Status, Successfully Completed, Status, Successfully Completed, Status, Successfully Completed, Status, Successfully Completed, Status, Successfully Completed, Status, Successfully Completed, Status, Successfully Completed, Status, Successfully Completed, Status, Successfully Completed, Status, Successfully Completed, Status, Successfully Completed, Status, Successfully Completed, Status, Successfully Completed, Status, Successfully Completed, Status, Successfully Completed, Status, Successfully Completed, Status, Successfully Completed, Status, Successfully Completed, Status, Successfully Completed, Status, Successfully Completed, Status, Successfully Completed, Status, Successfully Completed, Status, Successfully Completed, Status, Successfully Completed, Status, Successfully Completed, Status, Successfully Completed, Status, Successfully Completed, Status, Successfully Completed, Status, Successfully Completed, Status, Successfully Completed, Status, Successfully Completed, Status, Successfully Completed, Status, Successfully Completed, Status, Successfully Completed, Status, Successfully Completed, Status, Successfully Completed, Status, Successfully Completed, Status, Successfully Completed, Status, Successfully Completed, Status, Successfully Completed, Status, Successfully Completed, Status, Successfully Completed, Status, Successfully Completed, Status, Successfully Completed, Status, Successfully Completed, Status, Successfully Completed, Status, Successfully Completed, Status, Successfully Completed, Status, Successfully Completed, Status, Successfully Completed, Status, Successfully Completed, Status, Successfully Completed, Status, Successfully Completed, Status, Successfully Completed, Status, Successfully Completed, Status, Successfully Completed, Status, Successfully Completed, Status, Successfully Completed, Status, Successfully Completed, Status, Successfully Completed, Status, Successfully Completed, Status, Successfully Completed, Status, Successfully Completed, Status, Successfully Completed, Status, Successfully Completed, Status, Successfully Completed, Status, Successfully Completed, Status, Successfully Completed, Status, Successfully Completed, Status, Successfully Completed, Status, Successfully Completed, Status, Successfully Completed, Status, Successfully Completed, Status, Successfully Completed, Status, Successfully Completed, Status, Successfully Completed, Status, Successfully Completed, Status, Successfully Completed, Status, Successfully Completed, Status, Successfully Completed, Status, Successfully Completed, Status, Successfully Completed, Status, Successfully Completed, Status, Successfully Completed, Status, Successfully Completed, Status, Successfully Completed, Status, Successfully Completed, Status]
[neelback4more@gmail.com, Subho1991*, Status, Successfully Completed, Status, Successfully Completed, Status, Successfully Completed, Status, Successfully Completed, Status, Successfully Completed, Status, Successfully Completed, Status, Successfully Completed, Status, Successfully Completed, Status, Successfully Completed, Status, Successfully Completed, Status, Successfully Completed, Status, Successfully Completed, Status, Successfully Completed, Status, Successfully Completed, Status, Successfully Completed, Status, Successfully Completed, Status, Successfully Completed, Status, Successfully Completed, Status, Successfully Completed, Status, Successfully Completed, Status, Successfully Completed, Status, Successfully Completed, Status, Successfully Completed, Status, Successfully Completed, Status, Successfully Completed, Status, Successfully Completed, Status, Successfully Completed, Status, Successfully Completed, Status, Successfully Completed, Status, Successfully Completed, Status, Successfully Completed, Status, Successfully Completed, Status, Successfully Completed, Status, Successfully Completed, Status, Successfully Completed, Status, Successfully Completed, Status, Successfully Completed, Status, Successfully Completed, Status, Successfully Completed, Status, Successfully Completed, Status, Successfully Completed, Status, Successfully Completed, Status, Successfully Completed, Status, Successfully Completed, Status, Successfully Completed, Status, Successfully Completed, Status, Successfully Completed, Status, Successfully Completed, Status, Successfully Completed, Status, Successfully Completed, Status, Successfully Completed, Status, Successfully Completed, Status, Successfully Completed, Status, Successfully Completed, Status, Successfully Completed, Status, Successfully Completed, Status, Successfully Completed, Status, Successfully Completed, Status, Successfully Completed, Status, Successfully Completed, Status, Successfully Completed, Status, Successfully Completed, Status, Successfully Completed, Status, Successfully Completed, Status, Successfully Completed, Status, Successfully Completed, Status, Successfully Completed, Status, Successfully Completed, Status, Successfully Completed, Status, Successfully Completed, Status, Successfully Completed, Status, Successfully Completed, Status, Successfully Completed, Status, Successfully Completed, Status, Successfully Completed, Status, Successfully Completed, Status, Successfully Completed, Status, Successfully Completed, Status, Successfully Completed, Status, Successfully Completed, Status, Successfully Completed, Status, Successfully Completed, Status, Successfully Completed, Status, Successfully Completed, Status, Successfully Completed, Status, Successfully Completed, Status, Successfully Completed, Status, Successfully Completed, Status, Successfully Completed, Status, Successfully Completed, Status, Successfully Completed, Status, Successfully Completed, Status, Successfully Completed, Status, Successfully Completed, Status, Successfully Completed, Status, Successfully Completed, Status, Successfully Completed, Status, Successfully Completed, Status, Successfully Completed, Status, Successfully Completed, Status, Successfully Completed, Status, Successfully Completed, Status, Successfully Completed, Status, Successfully Completed, Status, Successfully Completed, Status, Successfully Completed, Status, Successfully Completed, Status, Successfully Completed, Status, Successfully Completed, Status, Successfully Completed, Status, Successfully Completed, Status, Successfully Completed, Status, Successfully Completed, Status, Successfully Completed, Status, Successfully Completed, Status, Successfully Completed, Status, Successfully Completed, Status, Successfully Completed, Status, Successfully Completed, Status, Successfully Completed, Status, Successfully Completed, Status, Successfully Completed, Status, Successfully Completed, Status, Successfully Completed, Status, Successfully Completed, Status, Successfully Completed, Status, Successfully Completed, Status, Successfully Completed, Status, Successfully Completed, Status, Successfully Completed, Status, Successfully Completed, Status, Successfully Completed, Status, Successfully Completed, Status, Successfully Completed, Status, Successfully Completed, Status, Successfully Completed, Status, Successfully Completed, Status, Successfully Completed, Status, Successfully Completed, Status, Successfully Completed, Status, Successfully Completed, Status, Successfully Completed, Status, Successfully Completed, Status, Successfully Completed, Status, Successfully Completed, Status, Successfully Completed, Status, Successfully Completed, Status, Successfully Completed, Status, Successfully Completed, Status, Successfully Completed, Status, Successfully Completed, Status, Successfully Completed, Status, Successfully Completed, Status, Successfully Completed, Status, Successfully Completed, Status, Successfully Completed, Status, Successfully Completed, Status, Successfully Completed, Status, Successfully Completed, Status, Successfully Completed, Status, Successfully Completed, Status, Successfully Completed, Status, Successfully Completed, Status, Successfully Completed, Status, Successfully Completed, Status, Successfully Completed, Status, Successfully Completed, Status, Successfully Completed, Status, Successfully Completed]
[neelback4more@gmail.com, Subho1991*, Status, Successfully Completed, Status, Successfully Completed, Status, Successfully Completed, Status, Successfully Completed, Status, Successfully Completed, Status, Successfully Completed, Status, Successfully Completed, Status, Successfully Completed, Status, Successfully Completed, Status, Successfully Completed, Status, Successfully Completed, Status, Successfully Completed, Status, Successfully Completed, Status, Successfully Completed, Status, Successfully Completed, Status, Successfully Completed, Status, Successfully Completed, Status, Successfully Completed, Status, Successfully Completed, Status, Successfully Completed, Status, Successfully Completed, Status, Successfully Completed, Status, Successfully Completed, Status, Successfully Completed, Status, Successfully Completed, Status, Successfully Completed, Status, Successfully Completed, Status, Successfully Completed, Status, Successfully Completed, Status, Successfully Completed, Status, Successfully Completed, Status, Successfully Completed, Status, Successfully Completed, Status, Successfully Completed, Status, Successfully Completed, Status, Successfully Completed, Status, Successfully Completed, Status, Successfully Completed, Status, Successfully Completed, Status, Successfully Completed, Status, Successfully Completed, Status, Successfully Completed, Status, Successfully Completed, Status, Successfully Completed, Status, Successfully Completed, Status, Successfully Completed, Status, Successfully Completed, Status, Successfully Completed, Status, Successfully Completed, Status, Successfully Completed, Status, Successfully Completed, Status, Successfully Completed, Status, Successfully Completed, Status, Successfully Completed, Status, Successfully Completed, Status, Successfully Completed, Status, Successfully Completed, Status, Successfully Completed, Status, Successfully Completed, Status, Successfully Completed, Status, Successfully Completed, Status, Successfully Completed, Status, Successfully Completed, Status, Successfully Completed, Status, Successfully Completed, Status, Successfully Completed, Status, Successfully Completed, Status, Successfully Completed, Status, Successfully Completed, Status, Successfully Completed, Status, Successfully Completed, Status, Successfully Completed, Status, Successfully Completed, Status, Successfully Completed, Status, Successfully Completed, Status, Successfully Completed, Status, Successfully Completed, Status, Successfully Completed, Status, Successfully Completed, Status, Successfully Completed, Status, Successfully Completed, Status, Successfully Completed, Status, Successfully Completed, Status, Successfully Completed, Status, Successfully Completed, Status, Successfully Completed, Status, Successfully Completed, Status, Successfully Completed, Status, Successfully Completed, Status, Successfully Completed, Status, Successfully Completed, Status, Successfully Completed, Status, Successfully Completed, Status, Successfully Completed, Status, Successfully Completed, Status, Successfully Completed, Status, Successfully Completed, Status, Successfully Completed, Status, Successfully Completed, Status, Successfully Completed, Status, Successfully Completed, Status, Successfully Completed, Status, Successfully Completed, Status, Successfully Completed, Status, Successfully Completed, Status, Successfully Completed, Status, Successfully Completed, Status, Successfully Completed, Status, Successfully Completed, Status, Successfully Completed, Status, Successfully Completed, Status, Successfully Completed, Status, Successfully Completed, Status, Successfully Completed, Status, Successfully Completed, Status, Successfully Completed, Status, Successfully Completed, Status, Successfully Completed, Status, Successfully Completed, Status, Successfully Completed, Status, Successfully Completed, Status, Successfully Completed, Status, Successfully Completed, Status, Successfully Completed, Status, Successfully Completed, Status, Successfully Completed, Status, Successfully Completed, Status, Successfully Completed, Status, Successfully Completed, Status, Successfully Completed, Status, Successfully Completed, Status, Successfully Completed, Status, Successfully Completed, Status, Successfully Completed, Status, Successfully Completed, Status, Successfully Completed, Status, Successfully Completed, Status, Successfully Completed, Status, Successfully Completed, Status, Successfully Completed, Status, Successfully Completed, Status, Successfully Completed, Status, Successfully Completed, Status, Successfully Completed, Status, Successfully Completed, Status, Successfully Completed, Status, Successfully Completed, Status, Successfully Completed, Status, Successfully Completed, Status, Successfully Completed, Status, Successfully Completed, Status, Successfully Completed, Status, Successfully Completed, Status, Successfully Completed, Status, Successfully Completed, Status, Successfully Completed, Status, Successfully Completed, Status, Successfully Completed, Status, Successfully Completed, Status, Successfully Completed, Status, Successfully Completed, Status, Successfully Completed, Status, Successfully Completed, Status, Successfully Completed, Status, Successfully Completed, Status, Successfully Completed, Status, Successfully Completed, Status, Successfully Completed, Status, Successfully Completed, Status]
[neelback4more@gmail.com, Subho1991*, Status, Successfully Completed, Status, Successfully Completed, Status, Successfully Completed, Status, Successfully Completed, Status, Successfully Completed, Status, Successfully Completed, Status, Successfully Completed, Status, Successfully Completed, Status, Successfully Completed, Status, Successfully Completed, Status, Successfully Completed, Status, Successfully Completed, Status, Successfully Completed, Status, Successfully Completed, Status, Successfully Completed, Status, Successfully Completed, Status, Successfully Completed, Status, Successfully Completed, Status, Successfully Completed, Status, Successfully Completed, Status, Successfully Completed, Status, Successfully Completed, Status, Successfully Completed, Status, Successfully Completed, Status, Successfully Completed, Status, Successfully Completed, Status, Successfully Completed, Status, Successfully Completed, Status, Successfully Completed, Status, Successfully Completed, Status, Successfully Completed, Status, Successfully Completed, Status, Successfully Completed, Status, Successfully Completed, Status, Successfully Completed, Status, Successfully Completed, Status, Successfully Completed, Status, Successfully Completed, Status, Successfully Completed, Status, Successfully Completed, Status, Successfully Completed, Status, Successfully Completed, Status, Successfully Completed, Status, Successfully Completed, Status, Successfully Completed, Status, Successfully Completed, Status, Successfully Completed, Status, Successfully Completed, Status, Successfully Completed, Status, Successfully Completed, Status, Successfully Completed, Status, Successfully Completed, Status, Successfully Completed, Status, Successfully Completed, Status, Successfully Completed, Status, Successfully Completed, Status, Successfully Completed, Status, Successfully Completed, Status, Successfully Completed, Status, Successfully Completed, Status, Successfully Completed, Status, Successfully Completed, Status, Successfully Completed, Status, Successfully Completed, Status, Successfully Completed, Status, Successfully Completed, Status, Successfully Completed, Status, Successfully Completed, Status, Successfully Completed, Status, Successfully Completed, Status, Successfully Completed, Status, Successfully Completed, Status, Successfully Completed, Status, Successfully Completed, Status, Successfully Completed, Status, Successfully Completed, Status, Successfully Completed, Status, Successfully Completed, Status, Successfully Completed, Status, Successfully Completed, Status, Successfully Completed, Status, Successfully Completed, Status, Successfully Completed, Status, Successfully Completed, Status, Successfully Completed, Status, Successfully Completed, Status, Successfully Completed, Status, Successfully Completed, Status, Successfully Completed, Status, Successfully Completed, Status, Successfully Completed, Status, Successfully Completed, Status, Successfully Completed, Status, Successfully Completed, Status, Successfully Completed, Status, Successfully Completed, Status, Successfully Completed, Status, Successfully Completed, Status, Successfully Completed, Status, Successfully Completed, Status, Successfully Completed, Status, Successfully Completed, Status, Successfully Completed, Status, Successfully Completed, Status, Successfully Completed, Status, Successfully Completed, Status, Successfully Completed, Status, Successfully Completed, Status, Successfully Completed, Status, Successfully Completed, Status, Successfully Completed, Status, Successfully Completed, Status, Successfully Completed, Status, Successfully Completed, Status, Successfully Completed, Status, Successfully Completed, Status, Successfully Completed, Status, Successfully Completed, Status, Successfully Completed, Status, Successfully Completed, Status, Successfully Completed, Status, Successfully Completed, Status, Successfully Completed, Status, Successfully Completed, Status, Successfully Completed, Status, Successfully Completed, Status, Successfully Completed, Status, Successfully Completed, Status, Successfully Completed, Status, Successfully Completed, Status, Successfully Completed, Status, Successfully Completed, Status, Successfully Completed, Status, Successfully Completed, Status, Successfully Completed, Status, Successfully Completed, Status, Successfully Completed, Status, Successfully Completed, Status, Successfully Completed, Status, Successfully Completed, Status, Successfully Completed, Status, Successfully Completed, Status, Successfully Completed, Status, Successfully Completed, Status, Successfully Completed, Status, Successfully Completed, Status, Successfully Completed, Status, Successfully Completed, Status, Successfully Completed, Status, Successfully Completed, Status, Successfully Completed, Status, Successfully Completed, Status, Successfully Completed, Status, Successfully Completed, Status, Successfully Completed, Status, Successfully Completed, Status, Successfully Completed, Status, Successfully Completed, Status, Successfully Completed, Status, Successfully Completed, Status, Successfully Completed, Status, Successfully Completed, Status, Successfully Completed, Status, Successfully Completed, Status, Successfully Completed, Status, Successfully Completed, Status, Successfully Completed, Status, Successfully Completed, Status, Successfully Completed, Status, Successfully Completed]
[neelback4more@gmail.com, Subho1991*, Status, Successfully Completed, Status, Successfully Completed, Status, Successfully Completed, Status, Successfully Completed, Status, Successfully Completed, Status, Successfully Completed, Status, Successfully Completed, Status, Successfully Completed, Status, Successfully Completed, Status, Successfully Completed, Status, Successfully Completed, Status, Successfully Completed, Status, Successfully Completed, Status, Successfully Completed, Status, Successfully Completed, Status, Successfully Completed, Status, Successfully Completed, Status, Successfully Completed, Status, Successfully Completed, Status, Successfully Completed, Status, Successfully Completed, Status, Successfully Completed, Status, Successfully Completed, Status, Successfully Completed, Status, Successfully Completed, Status, Successfully Completed, Status, Successfully Completed, Status, Successfully Completed, Status, Successfully Completed, Status, Successfully Completed, Status, Successfully Completed, Status, Successfully Completed, Status, Successfully Completed, Status, Successfully Completed, Status, Successfully Completed, Status, Successfully Completed, Status, Successfully Completed, Status, Successfully Completed, Status, Successfully Completed, Status, Successfully Completed, Status, Successfully Completed, Status, Successfully Completed, Status, Successfully Completed, Status, Successfully Completed, Status, Successfully Completed, Status, Successfully Completed, Status, Successfully Completed, Status, Successfully Completed, Status, Successfully Completed, Status, Successfully Completed, Status, Successfully Completed, Status, Successfully Completed, Status, Successfully Completed, Status, Successfully Completed, Status, Successfully Completed, Status, Successfully Completed, Status, Successfully Completed, Status, Successfully Completed, Status, Successfully Completed, Status, Successfully Completed, Status, Successfully Completed, Status, Successfully Completed, Status, Successfully Completed, Status, Successfully Completed, Status, Successfully Completed, Status, Successfully Completed, Status, Successfully Completed, Status, Successfully Completed, Status, Successfully Completed, Status, Successfully Completed, Status, Successfully Completed, Status, Successfully Completed, Status, Successfully Completed, Status, Successfully Completed, Status, Successfully Completed, Status, Successfully Completed, Status, Successfully Completed, Status, Successfully Completed, Status, Successfully Completed, Status, Successfully Completed, Status, Successfully Completed, Status, Successfully Completed, Status, Successfully Completed, Status, Successfully Completed, Status, Successfully Completed, Status, Successfully Completed, Status, Successfully Completed, Status, Successfully Completed, Status, Successfully Completed, Status, Successfully Completed, Status, Successfully Completed, Status, Successfully Completed, Status, Successfully Completed, Status, Successfully Completed, Status, Successfully Completed, Status, Successfully Completed, Status, Successfully Completed, Status, Successfully Completed, Status, Successfully Completed, Status, Successfully Completed, Status, Successfully Completed, Status, Successfully Completed, Status, Successfully Completed, Status, Successfully Completed, Status, Successfully Completed, Status, Successfully Completed, Status, Successfully Completed, Status, Successfully Completed, Status, Successfully Completed, Status, Successfully Completed, Status, Successfully Completed, Status, Successfully Completed, Status, Successfully Completed, Status, Successfully Completed, Status, Successfully Completed, Status, Successfully Completed, Status, Successfully Completed, Status, Successfully Completed, Status, Successfully Completed, Status, Successfully Completed, Status, Successfully Completed, Status, Successfully Completed, Status, Successfully Completed, Status, Successfully Completed, Status, Successfully Completed, Status, Successfully Completed, Status, Successfully Completed, Status, Successfully Completed, Status, Successfully Completed, Status, Successfully Completed, Status, Successfully Completed, Status, Successfully Completed, Status, Successfully Completed, Status, Successfully Completed, Status, Successfully Completed, Status, Successfully Completed, Status, Successfully Completed, Status, Successfully Completed, Status, Successfully Completed, Status, Successfully Completed, Status, Successfully Completed, Status, Successfully Completed, Status, Successfully Completed, Status, Successfully Completed, Status, Successfully Completed, Status, Successfully Completed, Status, Successfully Completed, Status, Successfully Completed, Status, Successfully Completed, Status, Successfully Completed, Status, Successfully Completed, Status, Successfully Completed, Status, Successfully Completed, Status, Successfully Completed, Status, Successfully Completed, Status, Successfully Completed, Status, Successfully Completed, Status, Successfully Completed, Status, Successfully Completed, Status, Successfully Completed, Status, Successfully Completed, Status, Successfully Completed, Status, Successfully Completed, Status, Successfully Completed, Status, Successfully Completed, Status, Successfully Completed, Status, Successfully Completed, Status, Successfully Completed, Status, Successfully Completed, Status, Successfully Completed, Status]
[neelback4more@gmail.com, Subho1991*, Status, Successfully Completed, Status, Successfully Completed, Status, Successfully Completed, Status, Successfully Completed, Status, Successfully Completed, Status, Successfully Completed, Status, Successfully Completed, Status, Successfully Completed, Status, Successfully Completed, Status, Successfully Completed, Status, Successfully Completed, Status, Successfully Completed, Status, Successfully Completed, Status, Successfully Completed, Status, Successfully Completed, Status, Successfully Completed, Status, Successfully Completed, Status, Successfully Completed, Status, Successfully Completed, Status, Successfully Completed, Status, Successfully Completed, Status, Successfully Completed, Status, Successfully Completed, Status, Successfully Completed, Status, Successfully Completed, Status, Successfully Completed, Status, Successfully Completed, Status, Successfully Completed, Status, Successfully Completed, Status, Successfully Completed, Status, Successfully Completed, Status, Successfully Completed, Status, Successfully Completed, Status, Successfully Completed, Status, Successfully Completed, Status, Successfully Completed, Status, Successfully Completed, Status, Successfully Completed, Status, Successfully Completed, Status, Successfully Completed, Status, Successfully Completed, Status, Successfully Completed, Status, Successfully Completed, Status, Successfully Completed, Status, Successfully Completed, Status, Successfully Completed, Status, Successfully Completed, Status, Successfully Completed, Status, Successfully Completed, Status, Successfully Completed, Status, Successfully Completed, Status, Successfully Completed, Status, Successfully Completed, Status, Successfully Completed, Status, Successfully Completed, Status, Successfully Completed, Status, Successfully Completed, Status, Successfully Completed, Status, Successfully Completed, Status, Successfully Completed, Status, Successfully Completed, Status, Successfully Completed, Status, Successfully Completed, Status, Successfully Completed, Status, Successfully Completed, Status, Successfully Completed, Status, Successfully Completed, Status, Successfully Completed, Status, Successfully Completed, Status, Successfully Completed, Status, Successfully Completed, Status, Successfully Completed, Status, Successfully Completed, Status, Successfully Completed, Status, Successfully Completed, Status, Successfully Completed, Status, Successfully Completed, Status, Successfully Completed, Status, Successfully Completed, Status, Successfully Completed, Status, Successfully Completed, Status, Successfully Completed, Status, Successfully Completed, Status, Successfully Completed, Status, Successfully Completed, Status, Successfully Completed, Status, Successfully Completed, Status, Successfully Completed, Status, Successfully Completed, Status, Successfully Completed, Status, Successfully Completed, Status, Successfully Completed, Status, Successfully Completed, Status, Successfully Completed, Status, Successfully Completed, Status, Successfully Completed, Status, Successfully Completed, Status, Successfully Completed, Status, Successfully Completed, Status, Successfully Completed, Status, Successfully Completed, Status, Successfully Completed, Status, Successfully Completed, Status, Successfully Completed, Status, Successfully Completed, Status, Successfully Completed, Status, Successfully Completed, Status, Successfully Completed, Status, Successfully Completed, Status, Successfully Completed, Status, Successfully Completed, Status, Successfully Completed, Status, Successfully Completed, Status, Successfully Completed, Status, Successfully Completed, Status, Successfully Completed, Status, Successfully Completed, Status, Successfully Completed, Status, Successfully Completed, Status, Successfully Completed, Status, Successfully Completed, Status, Successfully Completed, Status, Successfully Completed, Status, Successfully Completed, Status, Successfully Completed, Status, Successfully Completed, Status, Successfully Completed, Status, Successfully Completed, Status, Successfully Completed, Status, Successfully Completed, Status, Successfully Completed, Status, Successfully Completed, Status, Successfully Completed, Status, Successfully Completed, Status, Successfully Completed, Status, Successfully Completed, Status, Successfully Completed, Status, Successfully Completed, Status, Successfully Completed, Status, Successfully Completed, Status, Successfully Completed, Status, Successfully Completed, Status, Successfully Completed, Status, Successfully Completed, Status, Successfully Completed, Status, Successfully Completed, Status, Successfully Completed, Status, Successfully Completed, Status, Successfully Completed, Status, Successfully Completed, Status, Successfully Completed, Status, Successfully Completed, Status, Successfully Completed, Status, Successfully Completed, Status, Successfully Completed, Status, Successfully Completed, Status, Successfully Completed, Status, Successfully Completed, Status, Successfully Completed, Status, Successfully Completed, Status, Successfully Completed, Status, Successfully Completed, Status, Successfully Completed, Status, Successfully Completed, Status, Successfully Completed, Status, Successfully Completed, Status, Successfully Completed, Status, Successfully Completed, Status, Successfully Completed, Status, Successfully Completed, Status, Successfully Completed]
[neelback4more@gmail.com, Subho1991*, Status, Successfully Completed, Status, Successfully Completed, Status, Successfully Completed, Status, Successfully Completed, Status, Successfully Completed, Status, Successfully Completed, Status, Successfully Completed, Status, Successfully Completed, Status, Successfully Completed, Status, Successfully Completed, Status, Successfully Completed, Status, Successfully Completed, Status, Successfully Completed, Status, Successfully Completed, Status, Successfully Completed, Status, Successfully Completed, Status, Successfully Completed, Status, Successfully Completed, Status, Successfully Completed, Status, Successfully Completed, Status, Successfully Completed, Status, Successfully Completed, Status, Successfully Completed, Status, Successfully Completed, Status, Successfully Completed, Status, Successfully Completed, Status, Successfully Completed, Status, Successfully Completed, Status, Successfully Completed, Status, Successfully Completed, Status, Successfully Completed, Status, Successfully Completed, Status, Successfully Completed, Status, Successfully Completed, Status, Successfully Completed, Status, Successfully Completed, Status, Successfully Completed, Status, Successfully Completed, Status, Successfully Completed, Status, Successfully Completed, Status, Successfully Completed, Status, Successfully Completed, Status, Successfully Completed, Status, Successfully Completed, Status, Successfully Completed, Status, Successfully Completed, Status, Successfully Completed, Status, Successfully Completed, Status, Successfully Completed, Status, Successfully Completed, Status, Successfully Completed, Status, Successfully Completed, Status, Successfully Completed, Status, Successfully Completed, Status, Successfully Completed, Status, Successfully Completed, Status, Successfully Completed, Status, Successfully Completed, Status, Successfully Completed, Status, Successfully Completed, Status, Successfully Completed, Status, Successfully Completed, Status, Successfully Completed, Status, Successfully Completed, Status, Successfully Completed, Status, Successfully Completed, Status, Successfully Completed, Status, Successfully Completed, Status, Successfully Completed, Status, Successfully Completed, Status, Successfully Completed, Status, Successfully Completed, Status, Successfully Completed, Status, Successfully Completed, Status, Successfully Completed, Status, Successfully Completed, Status, Successfully Completed, Status, Successfully Completed, Status, Successfully Completed, Status, Successfully Completed, Status, Successfully Completed, Status, Successfully Completed, Status, Successfully Completed, Status, Successfully Completed, Status, Successfully Completed, Status, Successfully Completed, Status, Successfully Completed, Status, Successfully Completed, Status, Successfully Completed, Status, Successfully Completed, Status, Successfully Completed, Status, Successfully Completed, Status, Successfully Completed, Status, Successfully Completed, Status, Successfully Completed, Status, Successfully Completed, Status, Successfully Completed, Status, Successfully Completed, Status, Successfully Completed, Status, Successfully Completed, Status, Successfully Completed, Status, Successfully Completed, Status, Successfully Completed, Status, Successfully Completed, Status, Successfully Completed, Status, Successfully Completed, Status, Successfully Completed, Status, Successfully Completed, Status, Successfully Completed, Status, Successfully Completed, Status, Successfully Completed, Status, Successfully Completed, Status, Successfully Completed, Status, Successfully Completed, Status, Successfully Completed, Status, Successfully Completed, Status, Successfully Completed, Status, Successfully Completed, Status, Successfully Completed, Status, Successfully Completed, Status, Successfully Completed, Status, Successfully Completed, Status, Successfully Completed, Status, Successfully Completed, Status, Successfully Completed, Status, Successfully Completed, Status, Successfully Completed, Status, Successfully Completed, Status, Successfully Completed, Status, Successfully Completed, Status, Successfully Completed, Status, Successfully Completed, Status, Successfully Completed, Status, Successfully Completed, Status, Successfully Completed, Status, Successfully Completed, Status, Successfully Completed, Status, Successfully Completed, Status, Successfully Completed, Status, Successfully Completed, Status, Successfully Completed, Status, Successfully Completed, Status, Successfully Completed, Status, Successfully Completed, Status, Successfully Completed, Status, Successfully Completed, Status, Successfully Completed, Status, Successfully Completed, Status, Successfully Completed, Status, Successfully Completed, Status, Successfully Completed, Status, Successfully Completed, Status, Successfully Completed, Status, Successfully Completed, Status, Successfully Completed, Status, Successfully Completed, Status, Successfully Completed, Status, Successfully Completed, Status, Successfully Completed, Status, Successfully Completed, Status, Successfully Completed, Status, Successfully Completed, Status, Successfully Completed, Status, Successfully Completed, Status, Successfully Completed, Status, Successfully Completed, Status, Successfully Completed, Status, Successfully Completed, Status, Successfully Completed, Status, Successfully Completed, Status, Successfully Completed, Status]
[neelback4more@gmail.com, Subho1991*, Status, Successfully Completed, Status, Successfully Completed, Status, Successfully Completed, Status, Successfully Completed, Status, Successfully Completed, Status, Successfully Completed, Status, Successfully Completed, Status, Successfully Completed, Status, Successfully Completed, Status, Successfully Completed, Status, Successfully Completed, Status, Successfully Completed, Status, Successfully Completed, Status, Successfully Completed, Status, Successfully Completed, Status, Successfully Completed, Status, Successfully Completed, Status, Successfully Completed, Status, Successfully Completed, Status, Successfully Completed, Status, Successfully Completed, Status, Successfully Completed, Status, Successfully Completed, Status, Successfully Completed, Status, Successfully Completed, Status, Successfully Completed, Status, Successfully Completed, Status, Successfully Completed, Status, Successfully Completed, Status, Successfully Completed, Status, Successfully Completed, Status, Successfully Completed, Status, Successfully Completed, Status, Successfully Completed, Status, Successfully Completed, Status, Successfully Completed, Status, Successfully Completed, Status, Successfully Completed, Status, Successfully Completed, Status, Successfully Completed, Status, Successfully Completed, Status, Successfully Completed, Status, Successfully Completed, Status, Successfully Completed, Status, Successfully Completed, Status, Successfully Completed, Status, Successfully Completed, Status, Successfully Completed, Status, Successfully Completed, Status, Successfully Completed, Status, Successfully Completed, Status, Successfully Completed, Status, Successfully Completed, Status, Successfully Completed, Status, Successfully Completed, Status, Successfully Completed, Status, Successfully Completed, Status, Successfully Completed, Status, Successfully Completed, Status, Successfully Completed, Status, Successfully Completed, Status, Successfully Completed, Status, Successfully Completed, Status, Successfully Completed, Status, Successfully Completed, Status, Successfully Completed, Status, Successfully Completed, Status, Successfully Completed, Status, Successfully Completed, Status, Successfully Completed, Status, Successfully Completed, Status, Successfully Completed, Status, Successfully Completed, Status, Successfully Completed, Status, Successfully Completed, Status, Successfully Completed, Status, Successfully Completed, Status, Successfully Completed, Status, Successfully Completed, Status, Successfully Completed, Status, Successfully Completed, Status, Successfully Completed, Status, Successfully Completed, Status, Successfully Completed, Status, Successfully Completed, Status, Successfully Completed, Status, Successfully Completed, Status, Successfully Completed, Status, Successfully Completed, Status, Successfully Completed, Status, Successfully Completed, Status, Successfully Completed, Status, Successfully Completed, Status, Successfully Completed, Status, Successfully Completed, Status, Successfully Completed, Status, Successfully Completed, Status, Successfully Completed, Status, Successfully Completed, Status, Successfully Completed, Status, Successfully Completed, Status, Successfully Completed, Status, Successfully Completed, Status, Successfully Completed, Status, Successfully Completed, Status, Successfully Completed, Status, Successfully Completed, Status, Successfully Completed, Status, Successfully Completed, Status, Successfully Completed, Status, Successfully Completed, Status, Successfully Completed, Status, Successfully Completed, Status, Successfully Completed, Status, Successfully Completed, Status, Successfully Completed, Status, Successfully Completed, Status, Successfully Completed, Status, Successfully Completed, Status, Successfully Completed, Status, Successfully Completed, Status, Successfully Completed, Status, Successfully Completed, Status, Successfully Completed, Status, Successfully Completed, Status, Successfully Completed, Status, Successfully Completed, Status, Successfully Completed, Status, Successfully Completed, Status, Successfully Completed, Status, Successfully Completed, Status, Successfully Completed, Status, Successfully Completed, Status, Successfully Completed, Status, Successfully Completed, Status, Successfully Completed, Status, Successfully Completed, Status, Successfully Completed, Status, Successfully Completed, Status, Successfully Completed, Status, Successfully Completed, Status, Successfully Completed, Status, Successfully Completed, Status, Successfully Completed, Status, Successfully Completed, Status, Successfully Completed, Status, Successfully Completed, Status, Successfully Completed, Status, Successfully Completed, Status, Successfully Completed, Status, Successfully Completed, Status, Successfully Completed, Status, Successfully Completed, Status, Successfully Completed, Status, Successfully Completed, Status, Successfully Completed, Status, Successfully Completed, Status, Successfully Completed, Status, Successfully Completed, Status, Successfully Completed, Status, Successfully Completed, Status, Successfully Completed, Status, Successfully Completed, Status, Successfully Completed, Status, Successfully Completed, Status, Successfully Completed, Status, Successfully Completed, Status, Successfully Completed, Status, Successfully Completed, Status, Successfully Completed, Status, Successfully Completed, Status, Successfully Completed]
[neelback4more@gmail.com, Subho1991*, Status, Successfully Completed, Status, Successfully Completed, Status, Successfully Completed, Status, Successfully Completed, Status, Successfully Completed, Status, Successfully Completed, Status, Successfully Completed, Status, Successfully Completed, Status, Successfully Completed, Status, Successfully Completed, Status, Successfully Completed, Status, Successfully Completed, Status, Successfully Completed, Status, Successfully Completed, Status, Successfully Completed, Status, Successfully Completed, Status, Successfully Completed, Status, Successfully Completed, Status, Successfully Completed, Status, Successfully Completed, Status, Successfully Completed, Status, Successfully Completed, Status, Successfully Completed, Status, Successfully Completed, Status, Successfully Completed, Status, Successfully Completed, Status, Successfully Completed, Status, Successfully Completed, Status, Successfully Completed, Status, Successfully Completed, Status, Successfully Completed, Status, Successfully Completed, Status, Successfully Completed, Status, Successfully Completed, Status, Successfully Completed, Status, Successfully Completed, Status, Successfully Completed, Status, Successfully Completed, Status, Successfully Completed, Status, Successfully Completed, Status, Successfully Completed, Status, Successfully Completed, Status, Successfully Completed, Status, Successfully Completed, Status, Successfully Completed, Status, Successfully Completed, Status, Successfully Completed, Status, Successfully Completed, Status, Successfully Completed, Status, Successfully Completed, Status, Successfully Completed, Status, Successfully Completed, Status, Successfully Completed, Status, Successfully Completed, Status, Successfully Completed, Status, Successfully Completed, Status, Successfully Completed, Status, Successfully Completed, Status, Successfully Completed, Status, Successfully Completed, Status, Successfully Completed, Status, Successfully Completed, Status, Successfully Completed, Status, Successfully Completed, Status, Successfully Completed, Status, Successfully Completed, Status, Successfully Completed, Status, Successfully Completed, Status, Successfully Completed, Status, Successfully Completed, Status, Successfully Completed, Status, Successfully Completed, Status, Successfully Completed, Status, Successfully Completed, Status, Successfully Completed, Status, Successfully Completed, Status, Successfully Completed, Status, Successfully Completed, Status, Successfully Completed, Status, Successfully Completed, Status, Successfully Completed, Status, Successfully Completed, Status, Successfully Completed, Status, Successfully Completed, Status, Successfully Completed, Status, Successfully Completed, Status, Successfully Completed, Status, Successfully Completed, Status, Successfully Completed, Status, Successfully Completed, Status, Successfully Completed, Status, Successfully Completed, Status, Successfully Completed, Status, Successfully Completed, Status, Successfully Completed, Status, Successfully Completed, Status, Successfully Completed, Status, Successfully Completed, Status, Successfully Completed, Status, Successfully Completed, Status, Successfully Completed, Status, Successfully Completed, Status, Successfully Completed, Status, Successfully Completed, Status, Successfully Completed, Status, Successfully Completed, Status, Successfully Completed, Status, Successfully Completed, Status, Successfully Completed, Status, Successfully Completed, Status, Successfully Completed, Status, Successfully Completed, Status, Successfully Completed, Status, Successfully Completed, Status, Successfully Completed, Status, Successfully Completed, Status, Successfully Completed, Status, Successfully Completed, Status, Successfully Completed, Status, Successfully Completed, Status, Successfully Completed, Status, Successfully Completed, Status, Successfully Completed, Status, Successfully Completed, Status, Successfully Completed, Status, Successfully Completed, Status, Successfully Completed, Status, Successfully Completed, Status, Successfully Completed, Status, Successfully Completed, Status, Successfully Completed, Status, Successfully Completed, Status, Successfully Completed, Status, Successfully Completed, Status, Successfully Completed, Status, Successfully Completed, Status, Successfully Completed, Status, Successfully Completed, Status, Successfully Completed, Status, Successfully Completed, Status, Successfully Completed, Status, Successfully Completed, Status, Successfully Completed, Status, Successfully Completed, Status, Successfully Completed, Status, Successfully Completed, Status, Successfully Completed, Status, Successfully Completed, Status, Successfully Completed, Status, Successfully Completed, Status, Successfully Completed, Status, Successfully Completed, Status, Successfully Completed, Status, Successfully Completed, Status, Successfully Completed, Status, Successfully Completed, Status, Successfully Completed, Status, Successfully Completed, Status, Successfully Completed, Status, Successfully Completed, Status, Successfully Completed, Status, Successfully Completed, Status, Successfully Completed, Status, Successfully Completed, Status, Successfully Completed, Status, Successfully Completed, Status, Successfully Completed, Status, Successfully Completed, Status, Successfully Completed, Status, Successfully Completed, Status, Successfully Completed, Status, Successfully Completed, Status]
[neelback4more@gmail.com, Subho1991*, Status, Successfully Completed, Status, Successfully Completed, Status, Successfully Completed, Status, Successfully Completed, Status, Successfully Completed, Status, Successfully Completed, Status, Successfully Completed, Status, Successfully Completed, Status, Successfully Completed, Status, Successfully Completed, Status, Successfully Completed, Status, Successfully Completed, Status, Successfully Completed, Status, Successfully Completed, Status, Successfully Completed, Status, Successfully Completed, Status, Successfully Completed, Status, Successfully Completed, Status, Successfully Completed, Status, Successfully Completed, Status, Successfully Completed, Status, Successfully Completed, Status, Successfully Completed, Status, Successfully Completed, Status, Successfully Completed, Status, Successfully Completed, Status, Successfully Completed, Status, Successfully Completed, Status, Successfully Completed, Status, Successfully Completed, Status, Successfully Completed, Status, Successfully Completed, Status, Successfully Completed, Status, Successfully Completed, Status, Successfully Completed, Status, Successfully Completed, Status, Successfully Completed, Status, Successfully Completed, Status, Successfully Completed, Status, Successfully Completed, Status, Successfully Completed, Status, Successfully Completed, Status, Successfully Completed, Status, Successfully Completed, Status, Successfully Completed, Status, Successfully Completed, Status, Successfully Completed, Status, Successfully Completed, Status, Successfully Completed, Status, Successfully Completed, Status, Successfully Completed, Status, Successfully Completed, Status, Successfully Completed, Status, Successfully Completed, Status, Successfully Completed, Status, Successfully Completed, Status, Successfully Completed, Status, Successfully Completed, Status, Successfully Completed, Status, Successfully Completed, Status, Successfully Completed, Status, Successfully Completed, Status, Successfully Completed, Status, Successfully Completed, Status, Successfully Completed, Status, Successfully Completed, Status, Successfully Completed, Status, Successfully Completed, Status, Successfully Completed, Status, Successfully Completed, Status, Successfully Completed, Status, Successfully Completed, Status, Successfully Completed, Status, Successfully Completed, Status, Successfully Completed, Status, Successfully Completed, Status, Successfully Completed, Status, Successfully Completed, Status, Successfully Completed, Status, Successfully Completed, Status, Successfully Completed, Status, Successfully Completed, Status, Successfully Completed, Status, Successfully Completed, Status, Successfully Completed, Status, Successfully Completed, Status, Successfully Completed, Status, Successfully Completed, Status, Successfully Completed, Status, Successfully Completed, Status, Successfully Completed, Status, Successfully Completed, Status, Successfully Completed, Status, Successfully Completed, Status, Successfully Completed, Status, Successfully Completed, Status, Successfully Completed, Status, Successfully Completed, Status, Successfully Completed, Status, Successfully Completed, Status, Successfully Completed, Status, Successfully Completed, Status, Successfully Completed, Status, Successfully Completed, Status, Successfully Completed, Status, Successfully Completed, Status, Successfully Completed, Status, Successfully Completed, Status, Successfully Completed, Status, Successfully Completed, Status, Successfully Completed, Status, Successfully Completed, Status, Successfully Completed, Status, Successfully Completed, Status, Successfully Completed, Status, Successfully Completed, Status, Successfully Completed, Status, Successfully Completed, Status, Successfully Completed, Status, Successfully Completed, Status, Successfully Completed, Status, Successfully Completed, Status, Successfully Completed, Status, Successfully Completed, Status, Successfully Completed, Status, Successfully Completed, Status, Successfully Completed, Status, Successfully Completed, Status, Successfully Completed, Status, Successfully Completed, Status, Successfully Completed, Status, Successfully Completed, Status, Successfully Completed, Status, Successfully Completed, Status, Successfully Completed, Status, Successfully Completed, Status, Successfully Completed, Status, Successfully Completed, Status, Successfully Completed, Status, Successfully Completed, Status, Successfully Completed, Status, Successfully Completed, Status, Successfully Completed, Status, Successfully Completed, Status, Successfully Completed, Status, Successfully Completed, Status, Successfully Completed, Status, Successfully Completed, Status, Successfully Completed, Status, Successfully Completed, Status, Successfully Completed, Status, Successfully Completed, Status, Successfully Completed, Status, Successfully Completed, Status, Successfully Completed, Status, Successfully Completed, Status, Successfully Completed, Status, Successfully Completed, Status, Successfully Completed, Status, Successfully Completed, Status, Successfully Completed, Status, Successfully Completed, Status, Successfully Completed, Status, Successfully Completed, Status, Successfully Completed, Status, Successfully Completed, Status, Successfully Completed, Status, Successfully Completed, Status, Successfully Completed, Status, Successfully Completed, Status, Successfully Completed, Status, Successfully Completed, Status, Successfully Completed]
[neelback4more@gmail.com, Subho1991*, Status, Successfully Completed, Status, Successfully Completed, Status, Successfully Completed, Status, Successfully Completed, Status, Successfully Completed, Status, Successfully Completed, Status, Successfully Completed, Status, Successfully Completed, Status, Successfully Completed, Status, Successfully Completed, Status, Successfully Completed, Status, Successfully Completed, Status, Successfully Completed, Status, Successfully Completed, Status, Successfully Completed, Status, Successfully Completed, Status, Successfully Completed, Status, Successfully Completed, Status, Successfully Completed, Status, Successfully Completed, Status, Successfully Completed, Status, Successfully Completed, Status, Successfully Completed, Status, Successfully Completed, Status, Successfully Completed, Status, Successfully Completed, Status, Successfully Completed, Status, Successfully Completed, Status, Successfully Completed, Status, Successfully Completed, Status, Successfully Completed, Status, Successfully Completed, Status, Successfully Completed, Status, Successfully Completed, Status, Successfully Completed, Status, Successfully Completed, Status, Successfully Completed, Status, Successfully Completed, Status, Successfully Completed, Status, Successfully Completed, Status, Successfully Completed, Status, Successfully Completed, Status, Successfully Completed, Status, Successfully Completed, Status, Successfully Completed, Status, Successfully Completed, Status, Successfully Completed, Status, Successfully Completed, Status, Successfully Completed, Status, Successfully Completed, Status, Successfully Completed, Status, Successfully Completed, Status, Successfully Completed, Status, Successfully Completed, Status, Successfully Completed, Status, Successfully Completed, Status, Successfully Completed, Status, Successfully Completed, Status, Successfully Completed, Status, Successfully Completed, Status, Successfully Completed, Status, Successfully Completed, Status, Successfully Completed, Status, Successfully Completed, Status, Successfully Completed, Status, Successfully Completed, Status, Successfully Completed, Status, Successfully Completed, Status, Successfully Completed, Status, Successfully Completed, Status, Successfully Completed, Status, Successfully Completed, Status, Successfully Completed, Status, Successfully Completed, Status, Successfully Completed, Status, Successfully Completed, Status, Successfully Completed, Status, Successfully Completed, Status, Successfully Completed, Status, Successfully Completed, Status, Successfully Completed, Status, Successfully Completed, Status, Successfully Completed, Status, Successfully Completed, Status, Successfully Completed, Status, Successfully Completed, Status, Successfully Completed, Status, Successfully Completed, Status, Successfully Completed, Status, Successfully Completed, Status, Successfully Completed, Status, Successfully Completed, Status, Successfully Completed, Status, Successfully Completed, Status, Successfully Completed, Status, Successfully Completed, Status, Successfully Completed, Status, Successfully Completed, Status, Successfully Completed, Status, Successfully Completed, Status, Successfully Completed, Status, Successfully Completed, Status, Successfully Completed, Status, Successfully Completed, Status, Successfully Completed, Status, Successfully Completed, Status, Successfully Completed, Status, Successfully Completed, Status, Successfully Completed, Status, Successfully Completed, Status, Successfully Completed, Status, Successfully Completed, Status, Successfully Completed, Status, Successfully Completed, Status, Successfully Completed, Status, Successfully Completed, Status, Successfully Completed, Status, Successfully Completed, Status, Successfully Completed, Status, Successfully Completed, Status, Successfully Completed, Status, Successfully Completed, Status, Successfully Completed, Status, Successfully Completed, Status, Successfully Completed, Status, Successfully Completed, Status, Successfully Completed, Status, Successfully Completed, Status, Successfully Completed, Status, Successfully Completed, Status, Successfully Completed, Status, Successfully Completed, Status, Successfully Completed, Status, Successfully Completed, Status, Successfully Completed, Status, Successfully Completed, Status, Successfully Completed, Status, Successfully Completed, Status, Successfully Completed, Status, Successfully Completed, Status, Successfully Completed, Status, Successfully Completed, Status, Successfully Completed, Status, Successfully Completed, Status, Successfully Completed, Status, Successfully Completed, Status, Successfully Completed, Status, Successfully Completed, Status, Successfully Completed, Status, Successfully Completed, Status, Successfully Completed, Status, Successfully Completed, Status, Successfully Completed, Status, Successfully Completed, Status, Successfully Completed, Status, Successfully Completed, Status, Successfully Completed, Status, Successfully Completed, Status, Successfully Completed, Status, Successfully Completed, Status, Successfully Completed, Status, Successfully Completed, Status, Successfully Completed, Status, Successfully Completed, Status, Successfully Completed, Status, Successfully Completed, Status, Successfully Completed, Status, Successfully Completed, Status, Successfully Completed, Status, Successfully Completed, Status, Successfully Completed, Status, Successfully Completed, Status, Successfully Completed, Status]
[neelback4more@gmail.com, Subho1991*, Status, Successfully Completed, Status, Successfully Completed, Status, Successfully Completed, Status, Successfully Completed, Status, Successfully Completed, Status, Successfully Completed, Status, Successfully Completed, Status, Successfully Completed, Status, Successfully Completed, Status, Successfully Completed, Status, Successfully Completed, Status, Successfully Completed, Status, Successfully Completed, Status, Successfully Completed, Status, Successfully Completed, Status, Successfully Completed, Status, Successfully Completed, Status, Successfully Completed, Status, Successfully Completed, Status, Successfully Completed, Status, Successfully Completed, Status, Successfully Completed, Status, Successfully Completed, Status, Successfully Completed, Status, Successfully Completed, Status, Successfully Completed, Status, Successfully Completed, Status, Successfully Completed, Status, Successfully Completed, Status, Successfully Completed, Status, Successfully Completed, Status, Successfully Completed, Status, Successfully Completed, Status, Successfully Completed, Status, Successfully Completed, Status, Successfully Completed, Status, Successfully Completed, Status, Successfully Completed, Status, Successfully Completed, Status, Successfully Completed, Status, Successfully Completed, Status, Successfully Completed, Status, Successfully Completed, Status, Successfully Completed, Status, Successfully Completed, Status, Successfully Completed, Status, Successfully Completed, Status, Successfully Completed, Status, Successfully Completed, Status, Successfully Completed, Status, Successfully Completed, Status, Successfully Completed, Status, Successfully Completed, Status, Successfully Completed, Status, Successfully Completed, Status, Successfully Completed, Status, Successfully Completed, Status, Successfully Completed, Status, Successfully Completed, Status, Successfully Completed, Status, Successfully Completed, Status, Successfully Completed, Status, Successfully Completed, Status, Successfully Completed, Status, Successfully Completed, Status, Successfully Completed, Status, Successfully Completed, Status, Successfully Completed, Status, Successfully Completed, Status, Successfully Completed, Status, Successfully Completed, Status, Successfully Completed, Status, Successfully Completed, Status, Successfully Completed, Status, Successfully Completed, Status, Successfully Completed, Status, Successfully Completed, Status, Successfully Completed, Status, Successfully Completed, Status, Successfully Completed, Status, Successfully Completed, Status, Successfully Completed, Status, Successfully Completed, Status, Successfully Completed, Status, Successfully Completed, Status, Successfully Completed, Status, Successfully Completed, Status, Successfully Completed, Status, Successfully Completed, Status, Successfully Completed, Status, Successfully Completed, Status, Successfully Completed, Status, Successfully Completed, Status, Successfully Completed, Status, Successfully Completed, Status, Successfully Completed, Status, Successfully Completed, Status, Successfully Completed, Status, Successfully Completed, Status, Successfully Completed, Status, Successfully Completed, Status, Successfully Completed, Status, Successfully Completed, Status, Successfully Completed, Status, Successfully Completed, Status, Successfully Completed, Status, Successfully Completed, Status, Successfully Completed, Status, Successfully Completed, Status, Successfully Completed, Status, Successfully Completed, Status, Successfully Completed, Status, Successfully Completed, Status, Successfully Completed, Status, Successfully Completed, Status, Successfully Completed, Status, Successfully Completed, Status, Successfully Completed, Status, Successfully Completed, Status, Successfully Completed, Status, Successfully Completed, Status, Successfully Completed, Status, Successfully Completed, Status, Successfully Completed, Status, Successfully Completed, Status, Successfully Completed, Status, Successfully Completed, Status, Successfully Completed, Status, Successfully Completed, Status, Successfully Completed, Status, Successfully Completed, Status, Successfully Completed, Status, Successfully Completed, Status, Successfully Completed, Status, Successfully Completed, Status, Successfully Completed, Status, Successfully Completed, Status, Successfully Completed, Status, Successfully Completed, Status, Successfully Completed, Status, Successfully Completed, Status, Successfully Completed, Status, Successfully Completed, Status, Successfully Completed, Status, Successfully Completed, Status, Successfully Completed, Status, Successfully Completed, Status, Successfully Completed, Status, Successfully Completed, Status, Successfully Completed, Status, Successfully Completed, Status, Successfully Completed, Status, Successfully Completed, Status, Successfully Completed, Status, Successfully Completed, Status, Successfully Completed, Status, Successfully Completed, Status, Successfully Completed, Status, Successfully Completed, Status, Successfully Completed, Status, Successfully Completed, Status, Successfully Completed, Status, Successfully Completed, Status, Successfully Completed, Status, Successfully Completed, Status, Successfully Completed, Status, Successfully Completed, Status, Successfully Completed, Status, Successfully Completed, Status, Successfully Completed, Status, Successfully Completed, Status, Successfully Completed, Status, Successfully Completed, Status, Successfully Completed]
[neelback4more@gmail.com, Subho1991*, Status, Successfully Completed, Status, Successfully Completed, Status, Successfully Completed, Status, Successfully Completed, Status, Successfully Completed, Status, Successfully Completed, Status, Successfully Completed, Status, Successfully Completed, Status, Successfully Completed, Status, Successfully Completed, Status, Successfully Completed, Status, Successfully Completed, Status, Successfully Completed, Status, Successfully Completed, Status, Successfully Completed, Status, Successfully Completed, Status, Successfully Completed, Status, Successfully Completed, Status, Successfully Completed, Status, Successfully Completed, Status, Successfully Completed, Status, Successfully Completed, Status, Successfully Completed, Status, Successfully Completed, Status, Successfully Completed, Status, Successfully Completed, Status, Successfully Completed, Status, Successfully Completed, Status, Successfully Completed, Status, Successfully Completed, Status, Successfully Completed, Status, Successfully Completed, Status, Successfully Completed, Status, Successfully Completed, Status, Successfully Completed, Status, Successfully Completed, Status, Successfully Completed, Status, Successfully Completed, Status, Successfully Completed, Status, Successfully Completed, Status, Successfully Completed, Status, Successfully Completed, Status, Successfully Completed, Status, Successfully Completed, Status, Successfully Completed, Status, Successfully Completed, Status, Successfully Completed, Status, Successfully Completed, Status, Successfully Completed, Status, Successfully Completed, Status, Successfully Completed, Status, Successfully Completed, Status, Successfully Completed, Status, Successfully Completed, Status, Successfully Completed, Status, Successfully Completed, Status, Successfully Completed, Status, Successfully Completed, Status, Successfully Completed, Status, Successfully Completed, Status, Successfully Completed, Status, Successfully Completed, Status, Successfully Completed, Status, Successfully Completed, Status, Successfully Completed, Status, Successfully Completed, Status, Successfully Completed, Status, Successfully Completed, Status, Successfully Completed, Status, Successfully Completed, Status, Successfully Completed, Status, Successfully Completed, Status, Successfully Completed, Status, Successfully Completed, Status, Successfully Completed, Status, Successfully Completed, Status, Successfully Completed, Status, Successfully Completed, Status, Successfully Completed, Status, Successfully Completed, Status, Successfully Completed, Status, Successfully Completed, Status, Successfully Completed, Status, Successfully Completed, Status, Successfully Completed, Status, Successfully Completed, Status, Successfully Completed, Status, Successfully Completed, Status, Successfully Completed, Status, Successfully Completed, Status, Successfully Completed, Status, Successfully Completed, Status, Successfully Completed, Status, Successfully Completed, Status, Successfully Completed, Status, Successfully Completed, Status, Successfully Completed, Status, Successfully Completed, Status, Successfully Completed, Status, Successfully Completed, Status, Successfully Completed, Status, Successfully Completed, Status, Successfully Completed, Status, Successfully Completed, Status, Successfully Completed, Status, Successfully Completed, Status, Successfully Completed, Status, Successfully Completed, Status, Successfully Completed, Status, Successfully Completed, Status, Successfully Completed, Status, Successfully Completed, Status, Successfully Completed, Status, Successfully Completed, Status, Successfully Completed, Status, Successfully Completed, Status, Successfully Completed, Status, Successfully Completed, Status, Successfully Completed, Status, Successfully Completed, Status, Successfully Completed, Status, Successfully Completed, Status, Successfully Completed, Status, Successfully Completed, Status, Successfully Completed, Status, Successfully Completed, Status, Successfully Completed, Status, Successfully Completed, Status, Successfully Completed, Status, Successfully Completed, Status, Successfully Completed, Status, Successfully Completed, Status, Successfully Completed, Status, Successfully Completed, Status, Successfully Completed, Status, Successfully Completed, Status, Successfully Completed, Status, Successfully Completed, Status, Successfully Completed, Status, Successfully Completed, Status, Successfully Completed, Status, Successfully Completed, Status, Successfully Completed, Status, Successfully Completed, Status, Successfully Completed, Status, Successfully Completed, Status, Successfully Completed, Status, Successfully Completed, Status, Successfully Completed, Status, Successfully Completed, Status, Successfully Completed, Status, Successfully Completed, Status, Successfully Completed, Status, Successfully Completed, Status, Successfully Completed, Status, Successfully Completed, Status, Successfully Completed, Status, Successfully Completed, Status, Successfully Completed, Status, Successfully Completed, Status, Successfully Completed, Status, Successfully Completed, Status, Successfully Completed, Status, Successfully Completed, Status, Successfully Completed, Status, Successfully Completed, Status, Successfully Completed, Status, Successfully Completed, Status, Successfully Completed, Status, Successfully Completed, Status, Successfully Completed, Status, Successfully Completed, Status, Successfully Completed, Status, Successfully Completed, Status]
[neelback4more@gmail.com, Subho1991*, Status, Successfully Completed, Status, Successfully Completed, Status, Successfully Completed, Status, Successfully Completed, Status, Successfully Completed, Status, Successfully Completed, Status, Successfully Completed, Status, Successfully Completed, Status, Successfully Completed, Status, Successfully Completed, Status, Successfully Completed, Status, Successfully Completed, Status, Successfully Completed, Status, Successfully Completed, Status, Successfully Completed, Status, Successfully Completed, Status, Successfully Completed, Status, Successfully Completed, Status, Successfully Completed, Status, Successfully Completed, Status, Successfully Completed, Status, Successfully Completed, Status, Successfully Completed, Status, Successfully Completed, Status, Successfully Completed, Status, Successfully Completed, Status, Successfully Completed, Status, Successfully Completed, Status, Successfully Completed, Status, Successfully Completed, Status, Successfully Completed, Status, Successfully Completed, Status, Successfully Completed, Status, Successfully Completed, Status, Successfully Completed, Status, Successfully Completed, Status, Successfully Completed, Status, Successfully Completed, Status, Successfully Completed, Status, Successfully Completed, Status, Successfully Completed, Status, Successfully Completed, Status, Successfully Completed, Status, Successfully Completed, Status, Successfully Completed, Status, Successfully Completed, Status, Successfully Completed, Status, Successfully Completed, Status, Successfully Completed, Status, Successfully Completed, Status, Successfully Completed, Status, Successfully Completed, Status, Successfully Completed, Status, Successfully Completed, Status, Successfully Completed, Status, Successfully Completed, Status, Successfully Completed, Status, Successfully Completed, Status, Successfully Completed, Status, Successfully Completed, Status, Successfully Completed, Status, Successfully Completed, Status, Successfully Completed, Status, Successfully Completed, Status, Successfully Completed, Status, Successfully Completed, Status, Successfully Completed, Status, Successfully Completed, Status, Successfully Completed, Status, Successfully Completed, Status, Successfully Completed, Status, Successfully Completed, Status, Successfully Completed, Status, Successfully Completed, Status, Successfully Completed, Status, Successfully Completed, Status, Successfully Completed, Status, Successfully Completed, Status, Successfully Completed, Status, Successfully Completed, Status, Successfully Completed, Status, Successfully Completed, Status, Successfully Completed, Status, Successfully Completed, Status, Successfully Completed, Status, Successfully Completed, Status, Successfully Completed, Status, Successfully Completed, Status, Successfully Completed, Status, Successfully Completed, Status, Successfully Completed, Status, Successfully Completed, Status, Successfully Completed, Status, Successfully Completed, Status, Successfully Completed, Status, Successfully Completed, Status, Successfully Completed, Status, Successfully Completed, Status, Successfully Completed, Status, Successfully Completed, Status, Successfully Completed, Status, Successfully Completed, Status, Successfully Completed, Status, Successfully Completed, Status, Successfully Completed, Status, Successfully Completed, Status, Successfully Completed, Status, Successfully Completed, Status, Successfully Completed, Status, Successfully Completed, Status, Successfully Completed, Status, Successfully Completed, Status, Successfully Completed, Status, Successfully Completed, Status, Successfully Completed, Status, Successfully Completed, Status, Successfully Completed, Status, Successfully Completed, Status, Successfully Completed, Status, Successfully Completed, Status, Successfully Completed, Status, Successfully Completed, Status, Successfully Completed, Status, Successfully Completed, Status, Successfully Completed, Status, Successfully Completed, Status, Successfully Completed, Status, Successfully Completed, Status, Successfully Completed, Status, Successfully Completed, Status, Successfully Completed, Status, Successfully Completed, Status, Successfully Completed, Status, Successfully Completed, Status, Successfully Completed, Status, Successfully Completed, Status, Successfully Completed, Status, Successfully Completed, Status, Successfully Completed, Status, Successfully Completed, Status, Successfully Completed, Status, Successfully Completed, Status, Successfully Completed, Status, Successfully Completed, Status, Successfully Completed, Status, Successfully Completed, Status, Successfully Completed, Status, Successfully Completed, Status, Successfully Completed, Status, Successfully Completed, Status, Successfully Completed, Status, Successfully Completed, Status, Successfully Completed, Status, Successfully Completed, Status, Successfully Completed, Status, Successfully Completed, Status, Successfully Completed, Status, Successfully Completed, Status, Successfully Completed, Status, Successfully Completed, Status, Successfully Completed, Status, Successfully Completed, Status, Successfully Completed, Status, Successfully Completed, Status, Successfully Completed, Status, Successfully Completed, Status, Successfully Completed, Status, Successfully Completed, Status, Successfully Completed, Status, Successfully Completed, Status, Successfully Completed, Status, Successfully Completed, Status, Successfully Completed, Status, Successfully Completed, Status, Successfully Completed]
[neelback4more@gmail.com, Subho1991*, Status, Successfully Completed, Status, Successfully Completed, Status, Successfully Completed, Status, Successfully Completed, Status, Successfully Completed, Status, Successfully Completed, Status, Successfully Completed, Status, Successfully Completed, Status, Successfully Completed, Status, Successfully Completed, Status, Successfully Completed, Status, Successfully Completed, Status, Successfully Completed, Status, Successfully Completed, Status, Successfully Completed, Status, Successfully Completed, Status, Successfully Completed, Status, Successfully Completed, Status, Successfully Completed, Status, Successfully Completed, Status, Successfully Completed, Status, Successfully Completed, Status, Successfully Completed, Status, Successfully Completed, Status, Successfully Completed, Status, Successfully Completed, Status, Successfully Completed, Status, Successfully Completed, Status, Successfully Completed, Status, Successfully Completed, Status, Successfully Completed, Status, Successfully Completed, Status, Successfully Completed, Status, Successfully Completed, Status, Successfully Completed, Status, Successfully Completed, Status, Successfully Completed, Status, Successfully Completed, Status, Successfully Completed, Status, Successfully Completed, Status, Successfully Completed, Status, Successfully Completed, Status, Successfully Completed, Status, Successfully Completed, Status, Successfully Completed, Status, Successfully Completed, Status, Successfully Completed, Status, Successfully Completed, Status, Successfully Completed, Status, Successfully Completed, Status, Successfully Completed, Status, Successfully Completed, Status, Successfully Completed, Status, Successfully Completed, Status, Successfully Completed, Status, Successfully Completed, Status, Successfully Completed, Status, Successfully Completed, Status, Successfully Completed, Status, Successfully Completed, Status, Successfully Completed, Status, Successfully Completed, Status, Successfully Completed, Status, Successfully Completed, Status, Successfully Completed, Status, Successfully Completed, Status, Successfully Completed, Status, Successfully Completed, Status, Successfully Completed, Status, Successfully Completed, Status, Successfully Completed, Status, Successfully Completed, Status, Successfully Completed, Status, Successfully Completed, Status, Successfully Completed, Status, Successfully Completed, Status, Successfully Completed, Status, Successfully Completed, Status, Successfully Completed, Status, Successfully Completed, Status, Successfully Completed, Status, Successfully Completed, Status, Successfully Completed, Status, Successfully Completed, Status, Successfully Completed, Status, Successfully Completed, Status, Successfully Completed, Status, Successfully Completed, Status, Successfully Completed, Status, Successfully Completed, Status, Successfully Completed, Status, Successfully Completed, Status, Successfully Completed, Status, Successfully Completed, Status, Successfully Completed, Status, Successfully Completed, Status, Successfully Completed, Status, Successfully Completed, Status, Successfully Completed, Status, Successfully Completed, Status, Successfully Completed, Status, Successfully Completed, Status, Successfully Completed, Status, Successfully Completed, Status, Successfully Completed, Status, Successfully Completed, Status, Successfully Completed, Status, Successfully Completed, Status, Successfully Completed, Status, Successfully Completed, Status, Successfully Completed, Status, Successfully Completed, Status, Successfully Completed, Status, Successfully Completed, Status, Successfully Completed, Status, Successfully Completed, Status, Successfully Completed, Status, Successfully Completed, Status, Successfully Completed, Status, Successfully Completed, Status, Successfully Completed, Status, Successfully Completed, Status, Successfully Completed, Status, Successfully Completed, Status, Successfully Completed, Status, Successfully Completed, Status, Successfully Completed, Status, Successfully Completed, Status, Successfully Completed, Status, Successfully Completed, Status, Successfully Completed, Status, Successfully Completed, Status, Successfully Completed, Status, Successfully Completed, Status, Successfully Completed, Status, Successfully Completed, Status, Successfully Completed, Status, Successfully Completed, Status, Successfully Completed, Status, Successfully Completed, Status, Successfully Completed, Status, Successfully Completed, Status, Successfully Completed, Status, Successfully Completed, Status, Successfully Completed, Status, Successfully Completed, Status, Successfully Completed, Status, Successfully Completed, Status, Successfully Completed, Status, Successfully Completed, Status, Successfully Completed, Status, Successfully Completed, Status, Successfully Completed, Status, Successfully Completed, Status, Successfully Completed, Status, Successfully Completed, Status, Successfully Completed, Status, Successfully Completed, Status, Successfully Completed, Status, Successfully Completed, Status, Successfully Completed, Status, Successfully Completed, Status, Successfully Completed, Status, Successfully Completed, Status, Successfully Completed, Status, Successfully Completed, Status, Successfully Completed, Status, Successfully Completed, Status, Successfully Completed, Status, Successfully Completed, Status, Successfully Completed, Status, Successfully Completed, Status, Successfully Completed, Status, Successfully Completed, Status, Successfully Completed, Status]
[neelback4more@gmail.com, Subho1991*, Status, Successfully Completed, Status, Successfully Completed, Status, Successfully Completed, Status, Successfully Completed, Status, Successfully Completed, Status, Successfully Completed, Status, Successfully Completed, Status, Successfully Completed, Status, Successfully Completed, Status, Successfully Completed, Status, Successfully Completed, Status, Successfully Completed, Status, Successfully Completed, Status, Successfully Completed, Status, Successfully Completed, Status, Successfully Completed, Status, Successfully Completed, Status, Successfully Completed, Status, Successfully Completed, Status, Successfully Completed, Status, Successfully Completed, Status, Successfully Completed, Status, Successfully Completed, Status, Successfully Completed, Status, Successfully Completed, Status, Successfully Completed, Status, Successfully Completed, Status, Successfully Completed, Status, Successfully Completed, Status, Successfully Completed, Status, Successfully Completed, Status, Successfully Completed, Status, Successfully Completed, Status, Successfully Completed, Status, Successfully Completed, Status, Successfully Completed, Status, Successfully Completed, Status, Successfully Completed, Status, Successfully Completed, Status, Successfully Completed, Status, Successfully Completed, Status, Successfully Completed, Status, Successfully Completed, Status, Successfully Completed, Status, Successfully Completed, Status, Successfully Completed, Status, Successfully Completed, Status, Successfully Completed, Status, Successfully Completed, Status, Successfully Completed, Status, Successfully Completed, Status, Successfully Completed, Status, Successfully Completed, Status, Successfully Completed, Status, Successfully Completed, Status, Successfully Completed, Status, Successfully Completed, Status, Successfully Completed, Status, Successfully Completed, Status, Successfully Completed, Status, Successfully Completed, Status, Successfully Completed, Status, Successfully Completed, Status, Successfully Completed, Status, Successfully Completed, Status, Successfully Completed, Status, Successfully Completed, Status, Successfully Completed, Status, Successfully Completed, Status, Successfully Completed, Status, Successfully Completed, Status, Successfully Completed, Status, Successfully Completed, Status, Successfully Completed, Status, Successfully Completed, Status, Successfully Completed, Status, Successfully Completed, Status, Successfully Completed, Status, Successfully Completed, Status, Successfully Completed, Status, Successfully Completed, Status, Successfully Completed, Status, Successfully Completed, Status, Successfully Completed, Status, Successfully Completed, Status, Successfully Completed, Status, Successfully Completed, Status, Successfully Completed, Status, Successfully Completed, Status, Successfully Completed, Status, Successfully Completed, Status, Successfully Completed, Status, Successfully Completed, Status, Successfully Completed, Status, Successfully Completed, Status, Successfully Completed, Status, Successfully Completed, Status, Successfully Completed, Status, Successfully Completed, Status, Successfully Completed, Status, Successfully Completed, Status, Successfully Completed, Status, Successfully Completed, Status, Successfully Completed, Status, Successfully Completed, Status, Successfully Completed, Status, Successfully Completed, Status, Successfully Completed, Status, Successfully Completed, Status, Successfully Completed, Status, Successfully Completed, Status, Successfully Completed, Status, Successfully Completed, Status, Successfully Completed, Status, Successfully Completed, Status, Successfully Completed, Status, Successfully Completed, Status, Successfully Completed, Status, Successfully Completed, Status, Successfully Completed, Status, Successfully Completed, Status, Successfully Completed, Status, Successfully Completed, Status, Successfully Completed, Status, Successfully Completed, Status, Successfully Completed, Status, Successfully Completed, Status, Successfully Completed, Status, Successfully Completed, Status, Successfully Completed, Status, Successfully Completed, Status, Successfully Completed, Status, Successfully Completed, Status, Successfully Completed, Status, Successfully Completed, Status, Successfully Completed, Status, Successfully Completed, Status, Successfully Completed, Status, Successfully Completed, Status, Successfully Completed, Status, Successfully Completed, Status, Successfully Completed, Status, Successfully Completed, Status, Successfully Completed, Status, Successfully Completed, Status, Successfully Completed, Status, Successfully Completed, Status, Successfully Completed, Status, Successfully Completed, Status, Successfully Completed, Status, Successfully Completed, Status, Successfully Completed, Status, Successfully Completed, Status, Successfully Completed, Status, Successfully Completed, Status, Successfully Completed, Status, Successfully Completed, Status, Successfully Completed, Status, Successfully Completed, Status, Successfully Completed, Status, Successfully Completed, Status, Successfully Completed, Status, Successfully Completed, Status, Successfully Completed, Status, Successfully Completed, Status, Successfully Completed, Status, Successfully Completed, Status, Successfully Completed, Status, Successfully Completed, Status, Successfully Completed, Status, Successfully Completed, Status, Successfully Completed, Status, Successfully Completed, Status, Successfully Completed, Status, Successfully Completed, Status, Successfully Completed]
[neelback4more@gmail.com, Subho1991*, Status, Successfully Completed, Status, Successfully Completed, Status, Successfully Completed, Status, Successfully Completed, Status, Successfully Completed, Status, Successfully Completed, Status, Successfully Completed, Status, Successfully Completed, Status, Successfully Completed, Status, Successfully Completed, Status, Successfully Completed, Status, Successfully Completed, Status, Successfully Completed, Status, Successfully Completed, Status, Successfully Completed, Status, Successfully Completed, Status, Successfully Completed, Status, Successfully Completed, Status, Successfully Completed, Status, Successfully Completed, Status, Successfully Completed, Status, Successfully Completed, Status, Successfully Completed, Status, Successfully Completed, Status, Successfully Completed, Status, Successfully Completed, Status, Successfully Completed, Status, Successfully Completed, Status, Successfully Completed, Status, Successfully Completed, Status, Successfully Completed, Status, Successfully Completed, Status, Successfully Completed, Status, Successfully Completed, Status, Successfully Completed, Status, Successfully Completed, Status, Successfully Completed, Status, Successfully Completed, Status, Successfully Completed, Status, Successfully Completed, Status, Successfully Completed, Status, Successfully Completed, Status, Successfully Completed, Status, Successfully Completed, Status, Successfully Completed, Status, Successfully Completed, Status, Successfully Completed, Status, Successfully Completed, Status, Successfully Completed, Status, Successfully Completed, Status, Successfully Completed, Status, Successfully Completed, Status, Successfully Completed, Status, Successfully Completed, Status, Successfully Completed, Status, Successfully Completed, Status, Successfully Completed, Status, Successfully Completed, Status, Successfully Completed, Status, Successfully Completed, Status, Successfully Completed, Status, Successfully Completed, Status, Successfully Completed, Status, Successfully Completed, Status, Successfully Completed, Status, Successfully Completed, Status, Successfully Completed, Status, Successfully Completed, Status, Successfully Completed, Status, Successfully Completed, Status, Successfully Completed, Status, Successfully Completed, Status, Successfully Completed, Status, Successfully Completed, Status, Successfully Completed, Status, Successfully Completed, Status, Successfully Completed, Status, Successfully Completed, Status, Successfully Completed, Status, Successfully Completed, Status, Successfully Completed, Status, Successfully Completed, Status, Successfully Completed, Status, Successfully Completed, Status, Successfully Completed, Status, Successfully Completed, Status, Successfully Completed, Status, Successfully Completed, Status, Successfully Completed, Status, Successfully Completed, Status, Successfully Completed, Status, Successfully Completed, Status, Successfully Completed, Status, Successfully Completed, Status, Successfully Completed, Status, Successfully Completed, Status, Successfully Completed, Status, Successfully Completed, Status, Successfully Completed, Status, Successfully Completed, Status, Successfully Completed, Status, Successfully Completed, Status, Successfully Completed, Status, Successfully Completed, Status, Successfully Completed, Status, Successfully Completed, Status, Successfully Completed, Status, Successfully Completed, Status, Successfully Completed, Status, Successfully Completed, Status, Successfully Completed, Status, Successfully Completed, Status, Successfully Completed, Status, Successfully Completed, Status, Successfully Completed, Status, Successfully Completed, Status, Successfully Completed, Status, Successfully Completed, Status, Successfully Completed, Status, Successfully Completed, Status, Successfully Completed, Status, Successfully Completed, Status, Successfully Completed, Status, Successfully Completed, Status, Successfully Completed, Status, Successfully Completed, Status, Successfully Completed, Status, Successfully Completed, Status, Successfully Completed, Status, Successfully Completed, Status, Successfully Completed, Status, Successfully Completed, Status, Successfully Completed, Status, Successfully Completed, Status, Successfully Completed, Status, Successfully Completed, Status, Successfully Completed, Status, Successfully Completed, Status, Successfully Completed, Status, Successfully Completed, Status, Successfully Completed, Status, Successfully Completed, Status, Successfully Completed, Status, Successfully Completed, Status, Successfully Completed, Status, Successfully Completed, Status, Successfully Completed, Status, Successfully Completed, Status, Successfully Completed, Status, Successfully Completed, Status, Successfully Completed, Status, Successfully Completed, Status, Successfully Completed, Status, Successfully Completed, Status, Successfully Completed, Status, Successfully Completed, Status, Successfully Completed, Status, Successfully Completed, Status, Successfully Completed, Status, Successfully Completed, Status, Successfully Completed, Status, Successfully Completed, Status, Successfully Completed, Status, Successfully Completed, Status, Successfully Completed, Status, Successfully Completed, Status, Successfully Completed, Status, Successfully Completed, Status, Successfully Completed, Status, Successfully Completed, Status, Successfully Completed, Status, Successfully Completed, Status, Successfully Completed, Status, Successfully Completed, Status, Successfully Completed, Status, Successfully Completed, Status]
[neelback4more@gmail.com, Subho1991*, Status, Successfully Completed, Status, Successfully Completed, Status, Successfully Completed, Status, Successfully Completed, Status, Successfully Completed, Status, Successfully Completed, Status, Successfully Completed, Status, Successfully Completed, Status, Successfully Completed, Status, Successfully Completed, Status, Successfully Completed, Status, Successfully Completed, Status, Successfully Completed, Status, Successfully Completed, Status, Successfully Completed, Status, Successfully Completed, Status, Successfully Completed, Status, Successfully Completed, Status, Successfully Completed, Status, Successfully Completed, Status, Successfully Completed, Status, Successfully Completed, Status, Successfully Completed, Status, Successfully Completed, Status, Successfully Completed, Status, Successfully Completed, Status, Successfully Completed, Status, Successfully Completed, Status, Successfully Completed, Status, Successfully Completed, Status, Successfully Completed, Status, Successfully Completed, Status, Successfully Completed, Status, Successfully Completed, Status, Successfully Completed, Status, Successfully Completed, Status, Successfully Completed, Status, Successfully Completed, Status, Successfully Completed, Status, Successfully Completed, Status, Successfully Completed, Status, Successfully Completed, Status, Successfully Completed, Status, Successfully Completed, Status, Successfully Completed, Status, Successfully Completed, Status, Successfully Completed, Status, Successfully Completed, Status, Successfully Completed, Status, Successfully Completed, Status, Successfully Completed, Status, Successfully Completed, Status, Successfully Completed, Status, Successfully Completed, Status, Successfully Completed, Status, Successfully Completed, Status, Successfully Completed, Status, Successfully Completed, Status, Successfully Completed, Status, Successfully Completed, Status, Successfully Completed, Status, Successfully Completed, Status, Successfully Completed, Status, Successfully Completed, Status, Successfully Completed, Status, Successfully Completed, Status, Successfully Completed, Status, Successfully Completed, Status, Successfully Completed, Status, Successfully Completed, Status, Successfully Completed, Status, Successfully Completed, Status, Successfully Completed, Status, Successfully Completed, Status, Successfully Completed, Status, Successfully Completed, Status, Successfully Completed, Status, Successfully Completed, Status, Successfully Completed, Status, Successfully Completed, Status, Successfully Completed, Status, Successfully Completed, Status, Successfully Completed, Status, Successfully Completed, Status, Successfully Completed, Status, Successfully Completed, Status, Successfully Completed, Status, Successfully Completed, Status, Successfully Completed, Status, Successfully Completed, Status, Successfully Completed, Status, Successfully Completed, Status, Successfully Completed, Status, Successfully Completed, Status, Successfully Completed, Status, Successfully Completed, Status, Successfully Completed, Status, Successfully Completed, Status, Successfully Completed, Status, Successfully Completed, Status, Successfully Completed, Status, Successfully Completed, Status, Successfully Completed, Status, Successfully Completed, Status, Successfully Completed, Status, Successfully Completed, Status, Successfully Completed, Status, Successfully Completed, Status, Successfully Completed, Status, Successfully Completed, Status, Successfully Completed, Status, Successfully Completed, Status, Successfully Completed, Status, Successfully Completed, Status, Successfully Completed, Status, Successfully Completed, Status, Successfully Completed, Status, Successfully Completed, Status, Successfully Completed, Status, Successfully Completed, Status, Successfully Completed, Status, Successfully Completed, Status, Successfully Completed, Status, Successfully Completed, Status, Successfully Completed, Status, Successfully Completed, Status, Successfully Completed, Status, Successfully Completed, Status, Successfully Completed, Status, Successfully Completed, Status, Successfully Completed, Status, Successfully Completed, Status, Successfully Completed, Status, Successfully Completed, Status, Successfully Completed, Status, Successfully Completed, Status, Successfully Completed, Status, Successfully Completed, Status, Successfully Completed, Status, Successfully Completed, Status, Successfully Completed, Status, Successfully Completed, Status, Successfully Completed, Status, Successfully Completed, Status, Successfully Completed, Status, Successfully Completed, Status, Successfully Completed, Status, Successfully Completed, Status, Successfully Completed, Status, Successfully Completed, Status, Successfully Completed, Status, Successfully Completed, Status, Successfully Completed, Status, Successfully Completed, Status, Successfully Completed, Status, Successfully Completed, Status, Successfully Completed, Status, Successfully Completed, Status, Successfully Completed, Status, Successfully Completed, Status, Successfully Completed, Status, Successfully Completed, Status, Successfully Completed, Status, Successfully Completed, Status, Successfully Completed, Status, Successfully Completed, Status, Successfully Completed, Status, Successfully Completed, Status, Successfully Completed, Status, Successfully Completed, Status, Successfully Completed, Status, Successfully Completed, Status, Successfully Completed, Status, Successfully Completed, Status, Successfully Completed, Status, Successfully Completed, Status, Successfully Completed]
[neelback4more@gmail.com, Subho1991*, Status, Successfully Completed, Status, Successfully Completed, Status, Successfully Completed, Status, Successfully Completed, Status, Successfully Completed, Status, Successfully Completed, Status, Successfully Completed, Status, Successfully Completed, Status, Successfully Completed, Status, Successfully Completed, Status, Successfully Completed, Status, Successfully Completed, Status, Successfully Completed, Status, Successfully Completed, Status, Successfully Completed, Status, Successfully Completed, Status, Successfully Completed, Status, Successfully Completed, Status, Successfully Completed, Status, Successfully Completed, Status, Successfully Completed, Status, Successfully Completed, Status, Successfully Completed, Status, Successfully Completed, Status, Successfully Completed, Status, Successfully Completed, Status, Successfully Completed, Status, Successfully Completed, Status, Successfully Completed, Status, Successfully Completed, Status, Successfully Completed, Status, Successfully Completed, Status, Successfully Completed, Status, Successfully Completed, Status, Successfully Completed, Status, Successfully Completed, Status, Successfully Completed, Status, Successfully Completed, Status, Successfully Completed, Status, Successfully Completed, Status, Successfully Completed, Status, Successfully Completed, Status, Successfully Completed, Status, Successfully Completed, Status, Successfully Completed, Status, Successfully Completed, Status, Successfully Completed, Status, Successfully Completed, Status, Successfully Completed, Status, Successfully Completed, Status, Successfully Completed, Status, Successfully Completed, Status, Successfully Completed, Status, Successfully Completed, Status, Successfully Completed, Status, Successfully Completed, Status, Successfully Completed, Status, Successfully Completed, Status, Successfully Completed, Status, Successfully Completed, Status, Successfully Completed, Status, Successfully Completed, Status, Successfully Completed, Status, Successfully Completed, Status, Successfully Completed, Status, Successfully Completed, Status, Successfully Completed, Status, Successfully Completed, Status, Successfully Completed, Status, Successfully Completed, Status, Successfully Completed, Status, Successfully Completed, Status, Successfully Completed, Status, Successfully Completed, Status, Successfully Completed, Status, Successfully Completed, Status, Successfully Completed, Status, Successfully Completed, Status, Successfully Completed, Status, Successfully Completed, Status, Successfully Completed, Status, Successfully Completed, Status, Successfully Completed, Status, Successfully Completed, Status, Successfully Completed, Status, Successfully Completed, Status, Successfully Completed, Status, Successfully Completed, Status, Successfully Completed, Status, Successfully Completed, Status, Successfully Completed, Status, Successfully Completed, Status, Successfully Completed, Status, Successfully Completed, Status, Successfully Completed, Status, Successfully Completed, Status, Successfully Completed, Status, Successfully Completed, Status, Successfully Completed, Status, Successfully Completed, Status, Successfully Completed, Status, Successfully Completed, Status, Successfully Completed, Status, Successfully Completed, Status, Successfully Completed, Status, Successfully Completed, Status, Successfully Completed, Status, Successfully Completed, Status, Successfully Completed, Status, Successfully Completed, Status, Successfully Completed, Status, Successfully Completed, Status, Successfully Completed, Status, Successfully Completed, Status, Successfully Completed, Status, Successfully Completed, Status, Successfully Completed, Status, Successfully Completed, Status, Successfully Completed, Status, Successfully Completed, Status, Successfully Completed, Status, Successfully Completed, Status, Successfully Completed, Status, Successfully Completed, Status, Successfully Completed, Status, Successfully Completed, Status, Successfully Completed, Status, Successfully Completed, Status, Successfully Completed, Status, Successfully Completed, Status, Successfully Completed, Status, Successfully Completed, Status, Successfully Completed, Status, Successfully Completed, Status, Successfully Completed, Status, Successfully Completed, Status, Successfully Completed, Status, Successfully Completed, Status, Successfully Completed, Status, Successfully Completed, Status, Successfully Completed, Status, Successfully Completed, Status, Successfully Completed, Status, Successfully Completed, Status, Successfully Completed, Status, Successfully Completed, Status, Successfully Completed, Status, Successfully Completed, Status, Successfully Completed, Status, Successfully Completed, Status, Successfully Completed, Status, Successfully Completed, Status, Successfully Completed, Status, Successfully Completed, Status, Successfully Completed, Status, Successfully Completed, Status, Successfully Completed, Status, Successfully Completed, Status, Successfully Completed, Status, Successfully Completed, Status, Successfully Completed, Status, Successfully Completed, Status, Successfully Completed, Status, Successfully Completed, Status, Successfully Completed, Status, Successfully Completed, Status, Successfully Completed, Status, Successfully Completed, Status, Successfully Completed, Status, Successfully Completed, Status, Successfully Completed, Status, Successfully Completed, Status, Successfully Completed, Status, Successfully Completed, Status, Successfully Completed, Status, Successfully Completed, Status, Successfully Completed, Status]
[neelback4more@gmail.com, Subho1991*, Status, Successfully Completed, Status, Successfully Completed, Status, Successfully Completed, Status, Successfully Completed, Status, Successfully Completed, Status, Successfully Completed, Status, Successfully Completed, Status, Successfully Completed, Status, Successfully Completed, Status, Successfully Completed, Status, Successfully Completed, Status, Successfully Completed, Status, Successfully Completed, Status, Successfully Completed, Status, Successfully Completed, Status, Successfully Completed, Status, Successfully Completed, Status, Successfully Completed, Status, Successfully Completed, Status, Successfully Completed, Status, Successfully Completed, Status, Successfully Completed, Status, Successfully Completed, Status, Successfully Completed, Status, Successfully Completed, Status, Successfully Completed, Status, Successfully Completed, Status, Successfully Completed, Status, Successfully Completed, Status, Successfully Completed, Status, Successfully Completed, Status, Successfully Completed, Status, Successfully Completed, Status, Successfully Completed, Status, Successfully Completed, Status, Successfully Completed, Status, Successfully Completed, Status, Successfully Completed, Status, Successfully Completed, Status, Successfully Completed, Status, Successfully Completed, Status, Successfully Completed, Status, Successfully Completed, Status, Successfully Completed, Status, Successfully Completed, Status, Successfully Completed, Status, Successfully Completed, Status, Successfully Completed, Status, Successfully Completed, Status, Successfully Completed, Status, Successfully Completed, Status, Successfully Completed, Status, Successfully Completed, Status, Successfully Completed, Status, Successfully Completed, Status, Successfully Completed, Status, Successfully Completed, Status, Successfully Completed, Status, Successfully Completed, Status, Successfully Completed, Status, Successfully Completed, Status, Successfully Completed, Status, Successfully Completed, Status, Successfully Completed, Status, Successfully Completed, Status, Successfully Completed, Status, Successfully Completed, Status, Successfully Completed, Status, Successfully Completed, Status, Successfully Completed, Status, Successfully Completed, Status, Successfully Completed, Status, Successfully Completed, Status, Successfully Completed, Status, Successfully Completed, Status, Successfully Completed, Status, Successfully Completed, Status, Successfully Completed, Status, Successfully Completed, Status, Successfully Completed, Status, Successfully Completed, Status, Successfully Completed, Status, Successfully Completed, Status, Successfully Completed, Status, Successfully Completed, Status, Successfully Completed, Status, Successfully Completed, Status, Successfully Completed, Status, Successfully Completed, Status, Successfully Completed, Status, Successfully Completed, Status, Successfully Completed, Status, Successfully Completed, Status, Successfully Completed, Status, Successfully Completed, Status, Successfully Completed, Status, Successfully Completed, Status, Successfully Completed, Status, Successfully Completed, Status, Successfully Completed, Status, Successfully Completed, Status, Successfully Completed, Status, Successfully Completed, Status, Successfully Completed, Status, Successfully Completed, Status, Successfully Completed, Status, Successfully Completed, Status, Successfully Completed, Status, Successfully Completed, Status, Successfully Completed, Status, Successfully Completed, Status, Successfully Completed, Status, Successfully Completed, Status, Successfully Completed, Status, Successfully Completed, Status, Successfully Completed, Status, Successfully Completed, Status, Successfully Completed, Status, Successfully Completed, Status, Successfully Completed, Status, Successfully Completed, Status, Successfully Completed, Status, Successfully Completed, Status, Successfully Completed, Status, Successfully Completed, Status, Successfully Completed, Status, Successfully Completed, Status, Successfully Completed, Status, Successfully Completed, Status, Successfully Completed, Status, Successfully Completed, Status, Successfully Completed, Status, Successfully Completed, Status, Successfully Completed, Status, Successfully Completed, Status, Successfully Completed, Status, Successfully Completed, Status, Successfully Completed, Status, Successfully Completed, Status, Successfully Completed, Status, Successfully Completed, Status, Successfully Completed, Status, Successfully Completed, Status, Successfully Completed, Status, Successfully Completed, Status, Successfully Completed, Status, Successfully Completed, Status, Successfully Completed, Status, Successfully Completed, Status, Successfully Completed, Status, Successfully Completed, Status, Successfully Completed, Status, Successfully Completed, Status, Successfully Completed, Status, Successfully Completed, Status, Successfully Completed, Status, Successfully Completed, Status, Successfully Completed, Status, Successfully Completed, Status, Successfully Completed, Status, Successfully Completed, Status, Successfully Completed, Status, Successfully Completed, Status, Successfully Completed, Status, Successfully Completed, Status, Successfully Completed, Status, Successfully Completed, Status, Successfully Completed, Status, Successfully Completed, Status, Successfully Completed, Status, Successfully Completed, Status, Successfully Completed, Status, Successfully Completed, Status, Successfully Completed, Status, Successfully Completed, Status, Successfully Completed, Status, Successfully Completed, Status, Successfully Completed]
[neelback4more@gmail.com, Subho1991*, Status, Successfully Completed, Status, Successfully Completed, Status, Successfully Completed, Status, Successfully Completed, Status, Successfully Completed, Status, Successfully Completed, Status, Successfully Completed, Status, Successfully Completed, Status, Successfully Completed, Status, Successfully Completed, Status, Successfully Completed, Status, Successfully Completed, Status, Successfully Completed, Status, Successfully Completed, Status, Successfully Completed, Status, Successfully Completed, Status, Successfully Completed, Status, Successfully Completed, Status, Successfully Completed, Status, Successfully Completed, Status, Successfully Completed, Status, Successfully Completed, Status, Successfully Completed, Status, Successfully Completed, Status, Successfully Completed, Status, Successfully Completed, Status, Successfully Completed, Status, Successfully Completed, Status, Successfully Completed, Status, Successfully Completed, Status, Successfully Completed, Status, Successfully Completed, Status, Successfully Completed, Status, Successfully Completed, Status, Successfully Completed, Status, Successfully Completed, Status, Successfully Completed, Status, Successfully Completed, Status, Successfully Completed, Status, Successfully Completed, Status, Successfully Completed, Status, Successfully Completed, Status, Successfully Completed, Status, Successfully Completed, Status, Successfully Completed, Status, Successfully Completed, Status, Successfully Completed, Status, Successfully Completed, Status, Successfully Completed, Status, Successfully Completed, Status, Successfully Completed, Status, Successfully Completed, Status, Successfully Completed, Status, Successfully Completed, Status, Successfully Completed, Status, Successfully Completed, Status, Successfully Completed, Status, Successfully Completed, Status, Successfully Completed, Status, Successfully Completed, Status, Successfully Completed, Status, Successfully Completed, Status, Successfully Completed, Status, Successfully Completed, Status, Successfully Completed, Status, Successfully Completed, Status, Successfully Completed, Status, Successfully Completed, Status, Successfully Completed, Status, Successfully Completed, Status, Successfully Completed, Status, Successfully Completed, Status, Successfully Completed, Status, Successfully Completed, Status, Successfully Completed, Status, Successfully Completed, Status, Successfully Completed, Status, Successfully Completed, Status, Successfully Completed, Status, Successfully Completed, Status, Successfully Completed, Status, Successfully Completed, Status, Successfully Completed, Status, Successfully Completed, Status, Successfully Completed, Status, Successfully Completed, Status, Successfully Completed, Status, Successfully Completed, Status, Successfully Completed, Status, Successfully Completed, Status, Successfully Completed, Status, Successfully Completed, Status, Successfully Completed, Status, Successfully Completed, Status, Successfully Completed, Status, Successfully Completed, Status, Successfully Completed, Status, Successfully Completed, Status, Successfully Completed, Status, Successfully Completed, Status, Successfully Completed, Status, Successfully Completed, Status, Successfully Completed, Status, Successfully Completed, Status, Successfully Completed, Status, Successfully Completed, Status, Successfully Completed, Status, Successfully Completed, Status, Successfully Completed, Status, Successfully Completed, Status, Successfully Completed, Status, Successfully Completed, Status, Successfully Completed, Status, Successfully Completed, Status, Successfully Completed, Status, Successfully Completed, Status, Successfully Completed, Status, Successfully Completed, Status, Successfully Completed, Status, Successfully Completed, Status, Successfully Completed, Status, Successfully Completed, Status, Successfully Completed, Status, Successfully Completed, Status, Successfully Completed, Status, Successfully Completed, Status, Successfully Completed, Status, Successfully Completed, Status, Successfully Completed, Status, Successfully Completed, Status, Successfully Completed, Status, Successfully Completed, Status, Successfully Completed, Status, Successfully Completed, Status, Successfully Completed, Status, Successfully Completed, Status, Successfully Completed, Status, Successfully Completed, Status, Successfully Completed, Status, Successfully Completed, Status, Successfully Completed, Status, Successfully Completed, Status, Successfully Completed, Status, Successfully Completed, Status, Successfully Completed, Status, Successfully Completed, Status, Successfully Completed, Status, Successfully Completed, Status, Successfully Completed, Status, Successfully Completed, Status, Successfully Completed, Status, Successfully Completed, Status, Successfully Completed, Status, Successfully Completed, Status, Successfully Completed, Status, Successfully Completed, Status, Successfully Completed, Status, Successfully Completed, Status, Successfully Completed, Status, Successfully Completed, Status, Successfully Completed, Status, Successfully Completed, Status, Successfully Completed, Status, Successfully Completed, Status, Successfully Completed, Status, Successfully Completed, Status, Successfully Completed, Status, Successfully Completed, Status, Successfully Completed, Status, Successfully Completed, Status, Successfully Completed, Status, Successfully Completed, Status, Successfully Completed, Status, Successfully Completed, Status, Successfully Completed, Status, Successfully Completed, Status, Successfully Completed, Status, Successfully Completed, Status]
[neelback4more@gmail.com, Subho1991*, Status, Successfully Completed, Status, Successfully Completed, Status, Successfully Completed, Status, Successfully Completed, Status, Successfully Completed, Status, Successfully Completed, Status, Successfully Completed, Status, Successfully Completed, Status, Successfully Completed, Status, Successfully Completed, Status, Successfully Completed, Status, Successfully Completed, Status, Successfully Completed, Status, Successfully Completed, Status, Successfully Completed, Status, Successfully Completed, Status, Successfully Completed, Status, Successfully Completed, Status, Successfully Completed, Status, Successfully Completed, Status, Successfully Completed, Status, Successfully Completed, Status, Successfully Completed, Status, Successfully Completed, Status, Successfully Completed, Status, Successfully Completed, Status, Successfully Completed, Status, Successfully Completed, Status, Successfully Completed, Status, Successfully Completed, Status, Successfully Completed, Status, Successfully Completed, Status, Successfully Completed, Status, Successfully Completed, Status, Successfully Completed, Status, Successfully Completed, Status, Successfully Completed, Status, Successfully Completed, Status, Successfully Completed, Status, Successfully Completed, Status, Successfully Completed, Status, Successfully Completed, Status, Successfully Completed, Status, Successfully Completed, Status, Successfully Completed, Status, Successfully Completed, Status, Successfully Completed, Status, Successfully Completed, Status, Successfully Completed, Status, Successfully Completed, Status, Successfully Completed, Status, Successfully Completed, Status, Successfully Completed, Status, Successfully Completed, Status, Successfully Completed, Status, Successfully Completed, Status, Successfully Completed, Status, Successfully Completed, Status, Successfully Completed, Status, Successfully Completed, Status, Successfully Completed, Status, Successfully Completed, Status, Successfully Completed, Status, Successfully Completed, Status, Successfully Completed, Status, Successfully Completed, Status, Successfully Completed, Status, Successfully Completed, Status, Successfully Completed, Status, Successfully Completed, Status, Successfully Completed, Status, Successfully Completed, Status, Successfully Completed, Status, Successfully Completed, Status, Successfully Completed, Status, Successfully Completed, Status, Successfully Completed, Status, Successfully Completed, Status, Successfully Completed, Status, Successfully Completed, Status, Successfully Completed, Status, Successfully Completed, Status, Successfully Completed, Status, Successfully Completed, Status, Successfully Completed, Status, Successfully Completed, Status, Successfully Completed, Status, Successfully Completed, Status, Successfully Completed, Status, Successfully Completed, Status, Successfully Completed, Status, Successfully Completed, Status, Successfully Completed, Status, Successfully Completed, Status, Successfully Completed, Status, Successfully Completed, Status, Successfully Completed, Status, Successfully Completed, Status, Successfully Completed, Status, Successfully Completed, Status, Successfully Completed, Status, Successfully Completed, Status, Successfully Completed, Status, Successfully Completed, Status, Successfully Completed, Status, Successfully Completed, Status, Successfully Completed, Status, Successfully Completed, Status, Successfully Completed, Status, Successfully Completed, Status, Successfully Completed, Status, Successfully Completed, Status, Successfully Completed, Status, Successfully Completed, Status, Successfully Completed, Status, Successfully Completed, Status, Successfully Completed, Status, Successfully Completed, Status, Successfully Completed, Status, Successfully Completed, Status, Successfully Completed, Status, Successfully Completed, Status, Successfully Completed, Status, Successfully Completed, Status, Successfully Completed, Status, Successfully Completed, Status, Successfully Completed, Status, Successfully Completed, Status, Successfully Completed, Status, Successfully Completed, Status, Successfully Completed, Status, Successfully Completed, Status, Successfully Completed, Status, Successfully Completed, Status, Successfully Completed, Status, Successfully Completed, Status, Successfully Completed, Status, Successfully Completed, Status, Successfully Completed, Status, Successfully Completed, Status, Successfully Completed, Status, Successfully Completed, Status, Successfully Completed, Status, Successfully Completed, Status, Successfully Completed, Status, Successfully Completed, Status, Successfully Completed, Status, Successfully Completed, Status, Successfully Completed, Status, Successfully Completed, Status, Successfully Completed, Status, Successfully Completed, Status, Successfully Completed, Status, Successfully Completed, Status, Successfully Completed, Status, Successfully Completed, Status, Successfully Completed, Status, Successfully Completed, Status, Successfully Completed, Status, Successfully Completed, Status, Successfully Completed, Status, Successfully Completed, Status, Successfully Completed, Status, Successfully Completed, Status, Successfully Completed, Status, Successfully Completed, Status, Successfully Completed, Status, Successfully Completed, Status, Successfully Completed, Status, Successfully Completed, Status, Successfully Completed, Status, Successfully Completed, Status, Successfully Completed, Status, Successfully Completed, Status, Successfully Completed, Status, Successfully Completed, Status, Successfully Completed, Status, Successfully Completed, Status, Successfully Completed]
[neelback4more@gmail.com, Subho1991*, Status, Successfully Completed, Status, Successfully Completed, Status, Successfully Completed, Status, Successfully Completed, Status, Successfully Completed, Status, Successfully Completed, Status, Successfully Completed, Status, Successfully Completed, Status, Successfully Completed, Status, Successfully Completed, Status, Successfully Completed, Status, Successfully Completed, Status, Successfully Completed, Status, Successfully Completed, Status, Successfully Completed, Status, Successfully Completed, Status, Successfully Completed, Status, Successfully Completed, Status, Successfully Completed, Status, Successfully Completed, Status, Successfully Completed, Status, Successfully Completed, Status, Successfully Completed, Status, Successfully Completed, Status, Successfully Completed, Status, Successfully Completed, Status, Successfully Completed, Status, Successfully Completed, Status, Successfully Completed, Status, Successfully Completed, Status, Successfully Completed, Status, Successfully Completed, Status, Successfully Completed, Status, Successfully Completed, Status, Successfully Completed, Status, Successfully Completed, Status, Successfully Completed, Status, Successfully Completed, Status, Successfully Completed, Status, Successfully Completed, Status, Successfully Completed, Status, Successfully Completed, Status, Successfully Completed, Status, Successfully Completed, Status, Successfully Completed, Status, Successfully Completed, Status, Successfully Completed, Status, Successfully Completed, Status, Successfully Completed, Status, Successfully Completed, Status, Successfully Completed, Status, Successfully Completed, Status, Successfully Completed, Status, Successfully Completed, Status, Successfully Completed, Status, Successfully Completed, Status, Successfully Completed, Status, Successfully Completed, Status, Successfully Completed, Status, Successfully Completed, Status, Successfully Completed, Status, Successfully Completed, Status, Successfully Completed, Status, Successfully Completed, Status, Successfully Completed, Status, Successfully Completed, Status, Successfully Completed, Status, Successfully Completed, Status, Successfully Completed, Status, Successfully Completed, Status, Successfully Completed, Status, Successfully Completed, Status, Successfully Completed, Status, Successfully Completed, Status, Successfully Completed, Status, Successfully Completed, Status, Successfully Completed, Status, Successfully Completed, Status, Successfully Completed, Status, Successfully Completed, Status, Successfully Completed, Status, Successfully Completed, Status, Successfully Completed, Status, Successfully Completed, Status, Successfully Completed, Status, Successfully Completed, Status, Successfully Completed, Status, Successfully Completed, Status, Successfully Completed, Status, Successfully Completed, Status, Successfully Completed, Status, Successfully Completed, Status, Successfully Completed, Status, Successfully Completed, Status, Successfully Completed, Status, Successfully Completed, Status, Successfully Completed, Status, Successfully Completed, Status, Successfully Completed, Status, Successfully Completed, Status, Successfully Completed, Status, Successfully Completed, Status, Successfully Completed, Status, Successfully Completed, Status, Successfully Completed, Status, Successfully Completed, Status, Successfully Completed, Status, Successfully Completed, Status, Successfully Completed, Status, Successfully Completed, Status, Successfully Completed, Status, Successfully Completed, Status, Successfully Completed, Status, Successfully Completed, Status, Successfully Completed, Status, Successfully Completed, Status, Successfully Completed, Status, Successfully Completed, Status, Successfully Completed, Status, Successfully Completed, Status, Successfully Completed, Status, Successfully Completed, Status, Successfully Completed, Status, Successfully Completed, Status, Successfully Completed, Status, Successfully Completed, Status, Successfully Completed, Status, Successfully Completed, Status, Successfully Completed, Status, Successfully Completed, Status, Successfully Completed, Status, Successfully Completed, Status, Successfully Completed, Status, Successfully Completed, Status, Successfully Completed, Status, Successfully Completed, Status, Successfully Completed, Status, Successfully Completed, Status, Successfully Completed, Status, Successfully Completed, Status, Successfully Completed, Status, Successfully Completed, Status, Successfully Completed, Status, Successfully Completed, Status, Successfully Completed, Status, Successfully Completed, Status, Successfully Completed, Status, Successfully Completed, Status, Successfully Completed, Status, Successfully Completed, Status, Successfully Completed, Status, Successfully Completed, Status, Successfully Completed, Status, Successfully Completed, Status, Successfully Completed, Status, Successfully Completed, Status, Successfully Completed, Status, Successfully Completed, Status, Successfully Completed, Status, Successfully Completed, Status, Successfully Completed, Status, Successfully Completed, Status, Successfully Completed, Status, Successfully Completed, Status, Successfully Completed, Status, Successfully Completed, Status, Successfully Completed, Status, Successfully Completed, Status, Successfully Completed, Status, Successfully Completed, Status, Successfully Completed, Status, Successfully Completed, Status, Successfully Completed, Status, Successfully Completed, Status, Successfully Completed, Status, Successfully Completed, Status, Successfully Completed, Status, Successfully Completed, Status, Successfully Completed, Status]
[neelback4more@gmail.com, Subho1991*, Status, Successfully Completed, Status, Successfully Completed, Status, Successfully Completed, Status, Successfully Completed, Status, Successfully Completed, Status, Successfully Completed, Status, Successfully Completed, Status, Successfully Completed, Status, Successfully Completed, Status, Successfully Completed, Status, Successfully Completed, Status, Successfully Completed, Status, Successfully Completed, Status, Successfully Completed, Status, Successfully Completed, Status, Successfully Completed, Status, Successfully Completed, Status, Successfully Completed, Status, Successfully Completed, Status, Successfully Completed, Status, Successfully Completed, Status, Successfully Completed, Status, Successfully Completed, Status, Successfully Completed, Status, Successfully Completed, Status, Successfully Completed, Status, Successfully Completed, Status, Successfully Completed, Status, Successfully Completed, Status, Successfully Completed, Status, Successfully Completed, Status, Successfully Completed, Status, Successfully Completed, Status, Successfully Completed, Status, Successfully Completed, Status, Successfully Completed, Status, Successfully Completed, Status, Successfully Completed, Status, Successfully Completed, Status, Successfully Completed, Status, Successfully Completed, Status, Successfully Completed, Status, Successfully Completed, Status, Successfully Completed, Status, Successfully Completed, Status, Successfully Completed, Status, Successfully Completed, Status, Successfully Completed, Status, Successfully Completed, Status, Successfully Completed, Status, Successfully Completed, Status, Successfully Completed, Status, Successfully Completed, Status, Successfully Completed, Status, Successfully Completed, Status, Successfully Completed, Status, Successfully Completed, Status, Successfully Completed, Status, Successfully Completed, Status, Successfully Completed, Status, Successfully Completed, Status, Successfully Completed, Status, Successfully Completed, Status, Successfully Completed, Status, Successfully Completed, Status, Successfully Completed, Status, Successfully Completed, Status, Successfully Completed, Status, Successfully Completed, Status, Successfully Completed, Status, Successfully Completed, Status, Successfully Completed, Status, Successfully Completed, Status, Successfully Completed, Status, Successfully Completed, Status, Successfully Completed, Status, Successfully Completed, Status, Successfully Completed, Status, Successfully Completed, Status, Successfully Completed, Status, Successfully Completed, Status, Successfully Completed, Status, Successfully Completed, Status, Successfully Completed, Status, Successfully Completed, Status, Successfully Completed, Status, Successfully Completed, Status, Successfully Completed, Status, Successfully Completed, Status, Successfully Completed, Status, Successfully Completed, Status, Successfully Completed, Status, Successfully Completed, Status, Successfully Completed, Status, Successfully Completed, Status, Successfully Completed, Status, Successfully Completed, Status, Successfully Completed, Status, Successfully Completed, Status, Successfully Completed, Status, Successfully Completed, Status, Successfully Completed, Status, Successfully Completed, Status, Successfully Completed, Status, Successfully Completed, Status, Successfully Completed, Status, Successfully Completed, Status, Successfully Completed, Status, Successfully Completed, Status, Successfully Completed, Status, Successfully Completed, Status, Successfully Completed, Status, Successfully Completed, Status, Successfully Completed, Status, Successfully Completed, Status, Successfully Completed, Status, Successfully Completed, Status, Successfully Completed, Status, Successfully Completed, Status, Successfully Completed, Status, Successfully Completed, Status, Successfully Completed, Status, Successfully Completed, Status, Successfully Completed, Status, Successfully Completed, Status, Successfully Completed, Status, Successfully Completed, Status, Successfully Completed, Status, Successfully Completed, Status, Successfully Completed, Status, Successfully Completed, Status, Successfully Completed, Status, Successfully Completed, Status, Successfully Completed, Status, Successfully Completed, Status, Successfully Completed, Status, Successfully Completed, Status, Successfully Completed, Status, Successfully Completed, Status, Successfully Completed, Status, Successfully Completed, Status, Successfully Completed, Status, Successfully Completed, Status, Successfully Completed, Status, Successfully Completed, Status, Successfully Completed, Status, Successfully Completed, Status, Successfully Completed, Status, Successfully Completed, Status, Successfully Completed, Status, Successfully Completed, Status, Successfully Completed, Status, Successfully Completed, Status, Successfully Completed, Status, Successfully Completed, Status, Successfully Completed, Status, Successfully Completed, Status, Successfully Completed, Status, Successfully Completed, Status, Successfully Completed, Status, Successfully Completed, Status, Successfully Completed, Status, Successfully Completed, Status, Successfully Completed, Status, Successfully Completed, Status, Successfully Completed, Status, Successfully Completed, Status, Successfully Completed, Status, Successfully Completed, Status, Successfully Completed, Status, Successfully Completed, Status, Successfully Completed, Status, Successfully Completed, Status, Successfully Completed, Status, Successfully Completed, Status, Successfully Completed, Status, Successfully Completed, Status, Successfully Completed, Status, Successfully Completed, Status, Successfully Completed]
[neelback4more@gmail.com, Subho1991*, Status, Successfully Completed, Status, Successfully Completed, Status, Successfully Completed, Status, Successfully Completed, Status, Successfully Completed, Status, Successfully Completed, Status, Successfully Completed, Status, Successfully Completed, Status, Successfully Completed, Status, Successfully Completed, Status, Successfully Completed, Status, Successfully Completed, Status, Successfully Completed, Status, Successfully Completed, Status, Successfully Completed, Status, Successfully Completed, Status, Successfully Completed, Status, Successfully Completed, Status, Successfully Completed, Status, Successfully Completed, Status, Successfully Completed, Status, Successfully Completed, Status, Successfully Completed, Status, Successfully Completed, Status, Successfully Completed, Status, Successfully Completed, Status, Successfully Completed, Status, Successfully Completed, Status, Successfully Completed, Status, Successfully Completed, Status, Successfully Completed, Status, Successfully Completed, Status, Successfully Completed, Status, Successfully Completed, Status, Successfully Completed, Status, Successfully Completed, Status, Successfully Completed, Status, Successfully Completed, Status, Successfully Completed, Status, Successfully Completed, Status, Successfully Completed, Status, Successfully Completed, Status, Successfully Completed, Status, Successfully Completed, Status, Successfully Completed, Status, Successfully Completed, Status, Successfully Completed, Status, Successfully Completed, Status, Successfully Completed, Status, Successfully Completed, Status, Successfully Completed, Status, Successfully Completed, Status, Successfully Completed, Status, Successfully Completed, Status, Successfully Completed, Status, Successfully Completed, Status, Successfully Completed, Status, Successfully Completed, Status, Successfully Completed, Status, Successfully Completed, Status, Successfully Completed, Status, Successfully Completed, Status, Successfully Completed, Status, Successfully Completed, Status, Successfully Completed, Status, Successfully Completed, Status, Successfully Completed, Status, Successfully Completed, Status, Successfully Completed, Status, Successfully Completed, Status, Successfully Completed, Status, Successfully Completed, Status, Successfully Completed, Status, Successfully Completed, Status, Successfully Completed, Status, Successfully Completed, Status, Successfully Completed, Status, Successfully Completed, Status, Successfully Completed, Status, Successfully Completed, Status, Successfully Completed, Status, Successfully Completed, Status, Successfully Completed, Status, Successfully Completed, Status, Successfully Completed, Status, Successfully Completed, Status, Successfully Completed, Status, Successfully Completed, Status, Successfully Completed, Status, Successfully Completed, Status, Successfully Completed, Status, Successfully Completed, Status, Successfully Completed, Status, Successfully Completed, Status, Successfully Completed, Status, Successfully Completed, Status, Successfully Completed, Status, Successfully Completed, Status, Successfully Completed, Status, Successfully Completed, Status, Successfully Completed, Status, Successfully Completed, Status, Successfully Completed, Status, Successfully Completed, Status, Successfully Completed, Status, Successfully Completed, Status, Successfully Completed, Status, Successfully Completed, Status, Successfully Completed, Status, Successfully Completed, Status, Successfully Completed, Status, Successfully Completed, Status, Successfully Completed, Status, Successfully Completed, Status, Successfully Completed, Status, Successfully Completed, Status, Successfully Completed, Status, Successfully Completed, Status, Successfully Completed, Status, Successfully Completed, Status, Successfully Completed, Status, Successfully Completed, Status, Successfully Completed, Status, Successfully Completed, Status, Successfully Completed, Status, Successfully Completed, Status, Successfully Completed, Status, Successfully Completed, Status, Successfully Completed, Status, Successfully Completed, Status, Successfully Completed, Status, Successfully Completed, Status, Successfully Completed, Status, Successfully Completed, Status, Successfully Completed, Status, Successfully Completed, Status, Successfully Completed, Status, Successfully Completed, Status, Successfully Completed, Status, Successfully Completed, Status, Successfully Completed, Status, Successfully Completed, Status, Successfully Completed, Status, Successfully Completed, Status, Successfully Completed, Status, Successfully Completed, Status, Successfully Completed, Status, Successfully Completed, Status, Successfully Completed, Status, Successfully Completed, Status, Successfully Completed, Status, Successfully Completed, Status, Successfully Completed, Status, Successfully Completed, Status, Successfully Completed, Status, Successfully Completed, Status, Successfully Completed, Status, Successfully Completed, Status, Successfully Completed, Status, Successfully Completed, Status, Successfully Completed, Status, Successfully Completed, Status, Successfully Completed, Status, Successfully Completed, Status, Successfully Completed, Status, Successfully Completed, Status, Successfully Completed, Status, Successfully Completed, Status, Successfully Completed, Status, Successfully Completed, Status, Successfully Completed, Status, Successfully Completed, Status, Successfully Completed, Status, Successfully Completed, Status, Successfully Completed, Status, Successfully Completed, Status, Successfully Completed, Status, Successfully Completed, Status, Successfully Completed, Status, Successfully Completed, Status]
[neelback4more@gmail.com, Subho1991*, Status, Successfully Completed, Status, Successfully Completed, Status, Successfully Completed, Status, Successfully Completed, Status, Successfully Completed, Status, Successfully Completed, Status, Successfully Completed, Status, Successfully Completed, Status, Successfully Completed, Status, Successfully Completed, Status, Successfully Completed, Status, Successfully Completed, Status, Successfully Completed, Status, Successfully Completed, Status, Successfully Completed, Status, Successfully Completed, Status, Successfully Completed, Status, Successfully Completed, Status, Successfully Completed, Status, Successfully Completed, Status, Successfully Completed, Status, Successfully Completed, Status, Successfully Completed, Status, Successfully Completed, Status, Successfully Completed, Status, Successfully Completed, Status, Successfully Completed, Status, Successfully Completed, Status, Successfully Completed, Status, Successfully Completed, Status, Successfully Completed, Status, Successfully Completed, Status, Successfully Completed, Status, Successfully Completed, Status, Successfully Completed, Status, Successfully Completed, Status, Successfully Completed, Status, Successfully Completed, Status, Successfully Completed, Status, Successfully Completed, Status, Successfully Completed, Status, Successfully Completed, Status, Successfully Completed, Status, Successfully Completed, Status, Successfully Completed, Status, Successfully Completed, Status, Successfully Completed, Status, Successfully Completed, Status, Successfully Completed, Status, Successfully Completed, Status, Successfully Completed, Status, Successfully Completed, Status, Successfully Completed, Status, Successfully Completed, Status, Successfully Completed, Status, Successfully Completed, Status, Successfully Completed, Status, Successfully Completed, Status, Successfully Completed, Status, Successfully Completed, Status, Successfully Completed, Status, Successfully Completed, Status, Successfully Completed, Status, Successfully Completed, Status, Successfully Completed, Status, Successfully Completed, Status, Successfully Completed, Status, Successfully Completed, Status, Successfully Completed, Status, Successfully Completed, Status, Successfully Completed, Status, Successfully Completed, Status, Successfully Completed, Status, Successfully Completed, Status, Successfully Completed, Status, Successfully Completed, Status, Successfully Completed, Status, Successfully Completed, Status, Successfully Completed, Status, Successfully Completed, Status, Successfully Completed, Status, Successfully Completed, Status, Successfully Completed, Status, Successfully Completed, Status, Successfully Completed, Status, Successfully Completed, Status, Successfully Completed, Status, Successfully Completed, Status, Successfully Completed, Status, Successfully Completed, Status, Successfully Completed, Status, Successfully Completed, Status, Successfully Completed, Status, Successfully Completed, Status, Successfully Completed, Status, Successfully Completed, Status, Successfully Completed, Status, Successfully Completed, Status, Successfully Completed, Status, Successfully Completed, Status, Successfully Completed, Status, Successfully Completed, Status, Successfully Completed, Status, Successfully Completed, Status, Successfully Completed, Status, Successfully Completed, Status, Successfully Completed, Status, Successfully Completed, Status, Successfully Completed, Status, Successfully Completed, Status, Successfully Completed, Status, Successfully Completed, Status, Successfully Completed, Status, Successfully Completed, Status, Successfully Completed, Status, Successfully Completed, Status, Successfully Completed, Status, Successfully Completed, Status, Successfully Completed, Status, Successfully Completed, Status, Successfully Completed, Status, Successfully Completed, Status, Successfully Completed, Status, Successfully Completed, Status, Successfully Completed, Status, Successfully Completed, Status, Successfully Completed, Status, Successfully Completed, Status, Successfully Completed, Status, Successfully Completed, Status, Successfully Completed, Status, Successfully Completed, Status, Successfully Completed, Status, Successfully Completed, Status, Successfully Completed, Status, Successfully Completed, Status, Successfully Completed, Status, Successfully Completed, Status, Successfully Completed, Status, Successfully Completed, Status, Successfully Completed, Status, Successfully Completed, Status, Successfully Completed, Status, Successfully Completed, Status, Successfully Completed, Status, Successfully Completed, Status, Successfully Completed, Status, Successfully Completed, Status, Successfully Completed, Status, Successfully Completed, Status, Successfully Completed, Status, Successfully Completed, Status, Successfully Completed, Status, Successfully Completed, Status, Successfully Completed, Status, Successfully Completed, Status, Successfully Completed, Status, Successfully Completed, Status, Successfully Completed, Status, Successfully Completed, Status, Successfully Completed, Status, Successfully Completed, Status, Successfully Completed, Status, Successfully Completed, Status, Successfully Completed, Status, Successfully Completed, Status, Successfully Completed, Status, Successfully Completed, Status, Successfully Completed, Status, Successfully Completed, Status, Successfully Completed, Status, Successfully Completed, Status, Successfully Completed, Status, Successfully Completed, Status, Successfully Completed, Status, Successfully Completed, Status, Successfully Completed, Status, Successfully Completed, Status, Successfully Completed, Status, Successfully Completed, Status, Successfully Completed]
[neelback4more@gmail.com, Subho1991*, Status, Successfully Completed, Status, Successfully Completed, Status, Successfully Completed, Status, Successfully Completed, Status, Successfully Completed, Status, Successfully Completed, Status, Successfully Completed, Status, Successfully Completed, Status, Successfully Completed, Status, Successfully Completed, Status, Successfully Completed, Status, Successfully Completed, Status, Successfully Completed, Status, Successfully Completed, Status, Successfully Completed, Status, Successfully Completed, Status, Successfully Completed, Status, Successfully Completed, Status, Successfully Completed, Status, Successfully Completed, Status, Successfully Completed, Status, Successfully Completed, Status, Successfully Completed, Status, Successfully Completed, Status, Successfully Completed, Status, Successfully Completed, Status, Successfully Completed, Status, Successfully Completed, Status, Successfully Completed, Status, Successfully Completed, Status, Successfully Completed, Status, Successfully Completed, Status, Successfully Completed, Status, Successfully Completed, Status, Successfully Completed, Status, Successfully Completed, Status, Successfully Completed, Status, Successfully Completed, Status, Successfully Completed, Status, Successfully Completed, Status, Successfully Completed, Status, Successfully Completed, Status, Successfully Completed, Status, Successfully Completed, Status, Successfully Completed, Status, Successfully Completed, Status, Successfully Completed, Status, Successfully Completed, Status, Successfully Completed, Status, Successfully Completed, Status, Successfully Completed, Status, Successfully Completed, Status, Successfully Completed, Status, Successfully Completed, Status, Successfully Completed, Status, Successfully Completed, Status, Successfully Completed, Status, Successfully Completed, Status, Successfully Completed, Status, Successfully Completed, Status, Successfully Completed, Status, Successfully Completed, Status, Successfully Completed, Status, Successfully Completed, Status, Successfully Completed, Status, Successfully Completed, Status, Successfully Completed, Status, Successfully Completed, Status, Successfully Completed, Status, Successfully Completed, Status, Successfully Completed, Status, Successfully Completed, Status, Successfully Completed, Status, Successfully Completed, Status, Successfully Completed, Status, Successfully Completed, Status, Successfully Completed, Status, Successfully Completed, Status, Successfully Completed, Status, Successfully Completed, Status, Successfully Completed, Status, Successfully Completed, Status, Successfully Completed, Status, Successfully Completed, Status, Successfully Completed, Status, Successfully Completed, Status, Successfully Completed, Status, Successfully Completed, Status, Successfully Completed, Status, Successfully Completed, Status, Successfully Completed, Status, Successfully Completed, Status, Successfully Completed, Status, Successfully Completed, Status, Successfully Completed, Status, Successfully Completed, Status, Successfully Completed, Status, Successfully Completed, Status, Successfully Completed, Status, Successfully Completed, Status, Successfully Completed, Status, Successfully Completed, Status, Successfully Completed, Status, Successfully Completed, Status, Successfully Completed, Status, Successfully Completed, Status, Successfully Completed, Status, Successfully Completed, Status, Successfully Completed, Status, Successfully Completed, Status, Successfully Completed, Status, Successfully Completed, Status, Successfully Completed, Status, Successfully Completed, Status, Successfully Completed, Status, Successfully Completed, Status, Successfully Completed, Status, Successfully Completed, Status, Successfully Completed, Status, Successfully Completed, Status, Successfully Completed, Status, Successfully Completed, Status, Successfully Completed, Status, Successfully Completed, Status, Successfully Completed, Status, Successfully Completed, Status, Successfully Completed, Status, Successfully Completed, Status, Successfully Completed, Status, Successfully Completed, Status, Successfully Completed, Status, Successfully Completed, Status, Successfully Completed, Status, Successfully Completed, Status, Successfully Completed, Status, Successfully Completed, Status, Successfully Completed, Status, Successfully Completed, Status, Successfully Completed, Status, Successfully Completed, Status, Successfully Completed, Status, Successfully Completed, Status, Successfully Completed, Status, Successfully Completed, Status, Successfully Completed, Status, Successfully Completed, Status, Successfully Completed, Status, Successfully Completed, Status, Successfully Completed, Status, Successfully Completed, Status, Successfully Completed, Status, Successfully Completed, Status, Successfully Completed, Status, Successfully Completed, Status, Successfully Completed, Status, Successfully Completed, Status, Successfully Completed, Status, Successfully Completed, Status, Successfully Completed, Status, Successfully Completed, Status, Successfully Completed, Status, Successfully Completed, Status, Successfully Completed, Status, Successfully Completed, Status, Successfully Completed, Status, Successfully Completed, Status, Successfully Completed, Status, Successfully Completed, Status, Successfully Completed, Status, Successfully Completed, Status, Successfully Completed, Status, Successfully Completed, Status, Successfully Completed, Status, Successfully Completed, Status, Successfully Completed, Status, Successfully Completed, Status, Successfully Completed, Status, Successfully Completed, Status, Successfully Completed, Status, Successfully Completed, Status, Successfully Completed, Status]
[neelback4more@gmail.com, Subho1991*, Status, Successfully Completed, Status, Successfully Completed, Status, Successfully Completed, Status, Successfully Completed, Status, Successfully Completed, Status, Successfully Completed, Status, Successfully Completed, Status, Successfully Completed, Status, Successfully Completed, Status, Successfully Completed, Status, Successfully Completed, Status, Successfully Completed, Status, Successfully Completed, Status, Successfully Completed, Status, Successfully Completed, Status, Successfully Completed, Status, Successfully Completed, Status, Successfully Completed, Status, Successfully Completed, Status, Successfully Completed, Status, Successfully Completed, Status, Successfully Completed, Status, Successfully Completed, Status, Successfully Completed, Status, Successfully Completed, Status, Successfully Completed, Status, Successfully Completed, Status, Successfully Completed, Status, Successfully Completed, Status, Successfully Completed, Status, Successfully Completed, Status, Successfully Completed, Status, Successfully Completed, Status, Successfully Completed, Status, Successfully Completed, Status, Successfully Completed, Status, Successfully Completed, Status, Successfully Completed, Status, Successfully Completed, Status, Successfully Completed, Status, Successfully Completed, Status, Successfully Completed, Status, Successfully Completed, Status, Successfully Completed, Status, Successfully Completed, Status, Successfully Completed, Status, Successfully Completed, Status, Successfully Completed, Status, Successfully Completed, Status, Successfully Completed, Status, Successfully Completed, Status, Successfully Completed, Status, Successfully Completed, Status, Successfully Completed, Status, Successfully Completed, Status, Successfully Completed, Status, Successfully Completed, Status, Successfully Completed, Status, Successfully Completed, Status, Successfully Completed, Status, Successfully Completed, Status, Successfully Completed, Status, Successfully Completed, Status, Successfully Completed, Status, Successfully Completed, Status, Successfully Completed, Status, Successfully Completed, Status, Successfully Completed, Status, Successfully Completed, Status, Successfully Completed, Status, Successfully Completed, Status, Successfully Completed, Status, Successfully Completed, Status, Successfully Completed, Status, Successfully Completed, Status, Successfully Completed, Status, Successfully Completed, Status, Successfully Completed, Status, Successfully Completed, Status, Successfully Completed, Status, Successfully Completed, Status, Successfully Completed, Status, Successfully Completed, Status, Successfully Completed, Status, Successfully Completed, Status, Successfully Completed, Status, Successfully Completed, Status, Successfully Completed, Status, Successfully Completed, Status, Successfully Completed, Status, Successfully Completed, Status, Successfully Completed, Status, Successfully Completed, Status, Successfully Completed, Status, Successfully Completed, Status, Successfully Completed, Status, Successfully Completed, Status, Successfully Completed, Status, Successfully Completed, Status, Successfully Completed, Status, Successfully Completed, Status, Successfully Completed, Status, Successfully Completed, Status, Successfully Completed, Status, Successfully Completed, Status, Successfully Completed, Status, Successfully Completed, Status, Successfully Completed, Status, Successfully Completed, Status, Successfully Completed, Status, Successfully Completed, Status, Successfully Completed, Status, Successfully Completed, Status, Successfully Completed, Status, Successfully Completed, Status, Successfully Completed, Status, Successfully Completed, Status, Successfully Completed, Status, Successfully Completed, Status, Successfully Completed, Status, Successfully Completed, Status, Successfully Completed, Status, Successfully Completed, Status, Successfully Completed, Status, Successfully Completed, Status, Successfully Completed, Status, Successfully Completed, Status, Successfully Completed, Status, Successfully Completed, Status, Successfully Completed, Status, Successfully Completed, Status, Successfully Completed, Status, Successfully Completed, Status, Successfully Completed, Status, Successfully Completed, Status, Successfully Completed, Status, Successfully Completed, Status, Successfully Completed, Status, Successfully Completed, Status, Successfully Completed, Status, Successfully Completed, Status, Successfully Completed, Status, Successfully Completed, Status, Successfully Completed, Status, Successfully Completed, Status, Successfully Completed, Status, Successfully Completed, Status, Successfully Completed, Status, Successfully Completed, Status, Successfully Completed, Status, Successfully Completed, Status, Successfully Completed, Status, Successfully Completed, Status, Successfully Completed, Status, Successfully Completed, Status, Successfully Completed, Status, Successfully Completed, Status, Successfully Completed, Status, Successfully Completed, Status, Successfully Completed, Status, Successfully Completed, Status, Successfully Completed, Status, Successfully Completed, Status, Successfully Completed, Status, Successfully Completed, Status, Successfully Completed, Status, Successfully Completed, Status, Successfully Completed, Status, Successfully Completed, Status, Successfully Completed, Status, Successfully Completed, Status, Successfully Completed, Status, Successfully Completed, Status, Successfully Completed, Status, Successfully Completed, Status, Successfully Completed, Status, Successfully Completed, Status, Successfully Completed, Status, Successfully Completed, Status, Successfully Completed, Status, Successfully Completed, Status, Successfully Completed]
[neelback4more@gmail.com, Subho1991*, Status, Successfully Completed, Status, Successfully Completed, Status, Successfully Completed, Status, Successfully Completed, Status, Successfully Completed, Status, Successfully Completed, Status, Successfully Completed, Status, Successfully Completed, Status, Successfully Completed, Status, Successfully Completed, Status, Successfully Completed, Status, Successfully Completed, Status, Successfully Completed, Status, Successfully Completed, Status, Successfully Completed, Status, Successfully Completed, Status, Successfully Completed, Status, Successfully Completed, Status, Successfully Completed, Status, Successfully Completed, Status, Successfully Completed, Status, Successfully Completed, Status, Successfully Completed, Status, Successfully Completed, Status, Successfully Completed, Status, Successfully Completed, Status, Successfully Completed, Status, Successfully Completed, Status, Successfully Completed, Status, Successfully Completed, Status, Successfully Completed, Status, Successfully Completed, Status, Successfully Completed, Status, Successfully Completed, Status, Successfully Completed, Status, Successfully Completed, Status, Successfully Completed, Status, Successfully Completed, Status, Successfully Completed, Status, Successfully Completed, Status, Successfully Completed, Status, Successfully Completed, Status, Successfully Completed, Status, Successfully Completed, Status, Successfully Completed, Status, Successfully Completed, Status, Successfully Completed, Status, Successfully Completed, Status, Successfully Completed, Status, Successfully Completed, Status, Successfully Completed, Status, Successfully Completed, Status, Successfully Completed, Status, Successfully Completed, Status, Successfully Completed, Status, Successfully Completed, Status, Successfully Completed, Status, Successfully Completed, Status, Successfully Completed, Status, Successfully Completed, Status, Successfully Completed, Status, Successfully Completed, Status, Successfully Completed, Status, Successfully Completed, Status, Successfully Completed, Status, Successfully Completed, Status, Successfully Completed, Status, Successfully Completed, Status, Successfully Completed, Status, Successfully Completed, Status, Successfully Completed, Status, Successfully Completed, Status, Successfully Completed, Status, Successfully Completed, Status, Successfully Completed, Status, Successfully Completed, Status, Successfully Completed, Status, Successfully Completed, Status, Successfully Completed, Status, Successfully Completed, Status, Successfully Completed, Status, Successfully Completed, Status, Successfully Completed, Status, Successfully Completed, Status, Successfully Completed, Status, Successfully Completed, Status, Successfully Completed, Status, Successfully Completed, Status, Successfully Completed, Status, Successfully Completed, Status, Successfully Completed, Status, Successfully Completed, Status, Successfully Completed, Status, Successfully Completed, Status, Successfully Completed, Status, Successfully Completed, Status, Successfully Completed, Status, Successfully Completed, Status, Successfully Completed, Status, Successfully Completed, Status, Successfully Completed, Status, Successfully Completed, Status, Successfully Completed, Status, Successfully Completed, Status, Successfully Completed, Status, Successfully Completed, Status, Successfully Completed, Status, Successfully Completed, Status, Successfully Completed, Status, Successfully Completed, Status, Successfully Completed, Status, Successfully Completed, Status, Successfully Completed, Status, Successfully Completed, Status, Successfully Completed, Status, Successfully Completed, Status, Successfully Completed, Status, Successfully Completed, Status, Successfully Completed, Status, Successfully Completed, Status, Successfully Completed, Status, Successfully Completed, Status, Successfully Completed, Status, Successfully Completed, Status, Successfully Completed, Status, Successfully Completed, Status, Successfully Completed, Status, Successfully Completed, Status, Successfully Completed, Status, Successfully Completed, Status, Successfully Completed, Status, Successfully Completed, Status, Successfully Completed, Status, Successfully Completed, Status, Successfully Completed, Status, Successfully Completed, Status, Successfully Completed, Status, Successfully Completed, Status, Successfully Completed, Status, Successfully Completed, Status, Successfully Completed, Status, Successfully Completed, Status, Successfully Completed, Status, Successfully Completed, Status, Successfully Completed, Status, Successfully Completed, Status, Successfully Completed, Status, Successfully Completed, Status, Successfully Completed, Status, Successfully Completed, Status, Successfully Completed, Status, Successfully Completed, Status, Successfully Completed, Status, Successfully Completed, Status, Successfully Completed, Status, Successfully Completed, Status, Successfully Completed, Status, Successfully Completed, Status, Successfully Completed, Status, Successfully Completed, Status, Successfully Completed, Status, Successfully Completed, Status, Successfully Completed, Status, Successfully Completed, Status, Successfully Completed, Status, Successfully Completed, Status, Successfully Completed, Status, Successfully Completed, Status, Successfully Completed, Status, Successfully Completed, Status, Successfully Completed, Status, Successfully Completed, Status, Successfully Completed, Status, Successfully Completed, Status, Successfully Completed, Status, Successfully Completed, Status, Successfully Completed, Status, Successfully Completed, Status, Successfully Completed, Status, Successfully Completed, Status, Successfully Completed, Status, Successfully Completed, Status]
[neelback4more@gmail.com, Subho1991*, Status, Successfully Completed, Status, Successfully Completed, Status, Successfully Completed, Status, Successfully Completed, Status, Successfully Completed, Status, Successfully Completed, Status, Successfully Completed, Status, Successfully Completed, Status, Successfully Completed, Status, Successfully Completed, Status, Successfully Completed, Status, Successfully Completed, Status, Successfully Completed, Status, Successfully Completed, Status, Successfully Completed, Status, Successfully Completed, Status, Successfully Completed, Status, Successfully Completed, Status, Successfully Completed, Status, Successfully Completed, Status, Successfully Completed, Status, Successfully Completed, Status, Successfully Completed, Status, Successfully Completed, Status, Successfully Completed, Status, Successfully Completed, Status, Successfully Completed, Status, Successfully Completed, Status, Successfully Completed, Status, Successfully Completed, Status, Successfully Completed, Status, Successfully Completed, Status, Successfully Completed, Status, Successfully Completed, Status, Successfully Completed, Status, Successfully Completed, Status, Successfully Completed, Status, Successfully Completed, Status, Successfully Completed, Status, Successfully Completed, Status, Successfully Completed, Status, Successfully Completed, Status, Successfully Completed, Status, Successfully Completed, Status, Successfully Completed, Status, Successfully Completed, Status, Successfully Completed, Status, Successfully Completed, Status, Successfully Completed, Status, Successfully Completed, Status, Successfully Completed, Status, Successfully Completed, Status, Successfully Completed, Status, Successfully Completed, Status, Successfully Completed, Status, Successfully Completed, Status, Successfully Completed, Status, Successfully Completed, Status, Successfully Completed, Status, Successfully Completed, Status, Successfully Completed, Status, Successfully Completed, Status, Successfully Completed, Status, Successfully Completed, Status, Successfully Completed, Status, Successfully Completed, Status, Successfully Completed, Status, Successfully Completed, Status, Successfully Completed, Status, Successfully Completed, Status, Successfully Completed, Status, Successfully Completed, Status, Successfully Completed, Status, Successfully Completed, Status, Successfully Completed, Status, Successfully Completed, Status, Successfully Completed, Status, Successfully Completed, Status, Successfully Completed, Status, Successfully Completed, Status, Successfully Completed, Status, Successfully Completed, Status, Successfully Completed, Status, Successfully Completed, Status, Successfully Completed, Status, Successfully Completed, Status, Successfully Completed, Status, Successfully Completed, Status, Successfully Completed, Status, Successfully Completed, Status, Successfully Completed, Status, Successfully Completed, Status, Successfully Completed, Status, Successfully Completed, Status, Successfully Completed, Status, Successfully Completed, Status, Successfully Completed, Status, Successfully Completed, Status, Successfully Completed, Status, Successfully Completed, Status, Successfully Completed, Status, Successfully Completed, Status, Successfully Completed, Status, Successfully Completed, Status, Successfully Completed, Status, Successfully Completed, Status, Successfully Completed, Status, Successfully Completed, Status, Successfully Completed, Status, Successfully Completed, Status, Successfully Completed, Status, Successfully Completed, Status, Successfully Completed, Status, Successfully Completed, Status, Successfully Completed, Status, Successfully Completed, Status, Successfully Completed, Status, Successfully Completed, Status, Successfully Completed, Status, Successfully Completed, Status, Successfully Completed, Status, Successfully Completed, Status, Successfully Completed, Status, Successfully Completed, Status, Successfully Completed, Status, Successfully Completed, Status, Successfully Completed, Status, Successfully Completed, Status, Successfully Completed, Status, Successfully Completed, Status, Successfully Completed, Status, Successfully Completed, Status, Successfully Completed, Status, Successfully Completed, Status, Successfully Completed, Status, Successfully Completed, Status, Successfully Completed, Status, Successfully Completed, Status, Successfully Completed, Status, Successfully Completed, Status, Successfully Completed, Status, Successfully Completed, Status, Successfully Completed, Status, Successfully Completed, Status, Successfully Completed, Status, Successfully Completed, Status, Successfully Completed, Status, Successfully Completed, Status, Successfully Completed, Status, Successfully Completed, Status, Successfully Completed, Status, Successfully Completed, Status, Successfully Completed, Status, Successfully Completed, Status, Successfully Completed, Status, Successfully Completed, Status, Successfully Completed, Status, Successfully Completed, Status, Successfully Completed, Status, Successfully Completed, Status, Successfully Completed, Status, Successfully Completed, Status, Successfully Completed, Status, Successfully Completed, Status, Successfully Completed, Status, Successfully Completed, Status, Successfully Completed, Status, Successfully Completed, Status, Successfully Completed, Status, Successfully Completed, Status, Successfully Completed, Status, Successfully Completed, Status, Successfully Completed, Status, Successfully Completed, Status, Successfully Completed, Status, Successfully Completed, Status, Successfully Completed, Status, Successfully Completed, Status, Successfully Completed, Status, Successfully Completed, Status, Successfully Completed, Status, Successfully Completed, Status, Successfully Completed]
[neelback4more@gmail.com, Subho1991*, Status, Successfully Completed, Status, Successfully Completed, Status, Successfully Completed, Status, Successfully Completed, Status, Successfully Completed, Status, Successfully Completed, Status, Successfully Completed, Status, Successfully Completed, Status, Successfully Completed, Status, Successfully Completed, Status, Successfully Completed, Status, Successfully Completed, Status, Successfully Completed, Status, Successfully Completed, Status, Successfully Completed, Status, Successfully Completed, Status, Successfully Completed, Status, Successfully Completed, Status, Successfully Completed, Status, Successfully Completed, Status, Successfully Completed, Status, Successfully Completed, Status, Successfully Completed, Status, Successfully Completed, Status, Successfully Completed, Status, Successfully Completed, Status, Successfully Completed, Status, Successfully Completed, Status, Successfully Completed, Status, Successfully Completed, Status, Successfully Completed, Status, Successfully Completed, Status, Successfully Completed, Status, Successfully Completed, Status, Successfully Completed, Status, Successfully Completed, Status, Successfully Completed, Status, Successfully Completed, Status, Successfully Completed, Status, Successfully Completed, Status, Successfully Completed, Status, Successfully Completed, Status, Successfully Completed, Status, Successfully Completed, Status, Successfully Completed, Status, Successfully Completed, Status, Successfully Completed, Status, Successfully Completed, Status, Successfully Completed, Status, Successfully Completed, Status, Successfully Completed, Status, Successfully Completed, Status, Successfully Completed, Status, Successfully Completed, Status, Successfully Completed, Status, Successfully Completed, Status, Successfully Completed, Status, Successfully Completed, Status, Successfully Completed, Status, Successfully Completed, Status, Successfully Completed, Status, Successfully Completed, Status, Successfully Completed, Status, Successfully Completed, Status, Successfully Completed, Status, Successfully Completed, Status, Successfully Completed, Status, Successfully Completed, Status, Successfully Completed, Status, Successfully Completed, Status, Successfully Completed, Status, Successfully Completed, Status, Successfully Completed, Status, Successfully Completed, Status, Successfully Completed, Status, Successfully Completed, Status, Successfully Completed, Status, Successfully Completed, Status, Successfully Completed, Status, Successfully Completed, Status, Successfully Completed, Status, Successfully Completed, Status, Successfully Completed, Status, Successfully Completed, Status, Successfully Completed, Status, Successfully Completed, Status, Successfully Completed, Status, Successfully Completed, Status, Successfully Completed, Status, Successfully Completed, Status, Successfully Completed, Status, Successfully Completed, Status, Successfully Completed, Status, Successfully Completed, Status, Successfully Completed, Status, Successfully Completed, Status, Successfully Completed, Status, Successfully Completed, Status, Successfully Completed, Status, Successfully Completed, Status, Successfully Completed, Status, Successfully Completed, Status, Successfully Completed, Status, Successfully Completed, Status, Successfully Completed, Status, Successfully Completed, Status, Successfully Completed, Status, Successfully Completed, Status, Successfully Completed, Status, Successfully Completed, Status, Successfully Completed, Status, Successfully Completed, Status, Successfully Completed, Status, Successfully Completed, Status, Successfully Completed, Status, Successfully Completed, Status, Successfully Completed, Status, Successfully Completed, Status, Successfully Completed, Status, Successfully Completed, Status, Successfully Completed, Status, Successfully Completed, Status, Successfully Completed, Status, Successfully Completed, Status, Successfully Completed, Status, Successfully Completed, Status, Successfully Completed, Status, Successfully Completed, Status, Successfully Completed, Status, Successfully Completed, Status, Successfully Completed, Status, Successfully Completed, Status, Successfully Completed, Status, Successfully Completed, Status, Successfully Completed, Status, Successfully Completed, Status, Successfully Completed, Status, Successfully Completed, Status, Successfully Completed, Status, Successfully Completed, Status, Successfully Completed, Status, Successfully Completed, Status, Successfully Completed, Status, Successfully Completed, Status, Successfully Completed, Status, Successfully Completed, Status, Successfully Completed, Status, Successfully Completed, Status, Successfully Completed, Status, Successfully Completed, Status, Successfully Completed, Status, Successfully Completed, Status, Successfully Completed, Status, Successfully Completed, Status, Successfully Completed, Status, Successfully Completed, Status, Successfully Completed, Status, Successfully Completed, Status, Successfully Completed, Status, Successfully Completed, Status, Successfully Completed, Status, Successfully Completed, Status, Successfully Completed, Status, Successfully Completed, Status, Successfully Completed, Status, Successfully Completed, Status, Successfully Completed, Status, Successfully Completed, Status, Successfully Completed, Status, Successfully Completed, Status, Successfully Completed, Status, Successfully Completed, Status, Successfully Completed, Status, Successfully Completed, Status, Successfully Completed, Status, Successfully Completed, Status, Successfully Completed, Status, Successfully Completed, Status, Successfully Completed, Status, Successfully Completed, Status, Successfully Completed, Status, Successfully Completed, Status, Successfully Completed, Status]
[neelback4more@gmail.com, Subho1991*, Status, Successfully Completed, Status, Successfully Completed, Status, Successfully Completed, Status, Successfully Completed, Status, Successfully Completed, Status, Successfully Completed, Status, Successfully Completed, Status, Successfully Completed, Status, Successfully Completed, Status, Successfully Completed, Status, Successfully Completed, Status, Successfully Completed, Status, Successfully Completed, Status, Successfully Completed, Status, Successfully Completed, Status, Successfully Completed, Status, Successfully Completed, Status, Successfully Completed, Status, Successfully Completed, Status, Successfully Completed, Status, Successfully Completed, Status, Successfully Completed, Status, Successfully Completed, Status, Successfully Completed, Status, Successfully Completed, Status, Successfully Completed, Status, Successfully Completed, Status, Successfully Completed, Status, Successfully Completed, Status, Successfully Completed, Status, Successfully Completed, Status, Successfully Completed, Status, Successfully Completed, Status, Successfully Completed, Status, Successfully Completed, Status, Successfully Completed, Status, Successfully Completed, Status, Successfully Completed, Status, Successfully Completed, Status, Successfully Completed, Status, Successfully Completed, Status, Successfully Completed, Status, Successfully Completed, Status, Successfully Completed, Status, Successfully Completed, Status, Successfully Completed, Status, Successfully Completed, Status, Successfully Completed, Status, Successfully Completed, Status, Successfully Completed, Status, Successfully Completed, Status, Successfully Completed, Status, Successfully Completed, Status, Successfully Completed, Status, Successfully Completed, Status, Successfully Completed, Status, Successfully Completed, Status, Successfully Completed, Status, Successfully Completed, Status, Successfully Completed, Status, Successfully Completed, Status, Successfully Completed, Status, Successfully Completed, Status, Successfully Completed, Status, Successfully Completed, Status, Successfully Completed, Status, Successfully Completed, Status, Successfully Completed, Status, Successfully Completed, Status, Successfully Completed, Status, Successfully Completed, Status, Successfully Completed, Status, Successfully Completed, Status, Successfully Completed, Status, Successfully Completed, Status, Successfully Completed, Status, Successfully Completed, Status, Successfully Completed, Status, Successfully Completed, Status, Successfully Completed, Status, Successfully Completed, Status, Successfully Completed, Status, Successfully Completed, Status, Successfully Completed, Status, Successfully Completed, Status, Successfully Completed, Status, Successfully Completed, Status, Successfully Completed, Status, Successfully Completed, Status, Successfully Completed, Status, Successfully Completed, Status, Successfully Completed, Status, Successfully Completed, Status, Successfully Completed, Status, Successfully Completed, Status, Successfully Completed, Status, Successfully Completed, Status, Successfully Completed, Status, Successfully Completed, Status, Successfully Completed, Status, Successfully Completed, Status, Successfully Completed, Status, Successfully Completed, Status, Successfully Completed, Status, Successfully Completed, Status, Successfully Completed, Status, Successfully Completed, Status, Successfully Completed, Status, Successfully Completed, Status, Successfully Completed, Status, Successfully Completed, Status, Successfully Completed, Status, Successfully Completed, Status, Successfully Completed, Status, Successfully Completed, Status, Successfully Completed, Status, Successfully Completed, Status, Successfully Completed, Status, Successfully Completed, Status, Successfully Completed, Status, Successfully Completed, Status, Successfully Completed, Status, Successfully Completed, Status, Successfully Completed, Status, Successfully Completed, Status, Successfully Completed, Status, Successfully Completed, Status, Successfully Completed, Status, Successfully Completed, Status, Successfully Completed, Status, Successfully Completed, Status, Successfully Completed, Status, Successfully Completed, Status, Successfully Completed, Status, Successfully Completed, Status, Successfully Completed, Status, Successfully Completed, Status, Successfully Completed, Status, Successfully Completed, Status, Successfully Completed, Status, Successfully Completed, Status, Successfully Completed, Status, Successfully Completed, Status, Successfully Completed, Status, Successfully Completed, Status, Successfully Completed, Status, Successfully Completed, Status, Successfully Completed, Status, Successfully Completed, Status, Successfully Completed, Status, Successfully Completed, Status, Successfully Completed, Status, Successfully Completed, Status, Successfully Completed, Status, Successfully Completed, Status, Successfully Completed, Status, Successfully Completed, Status, Successfully Completed, Status, Successfully Completed, Status, Successfully Completed, Status, Successfully Completed, Status, Successfully Completed, Status, Successfully Completed, Status, Successfully Completed, Status, Successfully Completed, Status, Successfully Completed, Status, Successfully Completed, Status, Successfully Completed, Status, Successfully Completed, Status, Successfully Completed, Status, Successfully Completed, Status, Successfully Completed, Status, Successfully Completed, Status, Successfully Completed, Status, Successfully Completed, Status, Successfully Completed, Status, Successfully Completed, Status, Successfully Completed, Status, Successfully Completed, Status, Successfully Completed, Status, Successfully Completed, Status, Successfully Completed, Status, Successfully Completed, Status, Successfully Completed]
[neelback4more@gmail.com, Subho1991*, Status, Successfully Completed, Status, Successfully Completed, Status, Successfully Completed, Status, Successfully Completed, Status, Successfully Completed, Status, Successfully Completed, Status, Successfully Completed, Status, Successfully Completed, Status, Successfully Completed, Status, Successfully Completed, Status, Successfully Completed, Status, Successfully Completed, Status, Successfully Completed, Status, Successfully Completed, Status, Successfully Completed, Status, Successfully Completed, Status, Successfully Completed, Status, Successfully Completed, Status, Successfully Completed, Status, Successfully Completed, Status, Successfully Completed, Status, Successfully Completed, Status, Successfully Completed, Status, Successfully Completed, Status, Successfully Completed, Status, Successfully Completed, Status, Successfully Completed, Status, Successfully Completed, Status, Successfully Completed, Status, Successfully Completed, Status, Successfully Completed, Status, Successfully Completed, Status, Successfully Completed, Status, Successfully Completed, Status, Successfully Completed, Status, Successfully Completed, Status, Successfully Completed, Status, Successfully Completed, Status, Successfully Completed, Status, Successfully Completed, Status, Successfully Completed, Status, Successfully Completed, Status, Successfully Completed, Status, Successfully Completed, Status, Successfully Completed, Status, Successfully Completed, Status, Successfully Completed, Status, Successfully Completed, Status, Successfully Completed, Status, Successfully Completed, Status, Successfully Completed, Status, Successfully Completed, Status, Successfully Completed, Status, Successfully Completed, Status, Successfully Completed, Status, Successfully Completed, Status, Successfully Completed, Status, Successfully Completed, Status, Successfully Completed, Status, Successfully Completed, Status, Successfully Completed, Status, Successfully Completed, Status, Successfully Completed, Status, Successfully Completed, Status, Successfully Completed, Status, Successfully Completed, Status, Successfully Completed, Status, Successfully Completed, Status, Successfully Completed, Status, Successfully Completed, Status, Successfully Completed, Status, Successfully Completed, Status, Successfully Completed, Status, Successfully Completed, Status, Successfully Completed, Status, Successfully Completed, Status, Successfully Completed, Status, Successfully Completed, Status, Successfully Completed, Status, Successfully Completed, Status, Successfully Completed, Status, Successfully Completed, Status, Successfully Completed, Status, Successfully Completed, Status, Successfully Completed, Status, Successfully Completed, Status, Successfully Completed, Status, Successfully Completed, Status, Successfully Completed, Status, Successfully Completed, Status, Successfully Completed, Status, Successfully Completed, Status, Successfully Completed, Status, Successfully Completed, Status, Successfully Completed, Status, Successfully Completed, Status, Successfully Completed, Status, Successfully Completed, Status, Successfully Completed, Status, Successfully Completed, Status, Successfully Completed, Status, Successfully Completed, Status, Successfully Completed, Status, Successfully Completed, Status, Successfully Completed, Status, Successfully Completed, Status, Successfully Completed, Status, Successfully Completed, Status, Successfully Completed, Status, Successfully Completed, Status, Successfully Completed, Status, Successfully Completed, Status, Successfully Completed, Status, Successfully Completed, Status, Successfully Completed, Status, Successfully Completed, Status, Successfully Completed, Status, Successfully Completed, Status, Successfully Completed, Status, Successfully Completed, Status, Successfully Completed, Status, Successfully Completed, Status, Successfully Completed, Status, Successfully Completed, Status, Successfully Completed, Status, Successfully Completed, Status, Successfully Completed, Status, Successfully Completed, Status, Successfully Completed, Status, Successfully Completed, Status, Successfully Completed, Status, Successfully Completed, Status, Successfully Completed, Status, Successfully Completed, Status, Successfully Completed, Status, Successfully Completed, Status, Successfully Completed, Status, Successfully Completed, Status, Successfully Completed, Status, Successfully Completed, Status, Successfully Completed, Status, Successfully Completed, Status, Successfully Completed, Status, Successfully Completed, Status, Successfully Completed, Status, Successfully Completed, Status, Successfully Completed, Status, Successfully Completed, Status, Successfully Completed, Status, Successfully Completed, Status, Successfully Completed, Status, Successfully Completed, Status, Successfully Completed, Status, Successfully Completed, Status, Successfully Completed, Status, Successfully Completed, Status, Successfully Completed, Status, Successfully Completed, Status, Successfully Completed, Status, Successfully Completed, Status, Successfully Completed, Status, Successfully Completed, Status, Successfully Completed, Status, Successfully Completed, Status, Successfully Completed, Status, Successfully Completed, Status, Successfully Completed, Status, Successfully Completed, Status, Successfully Completed, Status, Successfully Completed, Status, Successfully Completed, Status, Successfully Completed, Status, Successfully Completed, Status, Successfully Completed, Status, Successfully Completed, Status, Successfully Completed, Status, Successfully Completed, Status, Successfully Completed, Status, Successfully Completed, Status, Successfully Completed, Status, Successfully Completed, Status, Successfully Completed, Status, Successfully Completed, Status, Successfully Completed, Status]
[neelback4more@gmail.com, Subho1991*, Status, Successfully Completed, Status, Successfully Completed, Status, Successfully Completed, Status, Successfully Completed, Status, Successfully Completed, Status, Successfully Completed, Status, Successfully Completed, Status, Successfully Completed, Status, Successfully Completed, Status, Successfully Completed, Status, Successfully Completed, Status, Successfully Completed, Status, Successfully Completed, Status, Successfully Completed, Status, Successfully Completed, Status, Successfully Completed, Status, Successfully Completed, Status, Successfully Completed, Status, Successfully Completed, Status, Successfully Completed, Status, Successfully Completed, Status, Successfully Completed, Status, Successfully Completed, Status, Successfully Completed, Status, Successfully Completed, Status, Successfully Completed, Status, Successfully Completed, Status, Successfully Completed, Status, Successfully Completed, Status, Successfully Completed, Status, Successfully Completed, Status, Successfully Completed, Status, Successfully Completed, Status, Successfully Completed, Status, Successfully Completed, Status, Successfully Completed, Status, Successfully Completed, Status, Successfully Completed, Status, Successfully Completed, Status, Successfully Completed, Status, Successfully Completed, Status, Successfully Completed, Status, Successfully Completed, Status, Successfully Completed, Status, Successfully Completed, Status, Successfully Completed, Status, Successfully Completed, Status, Successfully Completed, Status, Successfully Completed, Status, Successfully Completed, Status, Successfully Completed, Status, Successfully Completed, Status, Successfully Completed, Status, Successfully Completed, Status, Successfully Completed, Status, Successfully Completed, Status, Successfully Completed, Status, Successfully Completed, Status, Successfully Completed, Status, Successfully Completed, Status, Successfully Completed, Status, Successfully Completed, Status, Successfully Completed, Status, Successfully Completed, Status, Successfully Completed, Status, Successfully Completed, Status, Successfully Completed, Status, Successfully Completed, Status, Successfully Completed, Status, Successfully Completed, Status, Successfully Completed, Status, Successfully Completed, Status, Successfully Completed, Status, Successfully Completed, Status, Successfully Completed, Status, Successfully Completed, Status, Successfully Completed, Status, Successfully Completed, Status, Successfully Completed, Status, Successfully Completed, Status, Successfully Completed, Status, Successfully Completed, Status, Successfully Completed, Status, Successfully Completed, Status, Successfully Completed, Status, Successfully Completed, Status, Successfully Completed, Status, Successfully Completed, Status, Successfully Completed, Status, Successfully Completed, Status, Successfully Completed, Status, Successfully Completed, Status, Successfully Completed, Status, Successfully Completed, Status, Successfully Completed, Status, Successfully Completed, Status, Successfully Completed, Status, Successfully Completed, Status, Successfully Completed, Status, Successfully Completed, Status, Successfully Completed, Status, Successfully Completed, Status, Successfully Completed, Status, Successfully Completed, Status, Successfully Completed, Status, Successfully Completed, Status, Successfully Completed, Status, Successfully Completed, Status, Successfully Completed, Status, Successfully Completed, Status, Successfully Completed, Status, Successfully Completed, Status, Successfully Completed, Status, Successfully Completed, Status, Successfully Completed, Status, Successfully Completed, Status, Successfully Completed, Status, Successfully Completed, Status, Successfully Completed, Status, Successfully Completed, Status, Successfully Completed, Status, Successfully Completed, Status, Successfully Completed, Status, Successfully Completed, Status, Successfully Completed, Status, Successfully Completed, Status, Successfully Completed, Status, Successfully Completed, Status, Successfully Completed, Status, Successfully Completed, Status, Successfully Completed, Status, Successfully Completed, Status, Successfully Completed, Status, Successfully Completed, Status, Successfully Completed, Status, Successfully Completed, Status, Successfully Completed, Status, Successfully Completed, Status, Successfully Completed, Status, Successfully Completed, Status, Successfully Completed, Status, Successfully Completed, Status, Successfully Completed, Status, Successfully Completed, Status, Successfully Completed, Status, Successfully Completed, Status, Successfully Completed, Status, Successfully Completed, Status, Successfully Completed, Status, Successfully Completed, Status, Successfully Completed, Status, Successfully Completed, Status, Successfully Completed, Status, Successfully Completed, Status, Successfully Completed, Status, Successfully Completed, Status, Successfully Completed, Status, Successfully Completed, Status, Successfully Completed, Status, Successfully Completed, Status, Successfully Completed, Status, Successfully Completed, Status, Successfully Completed, Status, Successfully Completed, Status, Successfully Completed, Status, Successfully Completed, Status, Successfully Completed, Status, Successfully Completed, Status, Successfully Completed, Status, Successfully Completed, Status, Successfully Completed, Status, Successfully Completed, Status, Successfully Completed, Status, Successfully Completed, Status, Successfully Completed, Status, Successfully Completed, Status, Successfully Completed, Status, Successfully Completed, Status, Successfully Completed, Status, Successfully Completed, Status, Successfully Completed, Status, Successfully Completed, Status, Successfully Completed, Status, Successfully Completed, Status, Successfully Completed]
[neelback4more@gmail.com, Subho1991*, Status, Successfully Completed, Status, Successfully Completed, Status, Successfully Completed, Status, Successfully Completed, Status, Successfully Completed, Status, Successfully Completed, Status, Successfully Completed, Status, Successfully Completed, Status, Successfully Completed, Status, Successfully Completed, Status, Successfully Completed, Status, Successfully Completed, Status, Successfully Completed, Status, Successfully Completed, Status, Successfully Completed, Status, Successfully Completed, Status, Successfully Completed, Status, Successfully Completed, Status, Successfully Completed, Status, Successfully Completed, Status, Successfully Completed, Status, Successfully Completed, Status, Successfully Completed, Status, Successfully Completed, Status, Successfully Completed, Status, Successfully Completed, Status, Successfully Completed, Status, Successfully Completed, Status, Successfully Completed, Status, Successfully Completed, Status, Successfully Completed, Status, Successfully Completed, Status, Successfully Completed, Status, Successfully Completed, Status, Successfully Completed, Status, Successfully Completed, Status, Successfully Completed, Status, Successfully Completed, Status, Successfully Completed, Status, Successfully Completed, Status, Successfully Completed, Status, Successfully Completed, Status, Successfully Completed, Status, Successfully Completed, Status, Successfully Completed, Status, Successfully Completed, Status, Successfully Completed, Status, Successfully Completed, Status, Successfully Completed, Status, Successfully Completed, Status, Successfully Completed, Status, Successfully Completed, Status, Successfully Completed, Status, Successfully Completed, Status, Successfully Completed, Status, Successfully Completed, Status, Successfully Completed, Status, Successfully Completed, Status, Successfully Completed, Status, Successfully Completed, Status, Successfully Completed, Status, Successfully Completed, Status, Successfully Completed, Status, Successfully Completed, Status, Successfully Completed, Status, Successfully Completed, Status, Successfully Completed, Status, Successfully Completed, Status, Successfully Completed, Status, Successfully Completed, Status, Successfully Completed, Status, Successfully Completed, Status, Successfully Completed, Status, Successfully Completed, Status, Successfully Completed, Status, Successfully Completed, Status, Successfully Completed, Status, Successfully Completed, Status, Successfully Completed, Status, Successfully Completed, Status, Successfully Completed, Status, Successfully Completed, Status, Successfully Completed, Status, Successfully Completed, Status, Successfully Completed, Status, Successfully Completed, Status, Successfully Completed, Status, Successfully Completed, Status, Successfully Completed, Status, Successfully Completed, Status, Successfully Completed, Status, Successfully Completed, Status, Successfully Completed, Status, Successfully Completed, Status, Successfully Completed, Status, Successfully Completed, Status, Successfully Completed, Status, Successfully Completed, Status, Successfully Completed, Status, Successfully Completed, Status, Successfully Completed, Status, Successfully Completed, Status, Successfully Completed, Status, Successfully Completed, Status, Successfully Completed, Status, Successfully Completed, Status, Successfully Completed, Status, Successfully Completed, Status, Successfully Completed, Status, Successfully Completed, Status, Successfully Completed, Status, Successfully Completed, Status, Successfully Completed, Status, Successfully Completed, Status, Successfully Completed, Status, Successfully Completed, Status, Successfully Completed, Status, Successfully Completed, Status, Successfully Completed, Status, Successfully Completed, Status, Successfully Completed, Status, Successfully Completed, Status, Successfully Completed, Status, Successfully Completed, Status, Successfully Completed, Status, Successfully Completed, Status, Successfully Completed, Status, Successfully Completed, Status, Successfully Completed, Status, Successfully Completed, Status, Successfully Completed, Status, Successfully Completed, Status, Successfully Completed, Status, Successfully Completed, Status, Successfully Completed, Status, Successfully Completed, Status, Successfully Completed, Status, Successfully Completed, Status, Successfully Completed, Status, Successfully Completed, Status, Successfully Completed, Status, Successfully Completed, Status, Successfully Completed, Status, Successfully Completed, Status, Successfully Completed, Status, Successfully Completed, Status, Successfully Completed, Status, Successfully Completed, Status, Successfully Completed, Status, Successfully Completed, Status, Successfully Completed, Status, Successfully Completed, Status, Successfully Completed, Status, Successfully Completed, Status, Successfully Completed, Status, Successfully Completed, Status, Successfully Completed, Status, Successfully Completed, Status, Successfully Completed, Status, Successfully Completed, Status, Successfully Completed, Status, Successfully Completed, Status, Successfully Completed, Status, Successfully Completed, Status, Successfully Completed, Status, Successfully Completed, Status, Successfully Completed, Status, Successfully Completed, Status, Successfully Completed, Status, Successfully Completed, Status, Successfully Completed, Status, Successfully Completed, Status, Successfully Completed, Status, Successfully Completed, Status, Successfully Completed, Status, Successfully Completed, Status, Successfully Completed, Status, Successfully Completed, Status, Successfully Completed, Status, Successfully Completed, Status, Successfully Completed, Status, Successfully Completed, Status, Successfully Completed, Status, Successfully Completed, Status, Successfully Completed, Status]
[neelback4more@gmail.com, Subho1991*, Status, Successfully Completed, Status, Successfully Completed, Status, Successfully Completed, Status, Successfully Completed, Status, Successfully Completed, Status, Successfully Completed, Status, Successfully Completed, Status, Successfully Completed, Status, Successfully Completed, Status, Successfully Completed, Status, Successfully Completed, Status, Successfully Completed, Status, Successfully Completed, Status, Successfully Completed, Status, Successfully Completed, Status, Successfully Completed, Status, Successfully Completed, Status, Successfully Completed, Status, Successfully Completed, Status, Successfully Completed, Status, Successfully Completed, Status, Successfully Completed, Status, Successfully Completed, Status, Successfully Completed, Status, Successfully Completed, Status, Successfully Completed, Status, Successfully Completed, Status, Successfully Completed, Status, Successfully Completed, Status, Successfully Completed, Status, Successfully Completed, Status, Successfully Completed, Status, Successfully Completed, Status, Successfully Completed, Status, Successfully Completed, Status, Successfully Completed, Status, Successfully Completed, Status, Successfully Completed, Status, Successfully Completed, Status, Successfully Completed, Status, Successfully Completed, Status, Successfully Completed, Status, Successfully Completed, Status, Successfully Completed, Status, Successfully Completed, Status, Successfully Completed, Status, Successfully Completed, Status, Successfully Completed, Status, Successfully Completed, Status, Successfully Completed, Status, Successfully Completed, Status, Successfully Completed, Status, Successfully Completed, Status, Successfully Completed, Status, Successfully Completed, Status, Successfully Completed, Status, Successfully Completed, Status, Successfully Completed, Status, Successfully Completed, Status, Successfully Completed, Status, Successfully Completed, Status, Successfully Completed, Status, Successfully Completed, Status, Successfully Completed, Status, Successfully Completed, Status, Successfully Completed, Status, Successfully Completed, Status, Successfully Completed, Status, Successfully Completed, Status, Successfully Completed, Status, Successfully Completed, Status, Successfully Completed, Status, Successfully Completed, Status, Successfully Completed, Status, Successfully Completed, Status, Successfully Completed, Status, Successfully Completed, Status, Successfully Completed, Status, Successfully Completed, Status, Successfully Completed, Status, Successfully Completed, Status, Successfully Completed, Status, Successfully Completed, Status, Successfully Completed, Status, Successfully Completed, Status, Successfully Completed, Status, Successfully Completed, Status, Successfully Completed, Status, Successfully Completed, Status, Successfully Completed, Status, Successfully Completed, Status, Successfully Completed, Status, Successfully Completed, Status, Successfully Completed, Status, Successfully Completed, Status, Successfully Completed, Status, Successfully Completed, Status, Successfully Completed, Status, Successfully Completed, Status, Successfully Completed, Status, Successfully Completed, Status, Successfully Completed, Status, Successfully Completed, Status, Successfully Completed, Status, Successfully Completed, Status, Successfully Completed, Status, Successfully Completed, Status, Successfully Completed, Status, Successfully Completed, Status, Successfully Completed, Status, Successfully Completed, Status, Successfully Completed, Status, Successfully Completed, Status, Successfully Completed, Status, Successfully Completed, Status, Successfully Completed, Status, Successfully Completed, Status, Successfully Completed, Status, Successfully Completed, Status, Successfully Completed, Status, Successfully Completed, Status, Successfully Completed, Status, Successfully Completed, Status, Successfully Completed, Status, Successfully Completed, Status, Successfully Completed, Status, Successfully Completed, Status, Successfully Completed, Status, Successfully Completed, Status, Successfully Completed, Status, Successfully Completed, Status, Successfully Completed, Status, Successfully Completed, Status, Successfully Completed, Status, Successfully Completed, Status, Successfully Completed, Status, Successfully Completed, Status, Successfully Completed, Status, Successfully Completed, Status, Successfully Completed, Status, Successfully Completed, Status, Successfully Completed, Status, Successfully Completed, Status, Successfully Completed, Status, Successfully Completed, Status, Successfully Completed, Status, Successfully Completed, Status, Successfully Completed, Status, Successfully Completed, Status, Successfully Completed, Status, Successfully Completed, Status, Successfully Completed, Status, Successfully Completed, Status, Successfully Completed, Status, Successfully Completed, Status, Successfully Completed, Status, Successfully Completed, Status, Successfully Completed, Status, Successfully Completed, Status, Successfully Completed, Status, Successfully Completed, Status, Successfully Completed, Status, Successfully Completed, Status, Successfully Completed, Status, Successfully Completed, Status, Successfully Completed, Status, Successfully Completed, Status, Successfully Completed, Status, Successfully Completed, Status, Successfully Completed, Status, Successfully Completed, Status, Successfully Completed, Status, Successfully Completed, Status, Successfully Completed, Status, Successfully Completed, Status, Successfully Completed, Status, Successfully Completed, Status, Successfully Completed, Status, Successfully Completed, Status, Successfully Completed, Status, Successfully Completed, Status, Successfully Completed, Status, Successfully Completed, Status, Successfully Completed, Status, Successfully Completed, Status, Successfully Completed]
[neelback4more@gmail.com, Subho1991*, Status, Successfully Completed, Status, Successfully Completed, Status, Successfully Completed, Status, Successfully Completed, Status, Successfully Completed, Status, Successfully Completed, Status, Successfully Completed, Status, Successfully Completed, Status, Successfully Completed, Status, Successfully Completed, Status, Successfully Completed, Status, Successfully Completed, Status, Successfully Completed, Status, Successfully Completed, Status, Successfully Completed, Status, Successfully Completed, Status, Successfully Completed, Status, Successfully Completed, Status, Successfully Completed, Status, Successfully Completed, Status, Successfully Completed, Status, Successfully Completed, Status, Successfully Completed, Status, Successfully Completed, Status, Successfully Completed, Status, Successfully Completed, Status, Successfully Completed, Status, Successfully Completed, Status, Successfully Completed, Status, Successfully Completed, Status, Successfully Completed, Status, Successfully Completed, Status, Successfully Completed, Status, Successfully Completed, Status, Successfully Completed, Status, Successfully Completed, Status, Successfully Completed, Status, Successfully Completed, Status, Successfully Completed, Status, Successfully Completed, Status, Successfully Completed, Status, Successfully Completed, Status, Successfully Completed, Status, Successfully Completed, Status, Successfully Completed, Status, Successfully Completed, Status, Successfully Completed, Status, Successfully Completed, Status, Successfully Completed, Status, Successfully Completed, Status, Successfully Completed, Status, Successfully Completed, Status, Successfully Completed, Status, Successfully Completed, Status, Successfully Completed, Status, Successfully Completed, Status, Successfully Completed, Status, Successfully Completed, Status, Successfully Completed, Status, Successfully Completed, Status, Successfully Completed, Status, Successfully Completed, Status, Successfully Completed, Status, Successfully Completed, Status, Successfully Completed, Status, Successfully Completed, Status, Successfully Completed, Status, Successfully Completed, Status, Successfully Completed, Status, Successfully Completed, Status, Successfully Completed, Status, Successfully Completed, Status, Successfully Completed, Status, Successfully Completed, Status, Successfully Completed, Status, Successfully Completed, Status, Successfully Completed, Status, Successfully Completed, Status, Successfully Completed, Status, Successfully Completed, Status, Successfully Completed, Status, Successfully Completed, Status, Successfully Completed, Status, Successfully Completed, Status, Successfully Completed, Status, Successfully Completed, Status, Successfully Completed, Status, Successfully Completed, Status, Successfully Completed, Status, Successfully Completed, Status, Successfully Completed, Status, Successfully Completed, Status, Successfully Completed, Status, Successfully Completed, Status, Successfully Completed, Status, Successfully Completed, Status, Successfully Completed, Status, Successfully Completed, Status, Successfully Completed, Status, Successfully Completed, Status, Successfully Completed, Status, Successfully Completed, Status, Successfully Completed, Status, Successfully Completed, Status, Successfully Completed, Status, Successfully Completed, Status, Successfully Completed, Status, Successfully Completed, Status, Successfully Completed, Status, Successfully Completed, Status, Successfully Completed, Status, Successfully Completed, Status, Successfully Completed, Status, Successfully Completed, Status, Successfully Completed, Status, Successfully Completed, Status, Successfully Completed, Status, Successfully Completed, Status, Successfully Completed, Status, Successfully Completed, Status, Successfully Completed, Status, Successfully Completed, Status, Successfully Completed, Status, Successfully Completed, Status, Successfully Completed, Status, Successfully Completed, Status, Successfully Completed, Status, Successfully Completed, Status, Successfully Completed, Status, Successfully Completed, Status, Successfully Completed, Status, Successfully Completed, Status, Successfully Completed, Status, Successfully Completed, Status, Successfully Completed, Status, Successfully Completed, Status, Successfully Completed, Status, Successfully Completed, Status, Successfully Completed, Status, Successfully Completed, Status, Successfully Completed, Status, Successfully Completed, Status, Successfully Completed, Status, Successfully Completed, Status, Successfully Completed, Status, Successfully Completed, Status, Successfully Completed, Status, Successfully Completed, Status, Successfully Completed, Status, Successfully Completed, Status, Successfully Completed, Status, Successfully Completed, Status, Successfully Completed, Status, Successfully Completed, Status, Successfully Completed, Status, Successfully Completed, Status, Successfully Completed, Status, Successfully Completed, Status, Successfully Completed, Status, Successfully Completed, Status, Successfully Completed, Status, Successfully Completed, Status, Successfully Completed, Status, Successfully Completed, Status, Successfully Completed, Status, Successfully Completed, Status, Successfully Completed, Status, Successfully Completed, Status, Successfully Completed, Status, Successfully Completed, Status, Successfully Completed, Status, Successfully Completed, Status, Successfully Completed, Status, Successfully Completed, Status, Successfully Completed, Status, Successfully Completed, Status, Successfully Completed, Status, Successfully Completed, Status, Successfully Completed, Status, Successfully Completed, Status, Successfully Completed, Status, Successfully Completed, Status, Successfully Completed, Status, Successfully Completed, Status, Successfully Completed, Status, Successfully Completed, Status]
[neelback4more@gmail.com, Subho1991*, Status, Successfully Completed, Status, Successfully Completed, Status, Successfully Completed, Status, Successfully Completed, Status, Successfully Completed, Status, Successfully Completed, Status, Successfully Completed, Status, Successfully Completed, Status, Successfully Completed, Status, Successfully Completed, Status, Successfully Completed, Status, Successfully Completed, Status, Successfully Completed, Status, Successfully Completed, Status, Successfully Completed, Status, Successfully Completed, Status, Successfully Completed, Status, Successfully Completed, Status, Successfully Completed, Status, Successfully Completed, Status, Successfully Completed, Status, Successfully Completed, Status, Successfully Completed, Status, Successfully Completed, Status, Successfully Completed, Status, Successfully Completed, Status, Successfully Completed, Status, Successfully Completed, Status, Successfully Completed, Status, Successfully Completed, Status, Successfully Completed, Status, Successfully Completed, Status, Successfully Completed, Status, Successfully Completed, Status, Successfully Completed, Status, Successfully Completed, Status, Successfully Completed, Status, Successfully Completed, Status, Successfully Completed, Status, Successfully Completed, Status, Successfully Completed, Status, Successfully Completed, Status, Successfully Completed, Status, Successfully Completed, Status, Successfully Completed, Status, Successfully Completed, Status, Successfully Completed, Status, Successfully Completed, Status, Successfully Completed, Status, Successfully Completed, Status, Successfully Completed, Status, Successfully Completed, Status, Successfully Completed, Status, Successfully Completed, Status, Successfully Completed, Status, Successfully Completed, Status, Successfully Completed, Status, Successfully Completed, Status, Successfully Completed, Status, Successfully Completed, Status, Successfully Completed, Status, Successfully Completed, Status, Successfully Completed, Status, Successfully Completed, Status, Successfully Completed, Status, Successfully Completed, Status, Successfully Completed, Status, Successfully Completed, Status, Successfully Completed, Status, Successfully Completed, Status, Successfully Completed, Status, Successfully Completed, Status, Successfully Completed, Status, Successfully Completed, Status, Successfully Completed, Status, Successfully Completed, Status, Successfully Completed, Status, Successfully Completed, Status, Successfully Completed, Status, Successfully Completed, Status, Successfully Completed, Status, Successfully Completed, Status, Successfully Completed, Status, Successfully Completed, Status, Successfully Completed, Status, Successfully Completed, Status, Successfully Completed, Status, Successfully Completed, Status, Successfully Completed, Status, Successfully Completed, Status, Successfully Completed, Status, Successfully Completed, Status, Successfully Completed, Status, Successfully Completed, Status, Successfully Completed, Status, Successfully Completed, Status, Successfully Completed, Status, Successfully Completed, Status, Successfully Completed, Status, Successfully Completed, Status, Successfully Completed, Status, Successfully Completed, Status, Successfully Completed, Status, Successfully Completed, Status, Successfully Completed, Status, Successfully Completed, Status, Successfully Completed, Status, Successfully Completed, Status, Successfully Completed, Status, Successfully Completed, Status, Successfully Completed, Status, Successfully Completed, Status, Successfully Completed, Status, Successfully Completed, Status, Successfully Completed, Status, Successfully Completed, Status, Successfully Completed, Status, Successfully Completed, Status, Successfully Completed, Status, Successfully Completed, Status, Successfully Completed, Status, Successfully Completed, Status, Successfully Completed, Status, Successfully Completed, Status, Successfully Completed, Status, Successfully Completed, Status, Successfully Completed, Status, Successfully Completed, Status, Successfully Completed, Status, Successfully Completed, Status, Successfully Completed, Status, Successfully Completed, Status, Successfully Completed, Status, Successfully Completed, Status, Successfully Completed, Status, Successfully Completed, Status, Successfully Completed, Status, Successfully Completed, Status, Successfully Completed, Status, Successfully Completed, Status, Successfully Completed, Status, Successfully Completed, Status, Successfully Completed, Status, Successfully Completed, Status, Successfully Completed, Status, Successfully Completed, Status, Successfully Completed, Status, Successfully Completed, Status, Successfully Completed, Status, Successfully Completed, Status, Successfully Completed, Status, Successfully Completed, Status, Successfully Completed, Status, Successfully Completed, Status, Successfully Completed, Status, Successfully Completed, Status, Successfully Completed, Status, Successfully Completed, Status, Successfully Completed, Status, Successfully Completed, Status, Successfully Completed, Status, Successfully Completed, Status, Successfully Completed, Status, Successfully Completed, Status, Successfully Completed, Status, Successfully Completed, Status, Successfully Completed, Status, Successfully Completed, Status, Successfully Completed, Status, Successfully Completed, Status, Successfully Completed, Status, Successfully Completed, Status, Successfully Completed, Status, Successfully Completed, Status, Successfully Completed, Status, Successfully Completed, Status, Successfully Completed, Status, Successfully Completed, Status, Successfully Completed, Status, Successfully Completed, Status, Successfully Completed, Status, Successfully Completed, Status, Successfully Completed, Status, Successfully Completed, Status, Successfully Completed, Status, Successfully Completed, Status, Successfully Completed]
[neelback4more@gmail.com, Subho1991*, Status, Successfully Completed, Status, Successfully Completed, Status, Successfully Completed, Status, Successfully Completed, Status, Successfully Completed, Status, Successfully Completed, Status, Successfully Completed, Status, Successfully Completed, Status, Successfully Completed, Status, Successfully Completed, Status, Successfully Completed, Status, Successfully Completed, Status, Successfully Completed, Status, Successfully Completed, Status, Successfully Completed, Status, Successfully Completed, Status, Successfully Completed, Status, Successfully Completed, Status, Successfully Completed, Status, Successfully Completed, Status, Successfully Completed, Status, Successfully Completed, Status, Successfully Completed, Status, Successfully Completed, Status, Successfully Completed, Status, Successfully Completed, Status, Successfully Completed, Status, Successfully Completed, Status, Successfully Completed, Status, Successfully Completed, Status, Successfully Completed, Status, Successfully Completed, Status, Successfully Completed, Status, Successfully Completed, Status, Successfully Completed, Status, Successfully Completed, Status, Successfully Completed, Status, Successfully Completed, Status, Successfully Completed, Status, Successfully Completed, Status, Successfully Completed, Status, Successfully Completed, Status, Successfully Completed, Status, Successfully Completed, Status, Successfully Completed, Status, Successfully Completed, Status, Successfully Completed, Status, Successfully Completed, Status, Successfully Completed, Status, Successfully Completed, Status, Successfully Completed, Status, Successfully Completed, Status, Successfully Completed, Status, Successfully Completed, Status, Successfully Completed, Status, Successfully Completed, Status, Successfully Completed, Status, Successfully Completed, Status, Successfully Completed, Status, Successfully Completed, Status, Successfully Completed, Status, Successfully Completed, Status, Successfully Completed, Status, Successfully Completed, Status, Successfully Completed, Status, Successfully Completed, Status, Successfully Completed, Status, Successfully Completed, Status, Successfully Completed, Status, Successfully Completed, Status, Successfully Completed, Status, Successfully Completed, Status, Successfully Completed, Status, Successfully Completed, Status, Successfully Completed, Status, Successfully Completed, Status, Successfully Completed, Status, Successfully Completed, Status, Successfully Completed, Status, Successfully Completed, Status, Successfully Completed, Status, Successfully Completed, Status, Successfully Completed, Status, Successfully Completed, Status, Successfully Completed, Status, Successfully Completed, Status, Successfully Completed, Status, Successfully Completed, Status, Successfully Completed, Status, Successfully Completed, Status, Successfully Completed, Status, Successfully Completed, Status, Successfully Completed, Status, Successfully Completed, Status, Successfully Completed, Status, Successfully Completed, Status, Successfully Completed, Status, Successfully Completed, Status, Successfully Completed, Status, Successfully Completed, Status, Successfully Completed, Status, Successfully Completed, Status, Successfully Completed, Status, Successfully Completed, Status, Successfully Completed, Status, Successfully Completed, Status, Successfully Completed, Status, Successfully Completed, Status, Successfully Completed, Status, Successfully Completed, Status, Successfully Completed, Status, Successfully Completed, Status, Successfully Completed, Status, Successfully Completed, Status, Successfully Completed, Status, Successfully Completed, Status, Successfully Completed, Status, Successfully Completed, Status, Successfully Completed, Status, Successfully Completed, Status, Successfully Completed, Status, Successfully Completed, Status, Successfully Completed, Status, Successfully Completed, Status, Successfully Completed, Status, Successfully Completed, Status, Successfully Completed, Status, Successfully Completed, Status, Successfully Completed, Status, Successfully Completed, Status, Successfully Completed, Status, Successfully Completed, Status, Successfully Completed, Status, Successfully Completed, Status, Successfully Completed, Status, Successfully Completed, Status, Successfully Completed, Status, Successfully Completed, Status, Successfully Completed, Status, Successfully Completed, Status, Successfully Completed, Status, Successfully Completed, Status, Successfully Completed, Status, Successfully Completed, Status, Successfully Completed, Status, Successfully Completed, Status, Successfully Completed, Status, Successfully Completed, Status, Successfully Completed, Status, Successfully Completed, Status, Successfully Completed, Status, Successfully Completed, Status, Successfully Completed, Status, Successfully Completed, Status, Successfully Completed, Status, Successfully Completed, Status, Successfully Completed, Status, Successfully Completed, Status, Successfully Completed, Status, Successfully Completed, Status, Successfully Completed, Status, Successfully Completed, Status, Successfully Completed, Status, Successfully Completed, Status, Successfully Completed, Status, Successfully Completed, Status, Successfully Completed, Status, Successfully Completed, Status, Successfully Completed, Status, Successfully Completed, Status, Successfully Completed, Status, Successfully Completed, Status, Successfully Completed, Status, Successfully Completed, Status, Successfully Completed, Status, Successfully Completed, Status, Successfully Completed, Status, Successfully Completed, Status, Successfully Completed, Status, Successfully Completed, Status, Successfully Completed, Status, Successfully Completed, Status, Successfully Completed, Status, Successfully Completed, Status, Successfully Completed, Status, Successfully Completed, Status, Successfully Completed, Status]
[neelback4more@gmail.com, Subho1991*, Status, Successfully Completed, Status, Successfully Completed, Status, Successfully Completed, Status, Successfully Completed, Status, Successfully Completed, Status, Successfully Completed, Status, Successfully Completed, Status, Successfully Completed, Status, Successfully Completed, Status, Successfully Completed, Status, Successfully Completed, Status, Successfully Completed, Status, Successfully Completed, Status, Successfully Completed, Status, Successfully Completed, Status, Successfully Completed, Status, Successfully Completed, Status, Successfully Completed, Status, Successfully Completed, Status, Successfully Completed, Status, Successfully Completed, Status, Successfully Completed, Status, Successfully Completed, Status, Successfully Completed, Status, Successfully Completed, Status, Successfully Completed, Status, Successfully Completed, Status, Successfully Completed, Status, Successfully Completed, Status, Successfully Completed, Status, Successfully Completed, Status, Successfully Completed, Status, Successfully Completed, Status, Successfully Completed, Status, Successfully Completed, Status, Successfully Completed, Status, Successfully Completed, Status, Successfully Completed, Status, Successfully Completed, Status, Successfully Completed, Status, Successfully Completed, Status, Successfully Completed, Status, Successfully Completed, Status, Successfully Completed, Status, Successfully Completed, Status, Successfully Completed, Status, Successfully Completed, Status, Successfully Completed, Status, Successfully Completed, Status, Successfully Completed, Status, Successfully Completed, Status, Successfully Completed, Status, Successfully Completed, Status, Successfully Completed, Status, Successfully Completed, Status, Successfully Completed, Status, Successfully Completed, Status, Successfully Completed, Status, Successfully Completed, Status, Successfully Completed, Status, Successfully Completed, Status, Successfully Completed, Status, Successfully Completed, Status, Successfully Completed, Status, Successfully Completed, Status, Successfully Completed, Status, Successfully Completed, Status, Successfully Completed, Status, Successfully Completed, Status, Successfully Completed, Status, Successfully Completed, Status, Successfully Completed, Status, Successfully Completed, Status, Successfully Completed, Status, Successfully Completed, Status, Successfully Completed, Status, Successfully Completed, Status, Successfully Completed, Status, Successfully Completed, Status, Successfully Completed, Status, Successfully Completed, Status, Successfully Completed, Status, Successfully Completed, Status, Successfully Completed, Status, Successfully Completed, Status, Successfully Completed, Status, Successfully Completed, Status, Successfully Completed, Status, Successfully Completed, Status, Successfully Completed, Status, Successfully Completed, Status, Successfully Completed, Status, Successfully Completed, Status, Successfully Completed, Status, Successfully Completed, Status, Successfully Completed, Status, Successfully Completed, Status, Successfully Completed, Status, Successfully Completed, Status, Successfully Completed, Status, Successfully Completed, Status, Successfully Completed, Status, Successfully Completed, Status, Successfully Completed, Status, Successfully Completed, Status, Successfully Completed, Status, Successfully Completed, Status, Successfully Completed, Status, Successfully Completed, Status, Successfully Completed, Status, Successfully Completed, Status, Successfully Completed, Status, Successfully Completed, Status, Successfully Completed, Status, Successfully Completed, Status, Successfully Completed, Status, Successfully Completed, Status, Successfully Completed, Status, Successfully Completed, Status, Successfully Completed, Status, Successfully Completed, Status, Successfully Completed, Status, Successfully Completed, Status, Successfully Completed, Status, Successfully Completed, Status, Successfully Completed, Status, Successfully Completed, Status, Successfully Completed, Status, Successfully Completed, Status, Successfully Completed, Status, Successfully Completed, Status, Successfully Completed, Status, Successfully Completed, Status, Successfully Completed, Status, Successfully Completed, Status, Successfully Completed, Status, Successfully Completed, Status, Successfully Completed, Status, Successfully Completed, Status, Successfully Completed, Status, Successfully Completed, Status, Successfully Completed, Status, Successfully Completed, Status, Successfully Completed, Status, Successfully Completed, Status, Successfully Completed, Status, Successfully Completed, Status, Successfully Completed, Status, Successfully Completed, Status, Successfully Completed, Status, Successfully Completed, Status, Successfully Completed, Status, Successfully Completed, Status, Successfully Completed, Status, Successfully Completed, Status, Successfully Completed, Status, Successfully Completed, Status, Successfully Completed, Status, Successfully Completed, Status, Successfully Completed, Status, Successfully Completed, Status, Successfully Completed, Status, Successfully Completed, Status, Successfully Completed, Status, Successfully Completed, Status, Successfully Completed, Status, Successfully Completed, Status, Successfully Completed, Status, Successfully Completed, Status, Successfully Completed, Status, Successfully Completed, Status, Successfully Completed, Status, Successfully Completed, Status, Successfully Completed, Status, Successfully Completed, Status, Successfully Completed, Status, Successfully Completed, Status, Successfully Completed, Status, Successfully Completed, Status, Successfully Completed, Status, Successfully Completed, Status, Successfully Completed, Status, Successfully Completed, Status, Successfully Completed, Status, Successfully Completed, Status, Successfully Completed, Status, Successfully Completed, Status, Successfully Completed]
[neelback4more@gmail.com, Subho1991*, Status, Successfully Completed, Status, Successfully Completed, Status, Successfully Completed, Status, Successfully Completed, Status, Successfully Completed, Status, Successfully Completed, Status, Successfully Completed, Status, Successfully Completed, Status, Successfully Completed, Status, Successfully Completed, Status, Successfully Completed, Status, Successfully Completed, Status, Successfully Completed, Status, Successfully Completed, Status, Successfully Completed, Status, Successfully Completed, Status, Successfully Completed, Status, Successfully Completed, Status, Successfully Completed, Status, Successfully Completed, Status, Successfully Completed, Status, Successfully Completed, Status, Successfully Completed, Status, Successfully Completed, Status, Successfully Completed, Status, Successfully Completed, Status, Successfully Completed, Status, Successfully Completed, Status, Successfully Completed, Status, Successfully Completed, Status, Successfully Completed, Status, Successfully Completed, Status, Successfully Completed, Status, Successfully Completed, Status, Successfully Completed, Status, Successfully Completed, Status, Successfully Completed, Status, Successfully Completed, Status, Successfully Completed, Status, Successfully Completed, Status, Successfully Completed, Status, Successfully Completed, Status, Successfully Completed, Status, Successfully Completed, Status, Successfully Completed, Status, Successfully Completed, Status, Successfully Completed, Status, Successfully Completed, Status, Successfully Completed, Status, Successfully Completed, Status, Successfully Completed, Status, Successfully Completed, Status, Successfully Completed, Status, Successfully Completed, Status, Successfully Completed, Status, Successfully Completed, Status, Successfully Completed, Status, Successfully Completed, Status, Successfully Completed, Status, Successfully Completed, Status, Successfully Completed, Status, Successfully Completed, Status, Successfully Completed, Status, Successfully Completed, Status, Successfully Completed, Status, Successfully Completed, Status, Successfully Completed, Status, Successfully Completed, Status, Successfully Completed, Status, Successfully Completed, Status, Successfully Completed, Status, Successfully Completed, Status, Successfully Completed, Status, Successfully Completed, Status, Successfully Completed, Status, Successfully Completed, Status, Successfully Completed, Status, Successfully Completed, Status, Successfully Completed, Status, Successfully Completed, Status, Successfully Completed, Status, Successfully Completed, Status, Successfully Completed, Status, Successfully Completed, Status, Successfully Completed, Status, Successfully Completed, Status, Successfully Completed, Status, Successfully Completed, Status, Successfully Completed, Status, Successfully Completed, Status, Successfully Completed, Status, Successfully Completed, Status, Successfully Completed, Status, Successfully Completed, Status, Successfully Completed, Status, Successfully Completed, Status, Successfully Completed, Status, Successfully Completed, Status, Successfully Completed, Status, Successfully Completed, Status, Successfully Completed, Status, Successfully Completed, Status, Successfully Completed, Status, Successfully Completed, Status, Successfully Completed, Status, Successfully Completed, Status, Successfully Completed, Status, Successfully Completed, Status, Successfully Completed, Status, Successfully Completed, Status, Successfully Completed, Status, Successfully Completed, Status, Successfully Completed, Status, Successfully Completed, Status, Successfully Completed, Status, Successfully Completed, Status, Successfully Completed, Status, Successfully Completed, Status, Successfully Completed, Status, Successfully Completed, Status, Successfully Completed, Status, Successfully Completed, Status, Successfully Completed, Status, Successfully Completed, Status, Successfully Completed, Status, Successfully Completed, Status, Successfully Completed, Status, Successfully Completed, Status, Successfully Completed, Status, Successfully Completed, Status, Successfully Completed, Status, Successfully Completed, Status, Successfully Completed, Status, Successfully Completed, Status, Successfully Completed, Status, Successfully Completed, Status, Successfully Completed, Status, Successfully Completed, Status, Successfully Completed, Status, Successfully Completed, Status, Successfully Completed, Status, Successfully Completed, Status, Successfully Completed, Status, Successfully Completed, Status, Successfully Completed, Status, Successfully Completed, Status, Successfully Completed, Status, Successfully Completed, Status, Successfully Completed, Status, Successfully Completed, Status, Successfully Completed, Status, Successfully Completed, Status, Successfully Completed, Status, Successfully Completed, Status, Successfully Completed, Status, Successfully Completed, Status, Successfully Completed, Status, Successfully Completed, Status, Successfully Completed, Status, Successfully Completed, Status, Successfully Completed, Status, Successfully Completed, Status, Successfully Completed, Status, Successfully Completed, Status, Successfully Completed, Status, Successfully Completed, Status, Successfully Completed, Status, Successfully Completed, Status, Successfully Completed, Status, Successfully Completed, Status, Successfully Completed, Status, Successfully Completed, Status, Successfully Completed, Status, Successfully Completed, Status, Successfully Completed, Status, Successfully Completed, Status, Successfully Completed, Status, Successfully Completed, Status, Successfully Completed, Status, Successfully Completed, Status, Successfully Completed, Status, Successfully Completed, Status, Successfully Completed, Status, Successfully Completed, Status, Successfully Completed, Status, Successfully Completed, Status, Successfully Completed, Status, Successfully Completed, Status]
[neelback4more@gmail.com, Subho1991*, Status, Successfully Completed, Status, Successfully Completed, Status, Successfully Completed, Status, Successfully Completed, Status, Successfully Completed, Status, Successfully Completed, Status, Successfully Completed, Status, Successfully Completed, Status, Successfully Completed, Status, Successfully Completed, Status, Successfully Completed, Status, Successfully Completed, Status, Successfully Completed, Status, Successfully Completed, Status, Successfully Completed, Status, Successfully Completed, Status, Successfully Completed, Status, Successfully Completed, Status, Successfully Completed, Status, Successfully Completed, Status, Successfully Completed, Status, Successfully Completed, Status, Successfully Completed, Status, Successfully Completed, Status, Successfully Completed, Status, Successfully Completed, Status, Successfully Completed, Status, Successfully Completed, Status, Successfully Completed, Status, Successfully Completed, Status, Successfully Completed, Status, Successfully Completed, Status, Successfully Completed, Status, Successfully Completed, Status, Successfully Completed, Status, Successfully Completed, Status, Successfully Completed, Status, Successfully Completed, Status, Successfully Completed, Status, Successfully Completed, Status, Successfully Completed, Status, Successfully Completed, Status, Successfully Completed, Status, Successfully Completed, Status, Successfully Completed, Status, Successfully Completed, Status, Successfully Completed, Status, Successfully Completed, Status, Successfully Completed, Status, Successfully Completed, Status, Successfully Completed, Status, Successfully Completed, Status, Successfully Completed, Status, Successfully Completed, Status, Successfully Completed, Status, Successfully Completed, Status, Successfully Completed, Status, Successfully Completed, Status, Successfully Completed, Status, Successfully Completed, Status, Successfully Completed, Status, Successfully Completed, Status, Successfully Completed, Status, Successfully Completed, Status, Successfully Completed, Status, Successfully Completed, Status, Successfully Completed, Status, Successfully Completed, Status, Successfully Completed, Status, Successfully Completed, Status, Successfully Completed, Status, Successfully Completed, Status, Successfully Completed, Status, Successfully Completed, Status, Successfully Completed, Status, Successfully Completed, Status, Successfully Completed, Status, Successfully Completed, Status, Successfully Completed, Status, Successfully Completed, Status, Successfully Completed, Status, Successfully Completed, Status, Successfully Completed, Status, Successfully Completed, Status, Successfully Completed, Status, Successfully Completed, Status, Successfully Completed, Status, Successfully Completed, Status, Successfully Completed, Status, Successfully Completed, Status, Successfully Completed, Status, Successfully Completed, Status, Successfully Completed, Status, Successfully Completed, Status, Successfully Completed, Status, Successfully Completed, Status, Successfully Completed, Status, Successfully Completed, Status, Successfully Completed, Status, Successfully Completed, Status, Successfully Completed, Status, Successfully Completed, Status, Successfully Completed, Status, Successfully Completed, Status, Successfully Completed, Status, Successfully Completed, Status, Successfully Completed, Status, Successfully Completed, Status, Successfully Completed, Status, Successfully Completed, Status, Successfully Completed, Status, Successfully Completed, Status, Successfully Completed, Status, Successfully Completed, Status, Successfully Completed, Status, Successfully Completed, Status, Successfully Completed, Status, Successfully Completed, Status, Successfully Completed, Status, Successfully Completed, Status, Successfully Completed, Status, Successfully Completed, Status, Successfully Completed, Status, Successfully Completed, Status, Successfully Completed, Status, Successfully Completed, Status, Successfully Completed, Status, Successfully Completed, Status, Successfully Completed, Status, Successfully Completed, Status, Successfully Completed, Status, Successfully Completed, Status, Successfully Completed, Status, Successfully Completed, Status, Successfully Completed, Status, Successfully Completed, Status, Successfully Completed, Status, Successfully Completed, Status, Successfully Completed, Status, Successfully Completed, Status, Successfully Completed, Status, Successfully Completed, Status, Successfully Completed, Status, Successfully Completed, Status, Successfully Completed, Status, Successfully Completed, Status, Successfully Completed, Status, Successfully Completed, Status, Successfully Completed, Status, Successfully Completed, Status, Successfully Completed, Status, Successfully Completed, Status, Successfully Completed, Status, Successfully Completed, Status, Successfully Completed, Status, Successfully Completed, Status, Successfully Completed, Status, Successfully Completed, Status, Successfully Completed, Status, Successfully Completed, Status, Successfully Completed, Status, Successfully Completed, Status, Successfully Completed, Status, Successfully Completed, Status, Successfully Completed, Status, Successfully Completed, Status, Successfully Completed, Status, Successfully Completed, Status, Successfully Completed, Status, Successfully Completed, Status, Successfully Completed, Status, Successfully Completed, Status, Successfully Completed, Status, Successfully Completed, Status, Successfully Completed, Status, Successfully Completed, Status, Successfully Completed, Status, Successfully Completed, Status, Successfully Completed, Status, Successfully Completed, Status, Successfully Completed, Status, Successfully Completed, Status, Successfully Completed, Status, Successfully Completed, Status, Successfully Completed, Status, Successfully Completed, Status, Successfully Completed, Status, Successfully Completed, Status, Successfully Completed]
[neelback4more@gmail.com, Subho1991*, Status, Successfully Completed, Status, Successfully Completed, Status, Successfully Completed, Status, Successfully Completed, Status, Successfully Completed, Status, Successfully Completed, Status, Successfully Completed, Status, Successfully Completed, Status, Successfully Completed, Status, Successfully Completed, Status, Successfully Completed, Status, Successfully Completed, Status, Successfully Completed, Status, Successfully Completed, Status, Successfully Completed, Status, Successfully Completed, Status, Successfully Completed, Status, Successfully Completed, Status, Successfully Completed, Status, Successfully Completed, Status, Successfully Completed, Status, Successfully Completed, Status, Successfully Completed, Status, Successfully Completed, Status, Successfully Completed, Status, Successfully Completed, Status, Successfully Completed, Status, Successfully Completed, Status, Successfully Completed, Status, Successfully Completed, Status, Successfully Completed, Status, Successfully Completed, Status, Successfully Completed, Status, Successfully Completed, Status, Successfully Completed, Status, Successfully Completed, Status, Successfully Completed, Status, Successfully Completed, Status, Successfully Completed, Status, Successfully Completed, Status, Successfully Completed, Status, Successfully Completed, Status, Successfully Completed, Status, Successfully Completed, Status, Successfully Completed, Status, Successfully Completed, Status, Successfully Completed, Status, Successfully Completed, Status, Successfully Completed, Status, Successfully Completed, Status, Successfully Completed, Status, Successfully Completed, Status, Successfully Completed, Status, Successfully Completed, Status, Successfully Completed, Status, Successfully Completed, Status, Successfully Completed, Status, Successfully Completed, Status, Successfully Completed, Status, Successfully Completed, Status, Successfully Completed, Status, Successfully Completed, Status, Successfully Completed, Status, Successfully Completed, Status, Successfully Completed, Status, Successfully Completed, Status, Successfully Completed, Status, Successfully Completed, Status, Successfully Completed, Status, Successfully Completed, Status, Successfully Completed, Status, Successfully Completed, Status, Successfully Completed, Status, Successfully Completed, Status, Successfully Completed, Status, Successfully Completed, Status, Successfully Completed, Status, Successfully Completed, Status, Successfully Completed, Status, Successfully Completed, Status, Successfully Completed, Status, Successfully Completed, Status, Successfully Completed, Status, Successfully Completed, Status, Successfully Completed, Status, Successfully Completed, Status, Successfully Completed, Status, Successfully Completed, Status, Successfully Completed, Status, Successfully Completed, Status, Successfully Completed, Status, Successfully Completed, Status, Successfully Completed, Status, Successfully Completed, Status, Successfully Completed, Status, Successfully Completed, Status, Successfully Completed, Status, Successfully Completed, Status, Successfully Completed, Status, Successfully Completed, Status, Successfully Completed, Status, Successfully Completed, Status, Successfully Completed, Status, Successfully Completed, Status, Successfully Completed, Status, Successfully Completed, Status, Successfully Completed, Status, Successfully Completed, Status, Successfully Completed, Status, Successfully Completed, Status, Successfully Completed, Status, Successfully Completed, Status, Successfully Completed, Status, Successfully Completed, Status, Successfully Completed, Status, Successfully Completed, Status, Successfully Completed, Status, Successfully Completed, Status, Successfully Completed, Status, Successfully Completed, Status, Successfully Completed, Status, Successfully Completed, Status, Successfully Completed, Status, Successfully Completed, Status, Successfully Completed, Status, Successfully Completed, Status, Successfully Completed, Status, Successfully Completed, Status, Successfully Completed, Status, Successfully Completed, Status, Successfully Completed, Status, Successfully Completed, Status, Successfully Completed, Status, Successfully Completed, Status, Successfully Completed, Status, Successfully Completed, Status, Successfully Completed, Status, Successfully Completed, Status, Successfully Completed, Status, Successfully Completed, Status, Successfully Completed, Status, Successfully Completed, Status, Successfully Completed, Status, Successfully Completed, Status, Successfully Completed, Status, Successfully Completed, Status, Successfully Completed, Status, Successfully Completed, Status, Successfully Completed, Status, Successfully Completed, Status, Successfully Completed, Status, Successfully Completed, Status, Successfully Completed, Status, Successfully Completed, Status, Successfully Completed, Status, Successfully Completed, Status, Successfully Completed, Status, Successfully Completed, Status, Successfully Completed, Status, Successfully Completed, Status, Successfully Completed, Status, Successfully Completed, Status, Successfully Completed, Status, Successfully Completed, Status, Successfully Completed, Status, Successfully Completed, Status, Successfully Completed, Status, Successfully Completed, Status, Successfully Completed, Status, Successfully Completed, Status, Successfully Completed, Status, Successfully Completed, Status, Successfully Completed, Status, Successfully Completed, Status, Successfully Completed, Status, Successfully Completed, Status, Successfully Completed, Status, Successfully Completed, Status, Successfully Completed, Status, Successfully Completed, Status, Successfully Completed, Status, Successfully Completed, Status, Successfully Completed, Status, Successfully Completed, Status, Successfully Completed, Status, Successfully Completed, Status, Successfully Completed, Status, Successfully Completed, Status, Successfully Completed, Status]
[neelback4more@gmail.com, Subho1991*, Status, Successfully Completed, Status, Successfully Completed, Status, Successfully Completed, Status, Successfully Completed, Status, Successfully Completed, Status, Successfully Completed, Status, Successfully Completed, Status, Successfully Completed, Status, Successfully Completed, Status, Successfully Completed, Status, Successfully Completed, Status, Successfully Completed, Status, Successfully Completed, Status, Successfully Completed, Status, Successfully Completed, Status, Successfully Completed, Status, Successfully Completed, Status, Successfully Completed, Status, Successfully Completed, Status, Successfully Completed, Status, Successfully Completed, Status, Successfully Completed, Status, Successfully Completed, Status, Successfully Completed, Status, Successfully Completed, Status, Successfully Completed, Status, Successfully Completed, Status, Successfully Completed, Status, Successfully Completed, Status, Successfully Completed, Status, Successfully Completed, Status, Successfully Completed, Status, Successfully Completed, Status, Successfully Completed, Status, Successfully Completed, Status, Successfully Completed, Status, Successfully Completed, Status, Successfully Completed, Status, Successfully Completed, Status, Successfully Completed, Status, Successfully Completed, Status, Successfully Completed, Status, Successfully Completed, Status, Successfully Completed, Status, Successfully Completed, Status, Successfully Completed, Status, Successfully Completed, Status, Successfully Completed, Status, Successfully Completed, Status, Successfully Completed, Status, Successfully Completed, Status, Successfully Completed, Status, Successfully Completed, Status, Successfully Completed, Status, Successfully Completed, Status, Successfully Completed, Status, Successfully Completed, Status, Successfully Completed, Status, Successfully Completed, Status, Successfully Completed, Status, Successfully Completed, Status, Successfully Completed, Status, Successfully Completed, Status, Successfully Completed, Status, Successfully Completed, Status, Successfully Completed, Status, Successfully Completed, Status, Successfully Completed, Status, Successfully Completed, Status, Successfully Completed, Status, Successfully Completed, Status, Successfully Completed, Status, Successfully Completed, Status, Successfully Completed, Status, Successfully Completed, Status, Successfully Completed, Status, Successfully Completed, Status, Successfully Completed, Status, Successfully Completed, Status, Successfully Completed, Status, Successfully Completed, Status, Successfully Completed, Status, Successfully Completed, Status, Successfully Completed, Status, Successfully Completed, Status, Successfully Completed, Status, Successfully Completed, Status, Successfully Completed, Status, Successfully Completed, Status, Successfully Completed, Status, Successfully Completed, Status, Successfully Completed, Status, Successfully Completed, Status, Successfully Completed, Status, Successfully Completed, Status, Successfully Completed, Status, Successfully Completed, Status, Successfully Completed, Status, Successfully Completed, Status, Successfully Completed, Status, Successfully Completed, Status, Successfully Completed, Status, Successfully Completed, Status, Successfully Completed, Status, Successfully Completed, Status, Successfully Completed, Status, Successfully Completed, Status, Successfully Completed, Status, Successfully Completed, Status, Successfully Completed, Status, Successfully Completed, Status, Successfully Completed, Status, Successfully Completed, Status, Successfully Completed, Status, Successfully Completed, Status, Successfully Completed, Status, Successfully Completed, Status, Successfully Completed, Status, Successfully Completed, Status, Successfully Completed, Status, Successfully Completed, Status, Successfully Completed, Status, Successfully Completed, Status, Successfully Completed, Status, Successfully Completed, Status, Successfully Completed, Status, Successfully Completed, Status, Successfully Completed, Status, Successfully Completed, Status, Successfully Completed, Status, Successfully Completed, Status, Successfully Completed, Status, Successfully Completed, Status, Successfully Completed, Status, Successfully Completed, Status, Successfully Completed, Status, Successfully Completed, Status, Successfully Completed, Status, Successfully Completed, Status, Successfully Completed, Status, Successfully Completed, Status, Successfully Completed, Status, Successfully Completed, Status, Successfully Completed, Status, Successfully Completed, Status, Successfully Completed, Status, Successfully Completed, Status, Successfully Completed, Status, Successfully Completed, Status, Successfully Completed, Status, Successfully Completed, Status, Successfully Completed, Status, Successfully Completed, Status, Successfully Completed, Status, Successfully Completed, Status, Successfully Completed, Status, Successfully Completed, Status, Successfully Completed, Status, Successfully Completed, Status, Successfully Completed, Status, Successfully Completed, Status, Successfully Completed, Status, Successfully Completed, Status, Successfully Completed, Status, Successfully Completed, Status, Successfully Completed, Status, Successfully Completed, Status, Successfully Completed, Status, Successfully Completed, Status, Successfully Completed, Status, Successfully Completed, Status, Successfully Completed, Status, Successfully Completed, Status, Successfully Completed, Status, Successfully Completed, Status, Successfully Completed, Status, Successfully Completed, Status, Successfully Completed, Status, Successfully Completed, Status, Successfully Completed, Status, Successfully Completed, Status, Successfully Completed, Status, Successfully Completed, Status, Successfully Completed, Status, Successfully Completed, Status, Successfully Completed, Status, Successfully Completed, Status, Successfully Completed, Status, Successfully Completed, Status, Successfully Completed]
[neelback4more@gmail.com, Subho1991*, Status, Successfully Completed, Status, Successfully Completed, Status, Successfully Completed, Status, Successfully Completed, Status, Successfully Completed, Status, Successfully Completed, Status, Successfully Completed, Status, Successfully Completed, Status, Successfully Completed, Status, Successfully Completed, Status, Successfully Completed, Status, Successfully Completed, Status, Successfully Completed, Status, Successfully Completed, Status, Successfully Completed, Status, Successfully Completed, Status, Successfully Completed, Status, Successfully Completed, Status, Successfully Completed, Status, Successfully Completed, Status, Successfully Completed, Status, Successfully Completed, Status, Successfully Completed, Status, Successfully Completed, Status, Successfully Completed, Status, Successfully Completed, Status, Successfully Completed, Status, Successfully Completed, Status, Successfully Completed, Status, Successfully Completed, Status, Successfully Completed, Status, Successfully Completed, Status, Successfully Completed, Status, Successfully Completed, Status, Successfully Completed, Status, Successfully Completed, Status, Successfully Completed, Status, Successfully Completed, Status, Successfully Completed, Status, Successfully Completed, Status, Successfully Completed, Status, Successfully Completed, Status, Successfully Completed, Status, Successfully Completed, Status, Successfully Completed, Status, Successfully Completed, Status, Successfully Completed, Status, Successfully Completed, Status, Successfully Completed, Status, Successfully Completed, Status, Successfully Completed, Status, Successfully Completed, Status, Successfully Completed, Status, Successfully Completed, Status, Successfully Completed, Status, Successfully Completed, Status, Successfully Completed, Status, Successfully Completed, Status, Successfully Completed, Status, Successfully Completed, Status, Successfully Completed, Status, Successfully Completed, Status, Successfully Completed, Status, Successfully Completed, Status, Successfully Completed, Status, Successfully Completed, Status, Successfully Completed, Status, Successfully Completed, Status, Successfully Completed, Status, Successfully Completed, Status, Successfully Completed, Status, Successfully Completed, Status, Successfully Completed, Status, Successfully Completed, Status, Successfully Completed, Status, Successfully Completed, Status, Successfully Completed, Status, Successfully Completed, Status, Successfully Completed, Status, Successfully Completed, Status, Successfully Completed, Status, Successfully Completed, Status, Successfully Completed, Status, Successfully Completed, Status, Successfully Completed, Status, Successfully Completed, Status, Successfully Completed, Status, Successfully Completed, Status, Successfully Completed, Status, Successfully Completed, Status, Successfully Completed, Status, Successfully Completed, Status, Successfully Completed, Status, Successfully Completed, Status, Successfully Completed, Status, Successfully Completed, Status, Successfully Completed, Status, Successfully Completed, Status, Successfully Completed, Status, Successfully Completed, Status, Successfully Completed, Status, Successfully Completed, Status, Successfully Completed, Status, Successfully Completed, Status, Successfully Completed, Status, Successfully Completed, Status, Successfully Completed, Status, Successfully Completed, Status, Successfully Completed, Status, Successfully Completed, Status, Successfully Completed, Status, Successfully Completed, Status, Successfully Completed, Status, Successfully Completed, Status, Successfully Completed, Status, Successfully Completed, Status, Successfully Completed, Status, Successfully Completed, Status, Successfully Completed, Status, Successfully Completed, Status, Successfully Completed, Status, Successfully Completed, Status, Successfully Completed, Status, Successfully Completed, Status, Successfully Completed, Status, Successfully Completed, Status, Successfully Completed, Status, Successfully Completed, Status, Successfully Completed, Status, Successfully Completed, Status, Successfully Completed, Status, Successfully Completed, Status, Successfully Completed, Status, Successfully Completed, Status, Successfully Completed, Status, Successfully Completed, Status, Successfully Completed, Status, Successfully Completed, Status, Successfully Completed, Status, Successfully Completed, Status, Successfully Completed, Status, Successfully Completed, Status, Successfully Completed, Status, Successfully Completed, Status, Successfully Completed, Status, Successfully Completed, Status, Successfully Completed, Status, Successfully Completed, Status, Successfully Completed, Status, Successfully Completed, Status, Successfully Completed, Status, Successfully Completed, Status, Successfully Completed, Status, Successfully Completed, Status, Successfully Completed, Status, Successfully Completed, Status, Successfully Completed, Status, Successfully Completed, Status, Successfully Completed, Status, Successfully Completed, Status, Successfully Completed, Status, Successfully Completed, Status, Successfully Completed, Status, Successfully Completed, Status, Successfully Completed, Status, Successfully Completed, Status, Successfully Completed, Status, Successfully Completed, Status, Successfully Completed, Status, Successfully Completed, Status, Successfully Completed, Status, Successfully Completed, Status, Successfully Completed, Status, Successfully Completed, Status, Successfully Completed, Status, Successfully Completed, Status, Successfully Completed, Status, Successfully Completed, Status, Successfully Completed, Status, Successfully Completed, Status, Successfully Completed, Status, Successfully Completed, Status, Successfully Completed, Status, Successfully Completed, Status, Successfully Completed, Status, Successfully Completed, Status, Successfully Completed, Status, Successfully Completed, Status, Successfully Completed, Status, Successfully Completed, Status]
[neelback4more@gmail.com, Subho1991*, Status, Successfully Completed, Status, Successfully Completed, Status, Successfully Completed, Status, Successfully Completed, Status, Successfully Completed, Status, Successfully Completed, Status, Successfully Completed, Status, Successfully Completed, Status, Successfully Completed, Status, Successfully Completed, Status, Successfully Completed, Status, Successfully Completed, Status, Successfully Completed, Status, Successfully Completed, Status, Successfully Completed, Status, Successfully Completed, Status, Successfully Completed, Status, Successfully Completed, Status, Successfully Completed, Status, Successfully Completed, Status, Successfully Completed, Status, Successfully Completed, Status, Successfully Completed, Status, Successfully Completed, Status, Successfully Completed, Status, Successfully Completed, Status, Successfully Completed, Status, Successfully Completed, Status, Successfully Completed, Status, Successfully Completed, Status, Successfully Completed, Status, Successfully Completed, Status, Successfully Completed, Status, Successfully Completed, Status, Successfully Completed, Status, Successfully Completed, Status, Successfully Completed, Status, Successfully Completed, Status, Successfully Completed, Status, Successfully Completed, Status, Successfully Completed, Status, Successfully Completed, Status, Successfully Completed, Status, Successfully Completed, Status, Successfully Completed, Status, Successfully Completed, Status, Successfully Completed, Status, Successfully Completed, Status, Successfully Completed, Status, Successfully Completed, Status, Successfully Completed, Status, Successfully Completed, Status, Successfully Completed, Status, Successfully Completed, Status, Successfully Completed, Status, Successfully Completed, Status, Successfully Completed, Status, Successfully Completed, Status, Successfully Completed, Status, Successfully Completed, Status, Successfully Completed, Status, Successfully Completed, Status, Successfully Completed, Status, Successfully Completed, Status, Successfully Completed, Status, Successfully Completed, Status, Successfully Completed, Status, Successfully Completed, Status, Successfully Completed, Status, Successfully Completed, Status, Successfully Completed, Status, Successfully Completed, Status, Successfully Completed, Status, Successfully Completed, Status, Successfully Completed, Status, Successfully Completed, Status, Successfully Completed, Status, Successfully Completed, Status, Successfully Completed, Status, Successfully Completed, Status, Successfully Completed, Status, Successfully Completed, Status, Successfully Completed, Status, Successfully Completed, Status, Successfully Completed, Status, Successfully Completed, Status, Successfully Completed, Status, Successfully Completed, Status, Successfully Completed, Status, Successfully Completed, Status, Successfully Completed, Status, Successfully Completed, Status, Successfully Completed, Status, Successfully Completed, Status, Successfully Completed, Status, Successfully Completed, Status, Successfully Completed, Status, Successfully Completed, Status, Successfully Completed, Status, Successfully Completed, Status, Successfully Completed, Status, Successfully Completed, Status, Successfully Completed, Status, Successfully Completed, Status, Successfully Completed, Status, Successfully Completed, Status, Successfully Completed, Status, Successfully Completed, Status, Successfully Completed, Status, Successfully Completed, Status, Successfully Completed, Status, Successfully Completed, Status, Successfully Completed, Status, Successfully Completed, Status, Successfully Completed, Status, Successfully Completed, Status, Successfully Completed, Status, Successfully Completed, Status, Successfully Completed, Status, Successfully Completed, Status, Successfully Completed, Status, Successfully Completed, Status, Successfully Completed, Status, Successfully Completed, Status, Successfully Completed, Status, Successfully Completed, Status, Successfully Completed, Status, Successfully Completed, Status, Successfully Completed, Status, Successfully Completed, Status, Successfully Completed, Status, Successfully Completed, Status, Successfully Completed, Status, Successfully Completed, Status, Successfully Completed, Status, Successfully Completed, Status, Successfully Completed, Status, Successfully Completed, Status, Successfully Completed, Status, Successfully Completed, Status, Successfully Completed, Status, Successfully Completed, Status, Successfully Completed, Status, Successfully Completed, Status, Successfully Completed, Status, Successfully Completed, Status, Successfully Completed, Status, Successfully Completed, Status, Successfully Completed, Status, Successfully Completed, Status, Successfully Completed, Status, Successfully Completed, Status, Successfully Completed, Status, Successfully Completed, Status, Successfully Completed, Status, Successfully Completed, Status, Successfully Completed, Status, Successfully Completed, Status, Successfully Completed, Status, Successfully Completed, Status, Successfully Completed, Status, Successfully Completed, Status, Successfully Completed, Status, Successfully Completed, Status, Successfully Completed, Status, Successfully Completed, Status, Successfully Completed, Status, Successfully Completed, Status, Successfully Completed, Status, Successfully Completed, Status, Successfully Completed, Status, Successfully Completed, Status, Successfully Completed, Status, Successfully Completed, Status, Successfully Completed, Status, Successfully Completed, Status, Successfully Completed, Status, Successfully Completed, Status, Successfully Completed, Status, Successfully Completed, Status, Successfully Completed, Status, Successfully Completed, Status, Successfully Completed, Status, Successfully Completed, Status, Successfully Completed, Status, Successfully Completed, Status, Successfully Completed, Status, Successfully Completed, Status, Successfully Completed, Status, Successfully Completed, Status, Successfully Completed]
[neelback4more@gmail.com, Subho1991*, Status, Successfully Completed, Status, Successfully Completed, Status, Successfully Completed, Status, Successfully Completed, Status, Successfully Completed, Status, Successfully Completed, Status, Successfully Completed, Status, Successfully Completed, Status, Successfully Completed, Status, Successfully Completed, Status, Successfully Completed, Status, Successfully Completed, Status, Successfully Completed, Status, Successfully Completed, Status, Successfully Completed, Status, Successfully Completed, Status, Successfully Completed, Status, Successfully Completed, Status, Successfully Completed, Status, Successfully Completed, Status, Successfully Completed, Status, Successfully Completed, Status, Successfully Completed, Status, Successfully Completed, Status, Successfully Completed, Status, Successfully Completed, Status, Successfully Completed, Status, Successfully Completed, Status, Successfully Completed, Status, Successfully Completed, Status, Successfully Completed, Status, Successfully Completed, Status, Successfully Completed, Status, Successfully Completed, Status, Successfully Completed, Status, Successfully Completed, Status, Successfully Completed, Status, Successfully Completed, Status, Successfully Completed, Status, Successfully Completed, Status, Successfully Completed, Status, Successfully Completed, Status, Successfully Completed, Status, Successfully Completed, Status, Successfully Completed, Status, Successfully Completed, Status, Successfully Completed, Status, Successfully Completed, Status, Successfully Completed, Status, Successfully Completed, Status, Successfully Completed, Status, Successfully Completed, Status, Successfully Completed, Status, Successfully Completed, Status, Successfully Completed, Status, Successfully Completed, Status, Successfully Completed, Status, Successfully Completed, Status, Successfully Completed, Status, Successfully Completed, Status, Successfully Completed, Status, Successfully Completed, Status, Successfully Completed, Status, Successfully Completed, Status, Successfully Completed, Status, Successfully Completed, Status, Successfully Completed, Status, Successfully Completed, Status, Successfully Completed, Status, Successfully Completed, Status, Successfully Completed, Status, Successfully Completed, Status, Successfully Completed, Status, Successfully Completed, Status, Successfully Completed, Status, Successfully Completed, Status, Successfully Completed, Status, Successfully Completed, Status, Successfully Completed, Status, Successfully Completed, Status, Successfully Completed, Status, Successfully Completed, Status, Successfully Completed, Status, Successfully Completed, Status, Successfully Completed, Status, Successfully Completed, Status, Successfully Completed, Status, Successfully Completed, Status, Successfully Completed, Status, Successfully Completed, Status, Successfully Completed, Status, Successfully Completed, Status, Successfully Completed, Status, Successfully Completed, Status, Successfully Completed, Status, Successfully Completed, Status, Successfully Completed, Status, Successfully Completed, Status, Successfully Completed, Status, Successfully Completed, Status, Successfully Completed, Status, Successfully Completed, Status, Successfully Completed, Status, Successfully Completed, Status, Successfully Completed, Status, Successfully Completed, Status, Successfully Completed, Status, Successfully Completed, Status, Successfully Completed, Status, Successfully Completed, Status, Successfully Completed, Status, Successfully Completed, Status, Successfully Completed, Status, Successfully Completed, Status, Successfully Completed, Status, Successfully Completed, Status, Successfully Completed, Status, Successfully Completed, Status, Successfully Completed, Status, Successfully Completed, Status, Successfully Completed, Status, Successfully Completed, Status, Successfully Completed, Status, Successfully Completed, Status, Successfully Completed, Status, Successfully Completed, Status, Successfully Completed, Status, Successfully Completed, Status, Successfully Completed, Status, Successfully Completed, Status, Successfully Completed, Status, Successfully Completed, Status, Successfully Completed, Status, Successfully Completed, Status, Successfully Completed, Status, Successfully Completed, Status, Successfully Completed, Status, Successfully Completed, Status, Successfully Completed, Status, Successfully Completed, Status, Successfully Completed, Status, Successfully Completed, Status, Successfully Completed, Status, Successfully Completed, Status, Successfully Completed, Status, Successfully Completed, Status, Successfully Completed, Status, Successfully Completed, Status, Successfully Completed, Status, Successfully Completed, Status, Successfully Completed, Status, Successfully Completed, Status, Successfully Completed, Status, Successfully Completed, Status, Successfully Completed, Status, Successfully Completed, Status, Successfully Completed, Status, Successfully Completed, Status, Successfully Completed, Status, Successfully Completed, Status, Successfully Completed, Status, Successfully Completed, Status, Successfully Completed, Status, Successfully Completed, Status, Successfully Completed, Status, Successfully Completed, Status, Successfully Completed, Status, Successfully Completed, Status, Successfully Completed, Status, Successfully Completed, Status, Successfully Completed, Status, Successfully Completed, Status, Successfully Completed, Status, Successfully Completed, Status, Successfully Completed, Status, Successfully Completed, Status, Successfully Completed, Status, Successfully Completed, Status, Successfully Completed, Status, Successfully Completed, Status, Successfully Completed, Status, Successfully Completed, Status, Successfully Completed, Status, Successfully Completed, Status, Successfully Completed, Status, Successfully Completed, Status, Successfully Completed, Status, Successfully Completed, Status, Successfully Completed, Status, Successfully Completed, Status, Successfully Completed, Status]
[neelback4more@gmail.com, Subho1991*, Status, Successfully Completed, Status, Successfully Completed, Status, Successfully Completed, Status, Successfully Completed, Status, Successfully Completed, Status, Successfully Completed, Status, Successfully Completed, Status, Successfully Completed, Status, Successfully Completed, Status, Successfully Completed, Status, Successfully Completed, Status, Successfully Completed, Status, Successfully Completed, Status, Successfully Completed, Status, Successfully Completed, Status, Successfully Completed, Status, Successfully Completed, Status, Successfully Completed, Status, Successfully Completed, Status, Successfully Completed, Status, Successfully Completed, Status, Successfully Completed, Status, Successfully Completed, Status, Successfully Completed, Status, Successfully Completed, Status, Successfully Completed, Status, Successfully Completed, Status, Successfully Completed, Status, Successfully Completed, Status, Successfully Completed, Status, Successfully Completed, Status, Successfully Completed, Status, Successfully Completed, Status, Successfully Completed, Status, Successfully Completed, Status, Successfully Completed, Status, Successfully Completed, Status, Successfully Completed, Status, Successfully Completed, Status, Successfully Completed, Status, Successfully Completed, Status, Successfully Completed, Status, Successfully Completed, Status, Successfully Completed, Status, Successfully Completed, Status, Successfully Completed, Status, Successfully Completed, Status, Successfully Completed, Status, Successfully Completed, Status, Successfully Completed, Status, Successfully Completed, Status, Successfully Completed, Status, Successfully Completed, Status, Successfully Completed, Status, Successfully Completed, Status, Successfully Completed, Status, Successfully Completed, Status, Successfully Completed, Status, Successfully Completed, Status, Successfully Completed, Status, Successfully Completed, Status, Successfully Completed, Status, Successfully Completed, Status, Successfully Completed, Status, Successfully Completed, Status, Successfully Completed, Status, Successfully Completed, Status, Successfully Completed, Status, Successfully Completed, Status, Successfully Completed, Status, Successfully Completed, Status, Successfully Completed, Status, Successfully Completed, Status, Successfully Completed, Status, Successfully Completed, Status, Successfully Completed, Status, Successfully Completed, Status, Successfully Completed, Status, Successfully Completed, Status, Successfully Completed, Status, Successfully Completed, Status, Successfully Completed, Status, Successfully Completed, Status, Successfully Completed, Status, Successfully Completed, Status, Successfully Completed, Status, Successfully Completed, Status, Successfully Completed, Status, Successfully Completed, Status, Successfully Completed, Status, Successfully Completed, Status, Successfully Completed, Status, Successfully Completed, Status, Successfully Completed, Status, Successfully Completed, Status, Successfully Completed, Status, Successfully Completed, Status, Successfully Completed, Status, Successfully Completed, Status, Successfully Completed, Status, Successfully Completed, Status, Successfully Completed, Status, Successfully Completed, Status, Successfully Completed, Status, Successfully Completed, Status, Successfully Completed, Status, Successfully Completed, Status, Successfully Completed, Status, Successfully Completed, Status, Successfully Completed, Status, Successfully Completed, Status, Successfully Completed, Status, Successfully Completed, Status, Successfully Completed, Status, Successfully Completed, Status, Successfully Completed, Status, Successfully Completed, Status, Successfully Completed, Status, Successfully Completed, Status, Successfully Completed, Status, Successfully Completed, Status, Successfully Completed, Status, Successfully Completed, Status, Successfully Completed, Status, Successfully Completed, Status, Successfully Completed, Status, Successfully Completed, Status, Successfully Completed, Status, Successfully Completed, Status, Successfully Completed, Status, Successfully Completed, Status, Successfully Completed, Status, Successfully Completed, Status, Successfully Completed, Status, Successfully Completed, Status, Successfully Completed, Status, Successfully Completed, Status, Successfully Completed, Status, Successfully Completed, Status, Successfully Completed, Status, Successfully Completed, Status, Successfully Completed, Status, Successfully Completed, Status, Successfully Completed, Status, Successfully Completed, Status, Successfully Completed, Status, Successfully Completed, Status, Successfully Completed, Status, Successfully Completed, Status, Successfully Completed, Status, Successfully Completed, Status, Successfully Completed, Status, Successfully Completed, Status, Successfully Completed, Status, Successfully Completed, Status, Successfully Completed, Status, Successfully Completed, Status, Successfully Completed, Status, Successfully Completed, Status, Successfully Completed, Status, Successfully Completed, Status, Successfully Completed, Status, Successfully Completed, Status, Successfully Completed, Status, Successfully Completed, Status, Successfully Completed, Status, Successfully Completed, Status, Successfully Completed, Status, Successfully Completed, Status, Successfully Completed, Status, Successfully Completed, Status, Successfully Completed, Status, Successfully Completed, Status, Successfully Completed, Status, Successfully Completed, Status, Successfully Completed, Status, Successfully Completed, Status, Successfully Completed, Status, Successfully Completed, Status, Successfully Completed, Status, Successfully Completed, Status, Successfully Completed, Status, Successfully Completed, Status, Successfully Completed, Status, Successfully Completed, Status, Successfully Completed, Status, Successfully Completed, Status, Successfully Completed, Status, Successfully Completed, Status, Successfully Completed, Status, Successfully Completed, Status, Successfully Completed]
[neelback4more@gmail.com, Subho1991*, Status, Successfully Completed, Status, Successfully Completed, Status, Successfully Completed, Status, Successfully Completed, Status, Successfully Completed, Status, Successfully Completed, Status, Successfully Completed, Status, Successfully Completed, Status, Successfully Completed, Status, Successfully Completed, Status, Successfully Completed, Status, Successfully Completed, Status, Successfully Completed, Status, Successfully Completed, Status, Successfully Completed, Status, Successfully Completed, Status, Successfully Completed, Status, Successfully Completed, Status, Successfully Completed, Status, Successfully Completed, Status, Successfully Completed, Status, Successfully Completed, Status, Successfully Completed, Status, Successfully Completed, Status, Successfully Completed, Status, Successfully Completed, Status, Successfully Completed, Status, Successfully Completed, Status, Successfully Completed, Status, Successfully Completed, Status, Successfully Completed, Status, Successfully Completed, Status, Successfully Completed, Status, Successfully Completed, Status, Successfully Completed, Status, Successfully Completed, Status, Successfully Completed, Status, Successfully Completed, Status, Successfully Completed, Status, Successfully Completed, Status, Successfully Completed, Status, Successfully Completed, Status, Successfully Completed, Status, Successfully Completed, Status, Successfully Completed, Status, Successfully Completed, Status, Successfully Completed, Status, Successfully Completed, Status, Successfully Completed, Status, Successfully Completed, Status, Successfully Completed, Status, Successfully Completed, Status, Successfully Completed, Status, Successfully Completed, Status, Successfully Completed, Status, Successfully Completed, Status, Successfully Completed, Status, Successfully Completed, Status, Successfully Completed, Status, Successfully Completed, Status, Successfully Completed, Status, Successfully Completed, Status, Successfully Completed, Status, Successfully Completed, Status, Successfully Completed, Status, Successfully Completed, Status, Successfully Completed, Status, Successfully Completed, Status, Successfully Completed, Status, Successfully Completed, Status, Successfully Completed, Status, Successfully Completed, Status, Successfully Completed, Status, Successfully Completed, Status, Successfully Completed, Status, Successfully Completed, Status, Successfully Completed, Status, Successfully Completed, Status, Successfully Completed, Status, Successfully Completed, Status, Successfully Completed, Status, Successfully Completed, Status, Successfully Completed, Status, Successfully Completed, Status, Successfully Completed, Status, Successfully Completed, Status, Successfully Completed, Status, Successfully Completed, Status, Successfully Completed, Status, Successfully Completed, Status, Successfully Completed, Status, Successfully Completed, Status, Successfully Completed, Status, Successfully Completed, Status, Successfully Completed, Status, Successfully Completed, Status, Successfully Completed, Status, Successfully Completed, Status, Successfully Completed, Status, Successfully Completed, Status, Successfully Completed, Status, Successfully Completed, Status, Successfully Completed, Status, Successfully Completed, Status, Successfully Completed, Status, Successfully Completed, Status, Successfully Completed, Status, Successfully Completed, Status, Successfully Completed, Status, Successfully Completed, Status, Successfully Completed, Status, Successfully Completed, Status, Successfully Completed, Status, Successfully Completed, Status, Successfully Completed, Status, Successfully Completed, Status, Successfully Completed, Status, Successfully Completed, Status, Successfully Completed, Status, Successfully Completed, Status, Successfully Completed, Status, Successfully Completed, Status, Successfully Completed, Status, Successfully Completed, Status, Successfully Completed, Status, Successfully Completed, Status, Successfully Completed, Status, Successfully Completed, Status, Successfully Completed, Status, Successfully Completed, Status, Successfully Completed, Status, Successfully Completed, Status, Successfully Completed, Status, Successfully Completed, Status, Successfully Completed, Status, Successfully Completed, Status, Successfully Completed, Status, Successfully Completed, Status, Successfully Completed, Status, Successfully Completed, Status, Successfully Completed, Status, Successfully Completed, Status, Successfully Completed, Status, Successfully Completed, Status, Successfully Completed, Status, Successfully Completed, Status, Successfully Completed, Status, Successfully Completed, Status, Successfully Completed, Status, Successfully Completed, Status, Successfully Completed, Status, Successfully Completed, Status, Successfully Completed, Status, Successfully Completed, Status, Successfully Completed, Status, Successfully Completed, Status, Successfully Completed, Status, Successfully Completed, Status, Successfully Completed, Status, Successfully Completed, Status, Successfully Completed, Status, Successfully Completed, Status, Successfully Completed, Status, Successfully Completed, Status, Successfully Completed, Status, Successfully Completed, Status, Successfully Completed, Status, Successfully Completed, Status, Successfully Completed, Status, Successfully Completed, Status, Successfully Completed, Status, Successfully Completed, Status, Successfully Completed, Status, Successfully Completed, Status, Successfully Completed, Status, Successfully Completed, Status, Successfully Completed, Status, Successfully Completed, Status, Successfully Completed, Status, Successfully Completed, Status, Successfully Completed, Status, Successfully Completed, Status, Successfully Completed, Status, Successfully Completed, Status, Successfully Completed, Status, Successfully Completed, Status, Successfully Completed, Status, Successfully Completed, Status, Successfully Completed, Status, Successfully Completed, Status, Successfully Completed, Status, Successfully Completed, Status]
[neelback4more@gmail.com, Subho1991*, Status, Successfully Completed, Status, Successfully Completed, Status, Successfully Completed, Status, Successfully Completed, Status, Successfully Completed, Status, Successfully Completed, Status, Successfully Completed, Status, Successfully Completed, Status, Successfully Completed, Status, Successfully Completed, Status, Successfully Completed, Status, Successfully Completed, Status, Successfully Completed, Status, Successfully Completed, Status, Successfully Completed, Status, Successfully Completed, Status, Successfully Completed, Status, Successfully Completed, Status, Successfully Completed, Status, Successfully Completed, Status, Successfully Completed, Status, Successfully Completed, Status, Successfully Completed, Status, Successfully Completed, Status, Successfully Completed, Status, Successfully Completed, Status, Successfully Completed, Status, Successfully Completed, Status, Successfully Completed, Status, Successfully Completed, Status, Successfully Completed, Status, Successfully Completed, Status, Successfully Completed, Status, Successfully Completed, Status, Successfully Completed, Status, Successfully Completed, Status, Successfully Completed, Status, Successfully Completed, Status, Successfully Completed, Status, Successfully Completed, Status, Successfully Completed, Status, Successfully Completed, Status, Successfully Completed, Status, Successfully Completed, Status, Successfully Completed, Status, Successfully Completed, Status, Successfully Completed, Status, Successfully Completed, Status, Successfully Completed, Status, Successfully Completed, Status, Successfully Completed, Status, Successfully Completed, Status, Successfully Completed, Status, Successfully Completed, Status, Successfully Completed, Status, Successfully Completed, Status, Successfully Completed, Status, Successfully Completed, Status, Successfully Completed, Status, Successfully Completed, Status, Successfully Completed, Status, Successfully Completed, Status, Successfully Completed, Status, Successfully Completed, Status, Successfully Completed, Status, Successfully Completed, Status, Successfully Completed, Status, Successfully Completed, Status, Successfully Completed, Status, Successfully Completed, Status, Successfully Completed, Status, Successfully Completed, Status, Successfully Completed, Status, Successfully Completed, Status, Successfully Completed, Status, Successfully Completed, Status, Successfully Completed, Status, Successfully Completed, Status, Successfully Completed, Status, Successfully Completed, Status, Successfully Completed, Status, Successfully Completed, Status, Successfully Completed, Status, Successfully Completed, Status, Successfully Completed, Status, Successfully Completed, Status, Successfully Completed, Status, Successfully Completed, Status, Successfully Completed, Status, Successfully Completed, Status, Successfully Completed, Status, Successfully Completed, Status, Successfully Completed, Status, Successfully Completed, Status, Successfully Completed, Status, Successfully Completed, Status, Successfully Completed, Status, Successfully Completed, Status, Successfully Completed, Status, Successfully Completed, Status, Successfully Completed, Status, Successfully Completed, Status, Successfully Completed, Status, Successfully Completed, Status, Successfully Completed, Status, Successfully Completed, Status, Successfully Completed, Status, Successfully Completed, Status, Successfully Completed, Status, Successfully Completed, Status, Successfully Completed, Status, Successfully Completed, Status, Successfully Completed, Status, Successfully Completed, Status, Successfully Completed, Status, Successfully Completed, Status, Successfully Completed, Status, Successfully Completed, Status, Successfully Completed, Status, Successfully Completed, Status, Successfully Completed, Status, Successfully Completed, Status, Successfully Completed, Status, Successfully Completed, Status, Successfully Completed, Status, Successfully Completed, Status, Successfully Completed, Status, Successfully Completed, Status, Successfully Completed, Status, Successfully Completed, Status, Successfully Completed, Status, Successfully Completed, Status, Successfully Completed, Status, Successfully Completed, Status, Successfully Completed, Status, Successfully Completed, Status, Successfully Completed, Status, Successfully Completed, Status, Successfully Completed, Status, Successfully Completed, Status, Successfully Completed, Status, Successfully Completed, Status, Successfully Completed, Status, Successfully Completed, Status, Successfully Completed, Status, Successfully Completed, Status, Successfully Completed, Status, Successfully Completed, Status, Successfully Completed, Status, Successfully Completed, Status, Successfully Completed, Status, Successfully Completed, Status, Successfully Completed, Status, Successfully Completed, Status, Successfully Completed, Status, Successfully Completed, Status, Successfully Completed, Status, Successfully Completed, Status, Successfully Completed, Status, Successfully Completed, Status, Successfully Completed, Status, Successfully Completed, Status, Successfully Completed, Status, Successfully Completed, Status, Successfully Completed, Status, Successfully Completed, Status, Successfully Completed, Status, Successfully Completed, Status, Successfully Completed, Status, Successfully Completed, Status, Successfully Completed, Status, Successfully Completed, Status, Successfully Completed, Status, Successfully Completed, Status, Successfully Completed, Status, Successfully Completed, Status, Successfully Completed, Status, Successfully Completed, Status, Successfully Completed, Status, Successfully Completed, Status, Successfully Completed, Status, Successfully Completed, Status, Successfully Completed, Status, Successfully Completed, Status, Successfully Completed, Status, Successfully Completed, Status, Successfully Completed, Status, Successfully Completed, Status, Successfully Completed, Status, Successfully Completed, Status, Successfully Completed, Status, Successfully Completed, Status, Successfully Completed]
[neelback4more@gmail.com, Subho1991*, Status, Successfully Completed, Status, Successfully Completed, Status, Successfully Completed, Status, Successfully Completed, Status, Successfully Completed, Status, Successfully Completed, Status, Successfully Completed, Status, Successfully Completed, Status, Successfully Completed, Status, Successfully Completed, Status, Successfully Completed, Status, Successfully Completed, Status, Successfully Completed, Status, Successfully Completed, Status, Successfully Completed, Status, Successfully Completed, Status, Successfully Completed, Status, Successfully Completed, Status, Successfully Completed, Status, Successfully Completed, Status, Successfully Completed, Status, Successfully Completed, Status, Successfully Completed, Status, Successfully Completed, Status, Successfully Completed, Status, Successfully Completed, Status, Successfully Completed, Status, Successfully Completed, Status, Successfully Completed, Status, Successfully Completed, Status, Successfully Completed, Status, Successfully Completed, Status, Successfully Completed, Status, Successfully Completed, Status, Successfully Completed, Status, Successfully Completed, Status, Successfully Completed, Status, Successfully Completed, Status, Successfully Completed, Status, Successfully Completed, Status, Successfully Completed, Status, Successfully Completed, Status, Successfully Completed, Status, Successfully Completed, Status, Successfully Completed, Status, Successfully Completed, Status, Successfully Completed, Status, Successfully Completed, Status, Successfully Completed, Status, Successfully Completed, Status, Successfully Completed, Status, Successfully Completed, Status, Successfully Completed, Status, Successfully Completed, Status, Successfully Completed, Status, Successfully Completed, Status, Successfully Completed, Status, Successfully Completed, Status, Successfully Completed, Status, Successfully Completed, Status, Successfully Completed, Status, Successfully Completed, Status, Successfully Completed, Status, Successfully Completed, Status, Successfully Completed, Status, Successfully Completed, Status, Successfully Completed, Status, Successfully Completed, Status, Successfully Completed, Status, Successfully Completed, Status, Successfully Completed, Status, Successfully Completed, Status, Successfully Completed, Status, Successfully Completed, Status, Successfully Completed, Status, Successfully Completed, Status, Successfully Completed, Status, Successfully Completed, Status, Successfully Completed, Status, Successfully Completed, Status, Successfully Completed, Status, Successfully Completed, Status, Successfully Completed, Status, Successfully Completed, Status, Successfully Completed, Status, Successfully Completed, Status, Successfully Completed, Status, Successfully Completed, Status, Successfully Completed, Status, Successfully Completed, Status, Successfully Completed, Status, Successfully Completed, Status, Successfully Completed, Status, Successfully Completed, Status, Successfully Completed, Status, Successfully Completed, Status, Successfully Completed, Status, Successfully Completed, Status, Successfully Completed, Status, Successfully Completed, Status, Successfully Completed, Status, Successfully Completed, Status, Successfully Completed, Status, Successfully Completed, Status, Successfully Completed, Status, Successfully Completed, Status, Successfully Completed, Status, Successfully Completed, Status, Successfully Completed, Status, Successfully Completed, Status, Successfully Completed, Status, Successfully Completed, Status, Successfully Completed, Status, Successfully Completed, Status, Successfully Completed, Status, Successfully Completed, Status, Successfully Completed, Status, Successfully Completed, Status, Successfully Completed, Status, Successfully Completed, Status, Successfully Completed, Status, Successfully Completed, Status, Successfully Completed, Status, Successfully Completed, Status, Successfully Completed, Status, Successfully Completed, Status, Successfully Completed, Status, Successfully Completed, Status, Successfully Completed, Status, Successfully Completed, Status, Successfully Completed, Status, Successfully Completed, Status, Successfully Completed, Status, Successfully Completed, Status, Successfully Completed, Status, Successfully Completed, Status, Successfully Completed, Status, Successfully Completed, Status, Successfully Completed, Status, Successfully Completed, Status, Successfully Completed, Status, Successfully Completed, Status, Successfully Completed, Status, Successfully Completed, Status, Successfully Completed, Status, Successfully Completed, Status, Successfully Completed, Status, Successfully Completed, Status, Successfully Completed, Status, Successfully Completed, Status, Successfully Completed, Status, Successfully Completed, Status, Successfully Completed, Status, Successfully Completed, Status, Successfully Completed, Status, Successfully Completed, Status, Successfully Completed, Status, Successfully Completed, Status, Successfully Completed, Status, Successfully Completed, Status, Successfully Completed, Status, Successfully Completed, Status, Successfully Completed, Status, Successfully Completed, Status, Successfully Completed, Status, Successfully Completed, Status, Successfully Completed, Status, Successfully Completed, Status, Successfully Completed, Status, Successfully Completed, Status, Successfully Completed, Status, Successfully Completed, Status, Successfully Completed, Status, Successfully Completed, Status, Successfully Completed, Status, Successfully Completed, Status, Successfully Completed, Status, Successfully Completed, Status, Successfully Completed, Status, Successfully Completed, Status, Successfully Completed, Status, Successfully Completed, Status, Successfully Completed, Status, Successfully Completed, Status, Successfully Completed, Status, Successfully Completed, Status, Successfully Completed, Status, Successfully Completed, Status, Successfully Completed, Status, Successfully Completed, Status, Successfully Completed, Status, Successfully Completed, Status, Successfully Completed, Status]
[neelback4more@gmail.com, Subho1991*, Status, Successfully Completed, Status, Successfully Completed, Status, Successfully Completed, Status, Successfully Completed, Status, Successfully Completed, Status, Successfully Completed, Status, Successfully Completed, Status, Successfully Completed, Status, Successfully Completed, Status, Successfully Completed, Status, Successfully Completed, Status, Successfully Completed, Status, Successfully Completed, Status, Successfully Completed, Status, Successfully Completed, Status, Successfully Completed, Status, Successfully Completed, Status, Successfully Completed, Status, Successfully Completed, Status, Successfully Completed, Status, Successfully Completed, Status, Successfully Completed, Status, Successfully Completed, Status, Successfully Completed, Status, Successfully Completed, Status, Successfully Completed, Status, Successfully Completed, Status, Successfully Completed, Status, Successfully Completed, Status, Successfully Completed, Status, Successfully Completed, Status, Successfully Completed, Status, Successfully Completed, Status, Successfully Completed, Status, Successfully Completed, Status, Successfully Completed, Status, Successfully Completed, Status, Successfully Completed, Status, Successfully Completed, Status, Successfully Completed, Status, Successfully Completed, Status, Successfully Completed, Status, Successfully Completed, Status, Successfully Completed, Status, Successfully Completed, Status, Successfully Completed, Status, Successfully Completed, Status, Successfully Completed, Status, Successfully Completed, Status, Successfully Completed, Status, Successfully Completed, Status, Successfully Completed, Status, Successfully Completed, Status, Successfully Completed, Status, Successfully Completed, Status, Successfully Completed, Status, Successfully Completed, Status, Successfully Completed, Status, Successfully Completed, Status, Successfully Completed, Status, Successfully Completed, Status, Successfully Completed, Status, Successfully Completed, Status, Successfully Completed, Status, Successfully Completed, Status, Successfully Completed, Status, Successfully Completed, Status, Successfully Completed, Status, Successfully Completed, Status, Successfully Completed, Status, Successfully Completed, Status, Successfully Completed, Status, Successfully Completed, Status, Successfully Completed, Status, Successfully Completed, Status, Successfully Completed, Status, Successfully Completed, Status, Successfully Completed, Status, Successfully Completed, Status, Successfully Completed, Status, Successfully Completed, Status, Successfully Completed, Status, Successfully Completed, Status, Successfully Completed, Status, Successfully Completed, Status, Successfully Completed, Status, Successfully Completed, Status, Successfully Completed, Status, Successfully Completed, Status, Successfully Completed, Status, Successfully Completed, Status, Successfully Completed, Status, Successfully Completed, Status, Successfully Completed, Status, Successfully Completed, Status, Successfully Completed, Status, Successfully Completed, Status, Successfully Completed, Status, Successfully Completed, Status, Successfully Completed, Status, Successfully Completed, Status, Successfully Completed, Status, Successfully Completed, Status, Successfully Completed, Status, Successfully Completed, Status, Successfully Completed, Status, Successfully Completed, Status, Successfully Completed, Status, Successfully Completed, Status, Successfully Completed, Status, Successfully Completed, Status, Successfully Completed, Status, Successfully Completed, Status, Successfully Completed, Status, Successfully Completed, Status, Successfully Completed, Status, Successfully Completed, Status, Successfully Completed, Status, Successfully Completed, Status, Successfully Completed, Status, Successfully Completed, Status, Successfully Completed, Status, Successfully Completed, Status, Successfully Completed, Status, Successfully Completed, Status, Successfully Completed, Status, Successfully Completed, Status, Successfully Completed, Status, Successfully Completed, Status, Successfully Completed, Status, Successfully Completed, Status, Successfully Completed, Status, Successfully Completed, Status, Successfully Completed, Status, Successfully Completed, Status, Successfully Completed, Status, Successfully Completed, Status, Successfully Completed, Status, Successfully Completed, Status, Successfully Completed, Status, Successfully Completed, Status, Successfully Completed, Status, Successfully Completed, Status, Successfully Completed, Status, Successfully Completed, Status, Successfully Completed, Status, Successfully Completed, Status, Successfully Completed, Status, Successfully Completed, Status, Successfully Completed, Status, Successfully Completed, Status, Successfully Completed, Status, Successfully Completed, Status, Successfully Completed, Status, Successfully Completed, Status, Successfully Completed, Status, Successfully Completed, Status, Successfully Completed, Status, Successfully Completed, Status, Successfully Completed, Status, Successfully Completed, Status, Successfully Completed, Status, Successfully Completed, Status, Successfully Completed, Status, Successfully Completed, Status, Successfully Completed, Status, Successfully Completed, Status, Successfully Completed, Status, Successfully Completed, Status, Successfully Completed, Status, Successfully Completed, Status, Successfully Completed, Status, Successfully Completed, Status, Successfully Completed, Status, Successfully Completed, Status, Successfully Completed, Status, Successfully Completed, Status, Successfully Completed, Status, Successfully Completed, Status, Successfully Completed, Status, Successfully Completed, Status, Successfully Completed, Status, Successfully Completed, Status, Successfully Completed, Status, Successfully Completed, Status, Successfully Completed, Status, Successfully Completed, Status, Successfully Completed, Status, Successfully Completed, Status, Successfully Completed, Status, Successfully Completed, Status, Successfully Completed, Status, Successfully Completed, Status, Successfully Completed]
[neelback4more@gmail.com, Subho1991*, Status, Successfully Completed, Status, Successfully Completed, Status, Successfully Completed, Status, Successfully Completed, Status, Successfully Completed, Status, Successfully Completed, Status, Successfully Completed, Status, Successfully Completed, Status, Successfully Completed, Status, Successfully Completed, Status, Successfully Completed, Status, Successfully Completed, Status, Successfully Completed, Status, Successfully Completed, Status, Successfully Completed, Status, Successfully Completed, Status, Successfully Completed, Status, Successfully Completed, Status, Successfully Completed, Status, Successfully Completed, Status, Successfully Completed, Status, Successfully Completed, Status, Successfully Completed, Status, Successfully Completed, Status, Successfully Completed, Status, Successfully Completed, Status, Successfully Completed, Status, Successfully Completed, Status, Successfully Completed, Status, Successfully Completed, Status, Successfully Completed, Status, Successfully Completed, Status, Successfully Completed, Status, Successfully Completed, Status, Successfully Completed, Status, Successfully Completed, Status, Successfully Completed, Status, Successfully Completed, Status, Successfully Completed, Status, Successfully Completed, Status, Successfully Completed, Status, Successfully Completed, Status, Successfully Completed, Status, Successfully Completed, Status, Successfully Completed, Status, Successfully Completed, Status, Successfully Completed, Status, Successfully Completed, Status, Successfully Completed, Status, Successfully Completed, Status, Successfully Completed, Status, Successfully Completed, Status, Successfully Completed, Status, Successfully Completed, Status, Successfully Completed, Status, Successfully Completed, Status, Successfully Completed, Status, Successfully Completed, Status, Successfully Completed, Status, Successfully Completed, Status, Successfully Completed, Status, Successfully Completed, Status, Successfully Completed, Status, Successfully Completed, Status, Successfully Completed, Status, Successfully Completed, Status, Successfully Completed, Status, Successfully Completed, Status, Successfully Completed, Status, Successfully Completed, Status, Successfully Completed, Status, Successfully Completed, Status, Successfully Completed, Status, Successfully Completed, Status, Successfully Completed, Status, Successfully Completed, Status, Successfully Completed, Status, Successfully Completed, Status, Successfully Completed, Status, Successfully Completed, Status, Successfully Completed, Status, Successfully Completed, Status, Successfully Completed, Status, Successfully Completed, Status, Successfully Completed, Status, Successfully Completed, Status, Successfully Completed, Status, Successfully Completed, Status, Successfully Completed, Status, Successfully Completed, Status, Successfully Completed, Status, Successfully Completed, Status, Successfully Completed, Status, Successfully Completed, Status, Successfully Completed, Status, Successfully Completed, Status, Successfully Completed, Status, Successfully Completed, Status, Successfully Completed, Status, Successfully Completed, Status, Successfully Completed, Status, Successfully Completed, Status, Successfully Completed, Status, Successfully Completed, Status, Successfully Completed, Status, Successfully Completed, Status, Successfully Completed, Status, Successfully Completed, Status, Successfully Completed, Status, Successfully Completed, Status, Successfully Completed, Status, Successfully Completed, Status, Successfully Completed, Status, Successfully Completed, Status, Successfully Completed, Status, Successfully Completed, Status, Successfully Completed, Status, Successfully Completed, Status, Successfully Completed, Status, Successfully Completed, Status, Successfully Completed, Status, Successfully Completed, Status, Successfully Completed, Status, Successfully Completed, Status, Successfully Completed, Status, Successfully Completed, Status, Successfully Completed, Status, Successfully Completed, Status, Successfully Completed, Status, Successfully Completed, Status, Successfully Completed, Status, Successfully Completed, Status, Successfully Completed, Status, Successfully Completed, Status, Successfully Completed, Status, Successfully Completed, Status, Successfully Completed, Status, Successfully Completed, Status, Successfully Completed, Status, Successfully Completed, Status, Successfully Completed, Status, Successfully Completed, Status, Successfully Completed, Status, Successfully Completed, Status, Successfully Completed, Status, Successfully Completed, Status, Successfully Completed, Status, Successfully Completed, Status, Successfully Completed, Status, Successfully Completed, Status, Successfully Completed, Status, Successfully Completed, Status, Successfully Completed, Status, Successfully Completed, Status, Successfully Completed, Status, Successfully Completed, Status, Successfully Completed, Status, Successfully Completed, Status, Successfully Completed, Status, Successfully Completed, Status, Successfully Completed, Status, Successfully Completed, Status, Successfully Completed, Status, Successfully Completed, Status, Successfully Completed, Status, Successfully Completed, Status, Successfully Completed, Status, Successfully Completed, Status, Successfully Completed, Status, Successfully Completed, Status, Successfully Completed, Status, Successfully Completed, Status, Successfully Completed, Status, Successfully Completed, Status, Successfully Completed, Status, Successfully Completed, Status, Successfully Completed, Status, Successfully Completed, Status, Successfully Completed, Status, Successfully Completed, Status, Successfully Completed, Status, Successfully Completed, Status, Successfully Completed, Status, Successfully Completed, Status, Successfully Completed, Status, Successfully Completed, Status, Successfully Completed, Status, Successfully Completed, Status, Successfully Completed, Status, Successfully Completed, Status, Successfully Completed, Status, Successfully Completed, Status, Successfully Completed, Status, Successfully Completed, Status]
[neelback4more@gmail.com, Subho1991*, Status, Successfully Completed, Status, Successfully Completed, Status, Successfully Completed, Status, Successfully Completed, Status, Successfully Completed, Status, Successfully Completed, Status, Successfully Completed, Status, Successfully Completed, Status, Successfully Completed, Status, Successfully Completed, Status, Successfully Completed, Status, Successfully Completed, Status, Successfully Completed, Status, Successfully Completed, Status, Successfully Completed, Status, Successfully Completed, Status, Successfully Completed, Status, Successfully Completed, Status, Successfully Completed, Status, Successfully Completed, Status, Successfully Completed, Status, Successfully Completed, Status, Successfully Completed, Status, Successfully Completed, Status, Successfully Completed, Status, Successfully Completed, Status, Successfully Completed, Status, Successfully Completed, Status, Successfully Completed, Status, Successfully Completed, Status, Successfully Completed, Status, Successfully Completed, Status, Successfully Completed, Status, Successfully Completed, Status, Successfully Completed, Status, Successfully Completed, Status, Successfully Completed, Status, Successfully Completed, Status, Successfully Completed, Status, Successfully Completed, Status, Successfully Completed, Status, Successfully Completed, Status, Successfully Completed, Status, Successfully Completed, Status, Successfully Completed, Status, Successfully Completed, Status, Successfully Completed, Status, Successfully Completed, Status, Successfully Completed, Status, Successfully Completed, Status, Successfully Completed, Status, Successfully Completed, Status, Successfully Completed, Status, Successfully Completed, Status, Successfully Completed, Status, Successfully Completed, Status, Successfully Completed, Status, Successfully Completed, Status, Successfully Completed, Status, Successfully Completed, Status, Successfully Completed, Status, Successfully Completed, Status, Successfully Completed, Status, Successfully Completed, Status, Successfully Completed, Status, Successfully Completed, Status, Successfully Completed, Status, Successfully Completed, Status, Successfully Completed, Status, Successfully Completed, Status, Successfully Completed, Status, Successfully Completed, Status, Successfully Completed, Status, Successfully Completed, Status, Successfully Completed, Status, Successfully Completed, Status, Successfully Completed, Status, Successfully Completed, Status, Successfully Completed, Status, Successfully Completed, Status, Successfully Completed, Status, Successfully Completed, Status, Successfully Completed, Status, Successfully Completed, Status, Successfully Completed, Status, Successfully Completed, Status, Successfully Completed, Status, Successfully Completed, Status, Successfully Completed, Status, Successfully Completed, Status, Successfully Completed, Status, Successfully Completed, Status, Successfully Completed, Status, Successfully Completed, Status, Successfully Completed, Status, Successfully Completed, Status, Successfully Completed, Status, Successfully Completed, Status, Successfully Completed, Status, Successfully Completed, Status, Successfully Completed, Status, Successfully Completed, Status, Successfully Completed, Status, Successfully Completed, Status, Successfully Completed, Status, Successfully Completed, Status, Successfully Completed, Status, Successfully Completed, Status, Successfully Completed, Status, Successfully Completed, Status, Successfully Completed, Status, Successfully Completed, Status, Successfully Completed, Status, Successfully Completed, Status, Successfully Completed, Status, Successfully Completed, Status, Successfully Completed, Status, Successfully Completed, Status, Successfully Completed, Status, Successfully Completed, Status, Successfully Completed, Status, Successfully Completed, Status, Successfully Completed, Status, Successfully Completed, Status, Successfully Completed, Status, Successfully Completed, Status, Successfully Completed, Status, Successfully Completed, Status, Successfully Completed, Status, Successfully Completed, Status, Successfully Completed, Status, Successfully Completed, Status, Successfully Completed, Status, Successfully Completed, Status, Successfully Completed, Status, Successfully Completed, Status, Successfully Completed, Status, Successfully Completed, Status, Successfully Completed, Status, Successfully Completed, Status, Successfully Completed, Status, Successfully Completed, Status, Successfully Completed, Status, Successfully Completed, Status, Successfully Completed, Status, Successfully Completed, Status, Successfully Completed, Status, Successfully Completed, Status, Successfully Completed, Status, Successfully Completed, Status, Successfully Completed, Status, Successfully Completed, Status, Successfully Completed, Status, Successfully Completed, Status, Successfully Completed, Status, Successfully Completed, Status, Successfully Completed, Status, Successfully Completed, Status, Successfully Completed, Status, Successfully Completed, Status, Successfully Completed, Status, Successfully Completed, Status, Successfully Completed, Status, Successfully Completed, Status, Successfully Completed, Status, Successfully Completed, Status, Successfully Completed, Status, Successfully Completed, Status, Successfully Completed, Status, Successfully Completed, Status, Successfully Completed, Status, Successfully Completed, Status, Successfully Completed, Status, Successfully Completed, Status, Successfully Completed, Status, Successfully Completed, Status, Successfully Completed, Status, Successfully Completed, Status, Successfully Completed, Status, Successfully Completed, Status, Successfully Completed, Status, Successfully Completed, Status, Successfully Completed, Status, Successfully Completed, Status, Successfully Completed, Status, Successfully Completed, Status, Successfully Completed, Status, Successfully Completed, Status, Successfully Completed, Status, Successfully Completed, Status, Successfully Completed, Status, Successfully Completed, Status, Successfully Completed, Status, Successfully Completed, Status, Successfully Completed]
[neelback4more@gmail.com, Subho1991*, Status, Successfully Completed, Status, Successfully Completed, Status, Successfully Completed, Status, Successfully Completed, Status, Successfully Completed, Status, Successfully Completed, Status, Successfully Completed, Status, Successfully Completed, Status, Successfully Completed, Status, Successfully Completed, Status, Successfully Completed, Status, Successfully Completed, Status, Successfully Completed, Status, Successfully Completed, Status, Successfully Completed, Status, Successfully Completed, Status, Successfully Completed, Status, Successfully Completed, Status, Successfully Completed, Status, Successfully Completed, Status, Successfully Completed, Status, Successfully Completed, Status, Successfully Completed, Status, Successfully Completed, Status, Successfully Completed, Status, Successfully Completed, Status, Successfully Completed, Status, Successfully Completed, Status, Successfully Completed, Status, Successfully Completed, Status, Successfully Completed, Status, Successfully Completed, Status, Successfully Completed, Status, Successfully Completed, Status, Successfully Completed, Status, Successfully Completed, Status, Successfully Completed, Status, Successfully Completed, Status, Successfully Completed, Status, Successfully Completed, Status, Successfully Completed, Status, Successfully Completed, Status, Successfully Completed, Status, Successfully Completed, Status, Successfully Completed, Status, Successfully Completed, Status, Successfully Completed, Status, Successfully Completed, Status, Successfully Completed, Status, Successfully Completed, Status, Successfully Completed, Status, Successfully Completed, Status, Successfully Completed, Status, Successfully Completed, Status, Successfully Completed, Status, Successfully Completed, Status, Successfully Completed, Status, Successfully Completed, Status, Successfully Completed, Status, Successfully Completed, Status, Successfully Completed, Status, Successfully Completed, Status, Successfully Completed, Status, Successfully Completed, Status, Successfully Completed, Status, Successfully Completed, Status, Successfully Completed, Status, Successfully Completed, Status, Successfully Completed, Status, Successfully Completed, Status, Successfully Completed, Status, Successfully Completed, Status, Successfully Completed, Status, Successfully Completed, Status, Successfully Completed, Status, Successfully Completed, Status, Successfully Completed, Status, Successfully Completed, Status, Successfully Completed, Status, Successfully Completed, Status, Successfully Completed, Status, Successfully Completed, Status, Successfully Completed, Status, Successfully Completed, Status, Successfully Completed, Status, Successfully Completed, Status, Successfully Completed, Status, Successfully Completed, Status, Successfully Completed, Status, Successfully Completed, Status, Successfully Completed, Status, Successfully Completed, Status, Successfully Completed, Status, Successfully Completed, Status, Successfully Completed, Status, Successfully Completed, Status, Successfully Completed, Status, Successfully Completed, Status, Successfully Completed, Status, Successfully Completed, Status, Successfully Completed, Status, Successfully Completed, Status, Successfully Completed, Status, Successfully Completed, Status, Successfully Completed, Status, Successfully Completed, Status, Successfully Completed, Status, Successfully Completed, Status, Successfully Completed, Status, Successfully Completed, Status, Successfully Completed, Status, Successfully Completed, Status, Successfully Completed, Status, Successfully Completed, Status, Successfully Completed, Status, Successfully Completed, Status, Successfully Completed, Status, Successfully Completed, Status, Successfully Completed, Status, Successfully Completed, Status, Successfully Completed, Status, Successfully Completed, Status, Successfully Completed, Status, Successfully Completed, Status, Successfully Completed, Status, Successfully Completed, Status, Successfully Completed, Status, Successfully Completed, Status, Successfully Completed, Status, Successfully Completed, Status, Successfully Completed, Status, Successfully Completed, Status, Successfully Completed, Status, Successfully Completed, Status, Successfully Completed, Status, Successfully Completed, Status, Successfully Completed, Status, Successfully Completed, Status, Successfully Completed, Status, Successfully Completed, Status, Successfully Completed, Status, Successfully Completed, Status, Successfully Completed, Status, Successfully Completed, Status, Successfully Completed, Status, Successfully Completed, Status, Successfully Completed, Status, Successfully Completed, Status, Successfully Completed, Status, Successfully Completed, Status, Successfully Completed, Status, Successfully Completed, Status, Successfully Completed, Status, Successfully Completed, Status, Successfully Completed, Status, Successfully Completed, Status, Successfully Completed, Status, Successfully Completed, Status, Successfully Completed, Status, Successfully Completed, Status, Successfully Completed, Status, Successfully Completed, Status, Successfully Completed, Status, Successfully Completed, Status, Successfully Completed, Status, Successfully Completed, Status, Successfully Completed, Status, Successfully Completed, Status, Successfully Completed, Status, Successfully Completed, Status, Successfully Completed, Status, Successfully Completed, Status, Successfully Completed, Status, Successfully Completed, Status, Successfully Completed, Status, Successfully Completed, Status, Successfully Completed, Status, Successfully Completed, Status, Successfully Completed, Status, Successfully Completed, Status, Successfully Completed, Status, Successfully Completed, Status, Successfully Completed, Status, Successfully Completed, Status, Successfully Completed, Status, Successfully Completed, Status, Successfully Completed, Status, Successfully Completed, Status, Successfully Completed, Status, Successfully Completed, Status, Successfully Completed, Status, Successfully Completed, Status, Successfully Completed, Status, Successfully Completed, Status, Successfully Completed, Status]
[neelback4more@gmail.com, Subho1991*, Status, Successfully Completed, Status, Successfully Completed, Status, Successfully Completed, Status, Successfully Completed, Status, Successfully Completed, Status, Successfully Completed, Status, Successfully Completed, Status, Successfully Completed, Status, Successfully Completed, Status, Successfully Completed, Status, Successfully Completed, Status, Successfully Completed, Status, Successfully Completed, Status, Successfully Completed, Status, Successfully Completed, Status, Successfully Completed, Status, Successfully Completed, Status, Successfully Completed, Status, Successfully Completed, Status, Successfully Completed, Status, Successfully Completed, Status, Successfully Completed, Status, Successfully Completed, Status, Successfully Completed, Status, Successfully Completed, Status, Successfully Completed, Status, Successfully Completed, Status, Successfully Completed, Status, Successfully Completed, Status, Successfully Completed, Status, Successfully Completed, Status, Successfully Completed, Status, Successfully Completed, Status, Successfully Completed, Status, Successfully Completed, Status, Successfully Completed, Status, Successfully Completed, Status, Successfully Completed, Status, Successfully Completed, Status, Successfully Completed, Status, Successfully Completed, Status, Successfully Completed, Status, Successfully Completed, Status, Successfully Completed, Status, Successfully Completed, Status, Successfully Completed, Status, Successfully Completed, Status, Successfully Completed, Status, Successfully Completed, Status, Successfully Completed, Status, Successfully Completed, Status, Successfully Completed, Status, Successfully Completed, Status, Successfully Completed, Status, Successfully Completed, Status, Successfully Completed, Status, Successfully Completed, Status, Successfully Completed, Status, Successfully Completed, Status, Successfully Completed, Status, Successfully Completed, Status, Successfully Completed, Status, Successfully Completed, Status, Successfully Completed, Status, Successfully Completed, Status, Successfully Completed, Status, Successfully Completed, Status, Successfully Completed, Status, Successfully Completed, Status, Successfully Completed, Status, Successfully Completed, Status, Successfully Completed, Status, Successfully Completed, Status, Successfully Completed, Status, Successfully Completed, Status, Successfully Completed, Status, Successfully Completed, Status, Successfully Completed, Status, Successfully Completed, Status, Successfully Completed, Status, Successfully Completed, Status, Successfully Completed, Status, Successfully Completed, Status, Successfully Completed, Status, Successfully Completed, Status, Successfully Completed, Status, Successfully Completed, Status, Successfully Completed, Status, Successfully Completed, Status, Successfully Completed, Status, Successfully Completed, Status, Successfully Completed, Status, Successfully Completed, Status, Successfully Completed, Status, Successfully Completed, Status, Successfully Completed, Status, Successfully Completed, Status, Successfully Completed, Status, Successfully Completed, Status, Successfully Completed, Status, Successfully Completed, Status, Successfully Completed, Status, Successfully Completed, Status, Successfully Completed, Status, Successfully Completed, Status, Successfully Completed, Status, Successfully Completed, Status, Successfully Completed, Status, Successfully Completed, Status, Successfully Completed, Status, Successfully Completed, Status, Successfully Completed, Status, Successfully Completed, Status, Successfully Completed, Status, Successfully Completed, Status, Successfully Completed, Status, Successfully Completed, Status, Successfully Completed, Status, Successfully Completed, Status, Successfully Completed, Status, Successfully Completed, Status, Successfully Completed, Status, Successfully Completed, Status, Successfully Completed, Status, Successfully Completed, Status, Successfully Completed, Status, Successfully Completed, Status, Successfully Completed, Status, Successfully Completed, Status, Successfully Completed, Status, Successfully Completed, Status, Successfully Completed, Status, Successfully Completed, Status, Successfully Completed, Status, Successfully Completed, Status, Successfully Completed, Status, Successfully Completed, Status, Successfully Completed, Status, Successfully Completed, Status, Successfully Completed, Status, Successfully Completed, Status, Successfully Completed, Status, Successfully Completed, Status, Successfully Completed, Status, Successfully Completed, Status, Successfully Completed, Status, Successfully Completed, Status, Successfully Completed, Status, Successfully Completed, Status, Successfully Completed, Status, Successfully Completed, Status, Successfully Completed, Status, Successfully Completed, Status, Successfully Completed, Status, Successfully Completed, Status, Successfully Completed, Status, Successfully Completed, Status, Successfully Completed, Status, Successfully Completed, Status, Successfully Completed, Status, Successfully Completed, Status, Successfully Completed, Status, Successfully Completed, Status, Successfully Completed, Status, Successfully Completed, Status, Successfully Completed, Status, Successfully Completed, Status, Successfully Completed, Status, Successfully Completed, Status, Successfully Completed, Status, Successfully Completed, Status, Successfully Completed, Status, Successfully Completed, Status, Successfully Completed, Status, Successfully Completed, Status, Successfully Completed, Status, Successfully Completed, Status, Successfully Completed, Status, Successfully Completed, Status, Successfully Completed, Status, Successfully Completed, Status, Successfully Completed, Status, Successfully Completed, Status, Successfully Completed, Status, Successfully Completed, Status, Successfully Completed, Status, Successfully Completed, Status, Successfully Completed, Status, Successfully Completed, Status, Successfully Completed, Status, Successfully Completed, Status, Successfully Completed, Status, Successfully Completed, Status, Successfully Completed, Status, Successfully Completed, Status, Successfully Completed]
[neelback4more@gmail.com, Subho1991*, Status, Successfully Completed, Status, Successfully Completed, Status, Successfully Completed, Status, Successfully Completed, Status, Successfully Completed, Status, Successfully Completed, Status, Successfully Completed, Status, Successfully Completed, Status, Successfully Completed, Status, Successfully Completed, Status, Successfully Completed, Status, Successfully Completed, Status, Successfully Completed, Status, Successfully Completed, Status, Successfully Completed, Status, Successfully Completed, Status, Successfully Completed, Status, Successfully Completed, Status, Successfully Completed, Status, Successfully Completed, Status, Successfully Completed, Status, Successfully Completed, Status, Successfully Completed, Status, Successfully Completed, Status, Successfully Completed, Status, Successfully Completed, Status, Successfully Completed, Status, Successfully Completed, Status, Successfully Completed, Status, Successfully Completed, Status, Successfully Completed, Status, Successfully Completed, Status, Successfully Completed, Status, Successfully Completed, Status, Successfully Completed, Status, Successfully Completed, Status, Successfully Completed, Status, Successfully Completed, Status, Successfully Completed, Status, Successfully Completed, Status, Successfully Completed, Status, Successfully Completed, Status, Successfully Completed, Status, Successfully Completed, Status, Successfully Completed, Status, Successfully Completed, Status, Successfully Completed, Status, Successfully Completed, Status, Successfully Completed, Status, Successfully Completed, Status, Successfully Completed, Status, Successfully Completed, Status, Successfully Completed, Status, Successfully Completed, Status, Successfully Completed, Status, Successfully Completed, Status, Successfully Completed, Status, Successfully Completed, Status, Successfully Completed, Status, Successfully Completed, Status, Successfully Completed, Status, Successfully Completed, Status, Successfully Completed, Status, Successfully Completed, Status, Successfully Completed, Status, Successfully Completed, Status, Successfully Completed, Status, Successfully Completed, Status, Successfully Completed, Status, Successfully Completed, Status, Successfully Completed, Status, Successfully Completed, Status, Successfully Completed, Status, Successfully Completed, Status, Successfully Completed, Status, Successfully Completed, Status, Successfully Completed, Status, Successfully Completed, Status, Successfully Completed, Status, Successfully Completed, Status, Successfully Completed, Status, Successfully Completed, Status, Successfully Completed, Status, Successfully Completed, Status, Successfully Completed, Status, Successfully Completed, Status, Successfully Completed, Status, Successfully Completed, Status, Successfully Completed, Status, Successfully Completed, Status, Successfully Completed, Status, Successfully Completed, Status, Successfully Completed, Status, Successfully Completed, Status, Successfully Completed, Status, Successfully Completed, Status, Successfully Completed, Status, Successfully Completed, Status, Successfully Completed, Status, Successfully Completed, Status, Successfully Completed, Status, Successfully Completed, Status, Successfully Completed, Status, Successfully Completed, Status, Successfully Completed, Status, Successfully Completed, Status, Successfully Completed, Status, Successfully Completed, Status, Successfully Completed, Status, Successfully Completed, Status, Successfully Completed, Status, Successfully Completed, Status, Successfully Completed, Status, Successfully Completed, Status, Successfully Completed, Status, Successfully Completed, Status, Successfully Completed, Status, Successfully Completed, Status, Successfully Completed, Status, Successfully Completed, Status, Successfully Completed, Status, Successfully Completed, Status, Successfully Completed, Status, Successfully Completed, Status, Successfully Completed, Status, Successfully Completed, Status, Successfully Completed, Status, Successfully Completed, Status, Successfully Completed, Status, Successfully Completed, Status, Successfully Completed, Status, Successfully Completed, Status, Successfully Completed, Status, Successfully Completed, Status, Successfully Completed, Status, Successfully Completed, Status, Successfully Completed, Status, Successfully Completed, Status, Successfully Completed, Status, Successfully Completed, Status, Successfully Completed, Status, Successfully Completed, Status, Successfully Completed, Status, Successfully Completed, Status, Successfully Completed, Status, Successfully Completed, Status, Successfully Completed, Status, Successfully Completed, Status, Successfully Completed, Status, Successfully Completed, Status, Successfully Completed, Status, Successfully Completed, Status, Successfully Completed, Status, Successfully Completed, Status, Successfully Completed, Status, Successfully Completed, Status, Successfully Completed, Status, Successfully Completed, Status, Successfully Completed, Status, Successfully Completed, Status, Successfully Completed, Status, Successfully Completed, Status, Successfully Completed, Status, Successfully Completed, Status, Successfully Completed, Status, Successfully Completed, Status, Successfully Completed, Status, Successfully Completed, Status, Successfully Completed, Status, Successfully Completed, Status, Successfully Completed, Status, Successfully Completed, Status, Successfully Completed, Status, Successfully Completed, Status, Successfully Completed, Status, Successfully Completed, Status, Successfully Completed, Status, Successfully Completed, Status, Successfully Completed, Status, Successfully Completed, Status, Successfully Completed, Status, Successfully Completed, Status, Successfully Completed, Status, Successfully Completed, Status, Successfully Completed, Status, Successfully Completed, Status, Successfully Completed, Status, Successfully Completed, Status, Successfully Completed, Status, Successfully Completed, Status, Successfully Completed, Status, Successfully Completed, Status, Successfully Completed, Status, Successfully Completed, Status, Successfully Completed, Status, Successfully Completed, Status]
[neelback4more@gmail.com, Subho1991*, Status, Successfully Completed, Status, Successfully Completed, Status, Successfully Completed, Status, Successfully Completed, Status, Successfully Completed, Status, Successfully Completed, Status, Successfully Completed, Status, Successfully Completed, Status, Successfully Completed, Status, Successfully Completed, Status, Successfully Completed, Status, Successfully Completed, Status, Successfully Completed, Status, Successfully Completed, Status, Successfully Completed, Status, Successfully Completed, Status, Successfully Completed, Status, Successfully Completed, Status, Successfully Completed, Status, Successfully Completed, Status, Successfully Completed, Status, Successfully Completed, Status, Successfully Completed, Status, Successfully Completed, Status, Successfully Completed, Status, Successfully Completed, Status, Successfully Completed, Status, Successfully Completed, Status, Successfully Completed, Status, Successfully Completed, Status, Successfully Completed, Status, Successfully Completed, Status, Successfully Completed, Status, Successfully Completed, Status, Successfully Completed, Status, Successfully Completed, Status, Successfully Completed, Status, Successfully Completed, Status, Successfully Completed, Status, Successfully Completed, Status, Successfully Completed, Status, Successfully Completed, Status, Successfully Completed, Status, Successfully Completed, Status, Successfully Completed, Status, Successfully Completed, Status, Successfully Completed, Status, Successfully Completed, Status, Successfully Completed, Status, Successfully Completed, Status, Successfully Completed, Status, Successfully Completed, Status, Successfully Completed, Status, Successfully Completed, Status, Successfully Completed, Status, Successfully Completed, Status, Successfully Completed, Status, Successfully Completed, Status, Successfully Completed, Status, Successfully Completed, Status, Successfully Completed, Status, Successfully Completed, Status, Successfully Completed, Status, Successfully Completed, Status, Successfully Completed, Status, Successfully Completed, Status, Successfully Completed, Status, Successfully Completed, Status, Successfully Completed, Status, Successfully Completed, Status, Successfully Completed, Status, Successfully Completed, Status, Successfully Completed, Status, Successfully Completed, Status, Successfully Completed, Status, Successfully Completed, Status, Successfully Completed, Status, Successfully Completed, Status, Successfully Completed, Status, Successfully Completed, Status, Successfully Completed, Status, Successfully Completed, Status, Successfully Completed, Status, Successfully Completed, Status, Successfully Completed, Status, Successfully Completed, Status, Successfully Completed, Status, Successfully Completed, Status, Successfully Completed, Status, Successfully Completed, Status, Successfully Completed, Status, Successfully Completed, Status, Successfully Completed, Status, Successfully Completed, Status, Successfully Completed, Status, Successfully Completed, Status, Successfully Completed, Status, Successfully Completed, Status, Successfully Completed, Status, Successfully Completed, Status, Successfully Completed, Status, Successfully Completed, Status, Successfully Completed, Status, Successfully Completed, Status, Successfully Completed, Status, Successfully Completed, Status, Successfully Completed, Status, Successfully Completed, Status, Successfully Completed, Status, Successfully Completed, Status, Successfully Completed, Status, Successfully Completed, Status, Successfully Completed, Status, Successfully Completed, Status, Successfully Completed, Status, Successfully Completed, Status, Successfully Completed, Status, Successfully Completed, Status, Successfully Completed, Status, Successfully Completed, Status, Successfully Completed, Status, Successfully Completed, Status, Successfully Completed, Status, Successfully Completed, Status, Successfully Completed, Status, Successfully Completed, Status, Successfully Completed, Status, Successfully Completed, Status, Successfully Completed, Status, Successfully Completed, Status, Successfully Completed, Status, Successfully Completed, Status, Successfully Completed, Status, Successfully Completed, Status, Successfully Completed, Status, Successfully Completed, Status, Successfully Completed, Status, Successfully Completed, Status, Successfully Completed, Status, Successfully Completed, Status, Successfully Completed, Status, Successfully Completed, Status, Successfully Completed, Status, Successfully Completed, Status, Successfully Completed, Status, Successfully Completed, Status, Successfully Completed, Status, Successfully Completed, Status, Successfully Completed, Status, Successfully Completed, Status, Successfully Completed, Status, Successfully Completed, Status, Successfully Completed, Status, Successfully Completed, Status, Successfully Completed, Status, Successfully Completed, Status, Successfully Completed, Status, Successfully Completed, Status, Successfully Completed, Status, Successfully Completed, Status, Successfully Completed, Status, Successfully Completed, Status, Successfully Completed, Status, Successfully Completed, Status, Successfully Completed, Status, Successfully Completed, Status, Successfully Completed, Status, Successfully Completed, Status, Successfully Completed, Status, Successfully Completed, Status, Successfully Completed, Status, Successfully Completed, Status, Successfully Completed, Status, Successfully Completed, Status, Successfully Completed, Status, Successfully Completed, Status, Successfully Completed, Status, Successfully Completed, Status, Successfully Completed, Status, Successfully Completed, Status, Successfully Completed, Status, Successfully Completed, Status, Successfully Completed, Status, Successfully Completed, Status, Successfully Completed, Status, Successfully Completed, Status, Successfully Completed, Status, Successfully Completed, Status, Successfully Completed, Status, Successfully Completed, Status, Successfully Completed, Status, Successfully Completed, Status, Successfully Completed, Status, Successfully Completed, Status, Successfully Completed, Status, Successfully Completed, Status, Successfully Completed]
[neelback4more@gmail.com, Subho1991*, Status, Successfully Completed, Status, Successfully Completed, Status, Successfully Completed, Status, Successfully Completed, Status, Successfully Completed, Status, Successfully Completed, Status, Successfully Completed, Status, Successfully Completed, Status, Successfully Completed, Status, Successfully Completed, Status, Successfully Completed, Status, Successfully Completed, Status, Successfully Completed, Status, Successfully Completed, Status, Successfully Completed, Status, Successfully Completed, Status, Successfully Completed, Status, Successfully Completed, Status, Successfully Completed, Status, Successfully Completed, Status, Successfully Completed, Status, Successfully Completed, Status, Successfully Completed, Status, Successfully Completed, Status, Successfully Completed, Status, Successfully Completed, Status, Successfully Completed, Status, Successfully Completed, Status, Successfully Completed, Status, Successfully Completed, Status, Successfully Completed, Status, Successfully Completed, Status, Successfully Completed, Status, Successfully Completed, Status, Successfully Completed, Status, Successfully Completed, Status, Successfully Completed, Status, Successfully Completed, Status, Successfully Completed, Status, Successfully Completed, Status, Successfully Completed, Status, Successfully Completed, Status, Successfully Completed, Status, Successfully Completed, Status, Successfully Completed, Status, Successfully Completed, Status, Successfully Completed, Status, Successfully Completed, Status, Successfully Completed, Status, Successfully Completed, Status, Successfully Completed, Status, Successfully Completed, Status, Successfully Completed, Status, Successfully Completed, Status, Successfully Completed, Status, Successfully Completed, Status, Successfully Completed, Status, Successfully Completed, Status, Successfully Completed, Status, Successfully Completed, Status, Successfully Completed, Status, Successfully Completed, Status, Successfully Completed, Status, Successfully Completed, Status, Successfully Completed, Status, Successfully Completed, Status, Successfully Completed, Status, Successfully Completed, Status, Successfully Completed, Status, Successfully Completed, Status, Successfully Completed, Status, Successfully Completed, Status, Successfully Completed, Status, Successfully Completed, Status, Successfully Completed, Status, Successfully Completed, Status, Successfully Completed, Status, Successfully Completed, Status, Successfully Completed, Status, Successfully Completed, Status, Successfully Completed, Status, Successfully Completed, Status, Successfully Completed, Status, Successfully Completed, Status, Successfully Completed, Status, Successfully Completed, Status, Successfully Completed, Status, Successfully Completed, Status, Successfully Completed, Status, Successfully Completed, Status, Successfully Completed, Status, Successfully Completed, Status, Successfully Completed, Status, Successfully Completed, Status, Successfully Completed, Status, Successfully Completed, Status, Successfully Completed, Status, Successfully Completed, Status, Successfully Completed, Status, Successfully Completed, Status, Successfully Completed, Status, Successfully Completed, Status, Successfully Completed, Status, Successfully Completed, Status, Successfully Completed, Status, Successfully Completed, Status, Successfully Completed, Status, Successfully Completed, Status, Successfully Completed, Status, Successfully Completed, Status, Successfully Completed, Status, Successfully Completed, Status, Successfully Completed, Status, Successfully Completed, Status, Successfully Completed, Status, Successfully Completed, Status, Successfully Completed, Status, Successfully Completed, Status, Successfully Completed, Status, Successfully Completed, Status, Successfully Completed, Status, Successfully Completed, Status, Successfully Completed, Status, Successfully Completed, Status, Successfully Completed, Status, Successfully Completed, Status, Successfully Completed, Status, Successfully Completed, Status, Successfully Completed, Status, Successfully Completed, Status, Successfully Completed, Status, Successfully Completed, Status, Successfully Completed, Status, Successfully Completed, Status, Successfully Completed, Status, Successfully Completed, Status, Successfully Completed, Status, Successfully Completed, Status, Successfully Completed, Status, Successfully Completed, Status, Successfully Completed, Status, Successfully Completed, Status, Successfully Completed, Status, Successfully Completed, Status, Successfully Completed, Status, Successfully Completed, Status, Successfully Completed, Status, Successfully Completed, Status, Successfully Completed, Status, Successfully Completed, Status, Successfully Completed, Status, Successfully Completed, Status, Successfully Completed, Status, Successfully Completed, Status, Successfully Completed, Status, Successfully Completed, Status, Successfully Completed, Status, Successfully Completed, Status, Successfully Completed, Status, Successfully Completed, Status, Successfully Completed, Status, Successfully Completed, Status, Successfully Completed, Status, Successfully Completed, Status, Successfully Completed, Status, Successfully Completed, Status, Successfully Completed, Status, Successfully Completed, Status, Successfully Completed, Status, Successfully Completed, Status, Successfully Completed, Status, Successfully Completed, Status, Successfully Completed, Status, Successfully Completed, Status, Successfully Completed, Status, Successfully Completed, Status, Successfully Completed, Status, Successfully Completed, Status, Successfully Completed, Status, Successfully Completed, Status, Successfully Completed, Status, Successfully Completed, Status, Successfully Completed, Status, Successfully Completed, Status, Successfully Completed, Status, Successfully Completed, Status, Successfully Completed, Status, Successfully Completed, Status, Successfully Completed, Status, Successfully Completed, Status, Successfully Completed, Status, Successfully Completed, Status, Successfully Completed, Status, Successfully Completed, Status, Successfully Completed, Status, Successfully Completed, Status, Successfully Completed, Status]
[neelback4more@gmail.com, Subho1991*, Status, Successfully Completed, Status, Successfully Completed, Status, Successfully Completed, Status, Successfully Completed, Status, Successfully Completed, Status, Successfully Completed, Status, Successfully Completed, Status, Successfully Completed, Status, Successfully Completed, Status, Successfully Completed, Status, Successfully Completed, Status, Successfully Completed, Status, Successfully Completed, Status, Successfully Completed, Status, Successfully Completed, Status, Successfully Completed, Status, Successfully Completed, Status, Successfully Completed, Status, Successfully Completed, Status, Successfully Completed, Status, Successfully Completed, Status, Successfully Completed, Status, Successfully Completed, Status, Successfully Completed, Status, Successfully Completed, Status, Successfully Completed, Status, Successfully Completed, Status, Successfully Completed, Status, Successfully Completed, Status, Successfully Completed, Status, Successfully Completed, Status, Successfully Completed, Status, Successfully Completed, Status, Successfully Completed, Status, Successfully Completed, Status, Successfully Completed, Status, Successfully Completed, Status, Successfully Completed, Status, Successfully Completed, Status, Successfully Completed, Status, Successfully Completed, Status, Successfully Completed, Status, Successfully Completed, Status, Successfully Completed, Status, Successfully Completed, Status, Successfully Completed, Status, Successfully Completed, Status, Successfully Completed, Status, Successfully Completed, Status, Successfully Completed, Status, Successfully Completed, Status, Successfully Completed, Status, Successfully Completed, Status, Successfully Completed, Status, Successfully Completed, Status, Successfully Completed, Status, Successfully Completed, Status, Successfully Completed, Status, Successfully Completed, Status, Successfully Completed, Status, Successfully Completed, Status, Successfully Completed, Status, Successfully Completed, Status, Successfully Completed, Status, Successfully Completed, Status, Successfully Completed, Status, Successfully Completed, Status, Successfully Completed, Status, Successfully Completed, Status, Successfully Completed, Status, Successfully Completed, Status, Successfully Completed, Status, Successfully Completed, Status, Successfully Completed, Status, Successfully Completed, Status, Successfully Completed, Status, Successfully Completed, Status, Successfully Completed, Status, Successfully Completed, Status, Successfully Completed, Status, Successfully Completed, Status, Successfully Completed, Status, Successfully Completed, Status, Successfully Completed, Status, Successfully Completed, Status, Successfully Completed, Status, Successfully Completed, Status, Successfully Completed, Status, Successfully Completed, Status, Successfully Completed, Status, Successfully Completed, Status, Successfully Completed, Status, Successfully Completed, Status, Successfully Completed, Status, Successfully Completed, Status, Successfully Completed, Status, Successfully Completed, Status, Successfully Completed, Status, Successfully Completed, Status, Successfully Completed, Status, Successfully Completed, Status, Successfully Completed, Status, Successfully Completed, Status, Successfully Completed, Status, Successfully Completed, Status, Successfully Completed, Status, Successfully Completed, Status, Successfully Completed, Status, Successfully Completed, Status, Successfully Completed, Status, Successfully Completed, Status, Successfully Completed, Status, Successfully Completed, Status, Successfully Completed, Status, Successfully Completed, Status, Successfully Completed, Status, Successfully Completed, Status, Successfully Completed, Status, Successfully Completed, Status, Successfully Completed, Status, Successfully Completed, Status, Successfully Completed, Status, Successfully Completed, Status, Successfully Completed, Status, Successfully Completed, Status, Successfully Completed, Status, Successfully Completed, Status, Successfully Completed, Status, Successfully Completed, Status, Successfully Completed, Status, Successfully Completed, Status, Successfully Completed, Status, Successfully Completed, Status, Successfully Completed, Status, Successfully Completed, Status, Successfully Completed, Status, Successfully Completed, Status, Successfully Completed, Status, Successfully Completed, Status, Successfully Completed, Status, Successfully Completed, Status, Successfully Completed, Status, Successfully Completed, Status, Successfully Completed, Status, Successfully Completed, Status, Successfully Completed, Status, Successfully Completed, Status, Successfully Completed, Status, Successfully Completed, Status, Successfully Completed, Status, Successfully Completed, Status, Successfully Completed, Status, Successfully Completed, Status, Successfully Completed, Status, Successfully Completed, Status, Successfully Completed, Status, Successfully Completed, Status, Successfully Completed, Status, Successfully Completed, Status, Successfully Completed, Status, Successfully Completed, Status, Successfully Completed, Status, Successfully Completed, Status, Successfully Completed, Status, Successfully Completed, Status, Successfully Completed, Status, Successfully Completed, Status, Successfully Completed, Status, Successfully Completed, Status, Successfully Completed, Status, Successfully Completed, Status, Successfully Completed, Status, Successfully Completed, Status, Successfully Completed, Status, Successfully Completed, Status, Successfully Completed, Status, Successfully Completed, Status, Successfully Completed, Status, Successfully Completed, Status, Successfully Completed, Status, Successfully Completed, Status, Successfully Completed, Status, Successfully Completed, Status, Successfully Completed, Status, Successfully Completed, Status, Successfully Completed, Status, Successfully Completed, Status, Successfully Completed, Status, Successfully Completed, Status, Successfully Completed, Status, Successfully Completed, Status, Successfully Completed, Status, Successfully Completed, Status, Successfully Completed, Status, Successfully Completed, Status, Successfully Completed, Status, Successfully Completed, Status, Successfully Completed]
[neelback4more@gmail.com, Subho1991*, Status, Successfully Completed, Status, Successfully Completed, Status, Successfully Completed, Status, Successfully Completed, Status, Successfully Completed, Status, Successfully Completed, Status, Successfully Completed, Status, Successfully Completed, Status, Successfully Completed, Status, Successfully Completed, Status, Successfully Completed, Status, Successfully Completed, Status, Successfully Completed, Status, Successfully Completed, Status, Successfully Completed, Status, Successfully Completed, Status, Successfully Completed, Status, Successfully Completed, Status, Successfully Completed, Status, Successfully Completed, Status, Successfully Completed, Status, Successfully Completed, Status, Successfully Completed, Status, Successfully Completed, Status, Successfully Completed, Status, Successfully Completed, Status, Successfully Completed, Status, Successfully Completed, Status, Successfully Completed, Status, Successfully Completed, Status, Successfully Completed, Status, Successfully Completed, Status, Successfully Completed, Status, Successfully Completed, Status, Successfully Completed, Status, Successfully Completed, Status, Successfully Completed, Status, Successfully Completed, Status, Successfully Completed, Status, Successfully Completed, Status, Successfully Completed, Status, Successfully Completed, Status, Successfully Completed, Status, Successfully Completed, Status, Successfully Completed, Status, Successfully Completed, Status, Successfully Completed, Status, Successfully Completed, Status, Successfully Completed, Status, Successfully Completed, Status, Successfully Completed, Status, Successfully Completed, Status, Successfully Completed, Status, Successfully Completed, Status, Successfully Completed, Status, Successfully Completed, Status, Successfully Completed, Status, Successfully Completed, Status, Successfully Completed, Status, Successfully Completed, Status, Successfully Completed, Status, Successfully Completed, Status, Successfully Completed, Status, Successfully Completed, Status, Successfully Completed, Status, Successfully Completed, Status, Successfully Completed, Status, Successfully Completed, Status, Successfully Completed, Status, Successfully Completed, Status, Successfully Completed, Status, Successfully Completed, Status, Successfully Completed, Status, Successfully Completed, Status, Successfully Completed, Status, Successfully Completed, Status, Successfully Completed, Status, Successfully Completed, Status, Successfully Completed, Status, Successfully Completed, Status, Successfully Completed, Status, Successfully Completed, Status, Successfully Completed, Status, Successfully Completed, Status, Successfully Completed, Status, Successfully Completed, Status, Successfully Completed, Status, Successfully Completed, Status, Successfully Completed, Status, Successfully Completed, Status, Successfully Completed, Status, Successfully Completed, Status, Successfully Completed, Status, Successfully Completed, Status, Successfully Completed, Status, Successfully Completed, Status, Successfully Completed, Status, Successfully Completed, Status, Successfully Completed, Status, Successfully Completed, Status, Successfully Completed, Status, Successfully Completed, Status, Successfully Completed, Status, Successfully Completed, Status, Successfully Completed, Status, Successfully Completed, Status, Successfully Completed, Status, Successfully Completed, Status, Successfully Completed, Status, Successfully Completed, Status, Successfully Completed, Status, Successfully Completed, Status, Successfully Completed, Status, Successfully Completed, Status, Successfully Completed, Status, Successfully Completed, Status, Successfully Completed, Status, Successfully Completed, Status, Successfully Completed, Status, Successfully Completed, Status, Successfully Completed, Status, Successfully Completed, Status, Successfully Completed, Status, Successfully Completed, Status, Successfully Completed, Status, Successfully Completed, Status, Successfully Completed, Status, Successfully Completed, Status, Successfully Completed, Status, Successfully Completed, Status, Successfully Completed, Status, Successfully Completed, Status, Successfully Completed, Status, Successfully Completed, Status, Successfully Completed, Status, Successfully Completed, Status, Successfully Completed, Status, Successfully Completed, Status, Successfully Completed, Status, Successfully Completed, Status, Successfully Completed, Status, Successfully Completed, Status, Successfully Completed, Status, Successfully Completed, Status, Successfully Completed, Status, Successfully Completed, Status, Successfully Completed, Status, Successfully Completed, Status, Successfully Completed, Status, Successfully Completed, Status, Successfully Completed, Status, Successfully Completed, Status, Successfully Completed, Status, Successfully Completed, Status, Successfully Completed, Status, Successfully Completed, Status, Successfully Completed, Status, Successfully Completed, Status, Successfully Completed, Status, Successfully Completed, Status, Successfully Completed, Status, Successfully Completed, Status, Successfully Completed, Status, Successfully Completed, Status, Successfully Completed, Status, Successfully Completed, Status, Successfully Completed, Status, Successfully Completed, Status, Successfully Completed, Status, Successfully Completed, Status, Successfully Completed, Status, Successfully Completed, Status, Successfully Completed, Status, Successfully Completed, Status, Successfully Completed, Status, Successfully Completed, Status, Successfully Completed, Status, Successfully Completed, Status, Successfully Completed, Status, Successfully Completed, Status, Successfully Completed, Status, Successfully Completed, Status, Successfully Completed, Status, Successfully Completed, Status, Successfully Completed, Status, Successfully Completed, Status, Successfully Completed, Status, Successfully Completed, Status, Successfully Completed, Status, Successfully Completed, Status, Successfully Completed, Status, Successfully Completed, Status, Successfully Completed, Status, Successfully Completed, Status, Successfully Completed, Status, Successfully Completed, Status, Successfully Completed, Status, Successfully Completed, Status]
[neelback4more@gmail.com, Subho1991*, Status, Successfully Completed, Status, Successfully Completed, Status, Successfully Completed, Status, Successfully Completed, Status, Successfully Completed, Status, Successfully Completed, Status, Successfully Completed, Status, Successfully Completed, Status, Successfully Completed, Status, Successfully Completed, Status, Successfully Completed, Status, Successfully Completed, Status, Successfully Completed, Status, Successfully Completed, Status, Successfully Completed, Status, Successfully Completed, Status, Successfully Completed, Status, Successfully Completed, Status, Successfully Completed, Status, Successfully Completed, Status, Successfully Completed, Status, Successfully Completed, Status, Successfully Completed, Status, Successfully Completed, Status, Successfully Completed, Status, Successfully Completed, Status, Successfully Completed, Status, Successfully Completed, Status, Successfully Completed, Status, Successfully Completed, Status, Successfully Completed, Status, Successfully Completed, Status, Successfully Completed, Status, Successfully Completed, Status, Successfully Completed, Status, Successfully Completed, Status, Successfully Completed, Status, Successfully Completed, Status, Successfully Completed, Status, Successfully Completed, Status, Successfully Completed, Status, Successfully Completed, Status, Successfully Completed, Status, Successfully Completed, Status, Successfully Completed, Status, Successfully Completed, Status, Successfully Completed, Status, Successfully Completed, Status, Successfully Completed, Status, Successfully Completed, Status, Successfully Completed, Status, Successfully Completed, Status, Successfully Completed, Status, Successfully Completed, Status, Successfully Completed, Status, Successfully Completed, Status, Successfully Completed, Status, Successfully Completed, Status, Successfully Completed, Status, Successfully Completed, Status, Successfully Completed, Status, Successfully Completed, Status, Successfully Completed, Status, Successfully Completed, Status, Successfully Completed, Status, Successfully Completed, Status, Successfully Completed, Status, Successfully Completed, Status, Successfully Completed, Status, Successfully Completed, Status, Successfully Completed, Status, Successfully Completed, Status, Successfully Completed, Status, Successfully Completed, Status, Successfully Completed, Status, Successfully Completed, Status, Successfully Completed, Status, Successfully Completed, Status, Successfully Completed, Status, Successfully Completed, Status, Successfully Completed, Status, Successfully Completed, Status, Successfully Completed, Status, Successfully Completed, Status, Successfully Completed, Status, Successfully Completed, Status, Successfully Completed, Status, Successfully Completed, Status, Successfully Completed, Status, Successfully Completed, Status, Successfully Completed, Status, Successfully Completed, Status, Successfully Completed, Status, Successfully Completed, Status, Successfully Completed, Status, Successfully Completed, Status, Successfully Completed, Status, Successfully Completed, Status, Successfully Completed, Status, Successfully Completed, Status, Successfully Completed, Status, Successfully Completed, Status, Successfully Completed, Status, Successfully Completed, Status, Successfully Completed, Status, Successfully Completed, Status, Successfully Completed, Status, Successfully Completed, Status, Successfully Completed, Status, Successfully Completed, Status, Successfully Completed, Status, Successfully Completed, Status, Successfully Completed, Status, Successfully Completed, Status, Successfully Completed, Status, Successfully Completed, Status, Successfully Completed, Status, Successfully Completed, Status, Successfully Completed, Status, Successfully Completed, Status, Successfully Completed, Status, Successfully Completed, Status, Successfully Completed, Status, Successfully Completed, Status, Successfully Completed, Status, Successfully Completed, Status, Successfully Completed, Status, Successfully Completed, Status, Successfully Completed, Status, Successfully Completed, Status, Successfully Completed, Status, Successfully Completed, Status, Successfully Completed, Status, Successfully Completed, Status, Successfully Completed, Status, Successfully Completed, Status, Successfully Completed, Status, Successfully Completed, Status, Successfully Completed, Status, Successfully Completed, Status, Successfully Completed, Status, Successfully Completed, Status, Successfully Completed, Status, Successfully Completed, Status, Successfully Completed, Status, Successfully Completed, Status, Successfully Completed, Status, Successfully Completed, Status, Successfully Completed, Status, Successfully Completed, Status, Successfully Completed, Status, Successfully Completed, Status, Successfully Completed, Status, Successfully Completed, Status, Successfully Completed, Status, Successfully Completed, Status, Successfully Completed, Status, Successfully Completed, Status, Successfully Completed, Status, Successfully Completed, Status, Successfully Completed, Status, Successfully Completed, Status, Successfully Completed, Status, Successfully Completed, Status, Successfully Completed, Status, Successfully Completed, Status, Successfully Completed, Status, Successfully Completed, Status, Successfully Completed, Status, Successfully Completed, Status, Successfully Completed, Status, Successfully Completed, Status, Successfully Completed, Status, Successfully Completed, Status, Successfully Completed, Status, Successfully Completed, Status, Successfully Completed, Status, Successfully Completed, Status, Successfully Completed, Status, Successfully Completed, Status, Successfully Completed, Status, Successfully Completed, Status, Successfully Completed, Status, Successfully Completed, Status, Successfully Completed, Status, Successfully Completed, Status, Successfully Completed, Status, Successfully Completed, Status, Successfully Completed, Status, Successfully Completed, Status, Successfully Completed, Status, Successfully Completed, Status, Successfully Completed, Status, Successfully Completed, Status, Successfully Completed, Status, Successfully Completed, Status, Successfully Completed, Status, Successfully Completed, Status, Successfully Completed]
[neelback4more@gmail.com, Subho1991*, Status, Successfully Completed, Status, Successfully Completed, Status, Successfully Completed, Status, Successfully Completed, Status, Successfully Completed, Status, Successfully Completed, Status, Successfully Completed, Status, Successfully Completed, Status, Successfully Completed, Status, Successfully Completed, Status, Successfully Completed, Status, Successfully Completed, Status, Successfully Completed, Status, Successfully Completed, Status, Successfully Completed, Status, Successfully Completed, Status, Successfully Completed, Status, Successfully Completed, Status, Successfully Completed, Status, Successfully Completed, Status, Successfully Completed, Status, Successfully Completed, Status, Successfully Completed, Status, Successfully Completed, Status, Successfully Completed, Status, Successfully Completed, Status, Successfully Completed, Status, Successfully Completed, Status, Successfully Completed, Status, Successfully Completed, Status, Successfully Completed, Status, Successfully Completed, Status, Successfully Completed, Status, Successfully Completed, Status, Successfully Completed, Status, Successfully Completed, Status, Successfully Completed, Status, Successfully Completed, Status, Successfully Completed, Status, Successfully Completed, Status, Successfully Completed, Status, Successfully Completed, Status, Successfully Completed, Status, Successfully Completed, Status, Successfully Completed, Status, Successfully Completed, Status, Successfully Completed, Status, Successfully Completed, Status, Successfully Completed, Status, Successfully Completed, Status, Successfully Completed, Status, Successfully Completed, Status, Successfully Completed, Status, Successfully Completed, Status, Successfully Completed, Status, Successfully Completed, Status, Successfully Completed, Status, Successfully Completed, Status, Successfully Completed, Status, Successfully Completed, Status, Successfully Completed, Status, Successfully Completed, Status, Successfully Completed, Status, Successfully Completed, Status, Successfully Completed, Status, Successfully Completed, Status, Successfully Completed, Status, Successfully Completed, Status, Successfully Completed, Status, Successfully Completed, Status, Successfully Completed, Status, Successfully Completed, Status, Successfully Completed, Status, Successfully Completed, Status, Successfully Completed, Status, Successfully Completed, Status, Successfully Completed, Status, Successfully Completed, Status, Successfully Completed, Status, Successfully Completed, Status, Successfully Completed, Status, Successfully Completed, Status, Successfully Completed, Status, Successfully Completed, Status, Successfully Completed, Status, Successfully Completed, Status, Successfully Completed, Status, Successfully Completed, Status, Successfully Completed, Status, Successfully Completed, Status, Successfully Completed, Status, Successfully Completed, Status, Successfully Completed, Status, Successfully Completed, Status, Successfully Completed, Status, Successfully Completed, Status, Successfully Completed, Status, Successfully Completed, Status, Successfully Completed, Status, Successfully Completed, Status, Successfully Completed, Status, Successfully Completed, Status, Successfully Completed, Status, Successfully Completed, Status, Successfully Completed, Status, Successfully Completed, Status, Successfully Completed, Status, Successfully Completed, Status, Successfully Completed, Status, Successfully Completed, Status, Successfully Completed, Status, Successfully Completed, Status, Successfully Completed, Status, Successfully Completed, Status, Successfully Completed, Status, Successfully Completed, Status, Successfully Completed, Status, Successfully Completed, Status, Successfully Completed, Status, Successfully Completed, Status, Successfully Completed, Status, Successfully Completed, Status, Successfully Completed, Status, Successfully Completed, Status, Successfully Completed, Status, Successfully Completed, Status, Successfully Completed, Status, Successfully Completed, Status, Successfully Completed, Status, Successfully Completed, Status, Successfully Completed, Status, Successfully Completed, Status, Successfully Completed, Status, Successfully Completed, Status, Successfully Completed, Status, Successfully Completed, Status, Successfully Completed, Status, Successfully Completed, Status, Successfully Completed, Status, Successfully Completed, Status, Successfully Completed, Status, Successfully Completed, Status, Successfully Completed, Status, Successfully Completed, Status, Successfully Completed, Status, Successfully Completed, Status, Successfully Completed, Status, Successfully Completed, Status, Successfully Completed, Status, Successfully Completed, Status, Successfully Completed, Status, Successfully Completed, Status, Successfully Completed, Status, Successfully Completed, Status, Successfully Completed, Status, Successfully Completed, Status, Successfully Completed, Status, Successfully Completed, Status, Successfully Completed, Status, Successfully Completed, Status, Successfully Completed, Status, Successfully Completed, Status, Successfully Completed, Status, Successfully Completed, Status, Successfully Completed, Status, Successfully Completed, Status, Successfully Completed, Status, Successfully Completed, Status, Successfully Completed, Status, Successfully Completed, Status, Successfully Completed, Status, Successfully Completed, Status, Successfully Completed, Status, Successfully Completed, Status, Successfully Completed, Status, Successfully Completed, Status, Successfully Completed, Status, Successfully Completed, Status, Successfully Completed, Status, Successfully Completed, Status, Successfully Completed, Status, Successfully Completed, Status, Successfully Completed, Status, Successfully Completed, Status, Successfully Completed, Status, Successfully Completed, Status, Successfully Completed, Status, Successfully Completed, Status, Successfully Completed, Status, Successfully Completed, Status, Successfully Completed, Status, Successfully Completed, Status, Successfully Completed, Status, Successfully Completed, Status, Successfully Completed, Status, Successfully Completed, Status, Successfully Completed, Status, Successfully Completed, Status, Successfully Completed, Status]
[neelback4more@gmail.com, Subho1991*, Status, Successfully Completed, Status, Successfully Completed, Status, Successfully Completed, Status, Successfully Completed, Status, Successfully Completed, Status, Successfully Completed, Status, Successfully Completed, Status, Successfully Completed, Status, Successfully Completed, Status, Successfully Completed, Status, Successfully Completed, Status, Successfully Completed, Status, Successfully Completed, Status, Successfully Completed, Status, Successfully Completed, Status, Successfully Completed, Status, Successfully Completed, Status, Successfully Completed, Status, Successfully Completed, Status, Successfully Completed, Status, Successfully Completed, Status, Successfully Completed, Status, Successfully Completed, Status, Successfully Completed, Status, Successfully Completed, Status, Successfully Completed, Status, Successfully Completed, Status, Successfully Completed, Status, Successfully Completed, Status, Successfully Completed, Status, Successfully Completed, Status, Successfully Completed, Status, Successfully Completed, Status, Successfully Completed, Status, Successfully Completed, Status, Successfully Completed, Status, Successfully Completed, Status, Successfully Completed, Status, Successfully Completed, Status, Successfully Completed, Status, Successfully Completed, Status, Successfully Completed, Status, Successfully Completed, Status, Successfully Completed, Status, Successfully Completed, Status, Successfully Completed, Status, Successfully Completed, Status, Successfully Completed, Status, Successfully Completed, Status, Successfully Completed, Status, Successfully Completed, Status, Successfully Completed, Status, Successfully Completed, Status, Successfully Completed, Status, Successfully Completed, Status, Successfully Completed, Status, Successfully Completed, Status, Successfully Completed, Status, Successfully Completed, Status, Successfully Completed, Status, Successfully Completed, Status, Successfully Completed, Status, Successfully Completed, Status, Successfully Completed, Status, Successfully Completed, Status, Successfully Completed, Status, Successfully Completed, Status, Successfully Completed, Status, Successfully Completed, Status, Successfully Completed, Status, Successfully Completed, Status, Successfully Completed, Status, Successfully Completed, Status, Successfully Completed, Status, Successfully Completed, Status, Successfully Completed, Status, Successfully Completed, Status, Successfully Completed, Status, Successfully Completed, Status, Successfully Completed, Status, Successfully Completed, Status, Successfully Completed, Status, Successfully Completed, Status, Successfully Completed, Status, Successfully Completed, Status, Successfully Completed, Status, Successfully Completed, Status, Successfully Completed, Status, Successfully Completed, Status, Successfully Completed, Status, Successfully Completed, Status, Successfully Completed, Status, Successfully Completed, Status, Successfully Completed, Status, Successfully Completed, Status, Successfully Completed, Status, Successfully Completed, Status, Successfully Completed, Status, Successfully Completed, Status, Successfully Completed, Status, Successfully Completed, Status, Successfully Completed, Status, Successfully Completed, Status, Successfully Completed, Status, Successfully Completed, Status, Successfully Completed, Status, Successfully Completed, Status, Successfully Completed, Status, Successfully Completed, Status, Successfully Completed, Status, Successfully Completed, Status, Successfully Completed, Status, Successfully Completed, Status, Successfully Completed, Status, Successfully Completed, Status, Successfully Completed, Status, Successfully Completed, Status, Successfully Completed, Status, Successfully Completed, Status, Successfully Completed, Status, Successfully Completed, Status, Successfully Completed, Status, Successfully Completed, Status, Successfully Completed, Status, Successfully Completed, Status, Successfully Completed, Status, Successfully Completed, Status, Successfully Completed, Status, Successfully Completed, Status, Successfully Completed, Status, Successfully Completed, Status, Successfully Completed, Status, Successfully Completed, Status, Successfully Completed, Status, Successfully Completed, Status, Successfully Completed, Status, Successfully Completed, Status, Successfully Completed, Status, Successfully Completed, Status, Successfully Completed, Status, Successfully Completed, Status, Successfully Completed, Status, Successfully Completed, Status, Successfully Completed, Status, Successfully Completed, Status, Successfully Completed, Status, Successfully Completed, Status, Successfully Completed, Status, Successfully Completed, Status, Successfully Completed, Status, Successfully Completed, Status, Successfully Completed, Status, Successfully Completed, Status, Successfully Completed, Status, Successfully Completed, Status, Successfully Completed, Status, Successfully Completed, Status, Successfully Completed, Status, Successfully Completed, Status, Successfully Completed, Status, Successfully Completed, Status, Successfully Completed, Status, Successfully Completed, Status, Successfully Completed, Status, Successfully Completed, Status, Successfully Completed, Status, Successfully Completed, Status, Successfully Completed, Status, Successfully Completed, Status, Successfully Completed, Status, Successfully Completed, Status, Successfully Completed, Status, Successfully Completed, Status, Successfully Completed, Status, Successfully Completed, Status, Successfully Completed, Status, Successfully Completed, Status, Successfully Completed, Status, Successfully Completed, Status, Successfully Completed, Status, Successfully Completed, Status, Successfully Completed, Status, Successfully Completed, Status, Successfully Completed, Status, Successfully Completed, Status, Successfully Completed, Status, Successfully Completed, Status, Successfully Completed, Status, Successfully Completed, Status, Successfully Completed, Status, Successfully Completed, Status, Successfully Completed, Status, Successfully Completed, Status, Successfully Completed, Status, Successfully Completed, Status, Successfully Completed, Status, Successfully Completed, Status, Successfully Completed, Status, Successfully Completed, Status, Successfully Completed]
[neelback4more@gmail.com, Subho1991*, Status, Successfully Completed, Status, Successfully Completed, Status, Successfully Completed, Status, Successfully Completed, Status, Successfully Completed, Status, Successfully Completed, Status, Successfully Completed, Status, Successfully Completed, Status, Successfully Completed, Status, Successfully Completed, Status, Successfully Completed, Status, Successfully Completed, Status, Successfully Completed, Status, Successfully Completed, Status, Successfully Completed, Status, Successfully Completed, Status, Successfully Completed, Status, Successfully Completed, Status, Successfully Completed, Status, Successfully Completed, Status, Successfully Completed, Status, Successfully Completed, Status, Successfully Completed, Status, Successfully Completed, Status, Successfully Completed, Status, Successfully Completed, Status, Successfully Completed, Status, Successfully Completed, Status, Successfully Completed, Status, Successfully Completed, Status, Successfully Completed, Status, Successfully Completed, Status, Successfully Completed, Status, Successfully Completed, Status, Successfully Completed, Status, Successfully Completed, Status, Successfully Completed, Status, Successfully Completed, Status, Successfully Completed, Status, Successfully Completed, Status, Successfully Completed, Status, Successfully Completed, Status, Successfully Completed, Status, Successfully Completed, Status, Successfully Completed, Status, Successfully Completed, Status, Successfully Completed, Status, Successfully Completed, Status, Successfully Completed, Status, Successfully Completed, Status, Successfully Completed, Status, Successfully Completed, Status, Successfully Completed, Status, Successfully Completed, Status, Successfully Completed, Status, Successfully Completed, Status, Successfully Completed, Status, Successfully Completed, Status, Successfully Completed, Status, Successfully Completed, Status, Successfully Completed, Status, Successfully Completed, Status, Successfully Completed, Status, Successfully Completed, Status, Successfully Completed, Status, Successfully Completed, Status, Successfully Completed, Status, Successfully Completed, Status, Successfully Completed, Status, Successfully Completed, Status, Successfully Completed, Status, Successfully Completed, Status, Successfully Completed, Status, Successfully Completed, Status, Successfully Completed, Status, Successfully Completed, Status, Successfully Completed, Status, Successfully Completed, Status, Successfully Completed, Status, Successfully Completed, Status, Successfully Completed, Status, Successfully Completed, Status, Successfully Completed, Status, Successfully Completed, Status, Successfully Completed, Status, Successfully Completed, Status, Successfully Completed, Status, Successfully Completed, Status, Successfully Completed, Status, Successfully Completed, Status, Successfully Completed, Status, Successfully Completed, Status, Successfully Completed, Status, Successfully Completed, Status, Successfully Completed, Status, Successfully Completed, Status, Successfully Completed, Status, Successfully Completed, Status, Successfully Completed, Status, Successfully Completed, Status, Successfully Completed, Status, Successfully Completed, Status, Successfully Completed, Status, Successfully Completed, Status, Successfully Completed, Status, Successfully Completed, Status, Successfully Completed, Status, Successfully Completed, Status, Successfully Completed, Status, Successfully Completed, Status, Successfully Completed, Status, Successfully Completed, Status, Successfully Completed, Status, Successfully Completed, Status, Successfully Completed, Status, Successfully Completed, Status, Successfully Completed, Status, Successfully Completed, Status, Successfully Completed, Status, Successfully Completed, Status, Successfully Completed, Status, Successfully Completed, Status, Successfully Completed, Status, Successfully Completed, Status, Successfully Completed, Status, Successfully Completed, Status, Successfully Completed, Status, Successfully Completed, Status, Successfully Completed, Status, Successfully Completed, Status, Successfully Completed, Status, Successfully Completed, Status, Successfully Completed, Status, Successfully Completed, Status, Successfully Completed, Status, Successfully Completed, Status, Successfully Completed, Status, Successfully Completed, Status, Successfully Completed, Status, Successfully Completed, Status, Successfully Completed, Status, Successfully Completed, Status, Successfully Completed, Status, Successfully Completed, Status, Successfully Completed, Status, Successfully Completed, Status, Successfully Completed, Status, Successfully Completed, Status, Successfully Completed, Status, Successfully Completed, Status, Successfully Completed, Status, Successfully Completed, Status, Successfully Completed, Status, Successfully Completed, Status, Successfully Completed, Status, Successfully Completed, Status, Successfully Completed, Status, Successfully Completed, Status, Successfully Completed, Status, Successfully Completed, Status, Successfully Completed, Status, Successfully Completed, Status, Successfully Completed, Status, Successfully Completed, Status, Successfully Completed, Status, Successfully Completed, Status, Successfully Completed, Status, Successfully Completed, Status, Successfully Completed, Status, Successfully Completed, Status, Successfully Completed, Status, Successfully Completed, Status, Successfully Completed, Status, Successfully Completed, Status, Successfully Completed, Status, Successfully Completed, Status, Successfully Completed, Status, Successfully Completed, Status, Successfully Completed, Status, Successfully Completed, Status, Successfully Completed, Status, Successfully Completed, Status, Successfully Completed, Status, Successfully Completed, Status, Successfully Completed, Status, Successfully Completed, Status, Successfully Completed, Status, Successfully Completed, Status, Successfully Completed, Status, Successfully Completed, Status, Successfully Completed, Status, Successfully Completed, Status, Successfully Completed, Status, Successfully Completed, Status, Successfully Completed, Status, Successfully Completed, Status, Successfully Completed, Status, Successfully Completed, Status, Successfully Completed, Status, Successfully Completed, Status]
[neelback4more@gmail.com, Subho1991*, Status, Successfully Completed, Status, Successfully Completed, Status, Successfully Completed, Status, Successfully Completed, Status, Successfully Completed, Status, Successfully Completed, Status, Successfully Completed, Status, Successfully Completed, Status, Successfully Completed, Status, Successfully Completed, Status, Successfully Completed, Status, Successfully Completed, Status, Successfully Completed, Status, Successfully Completed, Status, Successfully Completed, Status, Successfully Completed, Status, Successfully Completed, Status, Successfully Completed, Status, Successfully Completed, Status, Successfully Completed, Status, Successfully Completed, Status, Successfully Completed, Status, Successfully Completed, Status, Successfully Completed, Status, Successfully Completed, Status, Successfully Completed, Status, Successfully Completed, Status, Successfully Completed, Status, Successfully Completed, Status, Successfully Completed, Status, Successfully Completed, Status, Successfully Completed, Status, Successfully Completed, Status, Successfully Completed, Status, Successfully Completed, Status, Successfully Completed, Status, Successfully Completed, Status, Successfully Completed, Status, Successfully Completed, Status, Successfully Completed, Status, Successfully Completed, Status, Successfully Completed, Status, Successfully Completed, Status, Successfully Completed, Status, Successfully Completed, Status, Successfully Completed, Status, Successfully Completed, Status, Successfully Completed, Status, Successfully Completed, Status, Successfully Completed, Status, Successfully Completed, Status, Successfully Completed, Status, Successfully Completed, Status, Successfully Completed, Status, Successfully Completed, Status, Successfully Completed, Status, Successfully Completed, Status, Successfully Completed, Status, Successfully Completed, Status, Successfully Completed, Status, Successfully Completed, Status, Successfully Completed, Status, Successfully Completed, Status, Successfully Completed, Status, Successfully Completed, Status, Successfully Completed, Status, Successfully Completed, Status, Successfully Completed, Status, Successfully Completed, Status, Successfully Completed, Status, Successfully Completed, Status, Successfully Completed, Status, Successfully Completed, Status, Successfully Completed, Status, Successfully Completed, Status, Successfully Completed, Status, Successfully Completed, Status, Successfully Completed, Status, Successfully Completed, Status, Successfully Completed, Status, Successfully Completed, Status, Successfully Completed, Status, Successfully Completed, Status, Successfully Completed, Status, Successfully Completed, Status, Successfully Completed, Status, Successfully Completed, Status, Successfully Completed, Status, Successfully Completed, Status, Successfully Completed, Status, Successfully Completed, Status, Successfully Completed, Status, Successfully Completed, Status, Successfully Completed, Status, Successfully Completed, Status, Successfully Completed, Status, Successfully Completed, Status, Successfully Completed, Status, Successfully Completed, Status, Successfully Completed, Status, Successfully Completed, Status, Successfully Completed, Status, Successfully Completed, Status, Successfully Completed, Status, Successfully Completed, Status, Successfully Completed, Status, Successfully Completed, Status, Successfully Completed, Status, Successfully Completed, Status, Successfully Completed, Status, Successfully Completed, Status, Successfully Completed, Status, Successfully Completed, Status, Successfully Completed, Status, Successfully Completed, Status, Successfully Completed, Status, Successfully Completed, Status, Successfully Completed, Status, Successfully Completed, Status, Successfully Completed, Status, Successfully Completed, Status, Successfully Completed, Status, Successfully Completed, Status, Successfully Completed, Status, Successfully Completed, Status, Successfully Completed, Status, Successfully Completed, Status, Successfully Completed, Status, Successfully Completed, Status, Successfully Completed, Status, Successfully Completed, Status, Successfully Completed, Status, Successfully Completed, Status, Successfully Completed, Status, Successfully Completed, Status, Successfully Completed, Status, Successfully Completed, Status, Successfully Completed, Status, Successfully Completed, Status, Successfully Completed, Status, Successfully Completed, Status, Successfully Completed, Status, Successfully Completed, Status, Successfully Completed, Status, Successfully Completed, Status, Successfully Completed, Status, Successfully Completed, Status, Successfully Completed, Status, Successfully Completed, Status, Successfully Completed, Status, Successfully Completed, Status, Successfully Completed, Status, Successfully Completed, Status, Successfully Completed, Status, Successfully Completed, Status, Successfully Completed, Status, Successfully Completed, Status, Successfully Completed, Status, Successfully Completed, Status, Successfully Completed, Status, Successfully Completed, Status, Successfully Completed, Status, Successfully Completed, Status, Successfully Completed, Status, Successfully Completed, Status, Successfully Completed, Status, Successfully Completed, Status, Successfully Completed, Status, Successfully Completed, Status, Successfully Completed, Status, Successfully Completed, Status, Successfully Completed, Status, Successfully Completed, Status, Successfully Completed, Status, Successfully Completed, Status, Successfully Completed, Status, Successfully Completed, Status, Successfully Completed, Status, Successfully Completed, Status, Successfully Completed, Status, Successfully Completed, Status, Successfully Completed, Status, Successfully Completed, Status, Successfully Completed, Status, Successfully Completed, Status, Successfully Completed, Status, Successfully Completed, Status, Successfully Completed, Status, Successfully Completed, Status, Successfully Completed, Status, Successfully Completed, Status, Successfully Completed, Status, Successfully Completed, Status, Successfully Completed, Status, Successfully Completed, Status, Successfully Completed, Status, Successfully Completed, Status, Successfully Completed, Status, Successfully Completed, Status, Successfully Completed, Status, Successfully Completed]
[neelback4more@gmail.com, Subho1991*, Status, Successfully Completed, Status, Successfully Completed, Status, Successfully Completed, Status, Successfully Completed, Status, Successfully Completed, Status, Successfully Completed, Status, Successfully Completed, Status, Successfully Completed, Status, Successfully Completed, Status, Successfully Completed, Status, Successfully Completed, Status, Successfully Completed, Status, Successfully Completed, Status, Successfully Completed, Status, Successfully Completed, Status, Successfully Completed, Status, Successfully Completed, Status, Successfully Completed, Status, Successfully Completed, Status, Successfully Completed, Status, Successfully Completed, Status, Successfully Completed, Status, Successfully Completed, Status, Successfully Completed, Status, Successfully Completed, Status, Successfully Completed, Status, Successfully Completed, Status, Successfully Completed, Status, Successfully Completed, Status, Successfully Completed, Status, Successfully Completed, Status, Successfully Completed, Status, Successfully Completed, Status, Successfully Completed, Status, Successfully Completed, Status, Successfully Completed, Status, Successfully Completed, Status, Successfully Completed, Status, Successfully Completed, Status, Successfully Completed, Status, Successfully Completed, Status, Successfully Completed, Status, Successfully Completed, Status, Successfully Completed, Status, Successfully Completed, Status, Successfully Completed, Status, Successfully Completed, Status, Successfully Completed, Status, Successfully Completed, Status, Successfully Completed, Status, Successfully Completed, Status, Successfully Completed, Status, Successfully Completed, Status, Successfully Completed, Status, Successfully Completed, Status, Successfully Completed, Status, Successfully Completed, Status, Successfully Completed, Status, Successfully Completed, Status, Successfully Completed, Status, Successfully Completed, Status, Successfully Completed, Status, Successfully Completed, Status, Successfully Completed, Status, Successfully Completed, Status, Successfully Completed, Status, Successfully Completed, Status, Successfully Completed, Status, Successfully Completed, Status, Successfully Completed, Status, Successfully Completed, Status, Successfully Completed, Status, Successfully Completed, Status, Successfully Completed, Status, Successfully Completed, Status, Successfully Completed, Status, Successfully Completed, Status, Successfully Completed, Status, Successfully Completed, Status, Successfully Completed, Status, Successfully Completed, Status, Successfully Completed, Status, Successfully Completed, Status, Successfully Completed, Status, Successfully Completed, Status, Successfully Completed, Status, Successfully Completed, Status, Successfully Completed, Status, Successfully Completed, Status, Successfully Completed, Status, Successfully Completed, Status, Successfully Completed, Status, Successfully Completed, Status, Successfully Completed, Status, Successfully Completed, Status, Successfully Completed, Status, Successfully Completed, Status, Successfully Completed, Status, Successfully Completed, Status, Successfully Completed, Status, Successfully Completed, Status, Successfully Completed, Status, Successfully Completed, Status, Successfully Completed, Status, Successfully Completed, Status, Successfully Completed, Status, Successfully Completed, Status, Successfully Completed, Status, Successfully Completed, Status, Successfully Completed, Status, Successfully Completed, Status, Successfully Completed, Status, Successfully Completed, Status, Successfully Completed, Status, Successfully Completed, Status, Successfully Completed, Status, Successfully Completed, Status, Successfully Completed, Status, Successfully Completed, Status, Successfully Completed, Status, Successfully Completed, Status, Successfully Completed, Status, Successfully Completed, Status, Successfully Completed, Status, Successfully Completed, Status, Successfully Completed, Status, Successfully Completed, Status, Successfully Completed, Status, Successfully Completed, Status, Successfully Completed, Status, Successfully Completed, Status, Successfully Completed, Status, Successfully Completed, Status, Successfully Completed, Status, Successfully Completed, Status, Successfully Completed, Status, Successfully Completed, Status, Successfully Completed, Status, Successfully Completed, Status, Successfully Completed, Status, Successfully Completed, Status, Successfully Completed, Status, Successfully Completed, Status, Successfully Completed, Status, Successfully Completed, Status, Successfully Completed, Status, Successfully Completed, Status, Successfully Completed, Status, Successfully Completed, Status, Successfully Completed, Status, Successfully Completed, Status, Successfully Completed, Status, Successfully Completed, Status, Successfully Completed, Status, Successfully Completed, Status, Successfully Completed, Status, Successfully Completed, Status, Successfully Completed, Status, Successfully Completed, Status, Successfully Completed, Status, Successfully Completed, Status, Successfully Completed, Status, Successfully Completed, Status, Successfully Completed, Status, Successfully Completed, Status, Successfully Completed, Status, Successfully Completed, Status, Successfully Completed, Status, Successfully Completed, Status, Successfully Completed, Status, Successfully Completed, Status, Successfully Completed, Status, Successfully Completed, Status, Successfully Completed, Status, Successfully Completed, Status, Successfully Completed, Status, Successfully Completed, Status, Successfully Completed, Status, Successfully Completed, Status, Successfully Completed, Status, Successfully Completed, Status, Successfully Completed, Status, Successfully Completed, Status, Successfully Completed, Status, Successfully Completed, Status, Successfully Completed, Status, Successfully Completed, Status, Successfully Completed, Status, Successfully Completed, Status, Successfully Completed, Status, Successfully Completed, Status, Successfully Completed, Status, Successfully Completed, Status, Successfully Completed, Status, Successfully Completed, Status, Successfully Completed, Status, Successfully Completed, Status, Successfully Completed, Status, Successfully Completed, Status, Successfully Completed, Status, Successfully Completed, Status]
[neelback4more@gmail.com, Subho1991*, Status, Successfully Completed, Status, Successfully Completed, Status, Successfully Completed, Status, Successfully Completed, Status, Successfully Completed, Status, Successfully Completed, Status, Successfully Completed, Status, Successfully Completed, Status, Successfully Completed, Status, Successfully Completed, Status, Successfully Completed, Status, Successfully Completed, Status, Successfully Completed, Status, Successfully Completed, Status, Successfully Completed, Status, Successfully Completed, Status, Successfully Completed, Status, Successfully Completed, Status, Successfully Completed, Status, Successfully Completed, Status, Successfully Completed, Status, Successfully Completed, Status, Successfully Completed, Status, Successfully Completed, Status, Successfully Completed, Status, Successfully Completed, Status, Successfully Completed, Status, Successfully Completed, Status, Successfully Completed, Status, Successfully Completed, Status, Successfully Completed, Status, Successfully Completed, Status, Successfully Completed, Status, Successfully Completed, Status, Successfully Completed, Status, Successfully Completed, Status, Successfully Completed, Status, Successfully Completed, Status, Successfully Completed, Status, Successfully Completed, Status, Successfully Completed, Status, Successfully Completed, Status, Successfully Completed, Status, Successfully Completed, Status, Successfully Completed, Status, Successfully Completed, Status, Successfully Completed, Status, Successfully Completed, Status, Successfully Completed, Status, Successfully Completed, Status, Successfully Completed, Status, Successfully Completed, Status, Successfully Completed, Status, Successfully Completed, Status, Successfully Completed, Status, Successfully Completed, Status, Successfully Completed, Status, Successfully Completed, Status, Successfully Completed, Status, Successfully Completed, Status, Successfully Completed, Status, Successfully Completed, Status, Successfully Completed, Status, Successfully Completed, Status, Successfully Completed, Status, Successfully Completed, Status, Successfully Completed, Status, Successfully Completed, Status, Successfully Completed, Status, Successfully Completed, Status, Successfully Completed, Status, Successfully Completed, Status, Successfully Completed, Status, Successfully Completed, Status, Successfully Completed, Status, Successfully Completed, Status, Successfully Completed, Status, Successfully Completed, Status, Successfully Completed, Status, Successfully Completed, Status, Successfully Completed, Status, Successfully Completed, Status, Successfully Completed, Status, Successfully Completed, Status, Successfully Completed, Status, Successfully Completed, Status, Successfully Completed, Status, Successfully Completed, Status, Successfully Completed, Status, Successfully Completed, Status, Successfully Completed, Status, Successfully Completed, Status, Successfully Completed, Status, Successfully Completed, Status, Successfully Completed, Status, Successfully Completed, Status, Successfully Completed, Status, Successfully Completed, Status, Successfully Completed, Status, Successfully Completed, Status, Successfully Completed, Status, Successfully Completed, Status, Successfully Completed, Status, Successfully Completed, Status, Successfully Completed, Status, Successfully Completed, Status, Successfully Completed, Status, Successfully Completed, Status, Successfully Completed, Status, Successfully Completed, Status, Successfully Completed, Status, Successfully Completed, Status, Successfully Completed, Status, Successfully Completed, Status, Successfully Completed, Status, Successfully Completed, Status, Successfully Completed, Status, Successfully Completed, Status, Successfully Completed, Status, Successfully Completed, Status, Successfully Completed, Status, Successfully Completed, Status, Successfully Completed, Status, Successfully Completed, Status, Successfully Completed, Status, Successfully Completed, Status, Successfully Completed, Status, Successfully Completed, Status, Successfully Completed, Status, Successfully Completed, Status, Successfully Completed, Status, Successfully Completed, Status, Successfully Completed, Status, Successfully Completed, Status, Successfully Completed, Status, Successfully Completed, Status, Successfully Completed, Status, Successfully Completed, Status, Successfully Completed, Status, Successfully Completed, Status, Successfully Completed, Status, Successfully Completed, Status, Successfully Completed, Status, Successfully Completed, Status, Successfully Completed, Status, Successfully Completed, Status, Successfully Completed, Status, Successfully Completed, Status, Successfully Completed, Status, Successfully Completed, Status, Successfully Completed, Status, Successfully Completed, Status, Successfully Completed, Status, Successfully Completed, Status, Successfully Completed, Status, Successfully Completed, Status, Successfully Completed, Status, Successfully Completed, Status, Successfully Completed, Status, Successfully Completed, Status, Successfully Completed, Status, Successfully Completed, Status, Successfully Completed, Status, Successfully Completed, Status, Successfully Completed, Status, Successfully Completed, Status, Successfully Completed, Status, Successfully Completed, Status, Successfully Completed, Status, Successfully Completed, Status, Successfully Completed, Status, Successfully Completed, Status, Successfully Completed, Status, Successfully Completed, Status, Successfully Completed, Status, Successfully Completed, Status, Successfully Completed, Status, Successfully Completed, Status, Successfully Completed, Status, Successfully Completed, Status, Successfully Completed, Status, Successfully Completed, Status, Successfully Completed, Status, Successfully Completed, Status, Successfully Completed, Status, Successfully Completed, Status, Successfully Completed, Status, Successfully Completed, Status, Successfully Completed, Status, Successfully Completed, Status, Successfully Completed, Status, Successfully Completed, Status, Successfully Completed, Status, Successfully Completed, Status, Successfully Completed, Status, Successfully Completed, Status, Successfully Completed, Status, Successfully Completed, Status, Successfully Completed, Status, Successfully Completed, Status, Successfully Completed, Status, Successfully Completed]
[neelback4more@gmail.com, Subho1991*, Status, Successfully Completed, Status, Successfully Completed, Status, Successfully Completed, Status, Successfully Completed, Status, Successfully Completed, Status, Successfully Completed, Status, Successfully Completed, Status, Successfully Completed, Status, Successfully Completed, Status, Successfully Completed, Status, Successfully Completed, Status, Successfully Completed, Status, Successfully Completed, Status, Successfully Completed, Status, Successfully Completed, Status, Successfully Completed, Status, Successfully Completed, Status, Successfully Completed, Status, Successfully Completed, Status, Successfully Completed, Status, Successfully Completed, Status, Successfully Completed, Status, Successfully Completed, Status, Successfully Completed, Status, Successfully Completed, Status, Successfully Completed, Status, Successfully Completed, Status, Successfully Completed, Status, Successfully Completed, Status, Successfully Completed, Status, Successfully Completed, Status, Successfully Completed, Status, Successfully Completed, Status, Successfully Completed, Status, Successfully Completed, Status, Successfully Completed, Status, Successfully Completed, Status, Successfully Completed, Status, Successfully Completed, Status, Successfully Completed, Status, Successfully Completed, Status, Successfully Completed, Status, Successfully Completed, Status, Successfully Completed, Status, Successfully Completed, Status, Successfully Completed, Status, Successfully Completed, Status, Successfully Completed, Status, Successfully Completed, Status, Successfully Completed, Status, Successfully Completed, Status, Successfully Completed, Status, Successfully Completed, Status, Successfully Completed, Status, Successfully Completed, Status, Successfully Completed, Status, Successfully Completed, Status, Successfully Completed, Status, Successfully Completed, Status, Successfully Completed, Status, Successfully Completed, Status, Successfully Completed, Status, Successfully Completed, Status, Successfully Completed, Status, Successfully Completed, Status, Successfully Completed, Status, Successfully Completed, Status, Successfully Completed, Status, Successfully Completed, Status, Successfully Completed, Status, Successfully Completed, Status, Successfully Completed, Status, Successfully Completed, Status, Successfully Completed, Status, Successfully Completed, Status, Successfully Completed, Status, Successfully Completed, Status, Successfully Completed, Status, Successfully Completed, Status, Successfully Completed, Status, Successfully Completed, Status, Successfully Completed, Status, Successfully Completed, Status, Successfully Completed, Status, Successfully Completed, Status, Successfully Completed, Status, Successfully Completed, Status, Successfully Completed, Status, Successfully Completed, Status, Successfully Completed, Status, Successfully Completed, Status, Successfully Completed, Status, Successfully Completed, Status, Successfully Completed, Status, Successfully Completed, Status, Successfully Completed, Status, Successfully Completed, Status, Successfully Completed, Status, Successfully Completed, Status, Successfully Completed, Status, Successfully Completed, Status, Successfully Completed, Status, Successfully Completed, Status, Successfully Completed, Status, Successfully Completed, Status, Successfully Completed, Status, Successfully Completed, Status, Successfully Completed, Status, Successfully Completed, Status, Successfully Completed, Status, Successfully Completed, Status, Successfully Completed, Status, Successfully Completed, Status, Successfully Completed, Status, Successfully Completed, Status, Successfully Completed, Status, Successfully Completed, Status, Successfully Completed, Status, Successfully Completed, Status, Successfully Completed, Status, Successfully Completed, Status, Successfully Completed, Status, Successfully Completed, Status, Successfully Completed, Status, Successfully Completed, Status, Successfully Completed, Status, Successfully Completed, Status, Successfully Completed, Status, Successfully Completed, Status, Successfully Completed, Status, Successfully Completed, Status, Successfully Completed, Status, Successfully Completed, Status, Successfully Completed, Status, Successfully Completed, Status, Successfully Completed, Status, Successfully Completed, Status, Successfully Completed, Status, Successfully Completed, Status, Successfully Completed, Status, Successfully Completed, Status, Successfully Completed, Status, Successfully Completed, Status, Successfully Completed, Status, Successfully Completed, Status, Successfully Completed, Status, Successfully Completed, Status, Successfully Completed, Status, Successfully Completed, Status, Successfully Completed, Status, Successfully Completed, Status, Successfully Completed, Status, Successfully Completed, Status, Successfully Completed, Status, Successfully Completed, Status, Successfully Completed, Status, Successfully Completed, Status, Successfully Completed, Status, Successfully Completed, Status, Successfully Completed, Status, Successfully Completed, Status, Successfully Completed, Status, Successfully Completed, Status, Successfully Completed, Status, Successfully Completed, Status, Successfully Completed, Status, Successfully Completed, Status, Successfully Completed, Status, Successfully Completed, Status, Successfully Completed, Status, Successfully Completed, Status, Successfully Completed, Status, Successfully Completed, Status, Successfully Completed, Status, Successfully Completed, Status, Successfully Completed, Status, Successfully Completed, Status, Successfully Completed, Status, Successfully Completed, Status, Successfully Completed, Status, Successfully Completed, Status, Successfully Completed, Status, Successfully Completed, Status, Successfully Completed, Status, Successfully Completed, Status, Successfully Completed, Status, Successfully Completed, Status, Successfully Completed, Status, Successfully Completed, Status, Successfully Completed, Status, Successfully Completed, Status, Successfully Completed, Status, Successfully Completed, Status, Successfully Completed, Status, Successfully Completed, Status, Successfully Completed, Status, Successfully Completed, Status, Successfully Completed, Status, Successfully Completed, Status, Successfully Completed, Status, Successfully Completed, Status, Successfully Completed, Status]
[neelback4more@gmail.com, Subho1991*, Status, Successfully Completed, Status, Successfully Completed, Status, Successfully Completed, Status, Successfully Completed, Status, Successfully Completed, Status, Successfully Completed, Status, Successfully Completed, Status, Successfully Completed, Status, Successfully Completed, Status, Successfully Completed, Status, Successfully Completed, Status, Successfully Completed, Status, Successfully Completed, Status, Successfully Completed, Status, Successfully Completed, Status, Successfully Completed, Status, Successfully Completed, Status, Successfully Completed, Status, Successfully Completed, Status, Successfully Completed, Status, Successfully Completed, Status, Successfully Completed, Status, Successfully Completed, Status, Successfully Completed, Status, Successfully Completed, Status, Successfully Completed, Status, Successfully Completed, Status, Successfully Completed, Status, Successfully Completed, Status, Successfully Completed, Status, Successfully Completed, Status, Successfully Completed, Status, Successfully Completed, Status, Successfully Completed, Status, Successfully Completed, Status, Successfully Completed, Status, Successfully Completed, Status, Successfully Completed, Status, Successfully Completed, Status, Successfully Completed, Status, Successfully Completed, Status, Successfully Completed, Status, Successfully Completed, Status, Successfully Completed, Status, Successfully Completed, Status, Successfully Completed, Status, Successfully Completed, Status, Successfully Completed, Status, Successfully Completed, Status, Successfully Completed, Status, Successfully Completed, Status, Successfully Completed, Status, Successfully Completed, Status, Successfully Completed, Status, Successfully Completed, Status, Successfully Completed, Status, Successfully Completed, Status, Successfully Completed, Status, Successfully Completed, Status, Successfully Completed, Status, Successfully Completed, Status, Successfully Completed, Status, Successfully Completed, Status, Successfully Completed, Status, Successfully Completed, Status, Successfully Completed, Status, Successfully Completed, Status, Successfully Completed, Status, Successfully Completed, Status, Successfully Completed, Status, Successfully Completed, Status, Successfully Completed, Status, Successfully Completed, Status, Successfully Completed, Status, Successfully Completed, Status, Successfully Completed, Status, Successfully Completed, Status, Successfully Completed, Status, Successfully Completed, Status, Successfully Completed, Status, Successfully Completed, Status, Successfully Completed, Status, Successfully Completed, Status, Successfully Completed, Status, Successfully Completed, Status, Successfully Completed, Status, Successfully Completed, Status, Successfully Completed, Status, Successfully Completed, Status, Successfully Completed, Status, Successfully Completed, Status, Successfully Completed, Status, Successfully Completed, Status, Successfully Completed, Status, Successfully Completed, Status, Successfully Completed, Status, Successfully Completed, Status, Successfully Completed, Status, Successfully Completed, Status, Successfully Completed, Status, Successfully Completed, Status, Successfully Completed, Status, Successfully Completed, Status, Successfully Completed, Status, Successfully Completed, Status, Successfully Completed, Status, Successfully Completed, Status, Successfully Completed, Status, Successfully Completed, Status, Successfully Completed, Status, Successfully Completed, Status, Successfully Completed, Status, Successfully Completed, Status, Successfully Completed, Status, Successfully Completed, Status, Successfully Completed, Status, Successfully Completed, Status, Successfully Completed, Status, Successfully Completed, Status, Successfully Completed, Status, Successfully Completed, Status, Successfully Completed, Status, Successfully Completed, Status, Successfully Completed, Status, Successfully Completed, Status, Successfully Completed, Status, Successfully Completed, Status, Successfully Completed, Status, Successfully Completed, Status, Successfully Completed, Status, Successfully Completed, Status, Successfully Completed, Status, Successfully Completed, Status, Successfully Completed, Status, Successfully Completed, Status, Successfully Completed, Status, Successfully Completed, Status, Successfully Completed, Status, Successfully Completed, Status, Successfully Completed, Status, Successfully Completed, Status, Successfully Completed, Status, Successfully Completed, Status, Successfully Completed, Status, Successfully Completed, Status, Successfully Completed, Status, Successfully Completed, Status, Successfully Completed, Status, Successfully Completed, Status, Successfully Completed, Status, Successfully Completed, Status, Successfully Completed, Status, Successfully Completed, Status, Successfully Completed, Status, Successfully Completed, Status, Successfully Completed, Status, Successfully Completed, Status, Successfully Completed, Status, Successfully Completed, Status, Successfully Completed, Status, Successfully Completed, Status, Successfully Completed, Status, Successfully Completed, Status, Successfully Completed, Status, Successfully Completed, Status, Successfully Completed, Status, Successfully Completed, Status, Successfully Completed, Status, Successfully Completed, Status, Successfully Completed, Status, Successfully Completed, Status, Successfully Completed, Status, Successfully Completed, Status, Successfully Completed, Status, Successfully Completed, Status, Successfully Completed, Status, Successfully Completed, Status, Successfully Completed, Status, Successfully Completed, Status, Successfully Completed, Status, Successfully Completed, Status, Successfully Completed, Status, Successfully Completed, Status, Successfully Completed, Status, Successfully Completed, Status, Successfully Completed, Status, Successfully Completed, Status, Successfully Completed, Status, Successfully Completed, Status, Successfully Completed, Status, Successfully Completed, Status, Successfully Completed, Status, Successfully Completed, Status, Successfully Completed, Status, Successfully Completed, Status, Successfully Completed, Status, Successfully Completed, Status, Successfully Completed, Status, Successfully Completed, Status, Successfully Completed, Status, Successfully Completed, Status, Successfully Completed, Status, Successfully Completed]
[neelback4more@gmail.com, Subho1991*, Status, Successfully Completed, Status, Successfully Completed, Status, Successfully Completed, Status, Successfully Completed, Status, Successfully Completed, Status, Successfully Completed, Status, Successfully Completed, Status, Successfully Completed, Status, Successfully Completed, Status, Successfully Completed, Status, Successfully Completed, Status, Successfully Completed, Status, Successfully Completed, Status, Successfully Completed, Status, Successfully Completed, Status, Successfully Completed, Status, Successfully Completed, Status, Successfully Completed, Status, Successfully Completed, Status, Successfully Completed, Status, Successfully Completed, Status, Successfully Completed, Status, Successfully Completed, Status, Successfully Completed, Status, Successfully Completed, Status, Successfully Completed, Status, Successfully Completed, Status, Successfully Completed, Status, Successfully Completed, Status, Successfully Completed, Status, Successfully Completed, Status, Successfully Completed, Status, Successfully Completed, Status, Successfully Completed, Status, Successfully Completed, Status, Successfully Completed, Status, Successfully Completed, Status, Successfully Completed, Status, Successfully Completed, Status, Successfully Completed, Status, Successfully Completed, Status, Successfully Completed, Status, Successfully Completed, Status, Successfully Completed, Status, Successfully Completed, Status, Successfully Completed, Status, Successfully Completed, Status, Successfully Completed, Status, Successfully Completed, Status, Successfully Completed, Status, Successfully Completed, Status, Successfully Completed, Status, Successfully Completed, Status, Successfully Completed, Status, Successfully Completed, Status, Successfully Completed, Status, Successfully Completed, Status, Successfully Completed, Status, Successfully Completed, Status, Successfully Completed, Status, Successfully Completed, Status, Successfully Completed, Status, Successfully Completed, Status, Successfully Completed, Status, Successfully Completed, Status, Successfully Completed, Status, Successfully Completed, Status, Successfully Completed, Status, Successfully Completed, Status, Successfully Completed, Status, Successfully Completed, Status, Successfully Completed, Status, Successfully Completed, Status, Successfully Completed, Status, Successfully Completed, Status, Successfully Completed, Status, Successfully Completed, Status, Successfully Completed, Status, Successfully Completed, Status, Successfully Completed, Status, Successfully Completed, Status, Successfully Completed, Status, Successfully Completed, Status, Successfully Completed, Status, Successfully Completed, Status, Successfully Completed, Status, Successfully Completed, Status, Successfully Completed, Status, Successfully Completed, Status, Successfully Completed, Status, Successfully Completed, Status, Successfully Completed, Status, Successfully Completed, Status, Successfully Completed, Status, Successfully Completed, Status, Successfully Completed, Status, Successfully Completed, Status, Successfully Completed, Status, Successfully Completed, Status, Successfully Completed, Status, Successfully Completed, Status, Successfully Completed, Status, Successfully Completed, Status, Successfully Completed, Status, Successfully Completed, Status, Successfully Completed, Status, Successfully Completed, Status, Successfully Completed, Status, Successfully Completed, Status, Successfully Completed, Status, Successfully Completed, Status, Successfully Completed, Status, Successfully Completed, Status, Successfully Completed, Status, Successfully Completed, Status, Successfully Completed, Status, Successfully Completed, Status, Successfully Completed, Status, Successfully Completed, Status, Successfully Completed, Status, Successfully Completed, Status, Successfully Completed, Status, Successfully Completed, Status, Successfully Completed, Status, Successfully Completed, Status, Successfully Completed, Status, Successfully Completed, Status, Successfully Completed, Status, Successfully Completed, Status, Successfully Completed, Status, Successfully Completed, Status, Successfully Completed, Status, Successfully Completed, Status, Successfully Completed, Status, Successfully Completed, Status, Successfully Completed, Status, Successfully Completed, Status, Successfully Completed, Status, Successfully Completed, Status, Successfully Completed, Status, Successfully Completed, Status, Successfully Completed, Status, Successfully Completed, Status, Successfully Completed, Status, Successfully Completed, Status, Successfully Completed, Status, Successfully Completed, Status, Successfully Completed, Status, Successfully Completed, Status, Successfully Completed, Status, Successfully Completed, Status, Successfully Completed, Status, Successfully Completed, Status, Successfully Completed, Status, Successfully Completed, Status, Successfully Completed, Status, Successfully Completed, Status, Successfully Completed, Status, Successfully Completed, Status, Successfully Completed, Status, Successfully Completed, Status, Successfully Completed, Status, Successfully Completed, Status, Successfully Completed, Status, Successfully Completed, Status, Successfully Completed, Status, Successfully Completed, Status, Successfully Completed, Status, Successfully Completed, Status, Successfully Completed, Status, Successfully Completed, Status, Successfully Completed, Status, Successfully Completed, Status, Successfully Completed, Status, Successfully Completed, Status, Successfully Completed, Status, Successfully Completed, Status, Successfully Completed, Status, Successfully Completed, Status, Successfully Completed, Status, Successfully Completed, Status, Successfully Completed, Status, Successfully Completed, Status, Successfully Completed, Status, Successfully Completed, Status, Successfully Completed, Status, Successfully Completed, Status, Successfully Completed, Status, Successfully Completed, Status, Successfully Completed, Status, Successfully Completed, Status, Successfully Completed, Status, Successfully Completed, Status, Successfully Completed, Status, Successfully Completed, Status, Successfully Completed, Status, Successfully Completed, Status, Successfully Completed, Status, Successfully Completed, Status, Successfully Completed, Status, Successfully Completed, Status, Successfully Completed, Status, Successfully Completed, Status]
[neelback4more@gmail.com, Subho1991*, Status, Successfully Completed, Status, Successfully Completed, Status, Successfully Completed, Status, Successfully Completed, Status, Successfully Completed, Status, Successfully Completed, Status, Successfully Completed, Status, Successfully Completed, Status, Successfully Completed, Status, Successfully Completed, Status, Successfully Completed, Status, Successfully Completed, Status, Successfully Completed, Status, Successfully Completed, Status, Successfully Completed, Status, Successfully Completed, Status, Successfully Completed, Status, Successfully Completed, Status, Successfully Completed, Status, Successfully Completed, Status, Successfully Completed, Status, Successfully Completed, Status, Successfully Completed, Status, Successfully Completed, Status, Successfully Completed, Status, Successfully Completed, Status, Successfully Completed, Status, Successfully Completed, Status, Successfully Completed, Status, Successfully Completed, Status, Successfully Completed, Status, Successfully Completed, Status, Successfully Completed, Status, Successfully Completed, Status, Successfully Completed, Status, Successfully Completed, Status, Successfully Completed, Status, Successfully Completed, Status, Successfully Completed, Status, Successfully Completed, Status, Successfully Completed, Status, Successfully Completed, Status, Successfully Completed, Status, Successfully Completed, Status, Successfully Completed, Status, Successfully Completed, Status, Successfully Completed, Status, Successfully Completed, Status, Successfully Completed, Status, Successfully Completed, Status, Successfully Completed, Status, Successfully Completed, Status, Successfully Completed, Status, Successfully Completed, Status, Successfully Completed, Status, Successfully Completed, Status, Successfully Completed, Status, Successfully Completed, Status, Successfully Completed, Status, Successfully Completed, Status, Successfully Completed, Status, Successfully Completed, Status, Successfully Completed, Status, Successfully Completed, Status, Successfully Completed, Status, Successfully Completed, Status, Successfully Completed, Status, Successfully Completed, Status, Successfully Completed, Status, Successfully Completed, Status, Successfully Completed, Status, Successfully Completed, Status, Successfully Completed, Status, Successfully Completed, Status, Successfully Completed, Status, Successfully Completed, Status, Successfully Completed, Status, Successfully Completed, Status, Successfully Completed, Status, Successfully Completed, Status, Successfully Completed, Status, Successfully Completed, Status, Successfully Completed, Status, Successfully Completed, Status, Successfully Completed, Status, Successfully Completed, Status, Successfully Completed, Status, Successfully Completed, Status, Successfully Completed, Status, Successfully Completed, Status, Successfully Completed, Status, Successfully Completed, Status, Successfully Completed, Status, Successfully Completed, Status, Successfully Completed, Status, Successfully Completed, Status, Successfully Completed, Status, Successfully Completed, Status, Successfully Completed, Status, Successfully Completed, Status, Successfully Completed, Status, Successfully Completed, Status, Successfully Completed, Status, Successfully Completed, Status, Successfully Completed, Status, Successfully Completed, Status, Successfully Completed, Status, Successfully Completed, Status, Successfully Completed, Status, Successfully Completed, Status, Successfully Completed, Status, Successfully Completed, Status, Successfully Completed, Status, Successfully Completed, Status, Successfully Completed, Status, Successfully Completed, Status, Successfully Completed, Status, Successfully Completed, Status, Successfully Completed, Status, Successfully Completed, Status, Successfully Completed, Status, Successfully Completed, Status, Successfully Completed, Status, Successfully Completed, Status, Successfully Completed, Status, Successfully Completed, Status, Successfully Completed, Status, Successfully Completed, Status, Successfully Completed, Status, Successfully Completed, Status, Successfully Completed, Status, Successfully Completed, Status, Successfully Completed, Status, Successfully Completed, Status, Successfully Completed, Status, Successfully Completed, Status, Successfully Completed, Status, Successfully Completed, Status, Successfully Completed, Status, Successfully Completed, Status, Successfully Completed, Status, Successfully Completed, Status, Successfully Completed, Status, Successfully Completed, Status, Successfully Completed, Status, Successfully Completed, Status, Successfully Completed, Status, Successfully Completed, Status, Successfully Completed, Status, Successfully Completed, Status, Successfully Completed, Status, Successfully Completed, Status, Successfully Completed, Status, Successfully Completed, Status, Successfully Completed, Status, Successfully Completed, Status, Successfully Completed, Status, Successfully Completed, Status, Successfully Completed, Status, Successfully Completed, Status, Successfully Completed, Status, Successfully Completed, Status, Successfully Completed, Status, Successfully Completed, Status, Successfully Completed, Status, Successfully Completed, Status, Successfully Completed, Status, Successfully Completed, Status, Successfully Completed, Status, Successfully Completed, Status, Successfully Completed, Status, Successfully Completed, Status, Successfully Completed, Status, Successfully Completed, Status, Successfully Completed, Status, Successfully Completed, Status, Successfully Completed, Status, Successfully Completed, Status, Successfully Completed, Status, Successfully Completed, Status, Successfully Completed, Status, Successfully Completed, Status, Successfully Completed, Status, Successfully Completed, Status, Successfully Completed, Status, Successfully Completed, Status, Successfully Completed, Status, Successfully Completed, Status, Successfully Completed, Status, Successfully Completed, Status, Successfully Completed, Status, Successfully Completed, Status, Successfully Completed, Status, Successfully Completed, Status, Successfully Completed, Status, Successfully Completed, Status, Successfully Completed, Status, Successfully Completed, Status, Successfully Completed, Status, Successfully Completed, Status, Successfully Completed, Status, Successfully Completed, Status, Successfully Completed, Status, Successfully Completed]
[neelback4more@gmail.com, Subho1991*, Status, Successfully Completed, Status, Successfully Completed, Status, Successfully Completed, Status, Successfully Completed, Status, Successfully Completed, Status, Successfully Completed, Status, Successfully Completed, Status, Successfully Completed, Status, Successfully Completed, Status, Successfully Completed, Status, Successfully Completed, Status, Successfully Completed, Status, Successfully Completed, Status, Successfully Completed, Status, Successfully Completed, Status, Successfully Completed, Status, Successfully Completed, Status, Successfully Completed, Status, Successfully Completed, Status, Successfully Completed, Status, Successfully Completed, Status, Successfully Completed, Status, Successfully Completed, Status, Successfully Completed, Status, Successfully Completed, Status, Successfully Completed, Status, Successfully Completed, Status, Successfully Completed, Status, Successfully Completed, Status, Successfully Completed, Status, Successfully Completed, Status, Successfully Completed, Status, Successfully Completed, Status, Successfully Completed, Status, Successfully Completed, Status, Successfully Completed, Status, Successfully Completed, Status, Successfully Completed, Status, Successfully Completed, Status, Successfully Completed, Status, Successfully Completed, Status, Successfully Completed, Status, Successfully Completed, Status, Successfully Completed, Status, Successfully Completed, Status, Successfully Completed, Status, Successfully Completed, Status, Successfully Completed, Status, Successfully Completed, Status, Successfully Completed, Status, Successfully Completed, Status, Successfully Completed, Status, Successfully Completed, Status, Successfully Completed, Status, Successfully Completed, Status, Successfully Completed, Status, Successfully Completed, Status, Successfully Completed, Status, Successfully Completed, Status, Successfully Completed, Status, Successfully Completed, Status, Successfully Completed, Status, Successfully Completed, Status, Successfully Completed, Status, Successfully Completed, Status, Successfully Completed, Status, Successfully Completed, Status, Successfully Completed, Status, Successfully Completed, Status, Successfully Completed, Status, Successfully Completed, Status, Successfully Completed, Status, Successfully Completed, Status, Successfully Completed, Status, Successfully Completed, Status, Successfully Completed, Status, Successfully Completed, Status, Successfully Completed, Status, Successfully Completed, Status, Successfully Completed, Status, Successfully Completed, Status, Successfully Completed, Status, Successfully Completed, Status, Successfully Completed, Status, Successfully Completed, Status, Successfully Completed, Status, Successfully Completed, Status, Successfully Completed, Status, Successfully Completed, Status, Successfully Completed, Status, Successfully Completed, Status, Successfully Completed, Status, Successfully Completed, Status, Successfully Completed, Status, Successfully Completed, Status, Successfully Completed, Status, Successfully Completed, Status, Successfully Completed, Status, Successfully Completed, Status, Successfully Completed, Status, Successfully Completed, Status, Successfully Completed, Status, Successfully Completed, Status, Successfully Completed, Status, Successfully Completed, Status, Successfully Completed, Status, Successfully Completed, Status, Successfully Completed, Status, Successfully Completed, Status, Successfully Completed, Status, Successfully Completed, Status, Successfully Completed, Status, Successfully Completed, Status, Successfully Completed, Status, Successfully Completed, Status, Successfully Completed, Status, Successfully Completed, Status, Successfully Completed, Status, Successfully Completed, Status, Successfully Completed, Status, Successfully Completed, Status, Successfully Completed, Status, Successfully Completed, Status, Successfully Completed, Status, Successfully Completed, Status, Successfully Completed, Status, Successfully Completed, Status, Successfully Completed, Status, Successfully Completed, Status, Successfully Completed, Status, Successfully Completed, Status, Successfully Completed, Status, Successfully Completed, Status, Successfully Completed, Status, Successfully Completed, Status, Successfully Completed, Status, Successfully Completed, Status, Successfully Completed, Status, Successfully Completed, Status, Successfully Completed, Status, Successfully Completed, Status, Successfully Completed, Status, Successfully Completed, Status, Successfully Completed, Status, Successfully Completed, Status, Successfully Completed, Status, Successfully Completed, Status, Successfully Completed, Status, Successfully Completed, Status, Successfully Completed, Status, Successfully Completed, Status, Successfully Completed, Status, Successfully Completed, Status, Successfully Completed, Status, Successfully Completed, Status, Successfully Completed, Status, Successfully Completed, Status, Successfully Completed, Status, Successfully Completed, Status, Successfully Completed, Status, Successfully Completed, Status, Successfully Completed, Status, Successfully Completed, Status, Successfully Completed, Status, Successfully Completed, Status, Successfully Completed, Status, Successfully Completed, Status, Successfully Completed, Status, Successfully Completed, Status, Successfully Completed, Status, Successfully Completed, Status, Successfully Completed, Status, Successfully Completed, Status, Successfully Completed, Status, Successfully Completed, Status, Successfully Completed, Status, Successfully Completed, Status, Successfully Completed, Status, Successfully Completed, Status, Successfully Completed, Status, Successfully Completed, Status, Successfully Completed, Status, Successfully Completed, Status, Successfully Completed, Status, Successfully Completed, Status, Successfully Completed, Status, Successfully Completed, Status, Successfully Completed, Status, Successfully Completed, Status, Successfully Completed, Status, Successfully Completed, Status, Successfully Completed, Status, Successfully Completed, Status, Successfully Completed, Status, Successfully Completed, Status, Successfully Completed, Status, Successfully Completed, Status, Successfully Completed, Status, Successfully Completed, Status, Successfully Completed, Status, Successfully Completed, Status, Successfully Completed, Status, Successfully Completed, Status, Successfully Completed, Status]
[neelback4more@gmail.com, Subho1991*, Status, Successfully Completed, Status, Successfully Completed, Status, Successfully Completed, Status, Successfully Completed, Status, Successfully Completed, Status, Successfully Completed, Status, Successfully Completed, Status, Successfully Completed, Status, Successfully Completed, Status, Successfully Completed, Status, Successfully Completed, Status, Successfully Completed, Status, Successfully Completed, Status, Successfully Completed, Status, Successfully Completed, Status, Successfully Completed, Status, Successfully Completed, Status, Successfully Completed, Status, Successfully Completed, Status, Successfully Completed, Status, Successfully Completed, Status, Successfully Completed, Status, Successfully Completed, Status, Successfully Completed, Status, Successfully Completed, Status, Successfully Completed, Status, Successfully Completed, Status, Successfully Completed, Status, Successfully Completed, Status, Successfully Completed, Status, Successfully Completed, Status, Successfully Completed, Status, Successfully Completed, Status, Successfully Completed, Status, Successfully Completed, Status, Successfully Completed, Status, Successfully Completed, Status, Successfully Completed, Status, Successfully Completed, Status, Successfully Completed, Status, Successfully Completed, Status, Successfully Completed, Status, Successfully Completed, Status, Successfully Completed, Status, Successfully Completed, Status, Successfully Completed, Status, Successfully Completed, Status, Successfully Completed, Status, Successfully Completed, Status, Successfully Completed, Status, Successfully Completed, Status, Successfully Completed, Status, Successfully Completed, Status, Successfully Completed, Status, Successfully Completed, Status, Successfully Completed, Status, Successfully Completed, Status, Successfully Completed, Status, Successfully Completed, Status, Successfully Completed, Status, Successfully Completed, Status, Successfully Completed, Status, Successfully Completed, Status, Successfully Completed, Status, Successfully Completed, Status, Successfully Completed, Status, Successfully Completed, Status, Successfully Completed, Status, Successfully Completed, Status, Successfully Completed, Status, Successfully Completed, Status, Successfully Completed, Status, Successfully Completed, Status, Successfully Completed, Status, Successfully Completed, Status, Successfully Completed, Status, Successfully Completed, Status, Successfully Completed, Status, Successfully Completed, Status, Successfully Completed, Status, Successfully Completed, Status, Successfully Completed, Status, Successfully Completed, Status, Successfully Completed, Status, Successfully Completed, Status, Successfully Completed, Status, Successfully Completed, Status, Successfully Completed, Status, Successfully Completed, Status, Successfully Completed, Status, Successfully Completed, Status, Successfully Completed, Status, Successfully Completed, Status, Successfully Completed, Status, Successfully Completed, Status, Successfully Completed, Status, Successfully Completed, Status, Successfully Completed, Status, Successfully Completed, Status, Successfully Completed, Status, Successfully Completed, Status, Successfully Completed, Status, Successfully Completed, Status, Successfully Completed, Status, Successfully Completed, Status, Successfully Completed, Status, Successfully Completed, Status, Successfully Completed, Status, Successfully Completed, Status, Successfully Completed, Status, Successfully Completed, Status, Successfully Completed, Status, Successfully Completed, Status, Successfully Completed, Status, Successfully Completed, Status, Successfully Completed, Status, Successfully Completed, Status, Successfully Completed, Status, Successfully Completed, Status, Successfully Completed, Status, Successfully Completed, Status, Successfully Completed, Status, Successfully Completed, Status, Successfully Completed, Status, Successfully Completed, Status, Successfully Completed, Status, Successfully Completed, Status, Successfully Completed, Status, Successfully Completed, Status, Successfully Completed, Status, Successfully Completed, Status, Successfully Completed, Status, Successfully Completed, Status, Successfully Completed, Status, Successfully Completed, Status, Successfully Completed, Status, Successfully Completed, Status, Successfully Completed, Status, Successfully Completed, Status, Successfully Completed, Status, Successfully Completed, Status, Successfully Completed, Status, Successfully Completed, Status, Successfully Completed, Status, Successfully Completed, Status, Successfully Completed, Status, Successfully Completed, Status, Successfully Completed, Status, Successfully Completed, Status, Successfully Completed, Status, Successfully Completed, Status, Successfully Completed, Status, Successfully Completed, Status, Successfully Completed, Status, Successfully Completed, Status, Successfully Completed, Status, Successfully Completed, Status, Successfully Completed, Status, Successfully Completed, Status, Successfully Completed, Status, Successfully Completed, Status, Successfully Completed, Status, Successfully Completed, Status, Successfully Completed, Status, Successfully Completed, Status, Successfully Completed, Status, Successfully Completed, Status, Successfully Completed, Status, Successfully Completed, Status, Successfully Completed, Status, Successfully Completed, Status, Successfully Completed, Status, Successfully Completed, Status, Successfully Completed, Status, Successfully Completed, Status, Successfully Completed, Status, Successfully Completed, Status, Successfully Completed, Status, Successfully Completed, Status, Successfully Completed, Status, Successfully Completed, Status, Successfully Completed, Status, Successfully Completed, Status, Successfully Completed, Status, Successfully Completed, Status, Successfully Completed, Status, Successfully Completed, Status, Successfully Completed, Status, Successfully Completed, Status, Successfully Completed, Status, Successfully Completed, Status, Successfully Completed, Status, Successfully Completed, Status, Successfully Completed, Status, Successfully Completed, Status, Successfully Completed, Status, Successfully Completed, Status, Successfully Completed, Status, Successfully Completed, Status, Successfully Completed, Status, Successfully Completed, Status, Successfully Completed, Status, Successfully Completed, Status, Successfully Completed, Status, Successfully Completed]
[neelback4more@gmail.com, Subho1991*, Status, Successfully Completed, Status, Successfully Completed, Status, Successfully Completed, Status, Successfully Completed, Status, Successfully Completed, Status, Successfully Completed, Status, Successfully Completed, Status, Successfully Completed, Status, Successfully Completed, Status, Successfully Completed, Status, Successfully Completed, Status, Successfully Completed, Status, Successfully Completed, Status, Successfully Completed, Status, Successfully Completed, Status, Successfully Completed, Status, Successfully Completed, Status, Successfully Completed, Status, Successfully Completed, Status, Successfully Completed, Status, Successfully Completed, Status, Successfully Completed, Status, Successfully Completed, Status, Successfully Completed, Status, Successfully Completed, Status, Successfully Completed, Status, Successfully Completed, Status, Successfully Completed, Status, Successfully Completed, Status, Successfully Completed, Status, Successfully Completed, Status, Successfully Completed, Status, Successfully Completed, Status, Successfully Completed, Status, Successfully Completed, Status, Successfully Completed, Status, Successfully Completed, Status, Successfully Completed, Status, Successfully Completed, Status, Successfully Completed, Status, Successfully Completed, Status, Successfully Completed, Status, Successfully Completed, Status, Successfully Completed, Status, Successfully Completed, Status, Successfully Completed, Status, Successfully Completed, Status, Successfully Completed, Status, Successfully Completed, Status, Successfully Completed, Status, Successfully Completed, Status, Successfully Completed, Status, Successfully Completed, Status, Successfully Completed, Status, Successfully Completed, Status, Successfully Completed, Status, Successfully Completed, Status, Successfully Completed, Status, Successfully Completed, Status, Successfully Completed, Status, Successfully Completed, Status, Successfully Completed, Status, Successfully Completed, Status, Successfully Completed, Status, Successfully Completed, Status, Successfully Completed, Status, Successfully Completed, Status, Successfully Completed, Status, Successfully Completed, Status, Successfully Completed, Status, Successfully Completed, Status, Successfully Completed, Status, Successfully Completed, Status, Successfully Completed, Status, Successfully Completed, Status, Successfully Completed, Status, Successfully Completed, Status, Successfully Completed, Status, Successfully Completed, Status, Successfully Completed, Status, Successfully Completed, Status, Successfully Completed, Status, Successfully Completed, Status, Successfully Completed, Status, Successfully Completed, Status, Successfully Completed, Status, Successfully Completed, Status, Successfully Completed, Status, Successfully Completed, Status, Successfully Completed, Status, Successfully Completed, Status, Successfully Completed, Status, Successfully Completed, Status, Successfully Completed, Status, Successfully Completed, Status, Successfully Completed, Status, Successfully Completed, Status, Successfully Completed, Status, Successfully Completed, Status, Successfully Completed, Status, Successfully Completed, Status, Successfully Completed, Status, Successfully Completed, Status, Successfully Completed, Status, Successfully Completed, Status, Successfully Completed, Status, Successfully Completed, Status, Successfully Completed, Status, Successfully Completed, Status, Successfully Completed, Status, Successfully Completed, Status, Successfully Completed, Status, Successfully Completed, Status, Successfully Completed, Status, Successfully Completed, Status, Successfully Completed, Status, Successfully Completed, Status, Successfully Completed, Status, Successfully Completed, Status, Successfully Completed, Status, Successfully Completed, Status, Successfully Completed, Status, Successfully Completed, Status, Successfully Completed, Status, Successfully Completed, Status, Successfully Completed, Status, Successfully Completed, Status, Successfully Completed, Status, Successfully Completed, Status, Successfully Completed, Status, Successfully Completed, Status, Successfully Completed, Status, Successfully Completed, Status, Successfully Completed, Status, Successfully Completed, Status, Successfully Completed, Status, Successfully Completed, Status, Successfully Completed, Status, Successfully Completed, Status, Successfully Completed, Status, Successfully Completed, Status, Successfully Completed, Status, Successfully Completed, Status, Successfully Completed, Status, Successfully Completed, Status, Successfully Completed, Status, Successfully Completed, Status, Successfully Completed, Status, Successfully Completed, Status, Successfully Completed, Status, Successfully Completed, Status, Successfully Completed, Status, Successfully Completed, Status, Successfully Completed, Status, Successfully Completed, Status, Successfully Completed, Status, Successfully Completed, Status, Successfully Completed, Status, Successfully Completed, Status, Successfully Completed, Status, Successfully Completed, Status, Successfully Completed, Status, Successfully Completed, Status, Successfully Completed, Status, Successfully Completed, Status, Successfully Completed, Status, Successfully Completed, Status, Successfully Completed, Status, Successfully Completed, Status, Successfully Completed, Status, Successfully Completed, Status, Successfully Completed, Status, Successfully Completed, Status, Successfully Completed, Status, Successfully Completed, Status, Successfully Completed, Status, Successfully Completed, Status, Successfully Completed, Status, Successfully Completed, Status, Successfully Completed, Status, Successfully Completed, Status, Successfully Completed, Status, Successfully Completed, Status, Successfully Completed, Status, Successfully Completed, Status, Successfully Completed, Status, Successfully Completed, Status, Successfully Completed, Status, Successfully Completed, Status, Successfully Completed, Status, Successfully Completed, Status, Successfully Completed, Status, Successfully Completed, Status, Successfully Completed, Status, Successfully Completed, Status, Successfully Completed, Status, Successfully Completed, Status, Successfully Completed, Status, Successfully Completed, Status, Successfully Completed, Status, Successfully Completed, Status, Successfully Completed, Status, Successfully Completed, Status, Successfully Completed, Status, Successfully Completed, Status]
[neelback4more@gmail.com, Subho1991*, Status, Successfully Completed, Status, Successfully Completed, Status, Successfully Completed, Status, Successfully Completed, Status, Successfully Completed, Status, Successfully Completed, Status, Successfully Completed, Status, Successfully Completed, Status, Successfully Completed, Status, Successfully Completed, Status, Successfully Completed, Status, Successfully Completed, Status, Successfully Completed, Status, Successfully Completed, Status, Successfully Completed, Status, Successfully Completed, Status, Successfully Completed, Status, Successfully Completed, Status, Successfully Completed, Status, Successfully Completed, Status, Successfully Completed, Status, Successfully Completed, Status, Successfully Completed, Status, Successfully Completed, Status, Successfully Completed, Status, Successfully Completed, Status, Successfully Completed, Status, Successfully Completed, Status, Successfully Completed, Status, Successfully Completed, Status, Successfully Completed, Status, Successfully Completed, Status, Successfully Completed, Status, Successfully Completed, Status, Successfully Completed, Status, Successfully Completed, Status, Successfully Completed, Status, Successfully Completed, Status, Successfully Completed, Status, Successfully Completed, Status, Successfully Completed, Status, Successfully Completed, Status, Successfully Completed, Status, Successfully Completed, Status, Successfully Completed, Status, Successfully Completed, Status, Successfully Completed, Status, Successfully Completed, Status, Successfully Completed, Status, Successfully Completed, Status, Successfully Completed, Status, Successfully Completed, Status, Successfully Completed, Status, Successfully Completed, Status, Successfully Completed, Status, Successfully Completed, Status, Successfully Completed, Status, Successfully Completed, Status, Successfully Completed, Status, Successfully Completed, Status, Successfully Completed, Status, Successfully Completed, Status, Successfully Completed, Status, Successfully Completed, Status, Successfully Completed, Status, Successfully Completed, Status, Successfully Completed, Status, Successfully Completed, Status, Successfully Completed, Status, Successfully Completed, Status, Successfully Completed, Status, Successfully Completed, Status, Successfully Completed, Status, Successfully Completed, Status, Successfully Completed, Status, Successfully Completed, Status, Successfully Completed, Status, Successfully Completed, Status, Successfully Completed, Status, Successfully Completed, Status, Successfully Completed, Status, Successfully Completed, Status, Successfully Completed, Status, Successfully Completed, Status, Successfully Completed, Status, Successfully Completed, Status, Successfully Completed, Status, Successfully Completed, Status, Successfully Completed, Status, Successfully Completed, Status, Successfully Completed, Status, Successfully Completed, Status, Successfully Completed, Status, Successfully Completed, Status, Successfully Completed, Status, Successfully Completed, Status, Successfully Completed, Status, Successfully Completed, Status, Successfully Completed, Status, Successfully Completed, Status, Successfully Completed, Status, Successfully Completed, Status, Successfully Completed, Status, Successfully Completed, Status, Successfully Completed, Status, Successfully Completed, Status, Successfully Completed, Status, Successfully Completed, Status, Successfully Completed, Status, Successfully Completed, Status, Successfully Completed, Status, Successfully Completed, Status, Successfully Completed, Status, Successfully Completed, Status, Successfully Completed, Status, Successfully Completed, Status, Successfully Completed, Status, Successfully Completed, Status, Successfully Completed, Status, Successfully Completed, Status, Successfully Completed, Status, Successfully Completed, Status, Successfully Completed, Status, Successfully Completed, Status, Successfully Completed, Status, Successfully Completed, Status, Successfully Completed, Status, Successfully Completed, Status, Successfully Completed, Status, Successfully Completed, Status, Successfully Completed, Status, Successfully Completed, Status, Successfully Completed, Status, Successfully Completed, Status, Successfully Completed, Status, Successfully Completed, Status, Successfully Completed, Status, Successfully Completed, Status, Successfully Completed, Status, Successfully Completed, Status, Successfully Completed, Status, Successfully Completed, Status, Successfully Completed, Status, Successfully Completed, Status, Successfully Completed, Status, Successfully Completed, Status, Successfully Completed, Status, Successfully Completed, Status, Successfully Completed, Status, Successfully Completed, Status, Successfully Completed, Status, Successfully Completed, Status, Successfully Completed, Status, Successfully Completed, Status, Successfully Completed, Status, Successfully Completed, Status, Successfully Completed, Status, Successfully Completed, Status, Successfully Completed, Status, Successfully Completed, Status, Successfully Completed, Status, Successfully Completed, Status, Successfully Completed, Status, Successfully Completed, Status, Successfully Completed, Status, Successfully Completed, Status, Successfully Completed, Status, Successfully Completed, Status, Successfully Completed, Status, Successfully Completed, Status, Successfully Completed, Status, Successfully Completed, Status, Successfully Completed, Status, Successfully Completed, Status, Successfully Completed, Status, Successfully Completed, Status, Successfully Completed, Status, Successfully Completed, Status, Successfully Completed, Status, Successfully Completed, Status, Successfully Completed, Status, Successfully Completed, Status, Successfully Completed, Status, Successfully Completed, Status, Successfully Completed, Status, Successfully Completed, Status, Successfully Completed, Status, Successfully Completed, Status, Successfully Completed, Status, Successfully Completed, Status, Successfully Completed, Status, Successfully Completed, Status, Successfully Completed, Status, Successfully Completed, Status, Successfully Completed, Status, Successfully Completed, Status, Successfully Completed, Status, Successfully Completed, Status, Successfully Completed, Status, Successfully Completed, Status, Successfully Completed, Status, Successfully Completed, Status, Successfully Completed, Status, Successfully Completed, Status, Successfully Completed, Status, Successfully Completed]
[neelback4more@gmail.com, Subho1991*, Status, Successfully Completed, Status, Successfully Completed, Status, Successfully Completed, Status, Successfully Completed, Status, Successfully Completed, Status, Successfully Completed, Status, Successfully Completed, Status, Successfully Completed, Status, Successfully Completed, Status, Successfully Completed, Status, Successfully Completed, Status, Successfully Completed, Status, Successfully Completed, Status, Successfully Completed, Status, Successfully Completed, Status, Successfully Completed, Status, Successfully Completed, Status, Successfully Completed, Status, Successfully Completed, Status, Successfully Completed, Status, Successfully Completed, Status, Successfully Completed, Status, Successfully Completed, Status, Successfully Completed, Status, Successfully Completed, Status, Successfully Completed, Status, Successfully Completed, Status, Successfully Completed, Status, Successfully Completed, Status, Successfully Completed, Status, Successfully Completed, Status, Successfully Completed, Status, Successfully Completed, Status, Successfully Completed, Status, Successfully Completed, Status, Successfully Completed, Status, Successfully Completed, Status, Successfully Completed, Status, Successfully Completed, Status, Successfully Completed, Status, Successfully Completed, Status, Successfully Completed, Status, Successfully Completed, Status, Successfully Completed, Status, Successfully Completed, Status, Successfully Completed, Status, Successfully Completed, Status, Successfully Completed, Status, Successfully Completed, Status, Successfully Completed, Status, Successfully Completed, Status, Successfully Completed, Status, Successfully Completed, Status, Successfully Completed, Status, Successfully Completed, Status, Successfully Completed, Status, Successfully Completed, Status, Successfully Completed, Status, Successfully Completed, Status, Successfully Completed, Status, Successfully Completed, Status, Successfully Completed, Status, Successfully Completed, Status, Successfully Completed, Status, Successfully Completed, Status, Successfully Completed, Status, Successfully Completed, Status, Successfully Completed, Status, Successfully Completed, Status, Successfully Completed, Status, Successfully Completed, Status, Successfully Completed, Status, Successfully Completed, Status, Successfully Completed, Status, Successfully Completed, Status, Successfully Completed, Status, Successfully Completed, Status, Successfully Completed, Status, Successfully Completed, Status, Successfully Completed, Status, Successfully Completed, Status, Successfully Completed, Status, Successfully Completed, Status, Successfully Completed, Status, Successfully Completed, Status, Successfully Completed, Status, Successfully Completed, Status, Successfully Completed, Status, Successfully Completed, Status, Successfully Completed, Status, Successfully Completed, Status, Successfully Completed, Status, Successfully Completed, Status, Successfully Completed, Status, Successfully Completed, Status, Successfully Completed, Status, Successfully Completed, Status, Successfully Completed, Status, Successfully Completed, Status, Successfully Completed, Status, Successfully Completed, Status, Successfully Completed, Status, Successfully Completed, Status, Successfully Completed, Status, Successfully Completed, Status, Successfully Completed, Status, Successfully Completed, Status, Successfully Completed, Status, Successfully Completed, Status, Successfully Completed, Status, Successfully Completed, Status, Successfully Completed, Status, Successfully Completed, Status, Successfully Completed, Status, Successfully Completed, Status, Successfully Completed, Status, Successfully Completed, Status, Successfully Completed, Status, Successfully Completed, Status, Successfully Completed, Status, Successfully Completed, Status, Successfully Completed, Status, Successfully Completed, Status, Successfully Completed, Status, Successfully Completed, Status, Successfully Completed, Status, Successfully Completed, Status, Successfully Completed, Status, Successfully Completed, Status, Successfully Completed, Status, Successfully Completed, Status, Successfully Completed, Status, Successfully Completed, Status, Successfully Completed, Status, Successfully Completed, Status, Successfully Completed, Status, Successfully Completed, Status, Successfully Completed, Status, Successfully Completed, Status, Successfully Completed, Status, Successfully Completed, Status, Successfully Completed, Status, Successfully Completed, Status, Successfully Completed, Status, Successfully Completed, Status, Successfully Completed, Status, Successfully Completed, Status, Successfully Completed, Status, Successfully Completed, Status, Successfully Completed, Status, Successfully Completed, Status, Successfully Completed, Status, Successfully Completed, Status, Successfully Completed, Status, Successfully Completed, Status, Successfully Completed, Status, Successfully Completed, Status, Successfully Completed, Status, Successfully Completed, Status, Successfully Completed, Status, Successfully Completed, Status, Successfully Completed, Status, Successfully Completed, Status, Successfully Completed, Status, Successfully Completed, Status, Successfully Completed, Status, Successfully Completed, Status, Successfully Completed, Status, Successfully Completed, Status, Successfully Completed, Status, Successfully Completed, Status, Successfully Completed, Status, Successfully Completed, Status, Successfully Completed, Status, Successfully Completed, Status, Successfully Completed, Status, Successfully Completed, Status, Successfully Completed, Status, Successfully Completed, Status, Successfully Completed, Status, Successfully Completed, Status, Successfully Completed, Status, Successfully Completed, Status, Successfully Completed, Status, Successfully Completed, Status, Successfully Completed, Status, Successfully Completed, Status, Successfully Completed, Status, Successfully Completed, Status, Successfully Completed, Status, Successfully Completed, Status, Successfully Completed, Status, Successfully Completed, Status, Successfully Completed, Status, Successfully Completed, Status, Successfully Completed, Status, Successfully Completed, Status, Successfully Completed, Status, Successfully Completed, Status, Successfully Completed, Status, Successfully Completed, Status, Successfully Completed, Status, Successfully Completed, Status, Successfully Completed, Status, Successfully Completed, Status, Successfully Completed, Status]
[neelback4more@gmail.com, Subho1991*, Status, Successfully Completed, Status, Successfully Completed, Status, Successfully Completed, Status, Successfully Completed, Status, Successfully Completed, Status, Successfully Completed, Status, Successfully Completed, Status, Successfully Completed, Status, Successfully Completed, Status, Successfully Completed, Status, Successfully Completed, Status, Successfully Completed, Status, Successfully Completed, Status, Successfully Completed, Status, Successfully Completed, Status, Successfully Completed, Status, Successfully Completed, Status, Successfully Completed, Status, Successfully Completed, Status, Successfully Completed, Status, Successfully Completed, Status, Successfully Completed, Status, Successfully Completed, Status, Successfully Completed, Status, Successfully Completed, Status, Successfully Completed, Status, Successfully Completed, Status, Successfully Completed, Status, Successfully Completed, Status, Successfully Completed, Status, Successfully Completed, Status, Successfully Completed, Status, Successfully Completed, Status, Successfully Completed, Status, Successfully Completed, Status, Successfully Completed, Status, Successfully Completed, Status, Successfully Completed, Status, Successfully Completed, Status, Successfully Completed, Status, Successfully Completed, Status, Successfully Completed, Status, Successfully Completed, Status, Successfully Completed, Status, Successfully Completed, Status, Successfully Completed, Status, Successfully Completed, Status, Successfully Completed, Status, Successfully Completed, Status, Successfully Completed, Status, Successfully Completed, Status, Successfully Completed, Status, Successfully Completed, Status, Successfully Completed, Status, Successfully Completed, Status, Successfully Completed, Status, Successfully Completed, Status, Successfully Completed, Status, Successfully Completed, Status, Successfully Completed, Status, Successfully Completed, Status, Successfully Completed, Status, Successfully Completed, Status, Successfully Completed, Status, Successfully Completed, Status, Successfully Completed, Status, Successfully Completed, Status, Successfully Completed, Status, Successfully Completed, Status, Successfully Completed, Status, Successfully Completed, Status, Successfully Completed, Status, Successfully Completed, Status, Successfully Completed, Status, Successfully Completed, Status, Successfully Completed, Status, Successfully Completed, Status, Successfully Completed, Status, Successfully Completed, Status, Successfully Completed, Status, Successfully Completed, Status, Successfully Completed, Status, Successfully Completed, Status, Successfully Completed, Status, Successfully Completed, Status, Successfully Completed, Status, Successfully Completed, Status, Successfully Completed, Status, Successfully Completed, Status, Successfully Completed, Status, Successfully Completed, Status, Successfully Completed, Status, Successfully Completed, Status, Successfully Completed, Status, Successfully Completed, Status, Successfully Completed, Status, Successfully Completed, Status, Successfully Completed, Status, Successfully Completed, Status, Successfully Completed, Status, Successfully Completed, Status, Successfully Completed, Status, Successfully Completed, Status, Successfully Completed, Status, Successfully Completed, Status, Successfully Completed, Status, Successfully Completed, Status, Successfully Completed, Status, Successfully Completed, Status, Successfully Completed, Status, Successfully Completed, Status, Successfully Completed, Status, Successfully Completed, Status, Successfully Completed, Status, Successfully Completed, Status, Successfully Completed, Status, Successfully Completed, Status, Successfully Completed, Status, Successfully Completed, Status, Successfully Completed, Status, Successfully Completed, Status, Successfully Completed, Status, Successfully Completed, Status, Successfully Completed, Status, Successfully Completed, Status, Successfully Completed, Status, Successfully Completed, Status, Successfully Completed, Status, Successfully Completed, Status, Successfully Completed, Status, Successfully Completed, Status, Successfully Completed, Status, Successfully Completed, Status, Successfully Completed, Status, Successfully Completed, Status, Successfully Completed, Status, Successfully Completed, Status, Successfully Completed, Status, Successfully Completed, Status, Successfully Completed, Status, Successfully Completed, Status, Successfully Completed, Status, Successfully Completed, Status, Successfully Completed, Status, Successfully Completed, Status, Successfully Completed, Status, Successfully Completed, Status, Successfully Completed, Status, Successfully Completed, Status, Successfully Completed, Status, Successfully Completed, Status, Successfully Completed, Status, Successfully Completed, Status, Successfully Completed, Status, Successfully Completed, Status, Successfully Completed, Status, Successfully Completed, Status, Successfully Completed, Status, Successfully Completed, Status, Successfully Completed, Status, Successfully Completed, Status, Successfully Completed, Status, Successfully Completed, Status, Successfully Completed, Status, Successfully Completed, Status, Successfully Completed, Status, Successfully Completed, Status, Successfully Completed, Status, Successfully Completed, Status, Successfully Completed, Status, Successfully Completed, Status, Successfully Completed, Status, Successfully Completed, Status, Successfully Completed, Status, Successfully Completed, Status, Successfully Completed, Status, Successfully Completed, Status, Successfully Completed, Status, Successfully Completed, Status, Successfully Completed, Status, Successfully Completed, Status, Successfully Completed, Status, Successfully Completed, Status, Successfully Completed, Status, Successfully Completed, Status, Successfully Completed, Status, Successfully Completed, Status, Successfully Completed, Status, Successfully Completed, Status, Successfully Completed, Status, Successfully Completed, Status, Successfully Completed, Status, Successfully Completed, Status, Successfully Completed, Status, Successfully Completed, Status, Successfully Completed, Status, Successfully Completed, Status, Successfully Completed, Status, Successfully Completed, Status, Successfully Completed, Status, Successfully Completed, Status, Successfully Completed, Status, Successfully Completed, Status, Successfully Completed, Status, Successfully Completed, Status, Successfully Completed, Status, Successfully Completed]
[neelback4more@gmail.com, Subho1991*, Status, Successfully Completed, Status, Successfully Completed, Status, Successfully Completed, Status, Successfully Completed, Status, Successfully Completed, Status, Successfully Completed, Status, Successfully Completed, Status, Successfully Completed, Status, Successfully Completed, Status, Successfully Completed, Status, Successfully Completed, Status, Successfully Completed, Status, Successfully Completed, Status, Successfully Completed, Status, Successfully Completed, Status, Successfully Completed, Status, Successfully Completed, Status, Successfully Completed, Status, Successfully Completed, Status, Successfully Completed, Status, Successfully Completed, Status, Successfully Completed, Status, Successfully Completed, Status, Successfully Completed, Status, Successfully Completed, Status, Successfully Completed, Status, Successfully Completed, Status, Successfully Completed, Status, Successfully Completed, Status, Successfully Completed, Status, Successfully Completed, Status, Successfully Completed, Status, Successfully Completed, Status, Successfully Completed, Status, Successfully Completed, Status, Successfully Completed, Status, Successfully Completed, Status, Successfully Completed, Status, Successfully Completed, Status, Successfully Completed, Status, Successfully Completed, Status, Successfully Completed, Status, Successfully Completed, Status, Successfully Completed, Status, Successfully Completed, Status, Successfully Completed, Status, Successfully Completed, Status, Successfully Completed, Status, Successfully Completed, Status, Successfully Completed, Status, Successfully Completed, Status, Successfully Completed, Status, Successfully Completed, Status, Successfully Completed, Status, Successfully Completed, Status, Successfully Completed, Status, Successfully Completed, Status, Successfully Completed, Status, Successfully Completed, Status, Successfully Completed, Status, Successfully Completed, Status, Successfully Completed, Status, Successfully Completed, Status, Successfully Completed, Status, Successfully Completed, Status, Successfully Completed, Status, Successfully Completed, Status, Successfully Completed, Status, Successfully Completed, Status, Successfully Completed, Status, Successfully Completed, Status, Successfully Completed, Status, Successfully Completed, Status, Successfully Completed, Status, Successfully Completed, Status, Successfully Completed, Status, Successfully Completed, Status, Successfully Completed, Status, Successfully Completed, Status, Successfully Completed, Status, Successfully Completed, Status, Successfully Completed, Status, Successfully Completed, Status, Successfully Completed, Status, Successfully Completed, Status, Successfully Completed, Status, Successfully Completed, Status, Successfully Completed, Status, Successfully Completed, Status, Successfully Completed, Status, Successfully Completed, Status, Successfully Completed, Status, Successfully Completed, Status, Successfully Completed, Status, Successfully Completed, Status, Successfully Completed, Status, Successfully Completed, Status, Successfully Completed, Status, Successfully Completed, Status, Successfully Completed, Status, Successfully Completed, Status, Successfully Completed, Status, Successfully Completed, Status, Successfully Completed, Status, Successfully Completed, Status, Successfully Completed, Status, Successfully Completed, Status, Successfully Completed, Status, Successfully Completed, Status, Successfully Completed, Status, Successfully Completed, Status, Successfully Completed, Status, Successfully Completed, Status, Successfully Completed, Status, Successfully Completed, Status, Successfully Completed, Status, Successfully Completed, Status, Successfully Completed, Status, Successfully Completed, Status, Successfully Completed, Status, Successfully Completed, Status, Successfully Completed, Status, Successfully Completed, Status, Successfully Completed, Status, Successfully Completed, Status, Successfully Completed, Status, Successfully Completed, Status, Successfully Completed, Status, Successfully Completed, Status, Successfully Completed, Status, Successfully Completed, Status, Successfully Completed, Status, Successfully Completed, Status, Successfully Completed, Status, Successfully Completed, Status, Successfully Completed, Status, Successfully Completed, Status, Successfully Completed, Status, Successfully Completed, Status, Successfully Completed, Status, Successfully Completed, Status, Successfully Completed, Status, Successfully Completed, Status, Successfully Completed, Status, Successfully Completed, Status, Successfully Completed, Status, Successfully Completed, Status, Successfully Completed, Status, Successfully Completed, Status, Successfully Completed, Status, Successfully Completed, Status, Successfully Completed, Status, Successfully Completed, Status, Successfully Completed, Status, Successfully Completed, Status, Successfully Completed, Status, Successfully Completed, Status, Successfully Completed, Status, Successfully Completed, Status, Successfully Completed, Status, Successfully Completed, Status, Successfully Completed, Status, Successfully Completed, Status, Successfully Completed, Status, Successfully Completed, Status, Successfully Completed, Status, Successfully Completed, Status, Successfully Completed, Status, Successfully Completed, Status, Successfully Completed, Status, Successfully Completed, Status, Successfully Completed, Status, Successfully Completed, Status, Successfully Completed, Status, Successfully Completed, Status, Successfully Completed, Status, Successfully Completed, Status, Successfully Completed, Status, Successfully Completed, Status, Successfully Completed, Status, Successfully Completed, Status, Successfully Completed, Status, Successfully Completed, Status, Successfully Completed, Status, Successfully Completed, Status, Successfully Completed, Status, Successfully Completed, Status, Successfully Completed, Status, Successfully Completed, Status, Successfully Completed, Status, Successfully Completed, Status, Successfully Completed, Status, Successfully Completed, Status, Successfully Completed, Status, Successfully Completed, Status, Successfully Completed, Status, Successfully Completed, Status, Successfully Completed, Status, Successfully Completed, Status, Successfully Completed, Status, Successfully Completed, Status, Successfully Completed, Status, Successfully Completed, Status, Successfully Completed, Status, Successfully Completed, Status, Successfully Completed, Status, Successfully Completed, Status]
[neelback4more@gmail.com, Subho1991*, Status, Successfully Completed, Status, Successfully Completed, Status, Successfully Completed, Status, Successfully Completed, Status, Successfully Completed, Status, Successfully Completed, Status, Successfully Completed, Status, Successfully Completed, Status, Successfully Completed, Status, Successfully Completed, Status, Successfully Completed, Status, Successfully Completed, Status, Successfully Completed, Status, Successfully Completed, Status, Successfully Completed, Status, Successfully Completed, Status, Successfully Completed, Status, Successfully Completed, Status, Successfully Completed, Status, Successfully Completed, Status, Successfully Completed, Status, Successfully Completed, Status, Successfully Completed, Status, Successfully Completed, Status, Successfully Completed, Status, Successfully Completed, Status, Successfully Completed, Status, Successfully Completed, Status, Successfully Completed, Status, Successfully Completed, Status, Successfully Completed, Status, Successfully Completed, Status, Successfully Completed, Status, Successfully Completed, Status, Successfully Completed, Status, Successfully Completed, Status, Successfully Completed, Status, Successfully Completed, Status, Successfully Completed, Status, Successfully Completed, Status, Successfully Completed, Status, Successfully Completed, Status, Successfully Completed, Status, Successfully Completed, Status, Successfully Completed, Status, Successfully Completed, Status, Successfully Completed, Status, Successfully Completed, Status, Successfully Completed, Status, Successfully Completed, Status, Successfully Completed, Status, Successfully Completed, Status, Successfully Completed, Status, Successfully Completed, Status, Successfully Completed, Status, Successfully Completed, Status, Successfully Completed, Status, Successfully Completed, Status, Successfully Completed, Status, Successfully Completed, Status, Successfully Completed, Status, Successfully Completed, Status, Successfully Completed, Status, Successfully Completed, Status, Successfully Completed, Status, Successfully Completed, Status, Successfully Completed, Status, Successfully Completed, Status, Successfully Completed, Status, Successfully Completed, Status, Successfully Completed, Status, Successfully Completed, Status, Successfully Completed, Status, Successfully Completed, Status, Successfully Completed, Status, Successfully Completed, Status, Successfully Completed, Status, Successfully Completed, Status, Successfully Completed, Status, Successfully Completed, Status, Successfully Completed, Status, Successfully Completed, Status, Successfully Completed, Status, Successfully Completed, Status, Successfully Completed, Status, Successfully Completed, Status, Successfully Completed, Status, Successfully Completed, Status, Successfully Completed, Status, Successfully Completed, Status, Successfully Completed, Status, Successfully Completed, Status, Successfully Completed, Status, Successfully Completed, Status, Successfully Completed, Status, Successfully Completed, Status, Successfully Completed, Status, Successfully Completed, Status, Successfully Completed, Status, Successfully Completed, Status, Successfully Completed, Status, Successfully Completed, Status, Successfully Completed, Status, Successfully Completed, Status, Successfully Completed, Status, Successfully Completed, Status, Successfully Completed, Status, Successfully Completed, Status, Successfully Completed, Status, Successfully Completed, Status, Successfully Completed, Status, Successfully Completed, Status, Successfully Completed, Status, Successfully Completed, Status, Successfully Completed, Status, Successfully Completed, Status, Successfully Completed, Status, Successfully Completed, Status, Successfully Completed, Status, Successfully Completed, Status, Successfully Completed, Status, Successfully Completed, Status, Successfully Completed, Status, Successfully Completed, Status, Successfully Completed, Status, Successfully Completed, Status, Successfully Completed, Status, Successfully Completed, Status, Successfully Completed, Status, Successfully Completed, Status, Successfully Completed, Status, Successfully Completed, Status, Successfully Completed, Status, Successfully Completed, Status, Successfully Completed, Status, Successfully Completed, Status, Successfully Completed, Status, Successfully Completed, Status, Successfully Completed, Status, Successfully Completed, Status, Successfully Completed, Status, Successfully Completed, Status, Successfully Completed, Status, Successfully Completed, Status, Successfully Completed, Status, Successfully Completed, Status, Successfully Completed, Status, Successfully Completed, Status, Successfully Completed, Status, Successfully Completed, Status, Successfully Completed, Status, Successfully Completed, Status, Successfully Completed, Status, Successfully Completed, Status, Successfully Completed, Status, Successfully Completed, Status, Successfully Completed, Status, Successfully Completed, Status, Successfully Completed, Status, Successfully Completed, Status, Successfully Completed, Status, Successfully Completed, Status, Successfully Completed, Status, Successfully Completed, Status, Successfully Completed, Status, Successfully Completed, Status, Successfully Completed, Status, Successfully Completed, Status, Successfully Completed, Status, Successfully Completed, Status, Successfully Completed, Status, Successfully Completed, Status, Successfully Completed, Status, Successfully Completed, Status, Successfully Completed, Status, Successfully Completed, Status, Successfully Completed, Status, Successfully Completed, Status, Successfully Completed, Status, Successfully Completed, Status, Successfully Completed, Status, Successfully Completed, Status, Successfully Completed, Status, Successfully Completed, Status, Successfully Completed, Status, Successfully Completed, Status, Successfully Completed, Status, Successfully Completed, Status, Successfully Completed, Status, Successfully Completed, Status, Successfully Completed, Status, Successfully Completed, Status, Successfully Completed, Status, Successfully Completed, Status, Successfully Completed, Status, Successfully Completed, Status, Successfully Completed, Status, Successfully Completed, Status, Successfully Completed, Status, Successfully Completed, Status, Successfully Completed, Status, Successfully Completed, Status, Successfully Completed, Status, Successfully Completed, Status, Successfully Completed, Status, Successfully Completed, Status, Successfully Completed, Status, Successfully Completed]
[neelback4more@gmail.com, Subho1991*, Status, Successfully Completed, Status, Successfully Completed, Status, Successfully Completed, Status, Successfully Completed, Status, Successfully Completed, Status, Successfully Completed, Status, Successfully Completed, Status, Successfully Completed, Status, Successfully Completed, Status, Successfully Completed, Status, Successfully Completed, Status, Successfully Completed, Status, Successfully Completed, Status, Successfully Completed, Status, Successfully Completed, Status, Successfully Completed, Status, Successfully Completed, Status, Successfully Completed, Status, Successfully Completed, Status, Successfully Completed, Status, Successfully Completed, Status, Successfully Completed, Status, Successfully Completed, Status, Successfully Completed, Status, Successfully Completed, Status, Successfully Completed, Status, Successfully Completed, Status, Successfully Completed, Status, Successfully Completed, Status, Successfully Completed, Status, Successfully Completed, Status, Successfully Completed, Status, Successfully Completed, Status, Successfully Completed, Status, Successfully Completed, Status, Successfully Completed, Status, Successfully Completed, Status, Successfully Completed, Status, Successfully Completed, Status, Successfully Completed, Status, Successfully Completed, Status, Successfully Completed, Status, Successfully Completed, Status, Successfully Completed, Status, Successfully Completed, Status, Successfully Completed, Status, Successfully Completed, Status, Successfully Completed, Status, Successfully Completed, Status, Successfully Completed, Status, Successfully Completed, Status, Successfully Completed, Status, Successfully Completed, Status, Successfully Completed, Status, Successfully Completed, Status, Successfully Completed, Status, Successfully Completed, Status, Successfully Completed, Status, Successfully Completed, Status, Successfully Completed, Status, Successfully Completed, Status, Successfully Completed, Status, Successfully Completed, Status, Successfully Completed, Status, Successfully Completed, Status, Successfully Completed, Status, Successfully Completed, Status, Successfully Completed, Status, Successfully Completed, Status, Successfully Completed, Status, Successfully Completed, Status, Successfully Completed, Status, Successfully Completed, Status, Successfully Completed, Status, Successfully Completed, Status, Successfully Completed, Status, Successfully Completed, Status, Successfully Completed, Status, Successfully Completed, Status, Successfully Completed, Status, Successfully Completed, Status, Successfully Completed, Status, Successfully Completed, Status, Successfully Completed, Status, Successfully Completed, Status, Successfully Completed, Status, Successfully Completed, Status, Successfully Completed, Status, Successfully Completed, Status, Successfully Completed, Status, Successfully Completed, Status, Successfully Completed, Status, Successfully Completed, Status, Successfully Completed, Status, Successfully Completed, Status, Successfully Completed, Status, Successfully Completed, Status, Successfully Completed, Status, Successfully Completed, Status, Successfully Completed, Status, Successfully Completed, Status, Successfully Completed, Status, Successfully Completed, Status, Successfully Completed, Status, Successfully Completed, Status, Successfully Completed, Status, Successfully Completed, Status, Successfully Completed, Status, Successfully Completed, Status, Successfully Completed, Status, Successfully Completed, Status, Successfully Completed, Status, Successfully Completed, Status, Successfully Completed, Status, Successfully Completed, Status, Successfully Completed, Status, Successfully Completed, Status, Successfully Completed, Status, Successfully Completed, Status, Successfully Completed, Status, Successfully Completed, Status, Successfully Completed, Status, Successfully Completed, Status, Successfully Completed, Status, Successfully Completed, Status, Successfully Completed, Status, Successfully Completed, Status, Successfully Completed, Status, Successfully Completed, Status, Successfully Completed, Status, Successfully Completed, Status, Successfully Completed, Status, Successfully Completed, Status, Successfully Completed, Status, Successfully Completed, Status, Successfully Completed, Status, Successfully Completed, Status, Successfully Completed, Status, Successfully Completed, Status, Successfully Completed, Status, Successfully Completed, Status, Successfully Completed, Status, Successfully Completed, Status, Successfully Completed, Status, Successfully Completed, Status, Successfully Completed, Status, Successfully Completed, Status, Successfully Completed, Status, Successfully Completed, Status, Successfully Completed, Status, Successfully Completed, Status, Successfully Completed, Status, Successfully Completed, Status, Successfully Completed, Status, Successfully Completed, Status, Successfully Completed, Status, Successfully Completed, Status, Successfully Completed, Status, Successfully Completed, Status, Successfully Completed, Status, Successfully Completed, Status, Successfully Completed, Status, Successfully Completed, Status, Successfully Completed, Status, Successfully Completed, Status, Successfully Completed, Status, Successfully Completed, Status, Successfully Completed, Status, Successfully Completed, Status, Successfully Completed, Status, Successfully Completed, Status, Successfully Completed, Status, Successfully Completed, Status, Successfully Completed, Status, Successfully Completed, Status, Successfully Completed, Status, Successfully Completed, Status, Successfully Completed, Status, Successfully Completed, Status, Successfully Completed, Status, Successfully Completed, Status, Successfully Completed, Status, Successfully Completed, Status, Successfully Completed, Status, Successfully Completed, Status, Successfully Completed, Status, Successfully Completed, Status, Successfully Completed, Status, Successfully Completed, Status, Successfully Completed, Status, Successfully Completed, Status, Successfully Completed, Status, Successfully Completed, Status, Successfully Completed, Status, Successfully Completed, Status, Successfully Completed, Status, Successfully Completed, Status, Successfully Completed, Status, Successfully Completed, Status, Successfully Completed, Status, Successfully Completed, Status, Successfully Completed, Status, Successfully Completed, Status, Successfully Completed, Status, Successfully Completed, Status, Successfully Completed, Status, Successfully Completed, Status, Successfully Completed, Status]
[neelback4more@gmail.com, Subho1991*, Status, Successfully Completed, Status, Successfully Completed, Status, Successfully Completed, Status, Successfully Completed, Status, Successfully Completed, Status, Successfully Completed, Status, Successfully Completed, Status, Successfully Completed, Status, Successfully Completed, Status, Successfully Completed, Status, Successfully Completed, Status, Successfully Completed, Status, Successfully Completed, Status, Successfully Completed, Status, Successfully Completed, Status, Successfully Completed, Status, Successfully Completed, Status, Successfully Completed, Status, Successfully Completed, Status, Successfully Completed, Status, Successfully Completed, Status, Successfully Completed, Status, Successfully Completed, Status, Successfully Completed, Status, Successfully Completed, Status, Successfully Completed, Status, Successfully Completed, Status, Successfully Completed, Status, Successfully Completed, Status, Successfully Completed, Status, Successfully Completed, Status, Successfully Completed, Status, Successfully Completed, Status, Successfully Completed, Status, Successfully Completed, Status, Successfully Completed, Status, Successfully Completed, Status, Successfully Completed, Status, Successfully Completed, Status, Successfully Completed, Status, Successfully Completed, Status, Successfully Completed, Status, Successfully Completed, Status, Successfully Completed, Status, Successfully Completed, Status, Successfully Completed, Status, Successfully Completed, Status, Successfully Completed, Status, Successfully Completed, Status, Successfully Completed, Status, Successfully Completed, Status, Successfully Completed, Status, Successfully Completed, Status, Successfully Completed, Status, Successfully Completed, Status, Successfully Completed, Status, Successfully Completed, Status, Successfully Completed, Status, Successfully Completed, Status, Successfully Completed, Status, Successfully Completed, Status, Successfully Completed, Status, Successfully Completed, Status, Successfully Completed, Status, Successfully Completed, Status, Successfully Completed, Status, Successfully Completed, Status, Successfully Completed, Status, Successfully Completed, Status, Successfully Completed, Status, Successfully Completed, Status, Successfully Completed, Status, Successfully Completed, Status, Successfully Completed, Status, Successfully Completed, Status, Successfully Completed, Status, Successfully Completed, Status, Successfully Completed, Status, Successfully Completed, Status, Successfully Completed, Status, Successfully Completed, Status, Successfully Completed, Status, Successfully Completed, Status, Successfully Completed, Status, Successfully Completed, Status, Successfully Completed, Status, Successfully Completed, Status, Successfully Completed, Status, Successfully Completed, Status, Successfully Completed, Status, Successfully Completed, Status, Successfully Completed, Status, Successfully Completed, Status, Successfully Completed, Status, Successfully Completed, Status, Successfully Completed, Status, Successfully Completed, Status, Successfully Completed, Status, Successfully Completed, Status, Successfully Completed, Status, Successfully Completed, Status, Successfully Completed, Status, Successfully Completed, Status, Successfully Completed, Status, Successfully Completed, Status, Successfully Completed, Status, Successfully Completed, Status, Successfully Completed, Status, Successfully Completed, Status, Successfully Completed, Status, Successfully Completed, Status, Successfully Completed, Status, Successfully Completed, Status, Successfully Completed, Status, Successfully Completed, Status, Successfully Completed, Status, Successfully Completed, Status, Successfully Completed, Status, Successfully Completed, Status, Successfully Completed, Status, Successfully Completed, Status, Successfully Completed, Status, Successfully Completed, Status, Successfully Completed, Status, Successfully Completed, Status, Successfully Completed, Status, Successfully Completed, Status, Successfully Completed, Status, Successfully Completed, Status, Successfully Completed, Status, Successfully Completed, Status, Successfully Completed, Status, Successfully Completed, Status, Successfully Completed, Status, Successfully Completed, Status, Successfully Completed, Status, Successfully Completed, Status, Successfully Completed, Status, Successfully Completed, Status, Successfully Completed, Status, Successfully Completed, Status, Successfully Completed, Status, Successfully Completed, Status, Successfully Completed, Status, Successfully Completed, Status, Successfully Completed, Status, Successfully Completed, Status, Successfully Completed, Status, Successfully Completed, Status, Successfully Completed, Status, Successfully Completed, Status, Successfully Completed, Status, Successfully Completed, Status, Successfully Completed, Status, Successfully Completed, Status, Successfully Completed, Status, Successfully Completed, Status, Successfully Completed, Status, Successfully Completed, Status, Successfully Completed, Status, Successfully Completed, Status, Successfully Completed, Status, Successfully Completed, Status, Successfully Completed, Status, Successfully Completed, Status, Successfully Completed, Status, Successfully Completed, Status, Successfully Completed, Status, Successfully Completed, Status, Successfully Completed, Status, Successfully Completed, Status, Successfully Completed, Status, Successfully Completed, Status, Successfully Completed, Status, Successfully Completed, Status, Successfully Completed, Status, Successfully Completed, Status, Successfully Completed, Status, Successfully Completed, Status, Successfully Completed, Status, Successfully Completed, Status, Successfully Completed, Status, Successfully Completed, Status, Successfully Completed, Status, Successfully Completed, Status, Successfully Completed, Status, Successfully Completed, Status, Successfully Completed, Status, Successfully Completed, Status, Successfully Completed, Status, Successfully Completed, Status, Successfully Completed, Status, Successfully Completed, Status, Successfully Completed, Status, Successfully Completed, Status, Successfully Completed, Status, Successfully Completed, Status, Successfully Completed, Status, Successfully Completed, Status, Successfully Completed, Status, Successfully Completed, Status, Successfully Completed, Status, Successfully Completed, Status, Successfully Completed, Status, Successfully Completed, Status, Successfully Completed, Status, Successfully Completed, Status, Successfully Completed, Status, Successfully Completed]
[neelback4more@gmail.com, Subho1991*, Status, Successfully Completed, Status, Successfully Completed, Status, Successfully Completed, Status, Successfully Completed, Status, Successfully Completed, Status, Successfully Completed, Status, Successfully Completed, Status, Successfully Completed, Status, Successfully Completed, Status, Successfully Completed, Status, Successfully Completed, Status, Successfully Completed, Status, Successfully Completed, Status, Successfully Completed, Status, Successfully Completed, Status, Successfully Completed, Status, Successfully Completed, Status, Successfully Completed, Status, Successfully Completed, Status, Successfully Completed, Status, Successfully Completed, Status, Successfully Completed, Status, Successfully Completed, Status, Successfully Completed, Status, Successfully Completed, Status, Successfully Completed, Status, Successfully Completed, Status, Successfully Completed, Status, Successfully Completed, Status, Successfully Completed, Status, Successfully Completed, Status, Successfully Completed, Status, Successfully Completed, Status, Successfully Completed, Status, Successfully Completed, Status, Successfully Completed, Status, Successfully Completed, Status, Successfully Completed, Status, Successfully Completed, Status, Successfully Completed, Status, Successfully Completed, Status, Successfully Completed, Status, Successfully Completed, Status, Successfully Completed, Status, Successfully Completed, Status, Successfully Completed, Status, Successfully Completed, Status, Successfully Completed, Status, Successfully Completed, Status, Successfully Completed, Status, Successfully Completed, Status, Successfully Completed, Status, Successfully Completed, Status, Successfully Completed, Status, Successfully Completed, Status, Successfully Completed, Status, Successfully Completed, Status, Successfully Completed, Status, Successfully Completed, Status, Successfully Completed, Status, Successfully Completed, Status, Successfully Completed, Status, Successfully Completed, Status, Successfully Completed, Status, Successfully Completed, Status, Successfully Completed, Status, Successfully Completed, Status, Successfully Completed, Status, Successfully Completed, Status, Successfully Completed, Status, Successfully Completed, Status, Successfully Completed, Status, Successfully Completed, Status, Successfully Completed, Status, Successfully Completed, Status, Successfully Completed, Status, Successfully Completed, Status, Successfully Completed, Status, Successfully Completed, Status, Successfully Completed, Status, Successfully Completed, Status, Successfully Completed, Status, Successfully Completed, Status, Successfully Completed, Status, Successfully Completed, Status, Successfully Completed, Status, Successfully Completed, Status, Successfully Completed, Status, Successfully Completed, Status, Successfully Completed, Status, Successfully Completed, Status, Successfully Completed, Status, Successfully Completed, Status, Successfully Completed, Status, Successfully Completed, Status, Successfully Completed, Status, Successfully Completed, Status, Successfully Completed, Status, Successfully Completed, Status, Successfully Completed, Status, Successfully Completed, Status, Successfully Completed, Status, Successfully Completed, Status, Successfully Completed, Status, Successfully Completed, Status, Successfully Completed, Status, Successfully Completed, Status, Successfully Completed, Status, Successfully Completed, Status, Successfully Completed, Status, Successfully Completed, Status, Successfully Completed, Status, Successfully Completed, Status, Successfully Completed, Status, Successfully Completed, Status, Successfully Completed, Status, Successfully Completed, Status, Successfully Completed, Status, Successfully Completed, Status, Successfully Completed, Status, Successfully Completed, Status, Successfully Completed, Status, Successfully Completed, Status, Successfully Completed, Status, Successfully Completed, Status, Successfully Completed, Status, Successfully Completed, Status, Successfully Completed, Status, Successfully Completed, Status, Successfully Completed, Status, Successfully Completed, Status, Successfully Completed, Status, Successfully Completed, Status, Successfully Completed, Status, Successfully Completed, Status, Successfully Completed, Status, Successfully Completed, Status, Successfully Completed, Status, Successfully Completed, Status, Successfully Completed, Status, Successfully Completed, Status, Successfully Completed, Status, Successfully Completed, Status, Successfully Completed, Status, Successfully Completed, Status, Successfully Completed, Status, Successfully Completed, Status, Successfully Completed, Status, Successfully Completed, Status, Successfully Completed, Status, Successfully Completed, Status, Successfully Completed, Status, Successfully Completed, Status, Successfully Completed, Status, Successfully Completed, Status, Successfully Completed, Status, Successfully Completed, Status, Successfully Completed, Status, Successfully Completed, Status, Successfully Completed, Status, Successfully Completed, Status, Successfully Completed, Status, Successfully Completed, Status, Successfully Completed, Status, Successfully Completed, Status, Successfully Completed, Status, Successfully Completed, Status, Successfully Completed, Status, Successfully Completed, Status, Successfully Completed, Status, Successfully Completed, Status, Successfully Completed, Status, Successfully Completed, Status, Successfully Completed, Status, Successfully Completed, Status, Successfully Completed, Status, Successfully Completed, Status, Successfully Completed, Status, Successfully Completed, Status, Successfully Completed, Status, Successfully Completed, Status, Successfully Completed, Status, Successfully Completed, Status, Successfully Completed, Status, Successfully Completed, Status, Successfully Completed, Status, Successfully Completed, Status, Successfully Completed, Status, Successfully Completed, Status, Successfully Completed, Status, Successfully Completed, Status, Successfully Completed, Status, Successfully Completed, Status, Successfully Completed, Status, Successfully Completed, Status, Successfully Completed, Status, Successfully Completed, Status, Successfully Completed, Status, Successfully Completed, Status, Successfully Completed, Status, Successfully Completed, Status, Successfully Completed, Status, Successfully Completed, Status, Successfully Completed, Status, Successfully Completed, Status, Successfully Completed, Status, Successfully Completed, Status, Successfully Completed, Status, Successfully Completed, Status]
[neelback4more@gmail.com, Subho1991*, Status, Successfully Completed, Status, Successfully Completed, Status, Successfully Completed, Status, Successfully Completed, Status, Successfully Completed, Status, Successfully Completed, Status, Successfully Completed, Status, Successfully Completed, Status, Successfully Completed, Status, Successfully Completed, Status, Successfully Completed, Status, Successfully Completed, Status, Successfully Completed, Status, Successfully Completed, Status, Successfully Completed, Status, Successfully Completed, Status, Successfully Completed, Status, Successfully Completed, Status, Successfully Completed, Status, Successfully Completed, Status, Successfully Completed, Status, Successfully Completed, Status, Successfully Completed, Status, Successfully Completed, Status, Successfully Completed, Status, Successfully Completed, Status, Successfully Completed, Status, Successfully Completed, Status, Successfully Completed, Status, Successfully Completed, Status, Successfully Completed, Status, Successfully Completed, Status, Successfully Completed, Status, Successfully Completed, Status, Successfully Completed, Status, Successfully Completed, Status, Successfully Completed, Status, Successfully Completed, Status, Successfully Completed, Status, Successfully Completed, Status, Successfully Completed, Status, Successfully Completed, Status, Successfully Completed, Status, Successfully Completed, Status, Successfully Completed, Status, Successfully Completed, Status, Successfully Completed, Status, Successfully Completed, Status, Successfully Completed, Status, Successfully Completed, Status, Successfully Completed, Status, Successfully Completed, Status, Successfully Completed, Status, Successfully Completed, Status, Successfully Completed, Status, Successfully Completed, Status, Successfully Completed, Status, Successfully Completed, Status, Successfully Completed, Status, Successfully Completed, Status, Successfully Completed, Status, Successfully Completed, Status, Successfully Completed, Status, Successfully Completed, Status, Successfully Completed, Status, Successfully Completed, Status, Successfully Completed, Status, Successfully Completed, Status, Successfully Completed, Status, Successfully Completed, Status, Successfully Completed, Status, Successfully Completed, Status, Successfully Completed, Status, Successfully Completed, Status, Successfully Completed, Status, Successfully Completed, Status, Successfully Completed, Status, Successfully Completed, Status, Successfully Completed, Status, Successfully Completed, Status, Successfully Completed, Status, Successfully Completed, Status, Successfully Completed, Status, Successfully Completed, Status, Successfully Completed, Status, Successfully Completed, Status, Successfully Completed, Status, Successfully Completed, Status, Successfully Completed, Status, Successfully Completed, Status, Successfully Completed, Status, Successfully Completed, Status, Successfully Completed, Status, Successfully Completed, Status, Successfully Completed, Status, Successfully Completed, Status, Successfully Completed, Status, Successfully Completed, Status, Successfully Completed, Status, Successfully Completed, Status, Successfully Completed, Status, Successfully Completed, Status, Successfully Completed, Status, Successfully Completed, Status, Successfully Completed, Status, Successfully Completed, Status, Successfully Completed, Status, Successfully Completed, Status, Successfully Completed, Status, Successfully Completed, Status, Successfully Completed, Status, Successfully Completed, Status, Successfully Completed, Status, Successfully Completed, Status, Successfully Completed, Status, Successfully Completed, Status, Successfully Completed, Status, Successfully Completed, Status, Successfully Completed, Status, Successfully Completed, Status, Successfully Completed, Status, Successfully Completed, Status, Successfully Completed, Status, Successfully Completed, Status, Successfully Completed, Status, Successfully Completed, Status, Successfully Completed, Status, Successfully Completed, Status, Successfully Completed, Status, Successfully Completed, Status, Successfully Completed, Status, Successfully Completed, Status, Successfully Completed, Status, Successfully Completed, Status, Successfully Completed, Status, Successfully Completed, Status, Successfully Completed, Status, Successfully Completed, Status, Successfully Completed, Status, Successfully Completed, Status, Successfully Completed, Status, Successfully Completed, Status, Successfully Completed, Status, Successfully Completed, Status, Successfully Completed, Status, Successfully Completed, Status, Successfully Completed, Status, Successfully Completed, Status, Successfully Completed, Status, Successfully Completed, Status, Successfully Completed, Status, Successfully Completed, Status, Successfully Completed, Status, Successfully Completed, Status, Successfully Completed, Status, Successfully Completed, Status, Successfully Completed, Status, Successfully Completed, Status, Successfully Completed, Status, Successfully Completed, Status, Successfully Completed, Status, Successfully Completed, Status, Successfully Completed, Status, Successfully Completed, Status, Successfully Completed, Status, Successfully Completed, Status, Successfully Completed, Status, Successfully Completed, Status, Successfully Completed, Status, Successfully Completed, Status, Successfully Completed, Status, Successfully Completed, Status, Successfully Completed, Status, Successfully Completed, Status, Successfully Completed, Status, Successfully Completed, Status, Successfully Completed, Status, Successfully Completed, Status, Successfully Completed, Status, Successfully Completed, Status, Successfully Completed, Status, Successfully Completed, Status, Successfully Completed, Status, Successfully Completed, Status, Successfully Completed, Status, Successfully Completed, Status, Successfully Completed, Status, Successfully Completed, Status, Successfully Completed, Status, Successfully Completed, Status, Successfully Completed, Status, Successfully Completed, Status, Successfully Completed, Status, Successfully Completed, Status, Successfully Completed, Status, Successfully Completed, Status, Successfully Completed, Status, Successfully Completed, Status, Successfully Completed, Status, Successfully Completed, Status, Successfully Completed, Status, Successfully Completed, Status, Successfully Completed, Status, Successfully Completed, Status, Successfully Completed, Status, Successfully Completed, Status, Successfully Completed, Status, Successfully Completed, Status, Successfully Completed, Status, Successfully Completed]
[neelback4more@gmail.com, Subho1991*, Status, Successfully Completed, Status, Successfully Completed, Status, Successfully Completed, Status, Successfully Completed, Status, Successfully Completed, Status, Successfully Completed, Status, Successfully Completed, Status, Successfully Completed, Status, Successfully Completed, Status, Successfully Completed, Status, Successfully Completed, Status, Successfully Completed, Status, Successfully Completed, Status, Successfully Completed, Status, Successfully Completed, Status, Successfully Completed, Status, Successfully Completed, Status, Successfully Completed, Status, Successfully Completed, Status, Successfully Completed, Status, Successfully Completed, Status, Successfully Completed, Status, Successfully Completed, Status, Successfully Completed, Status, Successfully Completed, Status, Successfully Completed, Status, Successfully Completed, Status, Successfully Completed, Status, Successfully Completed, Status, Successfully Completed, Status, Successfully Completed, Status, Successfully Completed, Status, Successfully Completed, Status, Successfully Completed, Status, Successfully Completed, Status, Successfully Completed, Status, Successfully Completed, Status, Successfully Completed, Status, Successfully Completed, Status, Successfully Completed, Status, Successfully Completed, Status, Successfully Completed, Status, Successfully Completed, Status, Successfully Completed, Status, Successfully Completed, Status, Successfully Completed, Status, Successfully Completed, Status, Successfully Completed, Status, Successfully Completed, Status, Successfully Completed, Status, Successfully Completed, Status, Successfully Completed, Status, Successfully Completed, Status, Successfully Completed, Status, Successfully Completed, Status, Successfully Completed, Status, Successfully Completed, Status, Successfully Completed, Status, Successfully Completed, Status, Successfully Completed, Status, Successfully Completed, Status, Successfully Completed, Status, Successfully Completed, Status, Successfully Completed, Status, Successfully Completed, Status, Successfully Completed, Status, Successfully Completed, Status, Successfully Completed, Status, Successfully Completed, Status, Successfully Completed, Status, Successfully Completed, Status, Successfully Completed, Status, Successfully Completed, Status, Successfully Completed, Status, Successfully Completed, Status, Successfully Completed, Status, Successfully Completed, Status, Successfully Completed, Status, Successfully Completed, Status, Successfully Completed, Status, Successfully Completed, Status, Successfully Completed, Status, Successfully Completed, Status, Successfully Completed, Status, Successfully Completed, Status, Successfully Completed, Status, Successfully Completed, Status, Successfully Completed, Status, Successfully Completed, Status, Successfully Completed, Status, Successfully Completed, Status, Successfully Completed, Status, Successfully Completed, Status, Successfully Completed, Status, Successfully Completed, Status, Successfully Completed, Status, Successfully Completed, Status, Successfully Completed, Status, Successfully Completed, Status, Successfully Completed, Status, Successfully Completed, Status, Successfully Completed, Status, Successfully Completed, Status, Successfully Completed, Status, Successfully Completed, Status, Successfully Completed, Status, Successfully Completed, Status, Successfully Completed, Status, Successfully Completed, Status, Successfully Completed, Status, Successfully Completed, Status, Successfully Completed, Status, Successfully Completed, Status, Successfully Completed, Status, Successfully Completed, Status, Successfully Completed, Status, Successfully Completed, Status, Successfully Completed, Status, Successfully Completed, Status, Successfully Completed, Status, Successfully Completed, Status, Successfully Completed, Status, Successfully Completed, Status, Successfully Completed, Status, Successfully Completed, Status, Successfully Completed, Status, Successfully Completed, Status, Successfully Completed, Status, Successfully Completed, Status, Successfully Completed, Status, Successfully Completed, Status, Successfully Completed, Status, Successfully Completed, Status, Successfully Completed, Status, Successfully Completed, Status, Successfully Completed, Status, Successfully Completed, Status, Successfully Completed, Status, Successfully Completed, Status, Successfully Completed, Status, Successfully Completed, Status, Successfully Completed, Status, Successfully Completed, Status, Successfully Completed, Status, Successfully Completed, Status, Successfully Completed, Status, Successfully Completed, Status, Successfully Completed, Status, Successfully Completed, Status, Successfully Completed, Status, Successfully Completed, Status, Successfully Completed, Status, Successfully Completed, Status, Successfully Completed, Status, Successfully Completed, Status, Successfully Completed, Status, Successfully Completed, Status, Successfully Completed, Status, Successfully Completed, Status, Successfully Completed, Status, Successfully Completed, Status, Successfully Completed, Status, Successfully Completed, Status, Successfully Completed, Status, Successfully Completed, Status, Successfully Completed, Status, Successfully Completed, Status, Successfully Completed, Status, Successfully Completed, Status, Successfully Completed, Status, Successfully Completed, Status, Successfully Completed, Status, Successfully Completed, Status, Successfully Completed, Status, Successfully Completed, Status, Successfully Completed, Status, Successfully Completed, Status, Successfully Completed, Status, Successfully Completed, Status, Successfully Completed, Status, Successfully Completed, Status, Successfully Completed, Status, Successfully Completed, Status, Successfully Completed, Status, Successfully Completed, Status, Successfully Completed, Status, Successfully Completed, Status, Successfully Completed, Status, Successfully Completed, Status, Successfully Completed, Status, Successfully Completed, Status, Successfully Completed, Status, Successfully Completed, Status, Successfully Completed, Status, Successfully Completed, Status, Successfully Completed, Status, Successfully Completed, Status, Successfully Completed, Status, Successfully Completed, Status, Successfully Completed, Status, Successfully Completed, Status, Successfully Completed, Status, Successfully Completed, Status, Successfully Completed, Status, Successfully Completed, Status, Successfully Completed, Status, Successfully Completed, Status, Successfully Completed, Status, Successfully Completed, Status, Successfully Completed, Status]
[neelback4more@gmail.com, Subho1991*, Status, Successfully Completed, Status, Successfully Completed, Status, Successfully Completed, Status, Successfully Completed, Status, Successfully Completed, Status, Successfully Completed, Status, Successfully Completed, Status, Successfully Completed, Status, Successfully Completed, Status, Successfully Completed, Status, Successfully Completed, Status, Successfully Completed, Status, Successfully Completed, Status, Successfully Completed, Status, Successfully Completed, Status, Successfully Completed, Status, Successfully Completed, Status, Successfully Completed, Status, Successfully Completed, Status, Successfully Completed, Status, Successfully Completed, Status, Successfully Completed, Status, Successfully Completed, Status, Successfully Completed, Status, Successfully Completed, Status, Successfully Completed, Status, Successfully Completed, Status, Successfully Completed, Status, Successfully Completed, Status, Successfully Completed, Status, Successfully Completed, Status, Successfully Completed, Status, Successfully Completed, Status, Successfully Completed, Status, Successfully Completed, Status, Successfully Completed, Status, Successfully Completed, Status, Successfully Completed, Status, Successfully Completed, Status, Successfully Completed, Status, Successfully Completed, Status, Successfully Completed, Status, Successfully Completed, Status, Successfully Completed, Status, Successfully Completed, Status, Successfully Completed, Status, Successfully Completed, Status, Successfully Completed, Status, Successfully Completed, Status, Successfully Completed, Status, Successfully Completed, Status, Successfully Completed, Status, Successfully Completed, Status, Successfully Completed, Status, Successfully Completed, Status, Successfully Completed, Status, Successfully Completed, Status, Successfully Completed, Status, Successfully Completed, Status, Successfully Completed, Status, Successfully Completed, Status, Successfully Completed, Status, Successfully Completed, Status, Successfully Completed, Status, Successfully Completed, Status, Successfully Completed, Status, Successfully Completed, Status, Successfully Completed, Status, Successfully Completed, Status, Successfully Completed, Status, Successfully Completed, Status, Successfully Completed, Status, Successfully Completed, Status, Successfully Completed, Status, Successfully Completed, Status, Successfully Completed, Status, Successfully Completed, Status, Successfully Completed, Status, Successfully Completed, Status, Successfully Completed, Status, Successfully Completed, Status, Successfully Completed, Status, Successfully Completed, Status, Successfully Completed, Status, Successfully Completed, Status, Successfully Completed, Status, Successfully Completed, Status, Successfully Completed, Status, Successfully Completed, Status, Successfully Completed, Status, Successfully Completed, Status, Successfully Completed, Status, Successfully Completed, Status, Successfully Completed, Status, Successfully Completed, Status, Successfully Completed, Status, Successfully Completed, Status, Successfully Completed, Status, Successfully Completed, Status, Successfully Completed, Status, Successfully Completed, Status, Successfully Completed, Status, Successfully Completed, Status, Successfully Completed, Status, Successfully Completed, Status, Successfully Completed, Status, Successfully Completed, Status, Successfully Completed, Status, Successfully Completed, Status, Successfully Completed, Status, Successfully Completed, Status, Successfully Completed, Status, Successfully Completed, Status, Successfully Completed, Status, Successfully Completed, Status, Successfully Completed, Status, Successfully Completed, Status, Successfully Completed, Status, Successfully Completed, Status, Successfully Completed, Status, Successfully Completed, Status, Successfully Completed, Status, Successfully Completed, Status, Successfully Completed, Status, Successfully Completed, Status, Successfully Completed, Status, Successfully Completed, Status, Successfully Completed, Status, Successfully Completed, Status, Successfully Completed, Status, Successfully Completed, Status, Successfully Completed, Status, Successfully Completed, Status, Successfully Completed, Status, Successfully Completed, Status, Successfully Completed, Status, Successfully Completed, Status, Successfully Completed, Status, Successfully Completed, Status, Successfully Completed, Status, Successfully Completed, Status, Successfully Completed, Status, Successfully Completed, Status, Successfully Completed, Status, Successfully Completed, Status, Successfully Completed, Status, Successfully Completed, Status, Successfully Completed, Status, Successfully Completed, Status, Successfully Completed, Status, Successfully Completed, Status, Successfully Completed, Status, Successfully Completed, Status, Successfully Completed, Status, Successfully Completed, Status, Successfully Completed, Status, Successfully Completed, Status, Successfully Completed, Status, Successfully Completed, Status, Successfully Completed, Status, Successfully Completed, Status, Successfully Completed, Status, Successfully Completed, Status, Successfully Completed, Status, Successfully Completed, Status, Successfully Completed, Status, Successfully Completed, Status, Successfully Completed, Status, Successfully Completed, Status, Successfully Completed, Status, Successfully Completed, Status, Successfully Completed, Status, Successfully Completed, Status, Successfully Completed, Status, Successfully Completed, Status, Successfully Completed, Status, Successfully Completed, Status, Successfully Completed, Status, Successfully Completed, Status, Successfully Completed, Status, Successfully Completed, Status, Successfully Completed, Status, Successfully Completed, Status, Successfully Completed, Status, Successfully Completed, Status, Successfully Completed, Status, Successfully Completed, Status, Successfully Completed, Status, Successfully Completed, Status, Successfully Completed, Status, Successfully Completed, Status, Successfully Completed, Status, Successfully Completed, Status, Successfully Completed, Status, Successfully Completed, Status, Successfully Completed, Status, Successfully Completed, Status, Successfully Completed, Status, Successfully Completed, Status, Successfully Completed, Status, Successfully Completed, Status, Successfully Completed, Status, Successfully Completed, Status, Successfully Completed, Status, Successfully Completed, Status, Successfully Completed, Status, Successfully Completed, Status, Successfully Completed, Status, Successfully Completed, Status, Successfully Completed, Status, Successfully Completed]
[neelback4more@gmail.com, Subho1991*, Status, Successfully Completed, Status, Successfully Completed, Status, Successfully Completed, Status, Successfully Completed, Status, Successfully Completed, Status, Successfully Completed, Status, Successfully Completed, Status, Successfully Completed, Status, Successfully Completed, Status, Successfully Completed, Status, Successfully Completed, Status, Successfully Completed, Status, Successfully Completed, Status, Successfully Completed, Status, Successfully Completed, Status, Successfully Completed, Status, Successfully Completed, Status, Successfully Completed, Status, Successfully Completed, Status, Successfully Completed, Status, Successfully Completed, Status, Successfully Completed, Status, Successfully Completed, Status, Successfully Completed, Status, Successfully Completed, Status, Successfully Completed, Status, Successfully Completed, Status, Successfully Completed, Status, Successfully Completed, Status, Successfully Completed, Status, Successfully Completed, Status, Successfully Completed, Status, Successfully Completed, Status, Successfully Completed, Status, Successfully Completed, Status, Successfully Completed, Status, Successfully Completed, Status, Successfully Completed, Status, Successfully Completed, Status, Successfully Completed, Status, Successfully Completed, Status, Successfully Completed, Status, Successfully Completed, Status, Successfully Completed, Status, Successfully Completed, Status, Successfully Completed, Status, Successfully Completed, Status, Successfully Completed, Status, Successfully Completed, Status, Successfully Completed, Status, Successfully Completed, Status, Successfully Completed, Status, Successfully Completed, Status, Successfully Completed, Status, Successfully Completed, Status, Successfully Completed, Status, Successfully Completed, Status, Successfully Completed, Status, Successfully Completed, Status, Successfully Completed, Status, Successfully Completed, Status, Successfully Completed, Status, Successfully Completed, Status, Successfully Completed, Status, Successfully Completed, Status, Successfully Completed, Status, Successfully Completed, Status, Successfully Completed, Status, Successfully Completed, Status, Successfully Completed, Status, Successfully Completed, Status, Successfully Completed, Status, Successfully Completed, Status, Successfully Completed, Status, Successfully Completed, Status, Successfully Completed, Status, Successfully Completed, Status, Successfully Completed, Status, Successfully Completed, Status, Successfully Completed, Status, Successfully Completed, Status, Successfully Completed, Status, Successfully Completed, Status, Successfully Completed, Status, Successfully Completed, Status, Successfully Completed, Status, Successfully Completed, Status, Successfully Completed, Status, Successfully Completed, Status, Successfully Completed, Status, Successfully Completed, Status, Successfully Completed, Status, Successfully Completed, Status, Successfully Completed, Status, Successfully Completed, Status, Successfully Completed, Status, Successfully Completed, Status, Successfully Completed, Status, Successfully Completed, Status, Successfully Completed, Status, Successfully Completed, Status, Successfully Completed, Status, Successfully Completed, Status, Successfully Completed, Status, Successfully Completed, Status, Successfully Completed, Status, Successfully Completed, Status, Successfully Completed, Status, Successfully Completed, Status, Successfully Completed, Status, Successfully Completed, Status, Successfully Completed, Status, Successfully Completed, Status, Successfully Completed, Status, Successfully Completed, Status, Successfully Completed, Status, Successfully Completed, Status, Successfully Completed, Status, Successfully Completed, Status, Successfully Completed, Status, Successfully Completed, Status, Successfully Completed, Status, Successfully Completed, Status, Successfully Completed, Status, Successfully Completed, Status, Successfully Completed, Status, Successfully Completed, Status, Successfully Completed, Status, Successfully Completed, Status, Successfully Completed, Status, Successfully Completed, Status, Successfully Completed, Status, Successfully Completed, Status, Successfully Completed, Status, Successfully Completed, Status, Successfully Completed, Status, Successfully Completed, Status, Successfully Completed, Status, Successfully Completed, Status, Successfully Completed, Status, Successfully Completed, Status, Successfully Completed, Status, Successfully Completed, Status, Successfully Completed, Status, Successfully Completed, Status, Successfully Completed, Status, Successfully Completed, Status, Successfully Completed, Status, Successfully Completed, Status, Successfully Completed, Status, Successfully Completed, Status, Successfully Completed, Status, Successfully Completed, Status, Successfully Completed, Status, Successfully Completed, Status, Successfully Completed, Status, Successfully Completed, Status, Successfully Completed, Status, Successfully Completed, Status, Successfully Completed, Status, Successfully Completed, Status, Successfully Completed, Status, Successfully Completed, Status, Successfully Completed, Status, Successfully Completed, Status, Successfully Completed, Status, Successfully Completed, Status, Successfully Completed, Status, Successfully Completed, Status, Successfully Completed, Status, Successfully Completed, Status, Successfully Completed, Status, Successfully Completed, Status, Successfully Completed, Status, Successfully Completed, Status, Successfully Completed, Status, Successfully Completed, Status, Successfully Completed, Status, Successfully Completed, Status, Successfully Completed, Status, Successfully Completed, Status, Successfully Completed, Status, Successfully Completed, Status, Successfully Completed, Status, Successfully Completed, Status, Successfully Completed, Status, Successfully Completed, Status, Successfully Completed, Status, Successfully Completed, Status, Successfully Completed, Status, Successfully Completed, Status, Successfully Completed, Status, Successfully Completed, Status, Successfully Completed, Status, Successfully Completed, Status, Successfully Completed, Status, Successfully Completed, Status, Successfully Completed, Status, Successfully Completed, Status, Successfully Completed, Status, Successfully Completed, Status, Successfully Completed, Status, Successfully Completed, Status, Successfully Completed, Status, Successfully Completed, Status, Successfully Completed, Status, Successfully Completed, Status, Successfully Completed, Status, Successfully Completed, Status, Successfully Completed, Status, Successfully Completed, Status]
[neelback4more@gmail.com, Subho1991*, Status, Successfully Completed, Status, Successfully Completed, Status, Successfully Completed, Status, Successfully Completed, Status, Successfully Completed, Status, Successfully Completed, Status, Successfully Completed, Status, Successfully Completed, Status, Successfully Completed, Status, Successfully Completed, Status, Successfully Completed, Status, Successfully Completed, Status, Successfully Completed, Status, Successfully Completed, Status, Successfully Completed, Status, Successfully Completed, Status, Successfully Completed, Status, Successfully Completed, Status, Successfully Completed, Status, Successfully Completed, Status, Successfully Completed, Status, Successfully Completed, Status, Successfully Completed, Status, Successfully Completed, Status, Successfully Completed, Status, Successfully Completed, Status, Successfully Completed, Status, Successfully Completed, Status, Successfully Completed, Status, Successfully Completed, Status, Successfully Completed, Status, Successfully Completed, Status, Successfully Completed, Status, Successfully Completed, Status, Successfully Completed, Status, Successfully Completed, Status, Successfully Completed, Status, Successfully Completed, Status, Successfully Completed, Status, Successfully Completed, Status, Successfully Completed, Status, Successfully Completed, Status, Successfully Completed, Status, Successfully Completed, Status, Successfully Completed, Status, Successfully Completed, Status, Successfully Completed, Status, Successfully Completed, Status, Successfully Completed, Status, Successfully Completed, Status, Successfully Completed, Status, Successfully Completed, Status, Successfully Completed, Status, Successfully Completed, Status, Successfully Completed, Status, Successfully Completed, Status, Successfully Completed, Status, Successfully Completed, Status, Successfully Completed, Status, Successfully Completed, Status, Successfully Completed, Status, Successfully Completed, Status, Successfully Completed, Status, Successfully Completed, Status, Successfully Completed, Status, Successfully Completed, Status, Successfully Completed, Status, Successfully Completed, Status, Successfully Completed, Status, Successfully Completed, Status, Successfully Completed, Status, Successfully Completed, Status, Successfully Completed, Status, Successfully Completed, Status, Successfully Completed, Status, Successfully Completed, Status, Successfully Completed, Status, Successfully Completed, Status, Successfully Completed, Status, Successfully Completed, Status, Successfully Completed, Status, Successfully Completed, Status, Successfully Completed, Status, Successfully Completed, Status, Successfully Completed, Status, Successfully Completed, Status, Successfully Completed, Status, Successfully Completed, Status, Successfully Completed, Status, Successfully Completed, Status, Successfully Completed, Status, Successfully Completed, Status, Successfully Completed, Status, Successfully Completed, Status, Successfully Completed, Status, Successfully Completed, Status, Successfully Completed, Status, Successfully Completed, Status, Successfully Completed, Status, Successfully Completed, Status, Successfully Completed, Status, Successfully Completed, Status, Successfully Completed, Status, Successfully Completed, Status, Successfully Completed, Status, Successfully Completed, Status, Successfully Completed, Status, Successfully Completed, Status, Successfully Completed, Status, Successfully Completed, Status, Successfully Completed, Status, Successfully Completed, Status, Successfully Completed, Status, Successfully Completed, Status, Successfully Completed, Status, Successfully Completed, Status, Successfully Completed, Status, Successfully Completed, Status, Successfully Completed, Status, Successfully Completed, Status, Successfully Completed, Status, Successfully Completed, Status, Successfully Completed, Status, Successfully Completed, Status, Successfully Completed, Status, Successfully Completed, Status, Successfully Completed, Status, Successfully Completed, Status, Successfully Completed, Status, Successfully Completed, Status, Successfully Completed, Status, Successfully Completed, Status, Successfully Completed, Status, Successfully Completed, Status, Successfully Completed, Status, Successfully Completed, Status, Successfully Completed, Status, Successfully Completed, Status, Successfully Completed, Status, Successfully Completed, Status, Successfully Completed, Status, Successfully Completed, Status, Successfully Completed, Status, Successfully Completed, Status, Successfully Completed, Status, Successfully Completed, Status, Successfully Completed, Status, Successfully Completed, Status, Successfully Completed, Status, Successfully Completed, Status, Successfully Completed, Status, Successfully Completed, Status, Successfully Completed, Status, Successfully Completed, Status, Successfully Completed, Status, Successfully Completed, Status, Successfully Completed, Status, Successfully Completed, Status, Successfully Completed, Status, Successfully Completed, Status, Successfully Completed, Status, Successfully Completed, Status, Successfully Completed, Status, Successfully Completed, Status, Successfully Completed, Status, Successfully Completed, Status, Successfully Completed, Status, Successfully Completed, Status, Successfully Completed, Status, Successfully Completed, Status, Successfully Completed, Status, Successfully Completed, Status, Successfully Completed, Status, Successfully Completed, Status, Successfully Completed, Status, Successfully Completed, Status, Successfully Completed, Status, Successfully Completed, Status, Successfully Completed, Status, Successfully Completed, Status, Successfully Completed, Status, Successfully Completed, Status, Successfully Completed, Status, Successfully Completed, Status, Successfully Completed, Status, Successfully Completed, Status, Successfully Completed, Status, Successfully Completed, Status, Successfully Completed, Status, Successfully Completed, Status, Successfully Completed, Status, Successfully Completed, Status, Successfully Completed, Status, Successfully Completed, Status, Successfully Completed, Status, Successfully Completed, Status, Successfully Completed, Status, Successfully Completed, Status, Successfully Completed, Status, Successfully Completed, Status, Successfully Completed, Status, Successfully Completed, Status, Successfully Completed, Status, Successfully Completed, Status, Successfully Completed, Status, Successfully Completed, Status, Successfully Completed, Status, Successfully Completed, Status, Successfully Completed, Status, Successfully Completed, Status, Successfully Completed, Status, Successfully Completed]
[neelback4more@gmail.com, Subho1991*, Status, Successfully Completed, Status, Successfully Completed, Status, Successfully Completed, Status, Successfully Completed, Status, Successfully Completed, Status, Successfully Completed, Status, Successfully Completed, Status, Successfully Completed, Status, Successfully Completed, Status, Successfully Completed, Status, Successfully Completed, Status, Successfully Completed, Status, Successfully Completed, Status, Successfully Completed, Status, Successfully Completed, Status, Successfully Completed, Status, Successfully Completed, Status, Successfully Completed, Status, Successfully Completed, Status, Successfully Completed, Status, Successfully Completed, Status, Successfully Completed, Status, Successfully Completed, Status, Successfully Completed, Status, Successfully Completed, Status, Successfully Completed, Status, Successfully Completed, Status, Successfully Completed, Status, Successfully Completed, Status, Successfully Completed, Status, Successfully Completed, Status, Successfully Completed, Status, Successfully Completed, Status, Successfully Completed, Status, Successfully Completed, Status, Successfully Completed, Status, Successfully Completed, Status, Successfully Completed, Status, Successfully Completed, Status, Successfully Completed, Status, Successfully Completed, Status, Successfully Completed, Status, Successfully Completed, Status, Successfully Completed, Status, Successfully Completed, Status, Successfully Completed, Status, Successfully Completed, Status, Successfully Completed, Status, Successfully Completed, Status, Successfully Completed, Status, Successfully Completed, Status, Successfully Completed, Status, Successfully Completed, Status, Successfully Completed, Status, Successfully Completed, Status, Successfully Completed, Status, Successfully Completed, Status, Successfully Completed, Status, Successfully Completed, Status, Successfully Completed, Status, Successfully Completed, Status, Successfully Completed, Status, Successfully Completed, Status, Successfully Completed, Status, Successfully Completed, Status, Successfully Completed, Status, Successfully Completed, Status, Successfully Completed, Status, Successfully Completed, Status, Successfully Completed, Status, Successfully Completed, Status, Successfully Completed, Status, Successfully Completed, Status, Successfully Completed, Status, Successfully Completed, Status, Successfully Completed, Status, Successfully Completed, Status, Successfully Completed, Status, Successfully Completed, Status, Successfully Completed, Status, Successfully Completed, Status, Successfully Completed, Status, Successfully Completed, Status, Successfully Completed, Status, Successfully Completed, Status, Successfully Completed, Status, Successfully Completed, Status, Successfully Completed, Status, Successfully Completed, Status, Successfully Completed, Status, Successfully Completed, Status, Successfully Completed, Status, Successfully Completed, Status, Successfully Completed, Status, Successfully Completed, Status, Successfully Completed, Status, Successfully Completed, Status, Successfully Completed, Status, Successfully Completed, Status, Successfully Completed, Status, Successfully Completed, Status, Successfully Completed, Status, Successfully Completed, Status, Successfully Completed, Status, Successfully Completed, Status, Successfully Completed, Status, Successfully Completed, Status, Successfully Completed, Status, Successfully Completed, Status, Successfully Completed, Status, Successfully Completed, Status, Successfully Completed, Status, Successfully Completed, Status, Successfully Completed, Status, Successfully Completed, Status, Successfully Completed, Status, Successfully Completed, Status, Successfully Completed, Status, Successfully Completed, Status, Successfully Completed, Status, Successfully Completed, Status, Successfully Completed, Status, Successfully Completed, Status, Successfully Completed, Status, Successfully Completed, Status, Successfully Completed, Status, Successfully Completed, Status, Successfully Completed, Status, Successfully Completed, Status, Successfully Completed, Status, Successfully Completed, Status, Successfully Completed, Status, Successfully Completed, Status, Successfully Completed, Status, Successfully Completed, Status, Successfully Completed, Status, Successfully Completed, Status, Successfully Completed, Status, Successfully Completed, Status, Successfully Completed, Status, Successfully Completed, Status, Successfully Completed, Status, Successfully Completed, Status, Successfully Completed, Status, Successfully Completed, Status, Successfully Completed, Status, Successfully Completed, Status, Successfully Completed, Status, Successfully Completed, Status, Successfully Completed, Status, Successfully Completed, Status, Successfully Completed, Status, Successfully Completed, Status, Successfully Completed, Status, Successfully Completed, Status, Successfully Completed, Status, Successfully Completed, Status, Successfully Completed, Status, Successfully Completed, Status, Successfully Completed, Status, Successfully Completed, Status, Successfully Completed, Status, Successfully Completed, Status, Successfully Completed, Status, Successfully Completed, Status, Successfully Completed, Status, Successfully Completed, Status, Successfully Completed, Status, Successfully Completed, Status, Successfully Completed, Status, Successfully Completed, Status, Successfully Completed, Status, Successfully Completed, Status, Successfully Completed, Status, Successfully Completed, Status, Successfully Completed, Status, Successfully Completed, Status, Successfully Completed, Status, Successfully Completed, Status, Successfully Completed, Status, Successfully Completed, Status, Successfully Completed, Status, Successfully Completed, Status, Successfully Completed, Status, Successfully Completed, Status, Successfully Completed, Status, Successfully Completed, Status, Successfully Completed, Status, Successfully Completed, Status, Successfully Completed, Status, Successfully Completed, Status, Successfully Completed, Status, Successfully Completed, Status, Successfully Completed, Status, Successfully Completed, Status, Successfully Completed, Status, Successfully Completed, Status, Successfully Completed, Status, Successfully Completed, Status, Successfully Completed, Status, Successfully Completed, Status, Successfully Completed, Status, Successfully Completed, Status, Successfully Completed, Status, Successfully Completed, Status, Successfully Completed, Status, Successfully Completed, Status, Successfully Completed, Status, Successfully Completed, Status, Successfully Completed, Status, Successfully Completed, Status, Successfully Completed, Status]
[neelback4more@gmail.com, Subho1991*, Status, Successfully Completed, Status, Successfully Completed, Status, Successfully Completed, Status, Successfully Completed, Status, Successfully Completed, Status, Successfully Completed, Status, Successfully Completed, Status, Successfully Completed, Status, Successfully Completed, Status, Successfully Completed, Status, Successfully Completed, Status, Successfully Completed, Status, Successfully Completed, Status, Successfully Completed, Status, Successfully Completed, Status, Successfully Completed, Status, Successfully Completed, Status, Successfully Completed, Status, Successfully Completed, Status, Successfully Completed, Status, Successfully Completed, Status, Successfully Completed, Status, Successfully Completed, Status, Successfully Completed, Status, Successfully Completed, Status, Successfully Completed, Status, Successfully Completed, Status, Successfully Completed, Status, Successfully Completed, Status, Successfully Completed, Status, Successfully Completed, Status, Successfully Completed, Status, Successfully Completed, Status, Successfully Completed, Status, Successfully Completed, Status, Successfully Completed, Status, Successfully Completed, Status, Successfully Completed, Status, Successfully Completed, Status, Successfully Completed, Status, Successfully Completed, Status, Successfully Completed, Status, Successfully Completed, Status, Successfully Completed, Status, Successfully Completed, Status, Successfully Completed, Status, Successfully Completed, Status, Successfully Completed, Status, Successfully Completed, Status, Successfully Completed, Status, Successfully Completed, Status, Successfully Completed, Status, Successfully Completed, Status, Successfully Completed, Status, Successfully Completed, Status, Successfully Completed, Status, Successfully Completed, Status, Successfully Completed, Status, Successfully Completed, Status, Successfully Completed, Status, Successfully Completed, Status, Successfully Completed, Status, Successfully Completed, Status, Successfully Completed, Status, Successfully Completed, Status, Successfully Completed, Status, Successfully Completed, Status, Successfully Completed, Status, Successfully Completed, Status, Successfully Completed, Status, Successfully Completed, Status, Successfully Completed, Status, Successfully Completed, Status, Successfully Completed, Status, Successfully Completed, Status, Successfully Completed, Status, Successfully Completed, Status, Successfully Completed, Status, Successfully Completed, Status, Successfully Completed, Status, Successfully Completed, Status, Successfully Completed, Status, Successfully Completed, Status, Successfully Completed, Status, Successfully Completed, Status, Successfully Completed, Status, Successfully Completed, Status, Successfully Completed, Status, Successfully Completed, Status, Successfully Completed, Status, Successfully Completed, Status, Successfully Completed, Status, Successfully Completed, Status, Successfully Completed, Status, Successfully Completed, Status, Successfully Completed, Status, Successfully Completed, Status, Successfully Completed, Status, Successfully Completed, Status, Successfully Completed, Status, Successfully Completed, Status, Successfully Completed, Status, Successfully Completed, Status, Successfully Completed, Status, Successfully Completed, Status, Successfully Completed, Status, Successfully Completed, Status, Successfully Completed, Status, Successfully Completed, Status, Successfully Completed, Status, Successfully Completed, Status, Successfully Completed, Status, Successfully Completed, Status, Successfully Completed, Status, Successfully Completed, Status, Successfully Completed, Status, Successfully Completed, Status, Successfully Completed, Status, Successfully Completed, Status, Successfully Completed, Status, Successfully Completed, Status, Successfully Completed, Status, Successfully Completed, Status, Successfully Completed, Status, Successfully Completed, Status, Successfully Completed, Status, Successfully Completed, Status, Successfully Completed, Status, Successfully Completed, Status, Successfully Completed, Status, Successfully Completed, Status, Successfully Completed, Status, Successfully Completed, Status, Successfully Completed, Status, Successfully Completed, Status, Successfully Completed, Status, Successfully Completed, Status, Successfully Completed, Status, Successfully Completed, Status, Successfully Completed, Status, Successfully Completed, Status, Successfully Completed, Status, Successfully Completed, Status, Successfully Completed, Status, Successfully Completed, Status, Successfully Completed, Status, Successfully Completed, Status, Successfully Completed, Status, Successfully Completed, Status, Successfully Completed, Status, Successfully Completed, Status, Successfully Completed, Status, Successfully Completed, Status, Successfully Completed, Status, Successfully Completed, Status, Successfully Completed, Status, Successfully Completed, Status, Successfully Completed, Status, Successfully Completed, Status, Successfully Completed, Status, Successfully Completed, Status, Successfully Completed, Status, Successfully Completed, Status, Successfully Completed, Status, Successfully Completed, Status, Successfully Completed, Status, Successfully Completed, Status, Successfully Completed, Status, Successfully Completed, Status, Successfully Completed, Status, Successfully Completed, Status, Successfully Completed, Status, Successfully Completed, Status, Successfully Completed, Status, Successfully Completed, Status, Successfully Completed, Status, Successfully Completed, Status, Successfully Completed, Status, Successfully Completed, Status, Successfully Completed, Status, Successfully Completed, Status, Successfully Completed, Status, Successfully Completed, Status, Successfully Completed, Status, Successfully Completed, Status, Successfully Completed, Status, Successfully Completed, Status, Successfully Completed, Status, Successfully Completed, Status, Successfully Completed, Status, Successfully Completed, Status, Successfully Completed, Status, Successfully Completed, Status, Successfully Completed, Status, Successfully Completed, Status, Successfully Completed, Status, Successfully Completed, Status, Successfully Completed, Status, Successfully Completed, Status, Successfully Completed, Status, Successfully Completed, Status, Successfully Completed, Status, Successfully Completed, Status, Successfully Completed, Status, Successfully Completed, Status, Successfully Completed, Status, Successfully Completed, Status, Successfully Completed, Status, Successfully Completed, Status, Successfully Completed, Status, Successfully Completed, Status, Successfully Completed, Status, Successfully Completed]
[neelback4more@gmail.com, Subho1991*, Status, Successfully Completed, Status, Successfully Completed, Status, Successfully Completed, Status, Successfully Completed, Status, Successfully Completed, Status, Successfully Completed, Status, Successfully Completed, Status, Successfully Completed, Status, Successfully Completed, Status, Successfully Completed, Status, Successfully Completed, Status, Successfully Completed, Status, Successfully Completed, Status, Successfully Completed, Status, Successfully Completed, Status, Successfully Completed, Status, Successfully Completed, Status, Successfully Completed, Status, Successfully Completed, Status, Successfully Completed, Status, Successfully Completed, Status, Successfully Completed, Status, Successfully Completed, Status, Successfully Completed, Status, Successfully Completed, Status, Successfully Completed, Status, Successfully Completed, Status, Successfully Completed, Status, Successfully Completed, Status, Successfully Completed, Status, Successfully Completed, Status, Successfully Completed, Status, Successfully Completed, Status, Successfully Completed, Status, Successfully Completed, Status, Successfully Completed, Status, Successfully Completed, Status, Successfully Completed, Status, Successfully Completed, Status, Successfully Completed, Status, Successfully Completed, Status, Successfully Completed, Status, Successfully Completed, Status, Successfully Completed, Status, Successfully Completed, Status, Successfully Completed, Status, Successfully Completed, Status, Successfully Completed, Status, Successfully Completed, Status, Successfully Completed, Status, Successfully Completed, Status, Successfully Completed, Status, Successfully Completed, Status, Successfully Completed, Status, Successfully Completed, Status, Successfully Completed, Status, Successfully Completed, Status, Successfully Completed, Status, Successfully Completed, Status, Successfully Completed, Status, Successfully Completed, Status, Successfully Completed, Status, Successfully Completed, Status, Successfully Completed, Status, Successfully Completed, Status, Successfully Completed, Status, Successfully Completed, Status, Successfully Completed, Status, Successfully Completed, Status, Successfully Completed, Status, Successfully Completed, Status, Successfully Completed, Status, Successfully Completed, Status, Successfully Completed, Status, Successfully Completed, Status, Successfully Completed, Status, Successfully Completed, Status, Successfully Completed, Status, Successfully Completed, Status, Successfully Completed, Status, Successfully Completed, Status, Successfully Completed, Status, Successfully Completed, Status, Successfully Completed, Status, Successfully Completed, Status, Successfully Completed, Status, Successfully Completed, Status, Successfully Completed, Status, Successfully Completed, Status, Successfully Completed, Status, Successfully Completed, Status, Successfully Completed, Status, Successfully Completed, Status, Successfully Completed, Status, Successfully Completed, Status, Successfully Completed, Status, Successfully Completed, Status, Successfully Completed, Status, Successfully Completed, Status, Successfully Completed, Status, Successfully Completed, Status, Successfully Completed, Status, Successfully Completed, Status, Successfully Completed, Status, Successfully Completed, Status, Successfully Completed, Status, Successfully Completed, Status, Successfully Completed, Status, Successfully Completed, Status, Successfully Completed, Status, Successfully Completed, Status, Successfully Completed, Status, Successfully Completed, Status, Successfully Completed, Status, Successfully Completed, Status, Successfully Completed, Status, Successfully Completed, Status, Successfully Completed, Status, Successfully Completed, Status, Successfully Completed, Status, Successfully Completed, Status, Successfully Completed, Status, Successfully Completed, Status, Successfully Completed, Status, Successfully Completed, Status, Successfully Completed, Status, Successfully Completed, Status, Successfully Completed, Status, Successfully Completed, Status, Successfully Completed, Status, Successfully Completed, Status, Successfully Completed, Status, Successfully Completed, Status, Successfully Completed, Status, Successfully Completed, Status, Successfully Completed, Status, Successfully Completed, Status, Successfully Completed, Status, Successfully Completed, Status, Successfully Completed, Status, Successfully Completed, Status, Successfully Completed, Status, Successfully Completed, Status, Successfully Completed, Status, Successfully Completed, Status, Successfully Completed, Status, Successfully Completed, Status, Successfully Completed, Status, Successfully Completed, Status, Successfully Completed, Status, Successfully Completed, Status, Successfully Completed, Status, Successfully Completed, Status, Successfully Completed, Status, Successfully Completed, Status, Successfully Completed, Status, Successfully Completed, Status, Successfully Completed, Status, Successfully Completed, Status, Successfully Completed, Status, Successfully Completed, Status, Successfully Completed, Status, Successfully Completed, Status, Successfully Completed, Status, Successfully Completed, Status, Successfully Completed, Status, Successfully Completed, Status, Successfully Completed, Status, Successfully Completed, Status, Successfully Completed, Status, Successfully Completed, Status, Successfully Completed, Status, Successfully Completed, Status, Successfully Completed, Status, Successfully Completed, Status, Successfully Completed, Status, Successfully Completed, Status, Successfully Completed, Status, Successfully Completed, Status, Successfully Completed, Status, Successfully Completed, Status, Successfully Completed, Status, Successfully Completed, Status, Successfully Completed, Status, Successfully Completed, Status, Successfully Completed, Status, Successfully Completed, Status, Successfully Completed, Status, Successfully Completed, Status, Successfully Completed, Status, Successfully Completed, Status, Successfully Completed, Status, Successfully Completed, Status, Successfully Completed, Status, Successfully Completed, Status, Successfully Completed, Status, Successfully Completed, Status, Successfully Completed, Status, Successfully Completed, Status, Successfully Completed, Status, Successfully Completed, Status, Successfully Completed, Status, Successfully Completed, Status, Successfully Completed, Status, Successfully Completed, Status, Successfully Completed, Status, Successfully Completed, Status, Successfully Completed, Status, Successfully Completed, Status, Successfully Completed, Status, Successfully Completed, Status, Successfully Completed, Status, Successfully Completed, Status]
[neelback4more@gmail.com, Subho1991*, Status, Successfully Completed, Status, Successfully Completed, Status, Successfully Completed, Status, Successfully Completed, Status, Successfully Completed, Status, Successfully Completed, Status, Successfully Completed, Status, Successfully Completed, Status, Successfully Completed, Status, Successfully Completed, Status, Successfully Completed, Status, Successfully Completed, Status, Successfully Completed, Status, Successfully Completed, Status, Successfully Completed, Status, Successfully Completed, Status, Successfully Completed, Status, Successfully Completed, Status, Successfully Completed, Status, Successfully Completed, Status, Successfully Completed, Status, Successfully Completed, Status, Successfully Completed, Status, Successfully Completed, Status, Successfully Completed, Status, Successfully Completed, Status, Successfully Completed, Status, Successfully Completed, Status, Successfully Completed, Status, Successfully Completed, Status, Successfully Completed, Status, Successfully Completed, Status, Successfully Completed, Status, Successfully Completed, Status, Successfully Completed, Status, Successfully Completed, Status, Successfully Completed, Status, Successfully Completed, Status, Successfully Completed, Status, Successfully Completed, Status, Successfully Completed, Status, Successfully Completed, Status, Successfully Completed, Status, Successfully Completed, Status, Successfully Completed, Status, Successfully Completed, Status, Successfully Completed, Status, Successfully Completed, Status, Successfully Completed, Status, Successfully Completed, Status, Successfully Completed, Status, Successfully Completed, Status, Successfully Completed, Status, Successfully Completed, Status, Successfully Completed, Status, Successfully Completed, Status, Successfully Completed, Status, Successfully Completed, Status, Successfully Completed, Status, Successfully Completed, Status, Successfully Completed, Status, Successfully Completed, Status, Successfully Completed, Status, Successfully Completed, Status, Successfully Completed, Status, Successfully Completed, Status, Successfully Completed, Status, Successfully Completed, Status, Successfully Completed, Status, Successfully Completed, Status, Successfully Completed, Status, Successfully Completed, Status, Successfully Completed, Status, Successfully Completed, Status, Successfully Completed, Status, Successfully Completed, Status, Successfully Completed, Status, Successfully Completed, Status, Successfully Completed, Status, Successfully Completed, Status, Successfully Completed, Status, Successfully Completed, Status, Successfully Completed, Status, Successfully Completed, Status, Successfully Completed, Status, Successfully Completed, Status, Successfully Completed, Status, Successfully Completed, Status, Successfully Completed, Status, Successfully Completed, Status, Successfully Completed, Status, Successfully Completed, Status, Successfully Completed, Status, Successfully Completed, Status, Successfully Completed, Status, Successfully Completed, Status, Successfully Completed, Status, Successfully Completed, Status, Successfully Completed, Status, Successfully Completed, Status, Successfully Completed, Status, Successfully Completed, Status, Successfully Completed, Status, Successfully Completed, Status, Successfully Completed, Status, Successfully Completed, Status, Successfully Completed, Status, Successfully Completed, Status, Successfully Completed, Status, Successfully Completed, Status, Successfully Completed, Status, Successfully Completed, Status, Successfully Completed, Status, Successfully Completed, Status, Successfully Completed, Status, Successfully Completed, Status, Successfully Completed, Status, Successfully Completed, Status, Successfully Completed, Status, Successfully Completed, Status, Successfully Completed, Status, Successfully Completed, Status, Successfully Completed, Status, Successfully Completed, Status, Successfully Completed, Status, Successfully Completed, Status, Successfully Completed, Status, Successfully Completed, Status, Successfully Completed, Status, Successfully Completed, Status, Successfully Completed, Status, Successfully Completed, Status, Successfully Completed, Status, Successfully Completed, Status, Successfully Completed, Status, Successfully Completed, Status, Successfully Completed, Status, Successfully Completed, Status, Successfully Completed, Status, Successfully Completed, Status, Successfully Completed, Status, Successfully Completed, Status, Successfully Completed, Status, Successfully Completed, Status, Successfully Completed, Status, Successfully Completed, Status, Successfully Completed, Status, Successfully Completed, Status, Successfully Completed, Status, Successfully Completed, Status, Successfully Completed, Status, Successfully Completed, Status, Successfully Completed, Status, Successfully Completed, Status, Successfully Completed, Status, Successfully Completed, Status, Successfully Completed, Status, Successfully Completed, Status, Successfully Completed, Status, Successfully Completed, Status, Successfully Completed, Status, Successfully Completed, Status, Successfully Completed, Status, Successfully Completed, Status, Successfully Completed, Status, Successfully Completed, Status, Successfully Completed, Status, Successfully Completed, Status, Successfully Completed, Status, Successfully Completed, Status, Successfully Completed, Status, Successfully Completed, Status, Successfully Completed, Status, Successfully Completed, Status, Successfully Completed, Status, Successfully Completed, Status, Successfully Completed, Status, Successfully Completed, Status, Successfully Completed, Status, Successfully Completed, Status, Successfully Completed, Status, Successfully Completed, Status, Successfully Completed, Status, Successfully Completed, Status, Successfully Completed, Status, Successfully Completed, Status, Successfully Completed, Status, Successfully Completed, Status, Successfully Completed, Status, Successfully Completed, Status, Successfully Completed, Status, Successfully Completed, Status, Successfully Completed, Status, Successfully Completed, Status, Successfully Completed, Status, Successfully Completed, Status, Successfully Completed, Status, Successfully Completed, Status, Successfully Completed, Status, Successfully Completed, Status, Successfully Completed, Status, Successfully Completed, Status, Successfully Completed, Status, Successfully Completed, Status, Successfully Completed, Status, Successfully Completed, Status, Successfully Completed, Status, Successfully Completed, Status, Successfully Completed, Status, Successfully Completed, Status, Successfully Completed, Status, Successfully Completed, Status, Successfully Completed, Status, Successfully Completed]
[neelback4more@gmail.com, Subho1991*, Status, Successfully Completed, Status, Successfully Completed, Status, Successfully Completed, Status, Successfully Completed, Status, Successfully Completed, Status, Successfully Completed, Status, Successfully Completed, Status, Successfully Completed, Status, Successfully Completed, Status, Successfully Completed, Status, Successfully Completed, Status, Successfully Completed, Status, Successfully Completed, Status, Successfully Completed, Status, Successfully Completed, Status, Successfully Completed, Status, Successfully Completed, Status, Successfully Completed, Status, Successfully Completed, Status, Successfully Completed, Status, Successfully Completed, Status, Successfully Completed, Status, Successfully Completed, Status, Successfully Completed, Status, Successfully Completed, Status, Successfully Completed, Status, Successfully Completed, Status, Successfully Completed, Status, Successfully Completed, Status, Successfully Completed, Status, Successfully Completed, Status, Successfully Completed, Status, Successfully Completed, Status, Successfully Completed, Status, Successfully Completed, Status, Successfully Completed, Status, Successfully Completed, Status, Successfully Completed, Status, Successfully Completed, Status, Successfully Completed, Status, Successfully Completed, Status, Successfully Completed, Status, Successfully Completed, Status, Successfully Completed, Status, Successfully Completed, Status, Successfully Completed, Status, Successfully Completed, Status, Successfully Completed, Status, Successfully Completed, Status, Successfully Completed, Status, Successfully Completed, Status, Successfully Completed, Status, Successfully Completed, Status, Successfully Completed, Status, Successfully Completed, Status, Successfully Completed, Status, Successfully Completed, Status, Successfully Completed, Status, Successfully Completed, Status, Successfully Completed, Status, Successfully Completed, Status, Successfully Completed, Status, Successfully Completed, Status, Successfully Completed, Status, Successfully Completed, Status, Successfully Completed, Status, Successfully Completed, Status, Successfully Completed, Status, Successfully Completed, Status, Successfully Completed, Status, Successfully Completed, Status, Successfully Completed, Status, Successfully Completed, Status, Successfully Completed, Status, Successfully Completed, Status, Successfully Completed, Status, Successfully Completed, Status, Successfully Completed, Status, Successfully Completed, Status, Successfully Completed, Status, Successfully Completed, Status, Successfully Completed, Status, Successfully Completed, Status, Successfully Completed, Status, Successfully Completed, Status, Successfully Completed, Status, Successfully Completed, Status, Successfully Completed, Status, Successfully Completed, Status, Successfully Completed, Status, Successfully Completed, Status, Successfully Completed, Status, Successfully Completed, Status, Successfully Completed, Status, Successfully Completed, Status, Successfully Completed, Status, Successfully Completed, Status, Successfully Completed, Status, Successfully Completed, Status, Successfully Completed, Status, Successfully Completed, Status, Successfully Completed, Status, Successfully Completed, Status, Successfully Completed, Status, Successfully Completed, Status, Successfully Completed, Status, Successfully Completed, Status, Successfully Completed, Status, Successfully Completed, Status, Successfully Completed, Status, Successfully Completed, Status, Successfully Completed, Status, Successfully Completed, Status, Successfully Completed, Status, Successfully Completed, Status, Successfully Completed, Status, Successfully Completed, Status, Successfully Completed, Status, Successfully Completed, Status, Successfully Completed, Status, Successfully Completed, Status, Successfully Completed, Status, Successfully Completed, Status, Successfully Completed, Status, Successfully Completed, Status, Successfully Completed, Status, Successfully Completed, Status, Successfully Completed, Status, Successfully Completed, Status, Successfully Completed, Status, Successfully Completed, Status, Successfully Completed, Status, Successfully Completed, Status, Successfully Completed, Status, Successfully Completed, Status, Successfully Completed, Status, Successfully Completed, Status, Successfully Completed, Status, Successfully Completed, Status, Successfully Completed, Status, Successfully Completed, Status, Successfully Completed, Status, Successfully Completed, Status, Successfully Completed, Status, Successfully Completed, Status, Successfully Completed, Status, Successfully Completed, Status, Successfully Completed, Status, Successfully Completed, Status, Successfully Completed, Status, Successfully Completed, Status, Successfully Completed, Status, Successfully Completed, Status, Successfully Completed, Status, Successfully Completed, Status, Successfully Completed, Status, Successfully Completed, Status, Successfully Completed, Status, Successfully Completed, Status, Successfully Completed, Status, Successfully Completed, Status, Successfully Completed, Status, Successfully Completed, Status, Successfully Completed, Status, Successfully Completed, Status, Successfully Completed, Status, Successfully Completed, Status, Successfully Completed, Status, Successfully Completed, Status, Successfully Completed, Status, Successfully Completed, Status, Successfully Completed, Status, Successfully Completed, Status, Successfully Completed, Status, Successfully Completed, Status, Successfully Completed, Status, Successfully Completed, Status, Successfully Completed, Status, Successfully Completed, Status, Successfully Completed, Status, Successfully Completed, Status, Successfully Completed, Status, Successfully Completed, Status, Successfully Completed, Status, Successfully Completed, Status, Successfully Completed, Status, Successfully Completed, Status, Successfully Completed, Status, Successfully Completed, Status, Successfully Completed, Status, Successfully Completed, Status, Successfully Completed, Status, Successfully Completed, Status, Successfully Completed, Status, Successfully Completed, Status, Successfully Completed, Status, Successfully Completed, Status, Successfully Completed, Status, Successfully Completed, Status, Successfully Completed, Status, Successfully Completed, Status, Successfully Completed, Status, Successfully Completed, Status, Successfully Completed, Status, Successfully Completed, Status, Successfully Completed, Status, Successfully Completed, Status, Successfully Completed, Status, Successfully Completed, Status, Successfully Completed, Status, Successfully Completed, Status, Successfully Completed, Status, Successfully Completed, Status, Successfully Completed, Status]
[neelback4more@gmail.com, Subho1991*, Status, Successfully Completed, Status, Successfully Completed, Status, Successfully Completed, Status, Successfully Completed, Status, Successfully Completed, Status, Successfully Completed, Status, Successfully Completed, Status, Successfully Completed, Status, Successfully Completed, Status, Successfully Completed, Status, Successfully Completed, Status, Successfully Completed, Status, Successfully Completed, Status, Successfully Completed, Status, Successfully Completed, Status, Successfully Completed, Status, Successfully Completed, Status, Successfully Completed, Status, Successfully Completed, Status, Successfully Completed, Status, Successfully Completed, Status, Successfully Completed, Status, Successfully Completed, Status, Successfully Completed, Status, Successfully Completed, Status, Successfully Completed, Status, Successfully Completed, Status, Successfully Completed, Status, Successfully Completed, Status, Successfully Completed, Status, Successfully Completed, Status, Successfully Completed, Status, Successfully Completed, Status, Successfully Completed, Status, Successfully Completed, Status, Successfully Completed, Status, Successfully Completed, Status, Successfully Completed, Status, Successfully Completed, Status, Successfully Completed, Status, Successfully Completed, Status, Successfully Completed, Status, Successfully Completed, Status, Successfully Completed, Status, Successfully Completed, Status, Successfully Completed, Status, Successfully Completed, Status, Successfully Completed, Status, Successfully Completed, Status, Successfully Completed, Status, Successfully Completed, Status, Successfully Completed, Status, Successfully Completed, Status, Successfully Completed, Status, Successfully Completed, Status, Successfully Completed, Status, Successfully Completed, Status, Successfully Completed, Status, Successfully Completed, Status, Successfully Completed, Status, Successfully Completed, Status, Successfully Completed, Status, Successfully Completed, Status, Successfully Completed, Status, Successfully Completed, Status, Successfully Completed, Status, Successfully Completed, Status, Successfully Completed, Status, Successfully Completed, Status, Successfully Completed, Status, Successfully Completed, Status, Successfully Completed, Status, Successfully Completed, Status, Successfully Completed, Status, Successfully Completed, Status, Successfully Completed, Status, Successfully Completed, Status, Successfully Completed, Status, Successfully Completed, Status, Successfully Completed, Status, Successfully Completed, Status, Successfully Completed, Status, Successfully Completed, Status, Successfully Completed, Status, Successfully Completed, Status, Successfully Completed, Status, Successfully Completed, Status, Successfully Completed, Status, Successfully Completed, Status, Successfully Completed, Status, Successfully Completed, Status, Successfully Completed, Status, Successfully Completed, Status, Successfully Completed, Status, Successfully Completed, Status, Successfully Completed, Status, Successfully Completed, Status, Successfully Completed, Status, Successfully Completed, Status, Successfully Completed, Status, Successfully Completed, Status, Successfully Completed, Status, Successfully Completed, Status, Successfully Completed, Status, Successfully Completed, Status, Successfully Completed, Status, Successfully Completed, Status, Successfully Completed, Status, Successfully Completed, Status, Successfully Completed, Status, Successfully Completed, Status, Successfully Completed, Status, Successfully Completed, Status, Successfully Completed, Status, Successfully Completed, Status, Successfully Completed, Status, Successfully Completed, Status, Successfully Completed, Status, Successfully Completed, Status, Successfully Completed, Status, Successfully Completed, Status, Successfully Completed, Status, Successfully Completed, Status, Successfully Completed, Status, Successfully Completed, Status, Successfully Completed, Status, Successfully Completed, Status, Successfully Completed, Status, Successfully Completed, Status, Successfully Completed, Status, Successfully Completed, Status, Successfully Completed, Status, Successfully Completed, Status, Successfully Completed, Status, Successfully Completed, Status, Successfully Completed, Status, Successfully Completed, Status, Successfully Completed, Status, Successfully Completed, Status, Successfully Completed, Status, Successfully Completed, Status, Successfully Completed, Status, Successfully Completed, Status, Successfully Completed, Status, Successfully Completed, Status, Successfully Completed, Status, Successfully Completed, Status, Successfully Completed, Status, Successfully Completed, Status, Successfully Completed, Status, Successfully Completed, Status, Successfully Completed, Status, Successfully Completed, Status, Successfully Completed, Status, Successfully Completed, Status, Successfully Completed, Status, Successfully Completed, Status, Successfully Completed, Status, Successfully Completed, Status, Successfully Completed, Status, Successfully Completed, Status, Successfully Completed, Status, Successfully Completed, Status, Successfully Completed, Status, Successfully Completed, Status, Successfully Completed, Status, Successfully Completed, Status, Successfully Completed, Status, Successfully Completed, Status, Successfully Completed, Status, Successfully Completed, Status, Successfully Completed, Status, Successfully Completed, Status, Successfully Completed, Status, Successfully Completed, Status, Successfully Completed, Status, Successfully Completed, Status, Successfully Completed, Status, Successfully Completed, Status, Successfully Completed, Status, Successfully Completed, Status, Successfully Completed, Status, Successfully Completed, Status, Successfully Completed, Status, Successfully Completed, Status, Successfully Completed, Status, Successfully Completed, Status, Successfully Completed, Status, Successfully Completed, Status, Successfully Completed, Status, Successfully Completed, Status, Successfully Completed, Status, Successfully Completed, Status, Successfully Completed, Status, Successfully Completed, Status, Successfully Completed, Status, Successfully Completed, Status, Successfully Completed, Status, Successfully Completed, Status, Successfully Completed, Status, Successfully Completed, Status, Successfully Completed, Status, Successfully Completed, Status, Successfully Completed, Status, Successfully Completed, Status, Successfully Completed, Status, Successfully Completed, Status, Successfully Completed, Status, Successfully Completed, Status, Successfully Completed, Status, Successfully Completed, Status, Successfully Completed, Status, Successfully Completed, Status, Successfully Completed, Status, Successfully Completed]
[neelback4more@gmail.com, Subho1991*, Status, Successfully Completed, Status, Successfully Completed, Status, Successfully Completed, Status, Successfully Completed, Status, Successfully Completed, Status, Successfully Completed, Status, Successfully Completed, Status, Successfully Completed, Status, Successfully Completed, Status, Successfully Completed, Status, Successfully Completed, Status, Successfully Completed, Status, Successfully Completed, Status, Successfully Completed, Status, Successfully Completed, Status, Successfully Completed, Status, Successfully Completed, Status, Successfully Completed, Status, Successfully Completed, Status, Successfully Completed, Status, Successfully Completed, Status, Successfully Completed, Status, Successfully Completed, Status, Successfully Completed, Status, Successfully Completed, Status, Successfully Completed, Status, Successfully Completed, Status, Successfully Completed, Status, Successfully Completed, Status, Successfully Completed, Status, Successfully Completed, Status, Successfully Completed, Status, Successfully Completed, Status, Successfully Completed, Status, Successfully Completed, Status, Successfully Completed, Status, Successfully Completed, Status, Successfully Completed, Status, Successfully Completed, Status, Successfully Completed, Status, Successfully Completed, Status, Successfully Completed, Status, Successfully Completed, Status, Successfully Completed, Status, Successfully Completed, Status, Successfully Completed, Status, Successfully Completed, Status, Successfully Completed, Status, Successfully Completed, Status, Successfully Completed, Status, Successfully Completed, Status, Successfully Completed, Status, Successfully Completed, Status, Successfully Completed, Status, Successfully Completed, Status, Successfully Completed, Status, Successfully Completed, Status, Successfully Completed, Status, Successfully Completed, Status, Successfully Completed, Status, Successfully Completed, Status, Successfully Completed, Status, Successfully Completed, Status, Successfully Completed, Status, Successfully Completed, Status, Successfully Completed, Status, Successfully Completed, Status, Successfully Completed, Status, Successfully Completed, Status, Successfully Completed, Status, Successfully Completed, Status, Successfully Completed, Status, Successfully Completed, Status, Successfully Completed, Status, Successfully Completed, Status, Successfully Completed, Status, Successfully Completed, Status, Successfully Completed, Status, Successfully Completed, Status, Successfully Completed, Status, Successfully Completed, Status, Successfully Completed, Status, Successfully Completed, Status, Successfully Completed, Status, Successfully Completed, Status, Successfully Completed, Status, Successfully Completed, Status, Successfully Completed, Status, Successfully Completed, Status, Successfully Completed, Status, Successfully Completed, Status, Successfully Completed, Status, Successfully Completed, Status, Successfully Completed, Status, Successfully Completed, Status, Successfully Completed, Status, Successfully Completed, Status, Successfully Completed, Status, Successfully Completed, Status, Successfully Completed, Status, Successfully Completed, Status, Successfully Completed, Status, Successfully Completed, Status, Successfully Completed, Status, Successfully Completed, Status, Successfully Completed, Status, Successfully Completed, Status, Successfully Completed, Status, Successfully Completed, Status, Successfully Completed, Status, Successfully Completed, Status, Successfully Completed, Status, Successfully Completed, Status, Successfully Completed, Status, Successfully Completed, Status, Successfully Completed, Status, Successfully Completed, Status, Successfully Completed, Status, Successfully Completed, Status, Successfully Completed, Status, Successfully Completed, Status, Successfully Completed, Status, Successfully Completed, Status, Successfully Completed, Status, Successfully Completed, Status, Successfully Completed, Status, Successfully Completed, Status, Successfully Completed, Status, Successfully Completed, Status, Successfully Completed, Status, Successfully Completed, Status, Successfully Completed, Status, Successfully Completed, Status, Successfully Completed, Status, Successfully Completed, Status, Successfully Completed, Status, Successfully Completed, Status, Successfully Completed, Status, Successfully Completed, Status, Successfully Completed, Status, Successfully Completed, Status, Successfully Completed, Status, Successfully Completed, Status, Successfully Completed, Status, Successfully Completed, Status, Successfully Completed, Status, Successfully Completed, Status, Successfully Completed, Status, Successfully Completed, Status, Successfully Completed, Status, Successfully Completed, Status, Successfully Completed, Status, Successfully Completed, Status, Successfully Completed, Status, Successfully Completed, Status, Successfully Completed, Status, Successfully Completed, Status, Successfully Completed, Status, Successfully Completed, Status, Successfully Completed, Status, Successfully Completed, Status, Successfully Completed, Status, Successfully Completed, Status, Successfully Completed, Status, Successfully Completed, Status, Successfully Completed, Status, Successfully Completed, Status, Successfully Completed, Status, Successfully Completed, Status, Successfully Completed, Status, Successfully Completed, Status, Successfully Completed, Status, Successfully Completed, Status, Successfully Completed, Status, Successfully Completed, Status, Successfully Completed, Status, Successfully Completed, Status, Successfully Completed, Status, Successfully Completed, Status, Successfully Completed, Status, Successfully Completed, Status, Successfully Completed, Status, Successfully Completed, Status, Successfully Completed, Status, Successfully Completed, Status, Successfully Completed, Status, Successfully Completed, Status, Successfully Completed, Status, Successfully Completed, Status, Successfully Completed, Status, Successfully Completed, Status, Successfully Completed, Status, Successfully Completed, Status, Successfully Completed, Status, Successfully Completed, Status, Successfully Completed, Status, Successfully Completed, Status, Successfully Completed, Status, Successfully Completed, Status, Successfully Completed, Status, Successfully Completed, Status, Successfully Completed, Status, Successfully Completed, Status, Successfully Completed, Status, Successfully Completed, Status, Successfully Completed, Status, Successfully Completed, Status, Successfully Completed, Status, Successfully Completed, Status, Successfully Completed, Status, Successfully Completed, Status, Successfully Completed, Status, Successfully Completed, Status, Successfully Completed, Status, Successfully Completed, Status]
[neelback4more@gmail.com, Subho1991*, Status, Successfully Completed, Status, Successfully Completed, Status, Successfully Completed, Status, Successfully Completed, Status, Successfully Completed, Status, Successfully Completed, Status, Successfully Completed, Status, Successfully Completed, Status, Successfully Completed, Status, Successfully Completed, Status, Successfully Completed, Status, Successfully Completed, Status, Successfully Completed, Status, Successfully Completed, Status, Successfully Completed, Status, Successfully Completed, Status, Successfully Completed, Status, Successfully Completed, Status, Successfully Completed, Status, Successfully Completed, Status, Successfully Completed, Status, Successfully Completed, Status, Successfully Completed, Status, Successfully Completed, Status, Successfully Completed, Status, Successfully Completed, Status, Successfully Completed, Status, Successfully Completed, Status, Successfully Completed, Status, Successfully Completed, Status, Successfully Completed, Status, Successfully Completed, Status, Successfully Completed, Status, Successfully Completed, Status, Successfully Completed, Status, Successfully Completed, Status, Successfully Completed, Status, Successfully Completed, Status, Successfully Completed, Status, Successfully Completed, Status, Successfully Completed, Status, Successfully Completed, Status, Successfully Completed, Status, Successfully Completed, Status, Successfully Completed, Status, Successfully Completed, Status, Successfully Completed, Status, Successfully Completed, Status, Successfully Completed, Status, Successfully Completed, Status, Successfully Completed, Status, Successfully Completed, Status, Successfully Completed, Status, Successfully Completed, Status, Successfully Completed, Status, Successfully Completed, Status, Successfully Completed, Status, Successfully Completed, Status, Successfully Completed, Status, Successfully Completed, Status, Successfully Completed, Status, Successfully Completed, Status, Successfully Completed, Status, Successfully Completed, Status, Successfully Completed, Status, Successfully Completed, Status, Successfully Completed, Status, Successfully Completed, Status, Successfully Completed, Status, Successfully Completed, Status, Successfully Completed, Status, Successfully Completed, Status, Successfully Completed, Status, Successfully Completed, Status, Successfully Completed, Status, Successfully Completed, Status, Successfully Completed, Status, Successfully Completed, Status, Successfully Completed, Status, Successfully Completed, Status, Successfully Completed, Status, Successfully Completed, Status, Successfully Completed, Status, Successfully Completed, Status, Successfully Completed, Status, Successfully Completed, Status, Successfully Completed, Status, Successfully Completed, Status, Successfully Completed, Status, Successfully Completed, Status, Successfully Completed, Status, Successfully Completed, Status, Successfully Completed, Status, Successfully Completed, Status, Successfully Completed, Status, Successfully Completed, Status, Successfully Completed, Status, Successfully Completed, Status, Successfully Completed, Status, Successfully Completed, Status, Successfully Completed, Status, Successfully Completed, Status, Successfully Completed, Status, Successfully Completed, Status, Successfully Completed, Status, Successfully Completed, Status, Successfully Completed, Status, Successfully Completed, Status, Successfully Completed, Status, Successfully Completed, Status, Successfully Completed, Status, Successfully Completed, Status, Successfully Completed, Status, Successfully Completed, Status, Successfully Completed, Status, Successfully Completed, Status, Successfully Completed, Status, Successfully Completed, Status, Successfully Completed, Status, Successfully Completed, Status, Successfully Completed, Status, Successfully Completed, Status, Successfully Completed, Status, Successfully Completed, Status, Successfully Completed, Status, Successfully Completed, Status, Successfully Completed, Status, Successfully Completed, Status, Successfully Completed, Status, Successfully Completed, Status, Successfully Completed, Status, Successfully Completed, Status, Successfully Completed, Status, Successfully Completed, Status, Successfully Completed, Status, Successfully Completed, Status, Successfully Completed, Status, Successfully Completed, Status, Successfully Completed, Status, Successfully Completed, Status, Successfully Completed, Status, Successfully Completed, Status, Successfully Completed, Status, Successfully Completed, Status, Successfully Completed, Status, Successfully Completed, Status, Successfully Completed, Status, Successfully Completed, Status, Successfully Completed, Status, Successfully Completed, Status, Successfully Completed, Status, Successfully Completed, Status, Successfully Completed, Status, Successfully Completed, Status, Successfully Completed, Status, Successfully Completed, Status, Successfully Completed, Status, Successfully Completed, Status, Successfully Completed, Status, Successfully Completed, Status, Successfully Completed, Status, Successfully Completed, Status, Successfully Completed, Status, Successfully Completed, Status, Successfully Completed, Status, Successfully Completed, Status, Successfully Completed, Status, Successfully Completed, Status, Successfully Completed, Status, Successfully Completed, Status, Successfully Completed, Status, Successfully Completed, Status, Successfully Completed, Status, Successfully Completed, Status, Successfully Completed, Status, Successfully Completed, Status, Successfully Completed, Status, Successfully Completed, Status, Successfully Completed, Status, Successfully Completed, Status, Successfully Completed, Status, Successfully Completed, Status, Successfully Completed, Status, Successfully Completed, Status, Successfully Completed, Status, Successfully Completed, Status, Successfully Completed, Status, Successfully Completed, Status, Successfully Completed, Status, Successfully Completed, Status, Successfully Completed, Status, Successfully Completed, Status, Successfully Completed, Status, Successfully Completed, Status, Successfully Completed, Status, Successfully Completed, Status, Successfully Completed, Status, Successfully Completed, Status, Successfully Completed, Status, Successfully Completed, Status, Successfully Completed, Status, Successfully Completed, Status, Successfully Completed, Status, Successfully Completed, Status, Successfully Completed, Status, Successfully Completed, Status, Successfully Completed, Status, Successfully Completed, Status, Successfully Completed, Status, Successfully Completed, Status, Successfully Completed, Status, Successfully Completed, Status, Successfully Completed, Status, Successfully Completed, Status, Successfully Completed, Status, Successfully Completed]
[neelback4more@gmail.com, Subho1991*, Status, Successfully Completed, Status, Successfully Completed, Status, Successfully Completed, Status, Successfully Completed, Status, Successfully Completed, Status, Successfully Completed, Status, Successfully Completed, Status, Successfully Completed, Status, Successfully Completed, Status, Successfully Completed, Status, Successfully Completed, Status, Successfully Completed, Status, Successfully Completed, Status, Successfully Completed, Status, Successfully Completed, Status, Successfully Completed, Status, Successfully Completed, Status, Successfully Completed, Status, Successfully Completed, Status, Successfully Completed, Status, Successfully Completed, Status, Successfully Completed, Status, Successfully Completed, Status, Successfully Completed, Status, Successfully Completed, Status, Successfully Completed, Status, Successfully Completed, Status, Successfully Completed, Status, Successfully Completed, Status, Successfully Completed, Status, Successfully Completed, Status, Successfully Completed, Status, Successfully Completed, Status, Successfully Completed, Status, Successfully Completed, Status, Successfully Completed, Status, Successfully Completed, Status, Successfully Completed, Status, Successfully Completed, Status, Successfully Completed, Status, Successfully Completed, Status, Successfully Completed, Status, Successfully Completed, Status, Successfully Completed, Status, Successfully Completed, Status, Successfully Completed, Status, Successfully Completed, Status, Successfully Completed, Status, Successfully Completed, Status, Successfully Completed, Status, Successfully Completed, Status, Successfully Completed, Status, Successfully Completed, Status, Successfully Completed, Status, Successfully Completed, Status, Successfully Completed, Status, Successfully Completed, Status, Successfully Completed, Status, Successfully Completed, Status, Successfully Completed, Status, Successfully Completed, Status, Successfully Completed, Status, Successfully Completed, Status, Successfully Completed, Status, Successfully Completed, Status, Successfully Completed, Status, Successfully Completed, Status, Successfully Completed, Status, Successfully Completed, Status, Successfully Completed, Status, Successfully Completed, Status, Successfully Completed, Status, Successfully Completed, Status, Successfully Completed, Status, Successfully Completed, Status, Successfully Completed, Status, Successfully Completed, Status, Successfully Completed, Status, Successfully Completed, Status, Successfully Completed, Status, Successfully Completed, Status, Successfully Completed, Status, Successfully Completed, Status, Successfully Completed, Status, Successfully Completed, Status, Successfully Completed, Status, Successfully Completed, Status, Successfully Completed, Status, Successfully Completed, Status, Successfully Completed, Status, Successfully Completed, Status, Successfully Completed, Status, Successfully Completed, Status, Successfully Completed, Status, Successfully Completed, Status, Successfully Completed, Status, Successfully Completed, Status, Successfully Completed, Status, Successfully Completed, Status, Successfully Completed, Status, Successfully Completed, Status, Successfully Completed, Status, Successfully Completed, Status, Successfully Completed, Status, Successfully Completed, Status, Successfully Completed, Status, Successfully Completed, Status, Successfully Completed, Status, Successfully Completed, Status, Successfully Completed, Status, Successfully Completed, Status, Successfully Completed, Status, Successfully Completed, Status, Successfully Completed, Status, Successfully Completed, Status, Successfully Completed, Status, Successfully Completed, Status, Successfully Completed, Status, Successfully Completed, Status, Successfully Completed, Status, Successfully Completed, Status, Successfully Completed, Status, Successfully Completed, Status, Successfully Completed, Status, Successfully Completed, Status, Successfully Completed, Status, Successfully Completed, Status, Successfully Completed, Status, Successfully Completed, Status, Successfully Completed, Status, Successfully Completed, Status, Successfully Completed, Status, Successfully Completed, Status, Successfully Completed, Status, Successfully Completed, Status, Successfully Completed, Status, Successfully Completed, Status, Successfully Completed, Status, Successfully Completed, Status, Successfully Completed, Status, Successfully Completed, Status, Successfully Completed, Status, Successfully Completed, Status, Successfully Completed, Status, Successfully Completed, Status, Successfully Completed, Status, Successfully Completed, Status, Successfully Completed, Status, Successfully Completed, Status, Successfully Completed, Status, Successfully Completed, Status, Successfully Completed, Status, Successfully Completed, Status, Successfully Completed, Status, Successfully Completed, Status, Successfully Completed, Status, Successfully Completed, Status, Successfully Completed, Status, Successfully Completed, Status, Successfully Completed, Status, Successfully Completed, Status, Successfully Completed, Status, Successfully Completed, Status, Successfully Completed, Status, Successfully Completed, Status, Successfully Completed, Status, Successfully Completed, Status, Successfully Completed, Status, Successfully Completed, Status, Successfully Completed, Status, Successfully Completed, Status, Successfully Completed, Status, Successfully Completed, Status, Successfully Completed, Status, Successfully Completed, Status, Successfully Completed, Status, Successfully Completed, Status, Successfully Completed, Status, Successfully Completed, Status, Successfully Completed, Status, Successfully Completed, Status, Successfully Completed, Status, Successfully Completed, Status, Successfully Completed, Status, Successfully Completed, Status, Successfully Completed, Status, Successfully Completed, Status, Successfully Completed, Status, Successfully Completed, Status, Successfully Completed, Status, Successfully Completed, Status, Successfully Completed, Status, Successfully Completed, Status, Successfully Completed, Status, Successfully Completed, Status, Successfully Completed, Status, Successfully Completed, Status, Successfully Completed, Status, Successfully Completed, Status, Successfully Completed, Status, Successfully Completed, Status, Successfully Completed, Status, Successfully Completed, Status, Successfully Completed, Status, Successfully Completed, Status, Successfully Completed, Status, Successfully Completed, Status, Successfully Completed, Status, Successfully Completed, Status, Successfully Completed, Status, Successfully Completed, Status, Successfully Completed, Status, Successfully Completed, Status, Successfully Completed, Status, Successfully Completed, Status, Successfully Completed, Status]
[neelback4more@gmail.com, Subho1991*, Status, Successfully Completed, Status, Successfully Completed, Status, Successfully Completed, Status, Successfully Completed, Status, Successfully Completed, Status, Successfully Completed, Status, Successfully Completed, Status, Successfully Completed, Status, Successfully Completed, Status, Successfully Completed, Status, Successfully Completed, Status, Successfully Completed, Status, Successfully Completed, Status, Successfully Completed, Status, Successfully Completed, Status, Successfully Completed, Status, Successfully Completed, Status, Successfully Completed, Status, Successfully Completed, Status, Successfully Completed, Status, Successfully Completed, Status, Successfully Completed, Status, Successfully Completed, Status, Successfully Completed, Status, Successfully Completed, Status, Successfully Completed, Status, Successfully Completed, Status, Successfully Completed, Status, Successfully Completed, Status, Successfully Completed, Status, Successfully Completed, Status, Successfully Completed, Status, Successfully Completed, Status, Successfully Completed, Status, Successfully Completed, Status, Successfully Completed, Status, Successfully Completed, Status, Successfully Completed, Status, Successfully Completed, Status, Successfully Completed, Status, Successfully Completed, Status, Successfully Completed, Status, Successfully Completed, Status, Successfully Completed, Status, Successfully Completed, Status, Successfully Completed, Status, Successfully Completed, Status, Successfully Completed, Status, Successfully Completed, Status, Successfully Completed, Status, Successfully Completed, Status, Successfully Completed, Status, Successfully Completed, Status, Successfully Completed, Status, Successfully Completed, Status, Successfully Completed, Status, Successfully Completed, Status, Successfully Completed, Status, Successfully Completed, Status, Successfully Completed, Status, Successfully Completed, Status, Successfully Completed, Status, Successfully Completed, Status, Successfully Completed, Status, Successfully Completed, Status, Successfully Completed, Status, Successfully Completed, Status, Successfully Completed, Status, Successfully Completed, Status, Successfully Completed, Status, Successfully Completed, Status, Successfully Completed, Status, Successfully Completed, Status, Successfully Completed, Status, Successfully Completed, Status, Successfully Completed, Status, Successfully Completed, Status, Successfully Completed, Status, Successfully Completed, Status, Successfully Completed, Status, Successfully Completed, Status, Successfully Completed, Status, Successfully Completed, Status, Successfully Completed, Status, Successfully Completed, Status, Successfully Completed, Status, Successfully Completed, Status, Successfully Completed, Status, Successfully Completed, Status, Successfully Completed, Status, Successfully Completed, Status, Successfully Completed, Status, Successfully Completed, Status, Successfully Completed, Status, Successfully Completed, Status, Successfully Completed, Status, Successfully Completed, Status, Successfully Completed, Status, Successfully Completed, Status, Successfully Completed, Status, Successfully Completed, Status, Successfully Completed, Status, Successfully Completed, Status, Successfully Completed, Status, Successfully Completed, Status, Successfully Completed, Status, Successfully Completed, Status, Successfully Completed, Status, Successfully Completed, Status, Successfully Completed, Status, Successfully Completed, Status, Successfully Completed, Status, Successfully Completed, Status, Successfully Completed, Status, Successfully Completed, Status, Successfully Completed, Status, Successfully Completed, Status, Successfully Completed, Status, Successfully Completed, Status, Successfully Completed, Status, Successfully Completed, Status, Successfully Completed, Status, Successfully Completed, Status, Successfully Completed, Status, Successfully Completed, Status, Successfully Completed, Status, Successfully Completed, Status, Successfully Completed, Status, Successfully Completed, Status, Successfully Completed, Status, Successfully Completed, Status, Successfully Completed, Status, Successfully Completed, Status, Successfully Completed, Status, Successfully Completed, Status, Successfully Completed, Status, Successfully Completed, Status, Successfully Completed, Status, Successfully Completed, Status, Successfully Completed, Status, Successfully Completed, Status, Successfully Completed, Status, Successfully Completed, Status, Successfully Completed, Status, Successfully Completed, Status, Successfully Completed, Status, Successfully Completed, Status, Successfully Completed, Status, Successfully Completed, Status, Successfully Completed, Status, Successfully Completed, Status, Successfully Completed, Status, Successfully Completed, Status, Successfully Completed, Status, Successfully Completed, Status, Successfully Completed, Status, Successfully Completed, Status, Successfully Completed, Status, Successfully Completed, Status, Successfully Completed, Status, Successfully Completed, Status, Successfully Completed, Status, Successfully Completed, Status, Successfully Completed, Status, Successfully Completed, Status, Successfully Completed, Status, Successfully Completed, Status, Successfully Completed, Status, Successfully Completed, Status, Successfully Completed, Status, Successfully Completed, Status, Successfully Completed, Status, Successfully Completed, Status, Successfully Completed, Status, Successfully Completed, Status, Successfully Completed, Status, Successfully Completed, Status, Successfully Completed, Status, Successfully Completed, Status, Successfully Completed, Status, Successfully Completed, Status, Successfully Completed, Status, Successfully Completed, Status, Successfully Completed, Status, Successfully Completed, Status, Successfully Completed, Status, Successfully Completed, Status, Successfully Completed, Status, Successfully Completed, Status, Successfully Completed, Status, Successfully Completed, Status, Successfully Completed, Status, Successfully Completed, Status, Successfully Completed, Status, Successfully Completed, Status, Successfully Completed, Status, Successfully Completed, Status, Successfully Completed, Status, Successfully Completed, Status, Successfully Completed, Status, Successfully Completed, Status, Successfully Completed, Status, Successfully Completed, Status, Successfully Completed, Status, Successfully Completed, Status, Successfully Completed, Status, Successfully Completed, Status, Successfully Completed, Status, Successfully Completed, Status, Successfully Completed, Status, Successfully Completed, Status, Successfully Completed, Status, Successfully Completed, Status, Successfully Completed, Status, Successfully Completed, Status, Successfully Completed, Status, Successfully Completed]
[neelback4more@gmail.com, Subho1991*, Status, Successfully Completed, Status, Successfully Completed, Status, Successfully Completed, Status, Successfully Completed, Status, Successfully Completed, Status, Successfully Completed, Status, Successfully Completed, Status, Successfully Completed, Status, Successfully Completed, Status, Successfully Completed, Status, Successfully Completed, Status, Successfully Completed, Status, Successfully Completed, Status, Successfully Completed, Status, Successfully Completed, Status, Successfully Completed, Status, Successfully Completed, Status, Successfully Completed, Status, Successfully Completed, Status, Successfully Completed, Status, Successfully Completed, Status, Successfully Completed, Status, Successfully Completed, Status, Successfully Completed, Status, Successfully Completed, Status, Successfully Completed, Status, Successfully Completed, Status, Successfully Completed, Status, Successfully Completed, Status, Successfully Completed, Status, Successfully Completed, Status, Successfully Completed, Status, Successfully Completed, Status, Successfully Completed, Status, Successfully Completed, Status, Successfully Completed, Status, Successfully Completed, Status, Successfully Completed, Status, Successfully Completed, Status, Successfully Completed, Status, Successfully Completed, Status, Successfully Completed, Status, Successfully Completed, Status, Successfully Completed, Status, Successfully Completed, Status, Successfully Completed, Status, Successfully Completed, Status, Successfully Completed, Status, Successfully Completed, Status, Successfully Completed, Status, Successfully Completed, Status, Successfully Completed, Status, Successfully Completed, Status, Successfully Completed, Status, Successfully Completed, Status, Successfully Completed, Status, Successfully Completed, Status, Successfully Completed, Status, Successfully Completed, Status, Successfully Completed, Status, Successfully Completed, Status, Successfully Completed, Status, Successfully Completed, Status, Successfully Completed, Status, Successfully Completed, Status, Successfully Completed, Status, Successfully Completed, Status, Successfully Completed, Status, Successfully Completed, Status, Successfully Completed, Status, Successfully Completed, Status, Successfully Completed, Status, Successfully Completed, Status, Successfully Completed, Status, Successfully Completed, Status, Successfully Completed, Status, Successfully Completed, Status, Successfully Completed, Status, Successfully Completed, Status, Successfully Completed, Status, Successfully Completed, Status, Successfully Completed, Status, Successfully Completed, Status, Successfully Completed, Status, Successfully Completed, Status, Successfully Completed, Status, Successfully Completed, Status, Successfully Completed, Status, Successfully Completed, Status, Successfully Completed, Status, Successfully Completed, Status, Successfully Completed, Status, Successfully Completed, Status, Successfully Completed, Status, Successfully Completed, Status, Successfully Completed, Status, Successfully Completed, Status, Successfully Completed, Status, Successfully Completed, Status, Successfully Completed, Status, Successfully Completed, Status, Successfully Completed, Status, Successfully Completed, Status, Successfully Completed, Status, Successfully Completed, Status, Successfully Completed, Status, Successfully Completed, Status, Successfully Completed, Status, Successfully Completed, Status, Successfully Completed, Status, Successfully Completed, Status, Successfully Completed, Status, Successfully Completed, Status, Successfully Completed, Status, Successfully Completed, Status, Successfully Completed, Status, Successfully Completed, Status, Successfully Completed, Status, Successfully Completed, Status, Successfully Completed, Status, Successfully Completed, Status, Successfully Completed, Status, Successfully Completed, Status, Successfully Completed, Status, Successfully Completed, Status, Successfully Completed, Status, Successfully Completed, Status, Successfully Completed, Status, Successfully Completed, Status, Successfully Completed, Status, Successfully Completed, Status, Successfully Completed, Status, Successfully Completed, Status, Successfully Completed, Status, Successfully Completed, Status, Successfully Completed, Status, Successfully Completed, Status, Successfully Completed, Status, Successfully Completed, Status, Successfully Completed, Status, Successfully Completed, Status, Successfully Completed, Status, Successfully Completed, Status, Successfully Completed, Status, Successfully Completed, Status, Successfully Completed, Status, Successfully Completed, Status, Successfully Completed, Status, Successfully Completed, Status, Successfully Completed, Status, Successfully Completed, Status, Successfully Completed, Status, Successfully Completed, Status, Successfully Completed, Status, Successfully Completed, Status, Successfully Completed, Status, Successfully Completed, Status, Successfully Completed, Status, Successfully Completed, Status, Successfully Completed, Status, Successfully Completed, Status, Successfully Completed, Status, Successfully Completed, Status, Successfully Completed, Status, Successfully Completed, Status, Successfully Completed, Status, Successfully Completed, Status, Successfully Completed, Status, Successfully Completed, Status, Successfully Completed, Status, Successfully Completed, Status, Successfully Completed, Status, Successfully Completed, Status, Successfully Completed, Status, Successfully Completed, Status, Successfully Completed, Status, Successfully Completed, Status, Successfully Completed, Status, Successfully Completed, Status, Successfully Completed, Status, Successfully Completed, Status, Successfully Completed, Status, Successfully Completed, Status, Successfully Completed, Status, Successfully Completed, Status, Successfully Completed, Status, Successfully Completed, Status, Successfully Completed, Status, Successfully Completed, Status, Successfully Completed, Status, Successfully Completed, Status, Successfully Completed, Status, Successfully Completed, Status, Successfully Completed, Status, Successfully Completed, Status, Successfully Completed, Status, Successfully Completed, Status, Successfully Completed, Status, Successfully Completed, Status, Successfully Completed, Status, Successfully Completed, Status, Successfully Completed, Status, Successfully Completed, Status, Successfully Completed, Status, Successfully Completed, Status, Successfully Completed, Status, Successfully Completed, Status, Successfully Completed, Status, Successfully Completed, Status, Successfully Completed, Status, Successfully Completed, Status, Successfully Completed, Status, Successfully Completed, Status, Successfully Completed, Status, Successfully Completed, Status, Successfully Completed, Status, Successfully Completed, Status]
[neelback4more@gmail.com, Subho1991*, Status, Successfully Completed, Status, Successfully Completed, Status, Successfully Completed, Status, Successfully Completed, Status, Successfully Completed, Status, Successfully Completed, Status, Successfully Completed, Status, Successfully Completed, Status, Successfully Completed, Status, Successfully Completed, Status, Successfully Completed, Status, Successfully Completed, Status, Successfully Completed, Status, Successfully Completed, Status, Successfully Completed, Status, Successfully Completed, Status, Successfully Completed, Status, Successfully Completed, Status, Successfully Completed, Status, Successfully Completed, Status, Successfully Completed, Status, Successfully Completed, Status, Successfully Completed, Status, Successfully Completed, Status, Successfully Completed, Status, Successfully Completed, Status, Successfully Completed, Status, Successfully Completed, Status, Successfully Completed, Status, Successfully Completed, Status, Successfully Completed, Status, Successfully Completed, Status, Successfully Completed, Status, Successfully Completed, Status, Successfully Completed, Status, Successfully Completed, Status, Successfully Completed, Status, Successfully Completed, Status, Successfully Completed, Status, Successfully Completed, Status, Successfully Completed, Status, Successfully Completed, Status, Successfully Completed, Status, Successfully Completed, Status, Successfully Completed, Status, Successfully Completed, Status, Successfully Completed, Status, Successfully Completed, Status, Successfully Completed, Status, Successfully Completed, Status, Successfully Completed, Status, Successfully Completed, Status, Successfully Completed, Status, Successfully Completed, Status, Successfully Completed, Status, Successfully Completed, Status, Successfully Completed, Status, Successfully Completed, Status, Successfully Completed, Status, Successfully Completed, Status, Successfully Completed, Status, Successfully Completed, Status, Successfully Completed, Status, Successfully Completed, Status, Successfully Completed, Status, Successfully Completed, Status, Successfully Completed, Status, Successfully Completed, Status, Successfully Completed, Status, Successfully Completed, Status, Successfully Completed, Status, Successfully Completed, Status, Successfully Completed, Status, Successfully Completed, Status, Successfully Completed, Status, Successfully Completed, Status, Successfully Completed, Status, Successfully Completed, Status, Successfully Completed, Status, Successfully Completed, Status, Successfully Completed, Status, Successfully Completed, Status, Successfully Completed, Status, Successfully Completed, Status, Successfully Completed, Status, Successfully Completed, Status, Successfully Completed, Status, Successfully Completed, Status, Successfully Completed, Status, Successfully Completed, Status, Successfully Completed, Status, Successfully Completed, Status, Successfully Completed, Status, Successfully Completed, Status, Successfully Completed, Status, Successfully Completed, Status, Successfully Completed, Status, Successfully Completed, Status, Successfully Completed, Status, Successfully Completed, Status, Successfully Completed, Status, Successfully Completed, Status, Successfully Completed, Status, Successfully Completed, Status, Successfully Completed, Status, Successfully Completed, Status, Successfully Completed, Status, Successfully Completed, Status, Successfully Completed, Status, Successfully Completed, Status, Successfully Completed, Status, Successfully Completed, Status, Successfully Completed, Status, Successfully Completed, Status, Successfully Completed, Status, Successfully Completed, Status, Successfully Completed, Status, Successfully Completed, Status, Successfully Completed, Status, Successfully Completed, Status, Successfully Completed, Status, Successfully Completed, Status, Successfully Completed, Status, Successfully Completed, Status, Successfully Completed, Status, Successfully Completed, Status, Successfully Completed, Status, Successfully Completed, Status, Successfully Completed, Status, Successfully Completed, Status, Successfully Completed, Status, Successfully Completed, Status, Successfully Completed, Status, Successfully Completed, Status, Successfully Completed, Status, Successfully Completed, Status, Successfully Completed, Status, Successfully Completed, Status, Successfully Completed, Status, Successfully Completed, Status, Successfully Completed, Status, Successfully Completed, Status, Successfully Completed, Status, Successfully Completed, Status, Successfully Completed, Status, Successfully Completed, Status, Successfully Completed, Status, Successfully Completed, Status, Successfully Completed, Status, Successfully Completed, Status, Successfully Completed, Status, Successfully Completed, Status, Successfully Completed, Status, Successfully Completed, Status, Successfully Completed, Status, Successfully Completed, Status, Successfully Completed, Status, Successfully Completed, Status, Successfully Completed, Status, Successfully Completed, Status, Successfully Completed, Status, Successfully Completed, Status, Successfully Completed, Status, Successfully Completed, Status, Successfully Completed, Status, Successfully Completed, Status, Successfully Completed, Status, Successfully Completed, Status, Successfully Completed, Status, Successfully Completed, Status, Successfully Completed, Status, Successfully Completed, Status, Successfully Completed, Status, Successfully Completed, Status, Successfully Completed, Status, Successfully Completed, Status, Successfully Completed, Status, Successfully Completed, Status, Successfully Completed, Status, Successfully Completed, Status, Successfully Completed, Status, Successfully Completed, Status, Successfully Completed, Status, Successfully Completed, Status, Successfully Completed, Status, Successfully Completed, Status, Successfully Completed, Status, Successfully Completed, Status, Successfully Completed, Status, Successfully Completed, Status, Successfully Completed, Status, Successfully Completed, Status, Successfully Completed, Status, Successfully Completed, Status, Successfully Completed, Status, Successfully Completed, Status, Successfully Completed, Status, Successfully Completed, Status, Successfully Completed, Status, Successfully Completed, Status, Successfully Completed, Status, Successfully Completed, Status, Successfully Completed, Status, Successfully Completed, Status, Successfully Completed, Status, Successfully Completed, Status, Successfully Completed, Status, Successfully Completed, Status, Successfully Completed, Status, Successfully Completed, Status, Successfully Completed, Status, Successfully Completed, Status, Successfully Completed, Status, Successfully Completed, Status, Successfully Completed, Status, Successfully Completed, Status, Successfully Completed, Status, Successfully Completed]
[neelback4more@gmail.com, Subho1991*, Status, Successfully Completed, Status, Successfully Completed, Status, Successfully Completed, Status, Successfully Completed, Status, Successfully Completed, Status, Successfully Completed, Status, Successfully Completed, Status, Successfully Completed, Status, Successfully Completed, Status, Successfully Completed, Status, Successfully Completed, Status, Successfully Completed, Status, Successfully Completed, Status, Successfully Completed, Status, Successfully Completed, Status, Successfully Completed, Status, Successfully Completed, Status, Successfully Completed, Status, Successfully Completed, Status, Successfully Completed, Status, Successfully Completed, Status, Successfully Completed, Status, Successfully Completed, Status, Successfully Completed, Status, Successfully Completed, Status, Successfully Completed, Status, Successfully Completed, Status, Successfully Completed, Status, Successfully Completed, Status, Successfully Completed, Status, Successfully Completed, Status, Successfully Completed, Status, Successfully Completed, Status, Successfully Completed, Status, Successfully Completed, Status, Successfully Completed, Status, Successfully Completed, Status, Successfully Completed, Status, Successfully Completed, Status, Successfully Completed, Status, Successfully Completed, Status, Successfully Completed, Status, Successfully Completed, Status, Successfully Completed, Status, Successfully Completed, Status, Successfully Completed, Status, Successfully Completed, Status, Successfully Completed, Status, Successfully Completed, Status, Successfully Completed, Status, Successfully Completed, Status, Successfully Completed, Status, Successfully Completed, Status, Successfully Completed, Status, Successfully Completed, Status, Successfully Completed, Status, Successfully Completed, Status, Successfully Completed, Status, Successfully Completed, Status, Successfully Completed, Status, Successfully Completed, Status, Successfully Completed, Status, Successfully Completed, Status, Successfully Completed, Status, Successfully Completed, Status, Successfully Completed, Status, Successfully Completed, Status, Successfully Completed, Status, Successfully Completed, Status, Successfully Completed, Status, Successfully Completed, Status, Successfully Completed, Status, Successfully Completed, Status, Successfully Completed, Status, Successfully Completed, Status, Successfully Completed, Status, Successfully Completed, Status, Successfully Completed, Status, Successfully Completed, Status, Successfully Completed, Status, Successfully Completed, Status, Successfully Completed, Status, Successfully Completed, Status, Successfully Completed, Status, Successfully Completed, Status, Successfully Completed, Status, Successfully Completed, Status, Successfully Completed, Status, Successfully Completed, Status, Successfully Completed, Status, Successfully Completed, Status, Successfully Completed, Status, Successfully Completed, Status, Successfully Completed, Status, Successfully Completed, Status, Successfully Completed, Status, Successfully Completed, Status, Successfully Completed, Status, Successfully Completed, Status, Successfully Completed, Status, Successfully Completed, Status, Successfully Completed, Status, Successfully Completed, Status, Successfully Completed, Status, Successfully Completed, Status, Successfully Completed, Status, Successfully Completed, Status, Successfully Completed, Status, Successfully Completed, Status, Successfully Completed, Status, Successfully Completed, Status, Successfully Completed, Status, Successfully Completed, Status, Successfully Completed, Status, Successfully Completed, Status, Successfully Completed, Status, Successfully Completed, Status, Successfully Completed, Status, Successfully Completed, Status, Successfully Completed, Status, Successfully Completed, Status, Successfully Completed, Status, Successfully Completed, Status, Successfully Completed, Status, Successfully Completed, Status, Successfully Completed, Status, Successfully Completed, Status, Successfully Completed, Status, Successfully Completed, Status, Successfully Completed, Status, Successfully Completed, Status, Successfully Completed, Status, Successfully Completed, Status, Successfully Completed, Status, Successfully Completed, Status, Successfully Completed, Status, Successfully Completed, Status, Successfully Completed, Status, Successfully Completed, Status, Successfully Completed, Status, Successfully Completed, Status, Successfully Completed, Status, Successfully Completed, Status, Successfully Completed, Status, Successfully Completed, Status, Successfully Completed, Status, Successfully Completed, Status, Successfully Completed, Status, Successfully Completed, Status, Successfully Completed, Status, Successfully Completed, Status, Successfully Completed, Status, Successfully Completed, Status, Successfully Completed, Status, Successfully Completed, Status, Successfully Completed, Status, Successfully Completed, Status, Successfully Completed, Status, Successfully Completed, Status, Successfully Completed, Status, Successfully Completed, Status, Successfully Completed, Status, Successfully Completed, Status, Successfully Completed, Status, Successfully Completed, Status, Successfully Completed, Status, Successfully Completed, Status, Successfully Completed, Status, Successfully Completed, Status, Successfully Completed, Status, Successfully Completed, Status, Successfully Completed, Status, Successfully Completed, Status, Successfully Completed, Status, Successfully Completed, Status, Successfully Completed, Status, Successfully Completed, Status, Successfully Completed, Status, Successfully Completed, Status, Successfully Completed, Status, Successfully Completed, Status, Successfully Completed, Status, Successfully Completed, Status, Successfully Completed, Status, Successfully Completed, Status, Successfully Completed, Status, Successfully Completed, Status, Successfully Completed, Status, Successfully Completed, Status, Successfully Completed, Status, Successfully Completed, Status, Successfully Completed, Status, Successfully Completed, Status, Successfully Completed, Status, Successfully Completed, Status, Successfully Completed, Status, Successfully Completed, Status, Successfully Completed, Status, Successfully Completed, Status, Successfully Completed, Status, Successfully Completed, Status, Successfully Completed, Status, Successfully Completed, Status, Successfully Completed, Status, Successfully Completed, Status, Successfully Completed, Status, Successfully Completed, Status, Successfully Completed, Status, Successfully Completed, Status, Successfully Completed, Status, Successfully Completed, Status, Successfully Completed, Status, Successfully Completed, Status, Successfully Completed, Status, Successfully Completed, Status, Successfully Completed, Status, Successfully Completed, Status, Successfully Completed, Status]
[neelback4more@gmail.com, Subho1991*, Status, Successfully Completed, Status, Successfully Completed, Status, Successfully Completed, Status, Successfully Completed, Status, Successfully Completed, Status, Successfully Completed, Status, Successfully Completed, Status, Successfully Completed, Status, Successfully Completed, Status, Successfully Completed, Status, Successfully Completed, Status, Successfully Completed, Status, Successfully Completed, Status, Successfully Completed, Status, Successfully Completed, Status, Successfully Completed, Status, Successfully Completed, Status, Successfully Completed, Status, Successfully Completed, Status, Successfully Completed, Status, Successfully Completed, Status, Successfully Completed, Status, Successfully Completed, Status, Successfully Completed, Status, Successfully Completed, Status, Successfully Completed, Status, Successfully Completed, Status, Successfully Completed, Status, Successfully Completed, Status, Successfully Completed, Status, Successfully Completed, Status, Successfully Completed, Status, Successfully Completed, Status, Successfully Completed, Status, Successfully Completed, Status, Successfully Completed, Status, Successfully Completed, Status, Successfully Completed, Status, Successfully Completed, Status, Successfully Completed, Status, Successfully Completed, Status, Successfully Completed, Status, Successfully Completed, Status, Successfully Completed, Status, Successfully Completed, Status, Successfully Completed, Status, Successfully Completed, Status, Successfully Completed, Status, Successfully Completed, Status, Successfully Completed, Status, Successfully Completed, Status, Successfully Completed, Status, Successfully Completed, Status, Successfully Completed, Status, Successfully Completed, Status, Successfully Completed, Status, Successfully Completed, Status, Successfully Completed, Status, Successfully Completed, Status, Successfully Completed, Status, Successfully Completed, Status, Successfully Completed, Status, Successfully Completed, Status, Successfully Completed, Status, Successfully Completed, Status, Successfully Completed, Status, Successfully Completed, Status, Successfully Completed, Status, Successfully Completed, Status, Successfully Completed, Status, Successfully Completed, Status, Successfully Completed, Status, Successfully Completed, Status, Successfully Completed, Status, Successfully Completed, Status, Successfully Completed, Status, Successfully Completed, Status, Successfully Completed, Status, Successfully Completed, Status, Successfully Completed, Status, Successfully Completed, Status, Successfully Completed, Status, Successfully Completed, Status, Successfully Completed, Status, Successfully Completed, Status, Successfully Completed, Status, Successfully Completed, Status, Successfully Completed, Status, Successfully Completed, Status, Successfully Completed, Status, Successfully Completed, Status, Successfully Completed, Status, Successfully Completed, Status, Successfully Completed, Status, Successfully Completed, Status, Successfully Completed, Status, Successfully Completed, Status, Successfully Completed, Status, Successfully Completed, Status, Successfully Completed, Status, Successfully Completed, Status, Successfully Completed, Status, Successfully Completed, Status, Successfully Completed, Status, Successfully Completed, Status, Successfully Completed, Status, Successfully Completed, Status, Successfully Completed, Status, Successfully Completed, Status, Successfully Completed, Status, Successfully Completed, Status, Successfully Completed, Status, Successfully Completed, Status, Successfully Completed, Status, Successfully Completed, Status, Successfully Completed, Status, Successfully Completed, Status, Successfully Completed, Status, Successfully Completed, Status, Successfully Completed, Status, Successfully Completed, Status, Successfully Completed, Status, Successfully Completed, Status, Successfully Completed, Status, Successfully Completed, Status, Successfully Completed, Status, Successfully Completed, Status, Successfully Completed, Status, Successfully Completed, Status, Successfully Completed, Status, Successfully Completed, Status, Successfully Completed, Status, Successfully Completed, Status, Successfully Completed, Status, Successfully Completed, Status, Successfully Completed, Status, Successfully Completed, Status, Successfully Completed, Status, Successfully Completed, Status, Successfully Completed, Status, Successfully Completed, Status, Successfully Completed, Status, Successfully Completed, Status, Successfully Completed, Status, Successfully Completed, Status, Successfully Completed, Status, Successfully Completed, Status, Successfully Completed, Status, Successfully Completed, Status, Successfully Completed, Status, Successfully Completed, Status, Successfully Completed, Status, Successfully Completed, Status, Successfully Completed, Status, Successfully Completed, Status, Successfully Completed, Status, Successfully Completed, Status, Successfully Completed, Status, Successfully Completed, Status, Successfully Completed, Status, Successfully Completed, Status, Successfully Completed, Status, Successfully Completed, Status, Successfully Completed, Status, Successfully Completed, Status, Successfully Completed, Status, Successfully Completed, Status, Successfully Completed, Status, Successfully Completed, Status, Successfully Completed, Status, Successfully Completed, Status, Successfully Completed, Status, Successfully Completed, Status, Successfully Completed, Status, Successfully Completed, Status, Successfully Completed, Status, Successfully Completed, Status, Successfully Completed, Status, Successfully Completed, Status, Successfully Completed, Status, Successfully Completed, Status, Successfully Completed, Status, Successfully Completed, Status, Successfully Completed, Status, Successfully Completed, Status, Successfully Completed, Status, Successfully Completed, Status, Successfully Completed, Status, Successfully Completed, Status, Successfully Completed, Status, Successfully Completed, Status, Successfully Completed, Status, Successfully Completed, Status, Successfully Completed, Status, Successfully Completed, Status, Successfully Completed, Status, Successfully Completed, Status, Successfully Completed, Status, Successfully Completed, Status, Successfully Completed, Status, Successfully Completed, Status, Successfully Completed, Status, Successfully Completed, Status, Successfully Completed, Status, Successfully Completed, Status, Successfully Completed, Status, Successfully Completed, Status, Successfully Completed, Status, Successfully Completed, Status, Successfully Completed, Status, Successfully Completed, Status, Successfully Completed, Status, Successfully Completed, Status, Successfully Completed, Status, Successfully Completed, Status, Successfully Completed, Status, Successfully Completed, Status, Successfully Completed, Status, Successfully Completed]
[neelback4more@gmail.com, Subho1991*, Status, Successfully Completed, Status, Successfully Completed, Status, Successfully Completed, Status, Successfully Completed, Status, Successfully Completed, Status, Successfully Completed, Status, Successfully Completed, Status, Successfully Completed, Status, Successfully Completed, Status, Successfully Completed, Status, Successfully Completed, Status, Successfully Completed, Status, Successfully Completed, Status, Successfully Completed, Status, Successfully Completed, Status, Successfully Completed, Status, Successfully Completed, Status, Successfully Completed, Status, Successfully Completed, Status, Successfully Completed, Status, Successfully Completed, Status, Successfully Completed, Status, Successfully Completed, Status, Successfully Completed, Status, Successfully Completed, Status, Successfully Completed, Status, Successfully Completed, Status, Successfully Completed, Status, Successfully Completed, Status, Successfully Completed, Status, Successfully Completed, Status, Successfully Completed, Status, Successfully Completed, Status, Successfully Completed, Status, Successfully Completed, Status, Successfully Completed, Status, Successfully Completed, Status, Successfully Completed, Status, Successfully Completed, Status, Successfully Completed, Status, Successfully Completed, Status, Successfully Completed, Status, Successfully Completed, Status, Successfully Completed, Status, Successfully Completed, Status, Successfully Completed, Status, Successfully Completed, Status, Successfully Completed, Status, Successfully Completed, Status, Successfully Completed, Status, Successfully Completed, Status, Successfully Completed, Status, Successfully Completed, Status, Successfully Completed, Status, Successfully Completed, Status, Successfully Completed, Status, Successfully Completed, Status, Successfully Completed, Status, Successfully Completed, Status, Successfully Completed, Status, Successfully Completed, Status, Successfully Completed, Status, Successfully Completed, Status, Successfully Completed, Status, Successfully Completed, Status, Successfully Completed, Status, Successfully Completed, Status, Successfully Completed, Status, Successfully Completed, Status, Successfully Completed, Status, Successfully Completed, Status, Successfully Completed, Status, Successfully Completed, Status, Successfully Completed, Status, Successfully Completed, Status, Successfully Completed, Status, Successfully Completed, Status, Successfully Completed, Status, Successfully Completed, Status, Successfully Completed, Status, Successfully Completed, Status, Successfully Completed, Status, Successfully Completed, Status, Successfully Completed, Status, Successfully Completed, Status, Successfully Completed, Status, Successfully Completed, Status, Successfully Completed, Status, Successfully Completed, Status, Successfully Completed, Status, Successfully Completed, Status, Successfully Completed, Status, Successfully Completed, Status, Successfully Completed, Status, Successfully Completed, Status, Successfully Completed, Status, Successfully Completed, Status, Successfully Completed, Status, Successfully Completed, Status, Successfully Completed, Status, Successfully Completed, Status, Successfully Completed, Status, Successfully Completed, Status, Successfully Completed, Status, Successfully Completed, Status, Successfully Completed, Status, Successfully Completed, Status, Successfully Completed, Status, Successfully Completed, Status, Successfully Completed, Status, Successfully Completed, Status, Successfully Completed, Status, Successfully Completed, Status, Successfully Completed, Status, Successfully Completed, Status, Successfully Completed, Status, Successfully Completed, Status, Successfully Completed, Status, Successfully Completed, Status, Successfully Completed, Status, Successfully Completed, Status, Successfully Completed, Status, Successfully Completed, Status, Successfully Completed, Status, Successfully Completed, Status, Successfully Completed, Status, Successfully Completed, Status, Successfully Completed, Status, Successfully Completed, Status, Successfully Completed, Status, Successfully Completed, Status, Successfully Completed, Status, Successfully Completed, Status, Successfully Completed, Status, Successfully Completed, Status, Successfully Completed, Status, Successfully Completed, Status, Successfully Completed, Status, Successfully Completed, Status, Successfully Completed, Status, Successfully Completed, Status, Successfully Completed, Status, Successfully Completed, Status, Successfully Completed, Status, Successfully Completed, Status, Successfully Completed, Status, Successfully Completed, Status, Successfully Completed, Status, Successfully Completed, Status, Successfully Completed, Status, Successfully Completed, Status, Successfully Completed, Status, Successfully Completed, Status, Successfully Completed, Status, Successfully Completed, Status, Successfully Completed, Status, Successfully Completed, Status, Successfully Completed, Status, Successfully Completed, Status, Successfully Completed, Status, Successfully Completed, Status, Successfully Completed, Status, Successfully Completed, Status, Successfully Completed, Status, Successfully Completed, Status, Successfully Completed, Status, Successfully Completed, Status, Successfully Completed, Status, Successfully Completed, Status, Successfully Completed, Status, Successfully Completed, Status, Successfully Completed, Status, Successfully Completed, Status, Successfully Completed, Status, Successfully Completed, Status, Successfully Completed, Status, Successfully Completed, Status, Successfully Completed, Status, Successfully Completed, Status, Successfully Completed, Status, Successfully Completed, Status, Successfully Completed, Status, Successfully Completed, Status, Successfully Completed, Status, Successfully Completed, Status, Successfully Completed, Status, Successfully Completed, Status, Successfully Completed, Status, Successfully Completed, Status, Successfully Completed, Status, Successfully Completed, Status, Successfully Completed, Status, Successfully Completed, Status, Successfully Completed, Status, Successfully Completed, Status, Successfully Completed, Status, Successfully Completed, Status, Successfully Completed, Status, Successfully Completed, Status, Successfully Completed, Status, Successfully Completed, Status, Successfully Completed, Status, Successfully Completed, Status, Successfully Completed, Status, Successfully Completed, Status, Successfully Completed, Status, Successfully Completed, Status, Successfully Completed, Status, Successfully Completed, Status, Successfully Completed, Status, Successfully Completed, Status, Successfully Completed, Status, Successfully Completed, Status, Successfully Completed, Status, Successfully Completed, Status, Successfully Completed, Status, Successfully Completed, Status, Successfully Completed, Status, Successfully Completed, Status]
[neelback4more@gmail.com, Subho1991*, Status, Successfully Completed, Status, Successfully Completed, Status, Successfully Completed, Status, Successfully Completed, Status, Successfully Completed, Status, Successfully Completed, Status, Successfully Completed, Status, Successfully Completed, Status, Successfully Completed, Status, Successfully Completed, Status, Successfully Completed, Status, Successfully Completed, Status, Successfully Completed, Status, Successfully Completed, Status, Successfully Completed, Status, Successfully Completed, Status, Successfully Completed, Status, Successfully Completed, Status, Successfully Completed, Status, Successfully Completed, Status, Successfully Completed, Status, Successfully Completed, Status, Successfully Completed, Status, Successfully Completed, Status, Successfully Completed, Status, Successfully Completed, Status, Successfully Completed, Status, Successfully Completed, Status, Successfully Completed, Status, Successfully Completed, Status, Successfully Completed, Status, Successfully Completed, Status, Successfully Completed, Status, Successfully Completed, Status, Successfully Completed, Status, Successfully Completed, Status, Successfully Completed, Status, Successfully Completed, Status, Successfully Completed, Status, Successfully Completed, Status, Successfully Completed, Status, Successfully Completed, Status, Successfully Completed, Status, Successfully Completed, Status, Successfully Completed, Status, Successfully Completed, Status, Successfully Completed, Status, Successfully Completed, Status, Successfully Completed, Status, Successfully Completed, Status, Successfully Completed, Status, Successfully Completed, Status, Successfully Completed, Status, Successfully Completed, Status, Successfully Completed, Status, Successfully Completed, Status, Successfully Completed, Status, Successfully Completed, Status, Successfully Completed, Status, Successfully Completed, Status, Successfully Completed, Status, Successfully Completed, Status, Successfully Completed, Status, Successfully Completed, Status, Successfully Completed, Status, Successfully Completed, Status, Successfully Completed, Status, Successfully Completed, Status, Successfully Completed, Status, Successfully Completed, Status, Successfully Completed, Status, Successfully Completed, Status, Successfully Completed, Status, Successfully Completed, Status, Successfully Completed, Status, Successfully Completed, Status, Successfully Completed, Status, Successfully Completed, Status, Successfully Completed, Status, Successfully Completed, Status, Successfully Completed, Status, Successfully Completed, Status, Successfully Completed, Status, Successfully Completed, Status, Successfully Completed, Status, Successfully Completed, Status, Successfully Completed, Status, Successfully Completed, Status, Successfully Completed, Status, Successfully Completed, Status, Successfully Completed, Status, Successfully Completed, Status, Successfully Completed, Status, Successfully Completed, Status, Successfully Completed, Status, Successfully Completed, Status, Successfully Completed, Status, Successfully Completed, Status, Successfully Completed, Status, Successfully Completed, Status, Successfully Completed, Status, Successfully Completed, Status, Successfully Completed, Status, Successfully Completed, Status, Successfully Completed, Status, Successfully Completed, Status, Successfully Completed, Status, Successfully Completed, Status, Successfully Completed, Status, Successfully Completed, Status, Successfully Completed, Status, Successfully Completed, Status, Successfully Completed, Status, Successfully Completed, Status, Successfully Completed, Status, Successfully Completed, Status, Successfully Completed, Status, Successfully Completed, Status, Successfully Completed, Status, Successfully Completed, Status, Successfully Completed, Status, Successfully Completed, Status, Successfully Completed, Status, Successfully Completed, Status, Successfully Completed, Status, Successfully Completed, Status, Successfully Completed, Status, Successfully Completed, Status, Successfully Completed, Status, Successfully Completed, Status, Successfully Completed, Status, Successfully Completed, Status, Successfully Completed, Status, Successfully Completed, Status, Successfully Completed, Status, Successfully Completed, Status, Successfully Completed, Status, Successfully Completed, Status, Successfully Completed, Status, Successfully Completed, Status, Successfully Completed, Status, Successfully Completed, Status, Successfully Completed, Status, Successfully Completed, Status, Successfully Completed, Status, Successfully Completed, Status, Successfully Completed, Status, Successfully Completed, Status, Successfully Completed, Status, Successfully Completed, Status, Successfully Completed, Status, Successfully Completed, Status, Successfully Completed, Status, Successfully Completed, Status, Successfully Completed, Status, Successfully Completed, Status, Successfully Completed, Status, Successfully Completed, Status, Successfully Completed, Status, Successfully Completed, Status, Successfully Completed, Status, Successfully Completed, Status, Successfully Completed, Status, Successfully Completed, Status, Successfully Completed, Status, Successfully Completed, Status, Successfully Completed, Status, Successfully Completed, Status, Successfully Completed, Status, Successfully Completed, Status, Successfully Completed, Status, Successfully Completed, Status, Successfully Completed, Status, Successfully Completed, Status, Successfully Completed, Status, Successfully Completed, Status, Successfully Completed, Status, Successfully Completed, Status, Successfully Completed, Status, Successfully Completed, Status, Successfully Completed, Status, Successfully Completed, Status, Successfully Completed, Status, Successfully Completed, Status, Successfully Completed, Status, Successfully Completed, Status, Successfully Completed, Status, Successfully Completed, Status, Successfully Completed, Status, Successfully Completed, Status, Successfully Completed, Status, Successfully Completed, Status, Successfully Completed, Status, Successfully Completed, Status, Successfully Completed, Status, Successfully Completed, Status, Successfully Completed, Status, Successfully Completed, Status, Successfully Completed, Status, Successfully Completed, Status, Successfully Completed, Status, Successfully Completed, Status, Successfully Completed, Status, Successfully Completed, Status, Successfully Completed, Status, Successfully Completed, Status, Successfully Completed, Status, Successfully Completed, Status, Successfully Completed, Status, Successfully Completed, Status, Successfully Completed, Status, Successfully Completed, Status, Successfully Completed, Status, Successfully Completed, Status, Successfully Completed, Status, Successfully Completed, Status, Successfully Completed, Status, Successfully Completed, Status, Successfully Completed, Status, Successfully Completed]
[neelback4more@gmail.com, Subho1991*, Status, Successfully Completed, Status, Successfully Completed, Status, Successfully Completed, Status, Successfully Completed, Status, Successfully Completed, Status, Successfully Completed, Status, Successfully Completed, Status, Successfully Completed, Status, Successfully Completed, Status, Successfully Completed, Status, Successfully Completed, Status, Successfully Completed, Status, Successfully Completed, Status, Successfully Completed, Status, Successfully Completed, Status, Successfully Completed, Status, Successfully Completed, Status, Successfully Completed, Status, Successfully Completed, Status, Successfully Completed, Status, Successfully Completed, Status, Successfully Completed, Status, Successfully Completed, Status, Successfully Completed, Status, Successfully Completed, Status, Successfully Completed, Status, Successfully Completed, Status, Successfully Completed, Status, Successfully Completed, Status, Successfully Completed, Status, Successfully Completed, Status, Successfully Completed, Status, Successfully Completed, Status, Successfully Completed, Status, Successfully Completed, Status, Successfully Completed, Status, Successfully Completed, Status, Successfully Completed, Status, Successfully Completed, Status, Successfully Completed, Status, Successfully Completed, Status, Successfully Completed, Status, Successfully Completed, Status, Successfully Completed, Status, Successfully Completed, Status, Successfully Completed, Status, Successfully Completed, Status, Successfully Completed, Status, Successfully Completed, Status, Successfully Completed, Status, Successfully Completed, Status, Successfully Completed, Status, Successfully Completed, Status, Successfully Completed, Status, Successfully Completed, Status, Successfully Completed, Status, Successfully Completed, Status, Successfully Completed, Status, Successfully Completed, Status, Successfully Completed, Status, Successfully Completed, Status, Successfully Completed, Status, Successfully Completed, Status, Successfully Completed, Status, Successfully Completed, Status, Successfully Completed, Status, Successfully Completed, Status, Successfully Completed, Status, Successfully Completed, Status, Successfully Completed, Status, Successfully Completed, Status, Successfully Completed, Status, Successfully Completed, Status, Successfully Completed, Status, Successfully Completed, Status, Successfully Completed, Status, Successfully Completed, Status, Successfully Completed, Status, Successfully Completed, Status, Successfully Completed, Status, Successfully Completed, Status, Successfully Completed, Status, Successfully Completed, Status, Successfully Completed, Status, Successfully Completed, Status, Successfully Completed, Status, Successfully Completed, Status, Successfully Completed, Status, Successfully Completed, Status, Successfully Completed, Status, Successfully Completed, Status, Successfully Completed, Status, Successfully Completed, Status, Successfully Completed, Status, Successfully Completed, Status, Successfully Completed, Status, Successfully Completed, Status, Successfully Completed, Status, Successfully Completed, Status, Successfully Completed, Status, Successfully Completed, Status, Successfully Completed, Status, Successfully Completed, Status, Successfully Completed, Status, Successfully Completed, Status, Successfully Completed, Status, Successfully Completed, Status, Successfully Completed, Status, Successfully Completed, Status, Successfully Completed, Status, Successfully Completed, Status, Successfully Completed, Status, Successfully Completed, Status, Successfully Completed, Status, Successfully Completed, Status, Successfully Completed, Status, Successfully Completed, Status, Successfully Completed, Status, Successfully Completed, Status, Successfully Completed, Status, Successfully Completed, Status, Successfully Completed, Status, Successfully Completed, Status, Successfully Completed, Status, Successfully Completed, Status, Successfully Completed, Status, Successfully Completed, Status, Successfully Completed, Status, Successfully Completed, Status, Successfully Completed, Status, Successfully Completed, Status, Successfully Completed, Status, Successfully Completed, Status, Successfully Completed, Status, Successfully Completed, Status, Successfully Completed, Status, Successfully Completed, Status, Successfully Completed, Status, Successfully Completed, Status, Successfully Completed, Status, Successfully Completed, Status, Successfully Completed, Status, Successfully Completed, Status, Successfully Completed, Status, Successfully Completed, Status, Successfully Completed, Status, Successfully Completed, Status, Successfully Completed, Status, Successfully Completed, Status, Successfully Completed, Status, Successfully Completed, Status, Successfully Completed, Status, Successfully Completed, Status, Successfully Completed, Status, Successfully Completed, Status, Successfully Completed, Status, Successfully Completed, Status, Successfully Completed, Status, Successfully Completed, Status, Successfully Completed, Status, Successfully Completed, Status, Successfully Completed, Status, Successfully Completed, Status, Successfully Completed, Status, Successfully Completed, Status, Successfully Completed, Status, Successfully Completed, Status, Successfully Completed, Status, Successfully Completed, Status, Successfully Completed, Status, Successfully Completed, Status, Successfully Completed, Status, Successfully Completed, Status, Successfully Completed, Status, Successfully Completed, Status, Successfully Completed, Status, Successfully Completed, Status, Successfully Completed, Status, Successfully Completed, Status, Successfully Completed, Status, Successfully Completed, Status, Successfully Completed, Status, Successfully Completed, Status, Successfully Completed, Status, Successfully Completed, Status, Successfully Completed, Status, Successfully Completed, Status, Successfully Completed, Status, Successfully Completed, Status, Successfully Completed, Status, Successfully Completed, Status, Successfully Completed, Status, Successfully Completed, Status, Successfully Completed, Status, Successfully Completed, Status, Successfully Completed, Status, Successfully Completed, Status, Successfully Completed, Status, Successfully Completed, Status, Successfully Completed, Status, Successfully Completed, Status, Successfully Completed, Status, Successfully Completed, Status, Successfully Completed, Status, Successfully Completed, Status, Successfully Completed, Status, Successfully Completed, Status, Successfully Completed, Status, Successfully Completed, Status, Successfully Completed, Status, Successfully Completed, Status, Successfully Completed, Status, Successfully Completed, Status, Successfully Completed, Status, Successfully Completed, Status, Successfully Completed, Status, Successfully Completed, Status, Successfully Completed, Status, Successfully Completed, Status, Successfully Completed, Status]
[neelback4more@gmail.com, Subho1991*, Status, Successfully Completed, Status, Successfully Completed, Status, Successfully Completed, Status, Successfully Completed, Status, Successfully Completed, Status, Successfully Completed, Status, Successfully Completed, Status, Successfully Completed, Status, Successfully Completed, Status, Successfully Completed, Status, Successfully Completed, Status, Successfully Completed, Status, Successfully Completed, Status, Successfully Completed, Status, Successfully Completed, Status, Successfully Completed, Status, Successfully Completed, Status, Successfully Completed, Status, Successfully Completed, Status, Successfully Completed, Status, Successfully Completed, Status, Successfully Completed, Status, Successfully Completed, Status, Successfully Completed, Status, Successfully Completed, Status, Successfully Completed, Status, Successfully Completed, Status, Successfully Completed, Status, Successfully Completed, Status, Successfully Completed, Status, Successfully Completed, Status, Successfully Completed, Status, Successfully Completed, Status, Successfully Completed, Status, Successfully Completed, Status, Successfully Completed, Status, Successfully Completed, Status, Successfully Completed, Status, Successfully Completed, Status, Successfully Completed, Status, Successfully Completed, Status, Successfully Completed, Status, Successfully Completed, Status, Successfully Completed, Status, Successfully Completed, Status, Successfully Completed, Status, Successfully Completed, Status, Successfully Completed, Status, Successfully Completed, Status, Successfully Completed, Status, Successfully Completed, Status, Successfully Completed, Status, Successfully Completed, Status, Successfully Completed, Status, Successfully Completed, Status, Successfully Completed, Status, Successfully Completed, Status, Successfully Completed, Status, Successfully Completed, Status, Successfully Completed, Status, Successfully Completed, Status, Successfully Completed, Status, Successfully Completed, Status, Successfully Completed, Status, Successfully Completed, Status, Successfully Completed, Status, Successfully Completed, Status, Successfully Completed, Status, Successfully Completed, Status, Successfully Completed, Status, Successfully Completed, Status, Successfully Completed, Status, Successfully Completed, Status, Successfully Completed, Status, Successfully Completed, Status, Successfully Completed, Status, Successfully Completed, Status, Successfully Completed, Status, Successfully Completed, Status, Successfully Completed, Status, Successfully Completed, Status, Successfully Completed, Status, Successfully Completed, Status, Successfully Completed, Status, Successfully Completed, Status, Successfully Completed, Status, Successfully Completed, Status, Successfully Completed, Status, Successfully Completed, Status, Successfully Completed, Status, Successfully Completed, Status, Successfully Completed, Status, Successfully Completed, Status, Successfully Completed, Status, Successfully Completed, Status, Successfully Completed, Status, Successfully Completed, Status, Successfully Completed, Status, Successfully Completed, Status, Successfully Completed, Status, Successfully Completed, Status, Successfully Completed, Status, Successfully Completed, Status, Successfully Completed, Status, Successfully Completed, Status, Successfully Completed, Status, Successfully Completed, Status, Successfully Completed, Status, Successfully Completed, Status, Successfully Completed, Status, Successfully Completed, Status, Successfully Completed, Status, Successfully Completed, Status, Successfully Completed, Status, Successfully Completed, Status, Successfully Completed, Status, Successfully Completed, Status, Successfully Completed, Status, Successfully Completed, Status, Successfully Completed, Status, Successfully Completed, Status, Successfully Completed, Status, Successfully Completed, Status, Successfully Completed, Status, Successfully Completed, Status, Successfully Completed, Status, Successfully Completed, Status, Successfully Completed, Status, Successfully Completed, Status, Successfully Completed, Status, Successfully Completed, Status, Successfully Completed, Status, Successfully Completed, Status, Successfully Completed, Status, Successfully Completed, Status, Successfully Completed, Status, Successfully Completed, Status, Successfully Completed, Status, Successfully Completed, Status, Successfully Completed, Status, Successfully Completed, Status, Successfully Completed, Status, Successfully Completed, Status, Successfully Completed, Status, Successfully Completed, Status, Successfully Completed, Status, Successfully Completed, Status, Successfully Completed, Status, Successfully Completed, Status, Successfully Completed, Status, Successfully Completed, Status, Successfully Completed, Status, Successfully Completed, Status, Successfully Completed, Status, Successfully Completed, Status, Successfully Completed, Status, Successfully Completed, Status, Successfully Completed, Status, Successfully Completed, Status, Successfully Completed, Status, Successfully Completed, Status, Successfully Completed, Status, Successfully Completed, Status, Successfully Completed, Status, Successfully Completed, Status, Successfully Completed, Status, Successfully Completed, Status, Successfully Completed, Status, Successfully Completed, Status, Successfully Completed, Status, Successfully Completed, Status, Successfully Completed, Status, Successfully Completed, Status, Successfully Completed, Status, Successfully Completed, Status, Successfully Completed, Status, Successfully Completed, Status, Successfully Completed, Status, Successfully Completed, Status, Successfully Completed, Status, Successfully Completed, Status, Successfully Completed, Status, Successfully Completed, Status, Successfully Completed, Status, Successfully Completed, Status, Successfully Completed, Status, Successfully Completed, Status, Successfully Completed, Status, Successfully Completed, Status, Successfully Completed, Status, Successfully Completed, Status, Successfully Completed, Status, Successfully Completed, Status, Successfully Completed, Status, Successfully Completed, Status, Successfully Completed, Status, Successfully Completed, Status, Successfully Completed, Status, Successfully Completed, Status, Successfully Completed, Status, Successfully Completed, Status, Successfully Completed, Status, Successfully Completed, Status, Successfully Completed, Status, Successfully Completed, Status, Successfully Completed, Status, Successfully Completed, Status, Successfully Completed, Status, Successfully Completed, Status, Successfully Completed, Status, Successfully Completed, Status, Successfully Completed, Status, Successfully Completed, Status, Successfully Completed, Status, Successfully Completed, Status, Successfully Completed, Status, Successfully Completed, Status, Successfully Completed, Status, Successfully Completed, Status, Successfully Completed, Status, Successfully Completed]
[neelback4more@gmail.com, Subho1991*, Status, Successfully Completed, Status, Successfully Completed, Status, Successfully Completed, Status, Successfully Completed, Status, Successfully Completed, Status, Successfully Completed, Status, Successfully Completed, Status, Successfully Completed, Status, Successfully Completed, Status, Successfully Completed, Status, Successfully Completed, Status, Successfully Completed, Status, Successfully Completed, Status, Successfully Completed, Status, Successfully Completed, Status, Successfully Completed, Status, Successfully Completed, Status, Successfully Completed, Status, Successfully Completed, Status, Successfully Completed, Status, Successfully Completed, Status, Successfully Completed, Status, Successfully Completed, Status, Successfully Completed, Status, Successfully Completed, Status, Successfully Completed, Status, Successfully Completed, Status, Successfully Completed, Status, Successfully Completed, Status, Successfully Completed, Status, Successfully Completed, Status, Successfully Completed, Status, Successfully Completed, Status, Successfully Completed, Status, Successfully Completed, Status, Successfully Completed, Status, Successfully Completed, Status, Successfully Completed, Status, Successfully Completed, Status, Successfully Completed, Status, Successfully Completed, Status, Successfully Completed, Status, Successfully Completed, Status, Successfully Completed, Status, Successfully Completed, Status, Successfully Completed, Status, Successfully Completed, Status, Successfully Completed, Status, Successfully Completed, Status, Successfully Completed, Status, Successfully Completed, Status, Successfully Completed, Status, Successfully Completed, Status, Successfully Completed, Status, Successfully Completed, Status, Successfully Completed, Status, Successfully Completed, Status, Successfully Completed, Status, Successfully Completed, Status, Successfully Completed, Status, Successfully Completed, Status, Successfully Completed, Status, Successfully Completed, Status, Successfully Completed, Status, Successfully Completed, Status, Successfully Completed, Status, Successfully Completed, Status, Successfully Completed, Status, Successfully Completed, Status, Successfully Completed, Status, Successfully Completed, Status, Successfully Completed, Status, Successfully Completed, Status, Successfully Completed, Status, Successfully Completed, Status, Successfully Completed, Status, Successfully Completed, Status, Successfully Completed, Status, Successfully Completed, Status, Successfully Completed, Status, Successfully Completed, Status, Successfully Completed, Status, Successfully Completed, Status, Successfully Completed, Status, Successfully Completed, Status, Successfully Completed, Status, Successfully Completed, Status, Successfully Completed, Status, Successfully Completed, Status, Successfully Completed, Status, Successfully Completed, Status, Successfully Completed, Status, Successfully Completed, Status, Successfully Completed, Status, Successfully Completed, Status, Successfully Completed, Status, Successfully Completed, Status, Successfully Completed, Status, Successfully Completed, Status, Successfully Completed, Status, Successfully Completed, Status, Successfully Completed, Status, Successfully Completed, Status, Successfully Completed, Status, Successfully Completed, Status, Successfully Completed, Status, Successfully Completed, Status, Successfully Completed, Status, Successfully Completed, Status, Successfully Completed, Status, Successfully Completed, Status, Successfully Completed, Status, Successfully Completed, Status, Successfully Completed, Status, Successfully Completed, Status, Successfully Completed, Status, Successfully Completed, Status, Successfully Completed, Status, Successfully Completed, Status, Successfully Completed, Status, Successfully Completed, Status, Successfully Completed, Status, Successfully Completed, Status, Successfully Completed, Status, Successfully Completed, Status, Successfully Completed, Status, Successfully Completed, Status, Successfully Completed, Status, Successfully Completed, Status, Successfully Completed, Status, Successfully Completed, Status, Successfully Completed, Status, Successfully Completed, Status, Successfully Completed, Status, Successfully Completed, Status, Successfully Completed, Status, Successfully Completed, Status, Successfully Completed, Status, Successfully Completed, Status, Successfully Completed, Status, Successfully Completed, Status, Successfully Completed, Status, Successfully Completed, Status, Successfully Completed, Status, Successfully Completed, Status, Successfully Completed, Status, Successfully Completed, Status, Successfully Completed, Status, Successfully Completed, Status, Successfully Completed, Status, Successfully Completed, Status, Successfully Completed, Status, Successfully Completed, Status, Successfully Completed, Status, Successfully Completed, Status, Successfully Completed, Status, Successfully Completed, Status, Successfully Completed, Status, Successfully Completed, Status, Successfully Completed, Status, Successfully Completed, Status, Successfully Completed, Status, Successfully Completed, Status, Successfully Completed, Status, Successfully Completed, Status, Successfully Completed, Status, Successfully Completed, Status, Successfully Completed, Status, Successfully Completed, Status, Successfully Completed, Status, Successfully Completed, Status, Successfully Completed, Status, Successfully Completed, Status, Successfully Completed, Status, Successfully Completed, Status, Successfully Completed, Status, Successfully Completed, Status, Successfully Completed, Status, Successfully Completed, Status, Successfully Completed, Status, Successfully Completed, Status, Successfully Completed, Status, Successfully Completed, Status, Successfully Completed, Status, Successfully Completed, Status, Successfully Completed, Status, Successfully Completed, Status, Successfully Completed, Status, Successfully Completed, Status, Successfully Completed, Status, Successfully Completed, Status, Successfully Completed, Status, Successfully Completed, Status, Successfully Completed, Status, Successfully Completed, Status, Successfully Completed, Status, Successfully Completed, Status, Successfully Completed, Status, Successfully Completed, Status, Successfully Completed, Status, Successfully Completed, Status, Successfully Completed, Status, Successfully Completed, Status, Successfully Completed, Status, Successfully Completed, Status, Successfully Completed, Status, Successfully Completed, Status, Successfully Completed, Status, Successfully Completed, Status, Successfully Completed, Status, Successfully Completed, Status, Successfully Completed, Status, Successfully Completed, Status, Successfully Completed, Status, Successfully Completed, Status, Successfully Completed, Status, Successfully Completed, Status, Successfully Completed, Status, Successfully Completed, Status, Successfully Completed, Status, Successfully Completed, Status]
[neelback4more@gmail.com, Subho1991*, Status, Successfully Completed, Status, Successfully Completed, Status, Successfully Completed, Status, Successfully Completed, Status, Successfully Completed, Status, Successfully Completed, Status, Successfully Completed, Status, Successfully Completed, Status, Successfully Completed, Status, Successfully Completed, Status, Successfully Completed, Status, Successfully Completed, Status, Successfully Completed, Status, Successfully Completed, Status, Successfully Completed, Status, Successfully Completed, Status, Successfully Completed, Status, Successfully Completed, Status, Successfully Completed, Status, Successfully Completed, Status, Successfully Completed, Status, Successfully Completed, Status, Successfully Completed, Status, Successfully Completed, Status, Successfully Completed, Status, Successfully Completed, Status, Successfully Completed, Status, Successfully Completed, Status, Successfully Completed, Status, Successfully Completed, Status, Successfully Completed, Status, Successfully Completed, Status, Successfully Completed, Status, Successfully Completed, Status, Successfully Completed, Status, Successfully Completed, Status, Successfully Completed, Status, Successfully Completed, Status, Successfully Completed, Status, Successfully Completed, Status, Successfully Completed, Status, Successfully Completed, Status, Successfully Completed, Status, Successfully Completed, Status, Successfully Completed, Status, Successfully Completed, Status, Successfully Completed, Status, Successfully Completed, Status, Successfully Completed, Status, Successfully Completed, Status, Successfully Completed, Status, Successfully Completed, Status, Successfully Completed, Status, Successfully Completed, Status, Successfully Completed, Status, Successfully Completed, Status, Successfully Completed, Status, Successfully Completed, Status, Successfully Completed, Status, Successfully Completed, Status, Successfully Completed, Status, Successfully Completed, Status, Successfully Completed, Status, Successfully Completed, Status, Successfully Completed, Status, Successfully Completed, Status, Successfully Completed, Status, Successfully Completed, Status, Successfully Completed, Status, Successfully Completed, Status, Successfully Completed, Status, Successfully Completed, Status, Successfully Completed, Status, Successfully Completed, Status, Successfully Completed, Status, Successfully Completed, Status, Successfully Completed, Status, Successfully Completed, Status, Successfully Completed, Status, Successfully Completed, Status, Successfully Completed, Status, Successfully Completed, Status, Successfully Completed, Status, Successfully Completed, Status, Successfully Completed, Status, Successfully Completed, Status, Successfully Completed, Status, Successfully Completed, Status, Successfully Completed, Status, Successfully Completed, Status, Successfully Completed, Status, Successfully Completed, Status, Successfully Completed, Status, Successfully Completed, Status, Successfully Completed, Status, Successfully Completed, Status, Successfully Completed, Status, Successfully Completed, Status, Successfully Completed, Status, Successfully Completed, Status, Successfully Completed, Status, Successfully Completed, Status, Successfully Completed, Status, Successfully Completed, Status, Successfully Completed, Status, Successfully Completed, Status, Successfully Completed, Status, Successfully Completed, Status, Successfully Completed, Status, Successfully Completed, Status, Successfully Completed, Status, Successfully Completed, Status, Successfully Completed, Status, Successfully Completed, Status, Successfully Completed, Status, Successfully Completed, Status, Successfully Completed, Status, Successfully Completed, Status, Successfully Completed, Status, Successfully Completed, Status, Successfully Completed, Status, Successfully Completed, Status, Successfully Completed, Status, Successfully Completed, Status, Successfully Completed, Status, Successfully Completed, Status, Successfully Completed, Status, Successfully Completed, Status, Successfully Completed, Status, Successfully Completed, Status, Successfully Completed, Status, Successfully Completed, Status, Successfully Completed, Status, Successfully Completed, Status, Successfully Completed, Status, Successfully Completed, Status, Successfully Completed, Status, Successfully Completed, Status, Successfully Completed, Status, Successfully Completed, Status, Successfully Completed, Status, Successfully Completed, Status, Successfully Completed, Status, Successfully Completed, Status, Successfully Completed, Status, Successfully Completed, Status, Successfully Completed, Status, Successfully Completed, Status, Successfully Completed, Status, Successfully Completed, Status, Successfully Completed, Status, Successfully Completed, Status, Successfully Completed, Status, Successfully Completed, Status, Successfully Completed, Status, Successfully Completed, Status, Successfully Completed, Status, Successfully Completed, Status, Successfully Completed, Status, Successfully Completed, Status, Successfully Completed, Status, Successfully Completed, Status, Successfully Completed, Status, Successfully Completed, Status, Successfully Completed, Status, Successfully Completed, Status, Successfully Completed, Status, Successfully Completed, Status, Successfully Completed, Status, Successfully Completed, Status, Successfully Completed, Status, Successfully Completed, Status, Successfully Completed, Status, Successfully Completed, Status, Successfully Completed, Status, Successfully Completed, Status, Successfully Completed, Status, Successfully Completed, Status, Successfully Completed, Status, Successfully Completed, Status, Successfully Completed, Status, Successfully Completed, Status, Successfully Completed, Status, Successfully Completed, Status, Successfully Completed, Status, Successfully Completed, Status, Successfully Completed, Status, Successfully Completed, Status, Successfully Completed, Status, Successfully Completed, Status, Successfully Completed, Status, Successfully Completed, Status, Successfully Completed, Status, Successfully Completed, Status, Successfully Completed, Status, Successfully Completed, Status, Successfully Completed, Status, Successfully Completed, Status, Successfully Completed, Status, Successfully Completed, Status, Successfully Completed, Status, Successfully Completed, Status, Successfully Completed, Status, Successfully Completed, Status, Successfully Completed, Status, Successfully Completed, Status, Successfully Completed, Status, Successfully Completed, Status, Successfully Completed, Status, Successfully Completed, Status, Successfully Completed, Status, Successfully Completed, Status, Successfully Completed, Status, Successfully Completed, Status, Successfully Completed, Status, Successfully Completed, Status, Successfully Completed, Status, Successfully Completed, Status, Successfully Completed, Status, Successfully Completed, Status, Successfully Completed, Status, Successfully Completed]
[neelback4more@gmail.com, Subho1991*, Status, Successfully Completed, Status, Successfully Completed, Status, Successfully Completed, Status, Successfully Completed, Status, Successfully Completed, Status, Successfully Completed, Status, Successfully Completed, Status, Successfully Completed, Status, Successfully Completed, Status, Successfully Completed, Status, Successfully Completed, Status, Successfully Completed, Status, Successfully Completed, Status, Successfully Completed, Status, Successfully Completed, Status, Successfully Completed, Status, Successfully Completed, Status, Successfully Completed, Status, Successfully Completed, Status, Successfully Completed, Status, Successfully Completed, Status, Successfully Completed, Status, Successfully Completed, Status, Successfully Completed, Status, Successfully Completed, Status, Successfully Completed, Status, Successfully Completed, Status, Successfully Completed, Status, Successfully Completed, Status, Successfully Completed, Status, Successfully Completed, Status, Successfully Completed, Status, Successfully Completed, Status, Successfully Completed, Status, Successfully Completed, Status, Successfully Completed, Status, Successfully Completed, Status, Successfully Completed, Status, Successfully Completed, Status, Successfully Completed, Status, Successfully Completed, Status, Successfully Completed, Status, Successfully Completed, Status, Successfully Completed, Status, Successfully Completed, Status, Successfully Completed, Status, Successfully Completed, Status, Successfully Completed, Status, Successfully Completed, Status, Successfully Completed, Status, Successfully Completed, Status, Successfully Completed, Status, Successfully Completed, Status, Successfully Completed, Status, Successfully Completed, Status, Successfully Completed, Status, Successfully Completed, Status, Successfully Completed, Status, Successfully Completed, Status, Successfully Completed, Status, Successfully Completed, Status, Successfully Completed, Status, Successfully Completed, Status, Successfully Completed, Status, Successfully Completed, Status, Successfully Completed, Status, Successfully Completed, Status, Successfully Completed, Status, Successfully Completed, Status, Successfully Completed, Status, Successfully Completed, Status, Successfully Completed, Status, Successfully Completed, Status, Successfully Completed, Status, Successfully Completed, Status, Successfully Completed, Status, Successfully Completed, Status, Successfully Completed, Status, Successfully Completed, Status, Successfully Completed, Status, Successfully Completed, Status, Successfully Completed, Status, Successfully Completed, Status, Successfully Completed, Status, Successfully Completed, Status, Successfully Completed, Status, Successfully Completed, Status, Successfully Completed, Status, Successfully Completed, Status, Successfully Completed, Status, Successfully Completed, Status, Successfully Completed, Status, Successfully Completed, Status, Successfully Completed, Status, Successfully Completed, Status, Successfully Completed, Status, Successfully Completed, Status, Successfully Completed, Status, Successfully Completed, Status, Successfully Completed, Status, Successfully Completed, Status, Successfully Completed, Status, Successfully Completed, Status, Successfully Completed, Status, Successfully Completed, Status, Successfully Completed, Status, Successfully Completed, Status, Successfully Completed, Status, Successfully Completed, Status, Successfully Completed, Status, Successfully Completed, Status, Successfully Completed, Status, Successfully Completed, Status, Successfully Completed, Status, Successfully Completed, Status, Successfully Completed, Status, Successfully Completed, Status, Successfully Completed, Status, Successfully Completed, Status, Successfully Completed, Status, Successfully Completed, Status, Successfully Completed, Status, Successfully Completed, Status, Successfully Completed, Status, Successfully Completed, Status, Successfully Completed, Status, Successfully Completed, Status, Successfully Completed, Status, Successfully Completed, Status, Successfully Completed, Status, Successfully Completed, Status, Successfully Completed, Status, Successfully Completed, Status, Successfully Completed, Status, Successfully Completed, Status, Successfully Completed, Status, Successfully Completed, Status, Successfully Completed, Status, Successfully Completed, Status, Successfully Completed, Status, Successfully Completed, Status, Successfully Completed, Status, Successfully Completed, Status, Successfully Completed, Status, Successfully Completed, Status, Successfully Completed, Status, Successfully Completed, Status, Successfully Completed, Status, Successfully Completed, Status, Successfully Completed, Status, Successfully Completed, Status, Successfully Completed, Status, Successfully Completed, Status, Successfully Completed, Status, Successfully Completed, Status, Successfully Completed, Status, Successfully Completed, Status, Successfully Completed, Status, Successfully Completed, Status, Successfully Completed, Status, Successfully Completed, Status, Successfully Completed, Status, Successfully Completed, Status, Successfully Completed, Status, Successfully Completed, Status, Successfully Completed, Status, Successfully Completed, Status, Successfully Completed, Status, Successfully Completed, Status, Successfully Completed, Status, Successfully Completed, Status, Successfully Completed, Status, Successfully Completed, Status, Successfully Completed, Status, Successfully Completed, Status, Successfully Completed, Status, Successfully Completed, Status, Successfully Completed, Status, Successfully Completed, Status, Successfully Completed, Status, Successfully Completed, Status, Successfully Completed, Status, Successfully Completed, Status, Successfully Completed, Status, Successfully Completed, Status, Successfully Completed, Status, Successfully Completed, Status, Successfully Completed, Status, Successfully Completed, Status, Successfully Completed, Status, Successfully Completed, Status, Successfully Completed, Status, Successfully Completed, Status, Successfully Completed, Status, Successfully Completed, Status, Successfully Completed, Status, Successfully Completed, Status, Successfully Completed, Status, Successfully Completed, Status, Successfully Completed, Status, Successfully Completed, Status, Successfully Completed, Status, Successfully Completed, Status, Successfully Completed, Status, Successfully Completed, Status, Successfully Completed, Status, Successfully Completed, Status, Successfully Completed, Status, Successfully Completed, Status, Successfully Completed, Status, Successfully Completed, Status, Successfully Completed, Status, Successfully Completed, Status, Successfully Completed, Status, Successfully Completed, Status, Successfully Completed, Status, Successfully Completed, Status, Successfully Completed, Status, Successfully Completed, Status, Successfully Completed, Status, Successfully Completed, Status, Successfully Completed, Status]
[neelback4more@gmail.com, Subho1991*, Status, Successfully Completed, Status, Successfully Completed, Status, Successfully Completed, Status, Successfully Completed, Status, Successfully Completed, Status, Successfully Completed, Status, Successfully Completed, Status, Successfully Completed, Status, Successfully Completed, Status, Successfully Completed, Status, Successfully Completed, Status, Successfully Completed, Status, Successfully Completed, Status, Successfully Completed, Status, Successfully Completed, Status, Successfully Completed, Status, Successfully Completed, Status, Successfully Completed, Status, Successfully Completed, Status, Successfully Completed, Status, Successfully Completed, Status, Successfully Completed, Status, Successfully Completed, Status, Successfully Completed, Status, Successfully Completed, Status, Successfully Completed, Status, Successfully Completed, Status, Successfully Completed, Status, Successfully Completed, Status, Successfully Completed, Status, Successfully Completed, Status, Successfully Completed, Status, Successfully Completed, Status, Successfully Completed, Status, Successfully Completed, Status, Successfully Completed, Status, Successfully Completed, Status, Successfully Completed, Status, Successfully Completed, Status, Successfully Completed, Status, Successfully Completed, Status, Successfully Completed, Status, Successfully Completed, Status, Successfully Completed, Status, Successfully Completed, Status, Successfully Completed, Status, Successfully Completed, Status, Successfully Completed, Status, Successfully Completed, Status, Successfully Completed, Status, Successfully Completed, Status, Successfully Completed, Status, Successfully Completed, Status, Successfully Completed, Status, Successfully Completed, Status, Successfully Completed, Status, Successfully Completed, Status, Successfully Completed, Status, Successfully Completed, Status, Successfully Completed, Status, Successfully Completed, Status, Successfully Completed, Status, Successfully Completed, Status, Successfully Completed, Status, Successfully Completed, Status, Successfully Completed, Status, Successfully Completed, Status, Successfully Completed, Status, Successfully Completed, Status, Successfully Completed, Status, Successfully Completed, Status, Successfully Completed, Status, Successfully Completed, Status, Successfully Completed, Status, Successfully Completed, Status, Successfully Completed, Status, Successfully Completed, Status, Successfully Completed, Status, Successfully Completed, Status, Successfully Completed, Status, Successfully Completed, Status, Successfully Completed, Status, Successfully Completed, Status, Successfully Completed, Status, Successfully Completed, Status, Successfully Completed, Status, Successfully Completed, Status, Successfully Completed, Status, Successfully Completed, Status, Successfully Completed, Status, Successfully Completed, Status, Successfully Completed, Status, Successfully Completed, Status, Successfully Completed, Status, Successfully Completed, Status, Successfully Completed, Status, Successfully Completed, Status, Successfully Completed, Status, Successfully Completed, Status, Successfully Completed, Status, Successfully Completed, Status, Successfully Completed, Status, Successfully Completed, Status, Successfully Completed, Status, Successfully Completed, Status, Successfully Completed, Status, Successfully Completed, Status, Successfully Completed, Status, Successfully Completed, Status, Successfully Completed, Status, Successfully Completed, Status, Successfully Completed, Status, Successfully Completed, Status, Successfully Completed, Status, Successfully Completed, Status, Successfully Completed, Status, Successfully Completed, Status, Successfully Completed, Status, Successfully Completed, Status, Successfully Completed, Status, Successfully Completed, Status, Successfully Completed, Status, Successfully Completed, Status, Successfully Completed, Status, Successfully Completed, Status, Successfully Completed, Status, Successfully Completed, Status, Successfully Completed, Status, Successfully Completed, Status, Successfully Completed, Status, Successfully Completed, Status, Successfully Completed, Status, Successfully Completed, Status, Successfully Completed, Status, Successfully Completed, Status, Successfully Completed, Status, Successfully Completed, Status, Successfully Completed, Status, Successfully Completed, Status, Successfully Completed, Status, Successfully Completed, Status, Successfully Completed, Status, Successfully Completed, Status, Successfully Completed, Status, Successfully Completed, Status, Successfully Completed, Status, Successfully Completed, Status, Successfully Completed, Status, Successfully Completed, Status, Successfully Completed, Status, Successfully Completed, Status, Successfully Completed, Status, Successfully Completed, Status, Successfully Completed, Status, Successfully Completed, Status, Successfully Completed, Status, Successfully Completed, Status, Successfully Completed, Status, Successfully Completed, Status, Successfully Completed, Status, Successfully Completed, Status, Successfully Completed, Status, Successfully Completed, Status, Successfully Completed, Status, Successfully Completed, Status, Successfully Completed, Status, Successfully Completed, Status, Successfully Completed, Status, Successfully Completed, Status, Successfully Completed, Status, Successfully Completed, Status, Successfully Completed, Status, Successfully Completed, Status, Successfully Completed, Status, Successfully Completed, Status, Successfully Completed, Status, Successfully Completed, Status, Successfully Completed, Status, Successfully Completed, Status, Successfully Completed, Status, Successfully Completed, Status, Successfully Completed, Status, Successfully Completed, Status, Successfully Completed, Status, Successfully Completed, Status, Successfully Completed, Status, Successfully Completed, Status, Successfully Completed, Status, Successfully Completed, Status, Successfully Completed, Status, Successfully Completed, Status, Successfully Completed, Status, Successfully Completed, Status, Successfully Completed, Status, Successfully Completed, Status, Successfully Completed, Status, Successfully Completed, Status, Successfully Completed, Status, Successfully Completed, Status, Successfully Completed, Status, Successfully Completed, Status, Successfully Completed, Status, Successfully Completed, Status, Successfully Completed, Status, Successfully Completed, Status, Successfully Completed, Status, Successfully Completed, Status, Successfully Completed, Status, Successfully Completed, Status, Successfully Completed, Status, Successfully Completed, Status, Successfully Completed, Status, Successfully Completed, Status, Successfully Completed, Status, Successfully Completed, Status, Successfully Completed, Status, Successfully Completed, Status, Successfully Completed, Status, Successfully Completed, Status, Successfully Completed, Status, Successfully Completed, Status, Successfully Completed, Status, Successfully Completed]
[neelback4more@gmail.com, Subho1991*, Status, Successfully Completed, Status, Successfully Completed, Status, Successfully Completed, Status, Successfully Completed, Status, Successfully Completed, Status, Successfully Completed, Status, Successfully Completed, Status, Successfully Completed, Status, Successfully Completed, Status, Successfully Completed, Status, Successfully Completed, Status, Successfully Completed, Status, Successfully Completed, Status, Successfully Completed, Status, Successfully Completed, Status, Successfully Completed, Status, Successfully Completed, Status, Successfully Completed, Status, Successfully Completed, Status, Successfully Completed, Status, Successfully Completed, Status, Successfully Completed, Status, Successfully Completed, Status, Successfully Completed, Status, Successfully Completed, Status, Successfully Completed, Status, Successfully Completed, Status, Successfully Completed, Status, Successfully Completed, Status, Successfully Completed, Status, Successfully Completed, Status, Successfully Completed, Status, Successfully Completed, Status, Successfully Completed, Status, Successfully Completed, Status, Successfully Completed, Status, Successfully Completed, Status, Successfully Completed, Status, Successfully Completed, Status, Successfully Completed, Status, Successfully Completed, Status, Successfully Completed, Status, Successfully Completed, Status, Successfully Completed, Status, Successfully Completed, Status, Successfully Completed, Status, Successfully Completed, Status, Successfully Completed, Status, Successfully Completed, Status, Successfully Completed, Status, Successfully Completed, Status, Successfully Completed, Status, Successfully Completed, Status, Successfully Completed, Status, Successfully Completed, Status, Successfully Completed, Status, Successfully Completed, Status, Successfully Completed, Status, Successfully Completed, Status, Successfully Completed, Status, Successfully Completed, Status, Successfully Completed, Status, Successfully Completed, Status, Successfully Completed, Status, Successfully Completed, Status, Successfully Completed, Status, Successfully Completed, Status, Successfully Completed, Status, Successfully Completed, Status, Successfully Completed, Status, Successfully Completed, Status, Successfully Completed, Status, Successfully Completed, Status, Successfully Completed, Status, Successfully Completed, Status, Successfully Completed, Status, Successfully Completed, Status, Successfully Completed, Status, Successfully Completed, Status, Successfully Completed, Status, Successfully Completed, Status, Successfully Completed, Status, Successfully Completed, Status, Successfully Completed, Status, Successfully Completed, Status, Successfully Completed, Status, Successfully Completed, Status, Successfully Completed, Status, Successfully Completed, Status, Successfully Completed, Status, Successfully Completed, Status, Successfully Completed, Status, Successfully Completed, Status, Successfully Completed, Status, Successfully Completed, Status, Successfully Completed, Status, Successfully Completed, Status, Successfully Completed, Status, Successfully Completed, Status, Successfully Completed, Status, Successfully Completed, Status, Successfully Completed, Status, Successfully Completed, Status, Successfully Completed, Status, Successfully Completed, Status, Successfully Completed, Status, Successfully Completed, Status, Successfully Completed, Status, Successfully Completed, Status, Successfully Completed, Status, Successfully Completed, Status, Successfully Completed, Status, Successfully Completed, Status, Successfully Completed, Status, Successfully Completed, Status, Successfully Completed, Status, Successfully Completed, Status, Successfully Completed, Status, Successfully Completed, Status, Successfully Completed, Status, Successfully Completed, Status, Successfully Completed, Status, Successfully Completed, Status, Successfully Completed, Status, Successfully Completed, Status, Successfully Completed, Status, Successfully Completed, Status, Successfully Completed, Status, Successfully Completed, Status, Successfully Completed, Status, Successfully Completed, Status, Successfully Completed, Status, Successfully Completed, Status, Successfully Completed, Status, Successfully Completed, Status, Successfully Completed, Status, Successfully Completed, Status, Successfully Completed, Status, Successfully Completed, Status, Successfully Completed, Status, Successfully Completed, Status, Successfully Completed, Status, Successfully Completed, Status, Successfully Completed, Status, Successfully Completed, Status, Successfully Completed, Status, Successfully Completed, Status, Successfully Completed, Status, Successfully Completed, Status, Successfully Completed, Status, Successfully Completed, Status, Successfully Completed, Status, Successfully Completed, Status, Successfully Completed, Status, Successfully Completed, Status, Successfully Completed, Status, Successfully Completed, Status, Successfully Completed, Status, Successfully Completed, Status, Successfully Completed, Status, Successfully Completed, Status, Successfully Completed, Status, Successfully Completed, Status, Successfully Completed, Status, Successfully Completed, Status, Successfully Completed, Status, Successfully Completed, Status, Successfully Completed, Status, Successfully Completed, Status, Successfully Completed, Status, Successfully Completed, Status, Successfully Completed, Status, Successfully Completed, Status, Successfully Completed, Status, Successfully Completed, Status, Successfully Completed, Status, Successfully Completed, Status, Successfully Completed, Status, Successfully Completed, Status, Successfully Completed, Status, Successfully Completed, Status, Successfully Completed, Status, Successfully Completed, Status, Successfully Completed, Status, Successfully Completed, Status, Successfully Completed, Status, Successfully Completed, Status, Successfully Completed, Status, Successfully Completed, Status, Successfully Completed, Status, Successfully Completed, Status, Successfully Completed, Status, Successfully Completed, Status, Successfully Completed, Status, Successfully Completed, Status, Successfully Completed, Status, Successfully Completed, Status, Successfully Completed, Status, Successfully Completed, Status, Successfully Completed, Status, Successfully Completed, Status, Successfully Completed, Status, Successfully Completed, Status, Successfully Completed, Status, Successfully Completed, Status, Successfully Completed, Status, Successfully Completed, Status, Successfully Completed, Status, Successfully Completed, Status, Successfully Completed, Status, Successfully Completed, Status, Successfully Completed, Status, Successfully Completed, Status, Successfully Completed, Status, Successfully Completed, Status, Successfully Completed, Status, Successfully Completed, Status, Successfully Completed, Status, Successfully Completed, Status, Successfully Completed, Status, Successfully Completed, Status, Successfully Completed, Status, Successfully Completed, Status]
[neelback4more@gmail.com, Subho1991*, Status, Successfully Completed, Status, Successfully Completed, Status, Successfully Completed, Status, Successfully Completed, Status, Successfully Completed, Status, Successfully Completed, Status, Successfully Completed, Status, Successfully Completed, Status, Successfully Completed, Status, Successfully Completed, Status, Successfully Completed, Status, Successfully Completed, Status, Successfully Completed, Status, Successfully Completed, Status, Successfully Completed, Status, Successfully Completed, Status, Successfully Completed, Status, Successfully Completed, Status, Successfully Completed, Status, Successfully Completed, Status, Successfully Completed, Status, Successfully Completed, Status, Successfully Completed, Status, Successfully Completed, Status, Successfully Completed, Status, Successfully Completed, Status, Successfully Completed, Status, Successfully Completed, Status, Successfully Completed, Status, Successfully Completed, Status, Successfully Completed, Status, Successfully Completed, Status, Successfully Completed, Status, Successfully Completed, Status, Successfully Completed, Status, Successfully Completed, Status, Successfully Completed, Status, Successfully Completed, Status, Successfully Completed, Status, Successfully Completed, Status, Successfully Completed, Status, Successfully Completed, Status, Successfully Completed, Status, Successfully Completed, Status, Successfully Completed, Status, Successfully Completed, Status, Successfully Completed, Status, Successfully Completed, Status, Successfully Completed, Status, Successfully Completed, Status, Successfully Completed, Status, Successfully Completed, Status, Successfully Completed, Status, Successfully Completed, Status, Successfully Completed, Status, Successfully Completed, Status, Successfully Completed, Status, Successfully Completed, Status, Successfully Completed, Status, Successfully Completed, Status, Successfully Completed, Status, Successfully Completed, Status, Successfully Completed, Status, Successfully Completed, Status, Successfully Completed, Status, Successfully Completed, Status, Successfully Completed, Status, Successfully Completed, Status, Successfully Completed, Status, Successfully Completed, Status, Successfully Completed, Status, Successfully Completed, Status, Successfully Completed, Status, Successfully Completed, Status, Successfully Completed, Status, Successfully Completed, Status, Successfully Completed, Status, Successfully Completed, Status, Successfully Completed, Status, Successfully Completed, Status, Successfully Completed, Status, Successfully Completed, Status, Successfully Completed, Status, Successfully Completed, Status, Successfully Completed, Status, Successfully Completed, Status, Successfully Completed, Status, Successfully Completed, Status, Successfully Completed, Status, Successfully Completed, Status, Successfully Completed, Status, Successfully Completed, Status, Successfully Completed, Status, Successfully Completed, Status, Successfully Completed, Status, Successfully Completed, Status, Successfully Completed, Status, Successfully Completed, Status, Successfully Completed, Status, Successfully Completed, Status, Successfully Completed, Status, Successfully Completed, Status, Successfully Completed, Status, Successfully Completed, Status, Successfully Completed, Status, Successfully Completed, Status, Successfully Completed, Status, Successfully Completed, Status, Successfully Completed, Status, Successfully Completed, Status, Successfully Completed, Status, Successfully Completed, Status, Successfully Completed, Status, Successfully Completed, Status, Successfully Completed, Status, Successfully Completed, Status, Successfully Completed, Status, Successfully Completed, Status, Successfully Completed, Status, Successfully Completed, Status, Successfully Completed, Status, Successfully Completed, Status, Successfully Completed, Status, Successfully Completed, Status, Successfully Completed, Status, Successfully Completed, Status, Successfully Completed, Status, Successfully Completed, Status, Successfully Completed, Status, Successfully Completed, Status, Successfully Completed, Status, Successfully Completed, Status, Successfully Completed, Status, Successfully Completed, Status, Successfully Completed, Status, Successfully Completed, Status, Successfully Completed, Status, Successfully Completed, Status, Successfully Completed, Status, Successfully Completed, Status, Successfully Completed, Status, Successfully Completed, Status, Successfully Completed, Status, Successfully Completed, Status, Successfully Completed, Status, Successfully Completed, Status, Successfully Completed, Status, Successfully Completed, Status, Successfully Completed, Status, Successfully Completed, Status, Successfully Completed, Status, Successfully Completed, Status, Successfully Completed, Status, Successfully Completed, Status, Successfully Completed, Status, Successfully Completed, Status, Successfully Completed, Status, Successfully Completed, Status, Successfully Completed, Status, Successfully Completed, Status, Successfully Completed, Status, Successfully Completed, Status, Successfully Completed, Status, Successfully Completed, Status, Successfully Completed, Status, Successfully Completed, Status, Successfully Completed, Status, Successfully Completed, Status, Successfully Completed, Status, Successfully Completed, Status, Successfully Completed, Status, Successfully Completed, Status, Successfully Completed, Status, Successfully Completed, Status, Successfully Completed, Status, Successfully Completed, Status, Successfully Completed, Status, Successfully Completed, Status, Successfully Completed, Status, Successfully Completed, Status, Successfully Completed, Status, Successfully Completed, Status, Successfully Completed, Status, Successfully Completed, Status, Successfully Completed, Status, Successfully Completed, Status, Successfully Completed, Status, Successfully Completed, Status, Successfully Completed, Status, Successfully Completed, Status, Successfully Completed, Status, Successfully Completed, Status, Successfully Completed, Status, Successfully Completed, Status, Successfully Completed, Status, Successfully Completed, Status, Successfully Completed, Status, Successfully Completed, Status, Successfully Completed, Status, Successfully Completed, Status, Successfully Completed, Status, Successfully Completed, Status, Successfully Completed, Status, Successfully Completed, Status, Successfully Completed, Status, Successfully Completed, Status, Successfully Completed, Status, Successfully Completed, Status, Successfully Completed, Status, Successfully Completed, Status, Successfully Completed, Status, Successfully Completed, Status, Successfully Completed, Status, Successfully Completed, Status, Successfully Completed, Status, Successfully Completed, Status, Successfully Completed, Status, Successfully Completed, Status, Successfully Completed, Status, Successfully Completed, Status, Successfully Completed, Status, Successfully Completed, Status, Successfully Completed, Status, Successfully Completed]
[neelback4more@gmail.com, Subho1991*, Status, Successfully Completed, Status, Successfully Completed, Status, Successfully Completed, Status, Successfully Completed, Status, Successfully Completed, Status, Successfully Completed, Status, Successfully Completed, Status, Successfully Completed, Status, Successfully Completed, Status, Successfully Completed, Status, Successfully Completed, Status, Successfully Completed, Status, Successfully Completed, Status, Successfully Completed, Status, Successfully Completed, Status, Successfully Completed, Status, Successfully Completed, Status, Successfully Completed, Status, Successfully Completed, Status, Successfully Completed, Status, Successfully Completed, Status, Successfully Completed, Status, Successfully Completed, Status, Successfully Completed, Status, Successfully Completed, Status, Successfully Completed, Status, Successfully Completed, Status, Successfully Completed, Status, Successfully Completed, Status, Successfully Completed, Status, Successfully Completed, Status, Successfully Completed, Status, Successfully Completed, Status, Successfully Completed, Status, Successfully Completed, Status, Successfully Completed, Status, Successfully Completed, Status, Successfully Completed, Status, Successfully Completed, Status, Successfully Completed, Status, Successfully Completed, Status, Successfully Completed, Status, Successfully Completed, Status, Successfully Completed, Status, Successfully Completed, Status, Successfully Completed, Status, Successfully Completed, Status, Successfully Completed, Status, Successfully Completed, Status, Successfully Completed, Status, Successfully Completed, Status, Successfully Completed, Status, Successfully Completed, Status, Successfully Completed, Status, Successfully Completed, Status, Successfully Completed, Status, Successfully Completed, Status, Successfully Completed, Status, Successfully Completed, Status, Successfully Completed, Status, Successfully Completed, Status, Successfully Completed, Status, Successfully Completed, Status, Successfully Completed, Status, Successfully Completed, Status, Successfully Completed, Status, Successfully Completed, Status, Successfully Completed, Status, Successfully Completed, Status, Successfully Completed, Status, Successfully Completed, Status, Successfully Completed, Status, Successfully Completed, Status, Successfully Completed, Status, Successfully Completed, Status, Successfully Completed, Status, Successfully Completed, Status, Successfully Completed, Status, Successfully Completed, Status, Successfully Completed, Status, Successfully Completed, Status, Successfully Completed, Status, Successfully Completed, Status, Successfully Completed, Status, Successfully Completed, Status, Successfully Completed, Status, Successfully Completed, Status, Successfully Completed, Status, Successfully Completed, Status, Successfully Completed, Status, Successfully Completed, Status, Successfully Completed, Status, Successfully Completed, Status, Successfully Completed, Status, Successfully Completed, Status, Successfully Completed, Status, Successfully Completed, Status, Successfully Completed, Status, Successfully Completed, Status, Successfully Completed, Status, Successfully Completed, Status, Successfully Completed, Status, Successfully Completed, Status, Successfully Completed, Status, Successfully Completed, Status, Successfully Completed, Status, Successfully Completed, Status, Successfully Completed, Status, Successfully Completed, Status, Successfully Completed, Status, Successfully Completed, Status, Successfully Completed, Status, Successfully Completed, Status, Successfully Completed, Status, Successfully Completed, Status, Successfully Completed, Status, Successfully Completed, Status, Successfully Completed, Status, Successfully Completed, Status, Successfully Completed, Status, Successfully Completed, Status, Successfully Completed, Status, Successfully Completed, Status, Successfully Completed, Status, Successfully Completed, Status, Successfully Completed, Status, Successfully Completed, Status, Successfully Completed, Status, Successfully Completed, Status, Successfully Completed, Status, Successfully Completed, Status, Successfully Completed, Status, Successfully Completed, Status, Successfully Completed, Status, Successfully Completed, Status, Successfully Completed, Status, Successfully Completed, Status, Successfully Completed, Status, Successfully Completed, Status, Successfully Completed, Status, Successfully Completed, Status, Successfully Completed, Status, Successfully Completed, Status, Successfully Completed, Status, Successfully Completed, Status, Successfully Completed, Status, Successfully Completed, Status, Successfully Completed, Status, Successfully Completed, Status, Successfully Completed, Status, Successfully Completed, Status, Successfully Completed, Status, Successfully Completed, Status, Successfully Completed, Status, Successfully Completed, Status, Successfully Completed, Status, Successfully Completed, Status, Successfully Completed, Status, Successfully Completed, Status, Successfully Completed, Status, Successfully Completed, Status, Successfully Completed, Status, Successfully Completed, Status, Successfully Completed, Status, Successfully Completed, Status, Successfully Completed, Status, Successfully Completed, Status, Successfully Completed, Status, Successfully Completed, Status, Successfully Completed, Status, Successfully Completed, Status, Successfully Completed, Status, Successfully Completed, Status, Successfully Completed, Status, Successfully Completed, Status, Successfully Completed, Status, Successfully Completed, Status, Successfully Completed, Status, Successfully Completed, Status, Successfully Completed, Status, Successfully Completed, Status, Successfully Completed, Status, Successfully Completed, Status, Successfully Completed, Status, Successfully Completed, Status, Successfully Completed, Status, Successfully Completed, Status, Successfully Completed, Status, Successfully Completed, Status, Successfully Completed, Status, Successfully Completed, Status, Successfully Completed, Status, Successfully Completed, Status, Successfully Completed, Status, Successfully Completed, Status, Successfully Completed, Status, Successfully Completed, Status, Successfully Completed, Status, Successfully Completed, Status, Successfully Completed, Status, Successfully Completed, Status, Successfully Completed, Status, Successfully Completed, Status, Successfully Completed, Status, Successfully Completed, Status, Successfully Completed, Status, Successfully Completed, Status, Successfully Completed, Status, Successfully Completed, Status, Successfully Completed, Status, Successfully Completed, Status, Successfully Completed, Status, Successfully Completed, Status, Successfully Completed, Status, Successfully Completed, Status, Successfully Completed, Status, Successfully Completed, Status, Successfully Completed, Status, Successfully Completed, Status, Successfully Completed, Status, Successfully Completed, Status, Successfully Completed, Status, Successfully Completed, Status, Successfully Completed, Status]
[neelback4more@gmail.com, Subho1991*, Status, Successfully Completed, Status, Successfully Completed, Status, Successfully Completed, Status, Successfully Completed, Status, Successfully Completed, Status, Successfully Completed, Status, Successfully Completed, Status, Successfully Completed, Status, Successfully Completed, Status, Successfully Completed, Status, Successfully Completed, Status, Successfully Completed, Status, Successfully Completed, Status, Successfully Completed, Status, Successfully Completed, Status, Successfully Completed, Status, Successfully Completed, Status, Successfully Completed, Status, Successfully Completed, Status, Successfully Completed, Status, Successfully Completed, Status, Successfully Completed, Status, Successfully Completed, Status, Successfully Completed, Status, Successfully Completed, Status, Successfully Completed, Status, Successfully Completed, Status, Successfully Completed, Status, Successfully Completed, Status, Successfully Completed, Status, Successfully Completed, Status, Successfully Completed, Status, Successfully Completed, Status, Successfully Completed, Status, Successfully Completed, Status, Successfully Completed, Status, Successfully Completed, Status, Successfully Completed, Status, Successfully Completed, Status, Successfully Completed, Status, Successfully Completed, Status, Successfully Completed, Status, Successfully Completed, Status, Successfully Completed, Status, Successfully Completed, Status, Successfully Completed, Status, Successfully Completed, Status, Successfully Completed, Status, Successfully Completed, Status, Successfully Completed, Status, Successfully Completed, Status, Successfully Completed, Status, Successfully Completed, Status, Successfully Completed, Status, Successfully Completed, Status, Successfully Completed, Status, Successfully Completed, Status, Successfully Completed, Status, Successfully Completed, Status, Successfully Completed, Status, Successfully Completed, Status, Successfully Completed, Status, Successfully Completed, Status, Successfully Completed, Status, Successfully Completed, Status, Successfully Completed, Status, Successfully Completed, Status, Successfully Completed, Status, Successfully Completed, Status, Successfully Completed, Status, Successfully Completed, Status, Successfully Completed, Status, Successfully Completed, Status, Successfully Completed, Status, Successfully Completed, Status, Successfully Completed, Status, Successfully Completed, Status, Successfully Completed, Status, Successfully Completed, Status, Successfully Completed, Status, Successfully Completed, Status, Successfully Completed, Status, Successfully Completed, Status, Successfully Completed, Status, Successfully Completed, Status, Successfully Completed, Status, Successfully Completed, Status, Successfully Completed, Status, Successfully Completed, Status, Successfully Completed, Status, Successfully Completed, Status, Successfully Completed, Status, Successfully Completed, Status, Successfully Completed, Status, Successfully Completed, Status, Successfully Completed, Status, Successfully Completed, Status, Successfully Completed, Status, Successfully Completed, Status, Successfully Completed, Status, Successfully Completed, Status, Successfully Completed, Status, Successfully Completed, Status, Successfully Completed, Status, Successfully Completed, Status, Successfully Completed, Status, Successfully Completed, Status, Successfully Completed, Status, Successfully Completed, Status, Successfully Completed, Status, Successfully Completed, Status, Successfully Completed, Status, Successfully Completed, Status, Successfully Completed, Status, Successfully Completed, Status, Successfully Completed, Status, Successfully Completed, Status, Successfully Completed, Status, Successfully Completed, Status, Successfully Completed, Status, Successfully Completed, Status, Successfully Completed, Status, Successfully Completed, Status, Successfully Completed, Status, Successfully Completed, Status, Successfully Completed, Status, Successfully Completed, Status, Successfully Completed, Status, Successfully Completed, Status, Successfully Completed, Status, Successfully Completed, Status, Successfully Completed, Status, Successfully Completed, Status, Successfully Completed, Status, Successfully Completed, Status, Successfully Completed, Status, Successfully Completed, Status, Successfully Completed, Status, Successfully Completed, Status, Successfully Completed, Status, Successfully Completed, Status, Successfully Completed, Status, Successfully Completed, Status, Successfully Completed, Status, Successfully Completed, Status, Successfully Completed, Status, Successfully Completed, Status, Successfully Completed, Status, Successfully Completed, Status, Successfully Completed, Status, Successfully Completed, Status, Successfully Completed, Status, Successfully Completed, Status, Successfully Completed, Status, Successfully Completed, Status, Successfully Completed, Status, Successfully Completed, Status, Successfully Completed, Status, Successfully Completed, Status, Successfully Completed, Status, Successfully Completed, Status, Successfully Completed, Status, Successfully Completed, Status, Successfully Completed, Status, Successfully Completed, Status, Successfully Completed, Status, Successfully Completed, Status, Successfully Completed, Status, Successfully Completed, Status, Successfully Completed, Status, Successfully Completed, Status, Successfully Completed, Status, Successfully Completed, Status, Successfully Completed, Status, Successfully Completed, Status, Successfully Completed, Status, Successfully Completed, Status, Successfully Completed, Status, Successfully Completed, Status, Successfully Completed, Status, Successfully Completed, Status, Successfully Completed, Status, Successfully Completed, Status, Successfully Completed, Status, Successfully Completed, Status, Successfully Completed, Status, Successfully Completed, Status, Successfully Completed, Status, Successfully Completed, Status, Successfully Completed, Status, Successfully Completed, Status, Successfully Completed, Status, Successfully Completed, Status, Successfully Completed, Status, Successfully Completed, Status, Successfully Completed, Status, Successfully Completed, Status, Successfully Completed, Status, Successfully Completed, Status, Successfully Completed, Status, Successfully Completed, Status, Successfully Completed, Status, Successfully Completed, Status, Successfully Completed, Status, Successfully Completed, Status, Successfully Completed, Status, Successfully Completed, Status, Successfully Completed, Status, Successfully Completed, Status, Successfully Completed, Status, Successfully Completed, Status, Successfully Completed, Status, Successfully Completed, Status, Successfully Completed, Status, Successfully Completed, Status, Successfully Completed, Status, Successfully Completed, Status, Successfully Completed, Status, Successfully Completed, Status, Successfully Completed, Status, Successfully Completed, Status, Successfully Completed, Status, Successfully Completed, Status, Successfully Completed, Status, Successfully Completed]
[neelback4more@gmail.com, Subho1991*, Status, Successfully Completed, Status, Successfully Completed, Status, Successfully Completed, Status, Successfully Completed, Status, Successfully Completed, Status, Successfully Completed, Status, Successfully Completed, Status, Successfully Completed, Status, Successfully Completed, Status, Successfully Completed, Status, Successfully Completed, Status, Successfully Completed, Status, Successfully Completed, Status, Successfully Completed, Status, Successfully Completed, Status, Successfully Completed, Status, Successfully Completed, Status, Successfully Completed, Status, Successfully Completed, Status, Successfully Completed, Status, Successfully Completed, Status, Successfully Completed, Status, Successfully Completed, Status, Successfully Completed, Status, Successfully Completed, Status, Successfully Completed, Status, Successfully Completed, Status, Successfully Completed, Status, Successfully Completed, Status, Successfully Completed, Status, Successfully Completed, Status, Successfully Completed, Status, Successfully Completed, Status, Successfully Completed, Status, Successfully Completed, Status, Successfully Completed, Status, Successfully Completed, Status, Successfully Completed, Status, Successfully Completed, Status, Successfully Completed, Status, Successfully Completed, Status, Successfully Completed, Status, Successfully Completed, Status, Successfully Completed, Status, Successfully Completed, Status, Successfully Completed, Status, Successfully Completed, Status, Successfully Completed, Status, Successfully Completed, Status, Successfully Completed, Status, Successfully Completed, Status, Successfully Completed, Status, Successfully Completed, Status, Successfully Completed, Status, Successfully Completed, Status, Successfully Completed, Status, Successfully Completed, Status, Successfully Completed, Status, Successfully Completed, Status, Successfully Completed, Status, Successfully Completed, Status, Successfully Completed, Status, Successfully Completed, Status, Successfully Completed, Status, Successfully Completed, Status, Successfully Completed, Status, Successfully Completed, Status, Successfully Completed, Status, Successfully Completed, Status, Successfully Completed, Status, Successfully Completed, Status, Successfully Completed, Status, Successfully Completed, Status, Successfully Completed, Status, Successfully Completed, Status, Successfully Completed, Status, Successfully Completed, Status, Successfully Completed, Status, Successfully Completed, Status, Successfully Completed, Status, Successfully Completed, Status, Successfully Completed, Status, Successfully Completed, Status, Successfully Completed, Status, Successfully Completed, Status, Successfully Completed, Status, Successfully Completed, Status, Successfully Completed, Status, Successfully Completed, Status, Successfully Completed, Status, Successfully Completed, Status, Successfully Completed, Status, Successfully Completed, Status, Successfully Completed, Status, Successfully Completed, Status, Successfully Completed, Status, Successfully Completed, Status, Successfully Completed, Status, Successfully Completed, Status, Successfully Completed, Status, Successfully Completed, Status, Successfully Completed, Status, Successfully Completed, Status, Successfully Completed, Status, Successfully Completed, Status, Successfully Completed, Status, Successfully Completed, Status, Successfully Completed, Status, Successfully Completed, Status, Successfully Completed, Status, Successfully Completed, Status, Successfully Completed, Status, Successfully Completed, Status, Successfully Completed, Status, Successfully Completed, Status, Successfully Completed, Status, Successfully Completed, Status, Successfully Completed, Status, Successfully Completed, Status, Successfully Completed, Status, Successfully Completed, Status, Successfully Completed, Status, Successfully Completed, Status, Successfully Completed, Status, Successfully Completed, Status, Successfully Completed, Status, Successfully Completed, Status, Successfully Completed, Status, Successfully Completed, Status, Successfully Completed, Status, Successfully Completed, Status, Successfully Completed, Status, Successfully Completed, Status, Successfully Completed, Status, Successfully Completed, Status, Successfully Completed, Status, Successfully Completed, Status, Successfully Completed, Status, Successfully Completed, Status, Successfully Completed, Status, Successfully Completed, Status, Successfully Completed, Status, Successfully Completed, Status, Successfully Completed, Status, Successfully Completed, Status, Successfully Completed, Status, Successfully Completed, Status, Successfully Completed, Status, Successfully Completed, Status, Successfully Completed, Status, Successfully Completed, Status, Successfully Completed, Status, Successfully Completed, Status, Successfully Completed, Status, Successfully Completed, Status, Successfully Completed, Status, Successfully Completed, Status, Successfully Completed, Status, Successfully Completed, Status, Successfully Completed, Status, Successfully Completed, Status, Successfully Completed, Status, Successfully Completed, Status, Successfully Completed, Status, Successfully Completed, Status, Successfully Completed, Status, Successfully Completed, Status, Successfully Completed, Status, Successfully Completed, Status, Successfully Completed, Status, Successfully Completed, Status, Successfully Completed, Status, Successfully Completed, Status, Successfully Completed, Status, Successfully Completed, Status, Successfully Completed, Status, Successfully Completed, Status, Successfully Completed, Status, Successfully Completed, Status, Successfully Completed, Status, Successfully Completed, Status, Successfully Completed, Status, Successfully Completed, Status, Successfully Completed, Status, Successfully Completed, Status, Successfully Completed, Status, Successfully Completed, Status, Successfully Completed, Status, Successfully Completed, Status, Successfully Completed, Status, Successfully Completed, Status, Successfully Completed, Status, Successfully Completed, Status, Successfully Completed, Status, Successfully Completed, Status, Successfully Completed, Status, Successfully Completed, Status, Successfully Completed, Status, Successfully Completed, Status, Successfully Completed, Status, Successfully Completed, Status, Successfully Completed, Status, Successfully Completed, Status, Successfully Completed, Status, Successfully Completed, Status, Successfully Completed, Status, Successfully Completed, Status, Successfully Completed, Status, Successfully Completed, Status, Successfully Completed, Status, Successfully Completed, Status, Successfully Completed, Status, Successfully Completed, Status, Successfully Completed, Status, Successfully Completed, Status, Successfully Completed, Status, Successfully Completed, Status, Successfully Completed, Status, Successfully Completed, Status, Successfully Completed, Status, Successfully Completed, Status, Successfully Completed, Status, Successfully Completed, Status, Successfully Completed, Status, Successfully Completed, Status]
[neelback4more@gmail.com, Subho1991*, Status, Successfully Completed, Status, Successfully Completed, Status, Successfully Completed, Status, Successfully Completed, Status, Successfully Completed, Status, Successfully Completed, Status, Successfully Completed, Status, Successfully Completed, Status, Successfully Completed, Status, Successfully Completed, Status, Successfully Completed, Status, Successfully Completed, Status, Successfully Completed, Status, Successfully Completed, Status, Successfully Completed, Status, Successfully Completed, Status, Successfully Completed, Status, Successfully Completed, Status, Successfully Completed, Status, Successfully Completed, Status, Successfully Completed, Status, Successfully Completed, Status, Successfully Completed, Status, Successfully Completed, Status, Successfully Completed, Status, Successfully Completed, Status, Successfully Completed, Status, Successfully Completed, Status, Successfully Completed, Status, Successfully Completed, Status, Successfully Completed, Status, Successfully Completed, Status, Successfully Completed, Status, Successfully Completed, Status, Successfully Completed, Status, Successfully Completed, Status, Successfully Completed, Status, Successfully Completed, Status, Successfully Completed, Status, Successfully Completed, Status, Successfully Completed, Status, Successfully Completed, Status, Successfully Completed, Status, Successfully Completed, Status, Successfully Completed, Status, Successfully Completed, Status, Successfully Completed, Status, Successfully Completed, Status, Successfully Completed, Status, Successfully Completed, Status, Successfully Completed, Status, Successfully Completed, Status, Successfully Completed, Status, Successfully Completed, Status, Successfully Completed, Status, Successfully Completed, Status, Successfully Completed, Status, Successfully Completed, Status, Successfully Completed, Status, Successfully Completed, Status, Successfully Completed, Status, Successfully Completed, Status, Successfully Completed, Status, Successfully Completed, Status, Successfully Completed, Status, Successfully Completed, Status, Successfully Completed, Status, Successfully Completed, Status, Successfully Completed, Status, Successfully Completed, Status, Successfully Completed, Status, Successfully Completed, Status, Successfully Completed, Status, Successfully Completed, Status, Successfully Completed, Status, Successfully Completed, Status, Successfully Completed, Status, Successfully Completed, Status, Successfully Completed, Status, Successfully Completed, Status, Successfully Completed, Status, Successfully Completed, Status, Successfully Completed, Status, Successfully Completed, Status, Successfully Completed, Status, Successfully Completed, Status, Successfully Completed, Status, Successfully Completed, Status, Successfully Completed, Status, Successfully Completed, Status, Successfully Completed, Status, Successfully Completed, Status, Successfully Completed, Status, Successfully Completed, Status, Successfully Completed, Status, Successfully Completed, Status, Successfully Completed, Status, Successfully Completed, Status, Successfully Completed, Status, Successfully Completed, Status, Successfully Completed, Status, Successfully Completed, Status, Successfully Completed, Status, Successfully Completed, Status, Successfully Completed, Status, Successfully Completed, Status, Successfully Completed, Status, Successfully Completed, Status, Successfully Completed, Status, Successfully Completed, Status, Successfully Completed, Status, Successfully Completed, Status, Successfully Completed, Status, Successfully Completed, Status, Successfully Completed, Status, Successfully Completed, Status, Successfully Completed, Status, Successfully Completed, Status, Successfully Completed, Status, Successfully Completed, Status, Successfully Completed, Status, Successfully Completed, Status, Successfully Completed, Status, Successfully Completed, Status, Successfully Completed, Status, Successfully Completed, Status, Successfully Completed, Status, Successfully Completed, Status, Successfully Completed, Status, Successfully Completed, Status, Successfully Completed, Status, Successfully Completed, Status, Successfully Completed, Status, Successfully Completed, Status, Successfully Completed, Status, Successfully Completed, Status, Successfully Completed, Status, Successfully Completed, Status, Successfully Completed, Status, Successfully Completed, Status, Successfully Completed, Status, Successfully Completed, Status, Successfully Completed, Status, Successfully Completed, Status, Successfully Completed, Status, Successfully Completed, Status, Successfully Completed, Status, Successfully Completed, Status, Successfully Completed, Status, Successfully Completed, Status, Successfully Completed, Status, Successfully Completed, Status, Successfully Completed, Status, Successfully Completed, Status, Successfully Completed, Status, Successfully Completed, Status, Successfully Completed, Status, Successfully Completed, Status, Successfully Completed, Status, Successfully Completed, Status, Successfully Completed, Status, Successfully Completed, Status, Successfully Completed, Status, Successfully Completed, Status, Successfully Completed, Status, Successfully Completed, Status, Successfully Completed, Status, Successfully Completed, Status, Successfully Completed, Status, Successfully Completed, Status, Successfully Completed, Status, Successfully Completed, Status, Successfully Completed, Status, Successfully Completed, Status, Successfully Completed, Status, Successfully Completed, Status, Successfully Completed, Status, Successfully Completed, Status, Successfully Completed, Status, Successfully Completed, Status, Successfully Completed, Status, Successfully Completed, Status, Successfully Completed, Status, Successfully Completed, Status, Successfully Completed, Status, Successfully Completed, Status, Successfully Completed, Status, Successfully Completed, Status, Successfully Completed, Status, Successfully Completed, Status, Successfully Completed, Status, Successfully Completed, Status, Successfully Completed, Status, Successfully Completed, Status, Successfully Completed, Status, Successfully Completed, Status, Successfully Completed, Status, Successfully Completed, Status, Successfully Completed, Status, Successfully Completed, Status, Successfully Completed, Status, Successfully Completed, Status, Successfully Completed, Status, Successfully Completed, Status, Successfully Completed, Status, Successfully Completed, Status, Successfully Completed, Status, Successfully Completed, Status, Successfully Completed, Status, Successfully Completed, Status, Successfully Completed, Status, Successfully Completed, Status, Successfully Completed, Status, Successfully Completed, Status, Successfully Completed, Status, Successfully Completed, Status, Successfully Completed, Status, Successfully Completed, Status, Successfully Completed, Status, Successfully Completed, Status, Successfully Completed, Status, Successfully Completed, Status, Successfully Completed, Status, Successfully Completed, Status, Successfully Completed, Status, Successfully Completed]
[neelback4more@gmail.com, Subho1991*, Status, Successfully Completed, Status, Successfully Completed, Status, Successfully Completed, Status, Successfully Completed, Status, Successfully Completed, Status, Successfully Completed, Status, Successfully Completed, Status, Successfully Completed, Status, Successfully Completed, Status, Successfully Completed, Status, Successfully Completed, Status, Successfully Completed, Status, Successfully Completed, Status, Successfully Completed, Status, Successfully Completed, Status, Successfully Completed, Status, Successfully Completed, Status, Successfully Completed, Status, Successfully Completed, Status, Successfully Completed, Status, Successfully Completed, Status, Successfully Completed, Status, Successfully Completed, Status, Successfully Completed, Status, Successfully Completed, Status, Successfully Completed, Status, Successfully Completed, Status, Successfully Completed, Status, Successfully Completed, Status, Successfully Completed, Status, Successfully Completed, Status, Successfully Completed, Status, Successfully Completed, Status, Successfully Completed, Status, Successfully Completed, Status, Successfully Completed, Status, Successfully Completed, Status, Successfully Completed, Status, Successfully Completed, Status, Successfully Completed, Status, Successfully Completed, Status, Successfully Completed, Status, Successfully Completed, Status, Successfully Completed, Status, Successfully Completed, Status, Successfully Completed, Status, Successfully Completed, Status, Successfully Completed, Status, Successfully Completed, Status, Successfully Completed, Status, Successfully Completed, Status, Successfully Completed, Status, Successfully Completed, Status, Successfully Completed, Status, Successfully Completed, Status, Successfully Completed, Status, Successfully Completed, Status, Successfully Completed, Status, Successfully Completed, Status, Successfully Completed, Status, Successfully Completed, Status, Successfully Completed, Status, Successfully Completed, Status, Successfully Completed, Status, Successfully Completed, Status, Successfully Completed, Status, Successfully Completed, Status, Successfully Completed, Status, Successfully Completed, Status, Successfully Completed, Status, Successfully Completed, Status, Successfully Completed, Status, Successfully Completed, Status, Successfully Completed, Status, Successfully Completed, Status, Successfully Completed, Status, Successfully Completed, Status, Successfully Completed, Status, Successfully Completed, Status, Successfully Completed, Status, Successfully Completed, Status, Successfully Completed, Status, Successfully Completed, Status, Successfully Completed, Status, Successfully Completed, Status, Successfully Completed, Status, Successfully Completed, Status, Successfully Completed, Status, Successfully Completed, Status, Successfully Completed, Status, Successfully Completed, Status, Successfully Completed, Status, Successfully Completed, Status, Successfully Completed, Status, Successfully Completed, Status, Successfully Completed, Status, Successfully Completed, Status, Successfully Completed, Status, Successfully Completed, Status, Successfully Completed, Status, Successfully Completed, Status, Successfully Completed, Status, Successfully Completed, Status, Successfully Completed, Status, Successfully Completed, Status, Successfully Completed, Status, Successfully Completed, Status, Successfully Completed, Status, Successfully Completed, Status, Successfully Completed, Status, Successfully Completed, Status, Successfully Completed, Status, Successfully Completed, Status, Successfully Completed, Status, Successfully Completed, Status, Successfully Completed, Status, Successfully Completed, Status, Successfully Completed, Status, Successfully Completed, Status, Successfully Completed, Status, Successfully Completed, Status, Successfully Completed, Status, Successfully Completed, Status, Successfully Completed, Status, Successfully Completed, Status, Successfully Completed, Status, Successfully Completed, Status, Successfully Completed, Status, Successfully Completed, Status, Successfully Completed, Status, Successfully Completed, Status, Successfully Completed, Status, Successfully Completed, Status, Successfully Completed, Status, Successfully Completed, Status, Successfully Completed, Status, Successfully Completed, Status, Successfully Completed, Status, Successfully Completed, Status, Successfully Completed, Status, Successfully Completed, Status, Successfully Completed, Status, Successfully Completed, Status, Successfully Completed, Status, Successfully Completed, Status, Successfully Completed, Status, Successfully Completed, Status, Successfully Completed, Status, Successfully Completed, Status, Successfully Completed, Status, Successfully Completed, Status, Successfully Completed, Status, Successfully Completed, Status, Successfully Completed, Status, Successfully Completed, Status, Successfully Completed, Status, Successfully Completed, Status, Successfully Completed, Status, Successfully Completed, Status, Successfully Completed, Status, Successfully Completed, Status, Successfully Completed, Status, Successfully Completed, Status, Successfully Completed, Status, Successfully Completed, Status, Successfully Completed, Status, Successfully Completed, Status, Successfully Completed, Status, Successfully Completed, Status, Successfully Completed, Status, Successfully Completed, Status, Successfully Completed, Status, Successfully Completed, Status, Successfully Completed, Status, Successfully Completed, Status, Successfully Completed, Status, Successfully Completed, Status, Successfully Completed, Status, Successfully Completed, Status, Successfully Completed, Status, Successfully Completed, Status, Successfully Completed, Status, Successfully Completed, Status, Successfully Completed, Status, Successfully Completed, Status, Successfully Completed, Status, Successfully Completed, Status, Successfully Completed, Status, Successfully Completed, Status, Successfully Completed, Status, Successfully Completed, Status, Successfully Completed, Status, Successfully Completed, Status, Successfully Completed, Status, Successfully Completed, Status, Successfully Completed, Status, Successfully Completed, Status, Successfully Completed, Status, Successfully Completed, Status, Successfully Completed, Status, Successfully Completed, Status, Successfully Completed, Status, Successfully Completed, Status, Successfully Completed, Status, Successfully Completed, Status, Successfully Completed, Status, Successfully Completed, Status, Successfully Completed, Status, Successfully Completed, Status, Successfully Completed, Status, Successfully Completed, Status, Successfully Completed, Status, Successfully Completed, Status, Successfully Completed, Status, Successfully Completed, Status, Successfully Completed, Status, Successfully Completed, Status, Successfully Completed, Status, Successfully Completed, Status, Successfully Completed, Status, Successfully Completed, Status, Successfully Completed, Status, Successfully Completed, Status, Successfully Completed, Status, Successfully Completed, Status, Successfully Completed, Status]
[neelback4more@gmail.com, Subho1991*, Status, Successfully Completed, Status, Successfully Completed, Status, Successfully Completed, Status, Successfully Completed, Status, Successfully Completed, Status, Successfully Completed, Status, Successfully Completed, Status, Successfully Completed, Status, Successfully Completed, Status, Successfully Completed, Status, Successfully Completed, Status, Successfully Completed, Status, Successfully Completed, Status, Successfully Completed, Status, Successfully Completed, Status, Successfully Completed, Status, Successfully Completed, Status, Successfully Completed, Status, Successfully Completed, Status, Successfully Completed, Status, Successfully Completed, Status, Successfully Completed, Status, Successfully Completed, Status, Successfully Completed, Status, Successfully Completed, Status, Successfully Completed, Status, Successfully Completed, Status, Successfully Completed, Status, Successfully Completed, Status, Successfully Completed, Status, Successfully Completed, Status, Successfully Completed, Status, Successfully Completed, Status, Successfully Completed, Status, Successfully Completed, Status, Successfully Completed, Status, Successfully Completed, Status, Successfully Completed, Status, Successfully Completed, Status, Successfully Completed, Status, Successfully Completed, Status, Successfully Completed, Status, Successfully Completed, Status, Successfully Completed, Status, Successfully Completed, Status, Successfully Completed, Status, Successfully Completed, Status, Successfully Completed, Status, Successfully Completed, Status, Successfully Completed, Status, Successfully Completed, Status, Successfully Completed, Status, Successfully Completed, Status, Successfully Completed, Status, Successfully Completed, Status, Successfully Completed, Status, Successfully Completed, Status, Successfully Completed, Status, Successfully Completed, Status, Successfully Completed, Status, Successfully Completed, Status, Successfully Completed, Status, Successfully Completed, Status, Successfully Completed, Status, Successfully Completed, Status, Successfully Completed, Status, Successfully Completed, Status, Successfully Completed, Status, Successfully Completed, Status, Successfully Completed, Status, Successfully Completed, Status, Successfully Completed, Status, Successfully Completed, Status, Successfully Completed, Status, Successfully Completed, Status, Successfully Completed, Status, Successfully Completed, Status, Successfully Completed, Status, Successfully Completed, Status, Successfully Completed, Status, Successfully Completed, Status, Successfully Completed, Status, Successfully Completed, Status, Successfully Completed, Status, Successfully Completed, Status, Successfully Completed, Status, Successfully Completed, Status, Successfully Completed, Status, Successfully Completed, Status, Successfully Completed, Status, Successfully Completed, Status, Successfully Completed, Status, Successfully Completed, Status, Successfully Completed, Status, Successfully Completed, Status, Successfully Completed, Status, Successfully Completed, Status, Successfully Completed, Status, Successfully Completed, Status, Successfully Completed, Status, Successfully Completed, Status, Successfully Completed, Status, Successfully Completed, Status, Successfully Completed, Status, Successfully Completed, Status, Successfully Completed, Status, Successfully Completed, Status, Successfully Completed, Status, Successfully Completed, Status, Successfully Completed, Status, Successfully Completed, Status, Successfully Completed, Status, Successfully Completed, Status, Successfully Completed, Status, Successfully Completed, Status, Successfully Completed, Status, Successfully Completed, Status, Successfully Completed, Status, Successfully Completed, Status, Successfully Completed, Status, Successfully Completed, Status, Successfully Completed, Status, Successfully Completed, Status, Successfully Completed, Status, Successfully Completed, Status, Successfully Completed, Status, Successfully Completed, Status, Successfully Completed, Status, Successfully Completed, Status, Successfully Completed, Status, Successfully Completed, Status, Successfully Completed, Status, Successfully Completed, Status, Successfully Completed, Status, Successfully Completed, Status, Successfully Completed, Status, Successfully Completed, Status, Successfully Completed, Status, Successfully Completed, Status, Successfully Completed, Status, Successfully Completed, Status, Successfully Completed, Status, Successfully Completed, Status, Successfully Completed, Status, Successfully Completed, Status, Successfully Completed, Status, Successfully Completed, Status, Successfully Completed, Status, Successfully Completed, Status, Successfully Completed, Status, Successfully Completed, Status, Successfully Completed, Status, Successfully Completed, Status, Successfully Completed, Status, Successfully Completed, Status, Successfully Completed, Status, Successfully Completed, Status, Successfully Completed, Status, Successfully Completed, Status, Successfully Completed, Status, Successfully Completed, Status, Successfully Completed, Status, Successfully Completed, Status, Successfully Completed, Status, Successfully Completed, Status, Successfully Completed, Status, Successfully Completed, Status, Successfully Completed, Status, Successfully Completed, Status, Successfully Completed, Status, Successfully Completed, Status, Successfully Completed, Status, Successfully Completed, Status, Successfully Completed, Status, Successfully Completed, Status, Successfully Completed, Status, Successfully Completed, Status, Successfully Completed, Status, Successfully Completed, Status, Successfully Completed, Status, Successfully Completed, Status, Successfully Completed, Status, Successfully Completed, Status, Successfully Completed, Status, Successfully Completed, Status, Successfully Completed, Status, Successfully Completed, Status, Successfully Completed, Status, Successfully Completed, Status, Successfully Completed, Status, Successfully Completed, Status, Successfully Completed, Status, Successfully Completed, Status, Successfully Completed, Status, Successfully Completed, Status, Successfully Completed, Status, Successfully Completed, Status, Successfully Completed, Status, Successfully Completed, Status, Successfully Completed, Status, Successfully Completed, Status, Successfully Completed, Status, Successfully Completed, Status, Successfully Completed, Status, Successfully Completed, Status, Successfully Completed, Status, Successfully Completed, Status, Successfully Completed, Status, Successfully Completed, Status, Successfully Completed, Status, Successfully Completed, Status, Successfully Completed, Status, Successfully Completed, Status, Successfully Completed, Status, Successfully Completed, Status, Successfully Completed, Status, Successfully Completed, Status, Successfully Completed, Status, Successfully Completed, Status, Successfully Completed, Status, Successfully Completed, Status, Successfully Completed, Status, Successfully Completed, Status, Successfully Completed, Status, Successfully Completed, Status, Successfully Completed, Status, Successfully Completed]
[neelback4more@gmail.com, Subho1991*, Status, Successfully Completed, Status, Successfully Completed, Status, Successfully Completed, Status, Successfully Completed, Status, Successfully Completed, Status, Successfully Completed, Status, Successfully Completed, Status, Successfully Completed, Status, Successfully Completed, Status, Successfully Completed, Status, Successfully Completed, Status, Successfully Completed, Status, Successfully Completed, Status, Successfully Completed, Status, Successfully Completed, Status, Successfully Completed, Status, Successfully Completed, Status, Successfully Completed, Status, Successfully Completed, Status, Successfully Completed, Status, Successfully Completed, Status, Successfully Completed, Status, Successfully Completed, Status, Successfully Completed, Status, Successfully Completed, Status, Successfully Completed, Status, Successfully Completed, Status, Successfully Completed, Status, Successfully Completed, Status, Successfully Completed, Status, Successfully Completed, Status, Successfully Completed, Status, Successfully Completed, Status, Successfully Completed, Status, Successfully Completed, Status, Successfully Completed, Status, Successfully Completed, Status, Successfully Completed, Status, Successfully Completed, Status, Successfully Completed, Status, Successfully Completed, Status, Successfully Completed, Status, Successfully Completed, Status, Successfully Completed, Status, Successfully Completed, Status, Successfully Completed, Status, Successfully Completed, Status, Successfully Completed, Status, Successfully Completed, Status, Successfully Completed, Status, Successfully Completed, Status, Successfully Completed, Status, Successfully Completed, Status, Successfully Completed, Status, Successfully Completed, Status, Successfully Completed, Status, Successfully Completed, Status, Successfully Completed, Status, Successfully Completed, Status, Successfully Completed, Status, Successfully Completed, Status, Successfully Completed, Status, Successfully Completed, Status, Successfully Completed, Status, Successfully Completed, Status, Successfully Completed, Status, Successfully Completed, Status, Successfully Completed, Status, Successfully Completed, Status, Successfully Completed, Status, Successfully Completed, Status, Successfully Completed, Status, Successfully Completed, Status, Successfully Completed, Status, Successfully Completed, Status, Successfully Completed, Status, Successfully Completed, Status, Successfully Completed, Status, Successfully Completed, Status, Successfully Completed, Status, Successfully Completed, Status, Successfully Completed, Status, Successfully Completed, Status, Successfully Completed, Status, Successfully Completed, Status, Successfully Completed, Status, Successfully Completed, Status, Successfully Completed, Status, Successfully Completed, Status, Successfully Completed, Status, Successfully Completed, Status, Successfully Completed, Status, Successfully Completed, Status, Successfully Completed, Status, Successfully Completed, Status, Successfully Completed, Status, Successfully Completed, Status, Successfully Completed, Status, Successfully Completed, Status, Successfully Completed, Status, Successfully Completed, Status, Successfully Completed, Status, Successfully Completed, Status, Successfully Completed, Status, Successfully Completed, Status, Successfully Completed, Status, Successfully Completed, Status, Successfully Completed, Status, Successfully Completed, Status, Successfully Completed, Status, Successfully Completed, Status, Successfully Completed, Status, Successfully Completed, Status, Successfully Completed, Status, Successfully Completed, Status, Successfully Completed, Status, Successfully Completed, Status, Successfully Completed, Status, Successfully Completed, Status, Successfully Completed, Status, Successfully Completed, Status, Successfully Completed, Status, Successfully Completed, Status, Successfully Completed, Status, Successfully Completed, Status, Successfully Completed, Status, Successfully Completed, Status, Successfully Completed, Status, Successfully Completed, Status, Successfully Completed, Status, Successfully Completed, Status, Successfully Completed, Status, Successfully Completed, Status, Successfully Completed, Status, Successfully Completed, Status, Successfully Completed, Status, Successfully Completed, Status, Successfully Completed, Status, Successfully Completed, Status, Successfully Completed, Status, Successfully Completed, Status, Successfully Completed, Status, Successfully Completed, Status, Successfully Completed, Status, Successfully Completed, Status, Successfully Completed, Status, Successfully Completed, Status, Successfully Completed, Status, Successfully Completed, Status, Successfully Completed, Status, Successfully Completed, Status, Successfully Completed, Status, Successfully Completed, Status, Successfully Completed, Status, Successfully Completed, Status, Successfully Completed, Status, Successfully Completed, Status, Successfully Completed, Status, Successfully Completed, Status, Successfully Completed, Status, Successfully Completed, Status, Successfully Completed, Status, Successfully Completed, Status, Successfully Completed, Status, Successfully Completed, Status, Successfully Completed, Status, Successfully Completed, Status, Successfully Completed, Status, Successfully Completed, Status, Successfully Completed, Status, Successfully Completed, Status, Successfully Completed, Status, Successfully Completed, Status, Successfully Completed, Status, Successfully Completed, Status, Successfully Completed, Status, Successfully Completed, Status, Successfully Completed, Status, Successfully Completed, Status, Successfully Completed, Status, Successfully Completed, Status, Successfully Completed, Status, Successfully Completed, Status, Successfully Completed, Status, Successfully Completed, Status, Successfully Completed, Status, Successfully Completed, Status, Successfully Completed, Status, Successfully Completed, Status, Successfully Completed, Status, Successfully Completed, Status, Successfully Completed, Status, Successfully Completed, Status, Successfully Completed, Status, Successfully Completed, Status, Successfully Completed, Status, Successfully Completed, Status, Successfully Completed, Status, Successfully Completed, Status, Successfully Completed, Status, Successfully Completed, Status, Successfully Completed, Status, Successfully Completed, Status, Successfully Completed, Status, Successfully Completed, Status, Successfully Completed, Status, Successfully Completed, Status, Successfully Completed, Status, Successfully Completed, Status, Successfully Completed, Status, Successfully Completed, Status, Successfully Completed, Status, Successfully Completed, Status, Successfully Completed, Status, Successfully Completed, Status, Successfully Completed, Status, Successfully Completed, Status, Successfully Completed, Status, Successfully Completed, Status, Successfully Completed, Status, Successfully Completed, Status, Successfully Completed, Status, Successfully Completed, Status, Successfully Completed, Status, Successfully Completed, Status, Successfully Completed, Status, Successfully Completed, Status]
[neelback4more@gmail.com, Subho1991*, Status, Successfully Completed, Status, Successfully Completed, Status, Successfully Completed, Status, Successfully Completed, Status, Successfully Completed, Status, Successfully Completed, Status, Successfully Completed, Status, Successfully Completed, Status, Successfully Completed, Status, Successfully Completed, Status, Successfully Completed, Status, Successfully Completed, Status, Successfully Completed, Status, Successfully Completed, Status, Successfully Completed, Status, Successfully Completed, Status, Successfully Completed, Status, Successfully Completed, Status, Successfully Completed, Status, Successfully Completed, Status, Successfully Completed, Status, Successfully Completed, Status, Successfully Completed, Status, Successfully Completed, Status, Successfully Completed, Status, Successfully Completed, Status, Successfully Completed, Status, Successfully Completed, Status, Successfully Completed, Status, Successfully Completed, Status, Successfully Completed, Status, Successfully Completed, Status, Successfully Completed, Status, Successfully Completed, Status, Successfully Completed, Status, Successfully Completed, Status, Successfully Completed, Status, Successfully Completed, Status, Successfully Completed, Status, Successfully Completed, Status, Successfully Completed, Status, Successfully Completed, Status, Successfully Completed, Status, Successfully Completed, Status, Successfully Completed, Status, Successfully Completed, Status, Successfully Completed, Status, Successfully Completed, Status, Successfully Completed, Status, Successfully Completed, Status, Successfully Completed, Status, Successfully Completed, Status, Successfully Completed, Status, Successfully Completed, Status, Successfully Completed, Status, Successfully Completed, Status, Successfully Completed, Status, Successfully Completed, Status, Successfully Completed, Status, Successfully Completed, Status, Successfully Completed, Status, Successfully Completed, Status, Successfully Completed, Status, Successfully Completed, Status, Successfully Completed, Status, Successfully Completed, Status, Successfully Completed, Status, Successfully Completed, Status, Successfully Completed, Status, Successfully Completed, Status, Successfully Completed, Status, Successfully Completed, Status, Successfully Completed, Status, Successfully Completed, Status, Successfully Completed, Status, Successfully Completed, Status, Successfully Completed, Status, Successfully Completed, Status, Successfully Completed, Status, Successfully Completed, Status, Successfully Completed, Status, Successfully Completed, Status, Successfully Completed, Status, Successfully Completed, Status, Successfully Completed, Status, Successfully Completed, Status, Successfully Completed, Status, Successfully Completed, Status, Successfully Completed, Status, Successfully Completed, Status, Successfully Completed, Status, Successfully Completed, Status, Successfully Completed, Status, Successfully Completed, Status, Successfully Completed, Status, Successfully Completed, Status, Successfully Completed, Status, Successfully Completed, Status, Successfully Completed, Status, Successfully Completed, Status, Successfully Completed, Status, Successfully Completed, Status, Successfully Completed, Status, Successfully Completed, Status, Successfully Completed, Status, Successfully Completed, Status, Successfully Completed, Status, Successfully Completed, Status, Successfully Completed, Status, Successfully Completed, Status, Successfully Completed, Status, Successfully Completed, Status, Successfully Completed, Status, Successfully Completed, Status, Successfully Completed, Status, Successfully Completed, Status, Successfully Completed, Status, Successfully Completed, Status, Successfully Completed, Status, Successfully Completed, Status, Successfully Completed, Status, Successfully Completed, Status, Successfully Completed, Status, Successfully Completed, Status, Successfully Completed, Status, Successfully Completed, Status, Successfully Completed, Status, Successfully Completed, Status, Successfully Completed, Status, Successfully Completed, Status, Successfully Completed, Status, Successfully Completed, Status, Successfully Completed, Status, Successfully Completed, Status, Successfully Completed, Status, Successfully Completed, Status, Successfully Completed, Status, Successfully Completed, Status, Successfully Completed, Status, Successfully Completed, Status, Successfully Completed, Status, Successfully Completed, Status, Successfully Completed, Status, Successfully Completed, Status, Successfully Completed, Status, Successfully Completed, Status, Successfully Completed, Status, Successfully Completed, Status, Successfully Completed, Status, Successfully Completed, Status, Successfully Completed, Status, Successfully Completed, Status, Successfully Completed, Status, Successfully Completed, Status, Successfully Completed, Status, Successfully Completed, Status, Successfully Completed, Status, Successfully Completed, Status, Successfully Completed, Status, Successfully Completed, Status, Successfully Completed, Status, Successfully Completed, Status, Successfully Completed, Status, Successfully Completed, Status, Successfully Completed, Status, Successfully Completed, Status, Successfully Completed, Status, Successfully Completed, Status, Successfully Completed, Status, Successfully Completed, Status, Successfully Completed, Status, Successfully Completed, Status, Successfully Completed, Status, Successfully Completed, Status, Successfully Completed, Status, Successfully Completed, Status, Successfully Completed, Status, Successfully Completed, Status, Successfully Completed, Status, Successfully Completed, Status, Successfully Completed, Status, Successfully Completed, Status, Successfully Completed, Status, Successfully Completed, Status, Successfully Completed, Status, Successfully Completed, Status, Successfully Completed, Status, Successfully Completed, Status, Successfully Completed, Status, Successfully Completed, Status, Successfully Completed, Status, Successfully Completed, Status, Successfully Completed, Status, Successfully Completed, Status, Successfully Completed, Status, Successfully Completed, Status, Successfully Completed, Status, Successfully Completed, Status, Successfully Completed, Status, Successfully Completed, Status, Successfully Completed, Status, Successfully Completed, Status, Successfully Completed, Status, Successfully Completed, Status, Successfully Completed, Status, Successfully Completed, Status, Successfully Completed, Status, Successfully Completed, Status, Successfully Completed, Status, Successfully Completed, Status, Successfully Completed, Status, Successfully Completed, Status, Successfully Completed, Status, Successfully Completed, Status, Successfully Completed, Status, Successfully Completed, Status, Successfully Completed, Status, Successfully Completed, Status, Successfully Completed, Status, Successfully Completed, Status, Successfully Completed, Status, Successfully Completed, Status, Successfully Completed, Status, Successfully Completed, Status, Successfully Completed, Status, Successfully Completed, Status, Successfully Completed, Status, Successfully Completed]
[neelback4more@gmail.com, Subho1991*, Status, Successfully Completed, Status, Successfully Completed, Status, Successfully Completed, Status, Successfully Completed, Status, Successfully Completed, Status, Successfully Completed, Status, Successfully Completed, Status, Successfully Completed, Status, Successfully Completed, Status, Successfully Completed, Status, Successfully Completed, Status, Successfully Completed, Status, Successfully Completed, Status, Successfully Completed, Status, Successfully Completed, Status, Successfully Completed, Status, Successfully Completed, Status, Successfully Completed, Status, Successfully Completed, Status, Successfully Completed, Status, Successfully Completed, Status, Successfully Completed, Status, Successfully Completed, Status, Successfully Completed, Status, Successfully Completed, Status, Successfully Completed, Status, Successfully Completed, Status, Successfully Completed, Status, Successfully Completed, Status, Successfully Completed, Status, Successfully Completed, Status, Successfully Completed, Status, Successfully Completed, Status, Successfully Completed, Status, Successfully Completed, Status, Successfully Completed, Status, Successfully Completed, Status, Successfully Completed, Status, Successfully Completed, Status, Successfully Completed, Status, Successfully Completed, Status, Successfully Completed, Status, Successfully Completed, Status, Successfully Completed, Status, Successfully Completed, Status, Successfully Completed, Status, Successfully Completed, Status, Successfully Completed, Status, Successfully Completed, Status, Successfully Completed, Status, Successfully Completed, Status, Successfully Completed, Status, Successfully Completed, Status, Successfully Completed, Status, Successfully Completed, Status, Successfully Completed, Status, Successfully Completed, Status, Successfully Completed, Status, Successfully Completed, Status, Successfully Completed, Status, Successfully Completed, Status, Successfully Completed, Status, Successfully Completed, Status, Successfully Completed, Status, Successfully Completed, Status, Successfully Completed, Status, Successfully Completed, Status, Successfully Completed, Status, Successfully Completed, Status, Successfully Completed, Status, Successfully Completed, Status, Successfully Completed, Status, Successfully Completed, Status, Successfully Completed, Status, Successfully Completed, Status, Successfully Completed, Status, Successfully Completed, Status, Successfully Completed, Status, Successfully Completed, Status, Successfully Completed, Status, Successfully Completed, Status, Successfully Completed, Status, Successfully Completed, Status, Successfully Completed, Status, Successfully Completed, Status, Successfully Completed, Status, Successfully Completed, Status, Successfully Completed, Status, Successfully Completed, Status, Successfully Completed, Status, Successfully Completed, Status, Successfully Completed, Status, Successfully Completed, Status, Successfully Completed, Status, Successfully Completed, Status, Successfully Completed, Status, Successfully Completed, Status, Successfully Completed, Status, Successfully Completed, Status, Successfully Completed, Status, Successfully Completed, Status, Successfully Completed, Status, Successfully Completed, Status, Successfully Completed, Status, Successfully Completed, Status, Successfully Completed, Status, Successfully Completed, Status, Successfully Completed, Status, Successfully Completed, Status, Successfully Completed, Status, Successfully Completed, Status, Successfully Completed, Status, Successfully Completed, Status, Successfully Completed, Status, Successfully Completed, Status, Successfully Completed, Status, Successfully Completed, Status, Successfully Completed, Status, Successfully Completed, Status, Successfully Completed, Status, Successfully Completed, Status, Successfully Completed, Status, Successfully Completed, Status, Successfully Completed, Status, Successfully Completed, Status, Successfully Completed, Status, Successfully Completed, Status, Successfully Completed, Status, Successfully Completed, Status, Successfully Completed, Status, Successfully Completed, Status, Successfully Completed, Status, Successfully Completed, Status, Successfully Completed, Status, Successfully Completed, Status, Successfully Completed, Status, Successfully Completed, Status, Successfully Completed, Status, Successfully Completed, Status, Successfully Completed, Status, Successfully Completed, Status, Successfully Completed, Status, Successfully Completed, Status, Successfully Completed, Status, Successfully Completed, Status, Successfully Completed, Status, Successfully Completed, Status, Successfully Completed, Status, Successfully Completed, Status, Successfully Completed, Status, Successfully Completed, Status, Successfully Completed, Status, Successfully Completed, Status, Successfully Completed, Status, Successfully Completed, Status, Successfully Completed, Status, Successfully Completed, Status, Successfully Completed, Status, Successfully Completed, Status, Successfully Completed, Status, Successfully Completed, Status, Successfully Completed, Status, Successfully Completed, Status, Successfully Completed, Status, Successfully Completed, Status, Successfully Completed, Status, Successfully Completed, Status, Successfully Completed, Status, Successfully Completed, Status, Successfully Completed, Status, Successfully Completed, Status, Successfully Completed, Status, Successfully Completed, Status, Successfully Completed, Status, Successfully Completed, Status, Successfully Completed, Status, Successfully Completed, Status, Successfully Completed, Status, Successfully Completed, Status, Successfully Completed, Status, Successfully Completed, Status, Successfully Completed, Status, Successfully Completed, Status, Successfully Completed, Status, Successfully Completed, Status, Successfully Completed, Status, Successfully Completed, Status, Successfully Completed, Status, Successfully Completed, Status, Successfully Completed, Status, Successfully Completed, Status, Successfully Completed, Status, Successfully Completed, Status, Successfully Completed, Status, Successfully Completed, Status, Successfully Completed, Status, Successfully Completed, Status, Successfully Completed, Status, Successfully Completed, Status, Successfully Completed, Status, Successfully Completed, Status, Successfully Completed, Status, Successfully Completed, Status, Successfully Completed, Status, Successfully Completed, Status, Successfully Completed, Status, Successfully Completed, Status, Successfully Completed, Status, Successfully Completed, Status, Successfully Completed, Status, Successfully Completed, Status, Successfully Completed, Status, Successfully Completed, Status, Successfully Completed, Status, Successfully Completed, Status, Successfully Completed, Status, Successfully Completed, Status, Successfully Completed, Status, Successfully Completed, Status, Successfully Completed, Status, Successfully Completed, Status, Successfully Completed, Status, Successfully Completed, Status, Successfully Completed, Status, Successfully Completed, Status, Successfully Completed, Status, Successfully Completed, Status, Successfully Completed, Status]
[neelback4more@gmail.com, Subho1991*, Status, Successfully Completed, Status, Successfully Completed, Status, Successfully Completed, Status, Successfully Completed, Status, Successfully Completed, Status, Successfully Completed, Status, Successfully Completed, Status, Successfully Completed, Status, Successfully Completed, Status, Successfully Completed, Status, Successfully Completed, Status, Successfully Completed, Status, Successfully Completed, Status, Successfully Completed, Status, Successfully Completed, Status, Successfully Completed, Status, Successfully Completed, Status, Successfully Completed, Status, Successfully Completed, Status, Successfully Completed, Status, Successfully Completed, Status, Successfully Completed, Status, Successfully Completed, Status, Successfully Completed, Status, Successfully Completed, Status, Successfully Completed, Status, Successfully Completed, Status, Successfully Completed, Status, Successfully Completed, Status, Successfully Completed, Status, Successfully Completed, Status, Successfully Completed, Status, Successfully Completed, Status, Successfully Completed, Status, Successfully Completed, Status, Successfully Completed, Status, Successfully Completed, Status, Successfully Completed, Status, Successfully Completed, Status, Successfully Completed, Status, Successfully Completed, Status, Successfully Completed, Status, Successfully Completed, Status, Successfully Completed, Status, Successfully Completed, Status, Successfully Completed, Status, Successfully Completed, Status, Successfully Completed, Status, Successfully Completed, Status, Successfully Completed, Status, Successfully Completed, Status, Successfully Completed, Status, Successfully Completed, Status, Successfully Completed, Status, Successfully Completed, Status, Successfully Completed, Status, Successfully Completed, Status, Successfully Completed, Status, Successfully Completed, Status, Successfully Completed, Status, Successfully Completed, Status, Successfully Completed, Status, Successfully Completed, Status, Successfully Completed, Status, Successfully Completed, Status, Successfully Completed, Status, Successfully Completed, Status, Successfully Completed, Status, Successfully Completed, Status, Successfully Completed, Status, Successfully Completed, Status, Successfully Completed, Status, Successfully Completed, Status, Successfully Completed, Status, Successfully Completed, Status, Successfully Completed, Status, Successfully Completed, Status, Successfully Completed, Status, Successfully Completed, Status, Successfully Completed, Status, Successfully Completed, Status, Successfully Completed, Status, Successfully Completed, Status, Successfully Completed, Status, Successfully Completed, Status, Successfully Completed, Status, Successfully Completed, Status, Successfully Completed, Status, Successfully Completed, Status, Successfully Completed, Status, Successfully Completed, Status, Successfully Completed, Status, Successfully Completed, Status, Successfully Completed, Status, Successfully Completed, Status, Successfully Completed, Status, Successfully Completed, Status, Successfully Completed, Status, Successfully Completed, Status, Successfully Completed, Status, Successfully Completed, Status, Successfully Completed, Status, Successfully Completed, Status, Successfully Completed, Status, Successfully Completed, Status, Successfully Completed, Status, Successfully Completed, Status, Successfully Completed, Status, Successfully Completed, Status, Successfully Completed, Status, Successfully Completed, Status, Successfully Completed, Status, Successfully Completed, Status, Successfully Completed, Status, Successfully Completed, Status, Successfully Completed, Status, Successfully Completed, Status, Successfully Completed, Status, Successfully Completed, Status, Successfully Completed, Status, Successfully Completed, Status, Successfully Completed, Status, Successfully Completed, Status, Successfully Completed, Status, Successfully Completed, Status, Successfully Completed, Status, Successfully Completed, Status, Successfully Completed, Status, Successfully Completed, Status, Successfully Completed, Status, Successfully Completed, Status, Successfully Completed, Status, Successfully Completed, Status, Successfully Completed, Status, Successfully Completed, Status, Successfully Completed, Status, Successfully Completed, Status, Successfully Completed, Status, Successfully Completed, Status, Successfully Completed, Status, Successfully Completed, Status, Successfully Completed, Status, Successfully Completed, Status, Successfully Completed, Status, Successfully Completed, Status, Successfully Completed, Status, Successfully Completed, Status, Successfully Completed, Status, Successfully Completed, Status, Successfully Completed, Status, Successfully Completed, Status, Successfully Completed, Status, Successfully Completed, Status, Successfully Completed, Status, Successfully Completed, Status, Successfully Completed, Status, Successfully Completed, Status, Successfully Completed, Status, Successfully Completed, Status, Successfully Completed, Status, Successfully Completed, Status, Successfully Completed, Status, Successfully Completed, Status, Successfully Completed, Status, Successfully Completed, Status, Successfully Completed, Status, Successfully Completed, Status, Successfully Completed, Status, Successfully Completed, Status, Successfully Completed, Status, Successfully Completed, Status, Successfully Completed, Status, Successfully Completed, Status, Successfully Completed, Status, Successfully Completed, Status, Successfully Completed, Status, Successfully Completed, Status, Successfully Completed, Status, Successfully Completed, Status, Successfully Completed, Status, Successfully Completed, Status, Successfully Completed, Status, Successfully Completed, Status, Successfully Completed, Status, Successfully Completed, Status, Successfully Completed, Status, Successfully Completed, Status, Successfully Completed, Status, Successfully Completed, Status, Successfully Completed, Status, Successfully Completed, Status, Successfully Completed, Status, Successfully Completed, Status, Successfully Completed, Status, Successfully Completed, Status, Successfully Completed, Status, Successfully Completed, Status, Successfully Completed, Status, Successfully Completed, Status, Successfully Completed, Status, Successfully Completed, Status, Successfully Completed, Status, Successfully Completed, Status, Successfully Completed, Status, Successfully Completed, Status, Successfully Completed, Status, Successfully Completed, Status, Successfully Completed, Status, Successfully Completed, Status, Successfully Completed, Status, Successfully Completed, Status, Successfully Completed, Status, Successfully Completed, Status, Successfully Completed, Status, Successfully Completed, Status, Successfully Completed, Status, Successfully Completed, Status, Successfully Completed, Status, Successfully Completed, Status, Successfully Completed, Status, Successfully Completed, Status, Successfully Completed, Status, Successfully Completed, Status, Successfully Completed, Status, Successfully Completed, Status, Successfully Completed, Status, Successfully Completed, Status, Successfully Completed, Status, Successfully Completed]
[neelback4more@gmail.com, Subho1991*, Status, Successfully Completed, Status, Successfully Completed, Status, Successfully Completed, Status, Successfully Completed, Status, Successfully Completed, Status, Successfully Completed, Status, Successfully Completed, Status, Successfully Completed, Status, Successfully Completed, Status, Successfully Completed, Status, Successfully Completed, Status, Successfully Completed, Status, Successfully Completed, Status, Successfully Completed, Status, Successfully Completed, Status, Successfully Completed, Status, Successfully Completed, Status, Successfully Completed, Status, Successfully Completed, Status, Successfully Completed, Status, Successfully Completed, Status, Successfully Completed, Status, Successfully Completed, Status, Successfully Completed, Status, Successfully Completed, Status, Successfully Completed, Status, Successfully Completed, Status, Successfully Completed, Status, Successfully Completed, Status, Successfully Completed, Status, Successfully Completed, Status, Successfully Completed, Status, Successfully Completed, Status, Successfully Completed, Status, Successfully Completed, Status, Successfully Completed, Status, Successfully Completed, Status, Successfully Completed, Status, Successfully Completed, Status, Successfully Completed, Status, Successfully Completed, Status, Successfully Completed, Status, Successfully Completed, Status, Successfully Completed, Status, Successfully Completed, Status, Successfully Completed, Status, Successfully Completed, Status, Successfully Completed, Status, Successfully Completed, Status, Successfully Completed, Status, Successfully Completed, Status, Successfully Completed, Status, Successfully Completed, Status, Successfully Completed, Status, Successfully Completed, Status, Successfully Completed, Status, Successfully Completed, Status, Successfully Completed, Status, Successfully Completed, Status, Successfully Completed, Status, Successfully Completed, Status, Successfully Completed, Status, Successfully Completed, Status, Successfully Completed, Status, Successfully Completed, Status, Successfully Completed, Status, Successfully Completed, Status, Successfully Completed, Status, Successfully Completed, Status, Successfully Completed, Status, Successfully Completed, Status, Successfully Completed, Status, Successfully Completed, Status, Successfully Completed, Status, Successfully Completed, Status, Successfully Completed, Status, Successfully Completed, Status, Successfully Completed, Status, Successfully Completed, Status, Successfully Completed, Status, Successfully Completed, Status, Successfully Completed, Status, Successfully Completed, Status, Successfully Completed, Status, Successfully Completed, Status, Successfully Completed, Status, Successfully Completed, Status, Successfully Completed, Status, Successfully Completed, Status, Successfully Completed, Status, Successfully Completed, Status, Successfully Completed, Status, Successfully Completed, Status, Successfully Completed, Status, Successfully Completed, Status, Successfully Completed, Status, Successfully Completed, Status, Successfully Completed, Status, Successfully Completed, Status, Successfully Completed, Status, Successfully Completed, Status, Successfully Completed, Status, Successfully Completed, Status, Successfully Completed, Status, Successfully Completed, Status, Successfully Completed, Status, Successfully Completed, Status, Successfully Completed, Status, Successfully Completed, Status, Successfully Completed, Status, Successfully Completed, Status, Successfully Completed, Status, Successfully Completed, Status, Successfully Completed, Status, Successfully Completed, Status, Successfully Completed, Status, Successfully Completed, Status, Successfully Completed, Status, Successfully Completed, Status, Successfully Completed, Status, Successfully Completed, Status, Successfully Completed, Status, Successfully Completed, Status, Successfully Completed, Status, Successfully Completed, Status, Successfully Completed, Status, Successfully Completed, Status, Successfully Completed, Status, Successfully Completed, Status, Successfully Completed, Status, Successfully Completed, Status, Successfully Completed, Status, Successfully Completed, Status, Successfully Completed, Status, Successfully Completed, Status, Successfully Completed, Status, Successfully Completed, Status, Successfully Completed, Status, Successfully Completed, Status, Successfully Completed, Status, Successfully Completed, Status, Successfully Completed, Status, Successfully Completed, Status, Successfully Completed, Status, Successfully Completed, Status, Successfully Completed, Status, Successfully Completed, Status, Successfully Completed, Status, Successfully Completed, Status, Successfully Completed, Status, Successfully Completed, Status, Successfully Completed, Status, Successfully Completed, Status, Successfully Completed, Status, Successfully Completed, Status, Successfully Completed, Status, Successfully Completed, Status, Successfully Completed, Status, Successfully Completed, Status, Successfully Completed, Status, Successfully Completed, Status, Successfully Completed, Status, Successfully Completed, Status, Successfully Completed, Status, Successfully Completed, Status, Successfully Completed, Status, Successfully Completed, Status, Successfully Completed, Status, Successfully Completed, Status, Successfully Completed, Status, Successfully Completed, Status, Successfully Completed, Status, Successfully Completed, Status, Successfully Completed, Status, Successfully Completed, Status, Successfully Completed, Status, Successfully Completed, Status, Successfully Completed, Status, Successfully Completed, Status, Successfully Completed, Status, Successfully Completed, Status, Successfully Completed, Status, Successfully Completed, Status, Successfully Completed, Status, Successfully Completed, Status, Successfully Completed, Status, Successfully Completed, Status, Successfully Completed, Status, Successfully Completed, Status, Successfully Completed, Status, Successfully Completed, Status, Successfully Completed, Status, Successfully Completed, Status, Successfully Completed, Status, Successfully Completed, Status, Successfully Completed, Status, Successfully Completed, Status, Successfully Completed, Status, Successfully Completed, Status, Successfully Completed, Status, Successfully Completed, Status, Successfully Completed, Status, Successfully Completed, Status, Successfully Completed, Status, Successfully Completed, Status, Successfully Completed, Status, Successfully Completed, Status, Successfully Completed, Status, Successfully Completed, Status, Successfully Completed, Status, Successfully Completed, Status, Successfully Completed, Status, Successfully Completed, Status, Successfully Completed, Status, Successfully Completed, Status, Successfully Completed, Status, Successfully Completed, Status, Successfully Completed, Status, Successfully Completed, Status, Successfully Completed, Status, Successfully Completed, Status, Successfully Completed, Status, Successfully Completed, Status, Successfully Completed, Status, Successfully Completed, Status, Successfully Completed, Status, Successfully Completed, Status, Successfully Completed, Status, Successfully Completed, Status]
[neelback4more@gmail.com, Subho1991*, Status, Successfully Completed, Status, Successfully Completed, Status, Successfully Completed, Status, Successfully Completed, Status, Successfully Completed, Status, Successfully Completed, Status, Successfully Completed, Status, Successfully Completed, Status, Successfully Completed, Status, Successfully Completed, Status, Successfully Completed, Status, Successfully Completed, Status, Successfully Completed, Status, Successfully Completed, Status, Successfully Completed, Status, Successfully Completed, Status, Successfully Completed, Status, Successfully Completed, Status, Successfully Completed, Status, Successfully Completed, Status, Successfully Completed, Status, Successfully Completed, Status, Successfully Completed, Status, Successfully Completed, Status, Successfully Completed, Status, Successfully Completed, Status, Successfully Completed, Status, Successfully Completed, Status, Successfully Completed, Status, Successfully Completed, Status, Successfully Completed, Status, Successfully Completed, Status, Successfully Completed, Status, Successfully Completed, Status, Successfully Completed, Status, Successfully Completed, Status, Successfully Completed, Status, Successfully Completed, Status, Successfully Completed, Status, Successfully Completed, Status, Successfully Completed, Status, Successfully Completed, Status, Successfully Completed, Status, Successfully Completed, Status, Successfully Completed, Status, Successfully Completed, Status, Successfully Completed, Status, Successfully Completed, Status, Successfully Completed, Status, Successfully Completed, Status, Successfully Completed, Status, Successfully Completed, Status, Successfully Completed, Status, Successfully Completed, Status, Successfully Completed, Status, Successfully Completed, Status, Successfully Completed, Status, Successfully Completed, Status, Successfully Completed, Status, Successfully Completed, Status, Successfully Completed, Status, Successfully Completed, Status, Successfully Completed, Status, Successfully Completed, Status, Successfully Completed, Status, Successfully Completed, Status, Successfully Completed, Status, Successfully Completed, Status, Successfully Completed, Status, Successfully Completed, Status, Successfully Completed, Status, Successfully Completed, Status, Successfully Completed, Status, Successfully Completed, Status, Successfully Completed, Status, Successfully Completed, Status, Successfully Completed, Status, Successfully Completed, Status, Successfully Completed, Status, Successfully Completed, Status, Successfully Completed, Status, Successfully Completed, Status, Successfully Completed, Status, Successfully Completed, Status, Successfully Completed, Status, Successfully Completed, Status, Successfully Completed, Status, Successfully Completed, Status, Successfully Completed, Status, Successfully Completed, Status, Successfully Completed, Status, Successfully Completed, Status, Successfully Completed, Status, Successfully Completed, Status, Successfully Completed, Status, Successfully Completed, Status, Successfully Completed, Status, Successfully Completed, Status, Successfully Completed, Status, Successfully Completed, Status, Successfully Completed, Status, Successfully Completed, Status, Successfully Completed, Status, Successfully Completed, Status, Successfully Completed, Status, Successfully Completed, Status, Successfully Completed, Status, Successfully Completed, Status, Successfully Completed, Status, Successfully Completed, Status, Successfully Completed, Status, Successfully Completed, Status, Successfully Completed, Status, Successfully Completed, Status, Successfully Completed, Status, Successfully Completed, Status, Successfully Completed, Status, Successfully Completed, Status, Successfully Completed, Status, Successfully Completed, Status, Successfully Completed, Status, Successfully Completed, Status, Successfully Completed, Status, Successfully Completed, Status, Successfully Completed, Status, Successfully Completed, Status, Successfully Completed, Status, Successfully Completed, Status, Successfully Completed, Status, Successfully Completed, Status, Successfully Completed, Status, Successfully Completed, Status, Successfully Completed, Status, Successfully Completed, Status, Successfully Completed, Status, Successfully Completed, Status, Successfully Completed, Status, Successfully Completed, Status, Successfully Completed, Status, Successfully Completed, Status, Successfully Completed, Status, Successfully Completed, Status, Successfully Completed, Status, Successfully Completed, Status, Successfully Completed, Status, Successfully Completed, Status, Successfully Completed, Status, Successfully Completed, Status, Successfully Completed, Status, Successfully Completed, Status, Successfully Completed, Status, Successfully Completed, Status, Successfully Completed, Status, Successfully Completed, Status, Successfully Completed, Status, Successfully Completed, Status, Successfully Completed, Status, Successfully Completed, Status, Successfully Completed, Status, Successfully Completed, Status, Successfully Completed, Status, Successfully Completed, Status, Successfully Completed, Status, Successfully Completed, Status, Successfully Completed, Status, Successfully Completed, Status, Successfully Completed, Status, Successfully Completed, Status, Successfully Completed, Status, Successfully Completed, Status, Successfully Completed, Status, Successfully Completed, Status, Successfully Completed, Status, Successfully Completed, Status, Successfully Completed, Status, Successfully Completed, Status, Successfully Completed, Status, Successfully Completed, Status, Successfully Completed, Status, Successfully Completed, Status, Successfully Completed, Status, Successfully Completed, Status, Successfully Completed, Status, Successfully Completed, Status, Successfully Completed, Status, Successfully Completed, Status, Successfully Completed, Status, Successfully Completed, Status, Successfully Completed, Status, Successfully Completed, Status, Successfully Completed, Status, Successfully Completed, Status, Successfully Completed, Status, Successfully Completed, Status, Successfully Completed, Status, Successfully Completed, Status, Successfully Completed, Status, Successfully Completed, Status, Successfully Completed, Status, Successfully Completed, Status, Successfully Completed, Status, Successfully Completed, Status, Successfully Completed, Status, Successfully Completed, Status, Successfully Completed, Status, Successfully Completed, Status, Successfully Completed, Status, Successfully Completed, Status, Successfully Completed, Status, Successfully Completed, Status, Successfully Completed, Status, Successfully Completed, Status, Successfully Completed, Status, Successfully Completed, Status, Successfully Completed, Status, Successfully Completed, Status, Successfully Completed, Status, Successfully Completed, Status, Successfully Completed, Status, Successfully Completed, Status, Successfully Completed, Status, Successfully Completed, Status, Successfully Completed, Status, Successfully Completed, Status, Successfully Completed, Status, Successfully Completed, Status, Successfully Completed, Status, Successfully Completed, Status, Successfully Completed, Status, Successfully Completed]
[neelback4more@gmail.com, Subho1991*, Status, Successfully Completed, Status, Successfully Completed, Status, Successfully Completed, Status, Successfully Completed, Status, Successfully Completed, Status, Successfully Completed, Status, Successfully Completed, Status, Successfully Completed, Status, Successfully Completed, Status, Successfully Completed, Status, Successfully Completed, Status, Successfully Completed, Status, Successfully Completed, Status, Successfully Completed, Status, Successfully Completed, Status, Successfully Completed, Status, Successfully Completed, Status, Successfully Completed, Status, Successfully Completed, Status, Successfully Completed, Status, Successfully Completed, Status, Successfully Completed, Status, Successfully Completed, Status, Successfully Completed, Status, Successfully Completed, Status, Successfully Completed, Status, Successfully Completed, Status, Successfully Completed, Status, Successfully Completed, Status, Successfully Completed, Status, Successfully Completed, Status, Successfully Completed, Status, Successfully Completed, Status, Successfully Completed, Status, Successfully Completed, Status, Successfully Completed, Status, Successfully Completed, Status, Successfully Completed, Status, Successfully Completed, Status, Successfully Completed, Status, Successfully Completed, Status, Successfully Completed, Status, Successfully Completed, Status, Successfully Completed, Status, Successfully Completed, Status, Successfully Completed, Status, Successfully Completed, Status, Successfully Completed, Status, Successfully Completed, Status, Successfully Completed, Status, Successfully Completed, Status, Successfully Completed, Status, Successfully Completed, Status, Successfully Completed, Status, Successfully Completed, Status, Successfully Completed, Status, Successfully Completed, Status, Successfully Completed, Status, Successfully Completed, Status, Successfully Completed, Status, Successfully Completed, Status, Successfully Completed, Status, Successfully Completed, Status, Successfully Completed, Status, Successfully Completed, Status, Successfully Completed, Status, Successfully Completed, Status, Successfully Completed, Status, Successfully Completed, Status, Successfully Completed, Status, Successfully Completed, Status, Successfully Completed, Status, Successfully Completed, Status, Successfully Completed, Status, Successfully Completed, Status, Successfully Completed, Status, Successfully Completed, Status, Successfully Completed, Status, Successfully Completed, Status, Successfully Completed, Status, Successfully Completed, Status, Successfully Completed, Status, Successfully Completed, Status, Successfully Completed, Status, Successfully Completed, Status, Successfully Completed, Status, Successfully Completed, Status, Successfully Completed, Status, Successfully Completed, Status, Successfully Completed, Status, Successfully Completed, Status, Successfully Completed, Status, Successfully Completed, Status, Successfully Completed, Status, Successfully Completed, Status, Successfully Completed, Status, Successfully Completed, Status, Successfully Completed, Status, Successfully Completed, Status, Successfully Completed, Status, Successfully Completed, Status, Successfully Completed, Status, Successfully Completed, Status, Successfully Completed, Status, Successfully Completed, Status, Successfully Completed, Status, Successfully Completed, Status, Successfully Completed, Status, Successfully Completed, Status, Successfully Completed, Status, Successfully Completed, Status, Successfully Completed, Status, Successfully Completed, Status, Successfully Completed, Status, Successfully Completed, Status, Successfully Completed, Status, Successfully Completed, Status, Successfully Completed, Status, Successfully Completed, Status, Successfully Completed, Status, Successfully Completed, Status, Successfully Completed, Status, Successfully Completed, Status, Successfully Completed, Status, Successfully Completed, Status, Successfully Completed, Status, Successfully Completed, Status, Successfully Completed, Status, Successfully Completed, Status, Successfully Completed, Status, Successfully Completed, Status, Successfully Completed, Status, Successfully Completed, Status, Successfully Completed, Status, Successfully Completed, Status, Successfully Completed, Status, Successfully Completed, Status, Successfully Completed, Status, Successfully Completed, Status, Successfully Completed, Status, Successfully Completed, Status, Successfully Completed, Status, Successfully Completed, Status, Successfully Completed, Status, Successfully Completed, Status, Successfully Completed, Status, Successfully Completed, Status, Successfully Completed, Status, Successfully Completed, Status, Successfully Completed, Status, Successfully Completed, Status, Successfully Completed, Status, Successfully Completed, Status, Successfully Completed, Status, Successfully Completed, Status, Successfully Completed, Status, Successfully Completed, Status, Successfully Completed, Status, Successfully Completed, Status, Successfully Completed, Status, Successfully Completed, Status, Successfully Completed, Status, Successfully Completed, Status, Successfully Completed, Status, Successfully Completed, Status, Successfully Completed, Status, Successfully Completed, Status, Successfully Completed, Status, Successfully Completed, Status, Successfully Completed, Status, Successfully Completed, Status, Successfully Completed, Status, Successfully Completed, Status, Successfully Completed, Status, Successfully Completed, Status, Successfully Completed, Status, Successfully Completed, Status, Successfully Completed, Status, Successfully Completed, Status, Successfully Completed, Status, Successfully Completed, Status, Successfully Completed, Status, Successfully Completed, Status, Successfully Completed, Status, Successfully Completed, Status, Successfully Completed, Status, Successfully Completed, Status, Successfully Completed, Status, Successfully Completed, Status, Successfully Completed, Status, Successfully Completed, Status, Successfully Completed, Status, Successfully Completed, Status, Successfully Completed, Status, Successfully Completed, Status, Successfully Completed, Status, Successfully Completed, Status, Successfully Completed, Status, Successfully Completed, Status, Successfully Completed, Status, Successfully Completed, Status, Successfully Completed, Status, Successfully Completed, Status, Successfully Completed, Status, Successfully Completed, Status, Successfully Completed, Status, Successfully Completed, Status, Successfully Completed, Status, Successfully Completed, Status, Successfully Completed, Status, Successfully Completed, Status, Successfully Completed, Status, Successfully Completed, Status, Successfully Completed, Status, Successfully Completed, Status, Successfully Completed, Status, Successfully Completed, Status, Successfully Completed, Status, Successfully Completed, Status, Successfully Completed, Status, Successfully Completed, Status, Successfully Completed, Status, Successfully Completed, Status, Successfully Completed, Status, Successfully Completed, Status, Successfully Completed, Status, Successfully Completed, Status, Successfully Completed, Status, Successfully Completed, Status, Successfully Completed, Status]
[neelback4more@gmail.com, Subho1991*, Status, Successfully Completed, Status, Successfully Completed, Status, Successfully Completed, Status, Successfully Completed, Status, Successfully Completed, Status, Successfully Completed, Status, Successfully Completed, Status, Successfully Completed, Status, Successfully Completed, Status, Successfully Completed, Status, Successfully Completed, Status, Successfully Completed, Status, Successfully Completed, Status, Successfully Completed, Status, Successfully Completed, Status, Successfully Completed, Status, Successfully Completed, Status, Successfully Completed, Status, Successfully Completed, Status, Successfully Completed, Status, Successfully Completed, Status, Successfully Completed, Status, Successfully Completed, Status, Successfully Completed, Status, Successfully Completed, Status, Successfully Completed, Status, Successfully Completed, Status, Successfully Completed, Status, Successfully Completed, Status, Successfully Completed, Status, Successfully Completed, Status, Successfully Completed, Status, Successfully Completed, Status, Successfully Completed, Status, Successfully Completed, Status, Successfully Completed, Status, Successfully Completed, Status, Successfully Completed, Status, Successfully Completed, Status, Successfully Completed, Status, Successfully Completed, Status, Successfully Completed, Status, Successfully Completed, Status, Successfully Completed, Status, Successfully Completed, Status, Successfully Completed, Status, Successfully Completed, Status, Successfully Completed, Status, Successfully Completed, Status, Successfully Completed, Status, Successfully Completed, Status, Successfully Completed, Status, Successfully Completed, Status, Successfully Completed, Status, Successfully Completed, Status, Successfully Completed, Status, Successfully Completed, Status, Successfully Completed, Status, Successfully Completed, Status, Successfully Completed, Status, Successfully Completed, Status, Successfully Completed, Status, Successfully Completed, Status, Successfully Completed, Status, Successfully Completed, Status, Successfully Completed, Status, Successfully Completed, Status, Successfully Completed, Status, Successfully Completed, Status, Successfully Completed, Status, Successfully Completed, Status, Successfully Completed, Status, Successfully Completed, Status, Successfully Completed, Status, Successfully Completed, Status, Successfully Completed, Status, Successfully Completed, Status, Successfully Completed, Status, Successfully Completed, Status, Successfully Completed, Status, Successfully Completed, Status, Successfully Completed, Status, Successfully Completed, Status, Successfully Completed, Status, Successfully Completed, Status, Successfully Completed, Status, Successfully Completed, Status, Successfully Completed, Status, Successfully Completed, Status, Successfully Completed, Status, Successfully Completed, Status, Successfully Completed, Status, Successfully Completed, Status, Successfully Completed, Status, Successfully Completed, Status, Successfully Completed, Status, Successfully Completed, Status, Successfully Completed, Status, Successfully Completed, Status, Successfully Completed, Status, Successfully Completed, Status, Successfully Completed, Status, Successfully Completed, Status, Successfully Completed, Status, Successfully Completed, Status, Successfully Completed, Status, Successfully Completed, Status, Successfully Completed, Status, Successfully Completed, Status, Successfully Completed, Status, Successfully Completed, Status, Successfully Completed, Status, Successfully Completed, Status, Successfully Completed, Status, Successfully Completed, Status, Successfully Completed, Status, Successfully Completed, Status, Successfully Completed, Status, Successfully Completed, Status, Successfully Completed, Status, Successfully Completed, Status, Successfully Completed, Status, Successfully Completed, Status, Successfully Completed, Status, Successfully Completed, Status, Successfully Completed, Status, Successfully Completed, Status, Successfully Completed, Status, Successfully Completed, Status, Successfully Completed, Status, Successfully Completed, Status, Successfully Completed, Status, Successfully Completed, Status, Successfully Completed, Status, Successfully Completed, Status, Successfully Completed, Status, Successfully Completed, Status, Successfully Completed, Status, Successfully Completed, Status, Successfully Completed, Status, Successfully Completed, Status, Successfully Completed, Status, Successfully Completed, Status, Successfully Completed, Status, Successfully Completed, Status, Successfully Completed, Status, Successfully Completed, Status, Successfully Completed, Status, Successfully Completed, Status, Successfully Completed, Status, Successfully Completed, Status, Successfully Completed, Status, Successfully Completed, Status, Successfully Completed, Status, Successfully Completed, Status, Successfully Completed, Status, Successfully Completed, Status, Successfully Completed, Status, Successfully Completed, Status, Successfully Completed, Status, Successfully Completed, Status, Successfully Completed, Status, Successfully Completed, Status, Successfully Completed, Status, Successfully Completed, Status, Successfully Completed, Status, Successfully Completed, Status, Successfully Completed, Status, Successfully Completed, Status, Successfully Completed, Status, Successfully Completed, Status, Successfully Completed, Status, Successfully Completed, Status, Successfully Completed, Status, Successfully Completed, Status, Successfully Completed, Status, Successfully Completed, Status, Successfully Completed, Status, Successfully Completed, Status, Successfully Completed, Status, Successfully Completed, Status, Successfully Completed, Status, Successfully Completed, Status, Successfully Completed, Status, Successfully Completed, Status, Successfully Completed, Status, Successfully Completed, Status, Successfully Completed, Status, Successfully Completed, Status, Successfully Completed, Status, Successfully Completed, Status, Successfully Completed, Status, Successfully Completed, Status, Successfully Completed, Status, Successfully Completed, Status, Successfully Completed, Status, Successfully Completed, Status, Successfully Completed, Status, Successfully Completed, Status, Successfully Completed, Status, Successfully Completed, Status, Successfully Completed, Status, Successfully Completed, Status, Successfully Completed, Status, Successfully Completed, Status, Successfully Completed, Status, Successfully Completed, Status, Successfully Completed, Status, Successfully Completed, Status, Successfully Completed, Status, Successfully Completed, Status, Successfully Completed, Status, Successfully Completed, Status, Successfully Completed, Status, Successfully Completed, Status, Successfully Completed, Status, Successfully Completed, Status, Successfully Completed, Status, Successfully Completed, Status, Successfully Completed, Status, Successfully Completed, Status, Successfully Completed, Status, Successfully Completed, Status, Successfully Completed, Status, Successfully Completed, Status, Successfully Completed, Status, Successfully Completed, Status, Successfully Completed, Status, Successfully Completed, Status, Successfully Completed, Status, Successfully Completed]
[neelback4more@gmail.com, Subho1991*, Status, Successfully Completed, Status, Successfully Completed, Status, Successfully Completed, Status, Successfully Completed, Status, Successfully Completed, Status, Successfully Completed, Status, Successfully Completed, Status, Successfully Completed, Status, Successfully Completed, Status, Successfully Completed, Status, Successfully Completed, Status, Successfully Completed, Status, Successfully Completed, Status, Successfully Completed, Status, Successfully Completed, Status, Successfully Completed, Status, Successfully Completed, Status, Successfully Completed, Status, Successfully Completed, Status, Successfully Completed, Status, Successfully Completed, Status, Successfully Completed, Status, Successfully Completed, Status, Successfully Completed, Status, Successfully Completed, Status, Successfully Completed, Status, Successfully Completed, Status, Successfully Completed, Status, Successfully Completed, Status, Successfully Completed, Status, Successfully Completed, Status, Successfully Completed, Status, Successfully Completed, Status, Successfully Completed, Status, Successfully Completed, Status, Successfully Completed, Status, Successfully Completed, Status, Successfully Completed, Status, Successfully Completed, Status, Successfully Completed, Status, Successfully Completed, Status, Successfully Completed, Status, Successfully Completed, Status, Successfully Completed, Status, Successfully Completed, Status, Successfully Completed, Status, Successfully Completed, Status, Successfully Completed, Status, Successfully Completed, Status, Successfully Completed, Status, Successfully Completed, Status, Successfully Completed, Status, Successfully Completed, Status, Successfully Completed, Status, Successfully Completed, Status, Successfully Completed, Status, Successfully Completed, Status, Successfully Completed, Status, Successfully Completed, Status, Successfully Completed, Status, Successfully Completed, Status, Successfully Completed, Status, Successfully Completed, Status, Successfully Completed, Status, Successfully Completed, Status, Successfully Completed, Status, Successfully Completed, Status, Successfully Completed, Status, Successfully Completed, Status, Successfully Completed, Status, Successfully Completed, Status, Successfully Completed, Status, Successfully Completed, Status, Successfully Completed, Status, Successfully Completed, Status, Successfully Completed, Status, Successfully Completed, Status, Successfully Completed, Status, Successfully Completed, Status, Successfully Completed, Status, Successfully Completed, Status, Successfully Completed, Status, Successfully Completed, Status, Successfully Completed, Status, Successfully Completed, Status, Successfully Completed, Status, Successfully Completed, Status, Successfully Completed, Status, Successfully Completed, Status, Successfully Completed, Status, Successfully Completed, Status, Successfully Completed, Status, Successfully Completed, Status, Successfully Completed, Status, Successfully Completed, Status, Successfully Completed, Status, Successfully Completed, Status, Successfully Completed, Status, Successfully Completed, Status, Successfully Completed, Status, Successfully Completed, Status, Successfully Completed, Status, Successfully Completed, Status, Successfully Completed, Status, Successfully Completed, Status, Successfully Completed, Status, Successfully Completed, Status, Successfully Completed, Status, Successfully Completed, Status, Successfully Completed, Status, Successfully Completed, Status, Successfully Completed, Status, Successfully Completed, Status, Successfully Completed, Status, Successfully Completed, Status, Successfully Completed, Status, Successfully Completed, Status, Successfully Completed, Status, Successfully Completed, Status, Successfully Completed, Status, Successfully Completed, Status, Successfully Completed, Status, Successfully Completed, Status, Successfully Completed, Status, Successfully Completed, Status, Successfully Completed, Status, Successfully Completed, Status, Successfully Completed, Status, Successfully Completed, Status, Successfully Completed, Status, Successfully Completed, Status, Successfully Completed, Status, Successfully Completed, Status, Successfully Completed, Status, Successfully Completed, Status, Successfully Completed, Status, Successfully Completed, Status, Successfully Completed, Status, Successfully Completed, Status, Successfully Completed, Status, Successfully Completed, Status, Successfully Completed, Status, Successfully Completed, Status, Successfully Completed, Status, Successfully Completed, Status, Successfully Completed, Status, Successfully Completed, Status, Successfully Completed, Status, Successfully Completed, Status, Successfully Completed, Status, Successfully Completed, Status, Successfully Completed, Status, Successfully Completed, Status, Successfully Completed, Status, Successfully Completed, Status, Successfully Completed, Status, Successfully Completed, Status, Successfully Completed, Status, Successfully Completed, Status, Successfully Completed, Status, Successfully Completed, Status, Successfully Completed, Status, Successfully Completed, Status, Successfully Completed, Status, Successfully Completed, Status, Successfully Completed, Status, Successfully Completed, Status, Successfully Completed, Status, Successfully Completed, Status, Successfully Completed, Status, Successfully Completed, Status, Successfully Completed, Status, Successfully Completed, Status, Successfully Completed, Status, Successfully Completed, Status, Successfully Completed, Status, Successfully Completed, Status, Successfully Completed, Status, Successfully Completed, Status, Successfully Completed, Status, Successfully Completed, Status, Successfully Completed, Status, Successfully Completed, Status, Successfully Completed, Status, Successfully Completed, Status, Successfully Completed, Status, Successfully Completed, Status, Successfully Completed, Status, Successfully Completed, Status, Successfully Completed, Status, Successfully Completed, Status, Successfully Completed, Status, Successfully Completed, Status, Successfully Completed, Status, Successfully Completed, Status, Successfully Completed, Status, Successfully Completed, Status, Successfully Completed, Status, Successfully Completed, Status, Successfully Completed, Status, Successfully Completed, Status, Successfully Completed, Status, Successfully Completed, Status, Successfully Completed, Status, Successfully Completed, Status, Successfully Completed, Status, Successfully Completed, Status, Successfully Completed, Status, Successfully Completed, Status, Successfully Completed, Status, Successfully Completed, Status, Successfully Completed, Status, Successfully Completed, Status, Successfully Completed, Status, Successfully Completed, Status, Successfully Completed, Status, Successfully Completed, Status, Successfully Completed, Status, Successfully Completed, Status, Successfully Completed, Status, Successfully Completed, Status, Successfully Completed, Status, Successfully Completed, Status, Successfully Completed, Status, Successfully Completed, Status, Successfully Completed, Status, Successfully Completed, Status, Successfully Completed, Status, Successfully Completed, Status, Successfully Completed, Status, Successfully Completed, Status]
[neelback4more@gmail.com, Subho1991*, Status, Successfully Completed, Status, Successfully Completed, Status, Successfully Completed, Status, Successfully Completed, Status, Successfully Completed, Status, Successfully Completed, Status, Successfully Completed, Status, Successfully Completed, Status, Successfully Completed, Status, Successfully Completed, Status, Successfully Completed, Status, Successfully Completed, Status, Successfully Completed, Status, Successfully Completed, Status, Successfully Completed, Status, Successfully Completed, Status, Successfully Completed, Status, Successfully Completed, Status, Successfully Completed, Status, Successfully Completed, Status, Successfully Completed, Status, Successfully Completed, Status, Successfully Completed, Status, Successfully Completed, Status, Successfully Completed, Status, Successfully Completed, Status, Successfully Completed, Status, Successfully Completed, Status, Successfully Completed, Status, Successfully Completed, Status, Successfully Completed, Status, Successfully Completed, Status, Successfully Completed, Status, Successfully Completed, Status, Successfully Completed, Status, Successfully Completed, Status, Successfully Completed, Status, Successfully Completed, Status, Successfully Completed, Status, Successfully Completed, Status, Successfully Completed, Status, Successfully Completed, Status, Successfully Completed, Status, Successfully Completed, Status, Successfully Completed, Status, Successfully Completed, Status, Successfully Completed, Status, Successfully Completed, Status, Successfully Completed, Status, Successfully Completed, Status, Successfully Completed, Status, Successfully Completed, Status, Successfully Completed, Status, Successfully Completed, Status, Successfully Completed, Status, Successfully Completed, Status, Successfully Completed, Status, Successfully Completed, Status, Successfully Completed, Status, Successfully Completed, Status, Successfully Completed, Status, Successfully Completed, Status, Successfully Completed, Status, Successfully Completed, Status, Successfully Completed, Status, Successfully Completed, Status, Successfully Completed, Status, Successfully Completed, Status, Successfully Completed, Status, Successfully Completed, Status, Successfully Completed, Status, Successfully Completed, Status, Successfully Completed, Status, Successfully Completed, Status, Successfully Completed, Status, Successfully Completed, Status, Successfully Completed, Status, Successfully Completed, Status, Successfully Completed, Status, Successfully Completed, Status, Successfully Completed, Status, Successfully Completed, Status, Successfully Completed, Status, Successfully Completed, Status, Successfully Completed, Status, Successfully Completed, Status, Successfully Completed, Status, Successfully Completed, Status, Successfully Completed, Status, Successfully Completed, Status, Successfully Completed, Status, Successfully Completed, Status, Successfully Completed, Status, Successfully Completed, Status, Successfully Completed, Status, Successfully Completed, Status, Successfully Completed, Status, Successfully Completed, Status, Successfully Completed, Status, Successfully Completed, Status, Successfully Completed, Status, Successfully Completed, Status, Successfully Completed, Status, Successfully Completed, Status, Successfully Completed, Status, Successfully Completed, Status, Successfully Completed, Status, Successfully Completed, Status, Successfully Completed, Status, Successfully Completed, Status, Successfully Completed, Status, Successfully Completed, Status, Successfully Completed, Status, Successfully Completed, Status, Successfully Completed, Status, Successfully Completed, Status, Successfully Completed, Status, Successfully Completed, Status, Successfully Completed, Status, Successfully Completed, Status, Successfully Completed, Status, Successfully Completed, Status, Successfully Completed, Status, Successfully Completed, Status, Successfully Completed, Status, Successfully Completed, Status, Successfully Completed, Status, Successfully Completed, Status, Successfully Completed, Status, Successfully Completed, Status, Successfully Completed, Status, Successfully Completed, Status, Successfully Completed, Status, Successfully Completed, Status, Successfully Completed, Status, Successfully Completed, Status, Successfully Completed, Status, Successfully Completed, Status, Successfully Completed, Status, Successfully Completed, Status, Successfully Completed, Status, Successfully Completed, Status, Successfully Completed, Status, Successfully Completed, Status, Successfully Completed, Status, Successfully Completed, Status, Successfully Completed, Status, Successfully Completed, Status, Successfully Completed, Status, Successfully Completed, Status, Successfully Completed, Status, Successfully Completed, Status, Successfully Completed, Status, Successfully Completed, Status, Successfully Completed, Status, Successfully Completed, Status, Successfully Completed, Status, Successfully Completed, Status, Successfully Completed, Status, Successfully Completed, Status, Successfully Completed, Status, Successfully Completed, Status, Successfully Completed, Status, Successfully Completed, Status, Successfully Completed, Status, Successfully Completed, Status, Successfully Completed, Status, Successfully Completed, Status, Successfully Completed, Status, Successfully Completed, Status, Successfully Completed, Status, Successfully Completed, Status, Successfully Completed, Status, Successfully Completed, Status, Successfully Completed, Status, Successfully Completed, Status, Successfully Completed, Status, Successfully Completed, Status, Successfully Completed, Status, Successfully Completed, Status, Successfully Completed, Status, Successfully Completed, Status, Successfully Completed, Status, Successfully Completed, Status, Successfully Completed, Status, Successfully Completed, Status, Successfully Completed, Status, Successfully Completed, Status, Successfully Completed, Status, Successfully Completed, Status, Successfully Completed, Status, Successfully Completed, Status, Successfully Completed, Status, Successfully Completed, Status, Successfully Completed, Status, Successfully Completed, Status, Successfully Completed, Status, Successfully Completed, Status, Successfully Completed, Status, Successfully Completed, Status, Successfully Completed, Status, Successfully Completed, Status, Successfully Completed, Status, Successfully Completed, Status, Successfully Completed, Status, Successfully Completed, Status, Successfully Completed, Status, Successfully Completed, Status, Successfully Completed, Status, Successfully Completed, Status, Successfully Completed, Status, Successfully Completed, Status, Successfully Completed, Status, Successfully Completed, Status, Successfully Completed, Status, Successfully Completed, Status, Successfully Completed, Status, Successfully Completed, Status, Successfully Completed, Status, Successfully Completed, Status, Successfully Completed, Status, Successfully Completed, Status, Successfully Completed, Status, Successfully Completed, Status, Successfully Completed, Status, Successfully Completed, Status, Successfully Completed, Status, Successfully Completed, Status, Successfully Completed, Status, Successfully Completed, Status, Successfully Completed, Status, Successfully Completed]
[neelback4more@gmail.com, Subho1991*, Status, Successfully Completed, Status, Successfully Completed, Status, Successfully Completed, Status, Successfully Completed, Status, Successfully Completed, Status, Successfully Completed, Status, Successfully Completed, Status, Successfully Completed, Status, Successfully Completed, Status, Successfully Completed, Status, Successfully Completed, Status, Successfully Completed, Status, Successfully Completed, Status, Successfully Completed, Status, Successfully Completed, Status, Successfully Completed, Status, Successfully Completed, Status, Successfully Completed, Status, Successfully Completed, Status, Successfully Completed, Status, Successfully Completed, Status, Successfully Completed, Status, Successfully Completed, Status, Successfully Completed, Status, Successfully Completed, Status, Successfully Completed, Status, Successfully Completed, Status, Successfully Completed, Status, Successfully Completed, Status, Successfully Completed, Status, Successfully Completed, Status, Successfully Completed, Status, Successfully Completed, Status, Successfully Completed, Status, Successfully Completed, Status, Successfully Completed, Status, Successfully Completed, Status, Successfully Completed, Status, Successfully Completed, Status, Successfully Completed, Status, Successfully Completed, Status, Successfully Completed, Status, Successfully Completed, Status, Successfully Completed, Status, Successfully Completed, Status, Successfully Completed, Status, Successfully Completed, Status, Successfully Completed, Status, Successfully Completed, Status, Successfully Completed, Status, Successfully Completed, Status, Successfully Completed, Status, Successfully Completed, Status, Successfully Completed, Status, Successfully Completed, Status, Successfully Completed, Status, Successfully Completed, Status, Successfully Completed, Status, Successfully Completed, Status, Successfully Completed, Status, Successfully Completed, Status, Successfully Completed, Status, Successfully Completed, Status, Successfully Completed, Status, Successfully Completed, Status, Successfully Completed, Status, Successfully Completed, Status, Successfully Completed, Status, Successfully Completed, Status, Successfully Completed, Status, Successfully Completed, Status, Successfully Completed, Status, Successfully Completed, Status, Successfully Completed, Status, Successfully Completed, Status, Successfully Completed, Status, Successfully Completed, Status, Successfully Completed, Status, Successfully Completed, Status, Successfully Completed, Status, Successfully Completed, Status, Successfully Completed, Status, Successfully Completed, Status, Successfully Completed, Status, Successfully Completed, Status, Successfully Completed, Status, Successfully Completed, Status, Successfully Completed, Status, Successfully Completed, Status, Successfully Completed, Status, Successfully Completed, Status, Successfully Completed, Status, Successfully Completed, Status, Successfully Completed, Status, Successfully Completed, Status, Successfully Completed, Status, Successfully Completed, Status, Successfully Completed, Status, Successfully Completed, Status, Successfully Completed, Status, Successfully Completed, Status, Successfully Completed, Status, Successfully Completed, Status, Successfully Completed, Status, Successfully Completed, Status, Successfully Completed, Status, Successfully Completed, Status, Successfully Completed, Status, Successfully Completed, Status, Successfully Completed, Status, Successfully Completed, Status, Successfully Completed, Status, Successfully Completed, Status, Successfully Completed, Status, Successfully Completed, Status, Successfully Completed, Status, Successfully Completed, Status, Successfully Completed, Status, Successfully Completed, Status, Successfully Completed, Status, Successfully Completed, Status, Successfully Completed, Status, Successfully Completed, Status, Successfully Completed, Status, Successfully Completed, Status, Successfully Completed, Status, Successfully Completed, Status, Successfully Completed, Status, Successfully Completed, Status, Successfully Completed, Status, Successfully Completed, Status, Successfully Completed, Status, Successfully Completed, Status, Successfully Completed, Status, Successfully Completed, Status, Successfully Completed, Status, Successfully Completed, Status, Successfully Completed, Status, Successfully Completed, Status, Successfully Completed, Status, Successfully Completed, Status, Successfully Completed, Status, Successfully Completed, Status, Successfully Completed, Status, Successfully Completed, Status, Successfully Completed, Status, Successfully Completed, Status, Successfully Completed, Status, Successfully Completed, Status, Successfully Completed, Status, Successfully Completed, Status, Successfully Completed, Status, Successfully Completed, Status, Successfully Completed, Status, Successfully Completed, Status, Successfully Completed, Status, Successfully Completed, Status, Successfully Completed, Status, Successfully Completed, Status, Successfully Completed, Status, Successfully Completed, Status, Successfully Completed, Status, Successfully Completed, Status, Successfully Completed, Status, Successfully Completed, Status, Successfully Completed, Status, Successfully Completed, Status, Successfully Completed, Status, Successfully Completed, Status, Successfully Completed, Status, Successfully Completed, Status, Successfully Completed, Status, Successfully Completed, Status, Successfully Completed, Status, Successfully Completed, Status, Successfully Completed, Status, Successfully Completed, Status, Successfully Completed, Status, Successfully Completed, Status, Successfully Completed, Status, Successfully Completed, Status, Successfully Completed, Status, Successfully Completed, Status, Successfully Completed, Status, Successfully Completed, Status, Successfully Completed, Status, Successfully Completed, Status, Successfully Completed, Status, Successfully Completed, Status, Successfully Completed, Status, Successfully Completed, Status, Successfully Completed, Status, Successfully Completed, Status, Successfully Completed, Status, Successfully Completed, Status, Successfully Completed, Status, Successfully Completed, Status, Successfully Completed, Status, Successfully Completed, Status, Successfully Completed, Status, Successfully Completed, Status, Successfully Completed, Status, Successfully Completed, Status, Successfully Completed, Status, Successfully Completed, Status, Successfully Completed, Status, Successfully Completed, Status, Successfully Completed, Status, Successfully Completed, Status, Successfully Completed, Status, Successfully Completed, Status, Successfully Completed, Status, Successfully Completed, Status, Successfully Completed, Status, Successfully Completed, Status, Successfully Completed, Status, Successfully Completed, Status, Successfully Completed, Status, Successfully Completed, Status, Successfully Completed, Status, Successfully Completed, Status, Successfully Completed, Status, Successfully Completed, Status, Successfully Completed, Status, Successfully Completed, Status, Successfully Completed, Status, Successfully Completed, Status, Successfully Completed, Status, Successfully Completed, Status, Successfully Completed, Status, Successfully Completed, Status, Successfully Completed, Status]
[neelback4more@gmail.com, Subho1991*, Status, Successfully Completed, Status, Successfully Completed, Status, Successfully Completed, Status, Successfully Completed, Status, Successfully Completed, Status, Successfully Completed, Status, Successfully Completed, Status, Successfully Completed, Status, Successfully Completed, Status, Successfully Completed, Status, Successfully Completed, Status, Successfully Completed, Status, Successfully Completed, Status, Successfully Completed, Status, Successfully Completed, Status, Successfully Completed, Status, Successfully Completed, Status, Successfully Completed, Status, Successfully Completed, Status, Successfully Completed, Status, Successfully Completed, Status, Successfully Completed, Status, Successfully Completed, Status, Successfully Completed, Status, Successfully Completed, Status, Successfully Completed, Status, Successfully Completed, Status, Successfully Completed, Status, Successfully Completed, Status, Successfully Completed, Status, Successfully Completed, Status, Successfully Completed, Status, Successfully Completed, Status, Successfully Completed, Status, Successfully Completed, Status, Successfully Completed, Status, Successfully Completed, Status, Successfully Completed, Status, Successfully Completed, Status, Successfully Completed, Status, Successfully Completed, Status, Successfully Completed, Status, Successfully Completed, Status, Successfully Completed, Status, Successfully Completed, Status, Successfully Completed, Status, Successfully Completed, Status, Successfully Completed, Status, Successfully Completed, Status, Successfully Completed, Status, Successfully Completed, Status, Successfully Completed, Status, Successfully Completed, Status, Successfully Completed, Status, Successfully Completed, Status, Successfully Completed, Status, Successfully Completed, Status, Successfully Completed, Status, Successfully Completed, Status, Successfully Completed, Status, Successfully Completed, Status, Successfully Completed, Status, Successfully Completed, Status, Successfully Completed, Status, Successfully Completed, Status, Successfully Completed, Status, Successfully Completed, Status, Successfully Completed, Status, Successfully Completed, Status, Successfully Completed, Status, Successfully Completed, Status, Successfully Completed, Status, Successfully Completed, Status, Successfully Completed, Status, Successfully Completed, Status, Successfully Completed, Status, Successfully Completed, Status, Successfully Completed, Status, Successfully Completed, Status, Successfully Completed, Status, Successfully Completed, Status, Successfully Completed, Status, Successfully Completed, Status, Successfully Completed, Status, Successfully Completed, Status, Successfully Completed, Status, Successfully Completed, Status, Successfully Completed, Status, Successfully Completed, Status, Successfully Completed, Status, Successfully Completed, Status, Successfully Completed, Status, Successfully Completed, Status, Successfully Completed, Status, Successfully Completed, Status, Successfully Completed, Status, Successfully Completed, Status, Successfully Completed, Status, Successfully Completed, Status, Successfully Completed, Status, Successfully Completed, Status, Successfully Completed, Status, Successfully Completed, Status, Successfully Completed, Status, Successfully Completed, Status, Successfully Completed, Status, Successfully Completed, Status, Successfully Completed, Status, Successfully Completed, Status, Successfully Completed, Status, Successfully Completed, Status, Successfully Completed, Status, Successfully Completed, Status, Successfully Completed, Status, Successfully Completed, Status, Successfully Completed, Status, Successfully Completed, Status, Successfully Completed, Status, Successfully Completed, Status, Successfully Completed, Status, Successfully Completed, Status, Successfully Completed, Status, Successfully Completed, Status, Successfully Completed, Status, Successfully Completed, Status, Successfully Completed, Status, Successfully Completed, Status, Successfully Completed, Status, Successfully Completed, Status, Successfully Completed, Status, Successfully Completed, Status, Successfully Completed, Status, Successfully Completed, Status, Successfully Completed, Status, Successfully Completed, Status, Successfully Completed, Status, Successfully Completed, Status, Successfully Completed, Status, Successfully Completed, Status, Successfully Completed, Status, Successfully Completed, Status, Successfully Completed, Status, Successfully Completed, Status, Successfully Completed, Status, Successfully Completed, Status, Successfully Completed, Status, Successfully Completed, Status, Successfully Completed, Status, Successfully Completed, Status, Successfully Completed, Status, Successfully Completed, Status, Successfully Completed, Status, Successfully Completed, Status, Successfully Completed, Status, Successfully Completed, Status, Successfully Completed, Status, Successfully Completed, Status, Successfully Completed, Status, Successfully Completed, Status, Successfully Completed, Status, Successfully Completed, Status, Successfully Completed, Status, Successfully Completed, Status, Successfully Completed, Status, Successfully Completed, Status, Successfully Completed, Status, Successfully Completed, Status, Successfully Completed, Status, Successfully Completed, Status, Successfully Completed, Status, Successfully Completed, Status, Successfully Completed, Status, Successfully Completed, Status, Successfully Completed, Status, Successfully Completed, Status, Successfully Completed, Status, Successfully Completed, Status, Successfully Completed, Status, Successfully Completed, Status, Successfully Completed, Status, Successfully Completed, Status, Successfully Completed, Status, Successfully Completed, Status, Successfully Completed, Status, Successfully Completed, Status, Successfully Completed, Status, Successfully Completed, Status, Successfully Completed, Status, Successfully Completed, Status, Successfully Completed, Status, Successfully Completed, Status, Successfully Completed, Status, Successfully Completed, Status, Successfully Completed, Status, Successfully Completed, Status, Successfully Completed, Status, Successfully Completed, Status, Successfully Completed, Status, Successfully Completed, Status, Successfully Completed, Status, Successfully Completed, Status, Successfully Completed, Status, Successfully Completed, Status, Successfully Completed, Status, Successfully Completed, Status, Successfully Completed, Status, Successfully Completed, Status, Successfully Completed, Status, Successfully Completed, Status, Successfully Completed, Status, Successfully Completed, Status, Successfully Completed, Status, Successfully Completed, Status, Successfully Completed, Status, Successfully Completed, Status, Successfully Completed, Status, Successfully Completed, Status, Successfully Completed, Status, Successfully Completed, Status, Successfully Completed, Status, Successfully Completed, Status, Successfully Completed, Status, Successfully Completed, Status, Successfully Completed, Status, Successfully Completed, Status, Successfully Completed, Status, Successfully Completed, Status, Successfully Completed, Status, Successfully Completed, Status, Successfully Completed, Status, Successfully Completed, Status, Successfully Completed, Status, Successfully Completed]
[neelback4more@gmail.com, Subho1991*, Status, Successfully Completed, Status, Successfully Completed, Status, Successfully Completed, Status, Successfully Completed, Status, Successfully Completed, Status, Successfully Completed, Status, Successfully Completed, Status, Successfully Completed, Status, Successfully Completed, Status, Successfully Completed, Status, Successfully Completed, Status, Successfully Completed, Status, Successfully Completed, Status, Successfully Completed, Status, Successfully Completed, Status, Successfully Completed, Status, Successfully Completed, Status, Successfully Completed, Status, Successfully Completed, Status, Successfully Completed, Status, Successfully Completed, Status, Successfully Completed, Status, Successfully Completed, Status, Successfully Completed, Status, Successfully Completed, Status, Successfully Completed, Status, Successfully Completed, Status, Successfully Completed, Status, Successfully Completed, Status, Successfully Completed, Status, Successfully Completed, Status, Successfully Completed, Status, Successfully Completed, Status, Successfully Completed, Status, Successfully Completed, Status, Successfully Completed, Status, Successfully Completed, Status, Successfully Completed, Status, Successfully Completed, Status, Successfully Completed, Status, Successfully Completed, Status, Successfully Completed, Status, Successfully Completed, Status, Successfully Completed, Status, Successfully Completed, Status, Successfully Completed, Status, Successfully Completed, Status, Successfully Completed, Status, Successfully Completed, Status, Successfully Completed, Status, Successfully Completed, Status, Successfully Completed, Status, Successfully Completed, Status, Successfully Completed, Status, Successfully Completed, Status, Successfully Completed, Status, Successfully Completed, Status, Successfully Completed, Status, Successfully Completed, Status, Successfully Completed, Status, Successfully Completed, Status, Successfully Completed, Status, Successfully Completed, Status, Successfully Completed, Status, Successfully Completed, Status, Successfully Completed, Status, Successfully Completed, Status, Successfully Completed, Status, Successfully Completed, Status, Successfully Completed, Status, Successfully Completed, Status, Successfully Completed, Status, Successfully Completed, Status, Successfully Completed, Status, Successfully Completed, Status, Successfully Completed, Status, Successfully Completed, Status, Successfully Completed, Status, Successfully Completed, Status, Successfully Completed, Status, Successfully Completed, Status, Successfully Completed, Status, Successfully Completed, Status, Successfully Completed, Status, Successfully Completed, Status, Successfully Completed, Status, Successfully Completed, Status, Successfully Completed, Status, Successfully Completed, Status, Successfully Completed, Status, Successfully Completed, Status, Successfully Completed, Status, Successfully Completed, Status, Successfully Completed, Status, Successfully Completed, Status, Successfully Completed, Status, Successfully Completed, Status, Successfully Completed, Status, Successfully Completed, Status, Successfully Completed, Status, Successfully Completed, Status, Successfully Completed, Status, Successfully Completed, Status, Successfully Completed, Status, Successfully Completed, Status, Successfully Completed, Status, Successfully Completed, Status, Successfully Completed, Status, Successfully Completed, Status, Successfully Completed, Status, Successfully Completed, Status, Successfully Completed, Status, Successfully Completed, Status, Successfully Completed, Status, Successfully Completed, Status, Successfully Completed, Status, Successfully Completed, Status, Successfully Completed, Status, Successfully Completed, Status, Successfully Completed, Status, Successfully Completed, Status, Successfully Completed, Status, Successfully Completed, Status, Successfully Completed, Status, Successfully Completed, Status, Successfully Completed, Status, Successfully Completed, Status, Successfully Completed, Status, Successfully Completed, Status, Successfully Completed, Status, Successfully Completed, Status, Successfully Completed, Status, Successfully Completed, Status, Successfully Completed, Status, Successfully Completed, Status, Successfully Completed, Status, Successfully Completed, Status, Successfully Completed, Status, Successfully Completed, Status, Successfully Completed, Status, Successfully Completed, Status, Successfully Completed, Status, Successfully Completed, Status, Successfully Completed, Status, Successfully Completed, Status, Successfully Completed, Status, Successfully Completed, Status, Successfully Completed, Status, Successfully Completed, Status, Successfully Completed, Status, Successfully Completed, Status, Successfully Completed, Status, Successfully Completed, Status, Successfully Completed, Status, Successfully Completed, Status, Successfully Completed, Status, Successfully Completed, Status, Successfully Completed, Status, Successfully Completed, Status, Successfully Completed, Status, Successfully Completed, Status, Successfully Completed, Status, Successfully Completed, Status, Successfully Completed, Status, Successfully Completed, Status, Successfully Completed, Status, Successfully Completed, Status, Successfully Completed, Status, Successfully Completed, Status, Successfully Completed, Status, Successfully Completed, Status, Successfully Completed, Status, Successfully Completed, Status, Successfully Completed, Status, Successfully Completed, Status, Successfully Completed, Status, Successfully Completed, Status, Successfully Completed, Status, Successfully Completed, Status, Successfully Completed, Status, Successfully Completed, Status, Successfully Completed, Status, Successfully Completed, Status, Successfully Completed, Status, Successfully Completed, Status, Successfully Completed, Status, Successfully Completed, Status, Successfully Completed, Status, Successfully Completed, Status, Successfully Completed, Status, Successfully Completed, Status, Successfully Completed, Status, Successfully Completed, Status, Successfully Completed, Status, Successfully Completed, Status, Successfully Completed, Status, Successfully Completed, Status, Successfully Completed, Status, Successfully Completed, Status, Successfully Completed, Status, Successfully Completed, Status, Successfully Completed, Status, Successfully Completed, Status, Successfully Completed, Status, Successfully Completed, Status, Successfully Completed, Status, Successfully Completed, Status, Successfully Completed, Status, Successfully Completed, Status, Successfully Completed, Status, Successfully Completed, Status, Successfully Completed, Status, Successfully Completed, Status, Successfully Completed, Status, Successfully Completed, Status, Successfully Completed, Status, Successfully Completed, Status, Successfully Completed, Status, Successfully Completed, Status, Successfully Completed, Status, Successfully Completed, Status, Successfully Completed, Status, Successfully Completed, Status, Successfully Completed, Status, Successfully Completed, Status, Successfully Completed, Status, Successfully Completed, Status, Successfully Completed, Status, Successfully Completed, Status, Successfully Completed, Status, Successfully Completed, Status, Successfully Completed, Status, Successfully Completed, Status]
[neelback4more@gmail.com, Subho1991*, Status, Successfully Completed, Status, Successfully Completed, Status, Successfully Completed, Status, Successfully Completed, Status, Successfully Completed, Status, Successfully Completed, Status, Successfully Completed, Status, Successfully Completed, Status, Successfully Completed, Status, Successfully Completed, Status, Successfully Completed, Status, Successfully Completed, Status, Successfully Completed, Status, Successfully Completed, Status, Successfully Completed, Status, Successfully Completed, Status, Successfully Completed, Status, Successfully Completed, Status, Successfully Completed, Status, Successfully Completed, Status, Successfully Completed, Status, Successfully Completed, Status, Successfully Completed, Status, Successfully Completed, Status, Successfully Completed, Status, Successfully Completed, Status, Successfully Completed, Status, Successfully Completed, Status, Successfully Completed, Status, Successfully Completed, Status, Successfully Completed, Status, Successfully Completed, Status, Successfully Completed, Status, Successfully Completed, Status, Successfully Completed, Status, Successfully Completed, Status, Successfully Completed, Status, Successfully Completed, Status, Successfully Completed, Status, Successfully Completed, Status, Successfully Completed, Status, Successfully Completed, Status, Successfully Completed, Status, Successfully Completed, Status, Successfully Completed, Status, Successfully Completed, Status, Successfully Completed, Status, Successfully Completed, Status, Successfully Completed, Status, Successfully Completed, Status, Successfully Completed, Status, Successfully Completed, Status, Successfully Completed, Status, Successfully Completed, Status, Successfully Completed, Status, Successfully Completed, Status, Successfully Completed, Status, Successfully Completed, Status, Successfully Completed, Status, Successfully Completed, Status, Successfully Completed, Status, Successfully Completed, Status, Successfully Completed, Status, Successfully Completed, Status, Successfully Completed, Status, Successfully Completed, Status, Successfully Completed, Status, Successfully Completed, Status, Successfully Completed, Status, Successfully Completed, Status, Successfully Completed, Status, Successfully Completed, Status, Successfully Completed, Status, Successfully Completed, Status, Successfully Completed, Status, Successfully Completed, Status, Successfully Completed, Status, Successfully Completed, Status, Successfully Completed, Status, Successfully Completed, Status, Successfully Completed, Status, Successfully Completed, Status, Successfully Completed, Status, Successfully Completed, Status, Successfully Completed, Status, Successfully Completed, Status, Successfully Completed, Status, Successfully Completed, Status, Successfully Completed, Status, Successfully Completed, Status, Successfully Completed, Status, Successfully Completed, Status, Successfully Completed, Status, Successfully Completed, Status, Successfully Completed, Status, Successfully Completed, Status, Successfully Completed, Status, Successfully Completed, Status, Successfully Completed, Status, Successfully Completed, Status, Successfully Completed, Status, Successfully Completed, Status, Successfully Completed, Status, Successfully Completed, Status, Successfully Completed, Status, Successfully Completed, Status, Successfully Completed, Status, Successfully Completed, Status, Successfully Completed, Status, Successfully Completed, Status, Successfully Completed, Status, Successfully Completed, Status, Successfully Completed, Status, Successfully Completed, Status, Successfully Completed, Status, Successfully Completed, Status, Successfully Completed, Status, Successfully Completed, Status, Successfully Completed, Status, Successfully Completed, Status, Successfully Completed, Status, Successfully Completed, Status, Successfully Completed, Status, Successfully Completed, Status, Successfully Completed, Status, Successfully Completed, Status, Successfully Completed, Status, Successfully Completed, Status, Successfully Completed, Status, Successfully Completed, Status, Successfully Completed, Status, Successfully Completed, Status, Successfully Completed, Status, Successfully Completed, Status, Successfully Completed, Status, Successfully Completed, Status, Successfully Completed, Status, Successfully Completed, Status, Successfully Completed, Status, Successfully Completed, Status, Successfully Completed, Status, Successfully Completed, Status, Successfully Completed, Status, Successfully Completed, Status, Successfully Completed, Status, Successfully Completed, Status, Successfully Completed, Status, Successfully Completed, Status, Successfully Completed, Status, Successfully Completed, Status, Successfully Completed, Status, Successfully Completed, Status, Successfully Completed, Status, Successfully Completed, Status, Successfully Completed, Status, Successfully Completed, Status, Successfully Completed, Status, Successfully Completed, Status, Successfully Completed, Status, Successfully Completed, Status, Successfully Completed, Status, Successfully Completed, Status, Successfully Completed, Status, Successfully Completed, Status, Successfully Completed, Status, Successfully Completed, Status, Successfully Completed, Status, Successfully Completed, Status, Successfully Completed, Status, Successfully Completed, Status, Successfully Completed, Status, Successfully Completed, Status, Successfully Completed, Status, Successfully Completed, Status, Successfully Completed, Status, Successfully Completed, Status, Successfully Completed, Status, Successfully Completed, Status, Successfully Completed, Status, Successfully Completed, Status, Successfully Completed, Status, Successfully Completed, Status, Successfully Completed, Status, Successfully Completed, Status, Successfully Completed, Status, Successfully Completed, Status, Successfully Completed, Status, Successfully Completed, Status, Successfully Completed, Status, Successfully Completed, Status, Successfully Completed, Status, Successfully Completed, Status, Successfully Completed, Status, Successfully Completed, Status, Successfully Completed, Status, Successfully Completed, Status, Successfully Completed, Status, Successfully Completed, Status, Successfully Completed, Status, Successfully Completed, Status, Successfully Completed, Status, Successfully Completed, Status, Successfully Completed, Status, Successfully Completed, Status, Successfully Completed, Status, Successfully Completed, Status, Successfully Completed, Status, Successfully Completed, Status, Successfully Completed, Status, Successfully Completed, Status, Successfully Completed, Status, Successfully Completed, Status, Successfully Completed, Status, Successfully Completed, Status, Successfully Completed, Status, Successfully Completed, Status, Successfully Completed, Status, Successfully Completed, Status, Successfully Completed, Status, Successfully Completed, Status, Successfully Completed, Status, Successfully Completed, Status, Successfully Completed, Status, Successfully Completed, Status, Successfully Completed, Status, Successfully Completed, Status, Successfully Completed, Status, Successfully Completed, Status, Successfully Completed, Status, Successfully Completed, Status, Successfully Completed, Status, Successfully Completed, Status, Successfully Completed, Status, Successfully Completed]
[neelback4more@gmail.com, Subho1991*, Status, Successfully Completed, Status, Successfully Completed, Status, Successfully Completed, Status, Successfully Completed, Status, Successfully Completed, Status, Successfully Completed, Status, Successfully Completed, Status, Successfully Completed, Status, Successfully Completed, Status, Successfully Completed, Status, Successfully Completed, Status, Successfully Completed, Status, Successfully Completed, Status, Successfully Completed, Status, Successfully Completed, Status, Successfully Completed, Status, Successfully Completed, Status, Successfully Completed, Status, Successfully Completed, Status, Successfully Completed, Status, Successfully Completed, Status, Successfully Completed, Status, Successfully Completed, Status, Successfully Completed, Status, Successfully Completed, Status, Successfully Completed, Status, Successfully Completed, Status, Successfully Completed, Status, Successfully Completed, Status, Successfully Completed, Status, Successfully Completed, Status, Successfully Completed, Status, Successfully Completed, Status, Successfully Completed, Status, Successfully Completed, Status, Successfully Completed, Status, Successfully Completed, Status, Successfully Completed, Status, Successfully Completed, Status, Successfully Completed, Status, Successfully Completed, Status, Successfully Completed, Status, Successfully Completed, Status, Successfully Completed, Status, Successfully Completed, Status, Successfully Completed, Status, Successfully Completed, Status, Successfully Completed, Status, Successfully Completed, Status, Successfully Completed, Status, Successfully Completed, Status, Successfully Completed, Status, Successfully Completed, Status, Successfully Completed, Status, Successfully Completed, Status, Successfully Completed, Status, Successfully Completed, Status, Successfully Completed, Status, Successfully Completed, Status, Successfully Completed, Status, Successfully Completed, Status, Successfully Completed, Status, Successfully Completed, Status, Successfully Completed, Status, Successfully Completed, Status, Successfully Completed, Status, Successfully Completed, Status, Successfully Completed, Status, Successfully Completed, Status, Successfully Completed, Status, Successfully Completed, Status, Successfully Completed, Status, Successfully Completed, Status, Successfully Completed, Status, Successfully Completed, Status, Successfully Completed, Status, Successfully Completed, Status, Successfully Completed, Status, Successfully Completed, Status, Successfully Completed, Status, Successfully Completed, Status, Successfully Completed, Status, Successfully Completed, Status, Successfully Completed, Status, Successfully Completed, Status, Successfully Completed, Status, Successfully Completed, Status, Successfully Completed, Status, Successfully Completed, Status, Successfully Completed, Status, Successfully Completed, Status, Successfully Completed, Status, Successfully Completed, Status, Successfully Completed, Status, Successfully Completed, Status, Successfully Completed, Status, Successfully Completed, Status, Successfully Completed, Status, Successfully Completed, Status, Successfully Completed, Status, Successfully Completed, Status, Successfully Completed, Status, Successfully Completed, Status, Successfully Completed, Status, Successfully Completed, Status, Successfully Completed, Status, Successfully Completed, Status, Successfully Completed, Status, Successfully Completed, Status, Successfully Completed, Status, Successfully Completed, Status, Successfully Completed, Status, Successfully Completed, Status, Successfully Completed, Status, Successfully Completed, Status, Successfully Completed, Status, Successfully Completed, Status, Successfully Completed, Status, Successfully Completed, Status, Successfully Completed, Status, Successfully Completed, Status, Successfully Completed, Status, Successfully Completed, Status, Successfully Completed, Status, Successfully Completed, Status, Successfully Completed, Status, Successfully Completed, Status, Successfully Completed, Status, Successfully Completed, Status, Successfully Completed, Status, Successfully Completed, Status, Successfully Completed, Status, Successfully Completed, Status, Successfully Completed, Status, Successfully Completed, Status, Successfully Completed, Status, Successfully Completed, Status, Successfully Completed, Status, Successfully Completed, Status, Successfully Completed, Status, Successfully Completed, Status, Successfully Completed, Status, Successfully Completed, Status, Successfully Completed, Status, Successfully Completed, Status, Successfully Completed, Status, Successfully Completed, Status, Successfully Completed, Status, Successfully Completed, Status, Successfully Completed, Status, Successfully Completed, Status, Successfully Completed, Status, Successfully Completed, Status, Successfully Completed, Status, Successfully Completed, Status, Successfully Completed, Status, Successfully Completed, Status, Successfully Completed, Status, Successfully Completed, Status, Successfully Completed, Status, Successfully Completed, Status, Successfully Completed, Status, Successfully Completed, Status, Successfully Completed, Status, Successfully Completed, Status, Successfully Completed, Status, Successfully Completed, Status, Successfully Completed, Status, Successfully Completed, Status, Successfully Completed, Status, Successfully Completed, Status, Successfully Completed, Status, Successfully Completed, Status, Successfully Completed, Status, Successfully Completed, Status, Successfully Completed, Status, Successfully Completed, Status, Successfully Completed, Status, Successfully Completed, Status, Successfully Completed, Status, Successfully Completed, Status, Successfully Completed, Status, Successfully Completed, Status, Successfully Completed, Status, Successfully Completed, Status, Successfully Completed, Status, Successfully Completed, Status, Successfully Completed, Status, Successfully Completed, Status, Successfully Completed, Status, Successfully Completed, Status, Successfully Completed, Status, Successfully Completed, Status, Successfully Completed, Status, Successfully Completed, Status, Successfully Completed, Status, Successfully Completed, Status, Successfully Completed, Status, Successfully Completed, Status, Successfully Completed, Status, Successfully Completed, Status, Successfully Completed, Status, Successfully Completed, Status, Successfully Completed, Status, Successfully Completed, Status, Successfully Completed, Status, Successfully Completed, Status, Successfully Completed, Status, Successfully Completed, Status, Successfully Completed, Status, Successfully Completed, Status, Successfully Completed, Status, Successfully Completed, Status, Successfully Completed, Status, Successfully Completed, Status, Successfully Completed, Status, Successfully Completed, Status, Successfully Completed, Status, Successfully Completed, Status, Successfully Completed, Status, Successfully Completed, Status, Successfully Completed, Status, Successfully Completed, Status, Successfully Completed, Status, Successfully Completed, Status, Successfully Completed, Status, Successfully Completed, Status, Successfully Completed, Status, Successfully Completed, Status, Successfully Completed, Status, Successfully Completed, Status, Successfully Completed, Status, Successfully Completed, Status, Successfully Completed, Status]
[neelback4more@gmail.com, Subho1991*, Status, Successfully Completed, Status, Successfully Completed, Status, Successfully Completed, Status, Successfully Completed, Status, Successfully Completed, Status, Successfully Completed, Status, Successfully Completed, Status, Successfully Completed, Status, Successfully Completed, Status, Successfully Completed, Status, Successfully Completed, Status, Successfully Completed, Status, Successfully Completed, Status, Successfully Completed, Status, Successfully Completed, Status, Successfully Completed, Status, Successfully Completed, Status, Successfully Completed, Status, Successfully Completed, Status, Successfully Completed, Status, Successfully Completed, Status, Successfully Completed, Status, Successfully Completed, Status, Successfully Completed, Status, Successfully Completed, Status, Successfully Completed, Status, Successfully Completed, Status, Successfully Completed, Status, Successfully Completed, Status, Successfully Completed, Status, Successfully Completed, Status, Successfully Completed, Status, Successfully Completed, Status, Successfully Completed, Status, Successfully Completed, Status, Successfully Completed, Status, Successfully Completed, Status, Successfully Completed, Status, Successfully Completed, Status, Successfully Completed, Status, Successfully Completed, Status, Successfully Completed, Status, Successfully Completed, Status, Successfully Completed, Status, Successfully Completed, Status, Successfully Completed, Status, Successfully Completed, Status, Successfully Completed, Status, Successfully Completed, Status, Successfully Completed, Status, Successfully Completed, Status, Successfully Completed, Status, Successfully Completed, Status, Successfully Completed, Status, Successfully Completed, Status, Successfully Completed, Status, Successfully Completed, Status, Successfully Completed, Status, Successfully Completed, Status, Successfully Completed, Status, Successfully Completed, Status, Successfully Completed, Status, Successfully Completed, Status, Successfully Completed, Status, Successfully Completed, Status, Successfully Completed, Status, Successfully Completed, Status, Successfully Completed, Status, Successfully Completed, Status, Successfully Completed, Status, Successfully Completed, Status, Successfully Completed, Status, Successfully Completed, Status, Successfully Completed, Status, Successfully Completed, Status, Successfully Completed, Status, Successfully Completed, Status, Successfully Completed, Status, Successfully Completed, Status, Successfully Completed, Status, Successfully Completed, Status, Successfully Completed, Status, Successfully Completed, Status, Successfully Completed, Status, Successfully Completed, Status, Successfully Completed, Status, Successfully Completed, Status, Successfully Completed, Status, Successfully Completed, Status, Successfully Completed, Status, Successfully Completed, Status, Successfully Completed, Status, Successfully Completed, Status, Successfully Completed, Status, Successfully Completed, Status, Successfully Completed, Status, Successfully Completed, Status, Successfully Completed, Status, Successfully Completed, Status, Successfully Completed, Status, Successfully Completed, Status, Successfully Completed, Status, Successfully Completed, Status, Successfully Completed, Status, Successfully Completed, Status, Successfully Completed, Status, Successfully Completed, Status, Successfully Completed, Status, Successfully Completed, Status, Successfully Completed, Status, Successfully Completed, Status, Successfully Completed, Status, Successfully Completed, Status, Successfully Completed, Status, Successfully Completed, Status, Successfully Completed, Status, Successfully Completed, Status, Successfully Completed, Status, Successfully Completed, Status, Successfully Completed, Status, Successfully Completed, Status, Successfully Completed, Status, Successfully Completed, Status, Successfully Completed, Status, Successfully Completed, Status, Successfully Completed, Status, Successfully Completed, Status, Successfully Completed, Status, Successfully Completed, Status, Successfully Completed, Status, Successfully Completed, Status, Successfully Completed, Status, Successfully Completed, Status, Successfully Completed, Status, Successfully Completed, Status, Successfully Completed, Status, Successfully Completed, Status, Successfully Completed, Status, Successfully Completed, Status, Successfully Completed, Status, Successfully Completed, Status, Successfully Completed, Status, Successfully Completed, Status, Successfully Completed, Status, Successfully Completed, Status, Successfully Completed, Status, Successfully Completed, Status, Successfully Completed, Status, Successfully Completed, Status, Successfully Completed, Status, Successfully Completed, Status, Successfully Completed, Status, Successfully Completed, Status, Successfully Completed, Status, Successfully Completed, Status, Successfully Completed, Status, Successfully Completed, Status, Successfully Completed, Status, Successfully Completed, Status, Successfully Completed, Status, Successfully Completed, Status, Successfully Completed, Status, Successfully Completed, Status, Successfully Completed, Status, Successfully Completed, Status, Successfully Completed, Status, Successfully Completed, Status, Successfully Completed, Status, Successfully Completed, Status, Successfully Completed, Status, Successfully Completed, Status, Successfully Completed, Status, Successfully Completed, Status, Successfully Completed, Status, Successfully Completed, Status, Successfully Completed, Status, Successfully Completed, Status, Successfully Completed, Status, Successfully Completed, Status, Successfully Completed, Status, Successfully Completed, Status, Successfully Completed, Status, Successfully Completed, Status, Successfully Completed, Status, Successfully Completed, Status, Successfully Completed, Status, Successfully Completed, Status, Successfully Completed, Status, Successfully Completed, Status, Successfully Completed, Status, Successfully Completed, Status, Successfully Completed, Status, Successfully Completed, Status, Successfully Completed, Status, Successfully Completed, Status, Successfully Completed, Status, Successfully Completed, Status, Successfully Completed, Status, Successfully Completed, Status, Successfully Completed, Status, Successfully Completed, Status, Successfully Completed, Status, Successfully Completed, Status, Successfully Completed, Status, Successfully Completed, Status, Successfully Completed, Status, Successfully Completed, Status, Successfully Completed, Status, Successfully Completed, Status, Successfully Completed, Status, Successfully Completed, Status, Successfully Completed, Status, Successfully Completed, Status, Successfully Completed, Status, Successfully Completed, Status, Successfully Completed, Status, Successfully Completed, Status, Successfully Completed, Status, Successfully Completed, Status, Successfully Completed, Status, Successfully Completed, Status, Successfully Completed, Status, Successfully Completed, Status, Successfully Completed, Status, Successfully Completed, Status, Successfully Completed, Status, Successfully Completed, Status, Successfully Completed, Status, Successfully Completed, Status, Successfully Completed, Status, Successfully Completed, Status, Successfully Completed, Status, Successfully Completed, Status, Successfully Completed, Status, Successfully Completed]
[neelback4more@gmail.com, Subho1991*, Status, Successfully Completed, Status, Successfully Completed, Status, Successfully Completed, Status, Successfully Completed, Status, Successfully Completed, Status, Successfully Completed, Status, Successfully Completed, Status, Successfully Completed, Status, Successfully Completed, Status, Successfully Completed, Status, Successfully Completed, Status, Successfully Completed, Status, Successfully Completed, Status, Successfully Completed, Status, Successfully Completed, Status, Successfully Completed, Status, Successfully Completed, Status, Successfully Completed, Status, Successfully Completed, Status, Successfully Completed, Status, Successfully Completed, Status, Successfully Completed, Status, Successfully Completed, Status, Successfully Completed, Status, Successfully Completed, Status, Successfully Completed, Status, Successfully Completed, Status, Successfully Completed, Status, Successfully Completed, Status, Successfully Completed, Status, Successfully Completed, Status, Successfully Completed, Status, Successfully Completed, Status, Successfully Completed, Status, Successfully Completed, Status, Successfully Completed, Status, Successfully Completed, Status, Successfully Completed, Status, Successfully Completed, Status, Successfully Completed, Status, Successfully Completed, Status, Successfully Completed, Status, Successfully Completed, Status, Successfully Completed, Status, Successfully Completed, Status, Successfully Completed, Status, Successfully Completed, Status, Successfully Completed, Status, Successfully Completed, Status, Successfully Completed, Status, Successfully Completed, Status, Successfully Completed, Status, Successfully Completed, Status, Successfully Completed, Status, Successfully Completed, Status, Successfully Completed, Status, Successfully Completed, Status, Successfully Completed, Status, Successfully Completed, Status, Successfully Completed, Status, Successfully Completed, Status, Successfully Completed, Status, Successfully Completed, Status, Successfully Completed, Status, Successfully Completed, Status, Successfully Completed, Status, Successfully Completed, Status, Successfully Completed, Status, Successfully Completed, Status, Successfully Completed, Status, Successfully Completed, Status, Successfully Completed, Status, Successfully Completed, Status, Successfully Completed, Status, Successfully Completed, Status, Successfully Completed, Status, Successfully Completed, Status, Successfully Completed, Status, Successfully Completed, Status, Successfully Completed, Status, Successfully Completed, Status, Successfully Completed, Status, Successfully Completed, Status, Successfully Completed, Status, Successfully Completed, Status, Successfully Completed, Status, Successfully Completed, Status, Successfully Completed, Status, Successfully Completed, Status, Successfully Completed, Status, Successfully Completed, Status, Successfully Completed, Status, Successfully Completed, Status, Successfully Completed, Status, Successfully Completed, Status, Successfully Completed, Status, Successfully Completed, Status, Successfully Completed, Status, Successfully Completed, Status, Successfully Completed, Status, Successfully Completed, Status, Successfully Completed, Status, Successfully Completed, Status, Successfully Completed, Status, Successfully Completed, Status, Successfully Completed, Status, Successfully Completed, Status, Successfully Completed, Status, Successfully Completed, Status, Successfully Completed, Status, Successfully Completed, Status, Successfully Completed, Status, Successfully Completed, Status, Successfully Completed, Status, Successfully Completed, Status, Successfully Completed, Status, Successfully Completed, Status, Successfully Completed, Status, Successfully Completed, Status, Successfully Completed, Status, Successfully Completed, Status, Successfully Completed, Status, Successfully Completed, Status, Successfully Completed, Status, Successfully Completed, Status, Successfully Completed, Status, Successfully Completed, Status, Successfully Completed, Status, Successfully Completed, Status, Successfully Completed, Status, Successfully Completed, Status, Successfully Completed, Status, Successfully Completed, Status, Successfully Completed, Status, Successfully Completed, Status, Successfully Completed, Status, Successfully Completed, Status, Successfully Completed, Status, Successfully Completed, Status, Successfully Completed, Status, Successfully Completed, Status, Successfully Completed, Status, Successfully Completed, Status, Successfully Completed, Status, Successfully Completed, Status, Successfully Completed, Status, Successfully Completed, Status, Successfully Completed, Status, Successfully Completed, Status, Successfully Completed, Status, Successfully Completed, Status, Successfully Completed, Status, Successfully Completed, Status, Successfully Completed, Status, Successfully Completed, Status, Successfully Completed, Status, Successfully Completed, Status, Successfully Completed, Status, Successfully Completed, Status, Successfully Completed, Status, Successfully Completed, Status, Successfully Completed, Status, Successfully Completed, Status, Successfully Completed, Status, Successfully Completed, Status, Successfully Completed, Status, Successfully Completed, Status, Successfully Completed, Status, Successfully Completed, Status, Successfully Completed, Status, Successfully Completed, Status, Successfully Completed, Status, Successfully Completed, Status, Successfully Completed, Status, Successfully Completed, Status, Successfully Completed, Status, Successfully Completed, Status, Successfully Completed, Status, Successfully Completed, Status, Successfully Completed, Status, Successfully Completed, Status, Successfully Completed, Status, Successfully Completed, Status, Successfully Completed, Status, Successfully Completed, Status, Successfully Completed, Status, Successfully Completed, Status, Successfully Completed, Status, Successfully Completed, Status, Successfully Completed, Status, Successfully Completed, Status, Successfully Completed, Status, Successfully Completed, Status, Successfully Completed, Status, Successfully Completed, Status, Successfully Completed, Status, Successfully Completed, Status, Successfully Completed, Status, Successfully Completed, Status, Successfully Completed, Status, Successfully Completed, Status, Successfully Completed, Status, Successfully Completed, Status, Successfully Completed, Status, Successfully Completed, Status, Successfully Completed, Status, Successfully Completed, Status, Successfully Completed, Status, Successfully Completed, Status, Successfully Completed, Status, Successfully Completed, Status, Successfully Completed, Status, Successfully Completed, Status, Successfully Completed, Status, Successfully Completed, Status, Successfully Completed, Status, Successfully Completed, Status, Successfully Completed, Status, Successfully Completed, Status, Successfully Completed, Status, Successfully Completed, Status, Successfully Completed, Status, Successfully Completed, Status, Successfully Completed, Status, Successfully Completed, Status, Successfully Completed, Status, Successfully Completed, Status, Successfully Completed, Status, Successfully Completed, Status, Successfully Completed, Status, Successfully Completed, Status, Successfully Completed, Status, Successfully Completed, Status, Successfully Completed, Status, Successfully Completed, Status]
[neelback4more@gmail.com, Subho1991*, Status, Successfully Completed, Status, Successfully Completed, Status, Successfully Completed, Status, Successfully Completed, Status, Successfully Completed, Status, Successfully Completed, Status, Successfully Completed, Status, Successfully Completed, Status, Successfully Completed, Status, Successfully Completed, Status, Successfully Completed, Status, Successfully Completed, Status, Successfully Completed, Status, Successfully Completed, Status, Successfully Completed, Status, Successfully Completed, Status, Successfully Completed, Status, Successfully Completed, Status, Successfully Completed, Status, Successfully Completed, Status, Successfully Completed, Status, Successfully Completed, Status, Successfully Completed, Status, Successfully Completed, Status, Successfully Completed, Status, Successfully Completed, Status, Successfully Completed, Status, Successfully Completed, Status, Successfully Completed, Status, Successfully Completed, Status, Successfully Completed, Status, Successfully Completed, Status, Successfully Completed, Status, Successfully Completed, Status, Successfully Completed, Status, Successfully Completed, Status, Successfully Completed, Status, Successfully Completed, Status, Successfully Completed, Status, Successfully Completed, Status, Successfully Completed, Status, Successfully Completed, Status, Successfully Completed, Status, Successfully Completed, Status, Successfully Completed, Status, Successfully Completed, Status, Successfully Completed, Status, Successfully Completed, Status, Successfully Completed, Status, Successfully Completed, Status, Successfully Completed, Status, Successfully Completed, Status, Successfully Completed, Status, Successfully Completed, Status, Successfully Completed, Status, Successfully Completed, Status, Successfully Completed, Status, Successfully Completed, Status, Successfully Completed, Status, Successfully Completed, Status, Successfully Completed, Status, Successfully Completed, Status, Successfully Completed, Status, Successfully Completed, Status, Successfully Completed, Status, Successfully Completed, Status, Successfully Completed, Status, Successfully Completed, Status, Successfully Completed, Status, Successfully Completed, Status, Successfully Completed, Status, Successfully Completed, Status, Successfully Completed, Status, Successfully Completed, Status, Successfully Completed, Status, Successfully Completed, Status, Successfully Completed, Status, Successfully Completed, Status, Successfully Completed, Status, Successfully Completed, Status, Successfully Completed, Status, Successfully Completed, Status, Successfully Completed, Status, Successfully Completed, Status, Successfully Completed, Status, Successfully Completed, Status, Successfully Completed, Status, Successfully Completed, Status, Successfully Completed, Status, Successfully Completed, Status, Successfully Completed, Status, Successfully Completed, Status, Successfully Completed, Status, Successfully Completed, Status, Successfully Completed, Status, Successfully Completed, Status, Successfully Completed, Status, Successfully Completed, Status, Successfully Completed, Status, Successfully Completed, Status, Successfully Completed, Status, Successfully Completed, Status, Successfully Completed, Status, Successfully Completed, Status, Successfully Completed, Status, Successfully Completed, Status, Successfully Completed, Status, Successfully Completed, Status, Successfully Completed, Status, Successfully Completed, Status, Successfully Completed, Status, Successfully Completed, Status, Successfully Completed, Status, Successfully Completed, Status, Successfully Completed, Status, Successfully Completed, Status, Successfully Completed, Status, Successfully Completed, Status, Successfully Completed, Status, Successfully Completed, Status, Successfully Completed, Status, Successfully Completed, Status, Successfully Completed, Status, Successfully Completed, Status, Successfully Completed, Status, Successfully Completed, Status, Successfully Completed, Status, Successfully Completed, Status, Successfully Completed, Status, Successfully Completed, Status, Successfully Completed, Status, Successfully Completed, Status, Successfully Completed, Status, Successfully Completed, Status, Successfully Completed, Status, Successfully Completed, Status, Successfully Completed, Status, Successfully Completed, Status, Successfully Completed, Status, Successfully Completed, Status, Successfully Completed, Status, Successfully Completed, Status, Successfully Completed, Status, Successfully Completed, Status, Successfully Completed, Status, Successfully Completed, Status, Successfully Completed, Status, Successfully Completed, Status, Successfully Completed, Status, Successfully Completed, Status, Successfully Completed, Status, Successfully Completed, Status, Successfully Completed, Status, Successfully Completed, Status, Successfully Completed, Status, Successfully Completed, Status, Successfully Completed, Status, Successfully Completed, Status, Successfully Completed, Status, Successfully Completed, Status, Successfully Completed, Status, Successfully Completed, Status, Successfully Completed, Status, Successfully Completed, Status, Successfully Completed, Status, Successfully Completed, Status, Successfully Completed, Status, Successfully Completed, Status, Successfully Completed, Status, Successfully Completed, Status, Successfully Completed, Status, Successfully Completed, Status, Successfully Completed, Status, Successfully Completed, Status, Successfully Completed, Status, Successfully Completed, Status, Successfully Completed, Status, Successfully Completed, Status, Successfully Completed, Status, Successfully Completed, Status, Successfully Completed, Status, Successfully Completed, Status, Successfully Completed, Status, Successfully Completed, Status, Successfully Completed, Status, Successfully Completed, Status, Successfully Completed, Status, Successfully Completed, Status, Successfully Completed, Status, Successfully Completed, Status, Successfully Completed, Status, Successfully Completed, Status, Successfully Completed, Status, Successfully Completed, Status, Successfully Completed, Status, Successfully Completed, Status, Successfully Completed, Status, Successfully Completed, Status, Successfully Completed, Status, Successfully Completed, Status, Successfully Completed, Status, Successfully Completed, Status, Successfully Completed, Status, Successfully Completed, Status, Successfully Completed, Status, Successfully Completed, Status, Successfully Completed, Status, Successfully Completed, Status, Successfully Completed, Status, Successfully Completed, Status, Successfully Completed, Status, Successfully Completed, Status, Successfully Completed, Status, Successfully Completed, Status, Successfully Completed, Status, Successfully Completed, Status, Successfully Completed, Status, Successfully Completed, Status, Successfully Completed, Status, Successfully Completed, Status, Successfully Completed, Status, Successfully Completed, Status, Successfully Completed, Status, Successfully Completed, Status, Successfully Completed, Status, Successfully Completed, Status, Successfully Completed, Status, Successfully Completed, Status, Successfully Completed, Status, Successfully Completed, Status, Successfully Completed, Status, Successfully Completed, Status, Successfully Completed, Status, Successfully Completed, Status, Successfully Completed, Status, Successfully Completed]
[neelback4more@gmail.com, Subho1991*, Status, Successfully Completed, Status, Successfully Completed, Status, Successfully Completed, Status, Successfully Completed, Status, Successfully Completed, Status, Successfully Completed, Status, Successfully Completed, Status, Successfully Completed, Status, Successfully Completed, Status, Successfully Completed, Status, Successfully Completed, Status, Successfully Completed, Status, Successfully Completed, Status, Successfully Completed, Status, Successfully Completed, Status, Successfully Completed, Status, Successfully Completed, Status, Successfully Completed, Status, Successfully Completed, Status, Successfully Completed, Status, Successfully Completed, Status, Successfully Completed, Status, Successfully Completed, Status, Successfully Completed, Status, Successfully Completed, Status, Successfully Completed, Status, Successfully Completed, Status, Successfully Completed, Status, Successfully Completed, Status, Successfully Completed, Status, Successfully Completed, Status, Successfully Completed, Status, Successfully Completed, Status, Successfully Completed, Status, Successfully Completed, Status, Successfully Completed, Status, Successfully Completed, Status, Successfully Completed, Status, Successfully Completed, Status, Successfully Completed, Status, Successfully Completed, Status, Successfully Completed, Status, Successfully Completed, Status, Successfully Completed, Status, Successfully Completed, Status, Successfully Completed, Status, Successfully Completed, Status, Successfully Completed, Status, Successfully Completed, Status, Successfully Completed, Status, Successfully Completed, Status, Successfully Completed, Status, Successfully Completed, Status, Successfully Completed, Status, Successfully Completed, Status, Successfully Completed, Status, Successfully Completed, Status, Successfully Completed, Status, Successfully Completed, Status, Successfully Completed, Status, Successfully Completed, Status, Successfully Completed, Status, Successfully Completed, Status, Successfully Completed, Status, Successfully Completed, Status, Successfully Completed, Status, Successfully Completed, Status, Successfully Completed, Status, Successfully Completed, Status, Successfully Completed, Status, Successfully Completed, Status, Successfully Completed, Status, Successfully Completed, Status, Successfully Completed, Status, Successfully Completed, Status, Successfully Completed, Status, Successfully Completed, Status, Successfully Completed, Status, Successfully Completed, Status, Successfully Completed, Status, Successfully Completed, Status, Successfully Completed, Status, Successfully Completed, Status, Successfully Completed, Status, Successfully Completed, Status, Successfully Completed, Status, Successfully Completed, Status, Successfully Completed, Status, Successfully Completed, Status, Successfully Completed, Status, Successfully Completed, Status, Successfully Completed, Status, Successfully Completed, Status, Successfully Completed, Status, Successfully Completed, Status, Successfully Completed, Status, Successfully Completed, Status, Successfully Completed, Status, Successfully Completed, Status, Successfully Completed, Status, Successfully Completed, Status, Successfully Completed, Status, Successfully Completed, Status, Successfully Completed, Status, Successfully Completed, Status, Successfully Completed, Status, Successfully Completed, Status, Successfully Completed, Status, Successfully Completed, Status, Successfully Completed, Status, Successfully Completed, Status, Successfully Completed, Status, Successfully Completed, Status, Successfully Completed, Status, Successfully Completed, Status, Successfully Completed, Status, Successfully Completed, Status, Successfully Completed, Status, Successfully Completed, Status, Successfully Completed, Status, Successfully Completed, Status, Successfully Completed, Status, Successfully Completed, Status, Successfully Completed, Status, Successfully Completed, Status, Successfully Completed, Status, Successfully Completed, Status, Successfully Completed, Status, Successfully Completed, Status, Successfully Completed, Status, Successfully Completed, Status, Successfully Completed, Status, Successfully Completed, Status, Successfully Completed, Status, Successfully Completed, Status, Successfully Completed, Status, Successfully Completed, Status, Successfully Completed, Status, Successfully Completed, Status, Successfully Completed, Status, Successfully Completed, Status, Successfully Completed, Status, Successfully Completed, Status, Successfully Completed, Status, Successfully Completed, Status, Successfully Completed, Status, Successfully Completed, Status, Successfully Completed, Status, Successfully Completed, Status, Successfully Completed, Status, Successfully Completed, Status, Successfully Completed, Status, Successfully Completed, Status, Successfully Completed, Status, Successfully Completed, Status, Successfully Completed, Status, Successfully Completed, Status, Successfully Completed, Status, Successfully Completed, Status, Successfully Completed, Status, Successfully Completed, Status, Successfully Completed, Status, Successfully Completed, Status, Successfully Completed, Status, Successfully Completed, Status, Successfully Completed, Status, Successfully Completed, Status, Successfully Completed, Status, Successfully Completed, Status, Successfully Completed, Status, Successfully Completed, Status, Successfully Completed, Status, Successfully Completed, Status, Successfully Completed, Status, Successfully Completed, Status, Successfully Completed, Status, Successfully Completed, Status, Successfully Completed, Status, Successfully Completed, Status, Successfully Completed, Status, Successfully Completed, Status, Successfully Completed, Status, Successfully Completed, Status, Successfully Completed, Status, Successfully Completed, Status, Successfully Completed, Status, Successfully Completed, Status, Successfully Completed, Status, Successfully Completed, Status, Successfully Completed, Status, Successfully Completed, Status, Successfully Completed, Status, Successfully Completed, Status, Successfully Completed, Status, Successfully Completed, Status, Successfully Completed, Status, Successfully Completed, Status, Successfully Completed, Status, Successfully Completed, Status, Successfully Completed, Status, Successfully Completed, Status, Successfully Completed, Status, Successfully Completed, Status, Successfully Completed, Status, Successfully Completed, Status, Successfully Completed, Status, Successfully Completed, Status, Successfully Completed, Status, Successfully Completed, Status, Successfully Completed, Status, Successfully Completed, Status, Successfully Completed, Status, Successfully Completed, Status, Successfully Completed, Status, Successfully Completed, Status, Successfully Completed, Status, Successfully Completed, Status, Successfully Completed, Status, Successfully Completed, Status, Successfully Completed, Status, Successfully Completed, Status, Successfully Completed, Status, Successfully Completed, Status, Successfully Completed, Status, Successfully Completed, Status, Successfully Completed, Status, Successfully Completed, Status, Successfully Completed, Status, Successfully Completed, Status, Successfully Completed, Status, Successfully Completed, Status, Successfully Completed, Status, Successfully Completed, Status, Successfully Completed, Status, Successfully Completed, Status, Successfully Completed, Status]
[neelback4more@gmail.com, Subho1991*, Status, Successfully Completed, Status, Successfully Completed, Status, Successfully Completed, Status, Successfully Completed, Status, Successfully Completed, Status, Successfully Completed, Status, Successfully Completed, Status, Successfully Completed, Status, Successfully Completed, Status, Successfully Completed, Status, Successfully Completed, Status, Successfully Completed, Status, Successfully Completed, Status, Successfully Completed, Status, Successfully Completed, Status, Successfully Completed, Status, Successfully Completed, Status, Successfully Completed, Status, Successfully Completed, Status, Successfully Completed, Status, Successfully Completed, Status, Successfully Completed, Status, Successfully Completed, Status, Successfully Completed, Status, Successfully Completed, Status, Successfully Completed, Status, Successfully Completed, Status, Successfully Completed, Status, Successfully Completed, Status, Successfully Completed, Status, Successfully Completed, Status, Successfully Completed, Status, Successfully Completed, Status, Successfully Completed, Status, Successfully Completed, Status, Successfully Completed, Status, Successfully Completed, Status, Successfully Completed, Status, Successfully Completed, Status, Successfully Completed, Status, Successfully Completed, Status, Successfully Completed, Status, Successfully Completed, Status, Successfully Completed, Status, Successfully Completed, Status, Successfully Completed, Status, Successfully Completed, Status, Successfully Completed, Status, Successfully Completed, Status, Successfully Completed, Status, Successfully Completed, Status, Successfully Completed, Status, Successfully Completed, Status, Successfully Completed, Status, Successfully Completed, Status, Successfully Completed, Status, Successfully Completed, Status, Successfully Completed, Status, Successfully Completed, Status, Successfully Completed, Status, Successfully Completed, Status, Successfully Completed, Status, Successfully Completed, Status, Successfully Completed, Status, Successfully Completed, Status, Successfully Completed, Status, Successfully Completed, Status, Successfully Completed, Status, Successfully Completed, Status, Successfully Completed, Status, Successfully Completed, Status, Successfully Completed, Status, Successfully Completed, Status, Successfully Completed, Status, Successfully Completed, Status, Successfully Completed, Status, Successfully Completed, Status, Successfully Completed, Status, Successfully Completed, Status, Successfully Completed, Status, Successfully Completed, Status, Successfully Completed, Status, Successfully Completed, Status, Successfully Completed, Status, Successfully Completed, Status, Successfully Completed, Status, Successfully Completed, Status, Successfully Completed, Status, Successfully Completed, Status, Successfully Completed, Status, Successfully Completed, Status, Successfully Completed, Status, Successfully Completed, Status, Successfully Completed, Status, Successfully Completed, Status, Successfully Completed, Status, Successfully Completed, Status, Successfully Completed, Status, Successfully Completed, Status, Successfully Completed, Status, Successfully Completed, Status, Successfully Completed, Status, Successfully Completed, Status, Successfully Completed, Status, Successfully Completed, Status, Successfully Completed, Status, Successfully Completed, Status, Successfully Completed, Status, Successfully Completed, Status, Successfully Completed, Status, Successfully Completed, Status, Successfully Completed, Status, Successfully Completed, Status, Successfully Completed, Status, Successfully Completed, Status, Successfully Completed, Status, Successfully Completed, Status, Successfully Completed, Status, Successfully Completed, Status, Successfully Completed, Status, Successfully Completed, Status, Successfully Completed, Status, Successfully Completed, Status, Successfully Completed, Status, Successfully Completed, Status, Successfully Completed, Status, Successfully Completed, Status, Successfully Completed, Status, Successfully Completed, Status, Successfully Completed, Status, Successfully Completed, Status, Successfully Completed, Status, Successfully Completed, Status, Successfully Completed, Status, Successfully Completed, Status, Successfully Completed, Status, Successfully Completed, Status, Successfully Completed, Status, Successfully Completed, Status, Successfully Completed, Status, Successfully Completed, Status, Successfully Completed, Status, Successfully Completed, Status, Successfully Completed, Status, Successfully Completed, Status, Successfully Completed, Status, Successfully Completed, Status, Successfully Completed, Status, Successfully Completed, Status, Successfully Completed, Status, Successfully Completed, Status, Successfully Completed, Status, Successfully Completed, Status, Successfully Completed, Status, Successfully Completed, Status, Successfully Completed, Status, Successfully Completed, Status, Successfully Completed, Status, Successfully Completed, Status, Successfully Completed, Status, Successfully Completed, Status, Successfully Completed, Status, Successfully Completed, Status, Successfully Completed, Status, Successfully Completed, Status, Successfully Completed, Status, Successfully Completed, Status, Successfully Completed, Status, Successfully Completed, Status, Successfully Completed, Status, Successfully Completed, Status, Successfully Completed, Status, Successfully Completed, Status, Successfully Completed, Status, Successfully Completed, Status, Successfully Completed, Status, Successfully Completed, Status, Successfully Completed, Status, Successfully Completed, Status, Successfully Completed, Status, Successfully Completed, Status, Successfully Completed, Status, Successfully Completed, Status, Successfully Completed, Status, Successfully Completed, Status, Successfully Completed, Status, Successfully Completed, Status, Successfully Completed, Status, Successfully Completed, Status, Successfully Completed, Status, Successfully Completed, Status, Successfully Completed, Status, Successfully Completed, Status, Successfully Completed, Status, Successfully Completed, Status, Successfully Completed, Status, Successfully Completed, Status, Successfully Completed, Status, Successfully Completed, Status, Successfully Completed, Status, Successfully Completed, Status, Successfully Completed, Status, Successfully Completed, Status, Successfully Completed, Status, Successfully Completed, Status, Successfully Completed, Status, Successfully Completed, Status, Successfully Completed, Status, Successfully Completed, Status, Successfully Completed, Status, Successfully Completed, Status, Successfully Completed, Status, Successfully Completed, Status, Successfully Completed, Status, Successfully Completed, Status, Successfully Completed, Status, Successfully Completed, Status, Successfully Completed, Status, Successfully Completed, Status, Successfully Completed, Status, Successfully Completed, Status, Successfully Completed, Status, Successfully Completed, Status, Successfully Completed, Status, Successfully Completed, Status, Successfully Completed, Status, Successfully Completed, Status, Successfully Completed, Status, Successfully Completed, Status, Successfully Completed, Status, Successfully Completed, Status, Successfully Completed, Status, Successfully Completed, Status, Successfully Completed, Status, Successfully Completed, Status, Successfully Completed, Status, Successfully Completed]
[neelback4more@gmail.com, Subho1991*, Status, Successfully Completed, Status, Successfully Completed, Status, Successfully Completed, Status, Successfully Completed, Status, Successfully Completed, Status, Successfully Completed, Status, Successfully Completed, Status, Successfully Completed, Status, Successfully Completed, Status, Successfully Completed, Status, Successfully Completed, Status, Successfully Completed, Status, Successfully Completed, Status, Successfully Completed, Status, Successfully Completed, Status, Successfully Completed, Status, Successfully Completed, Status, Successfully Completed, Status, Successfully Completed, Status, Successfully Completed, Status, Successfully Completed, Status, Successfully Completed, Status, Successfully Completed, Status, Successfully Completed, Status, Successfully Completed, Status, Successfully Completed, Status, Successfully Completed, Status, Successfully Completed, Status, Successfully Completed, Status, Successfully Completed, Status, Successfully Completed, Status, Successfully Completed, Status, Successfully Completed, Status, Successfully Completed, Status, Successfully Completed, Status, Successfully Completed, Status, Successfully Completed, Status, Successfully Completed, Status, Successfully Completed, Status, Successfully Completed, Status, Successfully Completed, Status, Successfully Completed, Status, Successfully Completed, Status, Successfully Completed, Status, Successfully Completed, Status, Successfully Completed, Status, Successfully Completed, Status, Successfully Completed, Status, Successfully Completed, Status, Successfully Completed, Status, Successfully Completed, Status, Successfully Completed, Status, Successfully Completed, Status, Successfully Completed, Status, Successfully Completed, Status, Successfully Completed, Status, Successfully Completed, Status, Successfully Completed, Status, Successfully Completed, Status, Successfully Completed, Status, Successfully Completed, Status, Successfully Completed, Status, Successfully Completed, Status, Successfully Completed, Status, Successfully Completed, Status, Successfully Completed, Status, Successfully Completed, Status, Successfully Completed, Status, Successfully Completed, Status, Successfully Completed, Status, Successfully Completed, Status, Successfully Completed, Status, Successfully Completed, Status, Successfully Completed, Status, Successfully Completed, Status, Successfully Completed, Status, Successfully Completed, Status, Successfully Completed, Status, Successfully Completed, Status, Successfully Completed, Status, Successfully Completed, Status, Successfully Completed, Status, Successfully Completed, Status, Successfully Completed, Status, Successfully Completed, Status, Successfully Completed, Status, Successfully Completed, Status, Successfully Completed, Status, Successfully Completed, Status, Successfully Completed, Status, Successfully Completed, Status, Successfully Completed, Status, Successfully Completed, Status, Successfully Completed, Status, Successfully Completed, Status, Successfully Completed, Status, Successfully Completed, Status, Successfully Completed, Status, Successfully Completed, Status, Successfully Completed, Status, Successfully Completed, Status, Successfully Completed, Status, Successfully Completed, Status, Successfully Completed, Status, Successfully Completed, Status, Successfully Completed, Status, Successfully Completed, Status, Successfully Completed, Status, Successfully Completed, Status, Successfully Completed, Status, Successfully Completed, Status, Successfully Completed, Status, Successfully Completed, Status, Successfully Completed, Status, Successfully Completed, Status, Successfully Completed, Status, Successfully Completed, Status, Successfully Completed, Status, Successfully Completed, Status, Successfully Completed, Status, Successfully Completed, Status, Successfully Completed, Status, Successfully Completed, Status, Successfully Completed, Status, Successfully Completed, Status, Successfully Completed, Status, Successfully Completed, Status, Successfully Completed, Status, Successfully Completed, Status, Successfully Completed, Status, Successfully Completed, Status, Successfully Completed, Status, Successfully Completed, Status, Successfully Completed, Status, Successfully Completed, Status, Successfully Completed, Status, Successfully Completed, Status, Successfully Completed, Status, Successfully Completed, Status, Successfully Completed, Status, Successfully Completed, Status, Successfully Completed, Status, Successfully Completed, Status, Successfully Completed, Status, Successfully Completed, Status, Successfully Completed, Status, Successfully Completed, Status, Successfully Completed, Status, Successfully Completed, Status, Successfully Completed, Status, Successfully Completed, Status, Successfully Completed, Status, Successfully Completed, Status, Successfully Completed, Status, Successfully Completed, Status, Successfully Completed, Status, Successfully Completed, Status, Successfully Completed, Status, Successfully Completed, Status, Successfully Completed, Status, Successfully Completed, Status, Successfully Completed, Status, Successfully Completed, Status, Successfully Completed, Status, Successfully Completed, Status, Successfully Completed, Status, Successfully Completed, Status, Successfully Completed, Status, Successfully Completed, Status, Successfully Completed, Status, Successfully Completed, Status, Successfully Completed, Status, Successfully Completed, Status, Successfully Completed, Status, Successfully Completed, Status, Successfully Completed, Status, Successfully Completed, Status, Successfully Completed, Status, Successfully Completed, Status, Successfully Completed, Status, Successfully Completed, Status, Successfully Completed, Status, Successfully Completed, Status, Successfully Completed, Status, Successfully Completed, Status, Successfully Completed, Status, Successfully Completed, Status, Successfully Completed, Status, Successfully Completed, Status, Successfully Completed, Status, Successfully Completed, Status, Successfully Completed, Status, Successfully Completed, Status, Successfully Completed, Status, Successfully Completed, Status, Successfully Completed, Status, Successfully Completed, Status, Successfully Completed, Status, Successfully Completed, Status, Successfully Completed, Status, Successfully Completed, Status, Successfully Completed, Status, Successfully Completed, Status, Successfully Completed, Status, Successfully Completed, Status, Successfully Completed, Status, Successfully Completed, Status, Successfully Completed, Status, Successfully Completed, Status, Successfully Completed, Status, Successfully Completed, Status, Successfully Completed, Status, Successfully Completed, Status, Successfully Completed, Status, Successfully Completed, Status, Successfully Completed, Status, Successfully Completed, Status, Successfully Completed, Status, Successfully Completed, Status, Successfully Completed, Status, Successfully Completed, Status, Successfully Completed, Status, Successfully Completed, Status, Successfully Completed, Status, Successfully Completed, Status, Successfully Completed, Status, Successfully Completed, Status, Successfully Completed, Status, Successfully Completed, Status, Successfully Completed, Status, Successfully Completed, Status, Successfully Completed, Status, Successfully Completed, Status, Successfully Completed, Status, Successfully Completed, Status, Successfully Completed, Status, Successfully Completed, Status]
[neelback4more@gmail.com, Subho1991*, Status, Successfully Completed, Status, Successfully Completed, Status, Successfully Completed, Status, Successfully Completed, Status, Successfully Completed, Status, Successfully Completed, Status, Successfully Completed, Status, Successfully Completed, Status, Successfully Completed, Status, Successfully Completed, Status, Successfully Completed, Status, Successfully Completed, Status, Successfully Completed, Status, Successfully Completed, Status, Successfully Completed, Status, Successfully Completed, Status, Successfully Completed, Status, Successfully Completed, Status, Successfully Completed, Status, Successfully Completed, Status, Successfully Completed, Status, Successfully Completed, Status, Successfully Completed, Status, Successfully Completed, Status, Successfully Completed, Status, Successfully Completed, Status, Successfully Completed, Status, Successfully Completed, Status, Successfully Completed, Status, Successfully Completed, Status, Successfully Completed, Status, Successfully Completed, Status, Successfully Completed, Status, Successfully Completed, Status, Successfully Completed, Status, Successfully Completed, Status, Successfully Completed, Status, Successfully Completed, Status, Successfully Completed, Status, Successfully Completed, Status, Successfully Completed, Status, Successfully Completed, Status, Successfully Completed, Status, Successfully Completed, Status, Successfully Completed, Status, Successfully Completed, Status, Successfully Completed, Status, Successfully Completed, Status, Successfully Completed, Status, Successfully Completed, Status, Successfully Completed, Status, Successfully Completed, Status, Successfully Completed, Status, Successfully Completed, Status, Successfully Completed, Status, Successfully Completed, Status, Successfully Completed, Status, Successfully Completed, Status, Successfully Completed, Status, Successfully Completed, Status, Successfully Completed, Status, Successfully Completed, Status, Successfully Completed, Status, Successfully Completed, Status, Successfully Completed, Status, Successfully Completed, Status, Successfully Completed, Status, Successfully Completed, Status, Successfully Completed, Status, Successfully Completed, Status, Successfully Completed, Status, Successfully Completed, Status, Successfully Completed, Status, Successfully Completed, Status, Successfully Completed, Status, Successfully Completed, Status, Successfully Completed, Status, Successfully Completed, Status, Successfully Completed, Status, Successfully Completed, Status, Successfully Completed, Status, Successfully Completed, Status, Successfully Completed, Status, Successfully Completed, Status, Successfully Completed, Status, Successfully Completed, Status, Successfully Completed, Status, Successfully Completed, Status, Successfully Completed, Status, Successfully Completed, Status, Successfully Completed, Status, Successfully Completed, Status, Successfully Completed, Status, Successfully Completed, Status, Successfully Completed, Status, Successfully Completed, Status, Successfully Completed, Status, Successfully Completed, Status, Successfully Completed, Status, Successfully Completed, Status, Successfully Completed, Status, Successfully Completed, Status, Successfully Completed, Status, Successfully Completed, Status, Successfully Completed, Status, Successfully Completed, Status, Successfully Completed, Status, Successfully Completed, Status, Successfully Completed, Status, Successfully Completed, Status, Successfully Completed, Status, Successfully Completed, Status, Successfully Completed, Status, Successfully Completed, Status, Successfully Completed, Status, Successfully Completed, Status, Successfully Completed, Status, Successfully Completed, Status, Successfully Completed, Status, Successfully Completed, Status, Successfully Completed, Status, Successfully Completed, Status, Successfully Completed, Status, Successfully Completed, Status, Successfully Completed, Status, Successfully Completed, Status, Successfully Completed, Status, Successfully Completed, Status, Successfully Completed, Status, Successfully Completed, Status, Successfully Completed, Status, Successfully Completed, Status, Successfully Completed, Status, Successfully Completed, Status, Successfully Completed, Status, Successfully Completed, Status, Successfully Completed, Status, Successfully Completed, Status, Successfully Completed, Status, Successfully Completed, Status, Successfully Completed, Status, Successfully Completed, Status, Successfully Completed, Status, Successfully Completed, Status, Successfully Completed, Status, Successfully Completed, Status, Successfully Completed, Status, Successfully Completed, Status, Successfully Completed, Status, Successfully Completed, Status, Successfully Completed, Status, Successfully Completed, Status, Successfully Completed, Status, Successfully Completed, Status, Successfully Completed, Status, Successfully Completed, Status, Successfully Completed, Status, Successfully Completed, Status, Successfully Completed, Status, Successfully Completed, Status, Successfully Completed, Status, Successfully Completed, Status, Successfully Completed, Status, Successfully Completed, Status, Successfully Completed, Status, Successfully Completed, Status, Successfully Completed, Status, Successfully Completed, Status, Successfully Completed, Status, Successfully Completed, Status, Successfully Completed, Status, Successfully Completed, Status, Successfully Completed, Status, Successfully Completed, Status, Successfully Completed, Status, Successfully Completed, Status, Successfully Completed, Status, Successfully Completed, Status, Successfully Completed, Status, Successfully Completed, Status, Successfully Completed, Status, Successfully Completed, Status, Successfully Completed, Status, Successfully Completed, Status, Successfully Completed, Status, Successfully Completed, Status, Successfully Completed, Status, Successfully Completed, Status, Successfully Completed, Status, Successfully Completed, Status, Successfully Completed, Status, Successfully Completed, Status, Successfully Completed, Status, Successfully Completed, Status, Successfully Completed, Status, Successfully Completed, Status, Successfully Completed, Status, Successfully Completed, Status, Successfully Completed, Status, Successfully Completed, Status, Successfully Completed, Status, Successfully Completed, Status, Successfully Completed, Status, Successfully Completed, Status, Successfully Completed, Status, Successfully Completed, Status, Successfully Completed, Status, Successfully Completed, Status, Successfully Completed, Status, Successfully Completed, Status, Successfully Completed, Status, Successfully Completed, Status, Successfully Completed, Status, Successfully Completed, Status, Successfully Completed, Status, Successfully Completed, Status, Successfully Completed, Status, Successfully Completed, Status, Successfully Completed, Status, Successfully Completed, Status, Successfully Completed, Status, Successfully Completed, Status, Successfully Completed, Status, Successfully Completed, Status, Successfully Completed, Status, Successfully Completed, Status, Successfully Completed, Status, Successfully Completed, Status, Successfully Completed, Status, Successfully Completed, Status, Successfully Completed, Status, Successfully Completed, Status, Successfully Completed, Status, Successfully Completed, Status, Successfully Completed, Status, Successfully Completed, Status, Successfully Completed, Status, Successfully Completed]
[neelback4more@gmail.com, Subho1991*, Status, Successfully Completed, Status, Successfully Completed, Status, Successfully Completed, Status, Successfully Completed, Status, Successfully Completed, Status, Successfully Completed, Status, Successfully Completed, Status, Successfully Completed, Status, Successfully Completed, Status, Successfully Completed, Status, Successfully Completed, Status, Successfully Completed, Status, Successfully Completed, Status, Successfully Completed, Status, Successfully Completed, Status, Successfully Completed, Status, Successfully Completed, Status, Successfully Completed, Status, Successfully Completed, Status, Successfully Completed, Status, Successfully Completed, Status, Successfully Completed, Status, Successfully Completed, Status, Successfully Completed, Status, Successfully Completed, Status, Successfully Completed, Status, Successfully Completed, Status, Successfully Completed, Status, Successfully Completed, Status, Successfully Completed, Status, Successfully Completed, Status, Successfully Completed, Status, Successfully Completed, Status, Successfully Completed, Status, Successfully Completed, Status, Successfully Completed, Status, Successfully Completed, Status, Successfully Completed, Status, Successfully Completed, Status, Successfully Completed, Status, Successfully Completed, Status, Successfully Completed, Status, Successfully Completed, Status, Successfully Completed, Status, Successfully Completed, Status, Successfully Completed, Status, Successfully Completed, Status, Successfully Completed, Status, Successfully Completed, Status, Successfully Completed, Status, Successfully Completed, Status, Successfully Completed, Status, Successfully Completed, Status, Successfully Completed, Status, Successfully Completed, Status, Successfully Completed, Status, Successfully Completed, Status, Successfully Completed, Status, Successfully Completed, Status, Successfully Completed, Status, Successfully Completed, Status, Successfully Completed, Status, Successfully Completed, Status, Successfully Completed, Status, Successfully Completed, Status, Successfully Completed, Status, Successfully Completed, Status, Successfully Completed, Status, Successfully Completed, Status, Successfully Completed, Status, Successfully Completed, Status, Successfully Completed, Status, Successfully Completed, Status, Successfully Completed, Status, Successfully Completed, Status, Successfully Completed, Status, Successfully Completed, Status, Successfully Completed, Status, Successfully Completed, Status, Successfully Completed, Status, Successfully Completed, Status, Successfully Completed, Status, Successfully Completed, Status, Successfully Completed, Status, Successfully Completed, Status, Successfully Completed, Status, Successfully Completed, Status, Successfully Completed, Status, Successfully Completed, Status, Successfully Completed, Status, Successfully Completed, Status, Successfully Completed, Status, Successfully Completed, Status, Successfully Completed, Status, Successfully Completed, Status, Successfully Completed, Status, Successfully Completed, Status, Successfully Completed, Status, Successfully Completed, Status, Successfully Completed, Status, Successfully Completed, Status, Successfully Completed, Status, Successfully Completed, Status, Successfully Completed, Status, Successfully Completed, Status, Successfully Completed, Status, Successfully Completed, Status, Successfully Completed, Status, Successfully Completed, Status, Successfully Completed, Status, Successfully Completed, Status, Successfully Completed, Status, Successfully Completed, Status, Successfully Completed, Status, Successfully Completed, Status, Successfully Completed, Status, Successfully Completed, Status, Successfully Completed, Status, Successfully Completed, Status, Successfully Completed, Status, Successfully Completed, Status, Successfully Completed, Status, Successfully Completed, Status, Successfully Completed, Status, Successfully Completed, Status, Successfully Completed, Status, Successfully Completed, Status, Successfully Completed, Status, Successfully Completed, Status, Successfully Completed, Status, Successfully Completed, Status, Successfully Completed, Status, Successfully Completed, Status, Successfully Completed, Status, Successfully Completed, Status, Successfully Completed, Status, Successfully Completed, Status, Successfully Completed, Status, Successfully Completed, Status, Successfully Completed, Status, Successfully Completed, Status, Successfully Completed, Status, Successfully Completed, Status, Successfully Completed, Status, Successfully Completed, Status, Successfully Completed, Status, Successfully Completed, Status, Successfully Completed, Status, Successfully Completed, Status, Successfully Completed, Status, Successfully Completed, Status, Successfully Completed, Status, Successfully Completed, Status, Successfully Completed, Status, Successfully Completed, Status, Successfully Completed, Status, Successfully Completed, Status, Successfully Completed, Status, Successfully Completed, Status, Successfully Completed, Status, Successfully Completed, Status, Successfully Completed, Status, Successfully Completed, Status, Successfully Completed, Status, Successfully Completed, Status, Successfully Completed, Status, Successfully Completed, Status, Successfully Completed, Status, Successfully Completed, Status, Successfully Completed, Status, Successfully Completed, Status, Successfully Completed, Status, Successfully Completed, Status, Successfully Completed, Status, Successfully Completed, Status, Successfully Completed, Status, Successfully Completed, Status, Successfully Completed, Status, Successfully Completed, Status, Successfully Completed, Status, Successfully Completed, Status, Successfully Completed, Status, Successfully Completed, Status, Successfully Completed, Status, Successfully Completed, Status, Successfully Completed, Status, Successfully Completed, Status, Successfully Completed, Status, Successfully Completed, Status, Successfully Completed, Status, Successfully Completed, Status, Successfully Completed, Status, Successfully Completed, Status, Successfully Completed, Status, Successfully Completed, Status, Successfully Completed, Status, Successfully Completed, Status, Successfully Completed, Status, Successfully Completed, Status, Successfully Completed, Status, Successfully Completed, Status, Successfully Completed, Status, Successfully Completed, Status, Successfully Completed, Status, Successfully Completed, Status, Successfully Completed, Status, Successfully Completed, Status, Successfully Completed, Status, Successfully Completed, Status, Successfully Completed, Status, Successfully Completed, Status, Successfully Completed, Status, Successfully Completed, Status, Successfully Completed, Status, Successfully Completed, Status, Successfully Completed, Status, Successfully Completed, Status, Successfully Completed, Status, Successfully Completed, Status, Successfully Completed, Status, Successfully Completed, Status, Successfully Completed, Status, Successfully Completed, Status, Successfully Completed, Status, Successfully Completed, Status, Successfully Completed, Status, Successfully Completed, Status, Successfully Completed, Status, Successfully Completed, Status, Successfully Completed, Status, Successfully Completed, Status, Successfully Completed, Status, Successfully Completed, Status, Successfully Completed, Status, Successfully Completed, Status, Successfully Completed, Status, Successfully Completed, Status, Successfully Completed, Status]
[neelback4more@gmail.com, Subho1991*, Status, Successfully Completed, Status, Successfully Completed, Status, Successfully Completed, Status, Successfully Completed, Status, Successfully Completed, Status, Successfully Completed, Status, Successfully Completed, Status, Successfully Completed, Status, Successfully Completed, Status, Successfully Completed, Status, Successfully Completed, Status, Successfully Completed, Status, Successfully Completed, Status, Successfully Completed, Status, Successfully Completed, Status, Successfully Completed, Status, Successfully Completed, Status, Successfully Completed, Status, Successfully Completed, Status, Successfully Completed, Status, Successfully Completed, Status, Successfully Completed, Status, Successfully Completed, Status, Successfully Completed, Status, Successfully Completed, Status, Successfully Completed, Status, Successfully Completed, Status, Successfully Completed, Status, Successfully Completed, Status, Successfully Completed, Status, Successfully Completed, Status, Successfully Completed, Status, Successfully Completed, Status, Successfully Completed, Status, Successfully Completed, Status, Successfully Completed, Status, Successfully Completed, Status, Successfully Completed, Status, Successfully Completed, Status, Successfully Completed, Status, Successfully Completed, Status, Successfully Completed, Status, Successfully Completed, Status, Successfully Completed, Status, Successfully Completed, Status, Successfully Completed, Status, Successfully Completed, Status, Successfully Completed, Status, Successfully Completed, Status, Successfully Completed, Status, Successfully Completed, Status, Successfully Completed, Status, Successfully Completed, Status, Successfully Completed, Status, Successfully Completed, Status, Successfully Completed, Status, Successfully Completed, Status, Successfully Completed, Status, Successfully Completed, Status, Successfully Completed, Status, Successfully Completed, Status, Successfully Completed, Status, Successfully Completed, Status, Successfully Completed, Status, Successfully Completed, Status, Successfully Completed, Status, Successfully Completed, Status, Successfully Completed, Status, Successfully Completed, Status, Successfully Completed, Status, Successfully Completed, Status, Successfully Completed, Status, Successfully Completed, Status, Successfully Completed, Status, Successfully Completed, Status, Successfully Completed, Status, Successfully Completed, Status, Successfully Completed, Status, Successfully Completed, Status, Successfully Completed, Status, Successfully Completed, Status, Successfully Completed, Status, Successfully Completed, Status, Successfully Completed, Status, Successfully Completed, Status, Successfully Completed, Status, Successfully Completed, Status, Successfully Completed, Status, Successfully Completed, Status, Successfully Completed, Status, Successfully Completed, Status, Successfully Completed, Status, Successfully Completed, Status, Successfully Completed, Status, Successfully Completed, Status, Successfully Completed, Status, Successfully Completed, Status, Successfully Completed, Status, Successfully Completed, Status, Successfully Completed, Status, Successfully Completed, Status, Successfully Completed, Status, Successfully Completed, Status, Successfully Completed, Status, Successfully Completed, Status, Successfully Completed, Status, Successfully Completed, Status, Successfully Completed, Status, Successfully Completed, Status, Successfully Completed, Status, Successfully Completed, Status, Successfully Completed, Status, Successfully Completed, Status, Successfully Completed, Status, Successfully Completed, Status, Successfully Completed, Status, Successfully Completed, Status, Successfully Completed, Status, Successfully Completed, Status, Successfully Completed, Status, Successfully Completed, Status, Successfully Completed, Status, Successfully Completed, Status, Successfully Completed, Status, Successfully Completed, Status, Successfully Completed, Status, Successfully Completed, Status, Successfully Completed, Status, Successfully Completed, Status, Successfully Completed, Status, Successfully Completed, Status, Successfully Completed, Status, Successfully Completed, Status, Successfully Completed, Status, Successfully Completed, Status, Successfully Completed, Status, Successfully Completed, Status, Successfully Completed, Status, Successfully Completed, Status, Successfully Completed, Status, Successfully Completed, Status, Successfully Completed, Status, Successfully Completed, Status, Successfully Completed, Status, Successfully Completed, Status, Successfully Completed, Status, Successfully Completed, Status, Successfully Completed, Status, Successfully Completed, Status, Successfully Completed, Status, Successfully Completed, Status, Successfully Completed, Status, Successfully Completed, Status, Successfully Completed, Status, Successfully Completed, Status, Successfully Completed, Status, Successfully Completed, Status, Successfully Completed, Status, Successfully Completed, Status, Successfully Completed, Status, Successfully Completed, Status, Successfully Completed, Status, Successfully Completed, Status, Successfully Completed, Status, Successfully Completed, Status, Successfully Completed, Status, Successfully Completed, Status, Successfully Completed, Status, Successfully Completed, Status, Successfully Completed, Status, Successfully Completed, Status, Successfully Completed, Status, Successfully Completed, Status, Successfully Completed, Status, Successfully Completed, Status, Successfully Completed, Status, Successfully Completed, Status, Successfully Completed, Status, Successfully Completed, Status, Successfully Completed, Status, Successfully Completed, Status, Successfully Completed, Status, Successfully Completed, Status, Successfully Completed, Status, Successfully Completed, Status, Successfully Completed, Status, Successfully Completed, Status, Successfully Completed, Status, Successfully Completed, Status, Successfully Completed, Status, Successfully Completed, Status, Successfully Completed, Status, Successfully Completed, Status, Successfully Completed, Status, Successfully Completed, Status, Successfully Completed, Status, Successfully Completed, Status, Successfully Completed, Status, Successfully Completed, Status, Successfully Completed, Status, Successfully Completed, Status, Successfully Completed, Status, Successfully Completed, Status, Successfully Completed, Status, Successfully Completed, Status, Successfully Completed, Status, Successfully Completed, Status, Successfully Completed, Status, Successfully Completed, Status, Successfully Completed, Status, Successfully Completed, Status, Successfully Completed, Status, Successfully Completed, Status, Successfully Completed, Status, Successfully Completed, Status, Successfully Completed, Status, Successfully Completed, Status, Successfully Completed, Status, Successfully Completed, Status, Successfully Completed, Status, Successfully Completed, Status, Successfully Completed, Status, Successfully Completed, Status, Successfully Completed, Status, Successfully Completed, Status, Successfully Completed, Status, Successfully Completed, Status, Successfully Completed, Status, Successfully Completed, Status, Successfully Completed, Status, Successfully Completed, Status, Successfully Completed, Status, Successfully Completed, Status, Successfully Completed, Status, Successfully Completed, Status, Successfully Completed, Status, Successfully Completed, Status, Successfully Completed, Status, Successfully Completed]
[neelback4more@gmail.com, Subho1991*, Status, Successfully Completed, Status, Successfully Completed, Status, Successfully Completed, Status, Successfully Completed, Status, Successfully Completed, Status, Successfully Completed, Status, Successfully Completed, Status, Successfully Completed, Status, Successfully Completed, Status, Successfully Completed, Status, Successfully Completed, Status, Successfully Completed, Status, Successfully Completed, Status, Successfully Completed, Status, Successfully Completed, Status, Successfully Completed, Status, Successfully Completed, Status, Successfully Completed, Status, Successfully Completed, Status, Successfully Completed, Status, Successfully Completed, Status, Successfully Completed, Status, Successfully Completed, Status, Successfully Completed, Status, Successfully Completed, Status, Successfully Completed, Status, Successfully Completed, Status, Successfully Completed, Status, Successfully Completed, Status, Successfully Completed, Status, Successfully Completed, Status, Successfully Completed, Status, Successfully Completed, Status, Successfully Completed, Status, Successfully Completed, Status, Successfully Completed, Status, Successfully Completed, Status, Successfully Completed, Status, Successfully Completed, Status, Successfully Completed, Status, Successfully Completed, Status, Successfully Completed, Status, Successfully Completed, Status, Successfully Completed, Status, Successfully Completed, Status, Successfully Completed, Status, Successfully Completed, Status, Successfully Completed, Status, Successfully Completed, Status, Successfully Completed, Status, Successfully Completed, Status, Successfully Completed, Status, Successfully Completed, Status, Successfully Completed, Status, Successfully Completed, Status, Successfully Completed, Status, Successfully Completed, Status, Successfully Completed, Status, Successfully Completed, Status, Successfully Completed, Status, Successfully Completed, Status, Successfully Completed, Status, Successfully Completed, Status, Successfully Completed, Status, Successfully Completed, Status, Successfully Completed, Status, Successfully Completed, Status, Successfully Completed, Status, Successfully Completed, Status, Successfully Completed, Status, Successfully Completed, Status, Successfully Completed, Status, Successfully Completed, Status, Successfully Completed, Status, Successfully Completed, Status, Successfully Completed, Status, Successfully Completed, Status, Successfully Completed, Status, Successfully Completed, Status, Successfully Completed, Status, Successfully Completed, Status, Successfully Completed, Status, Successfully Completed, Status, Successfully Completed, Status, Successfully Completed, Status, Successfully Completed, Status, Successfully Completed, Status, Successfully Completed, Status, Successfully Completed, Status, Successfully Completed, Status, Successfully Completed, Status, Successfully Completed, Status, Successfully Completed, Status, Successfully Completed, Status, Successfully Completed, Status, Successfully Completed, Status, Successfully Completed, Status, Successfully Completed, Status, Successfully Completed, Status, Successfully Completed, Status, Successfully Completed, Status, Successfully Completed, Status, Successfully Completed, Status, Successfully Completed, Status, Successfully Completed, Status, Successfully Completed, Status, Successfully Completed, Status, Successfully Completed, Status, Successfully Completed, Status, Successfully Completed, Status, Successfully Completed, Status, Successfully Completed, Status, Successfully Completed, Status, Successfully Completed, Status, Successfully Completed, Status, Successfully Completed, Status, Successfully Completed, Status, Successfully Completed, Status, Successfully Completed, Status, Successfully Completed, Status, Successfully Completed, Status, Successfully Completed, Status, Successfully Completed, Status, Successfully Completed, Status, Successfully Completed, Status, Successfully Completed, Status, Successfully Completed, Status, Successfully Completed, Status, Successfully Completed, Status, Successfully Completed, Status, Successfully Completed, Status, Successfully Completed, Status, Successfully Completed, Status, Successfully Completed, Status, Successfully Completed, Status, Successfully Completed, Status, Successfully Completed, Status, Successfully Completed, Status, Successfully Completed, Status, Successfully Completed, Status, Successfully Completed, Status, Successfully Completed, Status, Successfully Completed, Status, Successfully Completed, Status, Successfully Completed, Status, Successfully Completed, Status, Successfully Completed, Status, Successfully Completed, Status, Successfully Completed, Status, Successfully Completed, Status, Successfully Completed, Status, Successfully Completed, Status, Successfully Completed, Status, Successfully Completed, Status, Successfully Completed, Status, Successfully Completed, Status, Successfully Completed, Status, Successfully Completed, Status, Successfully Completed, Status, Successfully Completed, Status, Successfully Completed, Status, Successfully Completed, Status, Successfully Completed, Status, Successfully Completed, Status, Successfully Completed, Status, Successfully Completed, Status, Successfully Completed, Status, Successfully Completed, Status, Successfully Completed, Status, Successfully Completed, Status, Successfully Completed, Status, Successfully Completed, Status, Successfully Completed, Status, Successfully Completed, Status, Successfully Completed, Status, Successfully Completed, Status, Successfully Completed, Status, Successfully Completed, Status, Successfully Completed, Status, Successfully Completed, Status, Successfully Completed, Status, Successfully Completed, Status, Successfully Completed, Status, Successfully Completed, Status, Successfully Completed, Status, Successfully Completed, Status, Successfully Completed, Status, Successfully Completed, Status, Successfully Completed, Status, Successfully Completed, Status, Successfully Completed, Status, Successfully Completed, Status, Successfully Completed, Status, Successfully Completed, Status, Successfully Completed, Status, Successfully Completed, Status, Successfully Completed, Status, Successfully Completed, Status, Successfully Completed, Status, Successfully Completed, Status, Successfully Completed, Status, Successfully Completed, Status, Successfully Completed, Status, Successfully Completed, Status, Successfully Completed, Status, Successfully Completed, Status, Successfully Completed, Status, Successfully Completed, Status, Successfully Completed, Status, Successfully Completed, Status, Successfully Completed, Status, Successfully Completed, Status, Successfully Completed, Status, Successfully Completed, Status, Successfully Completed, Status, Successfully Completed, Status, Successfully Completed, Status, Successfully Completed, Status, Successfully Completed, Status, Successfully Completed, Status, Successfully Completed, Status, Successfully Completed, Status, Successfully Completed, Status, Successfully Completed, Status, Successfully Completed, Status, Successfully Completed, Status, Successfully Completed, Status, Successfully Completed, Status, Successfully Completed, Status, Successfully Completed, Status, Successfully Completed, Status, Successfully Completed, Status, Successfully Completed, Status, Successfully Completed, Status, Successfully Completed, Status, Successfully Completed, Status, Successfully Completed, Status, Successfully Completed, Status, Successfully Completed, Status]
[neelback4more@gmail.com, Subho1991*, Status, Successfully Completed, Status, Successfully Completed, Status, Successfully Completed, Status, Successfully Completed, Status, Successfully Completed, Status, Successfully Completed, Status, Successfully Completed, Status, Successfully Completed, Status, Successfully Completed, Status, Successfully Completed, Status, Successfully Completed, Status, Successfully Completed, Status, Successfully Completed, Status, Successfully Completed, Status, Successfully Completed, Status, Successfully Completed, Status, Successfully Completed, Status, Successfully Completed, Status, Successfully Completed, Status, Successfully Completed, Status, Successfully Completed, Status, Successfully Completed, Status, Successfully Completed, Status, Successfully Completed, Status, Successfully Completed, Status, Successfully Completed, Status, Successfully Completed, Status, Successfully Completed, Status, Successfully Completed, Status, Successfully Completed, Status, Successfully Completed, Status, Successfully Completed, Status, Successfully Completed, Status, Successfully Completed, Status, Successfully Completed, Status, Successfully Completed, Status, Successfully Completed, Status, Successfully Completed, Status, Successfully Completed, Status, Successfully Completed, Status, Successfully Completed, Status, Successfully Completed, Status, Successfully Completed, Status, Successfully Completed, Status, Successfully Completed, Status, Successfully Completed, Status, Successfully Completed, Status, Successfully Completed, Status, Successfully Completed, Status, Successfully Completed, Status, Successfully Completed, Status, Successfully Completed, Status, Successfully Completed, Status, Successfully Completed, Status, Successfully Completed, Status, Successfully Completed, Status, Successfully Completed, Status, Successfully Completed, Status, Successfully Completed, Status, Successfully Completed, Status, Successfully Completed, Status, Successfully Completed, Status, Successfully Completed, Status, Successfully Completed, Status, Successfully Completed, Status, Successfully Completed, Status, Successfully Completed, Status, Successfully Completed, Status, Successfully Completed, Status, Successfully Completed, Status, Successfully Completed, Status, Successfully Completed, Status, Successfully Completed, Status, Successfully Completed, Status, Successfully Completed, Status, Successfully Completed, Status, Successfully Completed, Status, Successfully Completed, Status, Successfully Completed, Status, Successfully Completed, Status, Successfully Completed, Status, Successfully Completed, Status, Successfully Completed, Status, Successfully Completed, Status, Successfully Completed, Status, Successfully Completed, Status, Successfully Completed, Status, Successfully Completed, Status, Successfully Completed, Status, Successfully Completed, Status, Successfully Completed, Status, Successfully Completed, Status, Successfully Completed, Status, Successfully Completed, Status, Successfully Completed, Status, Successfully Completed, Status, Successfully Completed, Status, Successfully Completed, Status, Successfully Completed, Status, Successfully Completed, Status, Successfully Completed, Status, Successfully Completed, Status, Successfully Completed, Status, Successfully Completed, Status, Successfully Completed, Status, Successfully Completed, Status, Successfully Completed, Status, Successfully Completed, Status, Successfully Completed, Status, Successfully Completed, Status, Successfully Completed, Status, Successfully Completed, Status, Successfully Completed, Status, Successfully Completed, Status, Successfully Completed, Status, Successfully Completed, Status, Successfully Completed, Status, Successfully Completed, Status, Successfully Completed, Status, Successfully Completed, Status, Successfully Completed, Status, Successfully Completed, Status, Successfully Completed, Status, Successfully Completed, Status, Successfully Completed, Status, Successfully Completed, Status, Successfully Completed, Status, Successfully Completed, Status, Successfully Completed, Status, Successfully Completed, Status, Successfully Completed, Status, Successfully Completed, Status, Successfully Completed, Status, Successfully Completed, Status, Successfully Completed, Status, Successfully Completed, Status, Successfully Completed, Status, Successfully Completed, Status, Successfully Completed, Status, Successfully Completed, Status, Successfully Completed, Status, Successfully Completed, Status, Successfully Completed, Status, Successfully Completed, Status, Successfully Completed, Status, Successfully Completed, Status, Successfully Completed, Status, Successfully Completed, Status, Successfully Completed, Status, Successfully Completed, Status, Successfully Completed, Status, Successfully Completed, Status, Successfully Completed, Status, Successfully Completed, Status, Successfully Completed, Status, Successfully Completed, Status, Successfully Completed, Status, Successfully Completed, Status, Successfully Completed, Status, Successfully Completed, Status, Successfully Completed, Status, Successfully Completed, Status, Successfully Completed, Status, Successfully Completed, Status, Successfully Completed, Status, Successfully Completed, Status, Successfully Completed, Status, Successfully Completed, Status, Successfully Completed, Status, Successfully Completed, Status, Successfully Completed, Status, Successfully Completed, Status, Successfully Completed, Status, Successfully Completed, Status, Successfully Completed, Status, Successfully Completed, Status, Successfully Completed, Status, Successfully Completed, Status, Successfully Completed, Status, Successfully Completed, Status, Successfully Completed, Status, Successfully Completed, Status, Successfully Completed, Status, Successfully Completed, Status, Successfully Completed, Status, Successfully Completed, Status, Successfully Completed, Status, Successfully Completed, Status, Successfully Completed, Status, Successfully Completed, Status, Successfully Completed, Status, Successfully Completed, Status, Successfully Completed, Status, Successfully Completed, Status, Successfully Completed, Status, Successfully Completed, Status, Successfully Completed, Status, Successfully Completed, Status, Successfully Completed, Status, Successfully Completed, Status, Successfully Completed, Status, Successfully Completed, Status, Successfully Completed, Status, Successfully Completed, Status, Successfully Completed, Status, Successfully Completed, Status, Successfully Completed, Status, Successfully Completed, Status, Successfully Completed, Status, Successfully Completed, Status, Successfully Completed, Status, Successfully Completed, Status, Successfully Completed, Status, Successfully Completed, Status, Successfully Completed, Status, Successfully Completed, Status, Successfully Completed, Status, Successfully Completed, Status, Successfully Completed, Status, Successfully Completed, Status, Successfully Completed, Status, Successfully Completed, Status, Successfully Completed, Status, Successfully Completed, Status, Successfully Completed, Status, Successfully Completed, Status, Successfully Completed, Status, Successfully Completed, Status, Successfully Completed, Status, Successfully Completed, Status, Successfully Completed, Status, Successfully Completed, Status, Successfully Completed, Status, Successfully Completed, Status, Successfully Completed, Status, Successfully Completed, Status, Successfully Completed, Status, Successfully Completed, Status, Successfully Completed, Status, Successfully Completed]
[neelback4more@gmail.com, Subho1991*, Status, Successfully Completed, Status, Successfully Completed, Status, Successfully Completed, Status, Successfully Completed, Status, Successfully Completed, Status, Successfully Completed, Status, Successfully Completed, Status, Successfully Completed, Status, Successfully Completed, Status, Successfully Completed, Status, Successfully Completed, Status, Successfully Completed, Status, Successfully Completed, Status, Successfully Completed, Status, Successfully Completed, Status, Successfully Completed, Status, Successfully Completed, Status, Successfully Completed, Status, Successfully Completed, Status, Successfully Completed, Status, Successfully Completed, Status, Successfully Completed, Status, Successfully Completed, Status, Successfully Completed, Status, Successfully Completed, Status, Successfully Completed, Status, Successfully Completed, Status, Successfully Completed, Status, Successfully Completed, Status, Successfully Completed, Status, Successfully Completed, Status, Successfully Completed, Status, Successfully Completed, Status, Successfully Completed, Status, Successfully Completed, Status, Successfully Completed, Status, Successfully Completed, Status, Successfully Completed, Status, Successfully Completed, Status, Successfully Completed, Status, Successfully Completed, Status, Successfully Completed, Status, Successfully Completed, Status, Successfully Completed, Status, Successfully Completed, Status, Successfully Completed, Status, Successfully Completed, Status, Successfully Completed, Status, Successfully Completed, Status, Successfully Completed, Status, Successfully Completed, Status, Successfully Completed, Status, Successfully Completed, Status, Successfully Completed, Status, Successfully Completed, Status, Successfully Completed, Status, Successfully Completed, Status, Successfully Completed, Status, Successfully Completed, Status, Successfully Completed, Status, Successfully Completed, Status, Successfully Completed, Status, Successfully Completed, Status, Successfully Completed, Status, Successfully Completed, Status, Successfully Completed, Status, Successfully Completed, Status, Successfully Completed, Status, Successfully Completed, Status, Successfully Completed, Status, Successfully Completed, Status, Successfully Completed, Status, Successfully Completed, Status, Successfully Completed, Status, Successfully Completed, Status, Successfully Completed, Status, Successfully Completed, Status, Successfully Completed, Status, Successfully Completed, Status, Successfully Completed, Status, Successfully Completed, Status, Successfully Completed, Status, Successfully Completed, Status, Successfully Completed, Status, Successfully Completed, Status, Successfully Completed, Status, Successfully Completed, Status, Successfully Completed, Status, Successfully Completed, Status, Successfully Completed, Status, Successfully Completed, Status, Successfully Completed, Status, Successfully Completed, Status, Successfully Completed, Status, Successfully Completed, Status, Successfully Completed, Status, Successfully Completed, Status, Successfully Completed, Status, Successfully Completed, Status, Successfully Completed, Status, Successfully Completed, Status, Successfully Completed, Status, Successfully Completed, Status, Successfully Completed, Status, Successfully Completed, Status, Successfully Completed, Status, Successfully Completed, Status, Successfully Completed, Status, Successfully Completed, Status, Successfully Completed, Status, Successfully Completed, Status, Successfully Completed, Status, Successfully Completed, Status, Successfully Completed, Status, Successfully Completed, Status, Successfully Completed, Status, Successfully Completed, Status, Successfully Completed, Status, Successfully Completed, Status, Successfully Completed, Status, Successfully Completed, Status, Successfully Completed, Status, Successfully Completed, Status, Successfully Completed, Status, Successfully Completed, Status, Successfully Completed, Status, Successfully Completed, Status, Successfully Completed, Status, Successfully Completed, Status, Successfully Completed, Status, Successfully Completed, Status, Successfully Completed, Status, Successfully Completed, Status, Successfully Completed, Status, Successfully Completed, Status, Successfully Completed, Status, Successfully Completed, Status, Successfully Completed, Status, Successfully Completed, Status, Successfully Completed, Status, Successfully Completed, Status, Successfully Completed, Status, Successfully Completed, Status, Successfully Completed, Status, Successfully Completed, Status, Successfully Completed, Status, Successfully Completed, Status, Successfully Completed, Status, Successfully Completed, Status, Successfully Completed, Status, Successfully Completed, Status, Successfully Completed, Status, Successfully Completed, Status, Successfully Completed, Status, Successfully Completed, Status, Successfully Completed, Status, Successfully Completed, Status, Successfully Completed, Status, Successfully Completed, Status, Successfully Completed, Status, Successfully Completed, Status, Successfully Completed, Status, Successfully Completed, Status, Successfully Completed, Status, Successfully Completed, Status, Successfully Completed, Status, Successfully Completed, Status, Successfully Completed, Status, Successfully Completed, Status, Successfully Completed, Status, Successfully Completed, Status, Successfully Completed, Status, Successfully Completed, Status, Successfully Completed, Status, Successfully Completed, Status, Successfully Completed, Status, Successfully Completed, Status, Successfully Completed, Status, Successfully Completed, Status, Successfully Completed, Status, Successfully Completed, Status, Successfully Completed, Status, Successfully Completed, Status, Successfully Completed, Status, Successfully Completed, Status, Successfully Completed, Status, Successfully Completed, Status, Successfully Completed, Status, Successfully Completed, Status, Successfully Completed, Status, Successfully Completed, Status, Successfully Completed, Status, Successfully Completed, Status, Successfully Completed, Status, Successfully Completed, Status, Successfully Completed, Status, Successfully Completed, Status, Successfully Completed, Status, Successfully Completed, Status, Successfully Completed, Status, Successfully Completed, Status, Successfully Completed, Status, Successfully Completed, Status, Successfully Completed, Status, Successfully Completed, Status, Successfully Completed, Status, Successfully Completed, Status, Successfully Completed, Status, Successfully Completed, Status, Successfully Completed, Status, Successfully Completed, Status, Successfully Completed, Status, Successfully Completed, Status, Successfully Completed, Status, Successfully Completed, Status, Successfully Completed, Status, Successfully Completed, Status, Successfully Completed, Status, Successfully Completed, Status, Successfully Completed, Status, Successfully Completed, Status, Successfully Completed, Status, Successfully Completed, Status, Successfully Completed, Status, Successfully Completed, Status, Successfully Completed, Status, Successfully Completed, Status, Successfully Completed, Status, Successfully Completed, Status, Successfully Completed, Status, Successfully Completed, Status, Successfully Completed, Status, Successfully Completed, Status, Successfully Completed, Status, Successfully Completed, Status, Successfully Completed, Status, Successfully Completed, Status, Successfully Completed, Status, Successfully Completed, Status, Successfully Completed, Status]
[neelback4more@gmail.com, Subho1991*, Status, Successfully Completed, Status, Successfully Completed, Status, Successfully Completed, Status, Successfully Completed, Status, Successfully Completed, Status, Successfully Completed, Status, Successfully Completed, Status, Successfully Completed, Status, Successfully Completed, Status, Successfully Completed, Status, Successfully Completed, Status, Successfully Completed, Status, Successfully Completed, Status, Successfully Completed, Status, Successfully Completed, Status, Successfully Completed, Status, Successfully Completed, Status, Successfully Completed, Status, Successfully Completed, Status, Successfully Completed, Status, Successfully Completed, Status, Successfully Completed, Status, Successfully Completed, Status, Successfully Completed, Status, Successfully Completed, Status, Successfully Completed, Status, Successfully Completed, Status, Successfully Completed, Status, Successfully Completed, Status, Successfully Completed, Status, Successfully Completed, Status, Successfully Completed, Status, Successfully Completed, Status, Successfully Completed, Status, Successfully Completed, Status, Successfully Completed, Status, Successfully Completed, Status, Successfully Completed, Status, Successfully Completed, Status, Successfully Completed, Status, Successfully Completed, Status, Successfully Completed, Status, Successfully Completed, Status, Successfully Completed, Status, Successfully Completed, Status, Successfully Completed, Status, Successfully Completed, Status, Successfully Completed, Status, Successfully Completed, Status, Successfully Completed, Status, Successfully Completed, Status, Successfully Completed, Status, Successfully Completed, Status, Successfully Completed, Status, Successfully Completed, Status, Successfully Completed, Status, Successfully Completed, Status, Successfully Completed, Status, Successfully Completed, Status, Successfully Completed, Status, Successfully Completed, Status, Successfully Completed, Status, Successfully Completed, Status, Successfully Completed, Status, Successfully Completed, Status, Successfully Completed, Status, Successfully Completed, Status, Successfully Completed, Status, Successfully Completed, Status, Successfully Completed, Status, Successfully Completed, Status, Successfully Completed, Status, Successfully Completed, Status, Successfully Completed, Status, Successfully Completed, Status, Successfully Completed, Status, Successfully Completed, Status, Successfully Completed, Status, Successfully Completed, Status, Successfully Completed, Status, Successfully Completed, Status, Successfully Completed, Status, Successfully Completed, Status, Successfully Completed, Status, Successfully Completed, Status, Successfully Completed, Status, Successfully Completed, Status, Successfully Completed, Status, Successfully Completed, Status, Successfully Completed, Status, Successfully Completed, Status, Successfully Completed, Status, Successfully Completed, Status, Successfully Completed, Status, Successfully Completed, Status, Successfully Completed, Status, Successfully Completed, Status, Successfully Completed, Status, Successfully Completed, Status, Successfully Completed, Status, Successfully Completed, Status, Successfully Completed, Status, Successfully Completed, Status, Successfully Completed, Status, Successfully Completed, Status, Successfully Completed, Status, Successfully Completed, Status, Successfully Completed, Status, Successfully Completed, Status, Successfully Completed, Status, Successfully Completed, Status, Successfully Completed, Status, Successfully Completed, Status, Successfully Completed, Status, Successfully Completed, Status, Successfully Completed, Status, Successfully Completed, Status, Successfully Completed, Status, Successfully Completed, Status, Successfully Completed, Status, Successfully Completed, Status, Successfully Completed, Status, Successfully Completed, Status, Successfully Completed, Status, Successfully Completed, Status, Successfully Completed, Status, Successfully Completed, Status, Successfully Completed, Status, Successfully Completed, Status, Successfully Completed, Status, Successfully Completed, Status, Successfully Completed, Status, Successfully Completed, Status, Successfully Completed, Status, Successfully Completed, Status, Successfully Completed, Status, Successfully Completed, Status, Successfully Completed, Status, Successfully Completed, Status, Successfully Completed, Status, Successfully Completed, Status, Successfully Completed, Status, Successfully Completed, Status, Successfully Completed, Status, Successfully Completed, Status, Successfully Completed, Status, Successfully Completed, Status, Successfully Completed, Status, Successfully Completed, Status, Successfully Completed, Status, Successfully Completed, Status, Successfully Completed, Status, Successfully Completed, Status, Successfully Completed, Status, Successfully Completed, Status, Successfully Completed, Status, Successfully Completed, Status, Successfully Completed, Status, Successfully Completed, Status, Successfully Completed, Status, Successfully Completed, Status, Successfully Completed, Status, Successfully Completed, Status, Successfully Completed, Status, Successfully Completed, Status, Successfully Completed, Status, Successfully Completed, Status, Successfully Completed, Status, Successfully Completed, Status, Successfully Completed, Status, Successfully Completed, Status, Successfully Completed, Status, Successfully Completed, Status, Successfully Completed, Status, Successfully Completed, Status, Successfully Completed, Status, Successfully Completed, Status, Successfully Completed, Status, Successfully Completed, Status, Successfully Completed, Status, Successfully Completed, Status, Successfully Completed, Status, Successfully Completed, Status, Successfully Completed, Status, Successfully Completed, Status, Successfully Completed, Status, Successfully Completed, Status, Successfully Completed, Status, Successfully Completed, Status, Successfully Completed, Status, Successfully Completed, Status, Successfully Completed, Status, Successfully Completed, Status, Successfully Completed, Status, Successfully Completed, Status, Successfully Completed, Status, Successfully Completed, Status, Successfully Completed, Status, Successfully Completed, Status, Successfully Completed, Status, Successfully Completed, Status, Successfully Completed, Status, Successfully Completed, Status, Successfully Completed, Status, Successfully Completed, Status, Successfully Completed, Status, Successfully Completed, Status, Successfully Completed, Status, Successfully Completed, Status, Successfully Completed, Status, Successfully Completed, Status, Successfully Completed, Status, Successfully Completed, Status, Successfully Completed, Status, Successfully Completed, Status, Successfully Completed, Status, Successfully Completed, Status, Successfully Completed, Status, Successfully Completed, Status, Successfully Completed, Status, Successfully Completed, Status, Successfully Completed, Status, Successfully Completed, Status, Successfully Completed, Status, Successfully Completed, Status, Successfully Completed, Status, Successfully Completed, Status, Successfully Completed, Status, Successfully Completed, Status, Successfully Completed, Status, Successfully Completed, Status, Successfully Completed, Status, Successfully Completed, Status, Successfully Completed, Status, Successfully Completed, Status, Successfully Completed, Status, Successfully Completed, Status, Successfully Completed, Status, Successfully Completed, Status, Successfully Completed, Status, Successfully Completed]
[neelback4more@gmail.com, Subho1991*, Status, Successfully Completed, Status, Successfully Completed, Status, Successfully Completed, Status, Successfully Completed, Status, Successfully Completed, Status, Successfully Completed, Status, Successfully Completed, Status, Successfully Completed, Status, Successfully Completed, Status, Successfully Completed, Status, Successfully Completed, Status, Successfully Completed, Status, Successfully Completed, Status, Successfully Completed, Status, Successfully Completed, Status, Successfully Completed, Status, Successfully Completed, Status, Successfully Completed, Status, Successfully Completed, Status, Successfully Completed, Status, Successfully Completed, Status, Successfully Completed, Status, Successfully Completed, Status, Successfully Completed, Status, Successfully Completed, Status, Successfully Completed, Status, Successfully Completed, Status, Successfully Completed, Status, Successfully Completed, Status, Successfully Completed, Status, Successfully Completed, Status, Successfully Completed, Status, Successfully Completed, Status, Successfully Completed, Status, Successfully Completed, Status, Successfully Completed, Status, Successfully Completed, Status, Successfully Completed, Status, Successfully Completed, Status, Successfully Completed, Status, Successfully Completed, Status, Successfully Completed, Status, Successfully Completed, Status, Successfully Completed, Status, Successfully Completed, Status, Successfully Completed, Status, Successfully Completed, Status, Successfully Completed, Status, Successfully Completed, Status, Successfully Completed, Status, Successfully Completed, Status, Successfully Completed, Status, Successfully Completed, Status, Successfully Completed, Status, Successfully Completed, Status, Successfully Completed, Status, Successfully Completed, Status, Successfully Completed, Status, Successfully Completed, Status, Successfully Completed, Status, Successfully Completed, Status, Successfully Completed, Status, Successfully Completed, Status, Successfully Completed, Status, Successfully Completed, Status, Successfully Completed, Status, Successfully Completed, Status, Successfully Completed, Status, Successfully Completed, Status, Successfully Completed, Status, Successfully Completed, Status, Successfully Completed, Status, Successfully Completed, Status, Successfully Completed, Status, Successfully Completed, Status, Successfully Completed, Status, Successfully Completed, Status, Successfully Completed, Status, Successfully Completed, Status, Successfully Completed, Status, Successfully Completed, Status, Successfully Completed, Status, Successfully Completed, Status, Successfully Completed, Status, Successfully Completed, Status, Successfully Completed, Status, Successfully Completed, Status, Successfully Completed, Status, Successfully Completed, Status, Successfully Completed, Status, Successfully Completed, Status, Successfully Completed, Status, Successfully Completed, Status, Successfully Completed, Status, Successfully Completed, Status, Successfully Completed, Status, Successfully Completed, Status, Successfully Completed, Status, Successfully Completed, Status, Successfully Completed, Status, Successfully Completed, Status, Successfully Completed, Status, Successfully Completed, Status, Successfully Completed, Status, Successfully Completed, Status, Successfully Completed, Status, Successfully Completed, Status, Successfully Completed, Status, Successfully Completed, Status, Successfully Completed, Status, Successfully Completed, Status, Successfully Completed, Status, Successfully Completed, Status, Successfully Completed, Status, Successfully Completed, Status, Successfully Completed, Status, Successfully Completed, Status, Successfully Completed, Status, Successfully Completed, Status, Successfully Completed, Status, Successfully Completed, Status, Successfully Completed, Status, Successfully Completed, Status, Successfully Completed, Status, Successfully Completed, Status, Successfully Completed, Status, Successfully Completed, Status, Successfully Completed, Status, Successfully Completed, Status, Successfully Completed, Status, Successfully Completed, Status, Successfully Completed, Status, Successfully Completed, Status, Successfully Completed, Status, Successfully Completed, Status, Successfully Completed, Status, Successfully Completed, Status, Successfully Completed, Status, Successfully Completed, Status, Successfully Completed, Status, Successfully Completed, Status, Successfully Completed, Status, Successfully Completed, Status, Successfully Completed, Status, Successfully Completed, Status, Successfully Completed, Status, Successfully Completed, Status, Successfully Completed, Status, Successfully Completed, Status, Successfully Completed, Status, Successfully Completed, Status, Successfully Completed, Status, Successfully Completed, Status, Successfully Completed, Status, Successfully Completed, Status, Successfully Completed, Status, Successfully Completed, Status, Successfully Completed, Status, Successfully Completed, Status, Successfully Completed, Status, Successfully Completed, Status, Successfully Completed, Status, Successfully Completed, Status, Successfully Completed, Status, Successfully Completed, Status, Successfully Completed, Status, Successfully Completed, Status, Successfully Completed, Status, Successfully Completed, Status, Successfully Completed, Status, Successfully Completed, Status, Successfully Completed, Status, Successfully Completed, Status, Successfully Completed, Status, Successfully Completed, Status, Successfully Completed, Status, Successfully Completed, Status, Successfully Completed, Status, Successfully Completed, Status, Successfully Completed, Status, Successfully Completed, Status, Successfully Completed, Status, Successfully Completed, Status, Successfully Completed, Status, Successfully Completed, Status, Successfully Completed, Status, Successfully Completed, Status, Successfully Completed, Status, Successfully Completed, Status, Successfully Completed, Status, Successfully Completed, Status, Successfully Completed, Status, Successfully Completed, Status, Successfully Completed, Status, Successfully Completed, Status, Successfully Completed, Status, Successfully Completed, Status, Successfully Completed, Status, Successfully Completed, Status, Successfully Completed, Status, Successfully Completed, Status, Successfully Completed, Status, Successfully Completed, Status, Successfully Completed, Status, Successfully Completed, Status, Successfully Completed, Status, Successfully Completed, Status, Successfully Completed, Status, Successfully Completed, Status, Successfully Completed, Status, Successfully Completed, Status, Successfully Completed, Status, Successfully Completed, Status, Successfully Completed, Status, Successfully Completed, Status, Successfully Completed, Status, Successfully Completed, Status, Successfully Completed, Status, Successfully Completed, Status, Successfully Completed, Status, Successfully Completed, Status, Successfully Completed, Status, Successfully Completed, Status, Successfully Completed, Status, Successfully Completed, Status, Successfully Completed, Status, Successfully Completed, Status, Successfully Completed, Status, Successfully Completed, Status, Successfully Completed, Status, Successfully Completed, Status, Successfully Completed, Status, Successfully Completed, Status, Successfully Completed, Status, Successfully Completed, Status, Successfully Completed, Status, Successfully Completed, Status, Successfully Completed, Status, Successfully Completed, Status, Successfully Completed, Status, Successfully Completed, Status]
[neelback4more@gmail.com, Subho1991*, Status, Successfully Completed, Status, Successfully Completed, Status, Successfully Completed, Status, Successfully Completed, Status, Successfully Completed, Status, Successfully Completed, Status, Successfully Completed, Status, Successfully Completed, Status, Successfully Completed, Status, Successfully Completed, Status, Successfully Completed, Status, Successfully Completed, Status, Successfully Completed, Status, Successfully Completed, Status, Successfully Completed, Status, Successfully Completed, Status, Successfully Completed, Status, Successfully Completed, Status, Successfully Completed, Status, Successfully Completed, Status, Successfully Completed, Status, Successfully Completed, Status, Successfully Completed, Status, Successfully Completed, Status, Successfully Completed, Status, Successfully Completed, Status, Successfully Completed, Status, Successfully Completed, Status, Successfully Completed, Status, Successfully Completed, Status, Successfully Completed, Status, Successfully Completed, Status, Successfully Completed, Status, Successfully Completed, Status, Successfully Completed, Status, Successfully Completed, Status, Successfully Completed, Status, Successfully Completed, Status, Successfully Completed, Status, Successfully Completed, Status, Successfully Completed, Status, Successfully Completed, Status, Successfully Completed, Status, Successfully Completed, Status, Successfully Completed, Status, Successfully Completed, Status, Successfully Completed, Status, Successfully Completed, Status, Successfully Completed, Status, Successfully Completed, Status, Successfully Completed, Status, Successfully Completed, Status, Successfully Completed, Status, Successfully Completed, Status, Successfully Completed, Status, Successfully Completed, Status, Successfully Completed, Status, Successfully Completed, Status, Successfully Completed, Status, Successfully Completed, Status, Successfully Completed, Status, Successfully Completed, Status, Successfully Completed, Status, Successfully Completed, Status, Successfully Completed, Status, Successfully Completed, Status, Successfully Completed, Status, Successfully Completed, Status, Successfully Completed, Status, Successfully Completed, Status, Successfully Completed, Status, Successfully Completed, Status, Successfully Completed, Status, Successfully Completed, Status, Successfully Completed, Status, Successfully Completed, Status, Successfully Completed, Status, Successfully Completed, Status, Successfully Completed, Status, Successfully Completed, Status, Successfully Completed, Status, Successfully Completed, Status, Successfully Completed, Status, Successfully Completed, Status, Successfully Completed, Status, Successfully Completed, Status, Successfully Completed, Status, Successfully Completed, Status, Successfully Completed, Status, Successfully Completed, Status, Successfully Completed, Status, Successfully Completed, Status, Successfully Completed, Status, Successfully Completed, Status, Successfully Completed, Status, Successfully Completed, Status, Successfully Completed, Status, Successfully Completed, Status, Successfully Completed, Status, Successfully Completed, Status, Successfully Completed, Status, Successfully Completed, Status, Successfully Completed, Status, Successfully Completed, Status, Successfully Completed, Status, Successfully Completed, Status, Successfully Completed, Status, Successfully Completed, Status, Successfully Completed, Status, Successfully Completed, Status, Successfully Completed, Status, Successfully Completed, Status, Successfully Completed, Status, Successfully Completed, Status, Successfully Completed, Status, Successfully Completed, Status, Successfully Completed, Status, Successfully Completed, Status, Successfully Completed, Status, Successfully Completed, Status, Successfully Completed, Status, Successfully Completed, Status, Successfully Completed, Status, Successfully Completed, Status, Successfully Completed, Status, Successfully Completed, Status, Successfully Completed, Status, Successfully Completed, Status, Successfully Completed, Status, Successfully Completed, Status, Successfully Completed, Status, Successfully Completed, Status, Successfully Completed, Status, Successfully Completed, Status, Successfully Completed, Status, Successfully Completed, Status, Successfully Completed, Status, Successfully Completed, Status, Successfully Completed, Status, Successfully Completed, Status, Successfully Completed, Status, Successfully Completed, Status, Successfully Completed, Status, Successfully Completed, Status, Successfully Completed, Status, Successfully Completed, Status, Successfully Completed, Status, Successfully Completed, Status, Successfully Completed, Status, Successfully Completed, Status, Successfully Completed, Status, Successfully Completed, Status, Successfully Completed, Status, Successfully Completed, Status, Successfully Completed, Status, Successfully Completed, Status, Successfully Completed, Status, Successfully Completed, Status, Successfully Completed, Status, Successfully Completed, Status, Successfully Completed, Status, Successfully Completed, Status, Successfully Completed, Status, Successfully Completed, Status, Successfully Completed, Status, Successfully Completed, Status, Successfully Completed, Status, Successfully Completed, Status, Successfully Completed, Status, Successfully Completed, Status, Successfully Completed, Status, Successfully Completed, Status, Successfully Completed, Status, Successfully Completed, Status, Successfully Completed, Status, Successfully Completed, Status, Successfully Completed, Status, Successfully Completed, Status, Successfully Completed, Status, Successfully Completed, Status, Successfully Completed, Status, Successfully Completed, Status, Successfully Completed, Status, Successfully Completed, Status, Successfully Completed, Status, Successfully Completed, Status, Successfully Completed, Status, Successfully Completed, Status, Successfully Completed, Status, Successfully Completed, Status, Successfully Completed, Status, Successfully Completed, Status, Successfully Completed, Status, Successfully Completed, Status, Successfully Completed, Status, Successfully Completed, Status, Successfully Completed, Status, Successfully Completed, Status, Successfully Completed, Status, Successfully Completed, Status, Successfully Completed, Status, Successfully Completed, Status, Successfully Completed, Status, Successfully Completed, Status, Successfully Completed, Status, Successfully Completed, Status, Successfully Completed, Status, Successfully Completed, Status, Successfully Completed, Status, Successfully Completed, Status, Successfully Completed, Status, Successfully Completed, Status, Successfully Completed, Status, Successfully Completed, Status, Successfully Completed, Status, Successfully Completed, Status, Successfully Completed, Status, Successfully Completed, Status, Successfully Completed, Status, Successfully Completed, Status, Successfully Completed, Status, Successfully Completed, Status, Successfully Completed, Status, Successfully Completed, Status, Successfully Completed, Status, Successfully Completed, Status, Successfully Completed, Status, Successfully Completed, Status, Successfully Completed, Status, Successfully Completed, Status, Successfully Completed, Status, Successfully Completed, Status, Successfully Completed, Status, Successfully Completed, Status, Successfully Completed, Status, Successfully Completed, Status, Successfully Completed, Status, Successfully Completed, Status, Successfully Completed, Status, Successfully Completed, Status, Successfully Completed, Status, Successfully Completed]
[neelback4more@gmail.com, Subho1991*, Status, Successfully Completed, Status, Successfully Completed, Status, Successfully Completed, Status, Successfully Completed, Status, Successfully Completed, Status, Successfully Completed, Status, Successfully Completed, Status, Successfully Completed, Status, Successfully Completed, Status, Successfully Completed, Status, Successfully Completed, Status, Successfully Completed, Status, Successfully Completed, Status, Successfully Completed, Status, Successfully Completed, Status, Successfully Completed, Status, Successfully Completed, Status, Successfully Completed, Status, Successfully Completed, Status, Successfully Completed, Status, Successfully Completed, Status, Successfully Completed, Status, Successfully Completed, Status, Successfully Completed, Status, Successfully Completed, Status, Successfully Completed, Status, Successfully Completed, Status, Successfully Completed, Status, Successfully Completed, Status, Successfully Completed, Status, Successfully Completed, Status, Successfully Completed, Status, Successfully Completed, Status, Successfully Completed, Status, Successfully Completed, Status, Successfully Completed, Status, Successfully Completed, Status, Successfully Completed, Status, Successfully Completed, Status, Successfully Completed, Status, Successfully Completed, Status, Successfully Completed, Status, Successfully Completed, Status, Successfully Completed, Status, Successfully Completed, Status, Successfully Completed, Status, Successfully Completed, Status, Successfully Completed, Status, Successfully Completed, Status, Successfully Completed, Status, Successfully Completed, Status, Successfully Completed, Status, Successfully Completed, Status, Successfully Completed, Status, Successfully Completed, Status, Successfully Completed, Status, Successfully Completed, Status, Successfully Completed, Status, Successfully Completed, Status, Successfully Completed, Status, Successfully Completed, Status, Successfully Completed, Status, Successfully Completed, Status, Successfully Completed, Status, Successfully Completed, Status, Successfully Completed, Status, Successfully Completed, Status, Successfully Completed, Status, Successfully Completed, Status, Successfully Completed, Status, Successfully Completed, Status, Successfully Completed, Status, Successfully Completed, Status, Successfully Completed, Status, Successfully Completed, Status, Successfully Completed, Status, Successfully Completed, Status, Successfully Completed, Status, Successfully Completed, Status, Successfully Completed, Status, Successfully Completed, Status, Successfully Completed, Status, Successfully Completed, Status, Successfully Completed, Status, Successfully Completed, Status, Successfully Completed, Status, Successfully Completed, Status, Successfully Completed, Status, Successfully Completed, Status, Successfully Completed, Status, Successfully Completed, Status, Successfully Completed, Status, Successfully Completed, Status, Successfully Completed, Status, Successfully Completed, Status, Successfully Completed, Status, Successfully Completed, Status, Successfully Completed, Status, Successfully Completed, Status, Successfully Completed, Status, Successfully Completed, Status, Successfully Completed, Status, Successfully Completed, Status, Successfully Completed, Status, Successfully Completed, Status, Successfully Completed, Status, Successfully Completed, Status, Successfully Completed, Status, Successfully Completed, Status, Successfully Completed, Status, Successfully Completed, Status, Successfully Completed, Status, Successfully Completed, Status, Successfully Completed, Status, Successfully Completed, Status, Successfully Completed, Status, Successfully Completed, Status, Successfully Completed, Status, Successfully Completed, Status, Successfully Completed, Status, Successfully Completed, Status, Successfully Completed, Status, Successfully Completed, Status, Successfully Completed, Status, Successfully Completed, Status, Successfully Completed, Status, Successfully Completed, Status, Successfully Completed, Status, Successfully Completed, Status, Successfully Completed, Status, Successfully Completed, Status, Successfully Completed, Status, Successfully Completed, Status, Successfully Completed, Status, Successfully Completed, Status, Successfully Completed, Status, Successfully Completed, Status, Successfully Completed, Status, Successfully Completed, Status, Successfully Completed, Status, Successfully Completed, Status, Successfully Completed, Status, Successfully Completed, Status, Successfully Completed, Status, Successfully Completed, Status, Successfully Completed, Status, Successfully Completed, Status, Successfully Completed, Status, Successfully Completed, Status, Successfully Completed, Status, Successfully Completed, Status, Successfully Completed, Status, Successfully Completed, Status, Successfully Completed, Status, Successfully Completed, Status, Successfully Completed, Status, Successfully Completed, Status, Successfully Completed, Status, Successfully Completed, Status, Successfully Completed, Status, Successfully Completed, Status, Successfully Completed, Status, Successfully Completed, Status, Successfully Completed, Status, Successfully Completed, Status, Successfully Completed, Status, Successfully Completed, Status, Successfully Completed, Status, Successfully Completed, Status, Successfully Completed, Status, Successfully Completed, Status, Successfully Completed, Status, Successfully Completed, Status, Successfully Completed, Status, Successfully Completed, Status, Successfully Completed, Status, Successfully Completed, Status, Successfully Completed, Status, Successfully Completed, Status, Successfully Completed, Status, Successfully Completed, Status, Successfully Completed, Status, Successfully Completed, Status, Successfully Completed, Status, Successfully Completed, Status, Successfully Completed, Status, Successfully Completed, Status, Successfully Completed, Status, Successfully Completed, Status, Successfully Completed, Status, Successfully Completed, Status, Successfully Completed, Status, Successfully Completed, Status, Successfully Completed, Status, Successfully Completed, Status, Successfully Completed, Status, Successfully Completed, Status, Successfully Completed, Status, Successfully Completed, Status, Successfully Completed, Status, Successfully Completed, Status, Successfully Completed, Status, Successfully Completed, Status, Successfully Completed, Status, Successfully Completed, Status, Successfully Completed, Status, Successfully Completed, Status, Successfully Completed, Status, Successfully Completed, Status, Successfully Completed, Status, Successfully Completed, Status, Successfully Completed, Status, Successfully Completed, Status, Successfully Completed, Status, Successfully Completed, Status, Successfully Completed, Status, Successfully Completed, Status, Successfully Completed, Status, Successfully Completed, Status, Successfully Completed, Status, Successfully Completed, Status, Successfully Completed, Status, Successfully Completed, Status, Successfully Completed, Status, Successfully Completed, Status, Successfully Completed, Status, Successfully Completed, Status, Successfully Completed, Status, Successfully Completed, Status, Successfully Completed, Status, Successfully Completed, Status, Successfully Completed, Status, Successfully Completed, Status, Successfully Completed, Status, Successfully Completed, Status, Successfully Completed, Status, Successfully Completed, Status, Successfully Completed, Status, Successfully Completed, Status, Successfully Completed, Status, Successfully Completed, Status, Successfully Completed, Status]
[neelback4more@gmail.com, Subho1991*, Status, Successfully Completed, Status, Successfully Completed, Status, Successfully Completed, Status, Successfully Completed, Status, Successfully Completed, Status, Successfully Completed, Status, Successfully Completed, Status, Successfully Completed, Status, Successfully Completed, Status, Successfully Completed, Status, Successfully Completed, Status, Successfully Completed, Status, Successfully Completed, Status, Successfully Completed, Status, Successfully Completed, Status, Successfully Completed, Status, Successfully Completed, Status, Successfully Completed, Status, Successfully Completed, Status, Successfully Completed, Status, Successfully Completed, Status, Successfully Completed, Status, Successfully Completed, Status, Successfully Completed, Status, Successfully Completed, Status, Successfully Completed, Status, Successfully Completed, Status, Successfully Completed, Status, Successfully Completed, Status, Successfully Completed, Status, Successfully Completed, Status, Successfully Completed, Status, Successfully Completed, Status, Successfully Completed, Status, Successfully Completed, Status, Successfully Completed, Status, Successfully Completed, Status, Successfully Completed, Status, Successfully Completed, Status, Successfully Completed, Status, Successfully Completed, Status, Successfully Completed, Status, Successfully Completed, Status, Successfully Completed, Status, Successfully Completed, Status, Successfully Completed, Status, Successfully Completed, Status, Successfully Completed, Status, Successfully Completed, Status, Successfully Completed, Status, Successfully Completed, Status, Successfully Completed, Status, Successfully Completed, Status, Successfully Completed, Status, Successfully Completed, Status, Successfully Completed, Status, Successfully Completed, Status, Successfully Completed, Status, Successfully Completed, Status, Successfully Completed, Status, Successfully Completed, Status, Successfully Completed, Status, Successfully Completed, Status, Successfully Completed, Status, Successfully Completed, Status, Successfully Completed, Status, Successfully Completed, Status, Successfully Completed, Status, Successfully Completed, Status, Successfully Completed, Status, Successfully Completed, Status, Successfully Completed, Status, Successfully Completed, Status, Successfully Completed, Status, Successfully Completed, Status, Successfully Completed, Status, Successfully Completed, Status, Successfully Completed, Status, Successfully Completed, Status, Successfully Completed, Status, Successfully Completed, Status, Successfully Completed, Status, Successfully Completed, Status, Successfully Completed, Status, Successfully Completed, Status, Successfully Completed, Status, Successfully Completed, Status, Successfully Completed, Status, Successfully Completed, Status, Successfully Completed, Status, Successfully Completed, Status, Successfully Completed, Status, Successfully Completed, Status, Successfully Completed, Status, Successfully Completed, Status, Successfully Completed, Status, Successfully Completed, Status, Successfully Completed, Status, Successfully Completed, Status, Successfully Completed, Status, Successfully Completed, Status, Successfully Completed, Status, Successfully Completed, Status, Successfully Completed, Status, Successfully Completed, Status, Successfully Completed, Status, Successfully Completed, Status, Successfully Completed, Status, Successfully Completed, Status, Successfully Completed, Status, Successfully Completed, Status, Successfully Completed, Status, Successfully Completed, Status, Successfully Completed, Status, Successfully Completed, Status, Successfully Completed, Status, Successfully Completed, Status, Successfully Completed, Status, Successfully Completed, Status, Successfully Completed, Status, Successfully Completed, Status, Successfully Completed, Status, Successfully Completed, Status, Successfully Completed, Status, Successfully Completed, Status, Successfully Completed, Status, Successfully Completed, Status, Successfully Completed, Status, Successfully Completed, Status, Successfully Completed, Status, Successfully Completed, Status, Successfully Completed, Status, Successfully Completed, Status, Successfully Completed, Status, Successfully Completed, Status, Successfully Completed, Status, Successfully Completed, Status, Successfully Completed, Status, Successfully Completed, Status, Successfully Completed, Status, Successfully Completed, Status, Successfully Completed, Status, Successfully Completed, Status, Successfully Completed, Status, Successfully Completed, Status, Successfully Completed, Status, Successfully Completed, Status, Successfully Completed, Status, Successfully Completed, Status, Successfully Completed, Status, Successfully Completed, Status, Successfully Completed, Status, Successfully Completed, Status, Successfully Completed, Status, Successfully Completed, Status, Successfully Completed, Status, Successfully Completed, Status, Successfully Completed, Status, Successfully Completed, Status, Successfully Completed, Status, Successfully Completed, Status, Successfully Completed, Status, Successfully Completed, Status, Successfully Completed, Status, Successfully Completed, Status, Successfully Completed, Status, Successfully Completed, Status, Successfully Completed, Status, Successfully Completed, Status, Successfully Completed, Status, Successfully Completed, Status, Successfully Completed, Status, Successfully Completed, Status, Successfully Completed, Status, Successfully Completed, Status, Successfully Completed, Status, Successfully Completed, Status, Successfully Completed, Status, Successfully Completed, Status, Successfully Completed, Status, Successfully Completed, Status, Successfully Completed, Status, Successfully Completed, Status, Successfully Completed, Status, Successfully Completed, Status, Successfully Completed, Status, Successfully Completed, Status, Successfully Completed, Status, Successfully Completed, Status, Successfully Completed, Status, Successfully Completed, Status, Successfully Completed, Status, Successfully Completed, Status, Successfully Completed, Status, Successfully Completed, Status, Successfully Completed, Status, Successfully Completed, Status, Successfully Completed, Status, Successfully Completed, Status, Successfully Completed, Status, Successfully Completed, Status, Successfully Completed, Status, Successfully Completed, Status, Successfully Completed, Status, Successfully Completed, Status, Successfully Completed, Status, Successfully Completed, Status, Successfully Completed, Status, Successfully Completed, Status, Successfully Completed, Status, Successfully Completed, Status, Successfully Completed, Status, Successfully Completed, Status, Successfully Completed, Status, Successfully Completed, Status, Successfully Completed, Status, Successfully Completed, Status, Successfully Completed, Status, Successfully Completed, Status, Successfully Completed, Status, Successfully Completed, Status, Successfully Completed, Status, Successfully Completed, Status, Successfully Completed, Status, Successfully Completed, Status, Successfully Completed, Status, Successfully Completed, Status, Successfully Completed, Status, Successfully Completed, Status, Successfully Completed, Status, Successfully Completed, Status, Successfully Completed, Status, Successfully Completed, Status, Successfully Completed, Status, Successfully Completed, Status, Successfully Completed, Status, Successfully Completed, Status, Successfully Completed, Status, Successfully Completed, Status, Successfully Completed, Status, Successfully Completed, Status, Successfully Completed, Status, Successfully Completed]
[neelback4more@gmail.com, Subho1991*, Status, Successfully Completed, Status, Successfully Completed, Status, Successfully Completed, Status, Successfully Completed, Status, Successfully Completed, Status, Successfully Completed, Status, Successfully Completed, Status, Successfully Completed, Status, Successfully Completed, Status, Successfully Completed, Status, Successfully Completed, Status, Successfully Completed, Status, Successfully Completed, Status, Successfully Completed, Status, Successfully Completed, Status, Successfully Completed, Status, Successfully Completed, Status, Successfully Completed, Status, Successfully Completed, Status, Successfully Completed, Status, Successfully Completed, Status, Successfully Completed, Status, Successfully Completed, Status, Successfully Completed, Status, Successfully Completed, Status, Successfully Completed, Status, Successfully Completed, Status, Successfully Completed, Status, Successfully Completed, Status, Successfully Completed, Status, Successfully Completed, Status, Successfully Completed, Status, Successfully Completed, Status, Successfully Completed, Status, Successfully Completed, Status, Successfully Completed, Status, Successfully Completed, Status, Successfully Completed, Status, Successfully Completed, Status, Successfully Completed, Status, Successfully Completed, Status, Successfully Completed, Status, Successfully Completed, Status, Successfully Completed, Status, Successfully Completed, Status, Successfully Completed, Status, Successfully Completed, Status, Successfully Completed, Status, Successfully Completed, Status, Successfully Completed, Status, Successfully Completed, Status, Successfully Completed, Status, Successfully Completed, Status, Successfully Completed, Status, Successfully Completed, Status, Successfully Completed, Status, Successfully Completed, Status, Successfully Completed, Status, Successfully Completed, Status, Successfully Completed, Status, Successfully Completed, Status, Successfully Completed, Status, Successfully Completed, Status, Successfully Completed, Status, Successfully Completed, Status, Successfully Completed, Status, Successfully Completed, Status, Successfully Completed, Status, Successfully Completed, Status, Successfully Completed, Status, Successfully Completed, Status, Successfully Completed, Status, Successfully Completed, Status, Successfully Completed, Status, Successfully Completed, Status, Successfully Completed, Status, Successfully Completed, Status, Successfully Completed, Status, Successfully Completed, Status, Successfully Completed, Status, Successfully Completed, Status, Successfully Completed, Status, Successfully Completed, Status, Successfully Completed, Status, Successfully Completed, Status, Successfully Completed, Status, Successfully Completed, Status, Successfully Completed, Status, Successfully Completed, Status, Successfully Completed, Status, Successfully Completed, Status, Successfully Completed, Status, Successfully Completed, Status, Successfully Completed, Status, Successfully Completed, Status, Successfully Completed, Status, Successfully Completed, Status, Successfully Completed, Status, Successfully Completed, Status, Successfully Completed, Status, Successfully Completed, Status, Successfully Completed, Status, Successfully Completed, Status, Successfully Completed, Status, Successfully Completed, Status, Successfully Completed, Status, Successfully Completed, Status, Successfully Completed, Status, Successfully Completed, Status, Successfully Completed, Status, Successfully Completed, Status, Successfully Completed, Status, Successfully Completed, Status, Successfully Completed, Status, Successfully Completed, Status, Successfully Completed, Status, Successfully Completed, Status, Successfully Completed, Status, Successfully Completed, Status, Successfully Completed, Status, Successfully Completed, Status, Successfully Completed, Status, Successfully Completed, Status, Successfully Completed, Status, Successfully Completed, Status, Successfully Completed, Status, Successfully Completed, Status, Successfully Completed, Status, Successfully Completed, Status, Successfully Completed, Status, Successfully Completed, Status, Successfully Completed, Status, Successfully Completed, Status, Successfully Completed, Status, Successfully Completed, Status, Successfully Completed, Status, Successfully Completed, Status, Successfully Completed, Status, Successfully Completed, Status, Successfully Completed, Status, Successfully Completed, Status, Successfully Completed, Status, Successfully Completed, Status, Successfully Completed, Status, Successfully Completed, Status, Successfully Completed, Status, Successfully Completed, Status, Successfully Completed, Status, Successfully Completed, Status, Successfully Completed, Status, Successfully Completed, Status, Successfully Completed, Status, Successfully Completed, Status, Successfully Completed, Status, Successfully Completed, Status, Successfully Completed, Status, Successfully Completed, Status, Successfully Completed, Status, Successfully Completed, Status, Successfully Completed, Status, Successfully Completed, Status, Successfully Completed, Status, Successfully Completed, Status, Successfully Completed, Status, Successfully Completed, Status, Successfully Completed, Status, Successfully Completed, Status, Successfully Completed, Status, Successfully Completed, Status, Successfully Completed, Status, Successfully Completed, Status, Successfully Completed, Status, Successfully Completed, Status, Successfully Completed, Status, Successfully Completed, Status, Successfully Completed, Status, Successfully Completed, Status, Successfully Completed, Status, Successfully Completed, Status, Successfully Completed, Status, Successfully Completed, Status, Successfully Completed, Status, Successfully Completed, Status, Successfully Completed, Status, Successfully Completed, Status, Successfully Completed, Status, Successfully Completed, Status, Successfully Completed, Status, Successfully Completed, Status, Successfully Completed, Status, Successfully Completed, Status, Successfully Completed, Status, Successfully Completed, Status, Successfully Completed, Status, Successfully Completed, Status, Successfully Completed, Status, Successfully Completed, Status, Successfully Completed, Status, Successfully Completed, Status, Successfully Completed, Status, Successfully Completed, Status, Successfully Completed, Status, Successfully Completed, Status, Successfully Completed, Status, Successfully Completed, Status, Successfully Completed, Status, Successfully Completed, Status, Successfully Completed, Status, Successfully Completed, Status, Successfully Completed, Status, Successfully Completed, Status, Successfully Completed, Status, Successfully Completed, Status, Successfully Completed, Status, Successfully Completed, Status, Successfully Completed, Status, Successfully Completed, Status, Successfully Completed, Status, Successfully Completed, Status, Successfully Completed, Status, Successfully Completed, Status, Successfully Completed, Status, Successfully Completed, Status, Successfully Completed, Status, Successfully Completed, Status, Successfully Completed, Status, Successfully Completed, Status, Successfully Completed, Status, Successfully Completed, Status, Successfully Completed, Status, Successfully Completed, Status, Successfully Completed, Status, Successfully Completed, Status, Successfully Completed, Status, Successfully Completed, Status, Successfully Completed, Status, Successfully Completed, Status, Successfully Completed, Status, Successfully Completed, Status, Successfully Completed, Status, Successfully Completed, Status, Successfully Completed, Status, Successfully Completed, Status]
[neelback4more@gmail.com, Subho1991*, Status, Successfully Completed, Status, Successfully Completed, Status, Successfully Completed, Status, Successfully Completed, Status, Successfully Completed, Status, Successfully Completed, Status, Successfully Completed, Status, Successfully Completed, Status, Successfully Completed, Status, Successfully Completed, Status, Successfully Completed, Status, Successfully Completed, Status, Successfully Completed, Status, Successfully Completed, Status, Successfully Completed, Status, Successfully Completed, Status, Successfully Completed, Status, Successfully Completed, Status, Successfully Completed, Status, Successfully Completed, Status, Successfully Completed, Status, Successfully Completed, Status, Successfully Completed, Status, Successfully Completed, Status, Successfully Completed, Status, Successfully Completed, Status, Successfully Completed, Status, Successfully Completed, Status, Successfully Completed, Status, Successfully Completed, Status, Successfully Completed, Status, Successfully Completed, Status, Successfully Completed, Status, Successfully Completed, Status, Successfully Completed, Status, Successfully Completed, Status, Successfully Completed, Status, Successfully Completed, Status, Successfully Completed, Status, Successfully Completed, Status, Successfully Completed, Status, Successfully Completed, Status, Successfully Completed, Status, Successfully Completed, Status, Successfully Completed, Status, Successfully Completed, Status, Successfully Completed, Status, Successfully Completed, Status, Successfully Completed, Status, Successfully Completed, Status, Successfully Completed, Status, Successfully Completed, Status, Successfully Completed, Status, Successfully Completed, Status, Successfully Completed, Status, Successfully Completed, Status, Successfully Completed, Status, Successfully Completed, Status, Successfully Completed, Status, Successfully Completed, Status, Successfully Completed, Status, Successfully Completed, Status, Successfully Completed, Status, Successfully Completed, Status, Successfully Completed, Status, Successfully Completed, Status, Successfully Completed, Status, Successfully Completed, Status, Successfully Completed, Status, Successfully Completed, Status, Successfully Completed, Status, Successfully Completed, Status, Successfully Completed, Status, Successfully Completed, Status, Successfully Completed, Status, Successfully Completed, Status, Successfully Completed, Status, Successfully Completed, Status, Successfully Completed, Status, Successfully Completed, Status, Successfully Completed, Status, Successfully Completed, Status, Successfully Completed, Status, Successfully Completed, Status, Successfully Completed, Status, Successfully Completed, Status, Successfully Completed, Status, Successfully Completed, Status, Successfully Completed, Status, Successfully Completed, Status, Successfully Completed, Status, Successfully Completed, Status, Successfully Completed, Status, Successfully Completed, Status, Successfully Completed, Status, Successfully Completed, Status, Successfully Completed, Status, Successfully Completed, Status, Successfully Completed, Status, Successfully Completed, Status, Successfully Completed, Status, Successfully Completed, Status, Successfully Completed, Status, Successfully Completed, Status, Successfully Completed, Status, Successfully Completed, Status, Successfully Completed, Status, Successfully Completed, Status, Successfully Completed, Status, Successfully Completed, Status, Successfully Completed, Status, Successfully Completed, Status, Successfully Completed, Status, Successfully Completed, Status, Successfully Completed, Status, Successfully Completed, Status, Successfully Completed, Status, Successfully Completed, Status, Successfully Completed, Status, Successfully Completed, Status, Successfully Completed, Status, Successfully Completed, Status, Successfully Completed, Status, Successfully Completed, Status, Successfully Completed, Status, Successfully Completed, Status, Successfully Completed, Status, Successfully Completed, Status, Successfully Completed, Status, Successfully Completed, Status, Successfully Completed, Status, Successfully Completed, Status, Successfully Completed, Status, Successfully Completed, Status, Successfully Completed, Status, Successfully Completed, Status, Successfully Completed, Status, Successfully Completed, Status, Successfully Completed, Status, Successfully Completed, Status, Successfully Completed, Status, Successfully Completed, Status, Successfully Completed, Status, Successfully Completed, Status, Successfully Completed, Status, Successfully Completed, Status, Successfully Completed, Status, Successfully Completed, Status, Successfully Completed, Status, Successfully Completed, Status, Successfully Completed, Status, Successfully Completed, Status, Successfully Completed, Status, Successfully Completed, Status, Successfully Completed, Status, Successfully Completed, Status, Successfully Completed, Status, Successfully Completed, Status, Successfully Completed, Status, Successfully Completed, Status, Successfully Completed, Status, Successfully Completed, Status, Successfully Completed, Status, Successfully Completed, Status, Successfully Completed, Status, Successfully Completed, Status, Successfully Completed, Status, Successfully Completed, Status, Successfully Completed, Status, Successfully Completed, Status, Successfully Completed, Status, Successfully Completed, Status, Successfully Completed, Status, Successfully Completed, Status, Successfully Completed, Status, Successfully Completed, Status, Successfully Completed, Status, Successfully Completed, Status, Successfully Completed, Status, Successfully Completed, Status, Successfully Completed, Status, Successfully Completed, Status, Successfully Completed, Status, Successfully Completed, Status, Successfully Completed, Status, Successfully Completed, Status, Successfully Completed, Status, Successfully Completed, Status, Successfully Completed, Status, Successfully Completed, Status, Successfully Completed, Status, Successfully Completed, Status, Successfully Completed, Status, Successfully Completed, Status, Successfully Completed, Status, Successfully Completed, Status, Successfully Completed, Status, Successfully Completed, Status, Successfully Completed, Status, Successfully Completed, Status, Successfully Completed, Status, Successfully Completed, Status, Successfully Completed, Status, Successfully Completed, Status, Successfully Completed, Status, Successfully Completed, Status, Successfully Completed, Status, Successfully Completed, Status, Successfully Completed, Status, Successfully Completed, Status, Successfully Completed, Status, Successfully Completed, Status, Successfully Completed, Status, Successfully Completed, Status, Successfully Completed, Status, Successfully Completed, Status, Successfully Completed, Status, Successfully Completed, Status, Successfully Completed, Status, Successfully Completed, Status, Successfully Completed, Status, Successfully Completed, Status, Successfully Completed, Status, Successfully Completed, Status, Successfully Completed, Status, Successfully Completed, Status, Successfully Completed, Status, Successfully Completed, Status, Successfully Completed, Status, Successfully Completed, Status, Successfully Completed, Status, Successfully Completed, Status, Successfully Completed, Status, Successfully Completed, Status, Successfully Completed, Status, Successfully Completed, Status, Successfully Completed, Status, Successfully Completed, Status, Successfully Completed, Status, Successfully Completed, Status, Successfully Completed, Status, Successfully Completed, Status, Successfully Completed, Status, Successfully Completed]
[neelback4more@gmail.com, Subho1991*, Status, Successfully Completed, Status, Successfully Completed, Status, Successfully Completed, Status, Successfully Completed, Status, Successfully Completed, Status, Successfully Completed, Status, Successfully Completed, Status, Successfully Completed, Status, Successfully Completed, Status, Successfully Completed, Status, Successfully Completed, Status, Successfully Completed, Status, Successfully Completed, Status, Successfully Completed, Status, Successfully Completed, Status, Successfully Completed, Status, Successfully Completed, Status, Successfully Completed, Status, Successfully Completed, Status, Successfully Completed, Status, Successfully Completed, Status, Successfully Completed, Status, Successfully Completed, Status, Successfully Completed, Status, Successfully Completed, Status, Successfully Completed, Status, Successfully Completed, Status, Successfully Completed, Status, Successfully Completed, Status, Successfully Completed, Status, Successfully Completed, Status, Successfully Completed, Status, Successfully Completed, Status, Successfully Completed, Status, Successfully Completed, Status, Successfully Completed, Status, Successfully Completed, Status, Successfully Completed, Status, Successfully Completed, Status, Successfully Completed, Status, Successfully Completed, Status, Successfully Completed, Status, Successfully Completed, Status, Successfully Completed, Status, Successfully Completed, Status, Successfully Completed, Status, Successfully Completed, Status, Successfully Completed, Status, Successfully Completed, Status, Successfully Completed, Status, Successfully Completed, Status, Successfully Completed, Status, Successfully Completed, Status, Successfully Completed, Status, Successfully Completed, Status, Successfully Completed, Status, Successfully Completed, Status, Successfully Completed, Status, Successfully Completed, Status, Successfully Completed, Status, Successfully Completed, Status, Successfully Completed, Status, Successfully Completed, Status, Successfully Completed, Status, Successfully Completed, Status, Successfully Completed, Status, Successfully Completed, Status, Successfully Completed, Status, Successfully Completed, Status, Successfully Completed, Status, Successfully Completed, Status, Successfully Completed, Status, Successfully Completed, Status, Successfully Completed, Status, Successfully Completed, Status, Successfully Completed, Status, Successfully Completed, Status, Successfully Completed, Status, Successfully Completed, Status, Successfully Completed, Status, Successfully Completed, Status, Successfully Completed, Status, Successfully Completed, Status, Successfully Completed, Status, Successfully Completed, Status, Successfully Completed, Status, Successfully Completed, Status, Successfully Completed, Status, Successfully Completed, Status, Successfully Completed, Status, Successfully Completed, Status, Successfully Completed, Status, Successfully Completed, Status, Successfully Completed, Status, Successfully Completed, Status, Successfully Completed, Status, Successfully Completed, Status, Successfully Completed, Status, Successfully Completed, Status, Successfully Completed, Status, Successfully Completed, Status, Successfully Completed, Status, Successfully Completed, Status, Successfully Completed, Status, Successfully Completed, Status, Successfully Completed, Status, Successfully Completed, Status, Successfully Completed, Status, Successfully Completed, Status, Successfully Completed, Status, Successfully Completed, Status, Successfully Completed, Status, Successfully Completed, Status, Successfully Completed, Status, Successfully Completed, Status, Successfully Completed, Status, Successfully Completed, Status, Successfully Completed, Status, Successfully Completed, Status, Successfully Completed, Status, Successfully Completed, Status, Successfully Completed, Status, Successfully Completed, Status, Successfully Completed, Status, Successfully Completed, Status, Successfully Completed, Status, Successfully Completed, Status, Successfully Completed, Status, Successfully Completed, Status, Successfully Completed, Status, Successfully Completed, Status, Successfully Completed, Status, Successfully Completed, Status, Successfully Completed, Status, Successfully Completed, Status, Successfully Completed, Status, Successfully Completed, Status, Successfully Completed, Status, Successfully Completed, Status, Successfully Completed, Status, Successfully Completed, Status, Successfully Completed, Status, Successfully Completed, Status, Successfully Completed, Status, Successfully Completed, Status, Successfully Completed, Status, Successfully Completed, Status, Successfully Completed, Status, Successfully Completed, Status, Successfully Completed, Status, Successfully Completed, Status, Successfully Completed, Status, Successfully Completed, Status, Successfully Completed, Status, Successfully Completed, Status, Successfully Completed, Status, Successfully Completed, Status, Successfully Completed, Status, Successfully Completed, Status, Successfully Completed, Status, Successfully Completed, Status, Successfully Completed, Status, Successfully Completed, Status, Successfully Completed, Status, Successfully Completed, Status, Successfully Completed, Status, Successfully Completed, Status, Successfully Completed, Status, Successfully Completed, Status, Successfully Completed, Status, Successfully Completed, Status, Successfully Completed, Status, Successfully Completed, Status, Successfully Completed, Status, Successfully Completed, Status, Successfully Completed, Status, Successfully Completed, Status, Successfully Completed, Status, Successfully Completed, Status, Successfully Completed, Status, Successfully Completed, Status, Successfully Completed, Status, Successfully Completed, Status, Successfully Completed, Status, Successfully Completed, Status, Successfully Completed, Status, Successfully Completed, Status, Successfully Completed, Status, Successfully Completed, Status, Successfully Completed, Status, Successfully Completed, Status, Successfully Completed, Status, Successfully Completed, Status, Successfully Completed, Status, Successfully Completed, Status, Successfully Completed, Status, Successfully Completed, Status, Successfully Completed, Status, Successfully Completed, Status, Successfully Completed, Status, Successfully Completed, Status, Successfully Completed, Status, Successfully Completed, Status, Successfully Completed, Status, Successfully Completed, Status, Successfully Completed, Status, Successfully Completed, Status, Successfully Completed, Status, Successfully Completed, Status, Successfully Completed, Status, Successfully Completed, Status, Successfully Completed, Status, Successfully Completed, Status, Successfully Completed, Status, Successfully Completed, Status, Successfully Completed, Status, Successfully Completed, Status, Successfully Completed, Status, Successfully Completed, Status, Successfully Completed, Status, Successfully Completed, Status, Successfully Completed, Status, Successfully Completed, Status, Successfully Completed, Status, Successfully Completed, Status, Successfully Completed, Status, Successfully Completed, Status, Successfully Completed, Status, Successfully Completed, Status, Successfully Completed, Status, Successfully Completed, Status, Successfully Completed, Status, Successfully Completed, Status, Successfully Completed, Status, Successfully Completed, Status, Successfully Completed, Status, Successfully Completed, Status, Successfully Completed, Status, Successfully Completed, Status, Successfully Completed, Status, Successfully Completed, Status, Successfully Completed, Status, Successfully Completed, Status, Successfully Completed, Status]
[neelback4more@gmail.com, Subho1991*, Status, Successfully Completed, Status, Successfully Completed, Status, Successfully Completed, Status, Successfully Completed, Status, Successfully Completed, Status, Successfully Completed, Status, Successfully Completed, Status, Successfully Completed, Status, Successfully Completed, Status, Successfully Completed, Status, Successfully Completed, Status, Successfully Completed, Status, Successfully Completed, Status, Successfully Completed, Status, Successfully Completed, Status, Successfully Completed, Status, Successfully Completed, Status, Successfully Completed, Status, Successfully Completed, Status, Successfully Completed, Status, Successfully Completed, Status, Successfully Completed, Status, Successfully Completed, Status, Successfully Completed, Status, Successfully Completed, Status, Successfully Completed, Status, Successfully Completed, Status, Successfully Completed, Status, Successfully Completed, Status, Successfully Completed, Status, Successfully Completed, Status, Successfully Completed, Status, Successfully Completed, Status, Successfully Completed, Status, Successfully Completed, Status, Successfully Completed, Status, Successfully Completed, Status, Successfully Completed, Status, Successfully Completed, Status, Successfully Completed, Status, Successfully Completed, Status, Successfully Completed, Status, Successfully Completed, Status, Successfully Completed, Status, Successfully Completed, Status, Successfully Completed, Status, Successfully Completed, Status, Successfully Completed, Status, Successfully Completed, Status, Successfully Completed, Status, Successfully Completed, Status, Successfully Completed, Status, Successfully Completed, Status, Successfully Completed, Status, Successfully Completed, Status, Successfully Completed, Status, Successfully Completed, Status, Successfully Completed, Status, Successfully Completed, Status, Successfully Completed, Status, Successfully Completed, Status, Successfully Completed, Status, Successfully Completed, Status, Successfully Completed, Status, Successfully Completed, Status, Successfully Completed, Status, Successfully Completed, Status, Successfully Completed, Status, Successfully Completed, Status, Successfully Completed, Status, Successfully Completed, Status, Successfully Completed, Status, Successfully Completed, Status, Successfully Completed, Status, Successfully Completed, Status, Successfully Completed, Status, Successfully Completed, Status, Successfully Completed, Status, Successfully Completed, Status, Successfully Completed, Status, Successfully Completed, Status, Successfully Completed, Status, Successfully Completed, Status, Successfully Completed, Status, Successfully Completed, Status, Successfully Completed, Status, Successfully Completed, Status, Successfully Completed, Status, Successfully Completed, Status, Successfully Completed, Status, Successfully Completed, Status, Successfully Completed, Status, Successfully Completed, Status, Successfully Completed, Status, Successfully Completed, Status, Successfully Completed, Status, Successfully Completed, Status, Successfully Completed, Status, Successfully Completed, Status, Successfully Completed, Status, Successfully Completed, Status, Successfully Completed, Status, Successfully Completed, Status, Successfully Completed, Status, Successfully Completed, Status, Successfully Completed, Status, Successfully Completed, Status, Successfully Completed, Status, Successfully Completed, Status, Successfully Completed, Status, Successfully Completed, Status, Successfully Completed, Status, Successfully Completed, Status, Successfully Completed, Status, Successfully Completed, Status, Successfully Completed, Status, Successfully Completed, Status, Successfully Completed, Status, Successfully Completed, Status, Successfully Completed, Status, Successfully Completed, Status, Successfully Completed, Status, Successfully Completed, Status, Successfully Completed, Status, Successfully Completed, Status, Successfully Completed, Status, Successfully Completed, Status, Successfully Completed, Status, Successfully Completed, Status, Successfully Completed, Status, Successfully Completed, Status, Successfully Completed, Status, Successfully Completed, Status, Successfully Completed, Status, Successfully Completed, Status, Successfully Completed, Status, Successfully Completed, Status, Successfully Completed, Status, Successfully Completed, Status, Successfully Completed, Status, Successfully Completed, Status, Successfully Completed, Status, Successfully Completed, Status, Successfully Completed, Status, Successfully Completed, Status, Successfully Completed, Status, Successfully Completed, Status, Successfully Completed, Status, Successfully Completed, Status, Successfully Completed, Status, Successfully Completed, Status, Successfully Completed, Status, Successfully Completed, Status, Successfully Completed, Status, Successfully Completed, Status, Successfully Completed, Status, Successfully Completed, Status, Successfully Completed, Status, Successfully Completed, Status, Successfully Completed, Status, Successfully Completed, Status, Successfully Completed, Status, Successfully Completed, Status, Successfully Completed, Status, Successfully Completed, Status, Successfully Completed, Status, Successfully Completed, Status, Successfully Completed, Status, Successfully Completed, Status, Successfully Completed, Status, Successfully Completed, Status, Successfully Completed, Status, Successfully Completed, Status, Successfully Completed, Status, Successfully Completed, Status, Successfully Completed, Status, Successfully Completed, Status, Successfully Completed, Status, Successfully Completed, Status, Successfully Completed, Status, Successfully Completed, Status, Successfully Completed, Status, Successfully Completed, Status, Successfully Completed, Status, Successfully Completed, Status, Successfully Completed, Status, Successfully Completed, Status, Successfully Completed, Status, Successfully Completed, Status, Successfully Completed, Status, Successfully Completed, Status, Successfully Completed, Status, Successfully Completed, Status, Successfully Completed, Status, Successfully Completed, Status, Successfully Completed, Status, Successfully Completed, Status, Successfully Completed, Status, Successfully Completed, Status, Successfully Completed, Status, Successfully Completed, Status, Successfully Completed, Status, Successfully Completed, Status, Successfully Completed, Status, Successfully Completed, Status, Successfully Completed, Status, Successfully Completed, Status, Successfully Completed, Status, Successfully Completed, Status, Successfully Completed, Status, Successfully Completed, Status, Successfully Completed, Status, Successfully Completed, Status, Successfully Completed, Status, Successfully Completed, Status, Successfully Completed, Status, Successfully Completed, Status, Successfully Completed, Status, Successfully Completed, Status, Successfully Completed, Status, Successfully Completed, Status, Successfully Completed, Status, Successfully Completed, Status, Successfully Completed, Status, Successfully Completed, Status, Successfully Completed, Status, Successfully Completed, Status, Successfully Completed, Status, Successfully Completed, Status, Successfully Completed, Status, Successfully Completed, Status, Successfully Completed, Status, Successfully Completed, Status, Successfully Completed, Status, Successfully Completed, Status, Successfully Completed, Status, Successfully Completed, Status, Successfully Completed, Status, Successfully Completed, Status, Successfully Completed, Status, Successfully Completed, Status, Successfully Completed, Status, Successfully Completed, Status, Successfully Completed, Status, Successfully Completed]
[neelback4more@gmail.com, Subho1991*, Status, Successfully Completed, Status, Successfully Completed, Status, Successfully Completed, Status, Successfully Completed, Status, Successfully Completed, Status, Successfully Completed, Status, Successfully Completed, Status, Successfully Completed, Status, Successfully Completed, Status, Successfully Completed, Status, Successfully Completed, Status, Successfully Completed, Status, Successfully Completed, Status, Successfully Completed, Status, Successfully Completed, Status, Successfully Completed, Status, Successfully Completed, Status, Successfully Completed, Status, Successfully Completed, Status, Successfully Completed, Status, Successfully Completed, Status, Successfully Completed, Status, Successfully Completed, Status, Successfully Completed, Status, Successfully Completed, Status, Successfully Completed, Status, Successfully Completed, Status, Successfully Completed, Status, Successfully Completed, Status, Successfully Completed, Status, Successfully Completed, Status, Successfully Completed, Status, Successfully Completed, Status, Successfully Completed, Status, Successfully Completed, Status, Successfully Completed, Status, Successfully Completed, Status, Successfully Completed, Status, Successfully Completed, Status, Successfully Completed, Status, Successfully Completed, Status, Successfully Completed, Status, Successfully Completed, Status, Successfully Completed, Status, Successfully Completed, Status, Successfully Completed, Status, Successfully Completed, Status, Successfully Completed, Status, Successfully Completed, Status, Successfully Completed, Status, Successfully Completed, Status, Successfully Completed, Status, Successfully Completed, Status, Successfully Completed, Status, Successfully Completed, Status, Successfully Completed, Status, Successfully Completed, Status, Successfully Completed, Status, Successfully Completed, Status, Successfully Completed, Status, Successfully Completed, Status, Successfully Completed, Status, Successfully Completed, Status, Successfully Completed, Status, Successfully Completed, Status, Successfully Completed, Status, Successfully Completed, Status, Successfully Completed, Status, Successfully Completed, Status, Successfully Completed, Status, Successfully Completed, Status, Successfully Completed, Status, Successfully Completed, Status, Successfully Completed, Status, Successfully Completed, Status, Successfully Completed, Status, Successfully Completed, Status, Successfully Completed, Status, Successfully Completed, Status, Successfully Completed, Status, Successfully Completed, Status, Successfully Completed, Status, Successfully Completed, Status, Successfully Completed, Status, Successfully Completed, Status, Successfully Completed, Status, Successfully Completed, Status, Successfully Completed, Status, Successfully Completed, Status, Successfully Completed, Status, Successfully Completed, Status, Successfully Completed, Status, Successfully Completed, Status, Successfully Completed, Status, Successfully Completed, Status, Successfully Completed, Status, Successfully Completed, Status, Successfully Completed, Status, Successfully Completed, Status, Successfully Completed, Status, Successfully Completed, Status, Successfully Completed, Status, Successfully Completed, Status, Successfully Completed, Status, Successfully Completed, Status, Successfully Completed, Status, Successfully Completed, Status, Successfully Completed, Status, Successfully Completed, Status, Successfully Completed, Status, Successfully Completed, Status, Successfully Completed, Status, Successfully Completed, Status, Successfully Completed, Status, Successfully Completed, Status, Successfully Completed, Status, Successfully Completed, Status, Successfully Completed, Status, Successfully Completed, Status, Successfully Completed, Status, Successfully Completed, Status, Successfully Completed, Status, Successfully Completed, Status, Successfully Completed, Status, Successfully Completed, Status, Successfully Completed, Status, Successfully Completed, Status, Successfully Completed, Status, Successfully Completed, Status, Successfully Completed, Status, Successfully Completed, Status, Successfully Completed, Status, Successfully Completed, Status, Successfully Completed, Status, Successfully Completed, Status, Successfully Completed, Status, Successfully Completed, Status, Successfully Completed, Status, Successfully Completed, Status, Successfully Completed, Status, Successfully Completed, Status, Successfully Completed, Status, Successfully Completed, Status, Successfully Completed, Status, Successfully Completed, Status, Successfully Completed, Status, Successfully Completed, Status, Successfully Completed, Status, Successfully Completed, Status, Successfully Completed, Status, Successfully Completed, Status, Successfully Completed, Status, Successfully Completed, Status, Successfully Completed, Status, Successfully Completed, Status, Successfully Completed, Status, Successfully Completed, Status, Successfully Completed, Status, Successfully Completed, Status, Successfully Completed, Status, Successfully Completed, Status, Successfully Completed, Status, Successfully Completed, Status, Successfully Completed, Status, Successfully Completed, Status, Successfully Completed, Status, Successfully Completed, Status, Successfully Completed, Status, Successfully Completed, Status, Successfully Completed, Status, Successfully Completed, Status, Successfully Completed, Status, Successfully Completed, Status, Successfully Completed, Status, Successfully Completed, Status, Successfully Completed, Status, Successfully Completed, Status, Successfully Completed, Status, Successfully Completed, Status, Successfully Completed, Status, Successfully Completed, Status, Successfully Completed, Status, Successfully Completed, Status, Successfully Completed, Status, Successfully Completed, Status, Successfully Completed, Status, Successfully Completed, Status, Successfully Completed, Status, Successfully Completed, Status, Successfully Completed, Status, Successfully Completed, Status, Successfully Completed, Status, Successfully Completed, Status, Successfully Completed, Status, Successfully Completed, Status, Successfully Completed, Status, Successfully Completed, Status, Successfully Completed, Status, Successfully Completed, Status, Successfully Completed, Status, Successfully Completed, Status, Successfully Completed, Status, Successfully Completed, Status, Successfully Completed, Status, Successfully Completed, Status, Successfully Completed, Status, Successfully Completed, Status, Successfully Completed, Status, Successfully Completed, Status, Successfully Completed, Status, Successfully Completed, Status, Successfully Completed, Status, Successfully Completed, Status, Successfully Completed, Status, Successfully Completed, Status, Successfully Completed, Status, Successfully Completed, Status, Successfully Completed, Status, Successfully Completed, Status, Successfully Completed, Status, Successfully Completed, Status, Successfully Completed, Status, Successfully Completed, Status, Successfully Completed, Status, Successfully Completed, Status, Successfully Completed, Status, Successfully Completed, Status, Successfully Completed, Status, Successfully Completed, Status, Successfully Completed, Status, Successfully Completed, Status, Successfully Completed, Status, Successfully Completed, Status, Successfully Completed, Status, Successfully Completed, Status, Successfully Completed, Status, Successfully Completed, Status, Successfully Completed, Status, Successfully Completed, Status, Successfully Completed, Status, Successfully Completed, Status, Successfully Completed, Status, Successfully Completed, Status, Successfully Completed, Status, Successfully Completed, Status]
[neelback4more@gmail.com, Subho1991*, Status, Successfully Completed, Status, Successfully Completed, Status, Successfully Completed, Status, Successfully Completed, Status, Successfully Completed, Status, Successfully Completed, Status, Successfully Completed, Status, Successfully Completed, Status, Successfully Completed, Status, Successfully Completed, Status, Successfully Completed, Status, Successfully Completed, Status, Successfully Completed, Status, Successfully Completed, Status, Successfully Completed, Status, Successfully Completed, Status, Successfully Completed, Status, Successfully Completed, Status, Successfully Completed, Status, Successfully Completed, Status, Successfully Completed, Status, Successfully Completed, Status, Successfully Completed, Status, Successfully Completed, Status, Successfully Completed, Status, Successfully Completed, Status, Successfully Completed, Status, Successfully Completed, Status, Successfully Completed, Status, Successfully Completed, Status, Successfully Completed, Status, Successfully Completed, Status, Successfully Completed, Status, Successfully Completed, Status, Successfully Completed, Status, Successfully Completed, Status, Successfully Completed, Status, Successfully Completed, Status, Successfully Completed, Status, Successfully Completed, Status, Successfully Completed, Status, Successfully Completed, Status, Successfully Completed, Status, Successfully Completed, Status, Successfully Completed, Status, Successfully Completed, Status, Successfully Completed, Status, Successfully Completed, Status, Successfully Completed, Status, Successfully Completed, Status, Successfully Completed, Status, Successfully Completed, Status, Successfully Completed, Status, Successfully Completed, Status, Successfully Completed, Status, Successfully Completed, Status, Successfully Completed, Status, Successfully Completed, Status, Successfully Completed, Status, Successfully Completed, Status, Successfully Completed, Status, Successfully Completed, Status, Successfully Completed, Status, Successfully Completed, Status, Successfully Completed, Status, Successfully Completed, Status, Successfully Completed, Status, Successfully Completed, Status, Successfully Completed, Status, Successfully Completed, Status, Successfully Completed, Status, Successfully Completed, Status, Successfully Completed, Status, Successfully Completed, Status, Successfully Completed, Status, Successfully Completed, Status, Successfully Completed, Status, Successfully Completed, Status, Successfully Completed, Status, Successfully Completed, Status, Successfully Completed, Status, Successfully Completed, Status, Successfully Completed, Status, Successfully Completed, Status, Successfully Completed, Status, Successfully Completed, Status, Successfully Completed, Status, Successfully Completed, Status, Successfully Completed, Status, Successfully Completed, Status, Successfully Completed, Status, Successfully Completed, Status, Successfully Completed, Status, Successfully Completed, Status, Successfully Completed, Status, Successfully Completed, Status, Successfully Completed, Status, Successfully Completed, Status, Successfully Completed, Status, Successfully Completed, Status, Successfully Completed, Status, Successfully Completed, Status, Successfully Completed, Status, Successfully Completed, Status, Successfully Completed, Status, Successfully Completed, Status, Successfully Completed, Status, Successfully Completed, Status, Successfully Completed, Status, Successfully Completed, Status, Successfully Completed, Status, Successfully Completed, Status, Successfully Completed, Status, Successfully Completed, Status, Successfully Completed, Status, Successfully Completed, Status, Successfully Completed, Status, Successfully Completed, Status, Successfully Completed, Status, Successfully Completed, Status, Successfully Completed, Status, Successfully Completed, Status, Successfully Completed, Status, Successfully Completed, Status, Successfully Completed, Status, Successfully Completed, Status, Successfully Completed, Status, Successfully Completed, Status, Successfully Completed, Status, Successfully Completed, Status, Successfully Completed, Status, Successfully Completed, Status, Successfully Completed, Status, Successfully Completed, Status, Successfully Completed, Status, Successfully Completed, Status, Successfully Completed, Status, Successfully Completed, Status, Successfully Completed, Status, Successfully Completed, Status, Successfully Completed, Status, Successfully Completed, Status, Successfully Completed, Status, Successfully Completed, Status, Successfully Completed, Status, Successfully Completed, Status, Successfully Completed, Status, Successfully Completed, Status, Successfully Completed, Status, Successfully Completed, Status, Successfully Completed, Status, Successfully Completed, Status, Successfully Completed, Status, Successfully Completed, Status, Successfully Completed, Status, Successfully Completed, Status, Successfully Completed, Status, Successfully Completed, Status, Successfully Completed, Status, Successfully Completed, Status, Successfully Completed, Status, Successfully Completed, Status, Successfully Completed, Status, Successfully Completed, Status, Successfully Completed, Status, Successfully Completed, Status, Successfully Completed, Status, Successfully Completed, Status, Successfully Completed, Status, Successfully Completed, Status, Successfully Completed, Status, Successfully Completed, Status, Successfully Completed, Status, Successfully Completed, Status, Successfully Completed, Status, Successfully Completed, Status, Successfully Completed, Status, Successfully Completed, Status, Successfully Completed, Status, Successfully Completed, Status, Successfully Completed, Status, Successfully Completed, Status, Successfully Completed, Status, Successfully Completed, Status, Successfully Completed, Status, Successfully Completed, Status, Successfully Completed, Status, Successfully Completed, Status, Successfully Completed, Status, Successfully Completed, Status, Successfully Completed, Status, Successfully Completed, Status, Successfully Completed, Status, Successfully Completed, Status, Successfully Completed, Status, Successfully Completed, Status, Successfully Completed, Status, Successfully Completed, Status, Successfully Completed, Status, Successfully Completed, Status, Successfully Completed, Status, Successfully Completed, Status, Successfully Completed, Status, Successfully Completed, Status, Successfully Completed, Status, Successfully Completed, Status, Successfully Completed, Status, Successfully Completed, Status, Successfully Completed, Status, Successfully Completed, Status, Successfully Completed, Status, Successfully Completed, Status, Successfully Completed, Status, Successfully Completed, Status, Successfully Completed, Status, Successfully Completed, Status, Successfully Completed, Status, Successfully Completed, Status, Successfully Completed, Status, Successfully Completed, Status, Successfully Completed, Status, Successfully Completed, Status, Successfully Completed, Status, Successfully Completed, Status, Successfully Completed, Status, Successfully Completed, Status, Successfully Completed, Status, Successfully Completed, Status, Successfully Completed, Status, Successfully Completed, Status, Successfully Completed, Status, Successfully Completed, Status, Successfully Completed, Status, Successfully Completed, Status, Successfully Completed, Status, Successfully Completed, Status, Successfully Completed, Status, Successfully Completed, Status, Successfully Completed, Status, Successfully Completed, Status, Successfully Completed, Status, Successfully Completed, Status, Successfully Completed, Status, Successfully Completed, Status, Successfully Completed, Status, Successfully Completed]
[neelback4more@gmail.com, Subho1991*, Status, Successfully Completed, Status, Successfully Completed, Status, Successfully Completed, Status, Successfully Completed, Status, Successfully Completed, Status, Successfully Completed, Status, Successfully Completed, Status, Successfully Completed, Status, Successfully Completed, Status, Successfully Completed, Status, Successfully Completed, Status, Successfully Completed, Status, Successfully Completed, Status, Successfully Completed, Status, Successfully Completed, Status, Successfully Completed, Status, Successfully Completed, Status, Successfully Completed, Status, Successfully Completed, Status, Successfully Completed, Status, Successfully Completed, Status, Successfully Completed, Status, Successfully Completed, Status, Successfully Completed, Status, Successfully Completed, Status, Successfully Completed, Status, Successfully Completed, Status, Successfully Completed, Status, Successfully Completed, Status, Successfully Completed, Status, Successfully Completed, Status, Successfully Completed, Status, Successfully Completed, Status, Successfully Completed, Status, Successfully Completed, Status, Successfully Completed, Status, Successfully Completed, Status, Successfully Completed, Status, Successfully Completed, Status, Successfully Completed, Status, Successfully Completed, Status, Successfully Completed, Status, Successfully Completed, Status, Successfully Completed, Status, Successfully Completed, Status, Successfully Completed, Status, Successfully Completed, Status, Successfully Completed, Status, Successfully Completed, Status, Successfully Completed, Status, Successfully Completed, Status, Successfully Completed, Status, Successfully Completed, Status, Successfully Completed, Status, Successfully Completed, Status, Successfully Completed, Status, Successfully Completed, Status, Successfully Completed, Status, Successfully Completed, Status, Successfully Completed, Status, Successfully Completed, Status, Successfully Completed, Status, Successfully Completed, Status, Successfully Completed, Status, Successfully Completed, Status, Successfully Completed, Status, Successfully Completed, Status, Successfully Completed, Status, Successfully Completed, Status, Successfully Completed, Status, Successfully Completed, Status, Successfully Completed, Status, Successfully Completed, Status, Successfully Completed, Status, Successfully Completed, Status, Successfully Completed, Status, Successfully Completed, Status, Successfully Completed, Status, Successfully Completed, Status, Successfully Completed, Status, Successfully Completed, Status, Successfully Completed, Status, Successfully Completed, Status, Successfully Completed, Status, Successfully Completed, Status, Successfully Completed, Status, Successfully Completed, Status, Successfully Completed, Status, Successfully Completed, Status, Successfully Completed, Status, Successfully Completed, Status, Successfully Completed, Status, Successfully Completed, Status, Successfully Completed, Status, Successfully Completed, Status, Successfully Completed, Status, Successfully Completed, Status, Successfully Completed, Status, Successfully Completed, Status, Successfully Completed, Status, Successfully Completed, Status, Successfully Completed, Status, Successfully Completed, Status, Successfully Completed, Status, Successfully Completed, Status, Successfully Completed, Status, Successfully Completed, Status, Successfully Completed, Status, Successfully Completed, Status, Successfully Completed, Status, Successfully Completed, Status, Successfully Completed, Status, Successfully Completed, Status, Successfully Completed, Status, Successfully Completed, Status, Successfully Completed, Status, Successfully Completed, Status, Successfully Completed, Status, Successfully Completed, Status, Successfully Completed, Status, Successfully Completed, Status, Successfully Completed, Status, Successfully Completed, Status, Successfully Completed, Status, Successfully Completed, Status, Successfully Completed, Status, Successfully Completed, Status, Successfully Completed, Status, Successfully Completed, Status, Successfully Completed, Status, Successfully Completed, Status, Successfully Completed, Status, Successfully Completed, Status, Successfully Completed, Status, Successfully Completed, Status, Successfully Completed, Status, Successfully Completed, Status, Successfully Completed, Status, Successfully Completed, Status, Successfully Completed, Status, Successfully Completed, Status, Successfully Completed, Status, Successfully Completed, Status, Successfully Completed, Status, Successfully Completed, Status, Successfully Completed, Status, Successfully Completed, Status, Successfully Completed, Status, Successfully Completed, Status, Successfully Completed, Status, Successfully Completed, Status, Successfully Completed, Status, Successfully Completed, Status, Successfully Completed, Status, Successfully Completed, Status, Successfully Completed, Status, Successfully Completed, Status, Successfully Completed, Status, Successfully Completed, Status, Successfully Completed, Status, Successfully Completed, Status, Successfully Completed, Status, Successfully Completed, Status, Successfully Completed, Status, Successfully Completed, Status, Successfully Completed, Status, Successfully Completed, Status, Successfully Completed, Status, Successfully Completed, Status, Successfully Completed, Status, Successfully Completed, Status, Successfully Completed, Status, Successfully Completed, Status, Successfully Completed, Status, Successfully Completed, Status, Successfully Completed, Status, Successfully Completed, Status, Successfully Completed, Status, Successfully Completed, Status, Successfully Completed, Status, Successfully Completed, Status, Successfully Completed, Status, Successfully Completed, Status, Successfully Completed, Status, Successfully Completed, Status, Successfully Completed, Status, Successfully Completed, Status, Successfully Completed, Status, Successfully Completed, Status, Successfully Completed, Status, Successfully Completed, Status, Successfully Completed, Status, Successfully Completed, Status, Successfully Completed, Status, Successfully Completed, Status, Successfully Completed, Status, Successfully Completed, Status, Successfully Completed, Status, Successfully Completed, Status, Successfully Completed, Status, Successfully Completed, Status, Successfully Completed, Status, Successfully Completed, Status, Successfully Completed, Status, Successfully Completed, Status, Successfully Completed, Status, Successfully Completed, Status, Successfully Completed, Status, Successfully Completed, Status, Successfully Completed, Status, Successfully Completed, Status, Successfully Completed, Status, Successfully Completed, Status, Successfully Completed, Status, Successfully Completed, Status, Successfully Completed, Status, Successfully Completed, Status, Successfully Completed, Status, Successfully Completed, Status, Successfully Completed, Status, Successfully Completed, Status, Successfully Completed, Status, Successfully Completed, Status, Successfully Completed, Status, Successfully Completed, Status, Successfully Completed, Status, Successfully Completed, Status, Successfully Completed, Status, Successfully Completed, Status, Successfully Completed, Status, Successfully Completed, Status, Successfully Completed, Status, Successfully Completed, Status, Successfully Completed, Status, Successfully Completed, Status, Successfully Completed, Status, Successfully Completed, Status, Successfully Completed, Status, Successfully Completed, Status, Successfully Completed, Status, Successfully Completed, Status, Successfully Completed, Status, Successfully Completed, Status, Successfully Completed, Status, Successfully Completed, Status, Successfully Completed, Status]
[neelback4more@gmail.com, Subho1991*, Status, Successfully Completed, Status, Successfully Completed, Status, Successfully Completed, Status, Successfully Completed, Status, Successfully Completed, Status, Successfully Completed, Status, Successfully Completed, Status, Successfully Completed, Status, Successfully Completed, Status, Successfully Completed, Status, Successfully Completed, Status, Successfully Completed, Status, Successfully Completed, Status, Successfully Completed, Status, Successfully Completed, Status, Successfully Completed, Status, Successfully Completed, Status, Successfully Completed, Status, Successfully Completed, Status, Successfully Completed, Status, Successfully Completed, Status, Successfully Completed, Status, Successfully Completed, Status, Successfully Completed, Status, Successfully Completed, Status, Successfully Completed, Status, Successfully Completed, Status, Successfully Completed, Status, Successfully Completed, Status, Successfully Completed, Status, Successfully Completed, Status, Successfully Completed, Status, Successfully Completed, Status, Successfully Completed, Status, Successfully Completed, Status, Successfully Completed, Status, Successfully Completed, Status, Successfully Completed, Status, Successfully Completed, Status, Successfully Completed, Status, Successfully Completed, Status, Successfully Completed, Status, Successfully Completed, Status, Successfully Completed, Status, Successfully Completed, Status, Successfully Completed, Status, Successfully Completed, Status, Successfully Completed, Status, Successfully Completed, Status, Successfully Completed, Status, Successfully Completed, Status, Successfully Completed, Status, Successfully Completed, Status, Successfully Completed, Status, Successfully Completed, Status, Successfully Completed, Status, Successfully Completed, Status, Successfully Completed, Status, Successfully Completed, Status, Successfully Completed, Status, Successfully Completed, Status, Successfully Completed, Status, Successfully Completed, Status, Successfully Completed, Status, Successfully Completed, Status, Successfully Completed, Status, Successfully Completed, Status, Successfully Completed, Status, Successfully Completed, Status, Successfully Completed, Status, Successfully Completed, Status, Successfully Completed, Status, Successfully Completed, Status, Successfully Completed, Status, Successfully Completed, Status, Successfully Completed, Status, Successfully Completed, Status, Successfully Completed, Status, Successfully Completed, Status, Successfully Completed, Status, Successfully Completed, Status, Successfully Completed, Status, Successfully Completed, Status, Successfully Completed, Status, Successfully Completed, Status, Successfully Completed, Status, Successfully Completed, Status, Successfully Completed, Status, Successfully Completed, Status, Successfully Completed, Status, Successfully Completed, Status, Successfully Completed, Status, Successfully Completed, Status, Successfully Completed, Status, Successfully Completed, Status, Successfully Completed, Status, Successfully Completed, Status, Successfully Completed, Status, Successfully Completed, Status, Successfully Completed, Status, Successfully Completed, Status, Successfully Completed, Status, Successfully Completed, Status, Successfully Completed, Status, Successfully Completed, Status, Successfully Completed, Status, Successfully Completed, Status, Successfully Completed, Status, Successfully Completed, Status, Successfully Completed, Status, Successfully Completed, Status, Successfully Completed, Status, Successfully Completed, Status, Successfully Completed, Status, Successfully Completed, Status, Successfully Completed, Status, Successfully Completed, Status, Successfully Completed, Status, Successfully Completed, Status, Successfully Completed, Status, Successfully Completed, Status, Successfully Completed, Status, Successfully Completed, Status, Successfully Completed, Status, Successfully Completed, Status, Successfully Completed, Status, Successfully Completed, Status, Successfully Completed, Status, Successfully Completed, Status, Successfully Completed, Status, Successfully Completed, Status, Successfully Completed, Status, Successfully Completed, Status, Successfully Completed, Status, Successfully Completed, Status, Successfully Completed, Status, Successfully Completed, Status, Successfully Completed, Status, Successfully Completed, Status, Successfully Completed, Status, Successfully Completed, Status, Successfully Completed, Status, Successfully Completed, Status, Successfully Completed, Status, Successfully Completed, Status, Successfully Completed, Status, Successfully Completed, Status, Successfully Completed, Status, Successfully Completed, Status, Successfully Completed, Status, Successfully Completed, Status, Successfully Completed, Status, Successfully Completed, Status, Successfully Completed, Status, Successfully Completed, Status, Successfully Completed, Status, Successfully Completed, Status, Successfully Completed, Status, Successfully Completed, Status, Successfully Completed, Status, Successfully Completed, Status, Successfully Completed, Status, Successfully Completed, Status, Successfully Completed, Status, Successfully Completed, Status, Successfully Completed, Status, Successfully Completed, Status, Successfully Completed, Status, Successfully Completed, Status, Successfully Completed, Status, Successfully Completed, Status, Successfully Completed, Status, Successfully Completed, Status, Successfully Completed, Status, Successfully Completed, Status, Successfully Completed, Status, Successfully Completed, Status, Successfully Completed, Status, Successfully Completed, Status, Successfully Completed, Status, Successfully Completed, Status, Successfully Completed, Status, Successfully Completed, Status, Successfully Completed, Status, Successfully Completed, Status, Successfully Completed, Status, Successfully Completed, Status, Successfully Completed, Status, Successfully Completed, Status, Successfully Completed, Status, Successfully Completed, Status, Successfully Completed, Status, Successfully Completed, Status, Successfully Completed, Status, Successfully Completed, Status, Successfully Completed, Status, Successfully Completed, Status, Successfully Completed, Status, Successfully Completed, Status, Successfully Completed, Status, Successfully Completed, Status, Successfully Completed, Status, Successfully Completed, Status, Successfully Completed, Status, Successfully Completed, Status, Successfully Completed, Status, Successfully Completed, Status, Successfully Completed, Status, Successfully Completed, Status, Successfully Completed, Status, Successfully Completed, Status, Successfully Completed, Status, Successfully Completed, Status, Successfully Completed, Status, Successfully Completed, Status, Successfully Completed, Status, Successfully Completed, Status, Successfully Completed, Status, Successfully Completed, Status, Successfully Completed, Status, Successfully Completed, Status, Successfully Completed, Status, Successfully Completed, Status, Successfully Completed, Status, Successfully Completed, Status, Successfully Completed, Status, Successfully Completed, Status, Successfully Completed, Status, Successfully Completed, Status, Successfully Completed, Status, Successfully Completed, Status, Successfully Completed, Status, Successfully Completed, Status, Successfully Completed, Status, Successfully Completed, Status, Successfully Completed, Status, Successfully Completed, Status, Successfully Completed, Status, Successfully Completed, Status, Successfully Completed, Status, Successfully Completed, Status, Successfully Completed, Status, Successfully Completed, Status, Successfully Completed, Status, Successfully Completed, Status, Successfully Completed, Status, Successfully Completed]
[neelback4more@gmail.com, Subho1991*, Status, Successfully Completed, Status, Successfully Completed, Status, Successfully Completed, Status, Successfully Completed, Status, Successfully Completed, Status, Successfully Completed, Status, Successfully Completed, Status, Successfully Completed, Status, Successfully Completed, Status, Successfully Completed, Status, Successfully Completed, Status, Successfully Completed, Status, Successfully Completed, Status, Successfully Completed, Status, Successfully Completed, Status, Successfully Completed, Status, Successfully Completed, Status, Successfully Completed, Status, Successfully Completed, Status, Successfully Completed, Status, Successfully Completed, Status, Successfully Completed, Status, Successfully Completed, Status, Successfully Completed, Status, Successfully Completed, Status, Successfully Completed, Status, Successfully Completed, Status, Successfully Completed, Status, Successfully Completed, Status, Successfully Completed, Status, Successfully Completed, Status, Successfully Completed, Status, Successfully Completed, Status, Successfully Completed, Status, Successfully Completed, Status, Successfully Completed, Status, Successfully Completed, Status, Successfully Completed, Status, Successfully Completed, Status, Successfully Completed, Status, Successfully Completed, Status, Successfully Completed, Status, Successfully Completed, Status, Successfully Completed, Status, Successfully Completed, Status, Successfully Completed, Status, Successfully Completed, Status, Successfully Completed, Status, Successfully Completed, Status, Successfully Completed, Status, Successfully Completed, Status, Successfully Completed, Status, Successfully Completed, Status, Successfully Completed, Status, Successfully Completed, Status, Successfully Completed, Status, Successfully Completed, Status, Successfully Completed, Status, Successfully Completed, Status, Successfully Completed, Status, Successfully Completed, Status, Successfully Completed, Status, Successfully Completed, Status, Successfully Completed, Status, Successfully Completed, Status, Successfully Completed, Status, Successfully Completed, Status, Successfully Completed, Status, Successfully Completed, Status, Successfully Completed, Status, Successfully Completed, Status, Successfully Completed, Status, Successfully Completed, Status, Successfully Completed, Status, Successfully Completed, Status, Successfully Completed, Status, Successfully Completed, Status, Successfully Completed, Status, Successfully Completed, Status, Successfully Completed, Status, Successfully Completed, Status, Successfully Completed, Status, Successfully Completed, Status, Successfully Completed, Status, Successfully Completed, Status, Successfully Completed, Status, Successfully Completed, Status, Successfully Completed, Status, Successfully Completed, Status, Successfully Completed, Status, Successfully Completed, Status, Successfully Completed, Status, Successfully Completed, Status, Successfully Completed, Status, Successfully Completed, Status, Successfully Completed, Status, Successfully Completed, Status, Successfully Completed, Status, Successfully Completed, Status, Successfully Completed, Status, Successfully Completed, Status, Successfully Completed, Status, Successfully Completed, Status, Successfully Completed, Status, Successfully Completed, Status, Successfully Completed, Status, Successfully Completed, Status, Successfully Completed, Status, Successfully Completed, Status, Successfully Completed, Status, Successfully Completed, Status, Successfully Completed, Status, Successfully Completed, Status, Successfully Completed, Status, Successfully Completed, Status, Successfully Completed, Status, Successfully Completed, Status, Successfully Completed, Status, Successfully Completed, Status, Successfully Completed, Status, Successfully Completed, Status, Successfully Completed, Status, Successfully Completed, Status, Successfully Completed, Status, Successfully Completed, Status, Successfully Completed, Status, Successfully Completed, Status, Successfully Completed, Status, Successfully Completed, Status, Successfully Completed, Status, Successfully Completed, Status, Successfully Completed, Status, Successfully Completed, Status, Successfully Completed, Status, Successfully Completed, Status, Successfully Completed, Status, Successfully Completed, Status, Successfully Completed, Status, Successfully Completed, Status, Successfully Completed, Status, Successfully Completed, Status, Successfully Completed, Status, Successfully Completed, Status, Successfully Completed, Status, Successfully Completed, Status, Successfully Completed, Status, Successfully Completed, Status, Successfully Completed, Status, Successfully Completed, Status, Successfully Completed, Status, Successfully Completed, Status, Successfully Completed, Status, Successfully Completed, Status, Successfully Completed, Status, Successfully Completed, Status, Successfully Completed, Status, Successfully Completed, Status, Successfully Completed, Status, Successfully Completed, Status, Successfully Completed, Status, Successfully Completed, Status, Successfully Completed, Status, Successfully Completed, Status, Successfully Completed, Status, Successfully Completed, Status, Successfully Completed, Status, Successfully Completed, Status, Successfully Completed, Status, Successfully Completed, Status, Successfully Completed, Status, Successfully Completed, Status, Successfully Completed, Status, Successfully Completed, Status, Successfully Completed, Status, Successfully Completed, Status, Successfully Completed, Status, Successfully Completed, Status, Successfully Completed, Status, Successfully Completed, Status, Successfully Completed, Status, Successfully Completed, Status, Successfully Completed, Status, Successfully Completed, Status, Successfully Completed, Status, Successfully Completed, Status, Successfully Completed, Status, Successfully Completed, Status, Successfully Completed, Status, Successfully Completed, Status, Successfully Completed, Status, Successfully Completed, Status, Successfully Completed, Status, Successfully Completed, Status, Successfully Completed, Status, Successfully Completed, Status, Successfully Completed, Status, Successfully Completed, Status, Successfully Completed, Status, Successfully Completed, Status, Successfully Completed, Status, Successfully Completed, Status, Successfully Completed, Status, Successfully Completed, Status, Successfully Completed, Status, Successfully Completed, Status, Successfully Completed, Status, Successfully Completed, Status, Successfully Completed, Status, Successfully Completed, Status, Successfully Completed, Status, Successfully Completed, Status, Successfully Completed, Status, Successfully Completed, Status, Successfully Completed, Status, Successfully Completed, Status, Successfully Completed, Status, Successfully Completed, Status, Successfully Completed, Status, Successfully Completed, Status, Successfully Completed, Status, Successfully Completed, Status, Successfully Completed, Status, Successfully Completed, Status, Successfully Completed, Status, Successfully Completed, Status, Successfully Completed, Status, Successfully Completed, Status, Successfully Completed, Status, Successfully Completed, Status, Successfully Completed, Status, Successfully Completed, Status, Successfully Completed, Status, Successfully Completed, Status, Successfully Completed, Status, Successfully Completed, Status, Successfully Completed, Status, Successfully Completed, Status, Successfully Completed, Status, Successfully Completed, Status, Successfully Completed, Status, Successfully Completed, Status, Successfully Completed, Status, Successfully Completed, Status, Successfully Completed, Status, Successfully Completed, Status, Successfully Completed, Status, Successfully Completed, Status]
[neelback4more@gmail.com, Subho1991*, Status, Successfully Completed, Status, Successfully Completed, Status, Successfully Completed, Status, Successfully Completed, Status, Successfully Completed, Status, Successfully Completed, Status, Successfully Completed, Status, Successfully Completed, Status, Successfully Completed, Status, Successfully Completed, Status, Successfully Completed, Status, Successfully Completed, Status, Successfully Completed, Status, Successfully Completed, Status, Successfully Completed, Status, Successfully Completed, Status, Successfully Completed, Status, Successfully Completed, Status, Successfully Completed, Status, Successfully Completed, Status, Successfully Completed, Status, Successfully Completed, Status, Successfully Completed, Status, Successfully Completed, Status, Successfully Completed, Status, Successfully Completed, Status, Successfully Completed, Status, Successfully Completed, Status, Successfully Completed, Status, Successfully Completed, Status, Successfully Completed, Status, Successfully Completed, Status, Successfully Completed, Status, Successfully Completed, Status, Successfully Completed, Status, Successfully Completed, Status, Successfully Completed, Status, Successfully Completed, Status, Successfully Completed, Status, Successfully Completed, Status, Successfully Completed, Status, Successfully Completed, Status, Successfully Completed, Status, Successfully Completed, Status, Successfully Completed, Status, Successfully Completed, Status, Successfully Completed, Status, Successfully Completed, Status, Successfully Completed, Status, Successfully Completed, Status, Successfully Completed, Status, Successfully Completed, Status, Successfully Completed, Status, Successfully Completed, Status, Successfully Completed, Status, Successfully Completed, Status, Successfully Completed, Status, Successfully Completed, Status, Successfully Completed, Status, Successfully Completed, Status, Successfully Completed, Status, Successfully Completed, Status, Successfully Completed, Status, Successfully Completed, Status, Successfully Completed, Status, Successfully Completed, Status, Successfully Completed, Status, Successfully Completed, Status, Successfully Completed, Status, Successfully Completed, Status, Successfully Completed, Status, Successfully Completed, Status, Successfully Completed, Status, Successfully Completed, Status, Successfully Completed, Status, Successfully Completed, Status, Successfully Completed, Status, Successfully Completed, Status, Successfully Completed, Status, Successfully Completed, Status, Successfully Completed, Status, Successfully Completed, Status, Successfully Completed, Status, Successfully Completed, Status, Successfully Completed, Status, Successfully Completed, Status, Successfully Completed, Status, Successfully Completed, Status, Successfully Completed, Status, Successfully Completed, Status, Successfully Completed, Status, Successfully Completed, Status, Successfully Completed, Status, Successfully Completed, Status, Successfully Completed, Status, Successfully Completed, Status, Successfully Completed, Status, Successfully Completed, Status, Successfully Completed, Status, Successfully Completed, Status, Successfully Completed, Status, Successfully Completed, Status, Successfully Completed, Status, Successfully Completed, Status, Successfully Completed, Status, Successfully Completed, Status, Successfully Completed, Status, Successfully Completed, Status, Successfully Completed, Status, Successfully Completed, Status, Successfully Completed, Status, Successfully Completed, Status, Successfully Completed, Status, Successfully Completed, Status, Successfully Completed, Status, Successfully Completed, Status, Successfully Completed, Status, Successfully Completed, Status, Successfully Completed, Status, Successfully Completed, Status, Successfully Completed, Status, Successfully Completed, Status, Successfully Completed, Status, Successfully Completed, Status, Successfully Completed, Status, Successfully Completed, Status, Successfully Completed, Status, Successfully Completed, Status, Successfully Completed, Status, Successfully Completed, Status, Successfully Completed, Status, Successfully Completed, Status, Successfully Completed, Status, Successfully Completed, Status, Successfully Completed, Status, Successfully Completed, Status, Successfully Completed, Status, Successfully Completed, Status, Successfully Completed, Status, Successfully Completed, Status, Successfully Completed, Status, Successfully Completed, Status, Successfully Completed, Status, Successfully Completed, Status, Successfully Completed, Status, Successfully Completed, Status, Successfully Completed, Status, Successfully Completed, Status, Successfully Completed, Status, Successfully Completed, Status, Successfully Completed, Status, Successfully Completed, Status, Successfully Completed, Status, Successfully Completed, Status, Successfully Completed, Status, Successfully Completed, Status, Successfully Completed, Status, Successfully Completed, Status, Successfully Completed, Status, Successfully Completed, Status, Successfully Completed, Status, Successfully Completed, Status, Successfully Completed, Status, Successfully Completed, Status, Successfully Completed, Status, Successfully Completed, Status, Successfully Completed, Status, Successfully Completed, Status, Successfully Completed, Status, Successfully Completed, Status, Successfully Completed, Status, Successfully Completed, Status, Successfully Completed, Status, Successfully Completed, Status, Successfully Completed, Status, Successfully Completed, Status, Successfully Completed, Status, Successfully Completed, Status, Successfully Completed, Status, Successfully Completed, Status, Successfully Completed, Status, Successfully Completed, Status, Successfully Completed, Status, Successfully Completed, Status, Successfully Completed, Status, Successfully Completed, Status, Successfully Completed, Status, Successfully Completed, Status, Successfully Completed, Status, Successfully Completed, Status, Successfully Completed, Status, Successfully Completed, Status, Successfully Completed, Status, Successfully Completed, Status, Successfully Completed, Status, Successfully Completed, Status, Successfully Completed, Status, Successfully Completed, Status, Successfully Completed, Status, Successfully Completed, Status, Successfully Completed, Status, Successfully Completed, Status, Successfully Completed, Status, Successfully Completed, Status, Successfully Completed, Status, Successfully Completed, Status, Successfully Completed, Status, Successfully Completed, Status, Successfully Completed, Status, Successfully Completed, Status, Successfully Completed, Status, Successfully Completed, Status, Successfully Completed, Status, Successfully Completed, Status, Successfully Completed, Status, Successfully Completed, Status, Successfully Completed, Status, Successfully Completed, Status, Successfully Completed, Status, Successfully Completed, Status, Successfully Completed, Status, Successfully Completed, Status, Successfully Completed, Status, Successfully Completed, Status, Successfully Completed, Status, Successfully Completed, Status, Successfully Completed, Status, Successfully Completed, Status, Successfully Completed, Status, Successfully Completed, Status, Successfully Completed, Status, Successfully Completed, Status, Successfully Completed, Status, Successfully Completed, Status, Successfully Completed, Status, Successfully Completed, Status, Successfully Completed, Status, Successfully Completed, Status, Successfully Completed, Status, Successfully Completed, Status, Successfully Completed, Status, Successfully Completed, Status, Successfully Completed, Status, Successfully Completed, Status, Successfully Completed, Status, Successfully Completed, Status, Successfully Completed, Status, Successfully Completed]
[neelback4more@gmail.com, Subho1991*, Status, Successfully Completed, Status, Successfully Completed, Status, Successfully Completed, Status, Successfully Completed, Status, Successfully Completed, Status, Successfully Completed, Status, Successfully Completed, Status, Successfully Completed, Status, Successfully Completed, Status, Successfully Completed, Status, Successfully Completed, Status, Successfully Completed, Status, Successfully Completed, Status, Successfully Completed, Status, Successfully Completed, Status, Successfully Completed, Status, Successfully Completed, Status, Successfully Completed, Status, Successfully Completed, Status, Successfully Completed, Status, Successfully Completed, Status, Successfully Completed, Status, Successfully Completed, Status, Successfully Completed, Status, Successfully Completed, Status, Successfully Completed, Status, Successfully Completed, Status, Successfully Completed, Status, Successfully Completed, Status, Successfully Completed, Status, Successfully Completed, Status, Successfully Completed, Status, Successfully Completed, Status, Successfully Completed, Status, Successfully Completed, Status, Successfully Completed, Status, Successfully Completed, Status, Successfully Completed, Status, Successfully Completed, Status, Successfully Completed, Status, Successfully Completed, Status, Successfully Completed, Status, Successfully Completed, Status, Successfully Completed, Status, Successfully Completed, Status, Successfully Completed, Status, Successfully Completed, Status, Successfully Completed, Status, Successfully Completed, Status, Successfully Completed, Status, Successfully Completed, Status, Successfully Completed, Status, Successfully Completed, Status, Successfully Completed, Status, Successfully Completed, Status, Successfully Completed, Status, Successfully Completed, Status, Successfully Completed, Status, Successfully Completed, Status, Successfully Completed, Status, Successfully Completed, Status, Successfully Completed, Status, Successfully Completed, Status, Successfully Completed, Status, Successfully Completed, Status, Successfully Completed, Status, Successfully Completed, Status, Successfully Completed, Status, Successfully Completed, Status, Successfully Completed, Status, Successfully Completed, Status, Successfully Completed, Status, Successfully Completed, Status, Successfully Completed, Status, Successfully Completed, Status, Successfully Completed, Status, Successfully Completed, Status, Successfully Completed, Status, Successfully Completed, Status, Successfully Completed, Status, Successfully Completed, Status, Successfully Completed, Status, Successfully Completed, Status, Successfully Completed, Status, Successfully Completed, Status, Successfully Completed, Status, Successfully Completed, Status, Successfully Completed, Status, Successfully Completed, Status, Successfully Completed, Status, Successfully Completed, Status, Successfully Completed, Status, Successfully Completed, Status, Successfully Completed, Status, Successfully Completed, Status, Successfully Completed, Status, Successfully Completed, Status, Successfully Completed, Status, Successfully Completed, Status, Successfully Completed, Status, Successfully Completed, Status, Successfully Completed, Status, Successfully Completed, Status, Successfully Completed, Status, Successfully Completed, Status, Successfully Completed, Status, Successfully Completed, Status, Successfully Completed, Status, Successfully Completed, Status, Successfully Completed, Status, Successfully Completed, Status, Successfully Completed, Status, Successfully Completed, Status, Successfully Completed, Status, Successfully Completed, Status, Successfully Completed, Status, Successfully Completed, Status, Successfully Completed, Status, Successfully Completed, Status, Successfully Completed, Status, Successfully Completed, Status, Successfully Completed, Status, Successfully Completed, Status, Successfully Completed, Status, Successfully Completed, Status, Successfully Completed, Status, Successfully Completed, Status, Successfully Completed, Status, Successfully Completed, Status, Successfully Completed, Status, Successfully Completed, Status, Successfully Completed, Status, Successfully Completed, Status, Successfully Completed, Status, Successfully Completed, Status, Successfully Completed, Status, Successfully Completed, Status, Successfully Completed, Status, Successfully Completed, Status, Successfully Completed, Status, Successfully Completed, Status, Successfully Completed, Status, Successfully Completed, Status, Successfully Completed, Status, Successfully Completed, Status, Successfully Completed, Status, Successfully Completed, Status, Successfully Completed, Status, Successfully Completed, Status, Successfully Completed, Status, Successfully Completed, Status, Successfully Completed, Status, Successfully Completed, Status, Successfully Completed, Status, Successfully Completed, Status, Successfully Completed, Status, Successfully Completed, Status, Successfully Completed, Status, Successfully Completed, Status, Successfully Completed, Status, Successfully Completed, Status, Successfully Completed, Status, Successfully Completed, Status, Successfully Completed, Status, Successfully Completed, Status, Successfully Completed, Status, Successfully Completed, Status, Successfully Completed, Status, Successfully Completed, Status, Successfully Completed, Status, Successfully Completed, Status, Successfully Completed, Status, Successfully Completed, Status, Successfully Completed, Status, Successfully Completed, Status, Successfully Completed, Status, Successfully Completed, Status, Successfully Completed, Status, Successfully Completed, Status, Successfully Completed, Status, Successfully Completed, Status, Successfully Completed, Status, Successfully Completed, Status, Successfully Completed, Status, Successfully Completed, Status, Successfully Completed, Status, Successfully Completed, Status, Successfully Completed, Status, Successfully Completed, Status, Successfully Completed, Status, Successfully Completed, Status, Successfully Completed, Status, Successfully Completed, Status, Successfully Completed, Status, Successfully Completed, Status, Successfully Completed, Status, Successfully Completed, Status, Successfully Completed, Status, Successfully Completed, Status, Successfully Completed, Status, Successfully Completed, Status, Successfully Completed, Status, Successfully Completed, Status, Successfully Completed, Status, Successfully Completed, Status, Successfully Completed, Status, Successfully Completed, Status, Successfully Completed, Status, Successfully Completed, Status, Successfully Completed, Status, Successfully Completed, Status, Successfully Completed, Status, Successfully Completed, Status, Successfully Completed, Status, Successfully Completed, Status, Successfully Completed, Status, Successfully Completed, Status, Successfully Completed, Status, Successfully Completed, Status, Successfully Completed, Status, Successfully Completed, Status, Successfully Completed, Status, Successfully Completed, Status, Successfully Completed, Status, Successfully Completed, Status, Successfully Completed, Status, Successfully Completed, Status, Successfully Completed, Status, Successfully Completed, Status, Successfully Completed, Status, Successfully Completed, Status, Successfully Completed, Status, Successfully Completed, Status, Successfully Completed, Status, Successfully Completed, Status, Successfully Completed, Status, Successfully Completed, Status, Successfully Completed, Status, Successfully Completed, Status, Successfully Completed, Status, Successfully Completed, Status, Successfully Completed, Status, Successfully Completed, Status, Successfully Completed, Status, Successfully Completed, Status, Successfully Completed, Status, Successfully Completed, Status, Successfully Completed, Status]
[neelback4more@gmail.com, Subho1991*, Status, Successfully Completed, Status, Successfully Completed, Status, Successfully Completed, Status, Successfully Completed, Status, Successfully Completed, Status, Successfully Completed, Status, Successfully Completed, Status, Successfully Completed, Status, Successfully Completed, Status, Successfully Completed, Status, Successfully Completed, Status, Successfully Completed, Status, Successfully Completed, Status, Successfully Completed, Status, Successfully Completed, Status, Successfully Completed, Status, Successfully Completed, Status, Successfully Completed, Status, Successfully Completed, Status, Successfully Completed, Status, Successfully Completed, Status, Successfully Completed, Status, Successfully Completed, Status, Successfully Completed, Status, Successfully Completed, Status, Successfully Completed, Status, Successfully Completed, Status, Successfully Completed, Status, Successfully Completed, Status, Successfully Completed, Status, Successfully Completed, Status, Successfully Completed, Status, Successfully Completed, Status, Successfully Completed, Status, Successfully Completed, Status, Successfully Completed, Status, Successfully Completed, Status, Successfully Completed, Status, Successfully Completed, Status, Successfully Completed, Status, Successfully Completed, Status, Successfully Completed, Status, Successfully Completed, Status, Successfully Completed, Status, Successfully Completed, Status, Successfully Completed, Status, Successfully Completed, Status, Successfully Completed, Status, Successfully Completed, Status, Successfully Completed, Status, Successfully Completed, Status, Successfully Completed, Status, Successfully Completed, Status, Successfully Completed, Status, Successfully Completed, Status, Successfully Completed, Status, Successfully Completed, Status, Successfully Completed, Status, Successfully Completed, Status, Successfully Completed, Status, Successfully Completed, Status, Successfully Completed, Status, Successfully Completed, Status, Successfully Completed, Status, Successfully Completed, Status, Successfully Completed, Status, Successfully Completed, Status, Successfully Completed, Status, Successfully Completed, Status, Successfully Completed, Status, Successfully Completed, Status, Successfully Completed, Status, Successfully Completed, Status, Successfully Completed, Status, Successfully Completed, Status, Successfully Completed, Status, Successfully Completed, Status, Successfully Completed, Status, Successfully Completed, Status, Successfully Completed, Status, Successfully Completed, Status, Successfully Completed, Status, Successfully Completed, Status, Successfully Completed, Status, Successfully Completed, Status, Successfully Completed, Status, Successfully Completed, Status, Successfully Completed, Status, Successfully Completed, Status, Successfully Completed, Status, Successfully Completed, Status, Successfully Completed, Status, Successfully Completed, Status, Successfully Completed, Status, Successfully Completed, Status, Successfully Completed, Status, Successfully Completed, Status, Successfully Completed, Status, Successfully Completed, Status, Successfully Completed, Status, Successfully Completed, Status, Successfully Completed, Status, Successfully Completed, Status, Successfully Completed, Status, Successfully Completed, Status, Successfully Completed, Status, Successfully Completed, Status, Successfully Completed, Status, Successfully Completed, Status, Successfully Completed, Status, Successfully Completed, Status, Successfully Completed, Status, Successfully Completed, Status, Successfully Completed, Status, Successfully Completed, Status, Successfully Completed, Status, Successfully Completed, Status, Successfully Completed, Status, Successfully Completed, Status, Successfully Completed, Status, Successfully Completed, Status, Successfully Completed, Status, Successfully Completed, Status, Successfully Completed, Status, Successfully Completed, Status, Successfully Completed, Status, Successfully Completed, Status, Successfully Completed, Status, Successfully Completed, Status, Successfully Completed, Status, Successfully Completed, Status, Successfully Completed, Status, Successfully Completed, Status, Successfully Completed, Status, Successfully Completed, Status, Successfully Completed, Status, Successfully Completed, Status, Successfully Completed, Status, Successfully Completed, Status, Successfully Completed, Status, Successfully Completed, Status, Successfully Completed, Status, Successfully Completed, Status, Successfully Completed, Status, Successfully Completed, Status, Successfully Completed, Status, Successfully Completed, Status, Successfully Completed, Status, Successfully Completed, Status, Successfully Completed, Status, Successfully Completed, Status, Successfully Completed, Status, Successfully Completed, Status, Successfully Completed, Status, Successfully Completed, Status, Successfully Completed, Status, Successfully Completed, Status, Successfully Completed, Status, Successfully Completed, Status, Successfully Completed, Status, Successfully Completed, Status, Successfully Completed, Status, Successfully Completed, Status, Successfully Completed, Status, Successfully Completed, Status, Successfully Completed, Status, Successfully Completed, Status, Successfully Completed, Status, Successfully Completed, Status, Successfully Completed, Status, Successfully Completed, Status, Successfully Completed, Status, Successfully Completed, Status, Successfully Completed, Status, Successfully Completed, Status, Successfully Completed, Status, Successfully Completed, Status, Successfully Completed, Status, Successfully Completed, Status, Successfully Completed, Status, Successfully Completed, Status, Successfully Completed, Status, Successfully Completed, Status, Successfully Completed, Status, Successfully Completed, Status, Successfully Completed, Status, Successfully Completed, Status, Successfully Completed, Status, Successfully Completed, Status, Successfully Completed, Status, Successfully Completed, Status, Successfully Completed, Status, Successfully Completed, Status, Successfully Completed, Status, Successfully Completed, Status, Successfully Completed, Status, Successfully Completed, Status, Successfully Completed, Status, Successfully Completed, Status, Successfully Completed, Status, Successfully Completed, Status, Successfully Completed, Status, Successfully Completed, Status, Successfully Completed, Status, Successfully Completed, Status, Successfully Completed, Status, Successfully Completed, Status, Successfully Completed, Status, Successfully Completed, Status, Successfully Completed, Status, Successfully Completed, Status, Successfully Completed, Status, Successfully Completed, Status, Successfully Completed, Status, Successfully Completed, Status, Successfully Completed, Status, Successfully Completed, Status, Successfully Completed, Status, Successfully Completed, Status, Successfully Completed, Status, Successfully Completed, Status, Successfully Completed, Status, Successfully Completed, Status, Successfully Completed, Status, Successfully Completed, Status, Successfully Completed, Status, Successfully Completed, Status, Successfully Completed, Status, Successfully Completed, Status, Successfully Completed, Status, Successfully Completed, Status, Successfully Completed, Status, Successfully Completed, Status, Successfully Completed, Status, Successfully Completed, Status, Successfully Completed, Status, Successfully Completed, Status, Successfully Completed, Status, Successfully Completed, Status, Successfully Completed, Status, Successfully Completed, Status, Successfully Completed, Status, Successfully Completed, Status, Successfully Completed, Status, Successfully Completed, Status, Successfully Completed, Status, Successfully Completed, Status, Successfully Completed, Status, Successfully Completed]
[neelback4more@gmail.com, Subho1991*, Status, Successfully Completed, Status, Successfully Completed, Status, Successfully Completed, Status, Successfully Completed, Status, Successfully Completed, Status, Successfully Completed, Status, Successfully Completed, Status, Successfully Completed, Status, Successfully Completed, Status, Successfully Completed, Status, Successfully Completed, Status, Successfully Completed, Status, Successfully Completed, Status, Successfully Completed, Status, Successfully Completed, Status, Successfully Completed, Status, Successfully Completed, Status, Successfully Completed, Status, Successfully Completed, Status, Successfully Completed, Status, Successfully Completed, Status, Successfully Completed, Status, Successfully Completed, Status, Successfully Completed, Status, Successfully Completed, Status, Successfully Completed, Status, Successfully Completed, Status, Successfully Completed, Status, Successfully Completed, Status, Successfully Completed, Status, Successfully Completed, Status, Successfully Completed, Status, Successfully Completed, Status, Successfully Completed, Status, Successfully Completed, Status, Successfully Completed, Status, Successfully Completed, Status, Successfully Completed, Status, Successfully Completed, Status, Successfully Completed, Status, Successfully Completed, Status, Successfully Completed, Status, Successfully Completed, Status, Successfully Completed, Status, Successfully Completed, Status, Successfully Completed, Status, Successfully Completed, Status, Successfully Completed, Status, Successfully Completed, Status, Successfully Completed, Status, Successfully Completed, Status, Successfully Completed, Status, Successfully Completed, Status, Successfully Completed, Status, Successfully Completed, Status, Successfully Completed, Status, Successfully Completed, Status, Successfully Completed, Status, Successfully Completed, Status, Successfully Completed, Status, Successfully Completed, Status, Successfully Completed, Status, Successfully Completed, Status, Successfully Completed, Status, Successfully Completed, Status, Successfully Completed, Status, Successfully Completed, Status, Successfully Completed, Status, Successfully Completed, Status, Successfully Completed, Status, Successfully Completed, Status, Successfully Completed, Status, Successfully Completed, Status, Successfully Completed, Status, Successfully Completed, Status, Successfully Completed, Status, Successfully Completed, Status, Successfully Completed, Status, Successfully Completed, Status, Successfully Completed, Status, Successfully Completed, Status, Successfully Completed, Status, Successfully Completed, Status, Successfully Completed, Status, Successfully Completed, Status, Successfully Completed, Status, Successfully Completed, Status, Successfully Completed, Status, Successfully Completed, Status, Successfully Completed, Status, Successfully Completed, Status, Successfully Completed, Status, Successfully Completed, Status, Successfully Completed, Status, Successfully Completed, Status, Successfully Completed, Status, Successfully Completed, Status, Successfully Completed, Status, Successfully Completed, Status, Successfully Completed, Status, Successfully Completed, Status, Successfully Completed, Status, Successfully Completed, Status, Successfully Completed, Status, Successfully Completed, Status, Successfully Completed, Status, Successfully Completed, Status, Successfully Completed, Status, Successfully Completed, Status, Successfully Completed, Status, Successfully Completed, Status, Successfully Completed, Status, Successfully Completed, Status, Successfully Completed, Status, Successfully Completed, Status, Successfully Completed, Status, Successfully Completed, Status, Successfully Completed, Status, Successfully Completed, Status, Successfully Completed, Status, Successfully Completed, Status, Successfully Completed, Status, Successfully Completed, Status, Successfully Completed, Status, Successfully Completed, Status, Successfully Completed, Status, Successfully Completed, Status, Successfully Completed, Status, Successfully Completed, Status, Successfully Completed, Status, Successfully Completed, Status, Successfully Completed, Status, Successfully Completed, Status, Successfully Completed, Status, Successfully Completed, Status, Successfully Completed, Status, Successfully Completed, Status, Successfully Completed, Status, Successfully Completed, Status, Successfully Completed, Status, Successfully Completed, Status, Successfully Completed, Status, Successfully Completed, Status, Successfully Completed, Status, Successfully Completed, Status, Successfully Completed, Status, Successfully Completed, Status, Successfully Completed, Status, Successfully Completed, Status, Successfully Completed, Status, Successfully Completed, Status, Successfully Completed, Status, Successfully Completed, Status, Successfully Completed, Status, Successfully Completed, Status, Successfully Completed, Status, Successfully Completed, Status, Successfully Completed, Status, Successfully Completed, Status, Successfully Completed, Status, Successfully Completed, Status, Successfully Completed, Status, Successfully Completed, Status, Successfully Completed, Status, Successfully Completed, Status, Successfully Completed, Status, Successfully Completed, Status, Successfully Completed, Status, Successfully Completed, Status, Successfully Completed, Status, Successfully Completed, Status, Successfully Completed, Status, Successfully Completed, Status, Successfully Completed, Status, Successfully Completed, Status, Successfully Completed, Status, Successfully Completed, Status, Successfully Completed, Status, Successfully Completed, Status, Successfully Completed, Status, Successfully Completed, Status, Successfully Completed, Status, Successfully Completed, Status, Successfully Completed, Status, Successfully Completed, Status, Successfully Completed, Status, Successfully Completed, Status, Successfully Completed, Status, Successfully Completed, Status, Successfully Completed, Status, Successfully Completed, Status, Successfully Completed, Status, Successfully Completed, Status, Successfully Completed, Status, Successfully Completed, Status, Successfully Completed, Status, Successfully Completed, Status, Successfully Completed, Status, Successfully Completed, Status, Successfully Completed, Status, Successfully Completed, Status, Successfully Completed, Status, Successfully Completed, Status, Successfully Completed, Status, Successfully Completed, Status, Successfully Completed, Status, Successfully Completed, Status, Successfully Completed, Status, Successfully Completed, Status, Successfully Completed, Status, Successfully Completed, Status, Successfully Completed, Status, Successfully Completed, Status, Successfully Completed, Status, Successfully Completed, Status, Successfully Completed, Status, Successfully Completed, Status, Successfully Completed, Status, Successfully Completed, Status, Successfully Completed, Status, Successfully Completed, Status, Successfully Completed, Status, Successfully Completed, Status, Successfully Completed, Status, Successfully Completed, Status, Successfully Completed, Status, Successfully Completed, Status, Successfully Completed, Status, Successfully Completed, Status, Successfully Completed, Status, Successfully Completed, Status, Successfully Completed, Status, Successfully Completed, Status, Successfully Completed, Status, Successfully Completed, Status, Successfully Completed, Status, Successfully Completed, Status, Successfully Completed, Status, Successfully Completed, Status, Successfully Completed, Status, Successfully Completed, Status, Successfully Completed, Status, Successfully Completed, Status, Successfully Completed, Status, Successfully Completed, Status, Successfully Completed, Status, Successfully Completed, Status, Successfully Completed, Status, Successfully Completed, Status]
[neelback4more@gmail.com, Subho1991*, Status, Successfully Completed, Status, Successfully Completed, Status, Successfully Completed, Status, Successfully Completed, Status, Successfully Completed, Status, Successfully Completed, Status, Successfully Completed, Status, Successfully Completed, Status, Successfully Completed, Status, Successfully Completed, Status, Successfully Completed, Status, Successfully Completed, Status, Successfully Completed, Status, Successfully Completed, Status, Successfully Completed, Status, Successfully Completed, Status, Successfully Completed, Status, Successfully Completed, Status, Successfully Completed, Status, Successfully Completed, Status, Successfully Completed, Status, Successfully Completed, Status, Successfully Completed, Status, Successfully Completed, Status, Successfully Completed, Status, Successfully Completed, Status, Successfully Completed, Status, Successfully Completed, Status, Successfully Completed, Status, Successfully Completed, Status, Successfully Completed, Status, Successfully Completed, Status, Successfully Completed, Status, Successfully Completed, Status, Successfully Completed, Status, Successfully Completed, Status, Successfully Completed, Status, Successfully Completed, Status, Successfully Completed, Status, Successfully Completed, Status, Successfully Completed, Status, Successfully Completed, Status, Successfully Completed, Status, Successfully Completed, Status, Successfully Completed, Status, Successfully Completed, Status, Successfully Completed, Status, Successfully Completed, Status, Successfully Completed, Status, Successfully Completed, Status, Successfully Completed, Status, Successfully Completed, Status, Successfully Completed, Status, Successfully Completed, Status, Successfully Completed, Status, Successfully Completed, Status, Successfully Completed, Status, Successfully Completed, Status, Successfully Completed, Status, Successfully Completed, Status, Successfully Completed, Status, Successfully Completed, Status, Successfully Completed, Status, Successfully Completed, Status, Successfully Completed, Status, Successfully Completed, Status, Successfully Completed, Status, Successfully Completed, Status, Successfully Completed, Status, Successfully Completed, Status, Successfully Completed, Status, Successfully Completed, Status, Successfully Completed, Status, Successfully Completed, Status, Successfully Completed, Status, Successfully Completed, Status, Successfully Completed, Status, Successfully Completed, Status, Successfully Completed, Status, Successfully Completed, Status, Successfully Completed, Status, Successfully Completed, Status, Successfully Completed, Status, Successfully Completed, Status, Successfully Completed, Status, Successfully Completed, Status, Successfully Completed, Status, Successfully Completed, Status, Successfully Completed, Status, Successfully Completed, Status, Successfully Completed, Status, Successfully Completed, Status, Successfully Completed, Status, Successfully Completed, Status, Successfully Completed, Status, Successfully Completed, Status, Successfully Completed, Status, Successfully Completed, Status, Successfully Completed, Status, Successfully Completed, Status, Successfully Completed, Status, Successfully Completed, Status, Successfully Completed, Status, Successfully Completed, Status, Successfully Completed, Status, Successfully Completed, Status, Successfully Completed, Status, Successfully Completed, Status, Successfully Completed, Status, Successfully Completed, Status, Successfully Completed, Status, Successfully Completed, Status, Successfully Completed, Status, Successfully Completed, Status, Successfully Completed, Status, Successfully Completed, Status, Successfully Completed, Status, Successfully Completed, Status, Successfully Completed, Status, Successfully Completed, Status, Successfully Completed, Status, Successfully Completed, Status, Successfully Completed, Status, Successfully Completed, Status, Successfully Completed, Status, Successfully Completed, Status, Successfully Completed, Status, Successfully Completed, Status, Successfully Completed, Status, Successfully Completed, Status, Successfully Completed, Status, Successfully Completed, Status, Successfully Completed, Status, Successfully Completed, Status, Successfully Completed, Status, Successfully Completed, Status, Successfully Completed, Status, Successfully Completed, Status, Successfully Completed, Status, Successfully Completed, Status, Successfully Completed, Status, Successfully Completed, Status, Successfully Completed, Status, Successfully Completed, Status, Successfully Completed, Status, Successfully Completed, Status, Successfully Completed, Status, Successfully Completed, Status, Successfully Completed, Status, Successfully Completed, Status, Successfully Completed, Status, Successfully Completed, Status, Successfully Completed, Status, Successfully Completed, Status, Successfully Completed, Status, Successfully Completed, Status, Successfully Completed, Status, Successfully Completed, Status, Successfully Completed, Status, Successfully Completed, Status, Successfully Completed, Status, Successfully Completed, Status, Successfully Completed, Status, Successfully Completed, Status, Successfully Completed, Status, Successfully Completed, Status, Successfully Completed, Status, Successfully Completed, Status, Successfully Completed, Status, Successfully Completed, Status, Successfully Completed, Status, Successfully Completed, Status, Successfully Completed, Status, Successfully Completed, Status, Successfully Completed, Status, Successfully Completed, Status, Successfully Completed, Status, Successfully Completed, Status, Successfully Completed, Status, Successfully Completed, Status, Successfully Completed, Status, Successfully Completed, Status, Successfully Completed, Status, Successfully Completed, Status, Successfully Completed, Status, Successfully Completed, Status, Successfully Completed, Status, Successfully Completed, Status, Successfully Completed, Status, Successfully Completed, Status, Successfully Completed, Status, Successfully Completed, Status, Successfully Completed, Status, Successfully Completed, Status, Successfully Completed, Status, Successfully Completed, Status, Successfully Completed, Status, Successfully Completed, Status, Successfully Completed, Status, Successfully Completed, Status, Successfully Completed, Status, Successfully Completed, Status, Successfully Completed, Status, Successfully Completed, Status, Successfully Completed, Status, Successfully Completed, Status, Successfully Completed, Status, Successfully Completed, Status, Successfully Completed, Status, Successfully Completed, Status, Successfully Completed, Status, Successfully Completed, Status, Successfully Completed, Status, Successfully Completed, Status, Successfully Completed, Status, Successfully Completed, Status, Successfully Completed, Status, Successfully Completed, Status, Successfully Completed, Status, Successfully Completed, Status, Successfully Completed, Status, Successfully Completed, Status, Successfully Completed, Status, Successfully Completed, Status, Successfully Completed, Status, Successfully Completed, Status, Successfully Completed, Status, Successfully Completed, Status, Successfully Completed, Status, Successfully Completed, Status, Successfully Completed, Status, Successfully Completed, Status, Successfully Completed, Status, Successfully Completed, Status, Successfully Completed, Status, Successfully Completed, Status, Successfully Completed, Status, Successfully Completed, Status, Successfully Completed, Status, Successfully Completed, Status, Successfully Completed, Status, Successfully Completed, Status, Successfully Completed, Status, Successfully Completed, Status, Successfully Completed, Status, Successfully Completed, Status, Successfully Completed, Status, Successfully Completed, Status, Successfully Completed, Status, Successfully Completed]
[neelback4more@gmail.com, Subho1991*, Status, Successfully Completed, Status, Successfully Completed, Status, Successfully Completed, Status, Successfully Completed, Status, Successfully Completed, Status, Successfully Completed, Status, Successfully Completed, Status, Successfully Completed, Status, Successfully Completed, Status, Successfully Completed, Status, Successfully Completed, Status, Successfully Completed, Status, Successfully Completed, Status, Successfully Completed, Status, Successfully Completed, Status, Successfully Completed, Status, Successfully Completed, Status, Successfully Completed, Status, Successfully Completed, Status, Successfully Completed, Status, Successfully Completed, Status, Successfully Completed, Status, Successfully Completed, Status, Successfully Completed, Status, Successfully Completed, Status, Successfully Completed, Status, Successfully Completed, Status, Successfully Completed, Status, Successfully Completed, Status, Successfully Completed, Status, Successfully Completed, Status, Successfully Completed, Status, Successfully Completed, Status, Successfully Completed, Status, Successfully Completed, Status, Successfully Completed, Status, Successfully Completed, Status, Successfully Completed, Status, Successfully Completed, Status, Successfully Completed, Status, Successfully Completed, Status, Successfully Completed, Status, Successfully Completed, Status, Successfully Completed, Status, Successfully Completed, Status, Successfully Completed, Status, Successfully Completed, Status, Successfully Completed, Status, Successfully Completed, Status, Successfully Completed, Status, Successfully Completed, Status, Successfully Completed, Status, Successfully Completed, Status, Successfully Completed, Status, Successfully Completed, Status, Successfully Completed, Status, Successfully Completed, Status, Successfully Completed, Status, Successfully Completed, Status, Successfully Completed, Status, Successfully Completed, Status, Successfully Completed, Status, Successfully Completed, Status, Successfully Completed, Status, Successfully Completed, Status, Successfully Completed, Status, Successfully Completed, Status, Successfully Completed, Status, Successfully Completed, Status, Successfully Completed, Status, Successfully Completed, Status, Successfully Completed, Status, Successfully Completed, Status, Successfully Completed, Status, Successfully Completed, Status, Successfully Completed, Status, Successfully Completed, Status, Successfully Completed, Status, Successfully Completed, Status, Successfully Completed, Status, Successfully Completed, Status, Successfully Completed, Status, Successfully Completed, Status, Successfully Completed, Status, Successfully Completed, Status, Successfully Completed, Status, Successfully Completed, Status, Successfully Completed, Status, Successfully Completed, Status, Successfully Completed, Status, Successfully Completed, Status, Successfully Completed, Status, Successfully Completed, Status, Successfully Completed, Status, Successfully Completed, Status, Successfully Completed, Status, Successfully Completed, Status, Successfully Completed, Status, Successfully Completed, Status, Successfully Completed, Status, Successfully Completed, Status, Successfully Completed, Status, Successfully Completed, Status, Successfully Completed, Status, Successfully Completed, Status, Successfully Completed, Status, Successfully Completed, Status, Successfully Completed, Status, Successfully Completed, Status, Successfully Completed, Status, Successfully Completed, Status, Successfully Completed, Status, Successfully Completed, Status, Successfully Completed, Status, Successfully Completed, Status, Successfully Completed, Status, Successfully Completed, Status, Successfully Completed, Status, Successfully Completed, Status, Successfully Completed, Status, Successfully Completed, Status, Successfully Completed, Status, Successfully Completed, Status, Successfully Completed, Status, Successfully Completed, Status, Successfully Completed, Status, Successfully Completed, Status, Successfully Completed, Status, Successfully Completed, Status, Successfully Completed, Status, Successfully Completed, Status, Successfully Completed, Status, Successfully Completed, Status, Successfully Completed, Status, Successfully Completed, Status, Successfully Completed, Status, Successfully Completed, Status, Successfully Completed, Status, Successfully Completed, Status, Successfully Completed, Status, Successfully Completed, Status, Successfully Completed, Status, Successfully Completed, Status, Successfully Completed, Status, Successfully Completed, Status, Successfully Completed, Status, Successfully Completed, Status, Successfully Completed, Status, Successfully Completed, Status, Successfully Completed, Status, Successfully Completed, Status, Successfully Completed, Status, Successfully Completed, Status, Successfully Completed, Status, Successfully Completed, Status, Successfully Completed, Status, Successfully Completed, Status, Successfully Completed, Status, Successfully Completed, Status, Successfully Completed, Status, Successfully Completed, Status, Successfully Completed, Status, Successfully Completed, Status, Successfully Completed, Status, Successfully Completed, Status, Successfully Completed, Status, Successfully Completed, Status, Successfully Completed, Status, Successfully Completed, Status, Successfully Completed, Status, Successfully Completed, Status, Successfully Completed, Status, Successfully Completed, Status, Successfully Completed, Status, Successfully Completed, Status, Successfully Completed, Status, Successfully Completed, Status, Successfully Completed, Status, Successfully Completed, Status, Successfully Completed, Status, Successfully Completed, Status, Successfully Completed, Status, Successfully Completed, Status, Successfully Completed, Status, Successfully Completed, Status, Successfully Completed, Status, Successfully Completed, Status, Successfully Completed, Status, Successfully Completed, Status, Successfully Completed, Status, Successfully Completed, Status, Successfully Completed, Status, Successfully Completed, Status, Successfully Completed, Status, Successfully Completed, Status, Successfully Completed, Status, Successfully Completed, Status, Successfully Completed, Status, Successfully Completed, Status, Successfully Completed, Status, Successfully Completed, Status, Successfully Completed, Status, Successfully Completed, Status, Successfully Completed, Status, Successfully Completed, Status, Successfully Completed, Status, Successfully Completed, Status, Successfully Completed, Status, Successfully Completed, Status, Successfully Completed, Status, Successfully Completed, Status, Successfully Completed, Status, Successfully Completed, Status, Successfully Completed, Status, Successfully Completed, Status, Successfully Completed, Status, Successfully Completed, Status, Successfully Completed, Status, Successfully Completed, Status, Successfully Completed, Status, Successfully Completed, Status, Successfully Completed, Status, Successfully Completed, Status, Successfully Completed, Status, Successfully Completed, Status, Successfully Completed, Status, Successfully Completed, Status, Successfully Completed, Status, Successfully Completed, Status, Successfully Completed, Status, Successfully Completed, Status, Successfully Completed, Status, Successfully Completed, Status, Successfully Completed, Status, Successfully Completed, Status, Successfully Completed, Status, Successfully Completed, Status, Successfully Completed, Status, Successfully Completed, Status, Successfully Completed, Status, Successfully Completed, Status, Successfully Completed, Status, Successfully Completed, Status, Successfully Completed, Status, Successfully Completed, Status, Successfully Completed, Status, Successfully Completed, Status, Successfully Completed, Status, Successfully Completed, Status, Successfully Completed, Status]
[neelback4more@gmail.com, Subho1991*, Status, Successfully Completed, Status, Successfully Completed, Status, Successfully Completed, Status, Successfully Completed, Status, Successfully Completed, Status, Successfully Completed, Status, Successfully Completed, Status, Successfully Completed, Status, Successfully Completed, Status, Successfully Completed, Status, Successfully Completed, Status, Successfully Completed, Status, Successfully Completed, Status, Successfully Completed, Status, Successfully Completed, Status, Successfully Completed, Status, Successfully Completed, Status, Successfully Completed, Status, Successfully Completed, Status, Successfully Completed, Status, Successfully Completed, Status, Successfully Completed, Status, Successfully Completed, Status, Successfully Completed, Status, Successfully Completed, Status, Successfully Completed, Status, Successfully Completed, Status, Successfully Completed, Status, Successfully Completed, Status, Successfully Completed, Status, Successfully Completed, Status, Successfully Completed, Status, Successfully Completed, Status, Successfully Completed, Status, Successfully Completed, Status, Successfully Completed, Status, Successfully Completed, Status, Successfully Completed, Status, Successfully Completed, Status, Successfully Completed, Status, Successfully Completed, Status, Successfully Completed, Status, Successfully Completed, Status, Successfully Completed, Status, Successfully Completed, Status, Successfully Completed, Status, Successfully Completed, Status, Successfully Completed, Status, Successfully Completed, Status, Successfully Completed, Status, Successfully Completed, Status, Successfully Completed, Status, Successfully Completed, Status, Successfully Completed, Status, Successfully Completed, Status, Successfully Completed, Status, Successfully Completed, Status, Successfully Completed, Status, Successfully Completed, Status, Successfully Completed, Status, Successfully Completed, Status, Successfully Completed, Status, Successfully Completed, Status, Successfully Completed, Status, Successfully Completed, Status, Successfully Completed, Status, Successfully Completed, Status, Successfully Completed, Status, Successfully Completed, Status, Successfully Completed, Status, Successfully Completed, Status, Successfully Completed, Status, Successfully Completed, Status, Successfully Completed, Status, Successfully Completed, Status, Successfully Completed, Status, Successfully Completed, Status, Successfully Completed, Status, Successfully Completed, Status, Successfully Completed, Status, Successfully Completed, Status, Successfully Completed, Status, Successfully Completed, Status, Successfully Completed, Status, Successfully Completed, Status, Successfully Completed, Status, Successfully Completed, Status, Successfully Completed, Status, Successfully Completed, Status, Successfully Completed, Status, Successfully Completed, Status, Successfully Completed, Status, Successfully Completed, Status, Successfully Completed, Status, Successfully Completed, Status, Successfully Completed, Status, Successfully Completed, Status, Successfully Completed, Status, Successfully Completed, Status, Successfully Completed, Status, Successfully Completed, Status, Successfully Completed, Status, Successfully Completed, Status, Successfully Completed, Status, Successfully Completed, Status, Successfully Completed, Status, Successfully Completed, Status, Successfully Completed, Status, Successfully Completed, Status, Successfully Completed, Status, Successfully Completed, Status, Successfully Completed, Status, Successfully Completed, Status, Successfully Completed, Status, Successfully Completed, Status, Successfully Completed, Status, Successfully Completed, Status, Successfully Completed, Status, Successfully Completed, Status, Successfully Completed, Status, Successfully Completed, Status, Successfully Completed, Status, Successfully Completed, Status, Successfully Completed, Status, Successfully Completed, Status, Successfully Completed, Status, Successfully Completed, Status, Successfully Completed, Status, Successfully Completed, Status, Successfully Completed, Status, Successfully Completed, Status, Successfully Completed, Status, Successfully Completed, Status, Successfully Completed, Status, Successfully Completed, Status, Successfully Completed, Status, Successfully Completed, Status, Successfully Completed, Status, Successfully Completed, Status, Successfully Completed, Status, Successfully Completed, Status, Successfully Completed, Status, Successfully Completed, Status, Successfully Completed, Status, Successfully Completed, Status, Successfully Completed, Status, Successfully Completed, Status, Successfully Completed, Status, Successfully Completed, Status, Successfully Completed, Status, Successfully Completed, Status, Successfully Completed, Status, Successfully Completed, Status, Successfully Completed, Status, Successfully Completed, Status, Successfully Completed, Status, Successfully Completed, Status, Successfully Completed, Status, Successfully Completed, Status, Successfully Completed, Status, Successfully Completed, Status, Successfully Completed, Status, Successfully Completed, Status, Successfully Completed, Status, Successfully Completed, Status, Successfully Completed, Status, Successfully Completed, Status, Successfully Completed, Status, Successfully Completed, Status, Successfully Completed, Status, Successfully Completed, Status, Successfully Completed, Status, Successfully Completed, Status, Successfully Completed, Status, Successfully Completed, Status, Successfully Completed, Status, Successfully Completed, Status, Successfully Completed, Status, Successfully Completed, Status, Successfully Completed, Status, Successfully Completed, Status, Successfully Completed, Status, Successfully Completed, Status, Successfully Completed, Status, Successfully Completed, Status, Successfully Completed, Status, Successfully Completed, Status, Successfully Completed, Status, Successfully Completed, Status, Successfully Completed, Status, Successfully Completed, Status, Successfully Completed, Status, Successfully Completed, Status, Successfully Completed, Status, Successfully Completed, Status, Successfully Completed, Status, Successfully Completed, Status, Successfully Completed, Status, Successfully Completed, Status, Successfully Completed, Status, Successfully Completed, Status, Successfully Completed, Status, Successfully Completed, Status, Successfully Completed, Status, Successfully Completed, Status, Successfully Completed, Status, Successfully Completed, Status, Successfully Completed, Status, Successfully Completed, Status, Successfully Completed, Status, Successfully Completed, Status, Successfully Completed, Status, Successfully Completed, Status, Successfully Completed, Status, Successfully Completed, Status, Successfully Completed, Status, Successfully Completed, Status, Successfully Completed, Status, Successfully Completed, Status, Successfully Completed, Status, Successfully Completed, Status, Successfully Completed, Status, Successfully Completed, Status, Successfully Completed, Status, Successfully Completed, Status, Successfully Completed, Status, Successfully Completed, Status, Successfully Completed, Status, Successfully Completed, Status, Successfully Completed, Status, Successfully Completed, Status, Successfully Completed, Status, Successfully Completed, Status, Successfully Completed, Status, Successfully Completed, Status, Successfully Completed, Status, Successfully Completed, Status, Successfully Completed, Status, Successfully Completed, Status, Successfully Completed, Status, Successfully Completed, Status, Successfully Completed, Status, Successfully Completed, Status, Successfully Completed, Status, Successfully Completed, Status, Successfully Completed, Status, Successfully Completed, Status, Successfully Completed, Status, Successfully Completed, Status, Successfully Completed, Status, Successfully Completed]
[neelback4more@gmail.com, Subho1991*, Status, Successfully Completed, Status, Successfully Completed, Status, Successfully Completed, Status, Successfully Completed, Status, Successfully Completed, Status, Successfully Completed, Status, Successfully Completed, Status, Successfully Completed, Status, Successfully Completed, Status, Successfully Completed, Status, Successfully Completed, Status, Successfully Completed, Status, Successfully Completed, Status, Successfully Completed, Status, Successfully Completed, Status, Successfully Completed, Status, Successfully Completed, Status, Successfully Completed, Status, Successfully Completed, Status, Successfully Completed, Status, Successfully Completed, Status, Successfully Completed, Status, Successfully Completed, Status, Successfully Completed, Status, Successfully Completed, Status, Successfully Completed, Status, Successfully Completed, Status, Successfully Completed, Status, Successfully Completed, Status, Successfully Completed, Status, Successfully Completed, Status, Successfully Completed, Status, Successfully Completed, Status, Successfully Completed, Status, Successfully Completed, Status, Successfully Completed, Status, Successfully Completed, Status, Successfully Completed, Status, Successfully Completed, Status, Successfully Completed, Status, Successfully Completed, Status, Successfully Completed, Status, Successfully Completed, Status, Successfully Completed, Status, Successfully Completed, Status, Successfully Completed, Status, Successfully Completed, Status, Successfully Completed, Status, Successfully Completed, Status, Successfully Completed, Status, Successfully Completed, Status, Successfully Completed, Status, Successfully Completed, Status, Successfully Completed, Status, Successfully Completed, Status, Successfully Completed, Status, Successfully Completed, Status, Successfully Completed, Status, Successfully Completed, Status, Successfully Completed, Status, Successfully Completed, Status, Successfully Completed, Status, Successfully Completed, Status, Successfully Completed, Status, Successfully Completed, Status, Successfully Completed, Status, Successfully Completed, Status, Successfully Completed, Status, Successfully Completed, Status, Successfully Completed, Status, Successfully Completed, Status, Successfully Completed, Status, Successfully Completed, Status, Successfully Completed, Status, Successfully Completed, Status, Successfully Completed, Status, Successfully Completed, Status, Successfully Completed, Status, Successfully Completed, Status, Successfully Completed, Status, Successfully Completed, Status, Successfully Completed, Status, Successfully Completed, Status, Successfully Completed, Status, Successfully Completed, Status, Successfully Completed, Status, Successfully Completed, Status, Successfully Completed, Status, Successfully Completed, Status, Successfully Completed, Status, Successfully Completed, Status, Successfully Completed, Status, Successfully Completed, Status, Successfully Completed, Status, Successfully Completed, Status, Successfully Completed, Status, Successfully Completed, Status, Successfully Completed, Status, Successfully Completed, Status, Successfully Completed, Status, Successfully Completed, Status, Successfully Completed, Status, Successfully Completed, Status, Successfully Completed, Status, Successfully Completed, Status, Successfully Completed, Status, Successfully Completed, Status, Successfully Completed, Status, Successfully Completed, Status, Successfully Completed, Status, Successfully Completed, Status, Successfully Completed, Status, Successfully Completed, Status, Successfully Completed, Status, Successfully Completed, Status, Successfully Completed, Status, Successfully Completed, Status, Successfully Completed, Status, Successfully Completed, Status, Successfully Completed, Status, Successfully Completed, Status, Successfully Completed, Status, Successfully Completed, Status, Successfully Completed, Status, Successfully Completed, Status, Successfully Completed, Status, Successfully Completed, Status, Successfully Completed, Status, Successfully Completed, Status, Successfully Completed, Status, Successfully Completed, Status, Successfully Completed, Status, Successfully Completed, Status, Successfully Completed, Status, Successfully Completed, Status, Successfully Completed, Status, Successfully Completed, Status, Successfully Completed, Status, Successfully Completed, Status, Successfully Completed, Status, Successfully Completed, Status, Successfully Completed, Status, Successfully Completed, Status, Successfully Completed, Status, Successfully Completed, Status, Successfully Completed, Status, Successfully Completed, Status, Successfully Completed, Status, Successfully Completed, Status, Successfully Completed, Status, Successfully Completed, Status, Successfully Completed, Status, Successfully Completed, Status, Successfully Completed, Status, Successfully Completed, Status, Successfully Completed, Status, Successfully Completed, Status, Successfully Completed, Status, Successfully Completed, Status, Successfully Completed, Status, Successfully Completed, Status, Successfully Completed, Status, Successfully Completed, Status, Successfully Completed, Status, Successfully Completed, Status, Successfully Completed, Status, Successfully Completed, Status, Successfully Completed, Status, Successfully Completed, Status, Successfully Completed, Status, Successfully Completed, Status, Successfully Completed, Status, Successfully Completed, Status, Successfully Completed, Status, Successfully Completed, Status, Successfully Completed, Status, Successfully Completed, Status, Successfully Completed, Status, Successfully Completed, Status, Successfully Completed, Status, Successfully Completed, Status, Successfully Completed, Status, Successfully Completed, Status, Successfully Completed, Status, Successfully Completed, Status, Successfully Completed, Status, Successfully Completed, Status, Successfully Completed, Status, Successfully Completed, Status, Successfully Completed, Status, Successfully Completed, Status, Successfully Completed, Status, Successfully Completed, Status, Successfully Completed, Status, Successfully Completed, Status, Successfully Completed, Status, Successfully Completed, Status, Successfully Completed, Status, Successfully Completed, Status, Successfully Completed, Status, Successfully Completed, Status, Successfully Completed, Status, Successfully Completed, Status, Successfully Completed, Status, Successfully Completed, Status, Successfully Completed, Status, Successfully Completed, Status, Successfully Completed, Status, Successfully Completed, Status, Successfully Completed, Status, Successfully Completed, Status, Successfully Completed, Status, Successfully Completed, Status, Successfully Completed, Status, Successfully Completed, Status, Successfully Completed, Status, Successfully Completed, Status, Successfully Completed, Status, Successfully Completed, Status, Successfully Completed, Status, Successfully Completed, Status, Successfully Completed, Status, Successfully Completed, Status, Successfully Completed, Status, Successfully Completed, Status, Successfully Completed, Status, Successfully Completed, Status, Successfully Completed, Status, Successfully Completed, Status, Successfully Completed, Status, Successfully Completed, Status, Successfully Completed, Status, Successfully Completed, Status, Successfully Completed, Status, Successfully Completed, Status, Successfully Completed, Status, Successfully Completed, Status, Successfully Completed, Status, Successfully Completed, Status, Successfully Completed, Status, Successfully Completed, Status, Successfully Completed, Status, Successfully Completed, Status, Successfully Completed, Status, Successfully Completed, Status, Successfully Completed, Status, Successfully Completed, Status, Successfully Completed, Status, Successfully Completed, Status, Successfully Completed, Status, Successfully Completed, Status]
[neelback4more@gmail.com, Subho1991*, Status, Successfully Completed, Status, Successfully Completed, Status, Successfully Completed, Status, Successfully Completed, Status, Successfully Completed, Status, Successfully Completed, Status, Successfully Completed, Status, Successfully Completed, Status, Successfully Completed, Status, Successfully Completed, Status, Successfully Completed, Status, Successfully Completed, Status, Successfully Completed, Status, Successfully Completed, Status, Successfully Completed, Status, Successfully Completed, Status, Successfully Completed, Status, Successfully Completed, Status, Successfully Completed, Status, Successfully Completed, Status, Successfully Completed, Status, Successfully Completed, Status, Successfully Completed, Status, Successfully Completed, Status, Successfully Completed, Status, Successfully Completed, Status, Successfully Completed, Status, Successfully Completed, Status, Successfully Completed, Status, Successfully Completed, Status, Successfully Completed, Status, Successfully Completed, Status, Successfully Completed, Status, Successfully Completed, Status, Successfully Completed, Status, Successfully Completed, Status, Successfully Completed, Status, Successfully Completed, Status, Successfully Completed, Status, Successfully Completed, Status, Successfully Completed, Status, Successfully Completed, Status, Successfully Completed, Status, Successfully Completed, Status, Successfully Completed, Status, Successfully Completed, Status, Successfully Completed, Status, Successfully Completed, Status, Successfully Completed, Status, Successfully Completed, Status, Successfully Completed, Status, Successfully Completed, Status, Successfully Completed, Status, Successfully Completed, Status, Successfully Completed, Status, Successfully Completed, Status, Successfully Completed, Status, Successfully Completed, Status, Successfully Completed, Status, Successfully Completed, Status, Successfully Completed, Status, Successfully Completed, Status, Successfully Completed, Status, Successfully Completed, Status, Successfully Completed, Status, Successfully Completed, Status, Successfully Completed, Status, Successfully Completed, Status, Successfully Completed, Status, Successfully Completed, Status, Successfully Completed, Status, Successfully Completed, Status, Successfully Completed, Status, Successfully Completed, Status, Successfully Completed, Status, Successfully Completed, Status, Successfully Completed, Status, Successfully Completed, Status, Successfully Completed, Status, Successfully Completed, Status, Successfully Completed, Status, Successfully Completed, Status, Successfully Completed, Status, Successfully Completed, Status, Successfully Completed, Status, Successfully Completed, Status, Successfully Completed, Status, Successfully Completed, Status, Successfully Completed, Status, Successfully Completed, Status, Successfully Completed, Status, Successfully Completed, Status, Successfully Completed, Status, Successfully Completed, Status, Successfully Completed, Status, Successfully Completed, Status, Successfully Completed, Status, Successfully Completed, Status, Successfully Completed, Status, Successfully Completed, Status, Successfully Completed, Status, Successfully Completed, Status, Successfully Completed, Status, Successfully Completed, Status, Successfully Completed, Status, Successfully Completed, Status, Successfully Completed, Status, Successfully Completed, Status, Successfully Completed, Status, Successfully Completed, Status, Successfully Completed, Status, Successfully Completed, Status, Successfully Completed, Status, Successfully Completed, Status, Successfully Completed, Status, Successfully Completed, Status, Successfully Completed, Status, Successfully Completed, Status, Successfully Completed, Status, Successfully Completed, Status, Successfully Completed, Status, Successfully Completed, Status, Successfully Completed, Status, Successfully Completed, Status, Successfully Completed, Status, Successfully Completed, Status, Successfully Completed, Status, Successfully Completed, Status, Successfully Completed, Status, Successfully Completed, Status, Successfully Completed, Status, Successfully Completed, Status, Successfully Completed, Status, Successfully Completed, Status, Successfully Completed, Status, Successfully Completed, Status, Successfully Completed, Status, Successfully Completed, Status, Successfully Completed, Status, Successfully Completed, Status, Successfully Completed, Status, Successfully Completed, Status, Successfully Completed, Status, Successfully Completed, Status, Successfully Completed, Status, Successfully Completed, Status, Successfully Completed, Status, Successfully Completed, Status, Successfully Completed, Status, Successfully Completed, Status, Successfully Completed, Status, Successfully Completed, Status, Successfully Completed, Status, Successfully Completed, Status, Successfully Completed, Status, Successfully Completed, Status, Successfully Completed, Status, Successfully Completed, Status, Successfully Completed, Status, Successfully Completed, Status, Successfully Completed, Status, Successfully Completed, Status, Successfully Completed, Status, Successfully Completed, Status, Successfully Completed, Status, Successfully Completed, Status, Successfully Completed, Status, Successfully Completed, Status, Successfully Completed, Status, Successfully Completed, Status, Successfully Completed, Status, Successfully Completed, Status, Successfully Completed, Status, Successfully Completed, Status, Successfully Completed, Status, Successfully Completed, Status, Successfully Completed, Status, Successfully Completed, Status, Successfully Completed, Status, Successfully Completed, Status, Successfully Completed, Status, Successfully Completed, Status, Successfully Completed, Status, Successfully Completed, Status, Successfully Completed, Status, Successfully Completed, Status, Successfully Completed, Status, Successfully Completed, Status, Successfully Completed, Status, Successfully Completed, Status, Successfully Completed, Status, Successfully Completed, Status, Successfully Completed, Status, Successfully Completed, Status, Successfully Completed, Status, Successfully Completed, Status, Successfully Completed, Status, Successfully Completed, Status, Successfully Completed, Status, Successfully Completed, Status, Successfully Completed, Status, Successfully Completed, Status, Successfully Completed, Status, Successfully Completed, Status, Successfully Completed, Status, Successfully Completed, Status, Successfully Completed, Status, Successfully Completed, Status, Successfully Completed, Status, Successfully Completed, Status, Successfully Completed, Status, Successfully Completed, Status, Successfully Completed, Status, Successfully Completed, Status, Successfully Completed, Status, Successfully Completed, Status, Successfully Completed, Status, Successfully Completed, Status, Successfully Completed, Status, Successfully Completed, Status, Successfully Completed, Status, Successfully Completed, Status, Successfully Completed, Status, Successfully Completed, Status, Successfully Completed, Status, Successfully Completed, Status, Successfully Completed, Status, Successfully Completed, Status, Successfully Completed, Status, Successfully Completed, Status, Successfully Completed, Status, Successfully Completed, Status, Successfully Completed, Status, Successfully Completed, Status, Successfully Completed, Status, Successfully Completed, Status, Successfully Completed, Status, Successfully Completed, Status, Successfully Completed, Status, Successfully Completed, Status, Successfully Completed, Status, Successfully Completed, Status, Successfully Completed, Status, Successfully Completed, Status, Successfully Completed, Status, Successfully Completed, Status, Successfully Completed, Status, Successfully Completed, Status, Successfully Completed, Status, Successfully Completed, Status, Successfully Completed, Status, Successfully Completed]
[neelback4more@gmail.com, Subho1991*, Status, Successfully Completed, Status, Successfully Completed, Status, Successfully Completed, Status, Successfully Completed, Status, Successfully Completed, Status, Successfully Completed, Status, Successfully Completed, Status, Successfully Completed, Status, Successfully Completed, Status, Successfully Completed, Status, Successfully Completed, Status, Successfully Completed, Status, Successfully Completed, Status, Successfully Completed, Status, Successfully Completed, Status, Successfully Completed, Status, Successfully Completed, Status, Successfully Completed, Status, Successfully Completed, Status, Successfully Completed, Status, Successfully Completed, Status, Successfully Completed, Status, Successfully Completed, Status, Successfully Completed, Status, Successfully Completed, Status, Successfully Completed, Status, Successfully Completed, Status, Successfully Completed, Status, Successfully Completed, Status, Successfully Completed, Status, Successfully Completed, Status, Successfully Completed, Status, Successfully Completed, Status, Successfully Completed, Status, Successfully Completed, Status, Successfully Completed, Status, Successfully Completed, Status, Successfully Completed, Status, Successfully Completed, Status, Successfully Completed, Status, Successfully Completed, Status, Successfully Completed, Status, Successfully Completed, Status, Successfully Completed, Status, Successfully Completed, Status, Successfully Completed, Status, Successfully Completed, Status, Successfully Completed, Status, Successfully Completed, Status, Successfully Completed, Status, Successfully Completed, Status, Successfully Completed, Status, Successfully Completed, Status, Successfully Completed, Status, Successfully Completed, Status, Successfully Completed, Status, Successfully Completed, Status, Successfully Completed, Status, Successfully Completed, Status, Successfully Completed, Status, Successfully Completed, Status, Successfully Completed, Status, Successfully Completed, Status, Successfully Completed, Status, Successfully Completed, Status, Successfully Completed, Status, Successfully Completed, Status, Successfully Completed, Status, Successfully Completed, Status, Successfully Completed, Status, Successfully Completed, Status, Successfully Completed, Status, Successfully Completed, Status, Successfully Completed, Status, Successfully Completed, Status, Successfully Completed, Status, Successfully Completed, Status, Successfully Completed, Status, Successfully Completed, Status, Successfully Completed, Status, Successfully Completed, Status, Successfully Completed, Status, Successfully Completed, Status, Successfully Completed, Status, Successfully Completed, Status, Successfully Completed, Status, Successfully Completed, Status, Successfully Completed, Status, Successfully Completed, Status, Successfully Completed, Status, Successfully Completed, Status, Successfully Completed, Status, Successfully Completed, Status, Successfully Completed, Status, Successfully Completed, Status, Successfully Completed, Status, Successfully Completed, Status, Successfully Completed, Status, Successfully Completed, Status, Successfully Completed, Status, Successfully Completed, Status, Successfully Completed, Status, Successfully Completed, Status, Successfully Completed, Status, Successfully Completed, Status, Successfully Completed, Status, Successfully Completed, Status, Successfully Completed, Status, Successfully Completed, Status, Successfully Completed, Status, Successfully Completed, Status, Successfully Completed, Status, Successfully Completed, Status, Successfully Completed, Status, Successfully Completed, Status, Successfully Completed, Status, Successfully Completed, Status, Successfully Completed, Status, Successfully Completed, Status, Successfully Completed, Status, Successfully Completed, Status, Successfully Completed, Status, Successfully Completed, Status, Successfully Completed, Status, Successfully Completed, Status, Successfully Completed, Status, Successfully Completed, Status, Successfully Completed, Status, Successfully Completed, Status, Successfully Completed, Status, Successfully Completed, Status, Successfully Completed, Status, Successfully Completed, Status, Successfully Completed, Status, Successfully Completed, Status, Successfully Completed, Status, Successfully Completed, Status, Successfully Completed, Status, Successfully Completed, Status, Successfully Completed, Status, Successfully Completed, Status, Successfully Completed, Status, Successfully Completed, Status, Successfully Completed, Status, Successfully Completed, Status, Successfully Completed, Status, Successfully Completed, Status, Successfully Completed, Status, Successfully Completed, Status, Successfully Completed, Status, Successfully Completed, Status, Successfully Completed, Status, Successfully Completed, Status, Successfully Completed, Status, Successfully Completed, Status, Successfully Completed, Status, Successfully Completed, Status, Successfully Completed, Status, Successfully Completed, Status, Successfully Completed, Status, Successfully Completed, Status, Successfully Completed, Status, Successfully Completed, Status, Successfully Completed, Status, Successfully Completed, Status, Successfully Completed, Status, Successfully Completed, Status, Successfully Completed, Status, Successfully Completed, Status, Successfully Completed, Status, Successfully Completed, Status, Successfully Completed, Status, Successfully Completed, Status, Successfully Completed, Status, Successfully Completed, Status, Successfully Completed, Status, Successfully Completed, Status, Successfully Completed, Status, Successfully Completed, Status, Successfully Completed, Status, Successfully Completed, Status, Successfully Completed, Status, Successfully Completed, Status, Successfully Completed, Status, Successfully Completed, Status, Successfully Completed, Status, Successfully Completed, Status, Successfully Completed, Status, Successfully Completed, Status, Successfully Completed, Status, Successfully Completed, Status, Successfully Completed, Status, Successfully Completed, Status, Successfully Completed, Status, Successfully Completed, Status, Successfully Completed, Status, Successfully Completed, Status, Successfully Completed, Status, Successfully Completed, Status, Successfully Completed, Status, Successfully Completed, Status, Successfully Completed, Status, Successfully Completed, Status, Successfully Completed, Status, Successfully Completed, Status, Successfully Completed, Status, Successfully Completed, Status, Successfully Completed, Status, Successfully Completed, Status, Successfully Completed, Status, Successfully Completed, Status, Successfully Completed, Status, Successfully Completed, Status, Successfully Completed, Status, Successfully Completed, Status, Successfully Completed, Status, Successfully Completed, Status, Successfully Completed, Status, Successfully Completed, Status, Successfully Completed, Status, Successfully Completed, Status, Successfully Completed, Status, Successfully Completed, Status, Successfully Completed, Status, Successfully Completed, Status, Successfully Completed, Status, Successfully Completed, Status, Successfully Completed, Status, Successfully Completed, Status, Successfully Completed, Status, Successfully Completed, Status, Successfully Completed, Status, Successfully Completed, Status, Successfully Completed, Status, Successfully Completed, Status, Successfully Completed, Status, Successfully Completed, Status, Successfully Completed, Status, Successfully Completed, Status, Successfully Completed, Status, Successfully Completed, Status, Successfully Completed, Status, Successfully Completed, Status, Successfully Completed, Status, Successfully Completed, Status, Successfully Completed, Status, Successfully Completed, Status, Successfully Completed, Status, Successfully Completed, Status, Successfully Completed, Status, Successfully Completed, Status, Successfully Completed, Status]
[neelback4more@gmail.com, Subho1991*, Status, Successfully Completed, Status, Successfully Completed, Status, Successfully Completed, Status, Successfully Completed, Status, Successfully Completed, Status, Successfully Completed, Status, Successfully Completed, Status, Successfully Completed, Status, Successfully Completed, Status, Successfully Completed, Status, Successfully Completed, Status, Successfully Completed, Status, Successfully Completed, Status, Successfully Completed, Status, Successfully Completed, Status, Successfully Completed, Status, Successfully Completed, Status, Successfully Completed, Status, Successfully Completed, Status, Successfully Completed, Status, Successfully Completed, Status, Successfully Completed, Status, Successfully Completed, Status, Successfully Completed, Status, Successfully Completed, Status, Successfully Completed, Status, Successfully Completed, Status, Successfully Completed, Status, Successfully Completed, Status, Successfully Completed, Status, Successfully Completed, Status, Successfully Completed, Status, Successfully Completed, Status, Successfully Completed, Status, Successfully Completed, Status, Successfully Completed, Status, Successfully Completed, Status, Successfully Completed, Status, Successfully Completed, Status, Successfully Completed, Status, Successfully Completed, Status, Successfully Completed, Status, Successfully Completed, Status, Successfully Completed, Status, Successfully Completed, Status, Successfully Completed, Status, Successfully Completed, Status, Successfully Completed, Status, Successfully Completed, Status, Successfully Completed, Status, Successfully Completed, Status, Successfully Completed, Status, Successfully Completed, Status, Successfully Completed, Status, Successfully Completed, Status, Successfully Completed, Status, Successfully Completed, Status, Successfully Completed, Status, Successfully Completed, Status, Successfully Completed, Status, Successfully Completed, Status, Successfully Completed, Status, Successfully Completed, Status, Successfully Completed, Status, Successfully Completed, Status, Successfully Completed, Status, Successfully Completed, Status, Successfully Completed, Status, Successfully Completed, Status, Successfully Completed, Status, Successfully Completed, Status, Successfully Completed, Status, Successfully Completed, Status, Successfully Completed, Status, Successfully Completed, Status, Successfully Completed, Status, Successfully Completed, Status, Successfully Completed, Status, Successfully Completed, Status, Successfully Completed, Status, Successfully Completed, Status, Successfully Completed, Status, Successfully Completed, Status, Successfully Completed, Status, Successfully Completed, Status, Successfully Completed, Status, Successfully Completed, Status, Successfully Completed, Status, Successfully Completed, Status, Successfully Completed, Status, Successfully Completed, Status, Successfully Completed, Status, Successfully Completed, Status, Successfully Completed, Status, Successfully Completed, Status, Successfully Completed, Status, Successfully Completed, Status, Successfully Completed, Status, Successfully Completed, Status, Successfully Completed, Status, Successfully Completed, Status, Successfully Completed, Status, Successfully Completed, Status, Successfully Completed, Status, Successfully Completed, Status, Successfully Completed, Status, Successfully Completed, Status, Successfully Completed, Status, Successfully Completed, Status, Successfully Completed, Status, Successfully Completed, Status, Successfully Completed, Status, Successfully Completed, Status, Successfully Completed, Status, Successfully Completed, Status, Successfully Completed, Status, Successfully Completed, Status, Successfully Completed, Status, Successfully Completed, Status, Successfully Completed, Status, Successfully Completed, Status, Successfully Completed, Status, Successfully Completed, Status, Successfully Completed, Status, Successfully Completed, Status, Successfully Completed, Status, Successfully Completed, Status, Successfully Completed, Status, Successfully Completed, Status, Successfully Completed, Status, Successfully Completed, Status, Successfully Completed, Status, Successfully Completed, Status, Successfully Completed, Status, Successfully Completed, Status, Successfully Completed, Status, Successfully Completed, Status, Successfully Completed, Status, Successfully Completed, Status, Successfully Completed, Status, Successfully Completed, Status, Successfully Completed, Status, Successfully Completed, Status, Successfully Completed, Status, Successfully Completed, Status, Successfully Completed, Status, Successfully Completed, Status, Successfully Completed, Status, Successfully Completed, Status, Successfully Completed, Status, Successfully Completed, Status, Successfully Completed, Status, Successfully Completed, Status, Successfully Completed, Status, Successfully Completed, Status, Successfully Completed, Status, Successfully Completed, Status, Successfully Completed, Status, Successfully Completed, Status, Successfully Completed, Status, Successfully Completed, Status, Successfully Completed, Status, Successfully Completed, Status, Successfully Completed, Status, Successfully Completed, Status, Successfully Completed, Status, Successfully Completed, Status, Successfully Completed, Status, Successfully Completed, Status, Successfully Completed, Status, Successfully Completed, Status, Successfully Completed, Status, Successfully Completed, Status, Successfully Completed, Status, Successfully Completed, Status, Successfully Completed, Status, Successfully Completed, Status, Successfully Completed, Status, Successfully Completed, Status, Successfully Completed, Status, Successfully Completed, Status, Successfully Completed, Status, Successfully Completed, Status, Successfully Completed, Status, Successfully Completed, Status, Successfully Completed, Status, Successfully Completed, Status, Successfully Completed, Status, Successfully Completed, Status, Successfully Completed, Status, Successfully Completed, Status, Successfully Completed, Status, Successfully Completed, Status, Successfully Completed, Status, Successfully Completed, Status, Successfully Completed, Status, Successfully Completed, Status, Successfully Completed, Status, Successfully Completed, Status, Successfully Completed, Status, Successfully Completed, Status, Successfully Completed, Status, Successfully Completed, Status, Successfully Completed, Status, Successfully Completed, Status, Successfully Completed, Status, Successfully Completed, Status, Successfully Completed, Status, Successfully Completed, Status, Successfully Completed, Status, Successfully Completed, Status, Successfully Completed, Status, Successfully Completed, Status, Successfully Completed, Status, Successfully Completed, Status, Successfully Completed, Status, Successfully Completed, Status, Successfully Completed, Status, Successfully Completed, Status, Successfully Completed, Status, Successfully Completed, Status, Successfully Completed, Status, Successfully Completed, Status, Successfully Completed, Status, Successfully Completed, Status, Successfully Completed, Status, Successfully Completed, Status, Successfully Completed, Status, Successfully Completed, Status, Successfully Completed, Status, Successfully Completed, Status, Successfully Completed, Status, Successfully Completed, Status, Successfully Completed, Status, Successfully Completed, Status, Successfully Completed, Status, Successfully Completed, Status, Successfully Completed, Status, Successfully Completed, Status, Successfully Completed, Status, Successfully Completed, Status, Successfully Completed, Status, Successfully Completed, Status, Successfully Completed, Status, Successfully Completed, Status, Successfully Completed, Status, Successfully Completed, Status, Successfully Completed, Status, Successfully Completed, Status, Successfully Completed, Status, Successfully Completed, Status, Successfully Completed, Status, Successfully Completed]
[neelback4more@gmail.com, Subho1991*, Status, Successfully Completed, Status, Successfully Completed, Status, Successfully Completed, Status, Successfully Completed, Status, Successfully Completed, Status, Successfully Completed, Status, Successfully Completed, Status, Successfully Completed, Status, Successfully Completed, Status, Successfully Completed, Status, Successfully Completed, Status, Successfully Completed, Status, Successfully Completed, Status, Successfully Completed, Status, Successfully Completed, Status, Successfully Completed, Status, Successfully Completed, Status, Successfully Completed, Status, Successfully Completed, Status, Successfully Completed, Status, Successfully Completed, Status, Successfully Completed, Status, Successfully Completed, Status, Successfully Completed, Status, Successfully Completed, Status, Successfully Completed, Status, Successfully Completed, Status, Successfully Completed, Status, Successfully Completed, Status, Successfully Completed, Status, Successfully Completed, Status, Successfully Completed, Status, Successfully Completed, Status, Successfully Completed, Status, Successfully Completed, Status, Successfully Completed, Status, Successfully Completed, Status, Successfully Completed, Status, Successfully Completed, Status, Successfully Completed, Status, Successfully Completed, Status, Successfully Completed, Status, Successfully Completed, Status, Successfully Completed, Status, Successfully Completed, Status, Successfully Completed, Status, Successfully Completed, Status, Successfully Completed, Status, Successfully Completed, Status, Successfully Completed, Status, Successfully Completed, Status, Successfully Completed, Status, Successfully Completed, Status, Successfully Completed, Status, Successfully Completed, Status, Successfully Completed, Status, Successfully Completed, Status, Successfully Completed, Status, Successfully Completed, Status, Successfully Completed, Status, Successfully Completed, Status, Successfully Completed, Status, Successfully Completed, Status, Successfully Completed, Status, Successfully Completed, Status, Successfully Completed, Status, Successfully Completed, Status, Successfully Completed, Status, Successfully Completed, Status, Successfully Completed, Status, Successfully Completed, Status, Successfully Completed, Status, Successfully Completed, Status, Successfully Completed, Status, Successfully Completed, Status, Successfully Completed, Status, Successfully Completed, Status, Successfully Completed, Status, Successfully Completed, Status, Successfully Completed, Status, Successfully Completed, Status, Successfully Completed, Status, Successfully Completed, Status, Successfully Completed, Status, Successfully Completed, Status, Successfully Completed, Status, Successfully Completed, Status, Successfully Completed, Status, Successfully Completed, Status, Successfully Completed, Status, Successfully Completed, Status, Successfully Completed, Status, Successfully Completed, Status, Successfully Completed, Status, Successfully Completed, Status, Successfully Completed, Status, Successfully Completed, Status, Successfully Completed, Status, Successfully Completed, Status, Successfully Completed, Status, Successfully Completed, Status, Successfully Completed, Status, Successfully Completed, Status, Successfully Completed, Status, Successfully Completed, Status, Successfully Completed, Status, Successfully Completed, Status, Successfully Completed, Status, Successfully Completed, Status, Successfully Completed, Status, Successfully Completed, Status, Successfully Completed, Status, Successfully Completed, Status, Successfully Completed, Status, Successfully Completed, Status, Successfully Completed, Status, Successfully Completed, Status, Successfully Completed, Status, Successfully Completed, Status, Successfully Completed, Status, Successfully Completed, Status, Successfully Completed, Status, Successfully Completed, Status, Successfully Completed, Status, Successfully Completed, Status, Successfully Completed, Status, Successfully Completed, Status, Successfully Completed, Status, Successfully Completed, Status, Successfully Completed, Status, Successfully Completed, Status, Successfully Completed, Status, Successfully Completed, Status, Successfully Completed, Status, Successfully Completed, Status, Successfully Completed, Status, Successfully Completed, Status, Successfully Completed, Status, Successfully Completed, Status, Successfully Completed, Status, Successfully Completed, Status, Successfully Completed, Status, Successfully Completed, Status, Successfully Completed, Status, Successfully Completed, Status, Successfully Completed, Status, Successfully Completed, Status, Successfully Completed, Status, Successfully Completed, Status, Successfully Completed, Status, Successfully Completed, Status, Successfully Completed, Status, Successfully Completed, Status, Successfully Completed, Status, Successfully Completed, Status, Successfully Completed, Status, Successfully Completed, Status, Successfully Completed, Status, Successfully Completed, Status, Successfully Completed, Status, Successfully Completed, Status, Successfully Completed, Status, Successfully Completed, Status, Successfully Completed, Status, Successfully Completed, Status, Successfully Completed, Status, Successfully Completed, Status, Successfully Completed, Status, Successfully Completed, Status, Successfully Completed, Status, Successfully Completed, Status, Successfully Completed, Status, Successfully Completed, Status, Successfully Completed, Status, Successfully Completed, Status, Successfully Completed, Status, Successfully Completed, Status, Successfully Completed, Status, Successfully Completed, Status, Successfully Completed, Status, Successfully Completed, Status, Successfully Completed, Status, Successfully Completed, Status, Successfully Completed, Status, Successfully Completed, Status, Successfully Completed, Status, Successfully Completed, Status, Successfully Completed, Status, Successfully Completed, Status, Successfully Completed, Status, Successfully Completed, Status, Successfully Completed, Status, Successfully Completed, Status, Successfully Completed, Status, Successfully Completed, Status, Successfully Completed, Status, Successfully Completed, Status, Successfully Completed, Status, Successfully Completed, Status, Successfully Completed, Status, Successfully Completed, Status, Successfully Completed, Status, Successfully Completed, Status, Successfully Completed, Status, Successfully Completed, Status, Successfully Completed, Status, Successfully Completed, Status, Successfully Completed, Status, Successfully Completed, Status, Successfully Completed, Status, Successfully Completed, Status, Successfully Completed, Status, Successfully Completed, Status, Successfully Completed, Status, Successfully Completed, Status, Successfully Completed, Status, Successfully Completed, Status, Successfully Completed, Status, Successfully Completed, Status, Successfully Completed, Status, Successfully Completed, Status, Successfully Completed, Status, Successfully Completed, Status, Successfully Completed, Status, Successfully Completed, Status, Successfully Completed, Status, Successfully Completed, Status, Successfully Completed, Status, Successfully Completed, Status, Successfully Completed, Status, Successfully Completed, Status, Successfully Completed, Status, Successfully Completed, Status, Successfully Completed, Status, Successfully Completed, Status, Successfully Completed, Status, Successfully Completed, Status, Successfully Completed, Status, Successfully Completed, Status, Successfully Completed, Status, Successfully Completed, Status, Successfully Completed, Status, Successfully Completed, Status, Successfully Completed, Status, Successfully Completed, Status, Successfully Completed, Status, Successfully Completed, Status, Successfully Completed, Status, Successfully Completed, Status, Successfully Completed, Status, Successfully Completed, Status, Successfully Completed, Status, Successfully Completed, Status]
[neelback4more@gmail.com, Subho1991*, Status, Successfully Completed, Status, Successfully Completed, Status, Successfully Completed, Status, Successfully Completed, Status, Successfully Completed, Status, Successfully Completed, Status, Successfully Completed, Status, Successfully Completed, Status, Successfully Completed, Status, Successfully Completed, Status, Successfully Completed, Status, Successfully Completed, Status, Successfully Completed, Status, Successfully Completed, Status, Successfully Completed, Status, Successfully Completed, Status, Successfully Completed, Status, Successfully Completed, Status, Successfully Completed, Status, Successfully Completed, Status, Successfully Completed, Status, Successfully Completed, Status, Successfully Completed, Status, Successfully Completed, Status, Successfully Completed, Status, Successfully Completed, Status, Successfully Completed, Status, Successfully Completed, Status, Successfully Completed, Status, Successfully Completed, Status, Successfully Completed, Status, Successfully Completed, Status, Successfully Completed, Status, Successfully Completed, Status, Successfully Completed, Status, Successfully Completed, Status, Successfully Completed, Status, Successfully Completed, Status, Successfully Completed, Status, Successfully Completed, Status, Successfully Completed, Status, Successfully Completed, Status, Successfully Completed, Status, Successfully Completed, Status, Successfully Completed, Status, Successfully Completed, Status, Successfully Completed, Status, Successfully Completed, Status, Successfully Completed, Status, Successfully Completed, Status, Successfully Completed, Status, Successfully Completed, Status, Successfully Completed, Status, Successfully Completed, Status, Successfully Completed, Status, Successfully Completed, Status, Successfully Completed, Status, Successfully Completed, Status, Successfully Completed, Status, Successfully Completed, Status, Successfully Completed, Status, Successfully Completed, Status, Successfully Completed, Status, Successfully Completed, Status, Successfully Completed, Status, Successfully Completed, Status, Successfully Completed, Status, Successfully Completed, Status, Successfully Completed, Status, Successfully Completed, Status, Successfully Completed, Status, Successfully Completed, Status, Successfully Completed, Status, Successfully Completed, Status, Successfully Completed, Status, Successfully Completed, Status, Successfully Completed, Status, Successfully Completed, Status, Successfully Completed, Status, Successfully Completed, Status, Successfully Completed, Status, Successfully Completed, Status, Successfully Completed, Status, Successfully Completed, Status, Successfully Completed, Status, Successfully Completed, Status, Successfully Completed, Status, Successfully Completed, Status, Successfully Completed, Status, Successfully Completed, Status, Successfully Completed, Status, Successfully Completed, Status, Successfully Completed, Status, Successfully Completed, Status, Successfully Completed, Status, Successfully Completed, Status, Successfully Completed, Status, Successfully Completed, Status, Successfully Completed, Status, Successfully Completed, Status, Successfully Completed, Status, Successfully Completed, Status, Successfully Completed, Status, Successfully Completed, Status, Successfully Completed, Status, Successfully Completed, Status, Successfully Completed, Status, Successfully Completed, Status, Successfully Completed, Status, Successfully Completed, Status, Successfully Completed, Status, Successfully Completed, Status, Successfully Completed, Status, Successfully Completed, Status, Successfully Completed, Status, Successfully Completed, Status, Successfully Completed, Status, Successfully Completed, Status, Successfully Completed, Status, Successfully Completed, Status, Successfully Completed, Status, Successfully Completed, Status, Successfully Completed, Status, Successfully Completed, Status, Successfully Completed, Status, Successfully Completed, Status, Successfully Completed, Status, Successfully Completed, Status, Successfully Completed, Status, Successfully Completed, Status, Successfully Completed, Status, Successfully Completed, Status, Successfully Completed, Status, Successfully Completed, Status, Successfully Completed, Status, Successfully Completed, Status, Successfully Completed, Status, Successfully Completed, Status, Successfully Completed, Status, Successfully Completed, Status, Successfully Completed, Status, Successfully Completed, Status, Successfully Completed, Status, Successfully Completed, Status, Successfully Completed, Status, Successfully Completed, Status, Successfully Completed, Status, Successfully Completed, Status, Successfully Completed, Status, Successfully Completed, Status, Successfully Completed, Status, Successfully Completed, Status, Successfully Completed, Status, Successfully Completed, Status, Successfully Completed, Status, Successfully Completed, Status, Successfully Completed, Status, Successfully Completed, Status, Successfully Completed, Status, Successfully Completed, Status, Successfully Completed, Status, Successfully Completed, Status, Successfully Completed, Status, Successfully Completed, Status, Successfully Completed, Status, Successfully Completed, Status, Successfully Completed, Status, Successfully Completed, Status, Successfully Completed, Status, Successfully Completed, Status, Successfully Completed, Status, Successfully Completed, Status, Successfully Completed, Status, Successfully Completed, Status, Successfully Completed, Status, Successfully Completed, Status, Successfully Completed, Status, Successfully Completed, Status, Successfully Completed, Status, Successfully Completed, Status, Successfully Completed, Status, Successfully Completed, Status, Successfully Completed, Status, Successfully Completed, Status, Successfully Completed, Status, Successfully Completed, Status, Successfully Completed, Status, Successfully Completed, Status, Successfully Completed, Status, Successfully Completed, Status, Successfully Completed, Status, Successfully Completed, Status, Successfully Completed, Status, Successfully Completed, Status, Successfully Completed, Status, Successfully Completed, Status, Successfully Completed, Status, Successfully Completed, Status, Successfully Completed, Status, Successfully Completed, Status, Successfully Completed, Status, Successfully Completed, Status, Successfully Completed, Status, Successfully Completed, Status, Successfully Completed, Status, Successfully Completed, Status, Successfully Completed, Status, Successfully Completed, Status, Successfully Completed, Status, Successfully Completed, Status, Successfully Completed, Status, Successfully Completed, Status, Successfully Completed, Status, Successfully Completed, Status, Successfully Completed, Status, Successfully Completed, Status, Successfully Completed, Status, Successfully Completed, Status, Successfully Completed, Status, Successfully Completed, Status, Successfully Completed, Status, Successfully Completed, Status, Successfully Completed, Status, Successfully Completed, Status, Successfully Completed, Status, Successfully Completed, Status, Successfully Completed, Status, Successfully Completed, Status, Successfully Completed, Status, Successfully Completed, Status, Successfully Completed, Status, Successfully Completed, Status, Successfully Completed, Status, Successfully Completed, Status, Successfully Completed, Status, Successfully Completed, Status, Successfully Completed, Status, Successfully Completed, Status, Successfully Completed, Status, Successfully Completed, Status, Successfully Completed, Status, Successfully Completed, Status, Successfully Completed, Status, Successfully Completed, Status, Successfully Completed, Status, Successfully Completed, Status, Successfully Completed, Status, Successfully Completed, Status, Successfully Completed, Status, Successfully Completed, Status, Successfully Completed, Status, Successfully Completed, Status, Successfully Completed, Status, Successfully Completed]
[neelback4more@gmail.com, Subho1991*, Status, Successfully Completed, Status, Successfully Completed, Status, Successfully Completed, Status, Successfully Completed, Status, Successfully Completed, Status, Successfully Completed, Status, Successfully Completed, Status, Successfully Completed, Status, Successfully Completed, Status, Successfully Completed, Status, Successfully Completed, Status, Successfully Completed, Status, Successfully Completed, Status, Successfully Completed, Status, Successfully Completed, Status, Successfully Completed, Status, Successfully Completed, Status, Successfully Completed, Status, Successfully Completed, Status, Successfully Completed, Status, Successfully Completed, Status, Successfully Completed, Status, Successfully Completed, Status, Successfully Completed, Status, Successfully Completed, Status, Successfully Completed, Status, Successfully Completed, Status, Successfully Completed, Status, Successfully Completed, Status, Successfully Completed, Status, Successfully Completed, Status, Successfully Completed, Status, Successfully Completed, Status, Successfully Completed, Status, Successfully Completed, Status, Successfully Completed, Status, Successfully Completed, Status, Successfully Completed, Status, Successfully Completed, Status, Successfully Completed, Status, Successfully Completed, Status, Successfully Completed, Status, Successfully Completed, Status, Successfully Completed, Status, Successfully Completed, Status, Successfully Completed, Status, Successfully Completed, Status, Successfully Completed, Status, Successfully Completed, Status, Successfully Completed, Status, Successfully Completed, Status, Successfully Completed, Status, Successfully Completed, Status, Successfully Completed, Status, Successfully Completed, Status, Successfully Completed, Status, Successfully Completed, Status, Successfully Completed, Status, Successfully Completed, Status, Successfully Completed, Status, Successfully Completed, Status, Successfully Completed, Status, Successfully Completed, Status, Successfully Completed, Status, Successfully Completed, Status, Successfully Completed, Status, Successfully Completed, Status, Successfully Completed, Status, Successfully Completed, Status, Successfully Completed, Status, Successfully Completed, Status, Successfully Completed, Status, Successfully Completed, Status, Successfully Completed, Status, Successfully Completed, Status, Successfully Completed, Status, Successfully Completed, Status, Successfully Completed, Status, Successfully Completed, Status, Successfully Completed, Status, Successfully Completed, Status, Successfully Completed, Status, Successfully Completed, Status, Successfully Completed, Status, Successfully Completed, Status, Successfully Completed, Status, Successfully Completed, Status, Successfully Completed, Status, Successfully Completed, Status, Successfully Completed, Status, Successfully Completed, Status, Successfully Completed, Status, Successfully Completed, Status, Successfully Completed, Status, Successfully Completed, Status, Successfully Completed, Status, Successfully Completed, Status, Successfully Completed, Status, Successfully Completed, Status, Successfully Completed, Status, Successfully Completed, Status, Successfully Completed, Status, Successfully Completed, Status, Successfully Completed, Status, Successfully Completed, Status, Successfully Completed, Status, Successfully Completed, Status, Successfully Completed, Status, Successfully Completed, Status, Successfully Completed, Status, Successfully Completed, Status, Successfully Completed, Status, Successfully Completed, Status, Successfully Completed, Status, Successfully Completed, Status, Successfully Completed, Status, Successfully Completed, Status, Successfully Completed, Status, Successfully Completed, Status, Successfully Completed, Status, Successfully Completed, Status, Successfully Completed, Status, Successfully Completed, Status, Successfully Completed, Status, Successfully Completed, Status, Successfully Completed, Status, Successfully Completed, Status, Successfully Completed, Status, Successfully Completed, Status, Successfully Completed, Status, Successfully Completed, Status, Successfully Completed, Status, Successfully Completed, Status, Successfully Completed, Status, Successfully Completed, Status, Successfully Completed, Status, Successfully Completed, Status, Successfully Completed, Status, Successfully Completed, Status, Successfully Completed, Status, Successfully Completed, Status, Successfully Completed, Status, Successfully Completed, Status, Successfully Completed, Status, Successfully Completed, Status, Successfully Completed, Status, Successfully Completed, Status, Successfully Completed, Status, Successfully Completed, Status, Successfully Completed, Status, Successfully Completed, Status, Successfully Completed, Status, Successfully Completed, Status, Successfully Completed, Status, Successfully Completed, Status, Successfully Completed, Status, Successfully Completed, Status, Successfully Completed, Status, Successfully Completed, Status, Successfully Completed, Status, Successfully Completed, Status, Successfully Completed, Status, Successfully Completed, Status, Successfully Completed, Status, Successfully Completed, Status, Successfully Completed, Status, Successfully Completed, Status, Successfully Completed, Status, Successfully Completed, Status, Successfully Completed, Status, Successfully Completed, Status, Successfully Completed, Status, Successfully Completed, Status, Successfully Completed, Status, Successfully Completed, Status, Successfully Completed, Status, Successfully Completed, Status, Successfully Completed, Status, Successfully Completed, Status, Successfully Completed, Status, Successfully Completed, Status, Successfully Completed, Status, Successfully Completed, Status, Successfully Completed, Status, Successfully Completed, Status, Successfully Completed, Status, Successfully Completed, Status, Successfully Completed, Status, Successfully Completed, Status, Successfully Completed, Status, Successfully Completed, Status, Successfully Completed, Status, Successfully Completed, Status, Successfully Completed, Status, Successfully Completed, Status, Successfully Completed, Status, Successfully Completed, Status, Successfully Completed, Status, Successfully Completed, Status, Successfully Completed, Status, Successfully Completed, Status, Successfully Completed, Status, Successfully Completed, Status, Successfully Completed, Status, Successfully Completed, Status, Successfully Completed, Status, Successfully Completed, Status, Successfully Completed, Status, Successfully Completed, Status, Successfully Completed, Status, Successfully Completed, Status, Successfully Completed, Status, Successfully Completed, Status, Successfully Completed, Status, Successfully Completed, Status, Successfully Completed, Status, Successfully Completed, Status, Successfully Completed, Status, Successfully Completed, Status, Successfully Completed, Status, Successfully Completed, Status, Successfully Completed, Status, Successfully Completed, Status, Successfully Completed, Status, Successfully Completed, Status, Successfully Completed, Status, Successfully Completed, Status, Successfully Completed, Status, Successfully Completed, Status, Successfully Completed, Status, Successfully Completed, Status, Successfully Completed, Status, Successfully Completed, Status, Successfully Completed, Status, Successfully Completed, Status, Successfully Completed, Status, Successfully Completed, Status, Successfully Completed, Status, Successfully Completed, Status, Successfully Completed, Status, Successfully Completed, Status, Successfully Completed, Status, Successfully Completed, Status, Successfully Completed, Status, Successfully Completed, Status, Successfully Completed, Status, Successfully Completed, Status, Successfully Completed, Status, Successfully Completed, Status, Successfully Completed, Status, Successfully Completed, Status, Successfully Completed, Status, Successfully Completed, Status, Successfully Completed, Status]
[neelback4more@gmail.com, Subho1991*, Status, Successfully Completed, Status, Successfully Completed, Status, Successfully Completed, Status, Successfully Completed, Status, Successfully Completed, Status, Successfully Completed, Status, Successfully Completed, Status, Successfully Completed, Status, Successfully Completed, Status, Successfully Completed, Status, Successfully Completed, Status, Successfully Completed, Status, Successfully Completed, Status, Successfully Completed, Status, Successfully Completed, Status, Successfully Completed, Status, Successfully Completed, Status, Successfully Completed, Status, Successfully Completed, Status, Successfully Completed, Status, Successfully Completed, Status, Successfully Completed, Status, Successfully Completed, Status, Successfully Completed, Status, Successfully Completed, Status, Successfully Completed, Status, Successfully Completed, Status, Successfully Completed, Status, Successfully Completed, Status, Successfully Completed, Status, Successfully Completed, Status, Successfully Completed, Status, Successfully Completed, Status, Successfully Completed, Status, Successfully Completed, Status, Successfully Completed, Status, Successfully Completed, Status, Successfully Completed, Status, Successfully Completed, Status, Successfully Completed, Status, Successfully Completed, Status, Successfully Completed, Status, Successfully Completed, Status, Successfully Completed, Status, Successfully Completed, Status, Successfully Completed, Status, Successfully Completed, Status, Successfully Completed, Status, Successfully Completed, Status, Successfully Completed, Status, Successfully Completed, Status, Successfully Completed, Status, Successfully Completed, Status, Successfully Completed, Status, Successfully Completed, Status, Successfully Completed, Status, Successfully Completed, Status, Successfully Completed, Status, Successfully Completed, Status, Successfully Completed, Status, Successfully Completed, Status, Successfully Completed, Status, Successfully Completed, Status, Successfully Completed, Status, Successfully Completed, Status, Successfully Completed, Status, Successfully Completed, Status, Successfully Completed, Status, Successfully Completed, Status, Successfully Completed, Status, Successfully Completed, Status, Successfully Completed, Status, Successfully Completed, Status, Successfully Completed, Status, Successfully Completed, Status, Successfully Completed, Status, Successfully Completed, Status, Successfully Completed, Status, Successfully Completed, Status, Successfully Completed, Status, Successfully Completed, Status, Successfully Completed, Status, Successfully Completed, Status, Successfully Completed, Status, Successfully Completed, Status, Successfully Completed, Status, Successfully Completed, Status, Successfully Completed, Status, Successfully Completed, Status, Successfully Completed, Status, Successfully Completed, Status, Successfully Completed, Status, Successfully Completed, Status, Successfully Completed, Status, Successfully Completed, Status, Successfully Completed, Status, Successfully Completed, Status, Successfully Completed, Status, Successfully Completed, Status, Successfully Completed, Status, Successfully Completed, Status, Successfully Completed, Status, Successfully Completed, Status, Successfully Completed, Status, Successfully Completed, Status, Successfully Completed, Status, Successfully Completed, Status, Successfully Completed, Status, Successfully Completed, Status, Successfully Completed, Status, Successfully Completed, Status, Successfully Completed, Status, Successfully Completed, Status, Successfully Completed, Status, Successfully Completed, Status, Successfully Completed, Status, Successfully Completed, Status, Successfully Completed, Status, Successfully Completed, Status, Successfully Completed, Status, Successfully Completed, Status, Successfully Completed, Status, Successfully Completed, Status, Successfully Completed, Status, Successfully Completed, Status, Successfully Completed, Status, Successfully Completed, Status, Successfully Completed, Status, Successfully Completed, Status, Successfully Completed, Status, Successfully Completed, Status, Successfully Completed, Status, Successfully Completed, Status, Successfully Completed, Status, Successfully Completed, Status, Successfully Completed, Status, Successfully Completed, Status, Successfully Completed, Status, Successfully Completed, Status, Successfully Completed, Status, Successfully Completed, Status, Successfully Completed, Status, Successfully Completed, Status, Successfully Completed, Status, Successfully Completed, Status, Successfully Completed, Status, Successfully Completed, Status, Successfully Completed, Status, Successfully Completed, Status, Successfully Completed, Status, Successfully Completed, Status, Successfully Completed, Status, Successfully Completed, Status, Successfully Completed, Status, Successfully Completed, Status, Successfully Completed, Status, Successfully Completed, Status, Successfully Completed, Status, Successfully Completed, Status, Successfully Completed, Status, Successfully Completed, Status, Successfully Completed, Status, Successfully Completed, Status, Successfully Completed, Status, Successfully Completed, Status, Successfully Completed, Status, Successfully Completed, Status, Successfully Completed, Status, Successfully Completed, Status, Successfully Completed, Status, Successfully Completed, Status, Successfully Completed, Status, Successfully Completed, Status, Successfully Completed, Status, Successfully Completed, Status, Successfully Completed, Status, Successfully Completed, Status, Successfully Completed, Status, Successfully Completed, Status, Successfully Completed, Status, Successfully Completed, Status, Successfully Completed, Status, Successfully Completed, Status, Successfully Completed, Status, Successfully Completed, Status, Successfully Completed, Status, Successfully Completed, Status, Successfully Completed, Status, Successfully Completed, Status, Successfully Completed, Status, Successfully Completed, Status, Successfully Completed, Status, Successfully Completed, Status, Successfully Completed, Status, Successfully Completed, Status, Successfully Completed, Status, Successfully Completed, Status, Successfully Completed, Status, Successfully Completed, Status, Successfully Completed, Status, Successfully Completed, Status, Successfully Completed, Status, Successfully Completed, Status, Successfully Completed, Status, Successfully Completed, Status, Successfully Completed, Status, Successfully Completed, Status, Successfully Completed, Status, Successfully Completed, Status, Successfully Completed, Status, Successfully Completed, Status, Successfully Completed, Status, Successfully Completed, Status, Successfully Completed, Status, Successfully Completed, Status, Successfully Completed, Status, Successfully Completed, Status, Successfully Completed, Status, Successfully Completed, Status, Successfully Completed, Status, Successfully Completed, Status, Successfully Completed, Status, Successfully Completed, Status, Successfully Completed, Status, Successfully Completed, Status, Successfully Completed, Status, Successfully Completed, Status, Successfully Completed, Status, Successfully Completed, Status, Successfully Completed, Status, Successfully Completed, Status, Successfully Completed, Status, Successfully Completed, Status, Successfully Completed, Status, Successfully Completed, Status, Successfully Completed, Status, Successfully Completed, Status, Successfully Completed, Status, Successfully Completed, Status, Successfully Completed, Status, Successfully Completed, Status, Successfully Completed, Status, Successfully Completed, Status, Successfully Completed, Status, Successfully Completed, Status, Successfully Completed, Status, Successfully Completed, Status, Successfully Completed, Status, Successfully Completed, Status, Successfully Completed, Status, Successfully Completed, Status, Successfully Completed, Status, Successfully Completed, Status, Successfully Completed, Status, Successfully Completed]
[neelback4more@gmail.com, Subho1991*, Status, Successfully Completed, Status, Successfully Completed, Status, Successfully Completed, Status, Successfully Completed, Status, Successfully Completed, Status, Successfully Completed, Status, Successfully Completed, Status, Successfully Completed, Status, Successfully Completed, Status, Successfully Completed, Status, Successfully Completed, Status, Successfully Completed, Status, Successfully Completed, Status, Successfully Completed, Status, Successfully Completed, Status, Successfully Completed, Status, Successfully Completed, Status, Successfully Completed, Status, Successfully Completed, Status, Successfully Completed, Status, Successfully Completed, Status, Successfully Completed, Status, Successfully Completed, Status, Successfully Completed, Status, Successfully Completed, Status, Successfully Completed, Status, Successfully Completed, Status, Successfully Completed, Status, Successfully Completed, Status, Successfully Completed, Status, Successfully Completed, Status, Successfully Completed, Status, Successfully Completed, Status, Successfully Completed, Status, Successfully Completed, Status, Successfully Completed, Status, Successfully Completed, Status, Successfully Completed, Status, Successfully Completed, Status, Successfully Completed, Status, Successfully Completed, Status, Successfully Completed, Status, Successfully Completed, Status, Successfully Completed, Status, Successfully Completed, Status, Successfully Completed, Status, Successfully Completed, Status, Successfully Completed, Status, Successfully Completed, Status, Successfully Completed, Status, Successfully Completed, Status, Successfully Completed, Status, Successfully Completed, Status, Successfully Completed, Status, Successfully Completed, Status, Successfully Completed, Status, Successfully Completed, Status, Successfully Completed, Status, Successfully Completed, Status, Successfully Completed, Status, Successfully Completed, Status, Successfully Completed, Status, Successfully Completed, Status, Successfully Completed, Status, Successfully Completed, Status, Successfully Completed, Status, Successfully Completed, Status, Successfully Completed, Status, Successfully Completed, Status, Successfully Completed, Status, Successfully Completed, Status, Successfully Completed, Status, Successfully Completed, Status, Successfully Completed, Status, Successfully Completed, Status, Successfully Completed, Status, Successfully Completed, Status, Successfully Completed, Status, Successfully Completed, Status, Successfully Completed, Status, Successfully Completed, Status, Successfully Completed, Status, Successfully Completed, Status, Successfully Completed, Status, Successfully Completed, Status, Successfully Completed, Status, Successfully Completed, Status, Successfully Completed, Status, Successfully Completed, Status, Successfully Completed, Status, Successfully Completed, Status, Successfully Completed, Status, Successfully Completed, Status, Successfully Completed, Status, Successfully Completed, Status, Successfully Completed, Status, Successfully Completed, Status, Successfully Completed, Status, Successfully Completed, Status, Successfully Completed, Status, Successfully Completed, Status, Successfully Completed, Status, Successfully Completed, Status, Successfully Completed, Status, Successfully Completed, Status, Successfully Completed, Status, Successfully Completed, Status, Successfully Completed, Status, Successfully Completed, Status, Successfully Completed, Status, Successfully Completed, Status, Successfully Completed, Status, Successfully Completed, Status, Successfully Completed, Status, Successfully Completed, Status, Successfully Completed, Status, Successfully Completed, Status, Successfully Completed, Status, Successfully Completed, Status, Successfully Completed, Status, Successfully Completed, Status, Successfully Completed, Status, Successfully Completed, Status, Successfully Completed, Status, Successfully Completed, Status, Successfully Completed, Status, Successfully Completed, Status, Successfully Completed, Status, Successfully Completed, Status, Successfully Completed, Status, Successfully Completed, Status, Successfully Completed, Status, Successfully Completed, Status, Successfully Completed, Status, Successfully Completed, Status, Successfully Completed, Status, Successfully Completed, Status, Successfully Completed, Status, Successfully Completed, Status, Successfully Completed, Status, Successfully Completed, Status, Successfully Completed, Status, Successfully Completed, Status, Successfully Completed, Status, Successfully Completed, Status, Successfully Completed, Status, Successfully Completed, Status, Successfully Completed, Status, Successfully Completed, Status, Successfully Completed, Status, Successfully Completed, Status, Successfully Completed, Status, Successfully Completed, Status, Successfully Completed, Status, Successfully Completed, Status, Successfully Completed, Status, Successfully Completed, Status, Successfully Completed, Status, Successfully Completed, Status, Successfully Completed, Status, Successfully Completed, Status, Successfully Completed, Status, Successfully Completed, Status, Successfully Completed, Status, Successfully Completed, Status, Successfully Completed, Status, Successfully Completed, Status, Successfully Completed, Status, Successfully Completed, Status, Successfully Completed, Status, Successfully Completed, Status, Successfully Completed, Status, Successfully Completed, Status, Successfully Completed, Status, Successfully Completed, Status, Successfully Completed, Status, Successfully Completed, Status, Successfully Completed, Status, Successfully Completed, Status, Successfully Completed, Status, Successfully Completed, Status, Successfully Completed, Status, Successfully Completed, Status, Successfully Completed, Status, Successfully Completed, Status, Successfully Completed, Status, Successfully Completed, Status, Successfully Completed, Status, Successfully Completed, Status, Successfully Completed, Status, Successfully Completed, Status, Successfully Completed, Status, Successfully Completed, Status, Successfully Completed, Status, Successfully Completed, Status, Successfully Completed, Status, Successfully Completed, Status, Successfully Completed, Status, Successfully Completed, Status, Successfully Completed, Status, Successfully Completed, Status, Successfully Completed, Status, Successfully Completed, Status, Successfully Completed, Status, Successfully Completed, Status, Successfully Completed, Status, Successfully Completed, Status, Successfully Completed, Status, Successfully Completed, Status, Successfully Completed, Status, Successfully Completed, Status, Successfully Completed, Status, Successfully Completed, Status, Successfully Completed, Status, Successfully Completed, Status, Successfully Completed, Status, Successfully Completed, Status, Successfully Completed, Status, Successfully Completed, Status, Successfully Completed, Status, Successfully Completed, Status, Successfully Completed, Status, Successfully Completed, Status, Successfully Completed, Status, Successfully Completed, Status, Successfully Completed, Status, Successfully Completed, Status, Successfully Completed, Status, Successfully Completed, Status, Successfully Completed, Status, Successfully Completed, Status, Successfully Completed, Status, Successfully Completed, Status, Successfully Completed, Status, Successfully Completed, Status, Successfully Completed, Status, Successfully Completed, Status, Successfully Completed, Status, Successfully Completed, Status, Successfully Completed, Status, Successfully Completed, Status, Successfully Completed, Status, Successfully Completed, Status, Successfully Completed, Status, Successfully Completed, Status, Successfully Completed, Status, Successfully Completed, Status, Successfully Completed, Status, Successfully Completed, Status, Successfully Completed, Status, Successfully Completed, Status, Successfully Completed, Status, Successfully Completed, Status, Successfully Completed, Status, Successfully Completed, Status]
[neelback4more@gmail.com, Subho1991*, Status, Successfully Completed, Status, Successfully Completed, Status, Successfully Completed, Status, Successfully Completed, Status, Successfully Completed, Status, Successfully Completed, Status, Successfully Completed, Status, Successfully Completed, Status, Successfully Completed, Status, Successfully Completed, Status, Successfully Completed, Status, Successfully Completed, Status, Successfully Completed, Status, Successfully Completed, Status, Successfully Completed, Status, Successfully Completed, Status, Successfully Completed, Status, Successfully Completed, Status, Successfully Completed, Status, Successfully Completed, Status, Successfully Completed, Status, Successfully Completed, Status, Successfully Completed, Status, Successfully Completed, Status, Successfully Completed, Status, Successfully Completed, Status, Successfully Completed, Status, Successfully Completed, Status, Successfully Completed, Status, Successfully Completed, Status, Successfully Completed, Status, Successfully Completed, Status, Successfully Completed, Status, Successfully Completed, Status, Successfully Completed, Status, Successfully Completed, Status, Successfully Completed, Status, Successfully Completed, Status, Successfully Completed, Status, Successfully Completed, Status, Successfully Completed, Status, Successfully Completed, Status, Successfully Completed, Status, Successfully Completed, Status, Successfully Completed, Status, Successfully Completed, Status, Successfully Completed, Status, Successfully Completed, Status, Successfully Completed, Status, Successfully Completed, Status, Successfully Completed, Status, Successfully Completed, Status, Successfully Completed, Status, Successfully Completed, Status, Successfully Completed, Status, Successfully Completed, Status, Successfully Completed, Status, Successfully Completed, Status, Successfully Completed, Status, Successfully Completed, Status, Successfully Completed, Status, Successfully Completed, Status, Successfully Completed, Status, Successfully Completed, Status, Successfully Completed, Status, Successfully Completed, Status, Successfully Completed, Status, Successfully Completed, Status, Successfully Completed, Status, Successfully Completed, Status, Successfully Completed, Status, Successfully Completed, Status, Successfully Completed, Status, Successfully Completed, Status, Successfully Completed, Status, Successfully Completed, Status, Successfully Completed, Status, Successfully Completed, Status, Successfully Completed, Status, Successfully Completed, Status, Successfully Completed, Status, Successfully Completed, Status, Successfully Completed, Status, Successfully Completed, Status, Successfully Completed, Status, Successfully Completed, Status, Successfully Completed, Status, Successfully Completed, Status, Successfully Completed, Status, Successfully Completed, Status, Successfully Completed, Status, Successfully Completed, Status, Successfully Completed, Status, Successfully Completed, Status, Successfully Completed, Status, Successfully Completed, Status, Successfully Completed, Status, Successfully Completed, Status, Successfully Completed, Status, Successfully Completed, Status, Successfully Completed, Status, Successfully Completed, Status, Successfully Completed, Status, Successfully Completed, Status, Successfully Completed, Status, Successfully Completed, Status, Successfully Completed, Status, Successfully Completed, Status, Successfully Completed, Status, Successfully Completed, Status, Successfully Completed, Status, Successfully Completed, Status, Successfully Completed, Status, Successfully Completed, Status, Successfully Completed, Status, Successfully Completed, Status, Successfully Completed, Status, Successfully Completed, Status, Successfully Completed, Status, Successfully Completed, Status, Successfully Completed, Status, Successfully Completed, Status, Successfully Completed, Status, Successfully Completed, Status, Successfully Completed, Status, Successfully Completed, Status, Successfully Completed, Status, Successfully Completed, Status, Successfully Completed, Status, Successfully Completed, Status, Successfully Completed, Status, Successfully Completed, Status, Successfully Completed, Status, Successfully Completed, Status, Successfully Completed, Status, Successfully Completed, Status, Successfully Completed, Status, Successfully Completed, Status, Successfully Completed, Status, Successfully Completed, Status, Successfully Completed, Status, Successfully Completed, Status, Successfully Completed, Status, Successfully Completed, Status, Successfully Completed, Status, Successfully Completed, Status, Successfully Completed, Status, Successfully Completed, Status, Successfully Completed, Status, Successfully Completed, Status, Successfully Completed, Status, Successfully Completed, Status, Successfully Completed, Status, Successfully Completed, Status, Successfully Completed, Status, Successfully Completed, Status, Successfully Completed, Status, Successfully Completed, Status, Successfully Completed, Status, Successfully Completed, Status, Successfully Completed, Status, Successfully Completed, Status, Successfully Completed, Status, Successfully Completed, Status, Successfully Completed, Status, Successfully Completed, Status, Successfully Completed, Status, Successfully Completed, Status, Successfully Completed, Status, Successfully Completed, Status, Successfully Completed, Status, Successfully Completed, Status, Successfully Completed, Status, Successfully Completed, Status, Successfully Completed, Status, Successfully Completed, Status, Successfully Completed, Status, Successfully Completed, Status, Successfully Completed, Status, Successfully Completed, Status, Successfully Completed, Status, Successfully Completed, Status, Successfully Completed, Status, Successfully Completed, Status, Successfully Completed, Status, Successfully Completed, Status, Successfully Completed, Status, Successfully Completed, Status, Successfully Completed, Status, Successfully Completed, Status, Successfully Completed, Status, Successfully Completed, Status, Successfully Completed, Status, Successfully Completed, Status, Successfully Completed, Status, Successfully Completed, Status, Successfully Completed, Status, Successfully Completed, Status, Successfully Completed, Status, Successfully Completed, Status, Successfully Completed, Status, Successfully Completed, Status, Successfully Completed, Status, Successfully Completed, Status, Successfully Completed, Status, Successfully Completed, Status, Successfully Completed, Status, Successfully Completed, Status, Successfully Completed, Status, Successfully Completed, Status, Successfully Completed, Status, Successfully Completed, Status, Successfully Completed, Status, Successfully Completed, Status, Successfully Completed, Status, Successfully Completed, Status, Successfully Completed, Status, Successfully Completed, Status, Successfully Completed, Status, Successfully Completed, Status, Successfully Completed, Status, Successfully Completed, Status, Successfully Completed, Status, Successfully Completed, Status, Successfully Completed, Status, Successfully Completed, Status, Successfully Completed, Status, Successfully Completed, Status, Successfully Completed, Status, Successfully Completed, Status, Successfully Completed, Status, Successfully Completed, Status, Successfully Completed, Status, Successfully Completed, Status, Successfully Completed, Status, Successfully Completed, Status, Successfully Completed, Status, Successfully Completed, Status, Successfully Completed, Status, Successfully Completed, Status, Successfully Completed, Status, Successfully Completed, Status, Successfully Completed, Status, Successfully Completed, Status, Successfully Completed, Status, Successfully Completed, Status, Successfully Completed, Status, Successfully Completed, Status, Successfully Completed, Status, Successfully Completed, Status, Successfully Completed, Status, Successfully Completed, Status, Successfully Completed, Status, Successfully Completed, Status, Successfully Completed, Status, Successfully Completed]
[neelback4more@gmail.com, Subho1991*, Status, Successfully Completed, Status, Successfully Completed, Status, Successfully Completed, Status, Successfully Completed, Status, Successfully Completed, Status, Successfully Completed, Status, Successfully Completed, Status, Successfully Completed, Status, Successfully Completed, Status, Successfully Completed, Status, Successfully Completed, Status, Successfully Completed, Status, Successfully Completed, Status, Successfully Completed, Status, Successfully Completed, Status, Successfully Completed, Status, Successfully Completed, Status, Successfully Completed, Status, Successfully Completed, Status, Successfully Completed, Status, Successfully Completed, Status, Successfully Completed, Status, Successfully Completed, Status, Successfully Completed, Status, Successfully Completed, Status, Successfully Completed, Status, Successfully Completed, Status, Successfully Completed, Status, Successfully Completed, Status, Successfully Completed, Status, Successfully Completed, Status, Successfully Completed, Status, Successfully Completed, Status, Successfully Completed, Status, Successfully Completed, Status, Successfully Completed, Status, Successfully Completed, Status, Successfully Completed, Status, Successfully Completed, Status, Successfully Completed, Status, Successfully Completed, Status, Successfully Completed, Status, Successfully Completed, Status, Successfully Completed, Status, Successfully Completed, Status, Successfully Completed, Status, Successfully Completed, Status, Successfully Completed, Status, Successfully Completed, Status, Successfully Completed, Status, Successfully Completed, Status, Successfully Completed, Status, Successfully Completed, Status, Successfully Completed, Status, Successfully Completed, Status, Successfully Completed, Status, Successfully Completed, Status, Successfully Completed, Status, Successfully Completed, Status, Successfully Completed, Status, Successfully Completed, Status, Successfully Completed, Status, Successfully Completed, Status, Successfully Completed, Status, Successfully Completed, Status, Successfully Completed, Status, Successfully Completed, Status, Successfully Completed, Status, Successfully Completed, Status, Successfully Completed, Status, Successfully Completed, Status, Successfully Completed, Status, Successfully Completed, Status, Successfully Completed, Status, Successfully Completed, Status, Successfully Completed, Status, Successfully Completed, Status, Successfully Completed, Status, Successfully Completed, Status, Successfully Completed, Status, Successfully Completed, Status, Successfully Completed, Status, Successfully Completed, Status, Successfully Completed, Status, Successfully Completed, Status, Successfully Completed, Status, Successfully Completed, Status, Successfully Completed, Status, Successfully Completed, Status, Successfully Completed, Status, Successfully Completed, Status, Successfully Completed, Status, Successfully Completed, Status, Successfully Completed, Status, Successfully Completed, Status, Successfully Completed, Status, Successfully Completed, Status, Successfully Completed, Status, Successfully Completed, Status, Successfully Completed, Status, Successfully Completed, Status, Successfully Completed, Status, Successfully Completed, Status, Successfully Completed, Status, Successfully Completed, Status, Successfully Completed, Status, Successfully Completed, Status, Successfully Completed, Status, Successfully Completed, Status, Successfully Completed, Status, Successfully Completed, Status, Successfully Completed, Status, Successfully Completed, Status, Successfully Completed, Status, Successfully Completed, Status, Successfully Completed, Status, Successfully Completed, Status, Successfully Completed, Status, Successfully Completed, Status, Successfully Completed, Status, Successfully Completed, Status, Successfully Completed, Status, Successfully Completed, Status, Successfully Completed, Status, Successfully Completed, Status, Successfully Completed, Status, Successfully Completed, Status, Successfully Completed, Status, Successfully Completed, Status, Successfully Completed, Status, Successfully Completed, Status, Successfully Completed, Status, Successfully Completed, Status, Successfully Completed, Status, Successfully Completed, Status, Successfully Completed, Status, Successfully Completed, Status, Successfully Completed, Status, Successfully Completed, Status, Successfully Completed, Status, Successfully Completed, Status, Successfully Completed, Status, Successfully Completed, Status, Successfully Completed, Status, Successfully Completed, Status, Successfully Completed, Status, Successfully Completed, Status, Successfully Completed, Status, Successfully Completed, Status, Successfully Completed, Status, Successfully Completed, Status, Successfully Completed, Status, Successfully Completed, Status, Successfully Completed, Status, Successfully Completed, Status, Successfully Completed, Status, Successfully Completed, Status, Successfully Completed, Status, Successfully Completed, Status, Successfully Completed, Status, Successfully Completed, Status, Successfully Completed, Status, Successfully Completed, Status, Successfully Completed, Status, Successfully Completed, Status, Successfully Completed, Status, Successfully Completed, Status, Successfully Completed, Status, Successfully Completed, Status, Successfully Completed, Status, Successfully Completed, Status, Successfully Completed, Status, Successfully Completed, Status, Successfully Completed, Status, Successfully Completed, Status, Successfully Completed, Status, Successfully Completed, Status, Successfully Completed, Status, Successfully Completed, Status, Successfully Completed, Status, Successfully Completed, Status, Successfully Completed, Status, Successfully Completed, Status, Successfully Completed, Status, Successfully Completed, Status, Successfully Completed, Status, Successfully Completed, Status, Successfully Completed, Status, Successfully Completed, Status, Successfully Completed, Status, Successfully Completed, Status, Successfully Completed, Status, Successfully Completed, Status, Successfully Completed, Status, Successfully Completed, Status, Successfully Completed, Status, Successfully Completed, Status, Successfully Completed, Status, Successfully Completed, Status, Successfully Completed, Status, Successfully Completed, Status, Successfully Completed, Status, Successfully Completed, Status, Successfully Completed, Status, Successfully Completed, Status, Successfully Completed, Status, Successfully Completed, Status, Successfully Completed, Status, Successfully Completed, Status, Successfully Completed, Status, Successfully Completed, Status, Successfully Completed, Status, Successfully Completed, Status, Successfully Completed, Status, Successfully Completed, Status, Successfully Completed, Status, Successfully Completed, Status, Successfully Completed, Status, Successfully Completed, Status, Successfully Completed, Status, Successfully Completed, Status, Successfully Completed, Status, Successfully Completed, Status, Successfully Completed, Status, Successfully Completed, Status, Successfully Completed, Status, Successfully Completed, Status, Successfully Completed, Status, Successfully Completed, Status, Successfully Completed, Status, Successfully Completed, Status, Successfully Completed, Status, Successfully Completed, Status, Successfully Completed, Status, Successfully Completed, Status, Successfully Completed, Status, Successfully Completed, Status, Successfully Completed, Status, Successfully Completed, Status, Successfully Completed, Status, Successfully Completed, Status, Successfully Completed, Status, Successfully Completed, Status, Successfully Completed, Status, Successfully Completed, Status, Successfully Completed, Status, Successfully Completed, Status, Successfully Completed, Status, Successfully Completed, Status, Successfully Completed, Status, Successfully Completed, Status, Successfully Completed, Status, Successfully Completed, Status, Successfully Completed, Status, Successfully Completed, Status, Successfully Completed, Status]
[neelback4more@gmail.com, Subho1991*, Status, Successfully Completed, Status, Successfully Completed, Status, Successfully Completed, Status, Successfully Completed, Status, Successfully Completed, Status, Successfully Completed, Status, Successfully Completed, Status, Successfully Completed, Status, Successfully Completed, Status, Successfully Completed, Status, Successfully Completed, Status, Successfully Completed, Status, Successfully Completed, Status, Successfully Completed, Status, Successfully Completed, Status, Successfully Completed, Status, Successfully Completed, Status, Successfully Completed, Status, Successfully Completed, Status, Successfully Completed, Status, Successfully Completed, Status, Successfully Completed, Status, Successfully Completed, Status, Successfully Completed, Status, Successfully Completed, Status, Successfully Completed, Status, Successfully Completed, Status, Successfully Completed, Status, Successfully Completed, Status, Successfully Completed, Status, Successfully Completed, Status, Successfully Completed, Status, Successfully Completed, Status, Successfully Completed, Status, Successfully Completed, Status, Successfully Completed, Status, Successfully Completed, Status, Successfully Completed, Status, Successfully Completed, Status, Successfully Completed, Status, Successfully Completed, Status, Successfully Completed, Status, Successfully Completed, Status, Successfully Completed, Status, Successfully Completed, Status, Successfully Completed, Status, Successfully Completed, Status, Successfully Completed, Status, Successfully Completed, Status, Successfully Completed, Status, Successfully Completed, Status, Successfully Completed, Status, Successfully Completed, Status, Successfully Completed, Status, Successfully Completed, Status, Successfully Completed, Status, Successfully Completed, Status, Successfully Completed, Status, Successfully Completed, Status, Successfully Completed, Status, Successfully Completed, Status, Successfully Completed, Status, Successfully Completed, Status, Successfully Completed, Status, Successfully Completed, Status, Successfully Completed, Status, Successfully Completed, Status, Successfully Completed, Status, Successfully Completed, Status, Successfully Completed, Status, Successfully Completed, Status, Successfully Completed, Status, Successfully Completed, Status, Successfully Completed, Status, Successfully Completed, Status, Successfully Completed, Status, Successfully Completed, Status, Successfully Completed, Status, Successfully Completed, Status, Successfully Completed, Status, Successfully Completed, Status, Successfully Completed, Status, Successfully Completed, Status, Successfully Completed, Status, Successfully Completed, Status, Successfully Completed, Status, Successfully Completed, Status, Successfully Completed, Status, Successfully Completed, Status, Successfully Completed, Status, Successfully Completed, Status, Successfully Completed, Status, Successfully Completed, Status, Successfully Completed, Status, Successfully Completed, Status, Successfully Completed, Status, Successfully Completed, Status, Successfully Completed, Status, Successfully Completed, Status, Successfully Completed, Status, Successfully Completed, Status, Successfully Completed, Status, Successfully Completed, Status, Successfully Completed, Status, Successfully Completed, Status, Successfully Completed, Status, Successfully Completed, Status, Successfully Completed, Status, Successfully Completed, Status, Successfully Completed, Status, Successfully Completed, Status, Successfully Completed, Status, Successfully Completed, Status, Successfully Completed, Status, Successfully Completed, Status, Successfully Completed, Status, Successfully Completed, Status, Successfully Completed, Status, Successfully Completed, Status, Successfully Completed, Status, Successfully Completed, Status, Successfully Completed, Status, Successfully Completed, Status, Successfully Completed, Status, Successfully Completed, Status, Successfully Completed, Status, Successfully Completed, Status, Successfully Completed, Status, Successfully Completed, Status, Successfully Completed, Status, Successfully Completed, Status, Successfully Completed, Status, Successfully Completed, Status, Successfully Completed, Status, Successfully Completed, Status, Successfully Completed, Status, Successfully Completed, Status, Successfully Completed, Status, Successfully Completed, Status, Successfully Completed, Status, Successfully Completed, Status, Successfully Completed, Status, Successfully Completed, Status, Successfully Completed, Status, Successfully Completed, Status, Successfully Completed, Status, Successfully Completed, Status, Successfully Completed, Status, Successfully Completed, Status, Successfully Completed, Status, Successfully Completed, Status, Successfully Completed, Status, Successfully Completed, Status, Successfully Completed, Status, Successfully Completed, Status, Successfully Completed, Status, Successfully Completed, Status, Successfully Completed, Status, Successfully Completed, Status, Successfully Completed, Status, Successfully Completed, Status, Successfully Completed, Status, Successfully Completed, Status, Successfully Completed, Status, Successfully Completed, Status, Successfully Completed, Status, Successfully Completed, Status, Successfully Completed, Status, Successfully Completed, Status, Successfully Completed, Status, Successfully Completed, Status, Successfully Completed, Status, Successfully Completed, Status, Successfully Completed, Status, Successfully Completed, Status, Successfully Completed, Status, Successfully Completed, Status, Successfully Completed, Status, Successfully Completed, Status, Successfully Completed, Status, Successfully Completed, Status, Successfully Completed, Status, Successfully Completed, Status, Successfully Completed, Status, Successfully Completed, Status, Successfully Completed, Status, Successfully Completed, Status, Successfully Completed, Status, Successfully Completed, Status, Successfully Completed, Status, Successfully Completed, Status, Successfully Completed, Status, Successfully Completed, Status, Successfully Completed, Status, Successfully Completed, Status, Successfully Completed, Status, Successfully Completed, Status, Successfully Completed, Status, Successfully Completed, Status, Successfully Completed, Status, Successfully Completed, Status, Successfully Completed, Status, Successfully Completed, Status, Successfully Completed, Status, Successfully Completed, Status, Successfully Completed, Status, Successfully Completed, Status, Successfully Completed, Status, Successfully Completed, Status, Successfully Completed, Status, Successfully Completed, Status, Successfully Completed, Status, Successfully Completed, Status, Successfully Completed, Status, Successfully Completed, Status, Successfully Completed, Status, Successfully Completed, Status, Successfully Completed, Status, Successfully Completed, Status, Successfully Completed, Status, Successfully Completed, Status, Successfully Completed, Status, Successfully Completed, Status, Successfully Completed, Status, Successfully Completed, Status, Successfully Completed, Status, Successfully Completed, Status, Successfully Completed, Status, Successfully Completed, Status, Successfully Completed, Status, Successfully Completed, Status, Successfully Completed, Status, Successfully Completed, Status, Successfully Completed, Status, Successfully Completed, Status, Successfully Completed, Status, Successfully Completed, Status, Successfully Completed, Status, Successfully Completed, Status, Successfully Completed, Status, Successfully Completed, Status, Successfully Completed, Status, Successfully Completed, Status, Successfully Completed, Status, Successfully Completed, Status, Successfully Completed, Status, Successfully Completed, Status, Successfully Completed, Status, Successfully Completed, Status, Successfully Completed, Status, Successfully Completed, Status, Successfully Completed, Status, Successfully Completed, Status, Successfully Completed, Status, Successfully Completed, Status, Successfully Completed, Status, Successfully Completed]
[neelback4more@gmail.com, Subho1991*, Status, Successfully Completed, Status, Successfully Completed, Status, Successfully Completed, Status, Successfully Completed, Status, Successfully Completed, Status, Successfully Completed, Status, Successfully Completed, Status, Successfully Completed, Status, Successfully Completed, Status, Successfully Completed, Status, Successfully Completed, Status, Successfully Completed, Status, Successfully Completed, Status, Successfully Completed, Status, Successfully Completed, Status, Successfully Completed, Status, Successfully Completed, Status, Successfully Completed, Status, Successfully Completed, Status, Successfully Completed, Status, Successfully Completed, Status, Successfully Completed, Status, Successfully Completed, Status, Successfully Completed, Status, Successfully Completed, Status, Successfully Completed, Status, Successfully Completed, Status, Successfully Completed, Status, Successfully Completed, Status, Successfully Completed, Status, Successfully Completed, Status, Successfully Completed, Status, Successfully Completed, Status, Successfully Completed, Status, Successfully Completed, Status, Successfully Completed, Status, Successfully Completed, Status, Successfully Completed, Status, Successfully Completed, Status, Successfully Completed, Status, Successfully Completed, Status, Successfully Completed, Status, Successfully Completed, Status, Successfully Completed, Status, Successfully Completed, Status, Successfully Completed, Status, Successfully Completed, Status, Successfully Completed, Status, Successfully Completed, Status, Successfully Completed, Status, Successfully Completed, Status, Successfully Completed, Status, Successfully Completed, Status, Successfully Completed, Status, Successfully Completed, Status, Successfully Completed, Status, Successfully Completed, Status, Successfully Completed, Status, Successfully Completed, Status, Successfully Completed, Status, Successfully Completed, Status, Successfully Completed, Status, Successfully Completed, Status, Successfully Completed, Status, Successfully Completed, Status, Successfully Completed, Status, Successfully Completed, Status, Successfully Completed, Status, Successfully Completed, Status, Successfully Completed, Status, Successfully Completed, Status, Successfully Completed, Status, Successfully Completed, Status, Successfully Completed, Status, Successfully Completed, Status, Successfully Completed, Status, Successfully Completed, Status, Successfully Completed, Status, Successfully Completed, Status, Successfully Completed, Status, Successfully Completed, Status, Successfully Completed, Status, Successfully Completed, Status, Successfully Completed, Status, Successfully Completed, Status, Successfully Completed, Status, Successfully Completed, Status, Successfully Completed, Status, Successfully Completed, Status, Successfully Completed, Status, Successfully Completed, Status, Successfully Completed, Status, Successfully Completed, Status, Successfully Completed, Status, Successfully Completed, Status, Successfully Completed, Status, Successfully Completed, Status, Successfully Completed, Status, Successfully Completed, Status, Successfully Completed, Status, Successfully Completed, Status, Successfully Completed, Status, Successfully Completed, Status, Successfully Completed, Status, Successfully Completed, Status, Successfully Completed, Status, Successfully Completed, Status, Successfully Completed, Status, Successfully Completed, Status, Successfully Completed, Status, Successfully Completed, Status, Successfully Completed, Status, Successfully Completed, Status, Successfully Completed, Status, Successfully Completed, Status, Successfully Completed, Status, Successfully Completed, Status, Successfully Completed, Status, Successfully Completed, Status, Successfully Completed, Status, Successfully Completed, Status, Successfully Completed, Status, Successfully Completed, Status, Successfully Completed, Status, Successfully Completed, Status, Successfully Completed, Status, Successfully Completed, Status, Successfully Completed, Status, Successfully Completed, Status, Successfully Completed, Status, Successfully Completed, Status, Successfully Completed, Status, Successfully Completed, Status, Successfully Completed, Status, Successfully Completed, Status, Successfully Completed, Status, Successfully Completed, Status, Successfully Completed, Status, Successfully Completed, Status, Successfully Completed, Status, Successfully Completed, Status, Successfully Completed, Status, Successfully Completed, Status, Successfully Completed, Status, Successfully Completed, Status, Successfully Completed, Status, Successfully Completed, Status, Successfully Completed, Status, Successfully Completed, Status, Successfully Completed, Status, Successfully Completed, Status, Successfully Completed, Status, Successfully Completed, Status, Successfully Completed, Status, Successfully Completed, Status, Successfully Completed, Status, Successfully Completed, Status, Successfully Completed, Status, Successfully Completed, Status, Successfully Completed, Status, Successfully Completed, Status, Successfully Completed, Status, Successfully Completed, Status, Successfully Completed, Status, Successfully Completed, Status, Successfully Completed, Status, Successfully Completed, Status, Successfully Completed, Status, Successfully Completed, Status, Successfully Completed, Status, Successfully Completed, Status, Successfully Completed, Status, Successfully Completed, Status, Successfully Completed, Status, Successfully Completed, Status, Successfully Completed, Status, Successfully Completed, Status, Successfully Completed, Status, Successfully Completed, Status, Successfully Completed, Status, Successfully Completed, Status, Successfully Completed, Status, Successfully Completed, Status, Successfully Completed, Status, Successfully Completed, Status, Successfully Completed, Status, Successfully Completed, Status, Successfully Completed, Status, Successfully Completed, Status, Successfully Completed, Status, Successfully Completed, Status, Successfully Completed, Status, Successfully Completed, Status, Successfully Completed, Status, Successfully Completed, Status, Successfully Completed, Status, Successfully Completed, Status, Successfully Completed, Status, Successfully Completed, Status, Successfully Completed, Status, Successfully Completed, Status, Successfully Completed, Status, Successfully Completed, Status, Successfully Completed, Status, Successfully Completed, Status, Successfully Completed, Status, Successfully Completed, Status, Successfully Completed, Status, Successfully Completed, Status, Successfully Completed, Status, Successfully Completed, Status, Successfully Completed, Status, Successfully Completed, Status, Successfully Completed, Status, Successfully Completed, Status, Successfully Completed, Status, Successfully Completed, Status, Successfully Completed, Status, Successfully Completed, Status, Successfully Completed, Status, Successfully Completed, Status, Successfully Completed, Status, Successfully Completed, Status, Successfully Completed, Status, Successfully Completed, Status, Successfully Completed, Status, Successfully Completed, Status, Successfully Completed, Status, Successfully Completed, Status, Successfully Completed, Status, Successfully Completed, Status, Successfully Completed, Status, Successfully Completed, Status, Successfully Completed, Status, Successfully Completed, Status, Successfully Completed, Status, Successfully Completed, Status, Successfully Completed, Status, Successfully Completed, Status, Successfully Completed, Status, Successfully Completed, Status, Successfully Completed, Status, Successfully Completed, Status, Successfully Completed, Status, Successfully Completed, Status, Successfully Completed, Status, Successfully Completed, Status, Successfully Completed, Status, Successfully Completed, Status, Successfully Completed, Status, Successfully Completed, Status, Successfully Completed, Status, Successfully Completed, Status, Successfully Completed, Status, Successfully Completed, Status, Successfully Completed, Status, Successfully Completed, Status]
[neelback4more@gmail.com, Subho1991*, Status, Successfully Completed, Status, Successfully Completed, Status, Successfully Completed, Status, Successfully Completed, Status, Successfully Completed, Status, Successfully Completed, Status, Successfully Completed, Status, Successfully Completed, Status, Successfully Completed, Status, Successfully Completed, Status, Successfully Completed, Status, Successfully Completed, Status, Successfully Completed, Status, Successfully Completed, Status, Successfully Completed, Status, Successfully Completed, Status, Successfully Completed, Status, Successfully Completed, Status, Successfully Completed, Status, Successfully Completed, Status, Successfully Completed, Status, Successfully Completed, Status, Successfully Completed, Status, Successfully Completed, Status, Successfully Completed, Status, Successfully Completed, Status, Successfully Completed, Status, Successfully Completed, Status, Successfully Completed, Status, Successfully Completed, Status, Successfully Completed, Status, Successfully Completed, Status, Successfully Completed, Status, Successfully Completed, Status, Successfully Completed, Status, Successfully Completed, Status, Successfully Completed, Status, Successfully Completed, Status, Successfully Completed, Status, Successfully Completed, Status, Successfully Completed, Status, Successfully Completed, Status, Successfully Completed, Status, Successfully Completed, Status, Successfully Completed, Status, Successfully Completed, Status, Successfully Completed, Status, Successfully Completed, Status, Successfully Completed, Status, Successfully Completed, Status, Successfully Completed, Status, Successfully Completed, Status, Successfully Completed, Status, Successfully Completed, Status, Successfully Completed, Status, Successfully Completed, Status, Successfully Completed, Status, Successfully Completed, Status, Successfully Completed, Status, Successfully Completed, Status, Successfully Completed, Status, Successfully Completed, Status, Successfully Completed, Status, Successfully Completed, Status, Successfully Completed, Status, Successfully Completed, Status, Successfully Completed, Status, Successfully Completed, Status, Successfully Completed, Status, Successfully Completed, Status, Successfully Completed, Status, Successfully Completed, Status, Successfully Completed, Status, Successfully Completed, Status, Successfully Completed, Status, Successfully Completed, Status, Successfully Completed, Status, Successfully Completed, Status, Successfully Completed, Status, Successfully Completed, Status, Successfully Completed, Status, Successfully Completed, Status, Successfully Completed, Status, Successfully Completed, Status, Successfully Completed, Status, Successfully Completed, Status, Successfully Completed, Status, Successfully Completed, Status, Successfully Completed, Status, Successfully Completed, Status, Successfully Completed, Status, Successfully Completed, Status, Successfully Completed, Status, Successfully Completed, Status, Successfully Completed, Status, Successfully Completed, Status, Successfully Completed, Status, Successfully Completed, Status, Successfully Completed, Status, Successfully Completed, Status, Successfully Completed, Status, Successfully Completed, Status, Successfully Completed, Status, Successfully Completed, Status, Successfully Completed, Status, Successfully Completed, Status, Successfully Completed, Status, Successfully Completed, Status, Successfully Completed, Status, Successfully Completed, Status, Successfully Completed, Status, Successfully Completed, Status, Successfully Completed, Status, Successfully Completed, Status, Successfully Completed, Status, Successfully Completed, Status, Successfully Completed, Status, Successfully Completed, Status, Successfully Completed, Status, Successfully Completed, Status, Successfully Completed, Status, Successfully Completed, Status, Successfully Completed, Status, Successfully Completed, Status, Successfully Completed, Status, Successfully Completed, Status, Successfully Completed, Status, Successfully Completed, Status, Successfully Completed, Status, Successfully Completed, Status, Successfully Completed, Status, Successfully Completed, Status, Successfully Completed, Status, Successfully Completed, Status, Successfully Completed, Status, Successfully Completed, Status, Successfully Completed, Status, Successfully Completed, Status, Successfully Completed, Status, Successfully Completed, Status, Successfully Completed, Status, Successfully Completed, Status, Successfully Completed, Status, Successfully Completed, Status, Successfully Completed, Status, Successfully Completed, Status, Successfully Completed, Status, Successfully Completed, Status, Successfully Completed, Status, Successfully Completed, Status, Successfully Completed, Status, Successfully Completed, Status, Successfully Completed, Status, Successfully Completed, Status, Successfully Completed, Status, Successfully Completed, Status, Successfully Completed, Status, Successfully Completed, Status, Successfully Completed, Status, Successfully Completed, Status, Successfully Completed, Status, Successfully Completed, Status, Successfully Completed, Status, Successfully Completed, Status, Successfully Completed, Status, Successfully Completed, Status, Successfully Completed, Status, Successfully Completed, Status, Successfully Completed, Status, Successfully Completed, Status, Successfully Completed, Status, Successfully Completed, Status, Successfully Completed, Status, Successfully Completed, Status, Successfully Completed, Status, Successfully Completed, Status, Successfully Completed, Status, Successfully Completed, Status, Successfully Completed, Status, Successfully Completed, Status, Successfully Completed, Status, Successfully Completed, Status, Successfully Completed, Status, Successfully Completed, Status, Successfully Completed, Status, Successfully Completed, Status, Successfully Completed, Status, Successfully Completed, Status, Successfully Completed, Status, Successfully Completed, Status, Successfully Completed, Status, Successfully Completed, Status, Successfully Completed, Status, Successfully Completed, Status, Successfully Completed, Status, Successfully Completed, Status, Successfully Completed, Status, Successfully Completed, Status, Successfully Completed, Status, Successfully Completed, Status, Successfully Completed, Status, Successfully Completed, Status, Successfully Completed, Status, Successfully Completed, Status, Successfully Completed, Status, Successfully Completed, Status, Successfully Completed, Status, Successfully Completed, Status, Successfully Completed, Status, Successfully Completed, Status, Successfully Completed, Status, Successfully Completed, Status, Successfully Completed, Status, Successfully Completed, Status, Successfully Completed, Status, Successfully Completed, Status, Successfully Completed, Status, Successfully Completed, Status, Successfully Completed, Status, Successfully Completed, Status, Successfully Completed, Status, Successfully Completed, Status, Successfully Completed, Status, Successfully Completed, Status, Successfully Completed, Status, Successfully Completed, Status, Successfully Completed, Status, Successfully Completed, Status, Successfully Completed, Status, Successfully Completed, Status, Successfully Completed, Status, Successfully Completed, Status, Successfully Completed, Status, Successfully Completed, Status, Successfully Completed, Status, Successfully Completed, Status, Successfully Completed, Status, Successfully Completed, Status, Successfully Completed, Status, Successfully Completed, Status, Successfully Completed, Status, Successfully Completed, Status, Successfully Completed, Status, Successfully Completed, Status, Successfully Completed, Status, Successfully Completed, Status, Successfully Completed, Status, Successfully Completed, Status, Successfully Completed, Status, Successfully Completed, Status, Successfully Completed, Status, Successfully Completed, Status, Successfully Completed, Status, Successfully Completed, Status, Successfully Completed, Status, Successfully Completed, Status, Successfully Completed, Status, Successfully Completed]
[neelback4more@gmail.com, Subho1991*, Status, Successfully Completed, Status, Successfully Completed, Status, Successfully Completed, Status, Successfully Completed, Status, Successfully Completed, Status, Successfully Completed, Status, Successfully Completed, Status, Successfully Completed, Status, Successfully Completed, Status, Successfully Completed, Status, Successfully Completed, Status, Successfully Completed, Status, Successfully Completed, Status, Successfully Completed, Status, Successfully Completed, Status, Successfully Completed, Status, Successfully Completed, Status, Successfully Completed, Status, Successfully Completed, Status, Successfully Completed, Status, Successfully Completed, Status, Successfully Completed, Status, Successfully Completed, Status, Successfully Completed, Status, Successfully Completed, Status, Successfully Completed, Status, Successfully Completed, Status, Successfully Completed, Status, Successfully Completed, Status, Successfully Completed, Status, Successfully Completed, Status, Successfully Completed, Status, Successfully Completed, Status, Successfully Completed, Status, Successfully Completed, Status, Successfully Completed, Status, Successfully Completed, Status, Successfully Completed, Status, Successfully Completed, Status, Successfully Completed, Status, Successfully Completed, Status, Successfully Completed, Status, Successfully Completed, Status, Successfully Completed, Status, Successfully Completed, Status, Successfully Completed, Status, Successfully Completed, Status, Successfully Completed, Status, Successfully Completed, Status, Successfully Completed, Status, Successfully Completed, Status, Successfully Completed, Status, Successfully Completed, Status, Successfully Completed, Status, Successfully Completed, Status, Successfully Completed, Status, Successfully Completed, Status, Successfully Completed, Status, Successfully Completed, Status, Successfully Completed, Status, Successfully Completed, Status, Successfully Completed, Status, Successfully Completed, Status, Successfully Completed, Status, Successfully Completed, Status, Successfully Completed, Status, Successfully Completed, Status, Successfully Completed, Status, Successfully Completed, Status, Successfully Completed, Status, Successfully Completed, Status, Successfully Completed, Status, Successfully Completed, Status, Successfully Completed, Status, Successfully Completed, Status, Successfully Completed, Status, Successfully Completed, Status, Successfully Completed, Status, Successfully Completed, Status, Successfully Completed, Status, Successfully Completed, Status, Successfully Completed, Status, Successfully Completed, Status, Successfully Completed, Status, Successfully Completed, Status, Successfully Completed, Status, Successfully Completed, Status, Successfully Completed, Status, Successfully Completed, Status, Successfully Completed, Status, Successfully Completed, Status, Successfully Completed, Status, Successfully Completed, Status, Successfully Completed, Status, Successfully Completed, Status, Successfully Completed, Status, Successfully Completed, Status, Successfully Completed, Status, Successfully Completed, Status, Successfully Completed, Status, Successfully Completed, Status, Successfully Completed, Status, Successfully Completed, Status, Successfully Completed, Status, Successfully Completed, Status, Successfully Completed, Status, Successfully Completed, Status, Successfully Completed, Status, Successfully Completed, Status, Successfully Completed, Status, Successfully Completed, Status, Successfully Completed, Status, Successfully Completed, Status, Successfully Completed, Status, Successfully Completed, Status, Successfully Completed, Status, Successfully Completed, Status, Successfully Completed, Status, Successfully Completed, Status, Successfully Completed, Status, Successfully Completed, Status, Successfully Completed, Status, Successfully Completed, Status, Successfully Completed, Status, Successfully Completed, Status, Successfully Completed, Status, Successfully Completed, Status, Successfully Completed, Status, Successfully Completed, Status, Successfully Completed, Status, Successfully Completed, Status, Successfully Completed, Status, Successfully Completed, Status, Successfully Completed, Status, Successfully Completed, Status, Successfully Completed, Status, Successfully Completed, Status, Successfully Completed, Status, Successfully Completed, Status, Successfully Completed, Status, Successfully Completed, Status, Successfully Completed, Status, Successfully Completed, Status, Successfully Completed, Status, Successfully Completed, Status, Successfully Completed, Status, Successfully Completed, Status, Successfully Completed, Status, Successfully Completed, Status, Successfully Completed, Status, Successfully Completed, Status, Successfully Completed, Status, Successfully Completed, Status, Successfully Completed, Status, Successfully Completed, Status, Successfully Completed, Status, Successfully Completed, Status, Successfully Completed, Status, Successfully Completed, Status, Successfully Completed, Status, Successfully Completed, Status, Successfully Completed, Status, Successfully Completed, Status, Successfully Completed, Status, Successfully Completed, Status, Successfully Completed, Status, Successfully Completed, Status, Successfully Completed, Status, Successfully Completed, Status, Successfully Completed, Status, Successfully Completed, Status, Successfully Completed, Status, Successfully Completed, Status, Successfully Completed, Status, Successfully Completed, Status, Successfully Completed, Status, Successfully Completed, Status, Successfully Completed, Status, Successfully Completed, Status, Successfully Completed, Status, Successfully Completed, Status, Successfully Completed, Status, Successfully Completed, Status, Successfully Completed, Status, Successfully Completed, Status, Successfully Completed, Status, Successfully Completed, Status, Successfully Completed, Status, Successfully Completed, Status, Successfully Completed, Status, Successfully Completed, Status, Successfully Completed, Status, Successfully Completed, Status, Successfully Completed, Status, Successfully Completed, Status, Successfully Completed, Status, Successfully Completed, Status, Successfully Completed, Status, Successfully Completed, Status, Successfully Completed, Status, Successfully Completed, Status, Successfully Completed, Status, Successfully Completed, Status, Successfully Completed, Status, Successfully Completed, Status, Successfully Completed, Status, Successfully Completed, Status, Successfully Completed, Status, Successfully Completed, Status, Successfully Completed, Status, Successfully Completed, Status, Successfully Completed, Status, Successfully Completed, Status, Successfully Completed, Status, Successfully Completed, Status, Successfully Completed, Status, Successfully Completed, Status, Successfully Completed, Status, Successfully Completed, Status, Successfully Completed, Status, Successfully Completed, Status, Successfully Completed, Status, Successfully Completed, Status, Successfully Completed, Status, Successfully Completed, Status, Successfully Completed, Status, Successfully Completed, Status, Successfully Completed, Status, Successfully Completed, Status, Successfully Completed, Status, Successfully Completed, Status, Successfully Completed, Status, Successfully Completed, Status, Successfully Completed, Status, Successfully Completed, Status, Successfully Completed, Status, Successfully Completed, Status, Successfully Completed, Status, Successfully Completed, Status, Successfully Completed, Status, Successfully Completed, Status, Successfully Completed, Status, Successfully Completed, Status, Successfully Completed, Status, Successfully Completed, Status, Successfully Completed, Status, Successfully Completed, Status, Successfully Completed, Status, Successfully Completed, Status, Successfully Completed, Status, Successfully Completed, Status, Successfully Completed, Status, Successfully Completed, Status, Successfully Completed, Status, Successfully Completed, Status, Successfully Completed, Status, Successfully Completed, Status, Successfully Completed, Status]
[neelback4more@gmail.com, Subho1991*, Status, Successfully Completed, Status, Successfully Completed, Status, Successfully Completed, Status, Successfully Completed, Status, Successfully Completed, Status, Successfully Completed, Status, Successfully Completed, Status, Successfully Completed, Status, Successfully Completed, Status, Successfully Completed, Status, Successfully Completed, Status, Successfully Completed, Status, Successfully Completed, Status, Successfully Completed, Status, Successfully Completed, Status, Successfully Completed, Status, Successfully Completed, Status, Successfully Completed, Status, Successfully Completed, Status, Successfully Completed, Status, Successfully Completed, Status, Successfully Completed, Status, Successfully Completed, Status, Successfully Completed, Status, Successfully Completed, Status, Successfully Completed, Status, Successfully Completed, Status, Successfully Completed, Status, Successfully Completed, Status, Successfully Completed, Status, Successfully Completed, Status, Successfully Completed, Status, Successfully Completed, Status, Successfully Completed, Status, Successfully Completed, Status, Successfully Completed, Status, Successfully Completed, Status, Successfully Completed, Status, Successfully Completed, Status, Successfully Completed, Status, Successfully Completed, Status, Successfully Completed, Status, Successfully Completed, Status, Successfully Completed, Status, Successfully Completed, Status, Successfully Completed, Status, Successfully Completed, Status, Successfully Completed, Status, Successfully Completed, Status, Successfully Completed, Status, Successfully Completed, Status, Successfully Completed, Status, Successfully Completed, Status, Successfully Completed, Status, Successfully Completed, Status, Successfully Completed, Status, Successfully Completed, Status, Successfully Completed, Status, Successfully Completed, Status, Successfully Completed, Status, Successfully Completed, Status, Successfully Completed, Status, Successfully Completed, Status, Successfully Completed, Status, Successfully Completed, Status, Successfully Completed, Status, Successfully Completed, Status, Successfully Completed, Status, Successfully Completed, Status, Successfully Completed, Status, Successfully Completed, Status, Successfully Completed, Status, Successfully Completed, Status, Successfully Completed, Status, Successfully Completed, Status, Successfully Completed, Status, Successfully Completed, Status, Successfully Completed, Status, Successfully Completed, Status, Successfully Completed, Status, Successfully Completed, Status, Successfully Completed, Status, Successfully Completed, Status, Successfully Completed, Status, Successfully Completed, Status, Successfully Completed, Status, Successfully Completed, Status, Successfully Completed, Status, Successfully Completed, Status, Successfully Completed, Status, Successfully Completed, Status, Successfully Completed, Status, Successfully Completed, Status, Successfully Completed, Status, Successfully Completed, Status, Successfully Completed, Status, Successfully Completed, Status, Successfully Completed, Status, Successfully Completed, Status, Successfully Completed, Status, Successfully Completed, Status, Successfully Completed, Status, Successfully Completed, Status, Successfully Completed, Status, Successfully Completed, Status, Successfully Completed, Status, Successfully Completed, Status, Successfully Completed, Status, Successfully Completed, Status, Successfully Completed, Status, Successfully Completed, Status, Successfully Completed, Status, Successfully Completed, Status, Successfully Completed, Status, Successfully Completed, Status, Successfully Completed, Status, Successfully Completed, Status, Successfully Completed, Status, Successfully Completed, Status, Successfully Completed, Status, Successfully Completed, Status, Successfully Completed, Status, Successfully Completed, Status, Successfully Completed, Status, Successfully Completed, Status, Successfully Completed, Status, Successfully Completed, Status, Successfully Completed, Status, Successfully Completed, Status, Successfully Completed, Status, Successfully Completed, Status, Successfully Completed, Status, Successfully Completed, Status, Successfully Completed, Status, Successfully Completed, Status, Successfully Completed, Status, Successfully Completed, Status, Successfully Completed, Status, Successfully Completed, Status, Successfully Completed, Status, Successfully Completed, Status, Successfully Completed, Status, Successfully Completed, Status, Successfully Completed, Status, Successfully Completed, Status, Successfully Completed, Status, Successfully Completed, Status, Successfully Completed, Status, Successfully Completed, Status, Successfully Completed, Status, Successfully Completed, Status, Successfully Completed, Status, Successfully Completed, Status, Successfully Completed, Status, Successfully Completed, Status, Successfully Completed, Status, Successfully Completed, Status, Successfully Completed, Status, Successfully Completed, Status, Successfully Completed, Status, Successfully Completed, Status, Successfully Completed, Status, Successfully Completed, Status, Successfully Completed, Status, Successfully Completed, Status, Successfully Completed, Status, Successfully Completed, Status, Successfully Completed, Status, Successfully Completed, Status, Successfully Completed, Status, Successfully Completed, Status, Successfully Completed, Status, Successfully Completed, Status, Successfully Completed, Status, Successfully Completed, Status, Successfully Completed, Status, Successfully Completed, Status, Successfully Completed, Status, Successfully Completed, Status, Successfully Completed, Status, Successfully Completed, Status, Successfully Completed, Status, Successfully Completed, Status, Successfully Completed, Status, Successfully Completed, Status, Successfully Completed, Status, Successfully Completed, Status, Successfully Completed, Status, Successfully Completed, Status, Successfully Completed, Status, Successfully Completed, Status, Successfully Completed, Status, Successfully Completed, Status, Successfully Completed, Status, Successfully Completed, Status, Successfully Completed, Status, Successfully Completed, Status, Successfully Completed, Status, Successfully Completed, Status, Successfully Completed, Status, Successfully Completed, Status, Successfully Completed, Status, Successfully Completed, Status, Successfully Completed, Status, Successfully Completed, Status, Successfully Completed, Status, Successfully Completed, Status, Successfully Completed, Status, Successfully Completed, Status, Successfully Completed, Status, Successfully Completed, Status, Successfully Completed, Status, Successfully Completed, Status, Successfully Completed, Status, Successfully Completed, Status, Successfully Completed, Status, Successfully Completed, Status, Successfully Completed, Status, Successfully Completed, Status, Successfully Completed, Status, Successfully Completed, Status, Successfully Completed, Status, Successfully Completed, Status, Successfully Completed, Status, Successfully Completed, Status, Successfully Completed, Status, Successfully Completed, Status, Successfully Completed, Status, Successfully Completed, Status, Successfully Completed, Status, Successfully Completed, Status, Successfully Completed, Status, Successfully Completed, Status, Successfully Completed, Status, Successfully Completed, Status, Successfully Completed, Status, Successfully Completed, Status, Successfully Completed, Status, Successfully Completed, Status, Successfully Completed, Status, Successfully Completed, Status, Successfully Completed, Status, Successfully Completed, Status, Successfully Completed, Status, Successfully Completed, Status, Successfully Completed, Status, Successfully Completed, Status, Successfully Completed, Status, Successfully Completed, Status, Successfully Completed, Status, Successfully Completed, Status, Successfully Completed, Status, Successfully Completed, Status, Successfully Completed, Status, Successfully Completed, Status, Successfully Completed, Status, Successfully Completed, Status, Successfully Completed, Status, Successfully Completed]
[neelback4more@gmail.com, Subho1991*, Status, Successfully Completed, Status, Successfully Completed, Status, Successfully Completed, Status, Successfully Completed, Status, Successfully Completed, Status, Successfully Completed, Status, Successfully Completed, Status, Successfully Completed, Status, Successfully Completed, Status, Successfully Completed, Status, Successfully Completed, Status, Successfully Completed, Status, Successfully Completed, Status, Successfully Completed, Status, Successfully Completed, Status, Successfully Completed, Status, Successfully Completed, Status, Successfully Completed, Status, Successfully Completed, Status, Successfully Completed, Status, Successfully Completed, Status, Successfully Completed, Status, Successfully Completed, Status, Successfully Completed, Status, Successfully Completed, Status, Successfully Completed, Status, Successfully Completed, Status, Successfully Completed, Status, Successfully Completed, Status, Successfully Completed, Status, Successfully Completed, Status, Successfully Completed, Status, Successfully Completed, Status, Successfully Completed, Status, Successfully Completed, Status, Successfully Completed, Status, Successfully Completed, Status, Successfully Completed, Status, Successfully Completed, Status, Successfully Completed, Status, Successfully Completed, Status, Successfully Completed, Status, Successfully Completed, Status, Successfully Completed, Status, Successfully Completed, Status, Successfully Completed, Status, Successfully Completed, Status, Successfully Completed, Status, Successfully Completed, Status, Successfully Completed, Status, Successfully Completed, Status, Successfully Completed, Status, Successfully Completed, Status, Successfully Completed, Status, Successfully Completed, Status, Successfully Completed, Status, Successfully Completed, Status, Successfully Completed, Status, Successfully Completed, Status, Successfully Completed, Status, Successfully Completed, Status, Successfully Completed, Status, Successfully Completed, Status, Successfully Completed, Status, Successfully Completed, Status, Successfully Completed, Status, Successfully Completed, Status, Successfully Completed, Status, Successfully Completed, Status, Successfully Completed, Status, Successfully Completed, Status, Successfully Completed, Status, Successfully Completed, Status, Successfully Completed, Status, Successfully Completed, Status, Successfully Completed, Status, Successfully Completed, Status, Successfully Completed, Status, Successfully Completed, Status, Successfully Completed, Status, Successfully Completed, Status, Successfully Completed, Status, Successfully Completed, Status, Successfully Completed, Status, Successfully Completed, Status, Successfully Completed, Status, Successfully Completed, Status, Successfully Completed, Status, Successfully Completed, Status, Successfully Completed, Status, Successfully Completed, Status, Successfully Completed, Status, Successfully Completed, Status, Successfully Completed, Status, Successfully Completed, Status, Successfully Completed, Status, Successfully Completed, Status, Successfully Completed, Status, Successfully Completed, Status, Successfully Completed, Status, Successfully Completed, Status, Successfully Completed, Status, Successfully Completed, Status, Successfully Completed, Status, Successfully Completed, Status, Successfully Completed, Status, Successfully Completed, Status, Successfully Completed, Status, Successfully Completed, Status, Successfully Completed, Status, Successfully Completed, Status, Successfully Completed, Status, Successfully Completed, Status, Successfully Completed, Status, Successfully Completed, Status, Successfully Completed, Status, Successfully Completed, Status, Successfully Completed, Status, Successfully Completed, Status, Successfully Completed, Status, Successfully Completed, Status, Successfully Completed, Status, Successfully Completed, Status, Successfully Completed, Status, Successfully Completed, Status, Successfully Completed, Status, Successfully Completed, Status, Successfully Completed, Status, Successfully Completed, Status, Successfully Completed, Status, Successfully Completed, Status, Successfully Completed, Status, Successfully Completed, Status, Successfully Completed, Status, Successfully Completed, Status, Successfully Completed, Status, Successfully Completed, Status, Successfully Completed, Status, Successfully Completed, Status, Successfully Completed, Status, Successfully Completed, Status, Successfully Completed, Status, Successfully Completed, Status, Successfully Completed, Status, Successfully Completed, Status, Successfully Completed, Status, Successfully Completed, Status, Successfully Completed, Status, Successfully Completed, Status, Successfully Completed, Status, Successfully Completed, Status, Successfully Completed, Status, Successfully Completed, Status, Successfully Completed, Status, Successfully Completed, Status, Successfully Completed, Status, Successfully Completed, Status, Successfully Completed, Status, Successfully Completed, Status, Successfully Completed, Status, Successfully Completed, Status, Successfully Completed, Status, Successfully Completed, Status, Successfully Completed, Status, Successfully Completed, Status, Successfully Completed, Status, Successfully Completed, Status, Successfully Completed, Status, Successfully Completed, Status, Successfully Completed, Status, Successfully Completed, Status, Successfully Completed, Status, Successfully Completed, Status, Successfully Completed, Status, Successfully Completed, Status, Successfully Completed, Status, Successfully Completed, Status, Successfully Completed, Status, Successfully Completed, Status, Successfully Completed, Status, Successfully Completed, Status, Successfully Completed, Status, Successfully Completed, Status, Successfully Completed, Status, Successfully Completed, Status, Successfully Completed, Status, Successfully Completed, Status, Successfully Completed, Status, Successfully Completed, Status, Successfully Completed, Status, Successfully Completed, Status, Successfully Completed, Status, Successfully Completed, Status, Successfully Completed, Status, Successfully Completed, Status, Successfully Completed, Status, Successfully Completed, Status, Successfully Completed, Status, Successfully Completed, Status, Successfully Completed, Status, Successfully Completed, Status, Successfully Completed, Status, Successfully Completed, Status, Successfully Completed, Status, Successfully Completed, Status, Successfully Completed, Status, Successfully Completed, Status, Successfully Completed, Status, Successfully Completed, Status, Successfully Completed, Status, Successfully Completed, Status, Successfully Completed, Status, Successfully Completed, Status, Successfully Completed, Status, Successfully Completed, Status, Successfully Completed, Status, Successfully Completed, Status, Successfully Completed, Status, Successfully Completed, Status, Successfully Completed, Status, Successfully Completed, Status, Successfully Completed, Status, Successfully Completed, Status, Successfully Completed, Status, Successfully Completed, Status, Successfully Completed, Status, Successfully Completed, Status, Successfully Completed, Status, Successfully Completed, Status, Successfully Completed, Status, Successfully Completed, Status, Successfully Completed, Status, Successfully Completed, Status, Successfully Completed, Status, Successfully Completed, Status, Successfully Completed, Status, Successfully Completed, Status, Successfully Completed, Status, Successfully Completed, Status, Successfully Completed, Status, Successfully Completed, Status, Successfully Completed, Status, Successfully Completed, Status, Successfully Completed, Status, Successfully Completed, Status, Successfully Completed, Status, Successfully Completed, Status, Successfully Completed, Status, Successfully Completed, Status, Successfully Completed, Status, Successfully Completed, Status, Successfully Completed, Status, Successfully Completed, Status, Successfully Completed, Status, Successfully Completed, Status, Successfully Completed, Status, Successfully Completed, Status, Successfully Completed, Status, Successfully Completed, Status]
[neelback4more@gmail.com, Subho1991*, Status, Successfully Completed, Status, Successfully Completed, Status, Successfully Completed, Status, Successfully Completed, Status, Successfully Completed, Status, Successfully Completed, Status, Successfully Completed, Status, Successfully Completed, Status, Successfully Completed, Status, Successfully Completed, Status, Successfully Completed, Status, Successfully Completed, Status, Successfully Completed, Status, Successfully Completed, Status, Successfully Completed, Status, Successfully Completed, Status, Successfully Completed, Status, Successfully Completed, Status, Successfully Completed, Status, Successfully Completed, Status, Successfully Completed, Status, Successfully Completed, Status, Successfully Completed, Status, Successfully Completed, Status, Successfully Completed, Status, Successfully Completed, Status, Successfully Completed, Status, Successfully Completed, Status, Successfully Completed, Status, Successfully Completed, Status, Successfully Completed, Status, Successfully Completed, Status, Successfully Completed, Status, Successfully Completed, Status, Successfully Completed, Status, Successfully Completed, Status, Successfully Completed, Status, Successfully Completed, Status, Successfully Completed, Status, Successfully Completed, Status, Successfully Completed, Status, Successfully Completed, Status, Successfully Completed, Status, Successfully Completed, Status, Successfully Completed, Status, Successfully Completed, Status, Successfully Completed, Status, Successfully Completed, Status, Successfully Completed, Status, Successfully Completed, Status, Successfully Completed, Status, Successfully Completed, Status, Successfully Completed, Status, Successfully Completed, Status, Successfully Completed, Status, Successfully Completed, Status, Successfully Completed, Status, Successfully Completed, Status, Successfully Completed, Status, Successfully Completed, Status, Successfully Completed, Status, Successfully Completed, Status, Successfully Completed, Status, Successfully Completed, Status, Successfully Completed, Status, Successfully Completed, Status, Successfully Completed, Status, Successfully Completed, Status, Successfully Completed, Status, Successfully Completed, Status, Successfully Completed, Status, Successfully Completed, Status, Successfully Completed, Status, Successfully Completed, Status, Successfully Completed, Status, Successfully Completed, Status, Successfully Completed, Status, Successfully Completed, Status, Successfully Completed, Status, Successfully Completed, Status, Successfully Completed, Status, Successfully Completed, Status, Successfully Completed, Status, Successfully Completed, Status, Successfully Completed, Status, Successfully Completed, Status, Successfully Completed, Status, Successfully Completed, Status, Successfully Completed, Status, Successfully Completed, Status, Successfully Completed, Status, Successfully Completed, Status, Successfully Completed, Status, Successfully Completed, Status, Successfully Completed, Status, Successfully Completed, Status, Successfully Completed, Status, Successfully Completed, Status, Successfully Completed, Status, Successfully Completed, Status, Successfully Completed, Status, Successfully Completed, Status, Successfully Completed, Status, Successfully Completed, Status, Successfully Completed, Status, Successfully Completed, Status, Successfully Completed, Status, Successfully Completed, Status, Successfully Completed, Status, Successfully Completed, Status, Successfully Completed, Status, Successfully Completed, Status, Successfully Completed, Status, Successfully Completed, Status, Successfully Completed, Status, Successfully Completed, Status, Successfully Completed, Status, Successfully Completed, Status, Successfully Completed, Status, Successfully Completed, Status, Successfully Completed, Status, Successfully Completed, Status, Successfully Completed, Status, Successfully Completed, Status, Successfully Completed, Status, Successfully Completed, Status, Successfully Completed, Status, Successfully Completed, Status, Successfully Completed, Status, Successfully Completed, Status, Successfully Completed, Status, Successfully Completed, Status, Successfully Completed, Status, Successfully Completed, Status, Successfully Completed, Status, Successfully Completed, Status, Successfully Completed, Status, Successfully Completed, Status, Successfully Completed, Status, Successfully Completed, Status, Successfully Completed, Status, Successfully Completed, Status, Successfully Completed, Status, Successfully Completed, Status, Successfully Completed, Status, Successfully Completed, Status, Successfully Completed, Status, Successfully Completed, Status, Successfully Completed, Status, Successfully Completed, Status, Successfully Completed, Status, Successfully Completed, Status, Successfully Completed, Status, Successfully Completed, Status, Successfully Completed, Status, Successfully Completed, Status, Successfully Completed, Status, Successfully Completed, Status, Successfully Completed, Status, Successfully Completed, Status, Successfully Completed, Status, Successfully Completed, Status, Successfully Completed, Status, Successfully Completed, Status, Successfully Completed, Status, Successfully Completed, Status, Successfully Completed, Status, Successfully Completed, Status, Successfully Completed, Status, Successfully Completed, Status, Successfully Completed, Status, Successfully Completed, Status, Successfully Completed, Status, Successfully Completed, Status, Successfully Completed, Status, Successfully Completed, Status, Successfully Completed, Status, Successfully Completed, Status, Successfully Completed, Status, Successfully Completed, Status, Successfully Completed, Status, Successfully Completed, Status, Successfully Completed, Status, Successfully Completed, Status, Successfully Completed, Status, Successfully Completed, Status, Successfully Completed, Status, Successfully Completed, Status, Successfully Completed, Status, Successfully Completed, Status, Successfully Completed, Status, Successfully Completed, Status, Successfully Completed, Status, Successfully Completed, Status, Successfully Completed, Status, Successfully Completed, Status, Successfully Completed, Status, Successfully Completed, Status, Successfully Completed, Status, Successfully Completed, Status, Successfully Completed, Status, Successfully Completed, Status, Successfully Completed, Status, Successfully Completed, Status, Successfully Completed, Status, Successfully Completed, Status, Successfully Completed, Status, Successfully Completed, Status, Successfully Completed, Status, Successfully Completed, Status, Successfully Completed, Status, Successfully Completed, Status, Successfully Completed, Status, Successfully Completed, Status, Successfully Completed, Status, Successfully Completed, Status, Successfully Completed, Status, Successfully Completed, Status, Successfully Completed, Status, Successfully Completed, Status, Successfully Completed, Status, Successfully Completed, Status, Successfully Completed, Status, Successfully Completed, Status, Successfully Completed, Status, Successfully Completed, Status, Successfully Completed, Status, Successfully Completed, Status, Successfully Completed, Status, Successfully Completed, Status, Successfully Completed, Status, Successfully Completed, Status, Successfully Completed, Status, Successfully Completed, Status, Successfully Completed, Status, Successfully Completed, Status, Successfully Completed, Status, Successfully Completed, Status, Successfully Completed, Status, Successfully Completed, Status, Successfully Completed, Status, Successfully Completed, Status, Successfully Completed, Status, Successfully Completed, Status, Successfully Completed, Status, Successfully Completed, Status, Successfully Completed, Status, Successfully Completed, Status, Successfully Completed, Status, Successfully Completed, Status, Successfully Completed, Status, Successfully Completed, Status, Successfully Completed, Status, Successfully Completed, Status, Successfully Completed, Status, Successfully Completed, Status, Successfully Completed, Status, Successfully Completed, Status, Successfully Completed, Status, Successfully Completed]
[neelback4more@gmail.com, Subho1991*, Status, Successfully Completed, Status, Successfully Completed, Status, Successfully Completed, Status, Successfully Completed, Status, Successfully Completed, Status, Successfully Completed, Status, Successfully Completed, Status, Successfully Completed, Status, Successfully Completed, Status, Successfully Completed, Status, Successfully Completed, Status, Successfully Completed, Status, Successfully Completed, Status, Successfully Completed, Status, Successfully Completed, Status, Successfully Completed, Status, Successfully Completed, Status, Successfully Completed, Status, Successfully Completed, Status, Successfully Completed, Status, Successfully Completed, Status, Successfully Completed, Status, Successfully Completed, Status, Successfully Completed, Status, Successfully Completed, Status, Successfully Completed, Status, Successfully Completed, Status, Successfully Completed, Status, Successfully Completed, Status, Successfully Completed, Status, Successfully Completed, Status, Successfully Completed, Status, Successfully Completed, Status, Successfully Completed, Status, Successfully Completed, Status, Successfully Completed, Status, Successfully Completed, Status, Successfully Completed, Status, Successfully Completed, Status, Successfully Completed, Status, Successfully Completed, Status, Successfully Completed, Status, Successfully Completed, Status, Successfully Completed, Status, Successfully Completed, Status, Successfully Completed, Status, Successfully Completed, Status, Successfully Completed, Status, Successfully Completed, Status, Successfully Completed, Status, Successfully Completed, Status, Successfully Completed, Status, Successfully Completed, Status, Successfully Completed, Status, Successfully Completed, Status, Successfully Completed, Status, Successfully Completed, Status, Successfully Completed, Status, Successfully Completed, Status, Successfully Completed, Status, Successfully Completed, Status, Successfully Completed, Status, Successfully Completed, Status, Successfully Completed, Status, Successfully Completed, Status, Successfully Completed, Status, Successfully Completed, Status, Successfully Completed, Status, Successfully Completed, Status, Successfully Completed, Status, Successfully Completed, Status, Successfully Completed, Status, Successfully Completed, Status, Successfully Completed, Status, Successfully Completed, Status, Successfully Completed, Status, Successfully Completed, Status, Successfully Completed, Status, Successfully Completed, Status, Successfully Completed, Status, Successfully Completed, Status, Successfully Completed, Status, Successfully Completed, Status, Successfully Completed, Status, Successfully Completed, Status, Successfully Completed, Status, Successfully Completed, Status, Successfully Completed, Status, Successfully Completed, Status, Successfully Completed, Status, Successfully Completed, Status, Successfully Completed, Status, Successfully Completed, Status, Successfully Completed, Status, Successfully Completed, Status, Successfully Completed, Status, Successfully Completed, Status, Successfully Completed, Status, Successfully Completed, Status, Successfully Completed, Status, Successfully Completed, Status, Successfully Completed, Status, Successfully Completed, Status, Successfully Completed, Status, Successfully Completed, Status, Successfully Completed, Status, Successfully Completed, Status, Successfully Completed, Status, Successfully Completed, Status, Successfully Completed, Status, Successfully Completed, Status, Successfully Completed, Status, Successfully Completed, Status, Successfully Completed, Status, Successfully Completed, Status, Successfully Completed, Status, Successfully Completed, Status, Successfully Completed, Status, Successfully Completed, Status, Successfully Completed, Status, Successfully Completed, Status, Successfully Completed, Status, Successfully Completed, Status, Successfully Completed, Status, Successfully Completed, Status, Successfully Completed, Status, Successfully Completed, Status, Successfully Completed, Status, Successfully Completed, Status, Successfully Completed, Status, Successfully Completed, Status, Successfully Completed, Status, Successfully Completed, Status, Successfully Completed, Status, Successfully Completed, Status, Successfully Completed, Status, Successfully Completed, Status, Successfully Completed, Status, Successfully Completed, Status, Successfully Completed, Status, Successfully Completed, Status, Successfully Completed, Status, Successfully Completed, Status, Successfully Completed, Status, Successfully Completed, Status, Successfully Completed, Status, Successfully Completed, Status, Successfully Completed, Status, Successfully Completed, Status, Successfully Completed, Status, Successfully Completed, Status, Successfully Completed, Status, Successfully Completed, Status, Successfully Completed, Status, Successfully Completed, Status, Successfully Completed, Status, Successfully Completed, Status, Successfully Completed, Status, Successfully Completed, Status, Successfully Completed, Status, Successfully Completed, Status, Successfully Completed, Status, Successfully Completed, Status, Successfully Completed, Status, Successfully Completed, Status, Successfully Completed, Status, Successfully Completed, Status, Successfully Completed, Status, Successfully Completed, Status, Successfully Completed, Status, Successfully Completed, Status, Successfully Completed, Status, Successfully Completed, Status, Successfully Completed, Status, Successfully Completed, Status, Successfully Completed, Status, Successfully Completed, Status, Successfully Completed, Status, Successfully Completed, Status, Successfully Completed, Status, Successfully Completed, Status, Successfully Completed, Status, Successfully Completed, Status, Successfully Completed, Status, Successfully Completed, Status, Successfully Completed, Status, Successfully Completed, Status, Successfully Completed, Status, Successfully Completed, Status, Successfully Completed, Status, Successfully Completed, Status, Successfully Completed, Status, Successfully Completed, Status, Successfully Completed, Status, Successfully Completed, Status, Successfully Completed, Status, Successfully Completed, Status, Successfully Completed, Status, Successfully Completed, Status, Successfully Completed, Status, Successfully Completed, Status, Successfully Completed, Status, Successfully Completed, Status, Successfully Completed, Status, Successfully Completed, Status, Successfully Completed, Status, Successfully Completed, Status, Successfully Completed, Status, Successfully Completed, Status, Successfully Completed, Status, Successfully Completed, Status, Successfully Completed, Status, Successfully Completed, Status, Successfully Completed, Status, Successfully Completed, Status, Successfully Completed, Status, Successfully Completed, Status, Successfully Completed, Status, Successfully Completed, Status, Successfully Completed, Status, Successfully Completed, Status, Successfully Completed, Status, Successfully Completed, Status, Successfully Completed, Status, Successfully Completed, Status, Successfully Completed, Status, Successfully Completed, Status, Successfully Completed, Status, Successfully Completed, Status, Successfully Completed, Status, Successfully Completed, Status, Successfully Completed, Status, Successfully Completed, Status, Successfully Completed, Status, Successfully Completed, Status, Successfully Completed, Status, Successfully Completed, Status, Successfully Completed, Status, Successfully Completed, Status, Successfully Completed, Status, Successfully Completed, Status, Successfully Completed, Status, Successfully Completed, Status, Successfully Completed, Status, Successfully Completed, Status, Successfully Completed, Status, Successfully Completed, Status, Successfully Completed, Status, Successfully Completed, Status, Successfully Completed, Status, Successfully Completed, Status, Successfully Completed, Status, Successfully Completed, Status, Successfully Completed, Status, Successfully Completed, Status, Successfully Completed, Status, Successfully Completed, Status, Successfully Completed, Status, Successfully Completed, Status, Successfully Completed, Status]
[neelback4more@gmail.com, Subho1991*, Status, Successfully Completed, Status, Successfully Completed, Status, Successfully Completed, Status, Successfully Completed, Status, Successfully Completed, Status, Successfully Completed, Status, Successfully Completed, Status, Successfully Completed, Status, Successfully Completed, Status, Successfully Completed, Status, Successfully Completed, Status, Successfully Completed, Status, Successfully Completed, Status, Successfully Completed, Status, Successfully Completed, Status, Successfully Completed, Status, Successfully Completed, Status, Successfully Completed, Status, Successfully Completed, Status, Successfully Completed, Status, Successfully Completed, Status, Successfully Completed, Status, Successfully Completed, Status, Successfully Completed, Status, Successfully Completed, Status, Successfully Completed, Status, Successfully Completed, Status, Successfully Completed, Status, Successfully Completed, Status, Successfully Completed, Status, Successfully Completed, Status, Successfully Completed, Status, Successfully Completed, Status, Successfully Completed, Status, Successfully Completed, Status, Successfully Completed, Status, Successfully Completed, Status, Successfully Completed, Status, Successfully Completed, Status, Successfully Completed, Status, Successfully Completed, Status, Successfully Completed, Status, Successfully Completed, Status, Successfully Completed, Status, Successfully Completed, Status, Successfully Completed, Status, Successfully Completed, Status, Successfully Completed, Status, Successfully Completed, Status, Successfully Completed, Status, Successfully Completed, Status, Successfully Completed, Status, Successfully Completed, Status, Successfully Completed, Status, Successfully Completed, Status, Successfully Completed, Status, Successfully Completed, Status, Successfully Completed, Status, Successfully Completed, Status, Successfully Completed, Status, Successfully Completed, Status, Successfully Completed, Status, Successfully Completed, Status, Successfully Completed, Status, Successfully Completed, Status, Successfully Completed, Status, Successfully Completed, Status, Successfully Completed, Status, Successfully Completed, Status, Successfully Completed, Status, Successfully Completed, Status, Successfully Completed, Status, Successfully Completed, Status, Successfully Completed, Status, Successfully Completed, Status, Successfully Completed, Status, Successfully Completed, Status, Successfully Completed, Status, Successfully Completed, Status, Successfully Completed, Status, Successfully Completed, Status, Successfully Completed, Status, Successfully Completed, Status, Successfully Completed, Status, Successfully Completed, Status, Successfully Completed, Status, Successfully Completed, Status, Successfully Completed, Status, Successfully Completed, Status, Successfully Completed, Status, Successfully Completed, Status, Successfully Completed, Status, Successfully Completed, Status, Successfully Completed, Status, Successfully Completed, Status, Successfully Completed, Status, Successfully Completed, Status, Successfully Completed, Status, Successfully Completed, Status, Successfully Completed, Status, Successfully Completed, Status, Successfully Completed, Status, Successfully Completed, Status, Successfully Completed, Status, Successfully Completed, Status, Successfully Completed, Status, Successfully Completed, Status, Successfully Completed, Status, Successfully Completed, Status, Successfully Completed, Status, Successfully Completed, Status, Successfully Completed, Status, Successfully Completed, Status, Successfully Completed, Status, Successfully Completed, Status, Successfully Completed, Status, Successfully Completed, Status, Successfully Completed, Status, Successfully Completed, Status, Successfully Completed, Status, Successfully Completed, Status, Successfully Completed, Status, Successfully Completed, Status, Successfully Completed, Status, Successfully Completed, Status, Successfully Completed, Status, Successfully Completed, Status, Successfully Completed, Status, Successfully Completed, Status, Successfully Completed, Status, Successfully Completed, Status, Successfully Completed, Status, Successfully Completed, Status, Successfully Completed, Status, Successfully Completed, Status, Successfully Completed, Status, Successfully Completed, Status, Successfully Completed, Status, Successfully Completed, Status, Successfully Completed, Status, Successfully Completed, Status, Successfully Completed, Status, Successfully Completed, Status, Successfully Completed, Status, Successfully Completed, Status, Successfully Completed, Status, Successfully Completed, Status, Successfully Completed, Status, Successfully Completed, Status, Successfully Completed, Status, Successfully Completed, Status, Successfully Completed, Status, Successfully Completed, Status, Successfully Completed, Status, Successfully Completed, Status, Successfully Completed, Status, Successfully Completed, Status, Successfully Completed, Status, Successfully Completed, Status, Successfully Completed, Status, Successfully Completed, Status, Successfully Completed, Status, Successfully Completed, Status, Successfully Completed, Status, Successfully Completed, Status, Successfully Completed, Status, Successfully Completed, Status, Successfully Completed, Status, Successfully Completed, Status, Successfully Completed, Status, Successfully Completed, Status, Successfully Completed, Status, Successfully Completed, Status, Successfully Completed, Status, Successfully Completed, Status, Successfully Completed, Status, Successfully Completed, Status, Successfully Completed, Status, Successfully Completed, Status, Successfully Completed, Status, Successfully Completed, Status, Successfully Completed, Status, Successfully Completed, Status, Successfully Completed, Status, Successfully Completed, Status, Successfully Completed, Status, Successfully Completed, Status, Successfully Completed, Status, Successfully Completed, Status, Successfully Completed, Status, Successfully Completed, Status, Successfully Completed, Status, Successfully Completed, Status, Successfully Completed, Status, Successfully Completed, Status, Successfully Completed, Status, Successfully Completed, Status, Successfully Completed, Status, Successfully Completed, Status, Successfully Completed, Status, Successfully Completed, Status, Successfully Completed, Status, Successfully Completed, Status, Successfully Completed, Status, Successfully Completed, Status, Successfully Completed, Status, Successfully Completed, Status, Successfully Completed, Status, Successfully Completed, Status, Successfully Completed, Status, Successfully Completed, Status, Successfully Completed, Status, Successfully Completed, Status, Successfully Completed, Status, Successfully Completed, Status, Successfully Completed, Status, Successfully Completed, Status, Successfully Completed, Status, Successfully Completed, Status, Successfully Completed, Status, Successfully Completed, Status, Successfully Completed, Status, Successfully Completed, Status, Successfully Completed, Status, Successfully Completed, Status, Successfully Completed, Status, Successfully Completed, Status, Successfully Completed, Status, Successfully Completed, Status, Successfully Completed, Status, Successfully Completed, Status, Successfully Completed, Status, Successfully Completed, Status, Successfully Completed, Status, Successfully Completed, Status, Successfully Completed, Status, Successfully Completed, Status, Successfully Completed, Status, Successfully Completed, Status, Successfully Completed, Status, Successfully Completed, Status, Successfully Completed, Status, Successfully Completed, Status, Successfully Completed, Status, Successfully Completed, Status, Successfully Completed, Status, Successfully Completed, Status, Successfully Completed, Status, Successfully Completed, Status, Successfully Completed, Status, Successfully Completed, Status, Successfully Completed, Status, Successfully Completed, Status, Successfully Completed, Status, Successfully Completed, Status, Successfully Completed, Status, Successfully Completed, Status, Successfully Completed, Status, Successfully Completed, Status, Successfully Completed, Status, Successfully Completed]
[neelback4more@gmail.com, Subho1991*, Status, Successfully Completed, Status, Successfully Completed, Status, Successfully Completed, Status, Successfully Completed, Status, Successfully Completed, Status, Successfully Completed, Status, Successfully Completed, Status, Successfully Completed, Status, Successfully Completed, Status, Successfully Completed, Status, Successfully Completed, Status, Successfully Completed, Status, Successfully Completed, Status, Successfully Completed, Status, Successfully Completed, Status, Successfully Completed, Status, Successfully Completed, Status, Successfully Completed, Status, Successfully Completed, Status, Successfully Completed, Status, Successfully Completed, Status, Successfully Completed, Status, Successfully Completed, Status, Successfully Completed, Status, Successfully Completed, Status, Successfully Completed, Status, Successfully Completed, Status, Successfully Completed, Status, Successfully Completed, Status, Successfully Completed, Status, Successfully Completed, Status, Successfully Completed, Status, Successfully Completed, Status, Successfully Completed, Status, Successfully Completed, Status, Successfully Completed, Status, Successfully Completed, Status, Successfully Completed, Status, Successfully Completed, Status, Successfully Completed, Status, Successfully Completed, Status, Successfully Completed, Status, Successfully Completed, Status, Successfully Completed, Status, Successfully Completed, Status, Successfully Completed, Status, Successfully Completed, Status, Successfully Completed, Status, Successfully Completed, Status, Successfully Completed, Status, Successfully Completed, Status, Successfully Completed, Status, Successfully Completed, Status, Successfully Completed, Status, Successfully Completed, Status, Successfully Completed, Status, Successfully Completed, Status, Successfully Completed, Status, Successfully Completed, Status, Successfully Completed, Status, Successfully Completed, Status, Successfully Completed, Status, Successfully Completed, Status, Successfully Completed, Status, Successfully Completed, Status, Successfully Completed, Status, Successfully Completed, Status, Successfully Completed, Status, Successfully Completed, Status, Successfully Completed, Status, Successfully Completed, Status, Successfully Completed, Status, Successfully Completed, Status, Successfully Completed, Status, Successfully Completed, Status, Successfully Completed, Status, Successfully Completed, Status, Successfully Completed, Status, Successfully Completed, Status, Successfully Completed, Status, Successfully Completed, Status, Successfully Completed, Status, Successfully Completed, Status, Successfully Completed, Status, Successfully Completed, Status, Successfully Completed, Status, Successfully Completed, Status, Successfully Completed, Status, Successfully Completed, Status, Successfully Completed, Status, Successfully Completed, Status, Successfully Completed, Status, Successfully Completed, Status, Successfully Completed, Status, Successfully Completed, Status, Successfully Completed, Status, Successfully Completed, Status, Successfully Completed, Status, Successfully Completed, Status, Successfully Completed, Status, Successfully Completed, Status, Successfully Completed, Status, Successfully Completed, Status, Successfully Completed, Status, Successfully Completed, Status, Successfully Completed, Status, Successfully Completed, Status, Successfully Completed, Status, Successfully Completed, Status, Successfully Completed, Status, Successfully Completed, Status, Successfully Completed, Status, Successfully Completed, Status, Successfully Completed, Status, Successfully Completed, Status, Successfully Completed, Status, Successfully Completed, Status, Successfully Completed, Status, Successfully Completed, Status, Successfully Completed, Status, Successfully Completed, Status, Successfully Completed, Status, Successfully Completed, Status, Successfully Completed, Status, Successfully Completed, Status, Successfully Completed, Status, Successfully Completed, Status, Successfully Completed, Status, Successfully Completed, Status, Successfully Completed, Status, Successfully Completed, Status, Successfully Completed, Status, Successfully Completed, Status, Successfully Completed, Status, Successfully Completed, Status, Successfully Completed, Status, Successfully Completed, Status, Successfully Completed, Status, Successfully Completed, Status, Successfully Completed, Status, Successfully Completed, Status, Successfully Completed, Status, Successfully Completed, Status, Successfully Completed, Status, Successfully Completed, Status, Successfully Completed, Status, Successfully Completed, Status, Successfully Completed, Status, Successfully Completed, Status, Successfully Completed, Status, Successfully Completed, Status, Successfully Completed, Status, Successfully Completed, Status, Successfully Completed, Status, Successfully Completed, Status, Successfully Completed, Status, Successfully Completed, Status, Successfully Completed, Status, Successfully Completed, Status, Successfully Completed, Status, Successfully Completed, Status, Successfully Completed, Status, Successfully Completed, Status, Successfully Completed, Status, Successfully Completed, Status, Successfully Completed, Status, Successfully Completed, Status, Successfully Completed, Status, Successfully Completed, Status, Successfully Completed, Status, Successfully Completed, Status, Successfully Completed, Status, Successfully Completed, Status, Successfully Completed, Status, Successfully Completed, Status, Successfully Completed, Status, Successfully Completed, Status, Successfully Completed, Status, Successfully Completed, Status, Successfully Completed, Status, Successfully Completed, Status, Successfully Completed, Status, Successfully Completed, Status, Successfully Completed, Status, Successfully Completed, Status, Successfully Completed, Status, Successfully Completed, Status, Successfully Completed, Status, Successfully Completed, Status, Successfully Completed, Status, Successfully Completed, Status, Successfully Completed, Status, Successfully Completed, Status, Successfully Completed, Status, Successfully Completed, Status, Successfully Completed, Status, Successfully Completed, Status, Successfully Completed, Status, Successfully Completed, Status, Successfully Completed, Status, Successfully Completed, Status, Successfully Completed, Status, Successfully Completed, Status, Successfully Completed, Status, Successfully Completed, Status, Successfully Completed, Status, Successfully Completed, Status, Successfully Completed, Status, Successfully Completed, Status, Successfully Completed, Status, Successfully Completed, Status, Successfully Completed, Status, Successfully Completed, Status, Successfully Completed, Status, Successfully Completed, Status, Successfully Completed, Status, Successfully Completed, Status, Successfully Completed, Status, Successfully Completed, Status, Successfully Completed, Status, Successfully Completed, Status, Successfully Completed, Status, Successfully Completed, Status, Successfully Completed, Status, Successfully Completed, Status, Successfully Completed, Status, Successfully Completed, Status, Successfully Completed, Status, Successfully Completed, Status, Successfully Completed, Status, Successfully Completed, Status, Successfully Completed, Status, Successfully Completed, Status, Successfully Completed, Status, Successfully Completed, Status, Successfully Completed, Status, Successfully Completed, Status, Successfully Completed, Status, Successfully Completed, Status, Successfully Completed, Status, Successfully Completed, Status, Successfully Completed, Status, Successfully Completed, Status, Successfully Completed, Status, Successfully Completed, Status, Successfully Completed, Status, Successfully Completed, Status, Successfully Completed, Status, Successfully Completed, Status, Successfully Completed, Status, Successfully Completed, Status, Successfully Completed, Status, Successfully Completed, Status, Successfully Completed, Status, Successfully Completed, Status, Successfully Completed, Status, Successfully Completed, Status, Successfully Completed, Status, Successfully Completed, Status, Successfully Completed, Status, Successfully Completed, Status]
[neelback4more@gmail.com, Subho1991*, Status, Successfully Completed, Status, Successfully Completed, Status, Successfully Completed, Status, Successfully Completed, Status, Successfully Completed, Status, Successfully Completed, Status, Successfully Completed, Status, Successfully Completed, Status, Successfully Completed, Status, Successfully Completed, Status, Successfully Completed, Status, Successfully Completed, Status, Successfully Completed, Status, Successfully Completed, Status, Successfully Completed, Status, Successfully Completed, Status, Successfully Completed, Status, Successfully Completed, Status, Successfully Completed, Status, Successfully Completed, Status, Successfully Completed, Status, Successfully Completed, Status, Successfully Completed, Status, Successfully Completed, Status, Successfully Completed, Status, Successfully Completed, Status, Successfully Completed, Status, Successfully Completed, Status, Successfully Completed, Status, Successfully Completed, Status, Successfully Completed, Status, Successfully Completed, Status, Successfully Completed, Status, Successfully Completed, Status, Successfully Completed, Status, Successfully Completed, Status, Successfully Completed, Status, Successfully Completed, Status, Successfully Completed, Status, Successfully Completed, Status, Successfully Completed, Status, Successfully Completed, Status, Successfully Completed, Status, Successfully Completed, Status, Successfully Completed, Status, Successfully Completed, Status, Successfully Completed, Status, Successfully Completed, Status, Successfully Completed, Status, Successfully Completed, Status, Successfully Completed, Status, Successfully Completed, Status, Successfully Completed, Status, Successfully Completed, Status, Successfully Completed, Status, Successfully Completed, Status, Successfully Completed, Status, Successfully Completed, Status, Successfully Completed, Status, Successfully Completed, Status, Successfully Completed, Status, Successfully Completed, Status, Successfully Completed, Status, Successfully Completed, Status, Successfully Completed, Status, Successfully Completed, Status, Successfully Completed, Status, Successfully Completed, Status, Successfully Completed, Status, Successfully Completed, Status, Successfully Completed, Status, Successfully Completed, Status, Successfully Completed, Status, Successfully Completed, Status, Successfully Completed, Status, Successfully Completed, Status, Successfully Completed, Status, Successfully Completed, Status, Successfully Completed, Status, Successfully Completed, Status, Successfully Completed, Status, Successfully Completed, Status, Successfully Completed, Status, Successfully Completed, Status, Successfully Completed, Status, Successfully Completed, Status, Successfully Completed, Status, Successfully Completed, Status, Successfully Completed, Status, Successfully Completed, Status, Successfully Completed, Status, Successfully Completed, Status, Successfully Completed, Status, Successfully Completed, Status, Successfully Completed, Status, Successfully Completed, Status, Successfully Completed, Status, Successfully Completed, Status, Successfully Completed, Status, Successfully Completed, Status, Successfully Completed, Status, Successfully Completed, Status, Successfully Completed, Status, Successfully Completed, Status, Successfully Completed, Status, Successfully Completed, Status, Successfully Completed, Status, Successfully Completed, Status, Successfully Completed, Status, Successfully Completed, Status, Successfully Completed, Status, Successfully Completed, Status, Successfully Completed, Status, Successfully Completed, Status, Successfully Completed, Status, Successfully Completed, Status, Successfully Completed, Status, Successfully Completed, Status, Successfully Completed, Status, Successfully Completed, Status, Successfully Completed, Status, Successfully Completed, Status, Successfully Completed, Status, Successfully Completed, Status, Successfully Completed, Status, Successfully Completed, Status, Successfully Completed, Status, Successfully Completed, Status, Successfully Completed, Status, Successfully Completed, Status, Successfully Completed, Status, Successfully Completed, Status, Successfully Completed, Status, Successfully Completed, Status, Successfully Completed, Status, Successfully Completed, Status, Successfully Completed, Status, Successfully Completed, Status, Successfully Completed, Status, Successfully Completed, Status, Successfully Completed, Status, Successfully Completed, Status, Successfully Completed, Status, Successfully Completed, Status, Successfully Completed, Status, Successfully Completed, Status, Successfully Completed, Status, Successfully Completed, Status, Successfully Completed, Status, Successfully Completed, Status, Successfully Completed, Status, Successfully Completed, Status, Successfully Completed, Status, Successfully Completed, Status, Successfully Completed, Status, Successfully Completed, Status, Successfully Completed, Status, Successfully Completed, Status, Successfully Completed, Status, Successfully Completed, Status, Successfully Completed, Status, Successfully Completed, Status, Successfully Completed, Status, Successfully Completed, Status, Successfully Completed, Status, Successfully Completed, Status, Successfully Completed, Status, Successfully Completed, Status, Successfully Completed, Status, Successfully Completed, Status, Successfully Completed, Status, Successfully Completed, Status, Successfully Completed, Status, Successfully Completed, Status, Successfully Completed, Status, Successfully Completed, Status, Successfully Completed, Status, Successfully Completed, Status, Successfully Completed, Status, Successfully Completed, Status, Successfully Completed, Status, Successfully Completed, Status, Successfully Completed, Status, Successfully Completed, Status, Successfully Completed, Status, Successfully Completed, Status, Successfully Completed, Status, Successfully Completed, Status, Successfully Completed, Status, Successfully Completed, Status, Successfully Completed, Status, Successfully Completed, Status, Successfully Completed, Status, Successfully Completed, Status, Successfully Completed, Status, Successfully Completed, Status, Successfully Completed, Status, Successfully Completed, Status, Successfully Completed, Status, Successfully Completed, Status, Successfully Completed, Status, Successfully Completed, Status, Successfully Completed, Status, Successfully Completed, Status, Successfully Completed, Status, Successfully Completed, Status, Successfully Completed, Status, Successfully Completed, Status, Successfully Completed, Status, Successfully Completed, Status, Successfully Completed, Status, Successfully Completed, Status, Successfully Completed, Status, Successfully Completed, Status, Successfully Completed, Status, Successfully Completed, Status, Successfully Completed, Status, Successfully Completed, Status, Successfully Completed, Status, Successfully Completed, Status, Successfully Completed, Status, Successfully Completed, Status, Successfully Completed, Status, Successfully Completed, Status, Successfully Completed, Status, Successfully Completed, Status, Successfully Completed, Status, Successfully Completed, Status, Successfully Completed, Status, Successfully Completed, Status, Successfully Completed, Status, Successfully Completed, Status, Successfully Completed, Status, Successfully Completed, Status, Successfully Completed, Status, Successfully Completed, Status, Successfully Completed, Status, Successfully Completed, Status, Successfully Completed, Status, Successfully Completed, Status, Successfully Completed, Status, Successfully Completed, Status, Successfully Completed, Status, Successfully Completed, Status, Successfully Completed, Status, Successfully Completed, Status, Successfully Completed, Status, Successfully Completed, Status, Successfully Completed, Status, Successfully Completed, Status, Successfully Completed, Status, Successfully Completed, Status, Successfully Completed, Status, Successfully Completed, Status, Successfully Completed, Status, Successfully Completed, Status, Successfully Completed, Status, Successfully Completed, Status, Successfully Completed, Status, Successfully Completed, Status, Successfully Completed, Status, Successfully Completed]
[neelback4more@gmail.com, Subho1991*, Status, Successfully Completed, Status, Successfully Completed, Status, Successfully Completed, Status, Successfully Completed, Status, Successfully Completed, Status, Successfully Completed, Status, Successfully Completed, Status, Successfully Completed, Status, Successfully Completed, Status, Successfully Completed, Status, Successfully Completed, Status, Successfully Completed, Status, Successfully Completed, Status, Successfully Completed, Status, Successfully Completed, Status, Successfully Completed, Status, Successfully Completed, Status, Successfully Completed, Status, Successfully Completed, Status, Successfully Completed, Status, Successfully Completed, Status, Successfully Completed, Status, Successfully Completed, Status, Successfully Completed, Status, Successfully Completed, Status, Successfully Completed, Status, Successfully Completed, Status, Successfully Completed, Status, Successfully Completed, Status, Successfully Completed, Status, Successfully Completed, Status, Successfully Completed, Status, Successfully Completed, Status, Successfully Completed, Status, Successfully Completed, Status, Successfully Completed, Status, Successfully Completed, Status, Successfully Completed, Status, Successfully Completed, Status, Successfully Completed, Status, Successfully Completed, Status, Successfully Completed, Status, Successfully Completed, Status, Successfully Completed, Status, Successfully Completed, Status, Successfully Completed, Status, Successfully Completed, Status, Successfully Completed, Status, Successfully Completed, Status, Successfully Completed, Status, Successfully Completed, Status, Successfully Completed, Status, Successfully Completed, Status, Successfully Completed, Status, Successfully Completed, Status, Successfully Completed, Status, Successfully Completed, Status, Successfully Completed, Status, Successfully Completed, Status, Successfully Completed, Status, Successfully Completed, Status, Successfully Completed, Status, Successfully Completed, Status, Successfully Completed, Status, Successfully Completed, Status, Successfully Completed, Status, Successfully Completed, Status, Successfully Completed, Status, Successfully Completed, Status, Successfully Completed, Status, Successfully Completed, Status, Successfully Completed, Status, Successfully Completed, Status, Successfully Completed, Status, Successfully Completed, Status, Successfully Completed, Status, Successfully Completed, Status, Successfully Completed, Status, Successfully Completed, Status, Successfully Completed, Status, Successfully Completed, Status, Successfully Completed, Status, Successfully Completed, Status, Successfully Completed, Status, Successfully Completed, Status, Successfully Completed, Status, Successfully Completed, Status, Successfully Completed, Status, Successfully Completed, Status, Successfully Completed, Status, Successfully Completed, Status, Successfully Completed, Status, Successfully Completed, Status, Successfully Completed, Status, Successfully Completed, Status, Successfully Completed, Status, Successfully Completed, Status, Successfully Completed, Status, Successfully Completed, Status, Successfully Completed, Status, Successfully Completed, Status, Successfully Completed, Status, Successfully Completed, Status, Successfully Completed, Status, Successfully Completed, Status, Successfully Completed, Status, Successfully Completed, Status, Successfully Completed, Status, Successfully Completed, Status, Successfully Completed, Status, Successfully Completed, Status, Successfully Completed, Status, Successfully Completed, Status, Successfully Completed, Status, Successfully Completed, Status, Successfully Completed, Status, Successfully Completed, Status, Successfully Completed, Status, Successfully Completed, Status, Successfully Completed, Status, Successfully Completed, Status, Successfully Completed, Status, Successfully Completed, Status, Successfully Completed, Status, Successfully Completed, Status, Successfully Completed, Status, Successfully Completed, Status, Successfully Completed, Status, Successfully Completed, Status, Successfully Completed, Status, Successfully Completed, Status, Successfully Completed, Status, Successfully Completed, Status, Successfully Completed, Status, Successfully Completed, Status, Successfully Completed, Status, Successfully Completed, Status, Successfully Completed, Status, Successfully Completed, Status, Successfully Completed, Status, Successfully Completed, Status, Successfully Completed, Status, Successfully Completed, Status, Successfully Completed, Status, Successfully Completed, Status, Successfully Completed, Status, Successfully Completed, Status, Successfully Completed, Status, Successfully Completed, Status, Successfully Completed, Status, Successfully Completed, Status, Successfully Completed, Status, Successfully Completed, Status, Successfully Completed, Status, Successfully Completed, Status, Successfully Completed, Status, Successfully Completed, Status, Successfully Completed, Status, Successfully Completed, Status, Successfully Completed, Status, Successfully Completed, Status, Successfully Completed, Status, Successfully Completed, Status, Successfully Completed, Status, Successfully Completed, Status, Successfully Completed, Status, Successfully Completed, Status, Successfully Completed, Status, Successfully Completed, Status, Successfully Completed, Status, Successfully Completed, Status, Successfully Completed, Status, Successfully Completed, Status, Successfully Completed, Status, Successfully Completed, Status, Successfully Completed, Status, Successfully Completed, Status, Successfully Completed, Status, Successfully Completed, Status, Successfully Completed, Status, Successfully Completed, Status, Successfully Completed, Status, Successfully Completed, Status, Successfully Completed, Status, Successfully Completed, Status, Successfully Completed, Status, Successfully Completed, Status, Successfully Completed, Status, Successfully Completed, Status, Successfully Completed, Status, Successfully Completed, Status, Successfully Completed, Status, Successfully Completed, Status, Successfully Completed, Status, Successfully Completed, Status, Successfully Completed, Status, Successfully Completed, Status, Successfully Completed, Status, Successfully Completed, Status, Successfully Completed, Status, Successfully Completed, Status, Successfully Completed, Status, Successfully Completed, Status, Successfully Completed, Status, Successfully Completed, Status, Successfully Completed, Status, Successfully Completed, Status, Successfully Completed, Status, Successfully Completed, Status, Successfully Completed, Status, Successfully Completed, Status, Successfully Completed, Status, Successfully Completed, Status, Successfully Completed, Status, Successfully Completed, Status, Successfully Completed, Status, Successfully Completed, Status, Successfully Completed, Status, Successfully Completed, Status, Successfully Completed, Status, Successfully Completed, Status, Successfully Completed, Status, Successfully Completed, Status, Successfully Completed, Status, Successfully Completed, Status, Successfully Completed, Status, Successfully Completed, Status, Successfully Completed, Status, Successfully Completed, Status, Successfully Completed, Status, Successfully Completed, Status, Successfully Completed, Status, Successfully Completed, Status, Successfully Completed, Status, Successfully Completed, Status, Successfully Completed, Status, Successfully Completed, Status, Successfully Completed, Status, Successfully Completed, Status, Successfully Completed, Status, Successfully Completed, Status, Successfully Completed, Status, Successfully Completed, Status, Successfully Completed, Status, Successfully Completed, Status, Successfully Completed, Status, Successfully Completed, Status, Successfully Completed, Status, Successfully Completed, Status, Successfully Completed, Status, Successfully Completed, Status, Successfully Completed, Status, Successfully Completed, Status, Successfully Completed, Status, Successfully Completed, Status, Successfully Completed, Status, Successfully Completed, Status, Successfully Completed, Status, Successfully Completed, Status, Successfully Completed, Status, Successfully Completed, Status, Successfully Completed, Status]
[neelback4more@gmail.com, Subho1991*, Status, Successfully Completed, Status, Successfully Completed, Status, Successfully Completed, Status, Successfully Completed, Status, Successfully Completed, Status, Successfully Completed, Status, Successfully Completed, Status, Successfully Completed, Status, Successfully Completed, Status, Successfully Completed, Status, Successfully Completed, Status, Successfully Completed, Status, Successfully Completed, Status, Successfully Completed, Status, Successfully Completed, Status, Successfully Completed, Status, Successfully Completed, Status, Successfully Completed, Status, Successfully Completed, Status, Successfully Completed, Status, Successfully Completed, Status, Successfully Completed, Status, Successfully Completed, Status, Successfully Completed, Status, Successfully Completed, Status, Successfully Completed, Status, Successfully Completed, Status, Successfully Completed, Status, Successfully Completed, Status, Successfully Completed, Status, Successfully Completed, Status, Successfully Completed, Status, Successfully Completed, Status, Successfully Completed, Status, Successfully Completed, Status, Successfully Completed, Status, Successfully Completed, Status, Successfully Completed, Status, Successfully Completed, Status, Successfully Completed, Status, Successfully Completed, Status, Successfully Completed, Status, Successfully Completed, Status, Successfully Completed, Status, Successfully Completed, Status, Successfully Completed, Status, Successfully Completed, Status, Successfully Completed, Status, Successfully Completed, Status, Successfully Completed, Status, Successfully Completed, Status, Successfully Completed, Status, Successfully Completed, Status, Successfully Completed, Status, Successfully Completed, Status, Successfully Completed, Status, Successfully Completed, Status, Successfully Completed, Status, Successfully Completed, Status, Successfully Completed, Status, Successfully Completed, Status, Successfully Completed, Status, Successfully Completed, Status, Successfully Completed, Status, Successfully Completed, Status, Successfully Completed, Status, Successfully Completed, Status, Successfully Completed, Status, Successfully Completed, Status, Successfully Completed, Status, Successfully Completed, Status, Successfully Completed, Status, Successfully Completed, Status, Successfully Completed, Status, Successfully Completed, Status, Successfully Completed, Status, Successfully Completed, Status, Successfully Completed, Status, Successfully Completed, Status, Successfully Completed, Status, Successfully Completed, Status, Successfully Completed, Status, Successfully Completed, Status, Successfully Completed, Status, Successfully Completed, Status, Successfully Completed, Status, Successfully Completed, Status, Successfully Completed, Status, Successfully Completed, Status, Successfully Completed, Status, Successfully Completed, Status, Successfully Completed, Status, Successfully Completed, Status, Successfully Completed, Status, Successfully Completed, Status, Successfully Completed, Status, Successfully Completed, Status, Successfully Completed, Status, Successfully Completed, Status, Successfully Completed, Status, Successfully Completed, Status, Successfully Completed, Status, Successfully Completed, Status, Successfully Completed, Status, Successfully Completed, Status, Successfully Completed, Status, Successfully Completed, Status, Successfully Completed, Status, Successfully Completed, Status, Successfully Completed, Status, Successfully Completed, Status, Successfully Completed, Status, Successfully Completed, Status, Successfully Completed, Status, Successfully Completed, Status, Successfully Completed, Status, Successfully Completed, Status, Successfully Completed, Status, Successfully Completed, Status, Successfully Completed, Status, Successfully Completed, Status, Successfully Completed, Status, Successfully Completed, Status, Successfully Completed, Status, Successfully Completed, Status, Successfully Completed, Status, Successfully Completed, Status, Successfully Completed, Status, Successfully Completed, Status, Successfully Completed, Status, Successfully Completed, Status, Successfully Completed, Status, Successfully Completed, Status, Successfully Completed, Status, Successfully Completed, Status, Successfully Completed, Status, Successfully Completed, Status, Successfully Completed, Status, Successfully Completed, Status, Successfully Completed, Status, Successfully Completed, Status, Successfully Completed, Status, Successfully Completed, Status, Successfully Completed, Status, Successfully Completed, Status, Successfully Completed, Status, Successfully Completed, Status, Successfully Completed, Status, Successfully Completed, Status, Successfully Completed, Status, Successfully Completed, Status, Successfully Completed, Status, Successfully Completed, Status, Successfully Completed, Status, Successfully Completed, Status, Successfully Completed, Status, Successfully Completed, Status, Successfully Completed, Status, Successfully Completed, Status, Successfully Completed, Status, Successfully Completed, Status, Successfully Completed, Status, Successfully Completed, Status, Successfully Completed, Status, Successfully Completed, Status, Successfully Completed, Status, Successfully Completed, Status, Successfully Completed, Status, Successfully Completed, Status, Successfully Completed, Status, Successfully Completed, Status, Successfully Completed, Status, Successfully Completed, Status, Successfully Completed, Status, Successfully Completed, Status, Successfully Completed, Status, Successfully Completed, Status, Successfully Completed, Status, Successfully Completed, Status, Successfully Completed, Status, Successfully Completed, Status, Successfully Completed, Status, Successfully Completed, Status, Successfully Completed, Status, Successfully Completed, Status, Successfully Completed, Status, Successfully Completed, Status, Successfully Completed, Status, Successfully Completed, Status, Successfully Completed, Status, Successfully Completed, Status, Successfully Completed, Status, Successfully Completed, Status, Successfully Completed, Status, Successfully Completed, Status, Successfully Completed, Status, Successfully Completed, Status, Successfully Completed, Status, Successfully Completed, Status, Successfully Completed, Status, Successfully Completed, Status, Successfully Completed, Status, Successfully Completed, Status, Successfully Completed, Status, Successfully Completed, Status, Successfully Completed, Status, Successfully Completed, Status, Successfully Completed, Status, Successfully Completed, Status, Successfully Completed, Status, Successfully Completed, Status, Successfully Completed, Status, Successfully Completed, Status, Successfully Completed, Status, Successfully Completed, Status, Successfully Completed, Status, Successfully Completed, Status, Successfully Completed, Status, Successfully Completed, Status, Successfully Completed, Status, Successfully Completed, Status, Successfully Completed, Status, Successfully Completed, Status, Successfully Completed, Status, Successfully Completed, Status, Successfully Completed, Status, Successfully Completed, Status, Successfully Completed, Status, Successfully Completed, Status, Successfully Completed, Status, Successfully Completed, Status, Successfully Completed, Status, Successfully Completed, Status, Successfully Completed, Status, Successfully Completed, Status, Successfully Completed, Status, Successfully Completed, Status, Successfully Completed, Status, Successfully Completed, Status, Successfully Completed, Status, Successfully Completed, Status, Successfully Completed, Status, Successfully Completed, Status, Successfully Completed, Status, Successfully Completed, Status, Successfully Completed, Status, Successfully Completed, Status, Successfully Completed, Status, Successfully Completed, Status, Successfully Completed, Status, Successfully Completed, Status, Successfully Completed, Status, Successfully Completed, Status, Successfully Completed, Status, Successfully Completed, Status, Successfully Completed, Status, Successfully Completed, Status, Successfully Completed, Status, Successfully Completed, Status, Successfully Completed, Status, Successfully Completed, Status, Successfully Completed, Status, Successfully Completed]
[neelback4more@gmail.com, Subho1991*, Status, Successfully Completed, Status, Successfully Completed, Status, Successfully Completed, Status, Successfully Completed, Status, Successfully Completed, Status, Successfully Completed, Status, Successfully Completed, Status, Successfully Completed, Status, Successfully Completed, Status, Successfully Completed, Status, Successfully Completed, Status, Successfully Completed, Status, Successfully Completed, Status, Successfully Completed, Status, Successfully Completed, Status, Successfully Completed, Status, Successfully Completed, Status, Successfully Completed, Status, Successfully Completed, Status, Successfully Completed, Status, Successfully Completed, Status, Successfully Completed, Status, Successfully Completed, Status, Successfully Completed, Status, Successfully Completed, Status, Successfully Completed, Status, Successfully Completed, Status, Successfully Completed, Status, Successfully Completed, Status, Successfully Completed, Status, Successfully Completed, Status, Successfully Completed, Status, Successfully Completed, Status, Successfully Completed, Status, Successfully Completed, Status, Successfully Completed, Status, Successfully Completed, Status, Successfully Completed, Status, Successfully Completed, Status, Successfully Completed, Status, Successfully Completed, Status, Successfully Completed, Status, Successfully Completed, Status, Successfully Completed, Status, Successfully Completed, Status, Successfully Completed, Status, Successfully Completed, Status, Successfully Completed, Status, Successfully Completed, Status, Successfully Completed, Status, Successfully Completed, Status, Successfully Completed, Status, Successfully Completed, Status, Successfully Completed, Status, Successfully Completed, Status, Successfully Completed, Status, Successfully Completed, Status, Successfully Completed, Status, Successfully Completed, Status, Successfully Completed, Status, Successfully Completed, Status, Successfully Completed, Status, Successfully Completed, Status, Successfully Completed, Status, Successfully Completed, Status, Successfully Completed, Status, Successfully Completed, Status, Successfully Completed, Status, Successfully Completed, Status, Successfully Completed, Status, Successfully Completed, Status, Successfully Completed, Status, Successfully Completed, Status, Successfully Completed, Status, Successfully Completed, Status, Successfully Completed, Status, Successfully Completed, Status, Successfully Completed, Status, Successfully Completed, Status, Successfully Completed, Status, Successfully Completed, Status, Successfully Completed, Status, Successfully Completed, Status, Successfully Completed, Status, Successfully Completed, Status, Successfully Completed, Status, Successfully Completed, Status, Successfully Completed, Status, Successfully Completed, Status, Successfully Completed, Status, Successfully Completed, Status, Successfully Completed, Status, Successfully Completed, Status, Successfully Completed, Status, Successfully Completed, Status, Successfully Completed, Status, Successfully Completed, Status, Successfully Completed, Status, Successfully Completed, Status, Successfully Completed, Status, Successfully Completed, Status, Successfully Completed, Status, Successfully Completed, Status, Successfully Completed, Status, Successfully Completed, Status, Successfully Completed, Status, Successfully Completed, Status, Successfully Completed, Status, Successfully Completed, Status, Successfully Completed, Status, Successfully Completed, Status, Successfully Completed, Status, Successfully Completed, Status, Successfully Completed, Status, Successfully Completed, Status, Successfully Completed, Status, Successfully Completed, Status, Successfully Completed, Status, Successfully Completed, Status, Successfully Completed, Status, Successfully Completed, Status, Successfully Completed, Status, Successfully Completed, Status, Successfully Completed, Status, Successfully Completed, Status, Successfully Completed, Status, Successfully Completed, Status, Successfully Completed, Status, Successfully Completed, Status, Successfully Completed, Status, Successfully Completed, Status, Successfully Completed, Status, Successfully Completed, Status, Successfully Completed, Status, Successfully Completed, Status, Successfully Completed, Status, Successfully Completed, Status, Successfully Completed, Status, Successfully Completed, Status, Successfully Completed, Status, Successfully Completed, Status, Successfully Completed, Status, Successfully Completed, Status, Successfully Completed, Status, Successfully Completed, Status, Successfully Completed, Status, Successfully Completed, Status, Successfully Completed, Status, Successfully Completed, Status, Successfully Completed, Status, Successfully Completed, Status, Successfully Completed, Status, Successfully Completed, Status, Successfully Completed, Status, Successfully Completed, Status, Successfully Completed, Status, Successfully Completed, Status, Successfully Completed, Status, Successfully Completed, Status, Successfully Completed, Status, Successfully Completed, Status, Successfully Completed, Status, Successfully Completed, Status, Successfully Completed, Status, Successfully Completed, Status, Successfully Completed, Status, Successfully Completed, Status, Successfully Completed, Status, Successfully Completed, Status, Successfully Completed, Status, Successfully Completed, Status, Successfully Completed, Status, Successfully Completed, Status, Successfully Completed, Status, Successfully Completed, Status, Successfully Completed, Status, Successfully Completed, Status, Successfully Completed, Status, Successfully Completed, Status, Successfully Completed, Status, Successfully Completed, Status, Successfully Completed, Status, Successfully Completed, Status, Successfully Completed, Status, Successfully Completed, Status, Successfully Completed, Status, Successfully Completed, Status, Successfully Completed, Status, Successfully Completed, Status, Successfully Completed, Status, Successfully Completed, Status, Successfully Completed, Status, Successfully Completed, Status, Successfully Completed, Status, Successfully Completed, Status, Successfully Completed, Status, Successfully Completed, Status, Successfully Completed, Status, Successfully Completed, Status, Successfully Completed, Status, Successfully Completed, Status, Successfully Completed, Status, Successfully Completed, Status, Successfully Completed, Status, Successfully Completed, Status, Successfully Completed, Status, Successfully Completed, Status, Successfully Completed, Status, Successfully Completed, Status, Successfully Completed, Status, Successfully Completed, Status, Successfully Completed, Status, Successfully Completed, Status, Successfully Completed, Status, Successfully Completed, Status, Successfully Completed, Status, Successfully Completed, Status, Successfully Completed, Status, Successfully Completed, Status, Successfully Completed, Status, Successfully Completed, Status, Successfully Completed, Status, Successfully Completed, Status, Successfully Completed, Status, Successfully Completed, Status, Successfully Completed, Status, Successfully Completed, Status, Successfully Completed, Status, Successfully Completed, Status, Successfully Completed, Status, Successfully Completed, Status, Successfully Completed, Status, Successfully Completed, Status, Successfully Completed, Status, Successfully Completed, Status, Successfully Completed, Status, Successfully Completed, Status, Successfully Completed, Status, Successfully Completed, Status, Successfully Completed, Status, Successfully Completed, Status, Successfully Completed, Status, Successfully Completed, Status, Successfully Completed, Status, Successfully Completed, Status, Successfully Completed, Status, Successfully Completed, Status, Successfully Completed, Status, Successfully Completed, Status, Successfully Completed, Status, Successfully Completed, Status, Successfully Completed, Status, Successfully Completed, Status, Successfully Completed, Status, Successfully Completed, Status, Successfully Completed, Status, Successfully Completed, Status, Successfully Completed, Status, Successfully Completed, Status, Successfully Completed, Status, Successfully Completed, Status, Successfully Completed, Status, Successfully Completed, Status]
[neelback4more@gmail.com, Subho1991*, Status, Successfully Completed, Status, Successfully Completed, Status, Successfully Completed, Status, Successfully Completed, Status, Successfully Completed, Status, Successfully Completed, Status, Successfully Completed, Status, Successfully Completed, Status, Successfully Completed, Status, Successfully Completed, Status, Successfully Completed, Status, Successfully Completed, Status, Successfully Completed, Status, Successfully Completed, Status, Successfully Completed, Status, Successfully Completed, Status, Successfully Completed, Status, Successfully Completed, Status, Successfully Completed, Status, Successfully Completed, Status, Successfully Completed, Status, Successfully Completed, Status, Successfully Completed, Status, Successfully Completed, Status, Successfully Completed, Status, Successfully Completed, Status, Successfully Completed, Status, Successfully Completed, Status, Successfully Completed, Status, Successfully Completed, Status, Successfully Completed, Status, Successfully Completed, Status, Successfully Completed, Status, Successfully Completed, Status, Successfully Completed, Status, Successfully Completed, Status, Successfully Completed, Status, Successfully Completed, Status, Successfully Completed, Status, Successfully Completed, Status, Successfully Completed, Status, Successfully Completed, Status, Successfully Completed, Status, Successfully Completed, Status, Successfully Completed, Status, Successfully Completed, Status, Successfully Completed, Status, Successfully Completed, Status, Successfully Completed, Status, Successfully Completed, Status, Successfully Completed, Status, Successfully Completed, Status, Successfully Completed, Status, Successfully Completed, Status, Successfully Completed, Status, Successfully Completed, Status, Successfully Completed, Status, Successfully Completed, Status, Successfully Completed, Status, Successfully Completed, Status, Successfully Completed, Status, Successfully Completed, Status, Successfully Completed, Status, Successfully Completed, Status, Successfully Completed, Status, Successfully Completed, Status, Successfully Completed, Status, Successfully Completed, Status, Successfully Completed, Status, Successfully Completed, Status, Successfully Completed, Status, Successfully Completed, Status, Successfully Completed, Status, Successfully Completed, Status, Successfully Completed, Status, Successfully Completed, Status, Successfully Completed, Status, Successfully Completed, Status, Successfully Completed, Status, Successfully Completed, Status, Successfully Completed, Status, Successfully Completed, Status, Successfully Completed, Status, Successfully Completed, Status, Successfully Completed, Status, Successfully Completed, Status, Successfully Completed, Status, Successfully Completed, Status, Successfully Completed, Status, Successfully Completed, Status, Successfully Completed, Status, Successfully Completed, Status, Successfully Completed, Status, Successfully Completed, Status, Successfully Completed, Status, Successfully Completed, Status, Successfully Completed, Status, Successfully Completed, Status, Successfully Completed, Status, Successfully Completed, Status, Successfully Completed, Status, Successfully Completed, Status, Successfully Completed, Status, Successfully Completed, Status, Successfully Completed, Status, Successfully Completed, Status, Successfully Completed, Status, Successfully Completed, Status, Successfully Completed, Status, Successfully Completed, Status, Successfully Completed, Status, Successfully Completed, Status, Successfully Completed, Status, Successfully Completed, Status, Successfully Completed, Status, Successfully Completed, Status, Successfully Completed, Status, Successfully Completed, Status, Successfully Completed, Status, Successfully Completed, Status, Successfully Completed, Status, Successfully Completed, Status, Successfully Completed, Status, Successfully Completed, Status, Successfully Completed, Status, Successfully Completed, Status, Successfully Completed, Status, Successfully Completed, Status, Successfully Completed, Status, Successfully Completed, Status, Successfully Completed, Status, Successfully Completed, Status, Successfully Completed, Status, Successfully Completed, Status, Successfully Completed, Status, Successfully Completed, Status, Successfully Completed, Status, Successfully Completed, Status, Successfully Completed, Status, Successfully Completed, Status, Successfully Completed, Status, Successfully Completed, Status, Successfully Completed, Status, Successfully Completed, Status, Successfully Completed, Status, Successfully Completed, Status, Successfully Completed, Status, Successfully Completed, Status, Successfully Completed, Status, Successfully Completed, Status, Successfully Completed, Status, Successfully Completed, Status, Successfully Completed, Status, Successfully Completed, Status, Successfully Completed, Status, Successfully Completed, Status, Successfully Completed, Status, Successfully Completed, Status, Successfully Completed, Status, Successfully Completed, Status, Successfully Completed, Status, Successfully Completed, Status, Successfully Completed, Status, Successfully Completed, Status, Successfully Completed, Status, Successfully Completed, Status, Successfully Completed, Status, Successfully Completed, Status, Successfully Completed, Status, Successfully Completed, Status, Successfully Completed, Status, Successfully Completed, Status, Successfully Completed, Status, Successfully Completed, Status, Successfully Completed, Status, Successfully Completed, Status, Successfully Completed, Status, Successfully Completed, Status, Successfully Completed, Status, Successfully Completed, Status, Successfully Completed, Status, Successfully Completed, Status, Successfully Completed, Status, Successfully Completed, Status, Successfully Completed, Status, Successfully Completed, Status, Successfully Completed, Status, Successfully Completed, Status, Successfully Completed, Status, Successfully Completed, Status, Successfully Completed, Status, Successfully Completed, Status, Successfully Completed, Status, Successfully Completed, Status, Successfully Completed, Status, Successfully Completed, Status, Successfully Completed, Status, Successfully Completed, Status, Successfully Completed, Status, Successfully Completed, Status, Successfully Completed, Status, Successfully Completed, Status, Successfully Completed, Status, Successfully Completed, Status, Successfully Completed, Status, Successfully Completed, Status, Successfully Completed, Status, Successfully Completed, Status, Successfully Completed, Status, Successfully Completed, Status, Successfully Completed, Status, Successfully Completed, Status, Successfully Completed, Status, Successfully Completed, Status, Successfully Completed, Status, Successfully Completed, Status, Successfully Completed, Status, Successfully Completed, Status, Successfully Completed, Status, Successfully Completed, Status, Successfully Completed, Status, Successfully Completed, Status, Successfully Completed, Status, Successfully Completed, Status, Successfully Completed, Status, Successfully Completed, Status, Successfully Completed, Status, Successfully Completed, Status, Successfully Completed, Status, Successfully Completed, Status, Successfully Completed, Status, Successfully Completed, Status, Successfully Completed, Status, Successfully Completed, Status, Successfully Completed, Status, Successfully Completed, Status, Successfully Completed, Status, Successfully Completed, Status, Successfully Completed, Status, Successfully Completed, Status, Successfully Completed, Status, Successfully Completed, Status, Successfully Completed, Status, Successfully Completed, Status, Successfully Completed, Status, Successfully Completed, Status, Successfully Completed, Status, Successfully Completed, Status, Successfully Completed, Status, Successfully Completed, Status, Successfully Completed, Status, Successfully Completed, Status, Successfully Completed, Status, Successfully Completed, Status, Successfully Completed, Status, Successfully Completed, Status, Successfully Completed, Status, Successfully Completed, Status, Successfully Completed, Status, Successfully Completed, Status, Successfully Completed, Status, Successfully Completed, Status, Successfully Completed, Status, Successfully Completed]
[neelback4more@gmail.com, Subho1991*, Status, Successfully Completed, Status, Successfully Completed, Status, Successfully Completed, Status, Successfully Completed, Status, Successfully Completed, Status, Successfully Completed, Status, Successfully Completed, Status, Successfully Completed, Status, Successfully Completed, Status, Successfully Completed, Status, Successfully Completed, Status, Successfully Completed, Status, Successfully Completed, Status, Successfully Completed, Status, Successfully Completed, Status, Successfully Completed, Status, Successfully Completed, Status, Successfully Completed, Status, Successfully Completed, Status, Successfully Completed, Status, Successfully Completed, Status, Successfully Completed, Status, Successfully Completed, Status, Successfully Completed, Status, Successfully Completed, Status, Successfully Completed, Status, Successfully Completed, Status, Successfully Completed, Status, Successfully Completed, Status, Successfully Completed, Status, Successfully Completed, Status, Successfully Completed, Status, Successfully Completed, Status, Successfully Completed, Status, Successfully Completed, Status, Successfully Completed, Status, Successfully Completed, Status, Successfully Completed, Status, Successfully Completed, Status, Successfully Completed, Status, Successfully Completed, Status, Successfully Completed, Status, Successfully Completed, Status, Successfully Completed, Status, Successfully Completed, Status, Successfully Completed, Status, Successfully Completed, Status, Successfully Completed, Status, Successfully Completed, Status, Successfully Completed, Status, Successfully Completed, Status, Successfully Completed, Status, Successfully Completed, Status, Successfully Completed, Status, Successfully Completed, Status, Successfully Completed, Status, Successfully Completed, Status, Successfully Completed, Status, Successfully Completed, Status, Successfully Completed, Status, Successfully Completed, Status, Successfully Completed, Status, Successfully Completed, Status, Successfully Completed, Status, Successfully Completed, Status, Successfully Completed, Status, Successfully Completed, Status, Successfully Completed, Status, Successfully Completed, Status, Successfully Completed, Status, Successfully Completed, Status, Successfully Completed, Status, Successfully Completed, Status, Successfully Completed, Status, Successfully Completed, Status, Successfully Completed, Status, Successfully Completed, Status, Successfully Completed, Status, Successfully Completed, Status, Successfully Completed, Status, Successfully Completed, Status, Successfully Completed, Status, Successfully Completed, Status, Successfully Completed, Status, Successfully Completed, Status, Successfully Completed, Status, Successfully Completed, Status, Successfully Completed, Status, Successfully Completed, Status, Successfully Completed, Status, Successfully Completed, Status, Successfully Completed, Status, Successfully Completed, Status, Successfully Completed, Status, Successfully Completed, Status, Successfully Completed, Status, Successfully Completed, Status, Successfully Completed, Status, Successfully Completed, Status, Successfully Completed, Status, Successfully Completed, Status, Successfully Completed, Status, Successfully Completed, Status, Successfully Completed, Status, Successfully Completed, Status, Successfully Completed, Status, Successfully Completed, Status, Successfully Completed, Status, Successfully Completed, Status, Successfully Completed, Status, Successfully Completed, Status, Successfully Completed, Status, Successfully Completed, Status, Successfully Completed, Status, Successfully Completed, Status, Successfully Completed, Status, Successfully Completed, Status, Successfully Completed, Status, Successfully Completed, Status, Successfully Completed, Status, Successfully Completed, Status, Successfully Completed, Status, Successfully Completed, Status, Successfully Completed, Status, Successfully Completed, Status, Successfully Completed, Status, Successfully Completed, Status, Successfully Completed, Status, Successfully Completed, Status, Successfully Completed, Status, Successfully Completed, Status, Successfully Completed, Status, Successfully Completed, Status, Successfully Completed, Status, Successfully Completed, Status, Successfully Completed, Status, Successfully Completed, Status, Successfully Completed, Status, Successfully Completed, Status, Successfully Completed, Status, Successfully Completed, Status, Successfully Completed, Status, Successfully Completed, Status, Successfully Completed, Status, Successfully Completed, Status, Successfully Completed, Status, Successfully Completed, Status, Successfully Completed, Status, Successfully Completed, Status, Successfully Completed, Status, Successfully Completed, Status, Successfully Completed, Status, Successfully Completed, Status, Successfully Completed, Status, Successfully Completed, Status, Successfully Completed, Status, Successfully Completed, Status, Successfully Completed, Status, Successfully Completed, Status, Successfully Completed, Status, Successfully Completed, Status, Successfully Completed, Status, Successfully Completed, Status, Successfully Completed, Status, Successfully Completed, Status, Successfully Completed, Status, Successfully Completed, Status, Successfully Completed, Status, Successfully Completed, Status, Successfully Completed, Status, Successfully Completed, Status, Successfully Completed, Status, Successfully Completed, Status, Successfully Completed, Status, Successfully Completed, Status, Successfully Completed, Status, Successfully Completed, Status, Successfully Completed, Status, Successfully Completed, Status, Successfully Completed, Status, Successfully Completed, Status, Successfully Completed, Status, Successfully Completed, Status, Successfully Completed, Status, Successfully Completed, Status, Successfully Completed, Status, Successfully Completed, Status, Successfully Completed, Status, Successfully Completed, Status, Successfully Completed, Status, Successfully Completed, Status, Successfully Completed, Status, Successfully Completed, Status, Successfully Completed, Status, Successfully Completed, Status, Successfully Completed, Status, Successfully Completed, Status, Successfully Completed, Status, Successfully Completed, Status, Successfully Completed, Status, Successfully Completed, Status, Successfully Completed, Status, Successfully Completed, Status, Successfully Completed, Status, Successfully Completed, Status, Successfully Completed, Status, Successfully Completed, Status, Successfully Completed, Status, Successfully Completed, Status, Successfully Completed, Status, Successfully Completed, Status, Successfully Completed, Status, Successfully Completed, Status, Successfully Completed, Status, Successfully Completed, Status, Successfully Completed, Status, Successfully Completed, Status, Successfully Completed, Status, Successfully Completed, Status, Successfully Completed, Status, Successfully Completed, Status, Successfully Completed, Status, Successfully Completed, Status, Successfully Completed, Status, Successfully Completed, Status, Successfully Completed, Status, Successfully Completed, Status, Successfully Completed, Status, Successfully Completed, Status, Successfully Completed, Status, Successfully Completed, Status, Successfully Completed, Status, Successfully Completed, Status, Successfully Completed, Status, Successfully Completed, Status, Successfully Completed, Status, Successfully Completed, Status, Successfully Completed, Status, Successfully Completed, Status, Successfully Completed, Status, Successfully Completed, Status, Successfully Completed, Status, Successfully Completed, Status, Successfully Completed, Status, Successfully Completed, Status, Successfully Completed, Status, Successfully Completed, Status, Successfully Completed, Status, Successfully Completed, Status, Successfully Completed, Status, Successfully Completed, Status, Successfully Completed, Status, Successfully Completed, Status, Successfully Completed, Status, Successfully Completed, Status, Successfully Completed, Status, Successfully Completed, Status, Successfully Completed, Status, Successfully Completed, Status, Successfully Completed, Status, Successfully Completed, Status, Successfully Completed, Status, Successfully Completed, Status, Successfully Completed, Status]
[neelback4more@gmail.com, Subho1991*, Status, Successfully Completed, Status, Successfully Completed, Status, Successfully Completed, Status, Successfully Completed, Status, Successfully Completed, Status, Successfully Completed, Status, Successfully Completed, Status, Successfully Completed, Status, Successfully Completed, Status, Successfully Completed, Status, Successfully Completed, Status, Successfully Completed, Status, Successfully Completed, Status, Successfully Completed, Status, Successfully Completed, Status, Successfully Completed, Status, Successfully Completed, Status, Successfully Completed, Status, Successfully Completed, Status, Successfully Completed, Status, Successfully Completed, Status, Successfully Completed, Status, Successfully Completed, Status, Successfully Completed, Status, Successfully Completed, Status, Successfully Completed, Status, Successfully Completed, Status, Successfully Completed, Status, Successfully Completed, Status, Successfully Completed, Status, Successfully Completed, Status, Successfully Completed, Status, Successfully Completed, Status, Successfully Completed, Status, Successfully Completed, Status, Successfully Completed, Status, Successfully Completed, Status, Successfully Completed, Status, Successfully Completed, Status, Successfully Completed, Status, Successfully Completed, Status, Successfully Completed, Status, Successfully Completed, Status, Successfully Completed, Status, Successfully Completed, Status, Successfully Completed, Status, Successfully Completed, Status, Successfully Completed, Status, Successfully Completed, Status, Successfully Completed, Status, Successfully Completed, Status, Successfully Completed, Status, Successfully Completed, Status, Successfully Completed, Status, Successfully Completed, Status, Successfully Completed, Status, Successfully Completed, Status, Successfully Completed, Status, Successfully Completed, Status, Successfully Completed, Status, Successfully Completed, Status, Successfully Completed, Status, Successfully Completed, Status, Successfully Completed, Status, Successfully Completed, Status, Successfully Completed, Status, Successfully Completed, Status, Successfully Completed, Status, Successfully Completed, Status, Successfully Completed, Status, Successfully Completed, Status, Successfully Completed, Status, Successfully Completed, Status, Successfully Completed, Status, Successfully Completed, Status, Successfully Completed, Status, Successfully Completed, Status, Successfully Completed, Status, Successfully Completed, Status, Successfully Completed, Status, Successfully Completed, Status, Successfully Completed, Status, Successfully Completed, Status, Successfully Completed, Status, Successfully Completed, Status, Successfully Completed, Status, Successfully Completed, Status, Successfully Completed, Status, Successfully Completed, Status, Successfully Completed, Status, Successfully Completed, Status, Successfully Completed, Status, Successfully Completed, Status, Successfully Completed, Status, Successfully Completed, Status, Successfully Completed, Status, Successfully Completed, Status, Successfully Completed, Status, Successfully Completed, Status, Successfully Completed, Status, Successfully Completed, Status, Successfully Completed, Status, Successfully Completed, Status, Successfully Completed, Status, Successfully Completed, Status, Successfully Completed, Status, Successfully Completed, Status, Successfully Completed, Status, Successfully Completed, Status, Successfully Completed, Status, Successfully Completed, Status, Successfully Completed, Status, Successfully Completed, Status, Successfully Completed, Status, Successfully Completed, Status, Successfully Completed, Status, Successfully Completed, Status, Successfully Completed, Status, Successfully Completed, Status, Successfully Completed, Status, Successfully Completed, Status, Successfully Completed, Status, Successfully Completed, Status, Successfully Completed, Status, Successfully Completed, Status, Successfully Completed, Status, Successfully Completed, Status, Successfully Completed, Status, Successfully Completed, Status, Successfully Completed, Status, Successfully Completed, Status, Successfully Completed, Status, Successfully Completed, Status, Successfully Completed, Status, Successfully Completed, Status, Successfully Completed, Status, Successfully Completed, Status, Successfully Completed, Status, Successfully Completed, Status, Successfully Completed, Status, Successfully Completed, Status, Successfully Completed, Status, Successfully Completed, Status, Successfully Completed, Status, Successfully Completed, Status, Successfully Completed, Status, Successfully Completed, Status, Successfully Completed, Status, Successfully Completed, Status, Successfully Completed, Status, Successfully Completed, Status, Successfully Completed, Status, Successfully Completed, Status, Successfully Completed, Status, Successfully Completed, Status, Successfully Completed, Status, Successfully Completed, Status, Successfully Completed, Status, Successfully Completed, Status, Successfully Completed, Status, Successfully Completed, Status, Successfully Completed, Status, Successfully Completed, Status, Successfully Completed, Status, Successfully Completed, Status, Successfully Completed, Status, Successfully Completed, Status, Successfully Completed, Status, Successfully Completed, Status, Successfully Completed, Status, Successfully Completed, Status, Successfully Completed, Status, Successfully Completed, Status, Successfully Completed, Status, Successfully Completed, Status, Successfully Completed, Status, Successfully Completed, Status, Successfully Completed, Status, Successfully Completed, Status, Successfully Completed, Status, Successfully Completed, Status, Successfully Completed, Status, Successfully Completed, Status, Successfully Completed, Status, Successfully Completed, Status, Successfully Completed, Status, Successfully Completed, Status, Successfully Completed, Status, Successfully Completed, Status, Successfully Completed, Status, Successfully Completed, Status, Successfully Completed, Status, Successfully Completed, Status, Successfully Completed, Status, Successfully Completed, Status, Successfully Completed, Status, Successfully Completed, Status, Successfully Completed, Status, Successfully Completed, Status, Successfully Completed, Status, Successfully Completed, Status, Successfully Completed, Status, Successfully Completed, Status, Successfully Completed, Status, Successfully Completed, Status, Successfully Completed, Status, Successfully Completed, Status, Successfully Completed, Status, Successfully Completed, Status, Successfully Completed, Status, Successfully Completed, Status, Successfully Completed, Status, Successfully Completed, Status, Successfully Completed, Status, Successfully Completed, Status, Successfully Completed, Status, Successfully Completed, Status, Successfully Completed, Status, Successfully Completed, Status, Successfully Completed, Status, Successfully Completed, Status, Successfully Completed, Status, Successfully Completed, Status, Successfully Completed, Status, Successfully Completed, Status, Successfully Completed, Status, Successfully Completed, Status, Successfully Completed, Status, Successfully Completed, Status, Successfully Completed, Status, Successfully Completed, Status, Successfully Completed, Status, Successfully Completed, Status, Successfully Completed, Status, Successfully Completed, Status, Successfully Completed, Status, Successfully Completed, Status, Successfully Completed, Status, Successfully Completed, Status, Successfully Completed, Status, Successfully Completed, Status, Successfully Completed, Status, Successfully Completed, Status, Successfully Completed, Status, Successfully Completed, Status, Successfully Completed, Status, Successfully Completed, Status, Successfully Completed, Status, Successfully Completed, Status, Successfully Completed, Status, Successfully Completed, Status, Successfully Completed, Status, Successfully Completed, Status, Successfully Completed, Status, Successfully Completed, Status, Successfully Completed, Status, Successfully Completed, Status, Successfully Completed, Status, Successfully Completed, Status, Successfully Completed, Status, Successfully Completed, Status, Successfully Completed, Status, Successfully Completed, Status, Successfully Completed, Status, Successfully Completed]
[neelback4more@gmail.com, Subho1991*, Status, Successfully Completed, Status, Successfully Completed, Status, Successfully Completed, Status, Successfully Completed, Status, Successfully Completed, Status, Successfully Completed, Status, Successfully Completed, Status, Successfully Completed, Status, Successfully Completed, Status, Successfully Completed, Status, Successfully Completed, Status, Successfully Completed, Status, Successfully Completed, Status, Successfully Completed, Status, Successfully Completed, Status, Successfully Completed, Status, Successfully Completed, Status, Successfully Completed, Status, Successfully Completed, Status, Successfully Completed, Status, Successfully Completed, Status, Successfully Completed, Status, Successfully Completed, Status, Successfully Completed, Status, Successfully Completed, Status, Successfully Completed, Status, Successfully Completed, Status, Successfully Completed, Status, Successfully Completed, Status, Successfully Completed, Status, Successfully Completed, Status, Successfully Completed, Status, Successfully Completed, Status, Successfully Completed, Status, Successfully Completed, Status, Successfully Completed, Status, Successfully Completed, Status, Successfully Completed, Status, Successfully Completed, Status, Successfully Completed, Status, Successfully Completed, Status, Successfully Completed, Status, Successfully Completed, Status, Successfully Completed, Status, Successfully Completed, Status, Successfully Completed, Status, Successfully Completed, Status, Successfully Completed, Status, Successfully Completed, Status, Successfully Completed, Status, Successfully Completed, Status, Successfully Completed, Status, Successfully Completed, Status, Successfully Completed, Status, Successfully Completed, Status, Successfully Completed, Status, Successfully Completed, Status, Successfully Completed, Status, Successfully Completed, Status, Successfully Completed, Status, Successfully Completed, Status, Successfully Completed, Status, Successfully Completed, Status, Successfully Completed, Status, Successfully Completed, Status, Successfully Completed, Status, Successfully Completed, Status, Successfully Completed, Status, Successfully Completed, Status, Successfully Completed, Status, Successfully Completed, Status, Successfully Completed, Status, Successfully Completed, Status, Successfully Completed, Status, Successfully Completed, Status, Successfully Completed, Status, Successfully Completed, Status, Successfully Completed, Status, Successfully Completed, Status, Successfully Completed, Status, Successfully Completed, Status, Successfully Completed, Status, Successfully Completed, Status, Successfully Completed, Status, Successfully Completed, Status, Successfully Completed, Status, Successfully Completed, Status, Successfully Completed, Status, Successfully Completed, Status, Successfully Completed, Status, Successfully Completed, Status, Successfully Completed, Status, Successfully Completed, Status, Successfully Completed, Status, Successfully Completed, Status, Successfully Completed, Status, Successfully Completed, Status, Successfully Completed, Status, Successfully Completed, Status, Successfully Completed, Status, Successfully Completed, Status, Successfully Completed, Status, Successfully Completed, Status, Successfully Completed, Status, Successfully Completed, Status, Successfully Completed, Status, Successfully Completed, Status, Successfully Completed, Status, Successfully Completed, Status, Successfully Completed, Status, Successfully Completed, Status, Successfully Completed, Status, Successfully Completed, Status, Successfully Completed, Status, Successfully Completed, Status, Successfully Completed, Status, Successfully Completed, Status, Successfully Completed, Status, Successfully Completed, Status, Successfully Completed, Status, Successfully Completed, Status, Successfully Completed, Status, Successfully Completed, Status, Successfully Completed, Status, Successfully Completed, Status, Successfully Completed, Status, Successfully Completed, Status, Successfully Completed, Status, Successfully Completed, Status, Successfully Completed, Status, Successfully Completed, Status, Successfully Completed, Status, Successfully Completed, Status, Successfully Completed, Status, Successfully Completed, Status, Successfully Completed, Status, Successfully Completed, Status, Successfully Completed, Status, Successfully Completed, Status, Successfully Completed, Status, Successfully Completed, Status, Successfully Completed, Status, Successfully Completed, Status, Successfully Completed, Status, Successfully Completed, Status, Successfully Completed, Status, Successfully Completed, Status, Successfully Completed, Status, Successfully Completed, Status, Successfully Completed, Status, Successfully Completed, Status, Successfully Completed, Status, Successfully Completed, Status, Successfully Completed, Status, Successfully Completed, Status, Successfully Completed, Status, Successfully Completed, Status, Successfully Completed, Status, Successfully Completed, Status, Successfully Completed, Status, Successfully Completed, Status, Successfully Completed, Status, Successfully Completed, Status, Successfully Completed, Status, Successfully Completed, Status, Successfully Completed, Status, Successfully Completed, Status, Successfully Completed, Status, Successfully Completed, Status, Successfully Completed, Status, Successfully Completed, Status, Successfully Completed, Status, Successfully Completed, Status, Successfully Completed, Status, Successfully Completed, Status, Successfully Completed, Status, Successfully Completed, Status, Successfully Completed, Status, Successfully Completed, Status, Successfully Completed, Status, Successfully Completed, Status, Successfully Completed, Status, Successfully Completed, Status, Successfully Completed, Status, Successfully Completed, Status, Successfully Completed, Status, Successfully Completed, Status, Successfully Completed, Status, Successfully Completed, Status, Successfully Completed, Status, Successfully Completed, Status, Successfully Completed, Status, Successfully Completed, Status, Successfully Completed, Status, Successfully Completed, Status, Successfully Completed, Status, Successfully Completed, Status, Successfully Completed, Status, Successfully Completed, Status, Successfully Completed, Status, Successfully Completed, Status, Successfully Completed, Status, Successfully Completed, Status, Successfully Completed, Status, Successfully Completed, Status, Successfully Completed, Status, Successfully Completed, Status, Successfully Completed, Status, Successfully Completed, Status, Successfully Completed, Status, Successfully Completed, Status, Successfully Completed, Status, Successfully Completed, Status, Successfully Completed, Status, Successfully Completed, Status, Successfully Completed, Status, Successfully Completed, Status, Successfully Completed, Status, Successfully Completed, Status, Successfully Completed, Status, Successfully Completed, Status, Successfully Completed, Status, Successfully Completed, Status, Successfully Completed, Status, Successfully Completed, Status, Successfully Completed, Status, Successfully Completed, Status, Successfully Completed, Status, Successfully Completed, Status, Successfully Completed, Status, Successfully Completed, Status, Successfully Completed, Status, Successfully Completed, Status, Successfully Completed, Status, Successfully Completed, Status, Successfully Completed, Status, Successfully Completed, Status, Successfully Completed, Status, Successfully Completed, Status, Successfully Completed, Status, Successfully Completed, Status, Successfully Completed, Status, Successfully Completed, Status, Successfully Completed, Status, Successfully Completed, Status, Successfully Completed, Status, Successfully Completed, Status, Successfully Completed, Status, Successfully Completed, Status, Successfully Completed, Status, Successfully Completed, Status, Successfully Completed, Status, Successfully Completed, Status, Successfully Completed, Status, Successfully Completed, Status, Successfully Completed, Status, Successfully Completed, Status, Successfully Completed, Status, Successfully Completed, Status, Successfully Completed, Status, Successfully Completed, Status, Successfully Completed, Status, Successfully Completed, Status, Successfully Completed, Status, Successfully Completed, Status]
[neelback4more@gmail.com, Subho1991*, Status, Successfully Completed, Status, Successfully Completed, Status, Successfully Completed, Status, Successfully Completed, Status, Successfully Completed, Status, Successfully Completed, Status, Successfully Completed, Status, Successfully Completed, Status, Successfully Completed, Status, Successfully Completed, Status, Successfully Completed, Status, Successfully Completed, Status, Successfully Completed, Status, Successfully Completed, Status, Successfully Completed, Status, Successfully Completed, Status, Successfully Completed, Status, Successfully Completed, Status, Successfully Completed, Status, Successfully Completed, Status, Successfully Completed, Status, Successfully Completed, Status, Successfully Completed, Status, Successfully Completed, Status, Successfully Completed, Status, Successfully Completed, Status, Successfully Completed, Status, Successfully Completed, Status, Successfully Completed, Status, Successfully Completed, Status, Successfully Completed, Status, Successfully Completed, Status, Successfully Completed, Status, Successfully Completed, Status, Successfully Completed, Status, Successfully Completed, Status, Successfully Completed, Status, Successfully Completed, Status, Successfully Completed, Status, Successfully Completed, Status, Successfully Completed, Status, Successfully Completed, Status, Successfully Completed, Status, Successfully Completed, Status, Successfully Completed, Status, Successfully Completed, Status, Successfully Completed, Status, Successfully Completed, Status, Successfully Completed, Status, Successfully Completed, Status, Successfully Completed, Status, Successfully Completed, Status, Successfully Completed, Status, Successfully Completed, Status, Successfully Completed, Status, Successfully Completed, Status, Successfully Completed, Status, Successfully Completed, Status, Successfully Completed, Status, Successfully Completed, Status, Successfully Completed, Status, Successfully Completed, Status, Successfully Completed, Status, Successfully Completed, Status, Successfully Completed, Status, Successfully Completed, Status, Successfully Completed, Status, Successfully Completed, Status, Successfully Completed, Status, Successfully Completed, Status, Successfully Completed, Status, Successfully Completed, Status, Successfully Completed, Status, Successfully Completed, Status, Successfully Completed, Status, Successfully Completed, Status, Successfully Completed, Status, Successfully Completed, Status, Successfully Completed, Status, Successfully Completed, Status, Successfully Completed, Status, Successfully Completed, Status, Successfully Completed, Status, Successfully Completed, Status, Successfully Completed, Status, Successfully Completed, Status, Successfully Completed, Status, Successfully Completed, Status, Successfully Completed, Status, Successfully Completed, Status, Successfully Completed, Status, Successfully Completed, Status, Successfully Completed, Status, Successfully Completed, Status, Successfully Completed, Status, Successfully Completed, Status, Successfully Completed, Status, Successfully Completed, Status, Successfully Completed, Status, Successfully Completed, Status, Successfully Completed, Status, Successfully Completed, Status, Successfully Completed, Status, Successfully Completed, Status, Successfully Completed, Status, Successfully Completed, Status, Successfully Completed, Status, Successfully Completed, Status, Successfully Completed, Status, Successfully Completed, Status, Successfully Completed, Status, Successfully Completed, Status, Successfully Completed, Status, Successfully Completed, Status, Successfully Completed, Status, Successfully Completed, Status, Successfully Completed, Status, Successfully Completed, Status, Successfully Completed, Status, Successfully Completed, Status, Successfully Completed, Status, Successfully Completed, Status, Successfully Completed, Status, Successfully Completed, Status, Successfully Completed, Status, Successfully Completed, Status, Successfully Completed, Status, Successfully Completed, Status, Successfully Completed, Status, Successfully Completed, Status, Successfully Completed, Status, Successfully Completed, Status, Successfully Completed, Status, Successfully Completed, Status, Successfully Completed, Status, Successfully Completed, Status, Successfully Completed, Status, Successfully Completed, Status, Successfully Completed, Status, Successfully Completed, Status, Successfully Completed, Status, Successfully Completed, Status, Successfully Completed, Status, Successfully Completed, Status, Successfully Completed, Status, Successfully Completed, Status, Successfully Completed, Status, Successfully Completed, Status, Successfully Completed, Status, Successfully Completed, Status, Successfully Completed, Status, Successfully Completed, Status, Successfully Completed, Status, Successfully Completed, Status, Successfully Completed, Status, Successfully Completed, Status, Successfully Completed, Status, Successfully Completed, Status, Successfully Completed, Status, Successfully Completed, Status, Successfully Completed, Status, Successfully Completed, Status, Successfully Completed, Status, Successfully Completed, Status, Successfully Completed, Status, Successfully Completed, Status, Successfully Completed, Status, Successfully Completed, Status, Successfully Completed, Status, Successfully Completed, Status, Successfully Completed, Status, Successfully Completed, Status, Successfully Completed, Status, Successfully Completed, Status, Successfully Completed, Status, Successfully Completed, Status, Successfully Completed, Status, Successfully Completed, Status, Successfully Completed, Status, Successfully Completed, Status, Successfully Completed, Status, Successfully Completed, Status, Successfully Completed, Status, Successfully Completed, Status, Successfully Completed, Status, Successfully Completed, Status, Successfully Completed, Status, Successfully Completed, Status, Successfully Completed, Status, Successfully Completed, Status, Successfully Completed, Status, Successfully Completed, Status, Successfully Completed, Status, Successfully Completed, Status, Successfully Completed, Status, Successfully Completed, Status, Successfully Completed, Status, Successfully Completed, Status, Successfully Completed, Status, Successfully Completed, Status, Successfully Completed, Status, Successfully Completed, Status, Successfully Completed, Status, Successfully Completed, Status, Successfully Completed, Status, Successfully Completed, Status, Successfully Completed, Status, Successfully Completed, Status, Successfully Completed, Status, Successfully Completed, Status, Successfully Completed, Status, Successfully Completed, Status, Successfully Completed, Status, Successfully Completed, Status, Successfully Completed, Status, Successfully Completed, Status, Successfully Completed, Status, Successfully Completed, Status, Successfully Completed, Status, Successfully Completed, Status, Successfully Completed, Status, Successfully Completed, Status, Successfully Completed, Status, Successfully Completed, Status, Successfully Completed, Status, Successfully Completed, Status, Successfully Completed, Status, Successfully Completed, Status, Successfully Completed, Status, Successfully Completed, Status, Successfully Completed, Status, Successfully Completed, Status, Successfully Completed, Status, Successfully Completed, Status, Successfully Completed, Status, Successfully Completed, Status, Successfully Completed, Status, Successfully Completed, Status, Successfully Completed, Status, Successfully Completed, Status, Successfully Completed, Status, Successfully Completed, Status, Successfully Completed, Status, Successfully Completed, Status, Successfully Completed, Status, Successfully Completed, Status, Successfully Completed, Status, Successfully Completed, Status, Successfully Completed, Status, Successfully Completed, Status, Successfully Completed, Status, Successfully Completed, Status, Successfully Completed, Status, Successfully Completed, Status, Successfully Completed, Status, Successfully Completed, Status, Successfully Completed, Status, Successfully Completed, Status, Successfully Completed, Status, Successfully Completed, Status, Successfully Completed, Status, Successfully Completed, Status, Successfully Completed, Status, Successfully Completed, Status, Successfully Completed, Status, Successfully Completed]
[neelback4more@gmail.com, Subho1991*, Status, Successfully Completed, Status, Successfully Completed, Status, Successfully Completed, Status, Successfully Completed, Status, Successfully Completed, Status, Successfully Completed, Status, Successfully Completed, Status, Successfully Completed, Status, Successfully Completed, Status, Successfully Completed, Status, Successfully Completed, Status, Successfully Completed, Status, Successfully Completed, Status, Successfully Completed, Status, Successfully Completed, Status, Successfully Completed, Status, Successfully Completed, Status, Successfully Completed, Status, Successfully Completed, Status, Successfully Completed, Status, Successfully Completed, Status, Successfully Completed, Status, Successfully Completed, Status, Successfully Completed, Status, Successfully Completed, Status, Successfully Completed, Status, Successfully Completed, Status, Successfully Completed, Status, Successfully Completed, Status, Successfully Completed, Status, Successfully Completed, Status, Successfully Completed, Status, Successfully Completed, Status, Successfully Completed, Status, Successfully Completed, Status, Successfully Completed, Status, Successfully Completed, Status, Successfully Completed, Status, Successfully Completed, Status, Successfully Completed, Status, Successfully Completed, Status, Successfully Completed, Status, Successfully Completed, Status, Successfully Completed, Status, Successfully Completed, Status, Successfully Completed, Status, Successfully Completed, Status, Successfully Completed, Status, Successfully Completed, Status, Successfully Completed, Status, Successfully Completed, Status, Successfully Completed, Status, Successfully Completed, Status, Successfully Completed, Status, Successfully Completed, Status, Successfully Completed, Status, Successfully Completed, Status, Successfully Completed, Status, Successfully Completed, Status, Successfully Completed, Status, Successfully Completed, Status, Successfully Completed, Status, Successfully Completed, Status, Successfully Completed, Status, Successfully Completed, Status, Successfully Completed, Status, Successfully Completed, Status, Successfully Completed, Status, Successfully Completed, Status, Successfully Completed, Status, Successfully Completed, Status, Successfully Completed, Status, Successfully Completed, Status, Successfully Completed, Status, Successfully Completed, Status, Successfully Completed, Status, Successfully Completed, Status, Successfully Completed, Status, Successfully Completed, Status, Successfully Completed, Status, Successfully Completed, Status, Successfully Completed, Status, Successfully Completed, Status, Successfully Completed, Status, Successfully Completed, Status, Successfully Completed, Status, Successfully Completed, Status, Successfully Completed, Status, Successfully Completed, Status, Successfully Completed, Status, Successfully Completed, Status, Successfully Completed, Status, Successfully Completed, Status, Successfully Completed, Status, Successfully Completed, Status, Successfully Completed, Status, Successfully Completed, Status, Successfully Completed, Status, Successfully Completed, Status, Successfully Completed, Status, Successfully Completed, Status, Successfully Completed, Status, Successfully Completed, Status, Successfully Completed, Status, Successfully Completed, Status, Successfully Completed, Status, Successfully Completed, Status, Successfully Completed, Status, Successfully Completed, Status, Successfully Completed, Status, Successfully Completed, Status, Successfully Completed, Status, Successfully Completed, Status, Successfully Completed, Status, Successfully Completed, Status, Successfully Completed, Status, Successfully Completed, Status, Successfully Completed, Status, Successfully Completed, Status, Successfully Completed, Status, Successfully Completed, Status, Successfully Completed, Status, Successfully Completed, Status, Successfully Completed, Status, Successfully Completed, Status, Successfully Completed, Status, Successfully Completed, Status, Successfully Completed, Status, Successfully Completed, Status, Successfully Completed, Status, Successfully Completed, Status, Successfully Completed, Status, Successfully Completed, Status, Successfully Completed, Status, Successfully Completed, Status, Successfully Completed, Status, Successfully Completed, Status, Successfully Completed, Status, Successfully Completed, Status, Successfully Completed, Status, Successfully Completed, Status, Successfully Completed, Status, Successfully Completed, Status, Successfully Completed, Status, Successfully Completed, Status, Successfully Completed, Status, Successfully Completed, Status, Successfully Completed, Status, Successfully Completed, Status, Successfully Completed, Status, Successfully Completed, Status, Successfully Completed, Status, Successfully Completed, Status, Successfully Completed, Status, Successfully Completed, Status, Successfully Completed, Status, Successfully Completed, Status, Successfully Completed, Status, Successfully Completed, Status, Successfully Completed, Status, Successfully Completed, Status, Successfully Completed, Status, Successfully Completed, Status, Successfully Completed, Status, Successfully Completed, Status, Successfully Completed, Status, Successfully Completed, Status, Successfully Completed, Status, Successfully Completed, Status, Successfully Completed, Status, Successfully Completed, Status, Successfully Completed, Status, Successfully Completed, Status, Successfully Completed, Status, Successfully Completed, Status, Successfully Completed, Status, Successfully Completed, Status, Successfully Completed, Status, Successfully Completed, Status, Successfully Completed, Status, Successfully Completed, Status, Successfully Completed, Status, Successfully Completed, Status, Successfully Completed, Status, Successfully Completed, Status, Successfully Completed, Status, Successfully Completed, Status, Successfully Completed, Status, Successfully Completed, Status, Successfully Completed, Status, Successfully Completed, Status, Successfully Completed, Status, Successfully Completed, Status, Successfully Completed, Status, Successfully Completed, Status, Successfully Completed, Status, Successfully Completed, Status, Successfully Completed, Status, Successfully Completed, Status, Successfully Completed, Status, Successfully Completed, Status, Successfully Completed, Status, Successfully Completed, Status, Successfully Completed, Status, Successfully Completed, Status, Successfully Completed, Status, Successfully Completed, Status, Successfully Completed, Status, Successfully Completed, Status, Successfully Completed, Status, Successfully Completed, Status, Successfully Completed, Status, Successfully Completed, Status, Successfully Completed, Status, Successfully Completed, Status, Successfully Completed, Status, Successfully Completed, Status, Successfully Completed, Status, Successfully Completed, Status, Successfully Completed, Status, Successfully Completed, Status, Successfully Completed, Status, Successfully Completed, Status, Successfully Completed, Status, Successfully Completed, Status, Successfully Completed, Status, Successfully Completed, Status, Successfully Completed, Status, Successfully Completed, Status, Successfully Completed, Status, Successfully Completed, Status, Successfully Completed, Status, Successfully Completed, Status, Successfully Completed, Status, Successfully Completed, Status, Successfully Completed, Status, Successfully Completed, Status, Successfully Completed, Status, Successfully Completed, Status, Successfully Completed, Status, Successfully Completed, Status, Successfully Completed, Status, Successfully Completed, Status, Successfully Completed, Status, Successfully Completed, Status, Successfully Completed, Status, Successfully Completed, Status, Successfully Completed, Status, Successfully Completed, Status, Successfully Completed, Status, Successfully Completed, Status, Successfully Completed, Status, Successfully Completed, Status, Successfully Completed, Status, Successfully Completed, Status, Successfully Completed, Status, Successfully Completed, Status, Successfully Completed, Status, Successfully Completed, Status, Successfully Completed, Status, Successfully Completed, Status, Successfully Completed, Status, Successfully Completed, Status, Successfully Completed, Status, Successfully Completed, Status, Successfully Completed, Status]
[neelback4more@gmail.com, Subho1991*, Status, Successfully Completed, Status, Successfully Completed, Status, Successfully Completed, Status, Successfully Completed, Status, Successfully Completed, Status, Successfully Completed, Status, Successfully Completed, Status, Successfully Completed, Status, Successfully Completed, Status, Successfully Completed, Status, Successfully Completed, Status, Successfully Completed, Status, Successfully Completed, Status, Successfully Completed, Status, Successfully Completed, Status, Successfully Completed, Status, Successfully Completed, Status, Successfully Completed, Status, Successfully Completed, Status, Successfully Completed, Status, Successfully Completed, Status, Successfully Completed, Status, Successfully Completed, Status, Successfully Completed, Status, Successfully Completed, Status, Successfully Completed, Status, Successfully Completed, Status, Successfully Completed, Status, Successfully Completed, Status, Successfully Completed, Status, Successfully Completed, Status, Successfully Completed, Status, Successfully Completed, Status, Successfully Completed, Status, Successfully Completed, Status, Successfully Completed, Status, Successfully Completed, Status, Successfully Completed, Status, Successfully Completed, Status, Successfully Completed, Status, Successfully Completed, Status, Successfully Completed, Status, Successfully Completed, Status, Successfully Completed, Status, Successfully Completed, Status, Successfully Completed, Status, Successfully Completed, Status, Successfully Completed, Status, Successfully Completed, Status, Successfully Completed, Status, Successfully Completed, Status, Successfully Completed, Status, Successfully Completed, Status, Successfully Completed, Status, Successfully Completed, Status, Successfully Completed, Status, Successfully Completed, Status, Successfully Completed, Status, Successfully Completed, Status, Successfully Completed, Status, Successfully Completed, Status, Successfully Completed, Status, Successfully Completed, Status, Successfully Completed, Status, Successfully Completed, Status, Successfully Completed, Status, Successfully Completed, Status, Successfully Completed, Status, Successfully Completed, Status, Successfully Completed, Status, Successfully Completed, Status, Successfully Completed, Status, Successfully Completed, Status, Successfully Completed, Status, Successfully Completed, Status, Successfully Completed, Status, Successfully Completed, Status, Successfully Completed, Status, Successfully Completed, Status, Successfully Completed, Status, Successfully Completed, Status, Successfully Completed, Status, Successfully Completed, Status, Successfully Completed, Status, Successfully Completed, Status, Successfully Completed, Status, Successfully Completed, Status, Successfully Completed, Status, Successfully Completed, Status, Successfully Completed, Status, Successfully Completed, Status, Successfully Completed, Status, Successfully Completed, Status, Successfully Completed, Status, Successfully Completed, Status, Successfully Completed, Status, Successfully Completed, Status, Successfully Completed, Status, Successfully Completed, Status, Successfully Completed, Status, Successfully Completed, Status, Successfully Completed, Status, Successfully Completed, Status, Successfully Completed, Status, Successfully Completed, Status, Successfully Completed, Status, Successfully Completed, Status, Successfully Completed, Status, Successfully Completed, Status, Successfully Completed, Status, Successfully Completed, Status, Successfully Completed, Status, Successfully Completed, Status, Successfully Completed, Status, Successfully Completed, Status, Successfully Completed, Status, Successfully Completed, Status, Successfully Completed, Status, Successfully Completed, Status, Successfully Completed, Status, Successfully Completed, Status, Successfully Completed, Status, Successfully Completed, Status, Successfully Completed, Status, Successfully Completed, Status, Successfully Completed, Status, Successfully Completed, Status, Successfully Completed, Status, Successfully Completed, Status, Successfully Completed, Status, Successfully Completed, Status, Successfully Completed, Status, Successfully Completed, Status, Successfully Completed, Status, Successfully Completed, Status, Successfully Completed, Status, Successfully Completed, Status, Successfully Completed, Status, Successfully Completed, Status, Successfully Completed, Status, Successfully Completed, Status, Successfully Completed, Status, Successfully Completed, Status, Successfully Completed, Status, Successfully Completed, Status, Successfully Completed, Status, Successfully Completed, Status, Successfully Completed, Status, Successfully Completed, Status, Successfully Completed, Status, Successfully Completed, Status, Successfully Completed, Status, Successfully Completed, Status, Successfully Completed, Status, Successfully Completed, Status, Successfully Completed, Status, Successfully Completed, Status, Successfully Completed, Status, Successfully Completed, Status, Successfully Completed, Status, Successfully Completed, Status, Successfully Completed, Status, Successfully Completed, Status, Successfully Completed, Status, Successfully Completed, Status, Successfully Completed, Status, Successfully Completed, Status, Successfully Completed, Status, Successfully Completed, Status, Successfully Completed, Status, Successfully Completed, Status, Successfully Completed, Status, Successfully Completed, Status, Successfully Completed, Status, Successfully Completed, Status, Successfully Completed, Status, Successfully Completed, Status, Successfully Completed, Status, Successfully Completed, Status, Successfully Completed, Status, Successfully Completed, Status, Successfully Completed, Status, Successfully Completed, Status, Successfully Completed, Status, Successfully Completed, Status, Successfully Completed, Status, Successfully Completed, Status, Successfully Completed, Status, Successfully Completed, Status, Successfully Completed, Status, Successfully Completed, Status, Successfully Completed, Status, Successfully Completed, Status, Successfully Completed, Status, Successfully Completed, Status, Successfully Completed, Status, Successfully Completed, Status, Successfully Completed, Status, Successfully Completed, Status, Successfully Completed, Status, Successfully Completed, Status, Successfully Completed, Status, Successfully Completed, Status, Successfully Completed, Status, Successfully Completed, Status, Successfully Completed, Status, Successfully Completed, Status, Successfully Completed, Status, Successfully Completed, Status, Successfully Completed, Status, Successfully Completed, Status, Successfully Completed, Status, Successfully Completed, Status, Successfully Completed, Status, Successfully Completed, Status, Successfully Completed, Status, Successfully Completed, Status, Successfully Completed, Status, Successfully Completed, Status, Successfully Completed, Status, Successfully Completed, Status, Successfully Completed, Status, Successfully Completed, Status, Successfully Completed, Status, Successfully Completed, Status, Successfully Completed, Status, Successfully Completed, Status, Successfully Completed, Status, Successfully Completed, Status, Successfully Completed, Status, Successfully Completed, Status, Successfully Completed, Status, Successfully Completed, Status, Successfully Completed, Status, Successfully Completed, Status, Successfully Completed, Status, Successfully Completed, Status, Successfully Completed, Status, Successfully Completed, Status, Successfully Completed, Status, Successfully Completed, Status, Successfully Completed, Status, Successfully Completed, Status, Successfully Completed, Status, Successfully Completed, Status, Successfully Completed, Status, Successfully Completed, Status, Successfully Completed, Status, Successfully Completed, Status, Successfully Completed, Status, Successfully Completed, Status, Successfully Completed, Status, Successfully Completed, Status, Successfully Completed, Status, Successfully Completed, Status, Successfully Completed, Status, Successfully Completed, Status, Successfully Completed, Status, Successfully Completed, Status, Successfully Completed, Status, Successfully Completed, Status, Successfully Completed, Status, Successfully Completed, Status, Successfully Completed, Status, Successfully Completed, Status, Successfully Completed, Status, Successfully Completed]
[neelback4more@gmail.com, Subho1991*, Status, Successfully Completed, Status, Successfully Completed, Status, Successfully Completed, Status, Successfully Completed, Status, Successfully Completed, Status, Successfully Completed, Status, Successfully Completed, Status, Successfully Completed, Status, Successfully Completed, Status, Successfully Completed, Status, Successfully Completed, Status, Successfully Completed, Status, Successfully Completed, Status, Successfully Completed, Status, Successfully Completed, Status, Successfully Completed, Status, Successfully Completed, Status, Successfully Completed, Status, Successfully Completed, Status, Successfully Completed, Status, Successfully Completed, Status, Successfully Completed, Status, Successfully Completed, Status, Successfully Completed, Status, Successfully Completed, Status, Successfully Completed, Status, Successfully Completed, Status, Successfully Completed, Status, Successfully Completed, Status, Successfully Completed, Status, Successfully Completed, Status, Successfully Completed, Status, Successfully Completed, Status, Successfully Completed, Status, Successfully Completed, Status, Successfully Completed, Status, Successfully Completed, Status, Successfully Completed, Status, Successfully Completed, Status, Successfully Completed, Status, Successfully Completed, Status, Successfully Completed, Status, Successfully Completed, Status, Successfully Completed, Status, Successfully Completed, Status, Successfully Completed, Status, Successfully Completed, Status, Successfully Completed, Status, Successfully Completed, Status, Successfully Completed, Status, Successfully Completed, Status, Successfully Completed, Status, Successfully Completed, Status, Successfully Completed, Status, Successfully Completed, Status, Successfully Completed, Status, Successfully Completed, Status, Successfully Completed, Status, Successfully Completed, Status, Successfully Completed, Status, Successfully Completed, Status, Successfully Completed, Status, Successfully Completed, Status, Successfully Completed, Status, Successfully Completed, Status, Successfully Completed, Status, Successfully Completed, Status, Successfully Completed, Status, Successfully Completed, Status, Successfully Completed, Status, Successfully Completed, Status, Successfully Completed, Status, Successfully Completed, Status, Successfully Completed, Status, Successfully Completed, Status, Successfully Completed, Status, Successfully Completed, Status, Successfully Completed, Status, Successfully Completed, Status, Successfully Completed, Status, Successfully Completed, Status, Successfully Completed, Status, Successfully Completed, Status, Successfully Completed, Status, Successfully Completed, Status, Successfully Completed, Status, Successfully Completed, Status, Successfully Completed, Status, Successfully Completed, Status, Successfully Completed, Status, Successfully Completed, Status, Successfully Completed, Status, Successfully Completed, Status, Successfully Completed, Status, Successfully Completed, Status, Successfully Completed, Status, Successfully Completed, Status, Successfully Completed, Status, Successfully Completed, Status, Successfully Completed, Status, Successfully Completed, Status, Successfully Completed, Status, Successfully Completed, Status, Successfully Completed, Status, Successfully Completed, Status, Successfully Completed, Status, Successfully Completed, Status, Successfully Completed, Status, Successfully Completed, Status, Successfully Completed, Status, Successfully Completed, Status, Successfully Completed, Status, Successfully Completed, Status, Successfully Completed, Status, Successfully Completed, Status, Successfully Completed, Status, Successfully Completed, Status, Successfully Completed, Status, Successfully Completed, Status, Successfully Completed, Status, Successfully Completed, Status, Successfully Completed, Status, Successfully Completed, Status, Successfully Completed, Status, Successfully Completed, Status, Successfully Completed, Status, Successfully Completed, Status, Successfully Completed, Status, Successfully Completed, Status, Successfully Completed, Status, Successfully Completed, Status, Successfully Completed, Status, Successfully Completed, Status, Successfully Completed, Status, Successfully Completed, Status, Successfully Completed, Status, Successfully Completed, Status, Successfully Completed, Status, Successfully Completed, Status, Successfully Completed, Status, Successfully Completed, Status, Successfully Completed, Status, Successfully Completed, Status, Successfully Completed, Status, Successfully Completed, Status, Successfully Completed, Status, Successfully Completed, Status, Successfully Completed, Status, Successfully Completed, Status, Successfully Completed, Status, Successfully Completed, Status, Successfully Completed, Status, Successfully Completed, Status, Successfully Completed, Status, Successfully Completed, Status, Successfully Completed, Status, Successfully Completed, Status, Successfully Completed, Status, Successfully Completed, Status, Successfully Completed, Status, Successfully Completed, Status, Successfully Completed, Status, Successfully Completed, Status, Successfully Completed, Status, Successfully Completed, Status, Successfully Completed, Status, Successfully Completed, Status, Successfully Completed, Status, Successfully Completed, Status, Successfully Completed, Status, Successfully Completed, Status, Successfully Completed, Status, Successfully Completed, Status, Successfully Completed, Status, Successfully Completed, Status, Successfully Completed, Status, Successfully Completed, Status, Successfully Completed, Status, Successfully Completed, Status, Successfully Completed, Status, Successfully Completed, Status, Successfully Completed, Status, Successfully Completed, Status, Successfully Completed, Status, Successfully Completed, Status, Successfully Completed, Status, Successfully Completed, Status, Successfully Completed, Status, Successfully Completed, Status, Successfully Completed, Status, Successfully Completed, Status, Successfully Completed, Status, Successfully Completed, Status, Successfully Completed, Status, Successfully Completed, Status, Successfully Completed, Status, Successfully Completed, Status, Successfully Completed, Status, Successfully Completed, Status, Successfully Completed, Status, Successfully Completed, Status, Successfully Completed, Status, Successfully Completed, Status, Successfully Completed, Status, Successfully Completed, Status, Successfully Completed, Status, Successfully Completed, Status, Successfully Completed, Status, Successfully Completed, Status, Successfully Completed, Status, Successfully Completed, Status, Successfully Completed, Status, Successfully Completed, Status, Successfully Completed, Status, Successfully Completed, Status, Successfully Completed, Status, Successfully Completed, Status, Successfully Completed, Status, Successfully Completed, Status, Successfully Completed, Status, Successfully Completed, Status, Successfully Completed, Status, Successfully Completed, Status, Successfully Completed, Status, Successfully Completed, Status, Successfully Completed, Status, Successfully Completed, Status, Successfully Completed, Status, Successfully Completed, Status, Successfully Completed, Status, Successfully Completed, Status, Successfully Completed, Status, Successfully Completed, Status, Successfully Completed, Status, Successfully Completed, Status, Successfully Completed, Status, Successfully Completed, Status, Successfully Completed, Status, Successfully Completed, Status, Successfully Completed, Status, Successfully Completed, Status, Successfully Completed, Status, Successfully Completed, Status, Successfully Completed, Status, Successfully Completed, Status, Successfully Completed, Status, Successfully Completed, Status, Successfully Completed, Status, Successfully Completed, Status, Successfully Completed, Status, Successfully Completed, Status, Successfully Completed, Status, Successfully Completed, Status, Successfully Completed, Status, Successfully Completed, Status, Successfully Completed, Status, Successfully Completed, Status, Successfully Completed, Status, Successfully Completed, Status, Successfully Completed, Status, Successfully Completed, Status, Successfully Completed, Status, Successfully Completed, Status, Successfully Completed, Status, Successfully Completed, Status, Successfully Completed, Status, Successfully Completed, Status]
[neelback4more@gmail.com, Subho1991*, Status, Successfully Completed, Status, Successfully Completed, Status, Successfully Completed, Status, Successfully Completed, Status, Successfully Completed, Status, Successfully Completed, Status, Successfully Completed, Status, Successfully Completed, Status, Successfully Completed, Status, Successfully Completed, Status, Successfully Completed, Status, Successfully Completed, Status, Successfully Completed, Status, Successfully Completed, Status, Successfully Completed, Status, Successfully Completed, Status, Successfully Completed, Status, Successfully Completed, Status, Successfully Completed, Status, Successfully Completed, Status, Successfully Completed, Status, Successfully Completed, Status, Successfully Completed, Status, Successfully Completed, Status, Successfully Completed, Status, Successfully Completed, Status, Successfully Completed, Status, Successfully Completed, Status, Successfully Completed, Status, Successfully Completed, Status, Successfully Completed, Status, Successfully Completed, Status, Successfully Completed, Status, Successfully Completed, Status, Successfully Completed, Status, Successfully Completed, Status, Successfully Completed, Status, Successfully Completed, Status, Successfully Completed, Status, Successfully Completed, Status, Successfully Completed, Status, Successfully Completed, Status, Successfully Completed, Status, Successfully Completed, Status, Successfully Completed, Status, Successfully Completed, Status, Successfully Completed, Status, Successfully Completed, Status, Successfully Completed, Status, Successfully Completed, Status, Successfully Completed, Status, Successfully Completed, Status, Successfully Completed, Status, Successfully Completed, Status, Successfully Completed, Status, Successfully Completed, Status, Successfully Completed, Status, Successfully Completed, Status, Successfully Completed, Status, Successfully Completed, Status, Successfully Completed, Status, Successfully Completed, Status, Successfully Completed, Status, Successfully Completed, Status, Successfully Completed, Status, Successfully Completed, Status, Successfully Completed, Status, Successfully Completed, Status, Successfully Completed, Status, Successfully Completed, Status, Successfully Completed, Status, Successfully Completed, Status, Successfully Completed, Status, Successfully Completed, Status, Successfully Completed, Status, Successfully Completed, Status, Successfully Completed, Status, Successfully Completed, Status, Successfully Completed, Status, Successfully Completed, Status, Successfully Completed, Status, Successfully Completed, Status, Successfully Completed, Status, Successfully Completed, Status, Successfully Completed, Status, Successfully Completed, Status, Successfully Completed, Status, Successfully Completed, Status, Successfully Completed, Status, Successfully Completed, Status, Successfully Completed, Status, Successfully Completed, Status, Successfully Completed, Status, Successfully Completed, Status, Successfully Completed, Status, Successfully Completed, Status, Successfully Completed, Status, Successfully Completed, Status, Successfully Completed, Status, Successfully Completed, Status, Successfully Completed, Status, Successfully Completed, Status, Successfully Completed, Status, Successfully Completed, Status, Successfully Completed, Status, Successfully Completed, Status, Successfully Completed, Status, Successfully Completed, Status, Successfully Completed, Status, Successfully Completed, Status, Successfully Completed, Status, Successfully Completed, Status, Successfully Completed, Status, Successfully Completed, Status, Successfully Completed, Status, Successfully Completed, Status, Successfully Completed, Status, Successfully Completed, Status, Successfully Completed, Status, Successfully Completed, Status, Successfully Completed, Status, Successfully Completed, Status, Successfully Completed, Status, Successfully Completed, Status, Successfully Completed, Status, Successfully Completed, Status, Successfully Completed, Status, Successfully Completed, Status, Successfully Completed, Status, Successfully Completed, Status, Successfully Completed, Status, Successfully Completed, Status, Successfully Completed, Status, Successfully Completed, Status, Successfully Completed, Status, Successfully Completed, Status, Successfully Completed, Status, Successfully Completed, Status, Successfully Completed, Status, Successfully Completed, Status, Successfully Completed, Status, Successfully Completed, Status, Successfully Completed, Status, Successfully Completed, Status, Successfully Completed, Status, Successfully Completed, Status, Successfully Completed, Status, Successfully Completed, Status, Successfully Completed, Status, Successfully Completed, Status, Successfully Completed, Status, Successfully Completed, Status, Successfully Completed, Status, Successfully Completed, Status, Successfully Completed, Status, Successfully Completed, Status, Successfully Completed, Status, Successfully Completed, Status, Successfully Completed, Status, Successfully Completed, Status, Successfully Completed, Status, Successfully Completed, Status, Successfully Completed, Status, Successfully Completed, Status, Successfully Completed, Status, Successfully Completed, Status, Successfully Completed, Status, Successfully Completed, Status, Successfully Completed, Status, Successfully Completed, Status, Successfully Completed, Status, Successfully Completed, Status, Successfully Completed, Status, Successfully Completed, Status, Successfully Completed, Status, Successfully Completed, Status, Successfully Completed, Status, Successfully Completed, Status, Successfully Completed, Status, Successfully Completed, Status, Successfully Completed, Status, Successfully Completed, Status, Successfully Completed, Status, Successfully Completed, Status, Successfully Completed, Status, Successfully Completed, Status, Successfully Completed, Status, Successfully Completed, Status, Successfully Completed, Status, Successfully Completed, Status, Successfully Completed, Status, Successfully Completed, Status, Successfully Completed, Status, Successfully Completed, Status, Successfully Completed, Status, Successfully Completed, Status, Successfully Completed, Status, Successfully Completed, Status, Successfully Completed, Status, Successfully Completed, Status, Successfully Completed, Status, Successfully Completed, Status, Successfully Completed, Status, Successfully Completed, Status, Successfully Completed, Status, Successfully Completed, Status, Successfully Completed, Status, Successfully Completed, Status, Successfully Completed, Status, Successfully Completed, Status, Successfully Completed, Status, Successfully Completed, Status, Successfully Completed, Status, Successfully Completed, Status, Successfully Completed, Status, Successfully Completed, Status, Successfully Completed, Status, Successfully Completed, Status, Successfully Completed, Status, Successfully Completed, Status, Successfully Completed, Status, Successfully Completed, Status, Successfully Completed, Status, Successfully Completed, Status, Successfully Completed, Status, Successfully Completed, Status, Successfully Completed, Status, Successfully Completed, Status, Successfully Completed, Status, Successfully Completed, Status, Successfully Completed, Status, Successfully Completed, Status, Successfully Completed, Status, Successfully Completed, Status, Successfully Completed, Status, Successfully Completed, Status, Successfully Completed, Status, Successfully Completed, Status, Successfully Completed, Status, Successfully Completed, Status, Successfully Completed, Status, Successfully Completed, Status, Successfully Completed, Status, Successfully Completed, Status, Successfully Completed, Status, Successfully Completed, Status, Successfully Completed, Status, Successfully Completed, Status, Successfully Completed, Status, Successfully Completed, Status, Successfully Completed, Status, Successfully Completed, Status, Successfully Completed, Status, Successfully Completed, Status, Successfully Completed, Status, Successfully Completed, Status, Successfully Completed, Status, Successfully Completed, Status, Successfully Completed, Status, Successfully Completed, Status, Successfully Completed, Status, Successfully Completed, Status, Successfully Completed, Status, Successfully Completed, Status, Successfully Completed, Status, Successfully Completed, Status, Successfully Completed, Status, Successfully Completed]
[neelback4more@gmail.com, Subho1991*, Status, Successfully Completed, Status, Successfully Completed, Status, Successfully Completed, Status, Successfully Completed, Status, Successfully Completed, Status, Successfully Completed, Status, Successfully Completed, Status, Successfully Completed, Status, Successfully Completed, Status, Successfully Completed, Status, Successfully Completed, Status, Successfully Completed, Status, Successfully Completed, Status, Successfully Completed, Status, Successfully Completed, Status, Successfully Completed, Status, Successfully Completed, Status, Successfully Completed, Status, Successfully Completed, Status, Successfully Completed, Status, Successfully Completed, Status, Successfully Completed, Status, Successfully Completed, Status, Successfully Completed, Status, Successfully Completed, Status, Successfully Completed, Status, Successfully Completed, Status, Successfully Completed, Status, Successfully Completed, Status, Successfully Completed, Status, Successfully Completed, Status, Successfully Completed, Status, Successfully Completed, Status, Successfully Completed, Status, Successfully Completed, Status, Successfully Completed, Status, Successfully Completed, Status, Successfully Completed, Status, Successfully Completed, Status, Successfully Completed, Status, Successfully Completed, Status, Successfully Completed, Status, Successfully Completed, Status, Successfully Completed, Status, Successfully Completed, Status, Successfully Completed, Status, Successfully Completed, Status, Successfully Completed, Status, Successfully Completed, Status, Successfully Completed, Status, Successfully Completed, Status, Successfully Completed, Status, Successfully Completed, Status, Successfully Completed, Status, Successfully Completed, Status, Successfully Completed, Status, Successfully Completed, Status, Successfully Completed, Status, Successfully Completed, Status, Successfully Completed, Status, Successfully Completed, Status, Successfully Completed, Status, Successfully Completed, Status, Successfully Completed, Status, Successfully Completed, Status, Successfully Completed, Status, Successfully Completed, Status, Successfully Completed, Status, Successfully Completed, Status, Successfully Completed, Status, Successfully Completed, Status, Successfully Completed, Status, Successfully Completed, Status, Successfully Completed, Status, Successfully Completed, Status, Successfully Completed, Status, Successfully Completed, Status, Successfully Completed, Status, Successfully Completed, Status, Successfully Completed, Status, Successfully Completed, Status, Successfully Completed, Status, Successfully Completed, Status, Successfully Completed, Status, Successfully Completed, Status, Successfully Completed, Status, Successfully Completed, Status, Successfully Completed, Status, Successfully Completed, Status, Successfully Completed, Status, Successfully Completed, Status, Successfully Completed, Status, Successfully Completed, Status, Successfully Completed, Status, Successfully Completed, Status, Successfully Completed, Status, Successfully Completed, Status, Successfully Completed, Status, Successfully Completed, Status, Successfully Completed, Status, Successfully Completed, Status, Successfully Completed, Status, Successfully Completed, Status, Successfully Completed, Status, Successfully Completed, Status, Successfully Completed, Status, Successfully Completed, Status, Successfully Completed, Status, Successfully Completed, Status, Successfully Completed, Status, Successfully Completed, Status, Successfully Completed, Status, Successfully Completed, Status, Successfully Completed, Status, Successfully Completed, Status, Successfully Completed, Status, Successfully Completed, Status, Successfully Completed, Status, Successfully Completed, Status, Successfully Completed, Status, Successfully Completed, Status, Successfully Completed, Status, Successfully Completed, Status, Successfully Completed, Status, Successfully Completed, Status, Successfully Completed, Status, Successfully Completed, Status, Successfully Completed, Status, Successfully Completed, Status, Successfully Completed, Status, Successfully Completed, Status, Successfully Completed, Status, Successfully Completed, Status, Successfully Completed, Status, Successfully Completed, Status, Successfully Completed, Status, Successfully Completed, Status, Successfully Completed, Status, Successfully Completed, Status, Successfully Completed, Status, Successfully Completed, Status, Successfully Completed, Status, Successfully Completed, Status, Successfully Completed, Status, Successfully Completed, Status, Successfully Completed, Status, Successfully Completed, Status, Successfully Completed, Status, Successfully Completed, Status, Successfully Completed, Status, Successfully Completed, Status, Successfully Completed, Status, Successfully Completed, Status, Successfully Completed, Status, Successfully Completed, Status, Successfully Completed, Status, Successfully Completed, Status, Successfully Completed, Status, Successfully Completed, Status, Successfully Completed, Status, Successfully Completed, Status, Successfully Completed, Status, Successfully Completed, Status, Successfully Completed, Status, Successfully Completed, Status, Successfully Completed, Status, Successfully Completed, Status, Successfully Completed, Status, Successfully Completed, Status, Successfully Completed, Status, Successfully Completed, Status, Successfully Completed, Status, Successfully Completed, Status, Successfully Completed, Status, Successfully Completed, Status, Successfully Completed, Status, Successfully Completed, Status, Successfully Completed, Status, Successfully Completed, Status, Successfully Completed, Status, Successfully Completed, Status, Successfully Completed, Status, Successfully Completed, Status, Successfully Completed, Status, Successfully Completed, Status, Successfully Completed, Status, Successfully Completed, Status, Successfully Completed, Status, Successfully Completed, Status, Successfully Completed, Status, Successfully Completed, Status, Successfully Completed, Status, Successfully Completed, Status, Successfully Completed, Status, Successfully Completed, Status, Successfully Completed, Status, Successfully Completed, Status, Successfully Completed, Status, Successfully Completed, Status, Successfully Completed, Status, Successfully Completed, Status, Successfully Completed, Status, Successfully Completed, Status, Successfully Completed, Status, Successfully Completed, Status, Successfully Completed, Status, Successfully Completed, Status, Successfully Completed, Status, Successfully Completed, Status, Successfully Completed, Status, Successfully Completed, Status, Successfully Completed, Status, Successfully Completed, Status, Successfully Completed, Status, Successfully Completed, Status, Successfully Completed, Status, Successfully Completed, Status, Successfully Completed, Status, Successfully Completed, Status, Successfully Completed, Status, Successfully Completed, Status, Successfully Completed, Status, Successfully Completed, Status, Successfully Completed, Status, Successfully Completed, Status, Successfully Completed, Status, Successfully Completed, Status, Successfully Completed, Status, Successfully Completed, Status, Successfully Completed, Status, Successfully Completed, Status, Successfully Completed, Status, Successfully Completed, Status, Successfully Completed, Status, Successfully Completed, Status, Successfully Completed, Status, Successfully Completed, Status, Successfully Completed, Status, Successfully Completed, Status, Successfully Completed, Status, Successfully Completed, Status, Successfully Completed, Status, Successfully Completed, Status, Successfully Completed, Status, Successfully Completed, Status, Successfully Completed, Status, Successfully Completed, Status, Successfully Completed, Status, Successfully Completed, Status, Successfully Completed, Status, Successfully Completed, Status, Successfully Completed, Status, Successfully Completed, Status, Successfully Completed, Status, Successfully Completed, Status, Successfully Completed, Status, Successfully Completed, Status, Successfully Completed, Status, Successfully Completed, Status, Successfully Completed, Status, Successfully Completed, Status, Successfully Completed, Status, Successfully Completed, Status, Successfully Completed, Status, Successfully Completed, Status, Successfully Completed, Status, Successfully Completed, Status, Successfully Completed, Status]
[neelback4more@gmail.com, Subho1991*, Status, Successfully Completed, Status, Successfully Completed, Status, Successfully Completed, Status, Successfully Completed, Status, Successfully Completed, Status, Successfully Completed, Status, Successfully Completed, Status, Successfully Completed, Status, Successfully Completed, Status, Successfully Completed, Status, Successfully Completed, Status, Successfully Completed, Status, Successfully Completed, Status, Successfully Completed, Status, Successfully Completed, Status, Successfully Completed, Status, Successfully Completed, Status, Successfully Completed, Status, Successfully Completed, Status, Successfully Completed, Status, Successfully Completed, Status, Successfully Completed, Status, Successfully Completed, Status, Successfully Completed, Status, Successfully Completed, Status, Successfully Completed, Status, Successfully Completed, Status, Successfully Completed, Status, Successfully Completed, Status, Successfully Completed, Status, Successfully Completed, Status, Successfully Completed, Status, Successfully Completed, Status, Successfully Completed, Status, Successfully Completed, Status, Successfully Completed, Status, Successfully Completed, Status, Successfully Completed, Status, Successfully Completed, Status, Successfully Completed, Status, Successfully Completed, Status, Successfully Completed, Status, Successfully Completed, Status, Successfully Completed, Status, Successfully Completed, Status, Successfully Completed, Status, Successfully Completed, Status, Successfully Completed, Status, Successfully Completed, Status, Successfully Completed, Status, Successfully Completed, Status, Successfully Completed, Status, Successfully Completed, Status, Successfully Completed, Status, Successfully Completed, Status, Successfully Completed, Status, Successfully Completed, Status, Successfully Completed, Status, Successfully Completed, Status, Successfully Completed, Status, Successfully Completed, Status, Successfully Completed, Status, Successfully Completed, Status, Successfully Completed, Status, Successfully Completed, Status, Successfully Completed, Status, Successfully Completed, Status, Successfully Completed, Status, Successfully Completed, Status, Successfully Completed, Status, Successfully Completed, Status, Successfully Completed, Status, Successfully Completed, Status, Successfully Completed, Status, Successfully Completed, Status, Successfully Completed, Status, Successfully Completed, Status, Successfully Completed, Status, Successfully Completed, Status, Successfully Completed, Status, Successfully Completed, Status, Successfully Completed, Status, Successfully Completed, Status, Successfully Completed, Status, Successfully Completed, Status, Successfully Completed, Status, Successfully Completed, Status, Successfully Completed, Status, Successfully Completed, Status, Successfully Completed, Status, Successfully Completed, Status, Successfully Completed, Status, Successfully Completed, Status, Successfully Completed, Status, Successfully Completed, Status, Successfully Completed, Status, Successfully Completed, Status, Successfully Completed, Status, Successfully Completed, Status, Successfully Completed, Status, Successfully Completed, Status, Successfully Completed, Status, Successfully Completed, Status, Successfully Completed, Status, Successfully Completed, Status, Successfully Completed, Status, Successfully Completed, Status, Successfully Completed, Status, Successfully Completed, Status, Successfully Completed, Status, Successfully Completed, Status, Successfully Completed, Status, Successfully Completed, Status, Successfully Completed, Status, Successfully Completed, Status, Successfully Completed, Status, Successfully Completed, Status, Successfully Completed, Status, Successfully Completed, Status, Successfully Completed, Status, Successfully Completed, Status, Successfully Completed, Status, Successfully Completed, Status, Successfully Completed, Status, Successfully Completed, Status, Successfully Completed, Status, Successfully Completed, Status, Successfully Completed, Status, Successfully Completed, Status, Successfully Completed, Status, Successfully Completed, Status, Successfully Completed, Status, Successfully Completed, Status, Successfully Completed, Status, Successfully Completed, Status, Successfully Completed, Status, Successfully Completed, Status, Successfully Completed, Status, Successfully Completed, Status, Successfully Completed, Status, Successfully Completed, Status, Successfully Completed, Status, Successfully Completed, Status, Successfully Completed, Status, Successfully Completed, Status, Successfully Completed, Status, Successfully Completed, Status, Successfully Completed, Status, Successfully Completed, Status, Successfully Completed, Status, Successfully Completed, Status, Successfully Completed, Status, Successfully Completed, Status, Successfully Completed, Status, Successfully Completed, Status, Successfully Completed, Status, Successfully Completed, Status, Successfully Completed, Status, Successfully Completed, Status, Successfully Completed, Status, Successfully Completed, Status, Successfully Completed, Status, Successfully Completed, Status, Successfully Completed, Status, Successfully Completed, Status, Successfully Completed, Status, Successfully Completed, Status, Successfully Completed, Status, Successfully Completed, Status, Successfully Completed, Status, Successfully Completed, Status, Successfully Completed, Status, Successfully Completed, Status, Successfully Completed, Status, Successfully Completed, Status, Successfully Completed, Status, Successfully Completed, Status, Successfully Completed, Status, Successfully Completed, Status, Successfully Completed, Status, Successfully Completed, Status, Successfully Completed, Status, Successfully Completed, Status, Successfully Completed, Status, Successfully Completed, Status, Successfully Completed, Status, Successfully Completed, Status, Successfully Completed, Status, Successfully Completed, Status, Successfully Completed, Status, Successfully Completed, Status, Successfully Completed, Status, Successfully Completed, Status, Successfully Completed, Status, Successfully Completed, Status, Successfully Completed, Status, Successfully Completed, Status, Successfully Completed, Status, Successfully Completed, Status, Successfully Completed, Status, Successfully Completed, Status, Successfully Completed, Status, Successfully Completed, Status, Successfully Completed, Status, Successfully Completed, Status, Successfully Completed, Status, Successfully Completed, Status, Successfully Completed, Status, Successfully Completed, Status, Successfully Completed, Status, Successfully Completed, Status, Successfully Completed, Status, Successfully Completed, Status, Successfully Completed, Status, Successfully Completed, Status, Successfully Completed, Status, Successfully Completed, Status, Successfully Completed, Status, Successfully Completed, Status, Successfully Completed, Status, Successfully Completed, Status, Successfully Completed, Status, Successfully Completed, Status, Successfully Completed, Status, Successfully Completed, Status, Successfully Completed, Status, Successfully Completed, Status, Successfully Completed, Status, Successfully Completed, Status, Successfully Completed, Status, Successfully Completed, Status, Successfully Completed, Status, Successfully Completed, Status, Successfully Completed, Status, Successfully Completed, Status, Successfully Completed, Status, Successfully Completed, Status, Successfully Completed, Status, Successfully Completed, Status, Successfully Completed, Status, Successfully Completed, Status, Successfully Completed, Status, Successfully Completed, Status, Successfully Completed, Status, Successfully Completed, Status, Successfully Completed, Status, Successfully Completed, Status, Successfully Completed, Status, Successfully Completed, Status, Successfully Completed, Status, Successfully Completed, Status, Successfully Completed, Status, Successfully Completed, Status, Successfully Completed, Status, Successfully Completed, Status, Successfully Completed, Status, Successfully Completed, Status, Successfully Completed, Status, Successfully Completed, Status, Successfully Completed, Status, Successfully Completed, Status, Successfully Completed, Status, Successfully Completed, Status, Successfully Completed, Status, Successfully Completed, Status, Successfully Completed, Status, Successfully Completed, Status, Successfully Completed, Status, Successfully Completed]
[neelback4more@gmail.com, Subho1991*, Status, Successfully Completed, Status, Successfully Completed, Status, Successfully Completed, Status, Successfully Completed, Status, Successfully Completed, Status, Successfully Completed, Status, Successfully Completed, Status, Successfully Completed, Status, Successfully Completed, Status, Successfully Completed, Status, Successfully Completed, Status, Successfully Completed, Status, Successfully Completed, Status, Successfully Completed, Status, Successfully Completed, Status, Successfully Completed, Status, Successfully Completed, Status, Successfully Completed, Status, Successfully Completed, Status, Successfully Completed, Status, Successfully Completed, Status, Successfully Completed, Status, Successfully Completed, Status, Successfully Completed, Status, Successfully Completed, Status, Successfully Completed, Status, Successfully Completed, Status, Successfully Completed, Status, Successfully Completed, Status, Successfully Completed, Status, Successfully Completed, Status, Successfully Completed, Status, Successfully Completed, Status, Successfully Completed, Status, Successfully Completed, Status, Successfully Completed, Status, Successfully Completed, Status, Successfully Completed, Status, Successfully Completed, Status, Successfully Completed, Status, Successfully Completed, Status, Successfully Completed, Status, Successfully Completed, Status, Successfully Completed, Status, Successfully Completed, Status, Successfully Completed, Status, Successfully Completed, Status, Successfully Completed, Status, Successfully Completed, Status, Successfully Completed, Status, Successfully Completed, Status, Successfully Completed, Status, Successfully Completed, Status, Successfully Completed, Status, Successfully Completed, Status, Successfully Completed, Status, Successfully Completed, Status, Successfully Completed, Status, Successfully Completed, Status, Successfully Completed, Status, Successfully Completed, Status, Successfully Completed, Status, Successfully Completed, Status, Successfully Completed, Status, Successfully Completed, Status, Successfully Completed, Status, Successfully Completed, Status, Successfully Completed, Status, Successfully Completed, Status, Successfully Completed, Status, Successfully Completed, Status, Successfully Completed, Status, Successfully Completed, Status, Successfully Completed, Status, Successfully Completed, Status, Successfully Completed, Status, Successfully Completed, Status, Successfully Completed, Status, Successfully Completed, Status, Successfully Completed, Status, Successfully Completed, Status, Successfully Completed, Status, Successfully Completed, Status, Successfully Completed, Status, Successfully Completed, Status, Successfully Completed, Status, Successfully Completed, Status, Successfully Completed, Status, Successfully Completed, Status, Successfully Completed, Status, Successfully Completed, Status, Successfully Completed, Status, Successfully Completed, Status, Successfully Completed, Status, Successfully Completed, Status, Successfully Completed, Status, Successfully Completed, Status, Successfully Completed, Status, Successfully Completed, Status, Successfully Completed, Status, Successfully Completed, Status, Successfully Completed, Status, Successfully Completed, Status, Successfully Completed, Status, Successfully Completed, Status, Successfully Completed, Status, Successfully Completed, Status, Successfully Completed, Status, Successfully Completed, Status, Successfully Completed, Status, Successfully Completed, Status, Successfully Completed, Status, Successfully Completed, Status, Successfully Completed, Status, Successfully Completed, Status, Successfully Completed, Status, Successfully Completed, Status, Successfully Completed, Status, Successfully Completed, Status, Successfully Completed, Status, Successfully Completed, Status, Successfully Completed, Status, Successfully Completed, Status, Successfully Completed, Status, Successfully Completed, Status, Successfully Completed, Status, Successfully Completed, Status, Successfully Completed, Status, Successfully Completed, Status, Successfully Completed, Status, Successfully Completed, Status, Successfully Completed, Status, Successfully Completed, Status, Successfully Completed, Status, Successfully Completed, Status, Successfully Completed, Status, Successfully Completed, Status, Successfully Completed, Status, Successfully Completed, Status, Successfully Completed, Status, Successfully Completed, Status, Successfully Completed, Status, Successfully Completed, Status, Successfully Completed, Status, Successfully Completed, Status, Successfully Completed, Status, Successfully Completed, Status, Successfully Completed, Status, Successfully Completed, Status, Successfully Completed, Status, Successfully Completed, Status, Successfully Completed, Status, Successfully Completed, Status, Successfully Completed, Status, Successfully Completed, Status, Successfully Completed, Status, Successfully Completed, Status, Successfully Completed, Status, Successfully Completed, Status, Successfully Completed, Status, Successfully Completed, Status, Successfully Completed, Status, Successfully Completed, Status, Successfully Completed, Status, Successfully Completed, Status, Successfully Completed, Status, Successfully Completed, Status, Successfully Completed, Status, Successfully Completed, Status, Successfully Completed, Status, Successfully Completed, Status, Successfully Completed, Status, Successfully Completed, Status, Successfully Completed, Status, Successfully Completed, Status, Successfully Completed, Status, Successfully Completed, Status, Successfully Completed, Status, Successfully Completed, Status, Successfully Completed, Status, Successfully Completed, Status, Successfully Completed, Status, Successfully Completed, Status, Successfully Completed, Status, Successfully Completed, Status, Successfully Completed, Status, Successfully Completed, Status, Successfully Completed, Status, Successfully Completed, Status, Successfully Completed, Status, Successfully Completed, Status, Successfully Completed, Status, Successfully Completed, Status, Successfully Completed, Status, Successfully Completed, Status, Successfully Completed, Status, Successfully Completed, Status, Successfully Completed, Status, Successfully Completed, Status, Successfully Completed, Status, Successfully Completed, Status, Successfully Completed, Status, Successfully Completed, Status, Successfully Completed, Status, Successfully Completed, Status, Successfully Completed, Status, Successfully Completed, Status, Successfully Completed, Status, Successfully Completed, Status, Successfully Completed, Status, Successfully Completed, Status, Successfully Completed, Status, Successfully Completed, Status, Successfully Completed, Status, Successfully Completed, Status, Successfully Completed, Status, Successfully Completed, Status, Successfully Completed, Status, Successfully Completed, Status, Successfully Completed, Status, Successfully Completed, Status, Successfully Completed, Status, Successfully Completed, Status, Successfully Completed, Status, Successfully Completed, Status, Successfully Completed, Status, Successfully Completed, Status, Successfully Completed, Status, Successfully Completed, Status, Successfully Completed, Status, Successfully Completed, Status, Successfully Completed, Status, Successfully Completed, Status, Successfully Completed, Status, Successfully Completed, Status, Successfully Completed, Status, Successfully Completed, Status, Successfully Completed, Status, Successfully Completed, Status, Successfully Completed, Status, Successfully Completed, Status, Successfully Completed, Status, Successfully Completed, Status, Successfully Completed, Status, Successfully Completed, Status, Successfully Completed, Status, Successfully Completed, Status, Successfully Completed, Status, Successfully Completed, Status, Successfully Completed, Status, Successfully Completed, Status, Successfully Completed, Status, Successfully Completed, Status, Successfully Completed, Status, Successfully Completed, Status, Successfully Completed, Status, Successfully Completed, Status, Successfully Completed, Status, Successfully Completed, Status, Successfully Completed, Status, Successfully Completed, Status, Successfully Completed, Status, Successfully Completed, Status, Successfully Completed, Status, Successfully Completed, Status, Successfully Completed, Status, Successfully Completed, Status, Successfully Completed, Status, Successfully Completed, Status]
[neelback4more@gmail.com, Subho1991*, Status, Successfully Completed, Status, Successfully Completed, Status, Successfully Completed, Status, Successfully Completed, Status, Successfully Completed, Status, Successfully Completed, Status, Successfully Completed, Status, Successfully Completed, Status, Successfully Completed, Status, Successfully Completed, Status, Successfully Completed, Status, Successfully Completed, Status, Successfully Completed, Status, Successfully Completed, Status, Successfully Completed, Status, Successfully Completed, Status, Successfully Completed, Status, Successfully Completed, Status, Successfully Completed, Status, Successfully Completed, Status, Successfully Completed, Status, Successfully Completed, Status, Successfully Completed, Status, Successfully Completed, Status, Successfully Completed, Status, Successfully Completed, Status, Successfully Completed, Status, Successfully Completed, Status, Successfully Completed, Status, Successfully Completed, Status, Successfully Completed, Status, Successfully Completed, Status, Successfully Completed, Status, Successfully Completed, Status, Successfully Completed, Status, Successfully Completed, Status, Successfully Completed, Status, Successfully Completed, Status, Successfully Completed, Status, Successfully Completed, Status, Successfully Completed, Status, Successfully Completed, Status, Successfully Completed, Status, Successfully Completed, Status, Successfully Completed, Status, Successfully Completed, Status, Successfully Completed, Status, Successfully Completed, Status, Successfully Completed, Status, Successfully Completed, Status, Successfully Completed, Status, Successfully Completed, Status, Successfully Completed, Status, Successfully Completed, Status, Successfully Completed, Status, Successfully Completed, Status, Successfully Completed, Status, Successfully Completed, Status, Successfully Completed, Status, Successfully Completed, Status, Successfully Completed, Status, Successfully Completed, Status, Successfully Completed, Status, Successfully Completed, Status, Successfully Completed, Status, Successfully Completed, Status, Successfully Completed, Status, Successfully Completed, Status, Successfully Completed, Status, Successfully Completed, Status, Successfully Completed, Status, Successfully Completed, Status, Successfully Completed, Status, Successfully Completed, Status, Successfully Completed, Status, Successfully Completed, Status, Successfully Completed, Status, Successfully Completed, Status, Successfully Completed, Status, Successfully Completed, Status, Successfully Completed, Status, Successfully Completed, Status, Successfully Completed, Status, Successfully Completed, Status, Successfully Completed, Status, Successfully Completed, Status, Successfully Completed, Status, Successfully Completed, Status, Successfully Completed, Status, Successfully Completed, Status, Successfully Completed, Status, Successfully Completed, Status, Successfully Completed, Status, Successfully Completed, Status, Successfully Completed, Status, Successfully Completed, Status, Successfully Completed, Status, Successfully Completed, Status, Successfully Completed, Status, Successfully Completed, Status, Successfully Completed, Status, Successfully Completed, Status, Successfully Completed, Status, Successfully Completed, Status, Successfully Completed, Status, Successfully Completed, Status, Successfully Completed, Status, Successfully Completed, Status, Successfully Completed, Status, Successfully Completed, Status, Successfully Completed, Status, Successfully Completed, Status, Successfully Completed, Status, Successfully Completed, Status, Successfully Completed, Status, Successfully Completed, Status, Successfully Completed, Status, Successfully Completed, Status, Successfully Completed, Status, Successfully Completed, Status, Successfully Completed, Status, Successfully Completed, Status, Successfully Completed, Status, Successfully Completed, Status, Successfully Completed, Status, Successfully Completed, Status, Successfully Completed, Status, Successfully Completed, Status, Successfully Completed, Status, Successfully Completed, Status, Successfully Completed, Status, Successfully Completed, Status, Successfully Completed, Status, Successfully Completed, Status, Successfully Completed, Status, Successfully Completed, Status, Successfully Completed, Status, Successfully Completed, Status, Successfully Completed, Status, Successfully Completed, Status, Successfully Completed, Status, Successfully Completed, Status, Successfully Completed, Status, Successfully Completed, Status, Successfully Completed, Status, Successfully Completed, Status, Successfully Completed, Status, Successfully Completed, Status, Successfully Completed, Status, Successfully Completed, Status, Successfully Completed, Status, Successfully Completed, Status, Successfully Completed, Status, Successfully Completed, Status, Successfully Completed, Status, Successfully Completed, Status, Successfully Completed, Status, Successfully Completed, Status, Successfully Completed, Status, Successfully Completed, Status, Successfully Completed, Status, Successfully Completed, Status, Successfully Completed, Status, Successfully Completed, Status, Successfully Completed, Status, Successfully Completed, Status, Successfully Completed, Status, Successfully Completed, Status, Successfully Completed, Status, Successfully Completed, Status, Successfully Completed, Status, Successfully Completed, Status, Successfully Completed, Status, Successfully Completed, Status, Successfully Completed, Status, Successfully Completed, Status, Successfully Completed, Status, Successfully Completed, Status, Successfully Completed, Status, Successfully Completed, Status, Successfully Completed, Status, Successfully Completed, Status, Successfully Completed, Status, Successfully Completed, Status, Successfully Completed, Status, Successfully Completed, Status, Successfully Completed, Status, Successfully Completed, Status, Successfully Completed, Status, Successfully Completed, Status, Successfully Completed, Status, Successfully Completed, Status, Successfully Completed, Status, Successfully Completed, Status, Successfully Completed, Status, Successfully Completed, Status, Successfully Completed, Status, Successfully Completed, Status, Successfully Completed, Status, Successfully Completed, Status, Successfully Completed, Status, Successfully Completed, Status, Successfully Completed, Status, Successfully Completed, Status, Successfully Completed, Status, Successfully Completed, Status, Successfully Completed, Status, Successfully Completed, Status, Successfully Completed, Status, Successfully Completed, Status, Successfully Completed, Status, Successfully Completed, Status, Successfully Completed, Status, Successfully Completed, Status, Successfully Completed, Status, Successfully Completed, Status, Successfully Completed, Status, Successfully Completed, Status, Successfully Completed, Status, Successfully Completed, Status, Successfully Completed, Status, Successfully Completed, Status, Successfully Completed, Status, Successfully Completed, Status, Successfully Completed, Status, Successfully Completed, Status, Successfully Completed, Status, Successfully Completed, Status, Successfully Completed, Status, Successfully Completed, Status, Successfully Completed, Status, Successfully Completed, Status, Successfully Completed, Status, Successfully Completed, Status, Successfully Completed, Status, Successfully Completed, Status, Successfully Completed, Status, Successfully Completed, Status, Successfully Completed, Status, Successfully Completed, Status, Successfully Completed, Status, Successfully Completed, Status, Successfully Completed, Status, Successfully Completed, Status, Successfully Completed, Status, Successfully Completed, Status, Successfully Completed, Status, Successfully Completed, Status, Successfully Completed, Status, Successfully Completed, Status, Successfully Completed, Status, Successfully Completed, Status, Successfully Completed, Status, Successfully Completed, Status, Successfully Completed, Status, Successfully Completed, Status, Successfully Completed, Status, Successfully Completed, Status, Successfully Completed, Status, Successfully Completed, Status, Successfully Completed, Status, Successfully Completed, Status, Successfully Completed, Status, Successfully Completed, Status, Successfully Completed, Status, Successfully Completed, Status, Successfully Completed, Status, Successfully Completed, Status, Successfully Completed, Status, Successfully Completed]
[neelback4more@gmail.com, Subho1991*, Status, Successfully Completed, Status, Successfully Completed, Status, Successfully Completed, Status, Successfully Completed, Status, Successfully Completed, Status, Successfully Completed, Status, Successfully Completed, Status, Successfully Completed, Status, Successfully Completed, Status, Successfully Completed, Status, Successfully Completed, Status, Successfully Completed, Status, Successfully Completed, Status, Successfully Completed, Status, Successfully Completed, Status, Successfully Completed, Status, Successfully Completed, Status, Successfully Completed, Status, Successfully Completed, Status, Successfully Completed, Status, Successfully Completed, Status, Successfully Completed, Status, Successfully Completed, Status, Successfully Completed, Status, Successfully Completed, Status, Successfully Completed, Status, Successfully Completed, Status, Successfully Completed, Status, Successfully Completed, Status, Successfully Completed, Status, Successfully Completed, Status, Successfully Completed, Status, Successfully Completed, Status, Successfully Completed, Status, Successfully Completed, Status, Successfully Completed, Status, Successfully Completed, Status, Successfully Completed, Status, Successfully Completed, Status, Successfully Completed, Status, Successfully Completed, Status, Successfully Completed, Status, Successfully Completed, Status, Successfully Completed, Status, Successfully Completed, Status, Successfully Completed, Status, Successfully Completed, Status, Successfully Completed, Status, Successfully Completed, Status, Successfully Completed, Status, Successfully Completed, Status, Successfully Completed, Status, Successfully Completed, Status, Successfully Completed, Status, Successfully Completed, Status, Successfully Completed, Status, Successfully Completed, Status, Successfully Completed, Status, Successfully Completed, Status, Successfully Completed, Status, Successfully Completed, Status, Successfully Completed, Status, Successfully Completed, Status, Successfully Completed, Status, Successfully Completed, Status, Successfully Completed, Status, Successfully Completed, Status, Successfully Completed, Status, Successfully Completed, Status, Successfully Completed, Status, Successfully Completed, Status, Successfully Completed, Status, Successfully Completed, Status, Successfully Completed, Status, Successfully Completed, Status, Successfully Completed, Status, Successfully Completed, Status, Successfully Completed, Status, Successfully Completed, Status, Successfully Completed, Status, Successfully Completed, Status, Successfully Completed, Status, Successfully Completed, Status, Successfully Completed, Status, Successfully Completed, Status, Successfully Completed, Status, Successfully Completed, Status, Successfully Completed, Status, Successfully Completed, Status, Successfully Completed, Status, Successfully Completed, Status, Successfully Completed, Status, Successfully Completed, Status, Successfully Completed, Status, Successfully Completed, Status, Successfully Completed, Status, Successfully Completed, Status, Successfully Completed, Status, Successfully Completed, Status, Successfully Completed, Status, Successfully Completed, Status, Successfully Completed, Status, Successfully Completed, Status, Successfully Completed, Status, Successfully Completed, Status, Successfully Completed, Status, Successfully Completed, Status, Successfully Completed, Status, Successfully Completed, Status, Successfully Completed, Status, Successfully Completed, Status, Successfully Completed, Status, Successfully Completed, Status, Successfully Completed, Status, Successfully Completed, Status, Successfully Completed, Status, Successfully Completed, Status, Successfully Completed, Status, Successfully Completed, Status, Successfully Completed, Status, Successfully Completed, Status, Successfully Completed, Status, Successfully Completed, Status, Successfully Completed, Status, Successfully Completed, Status, Successfully Completed, Status, Successfully Completed, Status, Successfully Completed, Status, Successfully Completed, Status, Successfully Completed, Status, Successfully Completed, Status, Successfully Completed, Status, Successfully Completed, Status, Successfully Completed, Status, Successfully Completed, Status, Successfully Completed, Status, Successfully Completed, Status, Successfully Completed, Status, Successfully Completed, Status, Successfully Completed, Status, Successfully Completed, Status, Successfully Completed, Status, Successfully Completed, Status, Successfully Completed, Status, Successfully Completed, Status, Successfully Completed, Status, Successfully Completed, Status, Successfully Completed, Status, Successfully Completed, Status, Successfully Completed, Status, Successfully Completed, Status, Successfully Completed, Status, Successfully Completed, Status, Successfully Completed, Status, Successfully Completed, Status, Successfully Completed, Status, Successfully Completed, Status, Successfully Completed, Status, Successfully Completed, Status, Successfully Completed, Status, Successfully Completed, Status, Successfully Completed, Status, Successfully Completed, Status, Successfully Completed, Status, Successfully Completed, Status, Successfully Completed, Status, Successfully Completed, Status, Successfully Completed, Status, Successfully Completed, Status, Successfully Completed, Status, Successfully Completed, Status, Successfully Completed, Status, Successfully Completed, Status, Successfully Completed, Status, Successfully Completed, Status, Successfully Completed, Status, Successfully Completed, Status, Successfully Completed, Status, Successfully Completed, Status, Successfully Completed, Status, Successfully Completed, Status, Successfully Completed, Status, Successfully Completed, Status, Successfully Completed, Status, Successfully Completed, Status, Successfully Completed, Status, Successfully Completed, Status, Successfully Completed, Status, Successfully Completed, Status, Successfully Completed, Status, Successfully Completed, Status, Successfully Completed, Status, Successfully Completed, Status, Successfully Completed, Status, Successfully Completed, Status, Successfully Completed, Status, Successfully Completed, Status, Successfully Completed, Status, Successfully Completed, Status, Successfully Completed, Status, Successfully Completed, Status, Successfully Completed, Status, Successfully Completed, Status, Successfully Completed, Status, Successfully Completed, Status, Successfully Completed, Status, Successfully Completed, Status, Successfully Completed, Status, Successfully Completed, Status, Successfully Completed, Status, Successfully Completed, Status, Successfully Completed, Status, Successfully Completed, Status, Successfully Completed, Status, Successfully Completed, Status, Successfully Completed, Status, Successfully Completed, Status, Successfully Completed, Status, Successfully Completed, Status, Successfully Completed, Status, Successfully Completed, Status, Successfully Completed, Status, Successfully Completed, Status, Successfully Completed, Status, Successfully Completed, Status, Successfully Completed, Status, Successfully Completed, Status, Successfully Completed, Status, Successfully Completed, Status, Successfully Completed, Status, Successfully Completed, Status, Successfully Completed, Status, Successfully Completed, Status, Successfully Completed, Status, Successfully Completed, Status, Successfully Completed, Status, Successfully Completed, Status, Successfully Completed, Status, Successfully Completed, Status, Successfully Completed, Status, Successfully Completed, Status, Successfully Completed, Status, Successfully Completed, Status, Successfully Completed, Status, Successfully Completed, Status, Successfully Completed, Status, Successfully Completed, Status, Successfully Completed, Status, Successfully Completed, Status, Successfully Completed, Status, Successfully Completed, Status, Successfully Completed, Status, Successfully Completed, Status, Successfully Completed, Status, Successfully Completed, Status, Successfully Completed, Status, Successfully Completed, Status, Successfully Completed, Status, Successfully Completed, Status, Successfully Completed, Status, Successfully Completed, Status, Successfully Completed, Status, Successfully Completed, Status, Successfully Completed, Status, Successfully Completed, Status, Successfully Completed, Status, Successfully Completed, Status, Successfully Completed, Status, Successfully Completed, Status, Successfully Completed, Status]
[neelback4more@gmail.com, Subho1991*, Status, Successfully Completed, Status, Successfully Completed, Status, Successfully Completed, Status, Successfully Completed, Status, Successfully Completed, Status, Successfully Completed, Status, Successfully Completed, Status, Successfully Completed, Status, Successfully Completed, Status, Successfully Completed, Status, Successfully Completed, Status, Successfully Completed, Status, Successfully Completed, Status, Successfully Completed, Status, Successfully Completed, Status, Successfully Completed, Status, Successfully Completed, Status, Successfully Completed, Status, Successfully Completed, Status, Successfully Completed, Status, Successfully Completed, Status, Successfully Completed, Status, Successfully Completed, Status, Successfully Completed, Status, Successfully Completed, Status, Successfully Completed, Status, Successfully Completed, Status, Successfully Completed, Status, Successfully Completed, Status, Successfully Completed, Status, Successfully Completed, Status, Successfully Completed, Status, Successfully Completed, Status, Successfully Completed, Status, Successfully Completed, Status, Successfully Completed, Status, Successfully Completed, Status, Successfully Completed, Status, Successfully Completed, Status, Successfully Completed, Status, Successfully Completed, Status, Successfully Completed, Status, Successfully Completed, Status, Successfully Completed, Status, Successfully Completed, Status, Successfully Completed, Status, Successfully Completed, Status, Successfully Completed, Status, Successfully Completed, Status, Successfully Completed, Status, Successfully Completed, Status, Successfully Completed, Status, Successfully Completed, Status, Successfully Completed, Status, Successfully Completed, Status, Successfully Completed, Status, Successfully Completed, Status, Successfully Completed, Status, Successfully Completed, Status, Successfully Completed, Status, Successfully Completed, Status, Successfully Completed, Status, Successfully Completed, Status, Successfully Completed, Status, Successfully Completed, Status, Successfully Completed, Status, Successfully Completed, Status, Successfully Completed, Status, Successfully Completed, Status, Successfully Completed, Status, Successfully Completed, Status, Successfully Completed, Status, Successfully Completed, Status, Successfully Completed, Status, Successfully Completed, Status, Successfully Completed, Status, Successfully Completed, Status, Successfully Completed, Status, Successfully Completed, Status, Successfully Completed, Status, Successfully Completed, Status, Successfully Completed, Status, Successfully Completed, Status, Successfully Completed, Status, Successfully Completed, Status, Successfully Completed, Status, Successfully Completed, Status, Successfully Completed, Status, Successfully Completed, Status, Successfully Completed, Status, Successfully Completed, Status, Successfully Completed, Status, Successfully Completed, Status, Successfully Completed, Status, Successfully Completed, Status, Successfully Completed, Status, Successfully Completed, Status, Successfully Completed, Status, Successfully Completed, Status, Successfully Completed, Status, Successfully Completed, Status, Successfully Completed, Status, Successfully Completed, Status, Successfully Completed, Status, Successfully Completed, Status, Successfully Completed, Status, Successfully Completed, Status, Successfully Completed, Status, Successfully Completed, Status, Successfully Completed, Status, Successfully Completed, Status, Successfully Completed, Status, Successfully Completed, Status, Successfully Completed, Status, Successfully Completed, Status, Successfully Completed, Status, Successfully Completed, Status, Successfully Completed, Status, Successfully Completed, Status, Successfully Completed, Status, Successfully Completed, Status, Successfully Completed, Status, Successfully Completed, Status, Successfully Completed, Status, Successfully Completed, Status, Successfully Completed, Status, Successfully Completed, Status, Successfully Completed, Status, Successfully Completed, Status, Successfully Completed, Status, Successfully Completed, Status, Successfully Completed, Status, Successfully Completed, Status, Successfully Completed, Status, Successfully Completed, Status, Successfully Completed, Status, Successfully Completed, Status, Successfully Completed, Status, Successfully Completed, Status, Successfully Completed, Status, Successfully Completed, Status, Successfully Completed, Status, Successfully Completed, Status, Successfully Completed, Status, Successfully Completed, Status, Successfully Completed, Status, Successfully Completed, Status, Successfully Completed, Status, Successfully Completed, Status, Successfully Completed, Status, Successfully Completed, Status, Successfully Completed, Status, Successfully Completed, Status, Successfully Completed, Status, Successfully Completed, Status, Successfully Completed, Status, Successfully Completed, Status, Successfully Completed, Status, Successfully Completed, Status, Successfully Completed, Status, Successfully Completed, Status, Successfully Completed, Status, Successfully Completed, Status, Successfully Completed, Status, Successfully Completed, Status, Successfully Completed, Status, Successfully Completed, Status, Successfully Completed, Status, Successfully Completed, Status, Successfully Completed, Status, Successfully Completed, Status, Successfully Completed, Status, Successfully Completed, Status, Successfully Completed, Status, Successfully Completed, Status, Successfully Completed, Status, Successfully Completed, Status, Successfully Completed, Status, Successfully Completed, Status, Successfully Completed, Status, Successfully Completed, Status, Successfully Completed, Status, Successfully Completed, Status, Successfully Completed, Status, Successfully Completed, Status, Successfully Completed, Status, Successfully Completed, Status, Successfully Completed, Status, Successfully Completed, Status, Successfully Completed, Status, Successfully Completed, Status, Successfully Completed, Status, Successfully Completed, Status, Successfully Completed, Status, Successfully Completed, Status, Successfully Completed, Status, Successfully Completed, Status, Successfully Completed, Status, Successfully Completed, Status, Successfully Completed, Status, Successfully Completed, Status, Successfully Completed, Status, Successfully Completed, Status, Successfully Completed, Status, Successfully Completed, Status, Successfully Completed, Status, Successfully Completed, Status, Successfully Completed, Status, Successfully Completed, Status, Successfully Completed, Status, Successfully Completed, Status, Successfully Completed, Status, Successfully Completed, Status, Successfully Completed, Status, Successfully Completed, Status, Successfully Completed, Status, Successfully Completed, Status, Successfully Completed, Status, Successfully Completed, Status, Successfully Completed, Status, Successfully Completed, Status, Successfully Completed, Status, Successfully Completed, Status, Successfully Completed, Status, Successfully Completed, Status, Successfully Completed, Status, Successfully Completed, Status, Successfully Completed, Status, Successfully Completed, Status, Successfully Completed, Status, Successfully Completed, Status, Successfully Completed, Status, Successfully Completed, Status, Successfully Completed, Status, Successfully Completed, Status, Successfully Completed, Status, Successfully Completed, Status, Successfully Completed, Status, Successfully Completed, Status, Successfully Completed, Status, Successfully Completed, Status, Successfully Completed, Status, Successfully Completed, Status, Successfully Completed, Status, Successfully Completed, Status, Successfully Completed, Status, Successfully Completed, Status, Successfully Completed, Status, Successfully Completed, Status, Successfully Completed, Status, Successfully Completed, Status, Successfully Completed, Status, Successfully Completed, Status, Successfully Completed, Status, Successfully Completed, Status, Successfully Completed, Status, Successfully Completed, Status, Successfully Completed, Status, Successfully Completed, Status, Successfully Completed, Status, Successfully Completed, Status, Successfully Completed, Status, Successfully Completed, Status, Successfully Completed, Status, Successfully Completed, Status, Successfully Completed, Status, Successfully Completed, Status, Successfully Completed, Status, Successfully Completed, Status, Successfully Completed, Status, Successfully Completed]
[neelback4more@gmail.com, Subho1991*, Status, Successfully Completed, Status, Successfully Completed, Status, Successfully Completed, Status, Successfully Completed, Status, Successfully Completed, Status, Successfully Completed, Status, Successfully Completed, Status, Successfully Completed, Status, Successfully Completed, Status, Successfully Completed, Status, Successfully Completed, Status, Successfully Completed, Status, Successfully Completed, Status, Successfully Completed, Status, Successfully Completed, Status, Successfully Completed, Status, Successfully Completed, Status, Successfully Completed, Status, Successfully Completed, Status, Successfully Completed, Status, Successfully Completed, Status, Successfully Completed, Status, Successfully Completed, Status, Successfully Completed, Status, Successfully Completed, Status, Successfully Completed, Status, Successfully Completed, Status, Successfully Completed, Status, Successfully Completed, Status, Successfully Completed, Status, Successfully Completed, Status, Successfully Completed, Status, Successfully Completed, Status, Successfully Completed, Status, Successfully Completed, Status, Successfully Completed, Status, Successfully Completed, Status, Successfully Completed, Status, Successfully Completed, Status, Successfully Completed, Status, Successfully Completed, Status, Successfully Completed, Status, Successfully Completed, Status, Successfully Completed, Status, Successfully Completed, Status, Successfully Completed, Status, Successfully Completed, Status, Successfully Completed, Status, Successfully Completed, Status, Successfully Completed, Status, Successfully Completed, Status, Successfully Completed, Status, Successfully Completed, Status, Successfully Completed, Status, Successfully Completed, Status, Successfully Completed, Status, Successfully Completed, Status, Successfully Completed, Status, Successfully Completed, Status, Successfully Completed, Status, Successfully Completed, Status, Successfully Completed, Status, Successfully Completed, Status, Successfully Completed, Status, Successfully Completed, Status, Successfully Completed, Status, Successfully Completed, Status, Successfully Completed, Status, Successfully Completed, Status, Successfully Completed, Status, Successfully Completed, Status, Successfully Completed, Status, Successfully Completed, Status, Successfully Completed, Status, Successfully Completed, Status, Successfully Completed, Status, Successfully Completed, Status, Successfully Completed, Status, Successfully Completed, Status, Successfully Completed, Status, Successfully Completed, Status, Successfully Completed, Status, Successfully Completed, Status, Successfully Completed, Status, Successfully Completed, Status, Successfully Completed, Status, Successfully Completed, Status, Successfully Completed, Status, Successfully Completed, Status, Successfully Completed, Status, Successfully Completed, Status, Successfully Completed, Status, Successfully Completed, Status, Successfully Completed, Status, Successfully Completed, Status, Successfully Completed, Status, Successfully Completed, Status, Successfully Completed, Status, Successfully Completed, Status, Successfully Completed, Status, Successfully Completed, Status, Successfully Completed, Status, Successfully Completed, Status, Successfully Completed, Status, Successfully Completed, Status, Successfully Completed, Status, Successfully Completed, Status, Successfully Completed, Status, Successfully Completed, Status, Successfully Completed, Status, Successfully Completed, Status, Successfully Completed, Status, Successfully Completed, Status, Successfully Completed, Status, Successfully Completed, Status, Successfully Completed, Status, Successfully Completed, Status, Successfully Completed, Status, Successfully Completed, Status, Successfully Completed, Status, Successfully Completed, Status, Successfully Completed, Status, Successfully Completed, Status, Successfully Completed, Status, Successfully Completed, Status, Successfully Completed, Status, Successfully Completed, Status, Successfully Completed, Status, Successfully Completed, Status, Successfully Completed, Status, Successfully Completed, Status, Successfully Completed, Status, Successfully Completed, Status, Successfully Completed, Status, Successfully Completed, Status, Successfully Completed, Status, Successfully Completed, Status, Successfully Completed, Status, Successfully Completed, Status, Successfully Completed, Status, Successfully Completed, Status, Successfully Completed, Status, Successfully Completed, Status, Successfully Completed, Status, Successfully Completed, Status, Successfully Completed, Status, Successfully Completed, Status, Successfully Completed, Status, Successfully Completed, Status, Successfully Completed, Status, Successfully Completed, Status, Successfully Completed, Status, Successfully Completed, Status, Successfully Completed, Status, Successfully Completed, Status, Successfully Completed, Status, Successfully Completed, Status, Successfully Completed, Status, Successfully Completed, Status, Successfully Completed, Status, Successfully Completed, Status, Successfully Completed, Status, Successfully Completed, Status, Successfully Completed, Status, Successfully Completed, Status, Successfully Completed, Status, Successfully Completed, Status, Successfully Completed, Status, Successfully Completed, Status, Successfully Completed, Status, Successfully Completed, Status, Successfully Completed, Status, Successfully Completed, Status, Successfully Completed, Status, Successfully Completed, Status, Successfully Completed, Status, Successfully Completed, Status, Successfully Completed, Status, Successfully Completed, Status, Successfully Completed, Status, Successfully Completed, Status, Successfully Completed, Status, Successfully Completed, Status, Successfully Completed, Status, Successfully Completed, Status, Successfully Completed, Status, Successfully Completed, Status, Successfully Completed, Status, Successfully Completed, Status, Successfully Completed, Status, Successfully Completed, Status, Successfully Completed, Status, Successfully Completed, Status, Successfully Completed, Status, Successfully Completed, Status, Successfully Completed, Status, Successfully Completed, Status, Successfully Completed, Status, Successfully Completed, Status, Successfully Completed, Status, Successfully Completed, Status, Successfully Completed, Status, Successfully Completed, Status, Successfully Completed, Status, Successfully Completed, Status, Successfully Completed, Status, Successfully Completed, Status, Successfully Completed, Status, Successfully Completed, Status, Successfully Completed, Status, Successfully Completed, Status, Successfully Completed, Status, Successfully Completed, Status, Successfully Completed, Status, Successfully Completed, Status, Successfully Completed, Status, Successfully Completed, Status, Successfully Completed, Status, Successfully Completed, Status, Successfully Completed, Status, Successfully Completed, Status, Successfully Completed, Status, Successfully Completed, Status, Successfully Completed, Status, Successfully Completed, Status, Successfully Completed, Status, Successfully Completed, Status, Successfully Completed, Status, Successfully Completed, Status, Successfully Completed, Status, Successfully Completed, Status, Successfully Completed, Status, Successfully Completed, Status, Successfully Completed, Status, Successfully Completed, Status, Successfully Completed, Status, Successfully Completed, Status, Successfully Completed, Status, Successfully Completed, Status, Successfully Completed, Status, Successfully Completed, Status, Successfully Completed, Status, Successfully Completed, Status, Successfully Completed, Status, Successfully Completed, Status, Successfully Completed, Status, Successfully Completed, Status, Successfully Completed, Status, Successfully Completed, Status, Successfully Completed, Status, Successfully Completed, Status, Successfully Completed, Status, Successfully Completed, Status, Successfully Completed, Status, Successfully Completed, Status, Successfully Completed, Status, Successfully Completed, Status, Successfully Completed, Status, Successfully Completed, Status, Successfully Completed, Status, Successfully Completed, Status, Successfully Completed, Status, Successfully Completed, Status, Successfully Completed, Status, Successfully Completed, Status, Successfully Completed, Status, Successfully Completed, Status, Successfully Completed, Status, Successfully Completed, Status, Successfully Completed, Status, Successfully Completed, Status]
[neelback4more@gmail.com, Subho1991*, Status, Successfully Completed, Status, Successfully Completed, Status, Successfully Completed, Status, Successfully Completed, Status, Successfully Completed, Status, Successfully Completed, Status, Successfully Completed, Status, Successfully Completed, Status, Successfully Completed, Status, Successfully Completed, Status, Successfully Completed, Status, Successfully Completed, Status, Successfully Completed, Status, Successfully Completed, Status, Successfully Completed, Status, Successfully Completed, Status, Successfully Completed, Status, Successfully Completed, Status, Successfully Completed, Status, Successfully Completed, Status, Successfully Completed, Status, Successfully Completed, Status, Successfully Completed, Status, Successfully Completed, Status, Successfully Completed, Status, Successfully Completed, Status, Successfully Completed, Status, Successfully Completed, Status, Successfully Completed, Status, Successfully Completed, Status, Successfully Completed, Status, Successfully Completed, Status, Successfully Completed, Status, Successfully Completed, Status, Successfully Completed, Status, Successfully Completed, Status, Successfully Completed, Status, Successfully Completed, Status, Successfully Completed, Status, Successfully Completed, Status, Successfully Completed, Status, Successfully Completed, Status, Successfully Completed, Status, Successfully Completed, Status, Successfully Completed, Status, Successfully Completed, Status, Successfully Completed, Status, Successfully Completed, Status, Successfully Completed, Status, Successfully Completed, Status, Successfully Completed, Status, Successfully Completed, Status, Successfully Completed, Status, Successfully Completed, Status, Successfully Completed, Status, Successfully Completed, Status, Successfully Completed, Status, Successfully Completed, Status, Successfully Completed, Status, Successfully Completed, Status, Successfully Completed, Status, Successfully Completed, Status, Successfully Completed, Status, Successfully Completed, Status, Successfully Completed, Status, Successfully Completed, Status, Successfully Completed, Status, Successfully Completed, Status, Successfully Completed, Status, Successfully Completed, Status, Successfully Completed, Status, Successfully Completed, Status, Successfully Completed, Status, Successfully Completed, Status, Successfully Completed, Status, Successfully Completed, Status, Successfully Completed, Status, Successfully Completed, Status, Successfully Completed, Status, Successfully Completed, Status, Successfully Completed, Status, Successfully Completed, Status, Successfully Completed, Status, Successfully Completed, Status, Successfully Completed, Status, Successfully Completed, Status, Successfully Completed, Status, Successfully Completed, Status, Successfully Completed, Status, Successfully Completed, Status, Successfully Completed, Status, Successfully Completed, Status, Successfully Completed, Status, Successfully Completed, Status, Successfully Completed, Status, Successfully Completed, Status, Successfully Completed, Status, Successfully Completed, Status, Successfully Completed, Status, Successfully Completed, Status, Successfully Completed, Status, Successfully Completed, Status, Successfully Completed, Status, Successfully Completed, Status, Successfully Completed, Status, Successfully Completed, Status, Successfully Completed, Status, Successfully Completed, Status, Successfully Completed, Status, Successfully Completed, Status, Successfully Completed, Status, Successfully Completed, Status, Successfully Completed, Status, Successfully Completed, Status, Successfully Completed, Status, Successfully Completed, Status, Successfully Completed, Status, Successfully Completed, Status, Successfully Completed, Status, Successfully Completed, Status, Successfully Completed, Status, Successfully Completed, Status, Successfully Completed, Status, Successfully Completed, Status, Successfully Completed, Status, Successfully Completed, Status, Successfully Completed, Status, Successfully Completed, Status, Successfully Completed, Status, Successfully Completed, Status, Successfully Completed, Status, Successfully Completed, Status, Successfully Completed, Status, Successfully Completed, Status, Successfully Completed, Status, Successfully Completed, Status, Successfully Completed, Status, Successfully Completed, Status, Successfully Completed, Status, Successfully Completed, Status, Successfully Completed, Status, Successfully Completed, Status, Successfully Completed, Status, Successfully Completed, Status, Successfully Completed, Status, Successfully Completed, Status, Successfully Completed, Status, Successfully Completed, Status, Successfully Completed, Status, Successfully Completed, Status, Successfully Completed, Status, Successfully Completed, Status, Successfully Completed, Status, Successfully Completed, Status, Successfully Completed, Status, Successfully Completed, Status, Successfully Completed, Status, Successfully Completed, Status, Successfully Completed, Status, Successfully Completed, Status, Successfully Completed, Status, Successfully Completed, Status, Successfully Completed, Status, Successfully Completed, Status, Successfully Completed, Status, Successfully Completed, Status, Successfully Completed, Status, Successfully Completed, Status, Successfully Completed, Status, Successfully Completed, Status, Successfully Completed, Status, Successfully Completed, Status, Successfully Completed, Status, Successfully Completed, Status, Successfully Completed, Status, Successfully Completed, Status, Successfully Completed, Status, Successfully Completed, Status, Successfully Completed, Status, Successfully Completed, Status, Successfully Completed, Status, Successfully Completed, Status, Successfully Completed, Status, Successfully Completed, Status, Successfully Completed, Status, Successfully Completed, Status, Successfully Completed, Status, Successfully Completed, Status, Successfully Completed, Status, Successfully Completed, Status, Successfully Completed, Status, Successfully Completed, Status, Successfully Completed, Status, Successfully Completed, Status, Successfully Completed, Status, Successfully Completed, Status, Successfully Completed, Status, Successfully Completed, Status, Successfully Completed, Status, Successfully Completed, Status, Successfully Completed, Status, Successfully Completed, Status, Successfully Completed, Status, Successfully Completed, Status, Successfully Completed, Status, Successfully Completed, Status, Successfully Completed, Status, Successfully Completed, Status, Successfully Completed, Status, Successfully Completed, Status, Successfully Completed, Status, Successfully Completed, Status, Successfully Completed, Status, Successfully Completed, Status, Successfully Completed, Status, Successfully Completed, Status, Successfully Completed, Status, Successfully Completed, Status, Successfully Completed, Status, Successfully Completed, Status, Successfully Completed, Status, Successfully Completed, Status, Successfully Completed, Status, Successfully Completed, Status, Successfully Completed, Status, Successfully Completed, Status, Successfully Completed, Status, Successfully Completed, Status, Successfully Completed, Status, Successfully Completed, Status, Successfully Completed, Status, Successfully Completed, Status, Successfully Completed, Status, Successfully Completed, Status, Successfully Completed, Status, Successfully Completed, Status, Successfully Completed, Status, Successfully Completed, Status, Successfully Completed, Status, Successfully Completed, Status, Successfully Completed, Status, Successfully Completed, Status, Successfully Completed, Status, Successfully Completed, Status, Successfully Completed, Status, Successfully Completed, Status, Successfully Completed, Status, Successfully Completed, Status, Successfully Completed, Status, Successfully Completed, Status, Successfully Completed, Status, Successfully Completed, Status, Successfully Completed, Status, Successfully Completed, Status, Successfully Completed, Status, Successfully Completed, Status, Successfully Completed, Status, Successfully Completed, Status, Successfully Completed, Status, Successfully Completed, Status, Successfully Completed, Status, Successfully Completed, Status, Successfully Completed, Status, Successfully Completed, Status, Successfully Completed, Status, Successfully Completed, Status, Successfully Completed, Status, Successfully Completed, Status, Successfully Completed, Status, Successfully Completed, Status, Successfully Completed, Status, Successfully Completed]
[neelback4more@gmail.com, Subho1991*, Status, Successfully Completed, Status, Successfully Completed, Status, Successfully Completed, Status, Successfully Completed, Status, Successfully Completed, Status, Successfully Completed, Status, Successfully Completed, Status, Successfully Completed, Status, Successfully Completed, Status, Successfully Completed, Status, Successfully Completed, Status, Successfully Completed, Status, Successfully Completed, Status, Successfully Completed, Status, Successfully Completed, Status, Successfully Completed, Status, Successfully Completed, Status, Successfully Completed, Status, Successfully Completed, Status, Successfully Completed, Status, Successfully Completed, Status, Successfully Completed, Status, Successfully Completed, Status, Successfully Completed, Status, Successfully Completed, Status, Successfully Completed, Status, Successfully Completed, Status, Successfully Completed, Status, Successfully Completed, Status, Successfully Completed, Status, Successfully Completed, Status, Successfully Completed, Status, Successfully Completed, Status, Successfully Completed, Status, Successfully Completed, Status, Successfully Completed, Status, Successfully Completed, Status, Successfully Completed, Status, Successfully Completed, Status, Successfully Completed, Status, Successfully Completed, Status, Successfully Completed, Status, Successfully Completed, Status, Successfully Completed, Status, Successfully Completed, Status, Successfully Completed, Status, Successfully Completed, Status, Successfully Completed, Status, Successfully Completed, Status, Successfully Completed, Status, Successfully Completed, Status, Successfully Completed, Status, Successfully Completed, Status, Successfully Completed, Status, Successfully Completed, Status, Successfully Completed, Status, Successfully Completed, Status, Successfully Completed, Status, Successfully Completed, Status, Successfully Completed, Status, Successfully Completed, Status, Successfully Completed, Status, Successfully Completed, Status, Successfully Completed, Status, Successfully Completed, Status, Successfully Completed, Status, Successfully Completed, Status, Successfully Completed, Status, Successfully Completed, Status, Successfully Completed, Status, Successfully Completed, Status, Successfully Completed, Status, Successfully Completed, Status, Successfully Completed, Status, Successfully Completed, Status, Successfully Completed, Status, Successfully Completed, Status, Successfully Completed, Status, Successfully Completed, Status, Successfully Completed, Status, Successfully Completed, Status, Successfully Completed, Status, Successfully Completed, Status, Successfully Completed, Status, Successfully Completed, Status, Successfully Completed, Status, Successfully Completed, Status, Successfully Completed, Status, Successfully Completed, Status, Successfully Completed, Status, Successfully Completed, Status, Successfully Completed, Status, Successfully Completed, Status, Successfully Completed, Status, Successfully Completed, Status, Successfully Completed, Status, Successfully Completed, Status, Successfully Completed, Status, Successfully Completed, Status, Successfully Completed, Status, Successfully Completed, Status, Successfully Completed, Status, Successfully Completed, Status, Successfully Completed, Status, Successfully Completed, Status, Successfully Completed, Status, Successfully Completed, Status, Successfully Completed, Status, Successfully Completed, Status, Successfully Completed, Status, Successfully Completed, Status, Successfully Completed, Status, Successfully Completed, Status, Successfully Completed, Status, Successfully Completed, Status, Successfully Completed, Status, Successfully Completed, Status, Successfully Completed, Status, Successfully Completed, Status, Successfully Completed, Status, Successfully Completed, Status, Successfully Completed, Status, Successfully Completed, Status, Successfully Completed, Status, Successfully Completed, Status, Successfully Completed, Status, Successfully Completed, Status, Successfully Completed, Status, Successfully Completed, Status, Successfully Completed, Status, Successfully Completed, Status, Successfully Completed, Status, Successfully Completed, Status, Successfully Completed, Status, Successfully Completed, Status, Successfully Completed, Status, Successfully Completed, Status, Successfully Completed, Status, Successfully Completed, Status, Successfully Completed, Status, Successfully Completed, Status, Successfully Completed, Status, Successfully Completed, Status, Successfully Completed, Status, Successfully Completed, Status, Successfully Completed, Status, Successfully Completed, Status, Successfully Completed, Status, Successfully Completed, Status, Successfully Completed, Status, Successfully Completed, Status, Successfully Completed, Status, Successfully Completed, Status, Successfully Completed, Status, Successfully Completed, Status, Successfully Completed, Status, Successfully Completed, Status, Successfully Completed, Status, Successfully Completed, Status, Successfully Completed, Status, Successfully Completed, Status, Successfully Completed, Status, Successfully Completed, Status, Successfully Completed, Status, Successfully Completed, Status, Successfully Completed, Status, Successfully Completed, Status, Successfully Completed, Status, Successfully Completed, Status, Successfully Completed, Status, Successfully Completed, Status, Successfully Completed, Status, Successfully Completed, Status, Successfully Completed, Status, Successfully Completed, Status, Successfully Completed, Status, Successfully Completed, Status, Successfully Completed, Status, Successfully Completed, Status, Successfully Completed, Status, Successfully Completed, Status, Successfully Completed, Status, Successfully Completed, Status, Successfully Completed, Status, Successfully Completed, Status, Successfully Completed, Status, Successfully Completed, Status, Successfully Completed, Status, Successfully Completed, Status, Successfully Completed, Status, Successfully Completed, Status, Successfully Completed, Status, Successfully Completed, Status, Successfully Completed, Status, Successfully Completed, Status, Successfully Completed, Status, Successfully Completed, Status, Successfully Completed, Status, Successfully Completed, Status, Successfully Completed, Status, Successfully Completed, Status, Successfully Completed, Status, Successfully Completed, Status, Successfully Completed, Status, Successfully Completed, Status, Successfully Completed, Status, Successfully Completed, Status, Successfully Completed, Status, Successfully Completed, Status, Successfully Completed, Status, Successfully Completed, Status, Successfully Completed, Status, Successfully Completed, Status, Successfully Completed, Status, Successfully Completed, Status, Successfully Completed, Status, Successfully Completed, Status, Successfully Completed, Status, Successfully Completed, Status, Successfully Completed, Status, Successfully Completed, Status, Successfully Completed, Status, Successfully Completed, Status, Successfully Completed, Status, Successfully Completed, Status, Successfully Completed, Status, Successfully Completed, Status, Successfully Completed, Status, Successfully Completed, Status, Successfully Completed, Status, Successfully Completed, Status, Successfully Completed, Status, Successfully Completed, Status, Successfully Completed, Status, Successfully Completed, Status, Successfully Completed, Status, Successfully Completed, Status, Successfully Completed, Status, Successfully Completed, Status, Successfully Completed, Status, Successfully Completed, Status, Successfully Completed, Status, Successfully Completed, Status, Successfully Completed, Status, Successfully Completed, Status, Successfully Completed, Status, Successfully Completed, Status, Successfully Completed, Status, Successfully Completed, Status, Successfully Completed, Status, Successfully Completed, Status, Successfully Completed, Status, Successfully Completed, Status, Successfully Completed, Status, Successfully Completed, Status, Successfully Completed, Status, Successfully Completed, Status, Successfully Completed, Status, Successfully Completed, Status, Successfully Completed, Status, Successfully Completed, Status, Successfully Completed, Status, Successfully Completed, Status, Successfully Completed, Status, Successfully Completed, Status, Successfully Completed, Status, Successfully Completed, Status, Successfully Completed, Status, Successfully Completed, Status, Successfully Completed, Status, Successfully Completed, Status, Successfully Completed, Status]
[neelback4more@gmail.com, Subho1991*, Status, Successfully Completed, Status, Successfully Completed, Status, Successfully Completed, Status, Successfully Completed, Status, Successfully Completed, Status, Successfully Completed, Status, Successfully Completed, Status, Successfully Completed, Status, Successfully Completed, Status, Successfully Completed, Status, Successfully Completed, Status, Successfully Completed, Status, Successfully Completed, Status, Successfully Completed, Status, Successfully Completed, Status, Successfully Completed, Status, Successfully Completed, Status, Successfully Completed, Status, Successfully Completed, Status, Successfully Completed, Status, Successfully Completed, Status, Successfully Completed, Status, Successfully Completed, Status, Successfully Completed, Status, Successfully Completed, Status, Successfully Completed, Status, Successfully Completed, Status, Successfully Completed, Status, Successfully Completed, Status, Successfully Completed, Status, Successfully Completed, Status, Successfully Completed, Status, Successfully Completed, Status, Successfully Completed, Status, Successfully Completed, Status, Successfully Completed, Status, Successfully Completed, Status, Successfully Completed, Status, Successfully Completed, Status, Successfully Completed, Status, Successfully Completed, Status, Successfully Completed, Status, Successfully Completed, Status, Successfully Completed, Status, Successfully Completed, Status, Successfully Completed, Status, Successfully Completed, Status, Successfully Completed, Status, Successfully Completed, Status, Successfully Completed, Status, Successfully Completed, Status, Successfully Completed, Status, Successfully Completed, Status, Successfully Completed, Status, Successfully Completed, Status, Successfully Completed, Status, Successfully Completed, Status, Successfully Completed, Status, Successfully Completed, Status, Successfully Completed, Status, Successfully Completed, Status, Successfully Completed, Status, Successfully Completed, Status, Successfully Completed, Status, Successfully Completed, Status, Successfully Completed, Status, Successfully Completed, Status, Successfully Completed, Status, Successfully Completed, Status, Successfully Completed, Status, Successfully Completed, Status, Successfully Completed, Status, Successfully Completed, Status, Successfully Completed, Status, Successfully Completed, Status, Successfully Completed, Status, Successfully Completed, Status, Successfully Completed, Status, Successfully Completed, Status, Successfully Completed, Status, Successfully Completed, Status, Successfully Completed, Status, Successfully Completed, Status, Successfully Completed, Status, Successfully Completed, Status, Successfully Completed, Status, Successfully Completed, Status, Successfully Completed, Status, Successfully Completed, Status, Successfully Completed, Status, Successfully Completed, Status, Successfully Completed, Status, Successfully Completed, Status, Successfully Completed, Status, Successfully Completed, Status, Successfully Completed, Status, Successfully Completed, Status, Successfully Completed, Status, Successfully Completed, Status, Successfully Completed, Status, Successfully Completed, Status, Successfully Completed, Status, Successfully Completed, Status, Successfully Completed, Status, Successfully Completed, Status, Successfully Completed, Status, Successfully Completed, Status, Successfully Completed, Status, Successfully Completed, Status, Successfully Completed, Status, Successfully Completed, Status, Successfully Completed, Status, Successfully Completed, Status, Successfully Completed, Status, Successfully Completed, Status, Successfully Completed, Status, Successfully Completed, Status, Successfully Completed, Status, Successfully Completed, Status, Successfully Completed, Status, Successfully Completed, Status, Successfully Completed, Status, Successfully Completed, Status, Successfully Completed, Status, Successfully Completed, Status, Successfully Completed, Status, Successfully Completed, Status, Successfully Completed, Status, Successfully Completed, Status, Successfully Completed, Status, Successfully Completed, Status, Successfully Completed, Status, Successfully Completed, Status, Successfully Completed, Status, Successfully Completed, Status, Successfully Completed, Status, Successfully Completed, Status, Successfully Completed, Status, Successfully Completed, Status, Successfully Completed, Status, Successfully Completed, Status, Successfully Completed, Status, Successfully Completed, Status, Successfully Completed, Status, Successfully Completed, Status, Successfully Completed, Status, Successfully Completed, Status, Successfully Completed, Status, Successfully Completed, Status, Successfully Completed, Status, Successfully Completed, Status, Successfully Completed, Status, Successfully Completed, Status, Successfully Completed, Status, Successfully Completed, Status, Successfully Completed, Status, Successfully Completed, Status, Successfully Completed, Status, Successfully Completed, Status, Successfully Completed, Status, Successfully Completed, Status, Successfully Completed, Status, Successfully Completed, Status, Successfully Completed, Status, Successfully Completed, Status, Successfully Completed, Status, Successfully Completed, Status, Successfully Completed, Status, Successfully Completed, Status, Successfully Completed, Status, Successfully Completed, Status, Successfully Completed, Status, Successfully Completed, Status, Successfully Completed, Status, Successfully Completed, Status, Successfully Completed, Status, Successfully Completed, Status, Successfully Completed, Status, Successfully Completed, Status, Successfully Completed, Status, Successfully Completed, Status, Successfully Completed, Status, Successfully Completed, Status, Successfully Completed, Status, Successfully Completed, Status, Successfully Completed, Status, Successfully Completed, Status, Successfully Completed, Status, Successfully Completed, Status, Successfully Completed, Status, Successfully Completed, Status, Successfully Completed, Status, Successfully Completed, Status, Successfully Completed, Status, Successfully Completed, Status, Successfully Completed, Status, Successfully Completed, Status, Successfully Completed, Status, Successfully Completed, Status, Successfully Completed, Status, Successfully Completed, Status, Successfully Completed, Status, Successfully Completed, Status, Successfully Completed, Status, Successfully Completed, Status, Successfully Completed, Status, Successfully Completed, Status, Successfully Completed, Status, Successfully Completed, Status, Successfully Completed, Status, Successfully Completed, Status, Successfully Completed, Status, Successfully Completed, Status, Successfully Completed, Status, Successfully Completed, Status, Successfully Completed, Status, Successfully Completed, Status, Successfully Completed, Status, Successfully Completed, Status, Successfully Completed, Status, Successfully Completed, Status, Successfully Completed, Status, Successfully Completed, Status, Successfully Completed, Status, Successfully Completed, Status, Successfully Completed, Status, Successfully Completed, Status, Successfully Completed, Status, Successfully Completed, Status, Successfully Completed, Status, Successfully Completed, Status, Successfully Completed, Status, Successfully Completed, Status, Successfully Completed, Status, Successfully Completed, Status, Successfully Completed, Status, Successfully Completed, Status, Successfully Completed, Status, Successfully Completed, Status, Successfully Completed, Status, Successfully Completed, Status, Successfully Completed, Status, Successfully Completed, Status, Successfully Completed, Status, Successfully Completed, Status, Successfully Completed, Status, Successfully Completed, Status, Successfully Completed, Status, Successfully Completed, Status, Successfully Completed, Status, Successfully Completed, Status, Successfully Completed, Status, Successfully Completed, Status, Successfully Completed, Status, Successfully Completed, Status, Successfully Completed, Status, Successfully Completed, Status, Successfully Completed, Status, Successfully Completed, Status, Successfully Completed, Status, Successfully Completed, Status, Successfully Completed, Status, Successfully Completed, Status, Successfully Completed, Status, Successfully Completed, Status, Successfully Completed, Status, Successfully Completed, Status, Successfully Completed, Status, Successfully Completed, Status, Successfully Completed, Status, Successfully Completed, Status, Successfully Completed, Status, Successfully Completed]
[neelback4more@gmail.com, Subho1991*, Status, Successfully Completed, Status, Successfully Completed, Status, Successfully Completed, Status, Successfully Completed, Status, Successfully Completed, Status, Successfully Completed, Status, Successfully Completed, Status, Successfully Completed, Status, Successfully Completed, Status, Successfully Completed, Status, Successfully Completed, Status, Successfully Completed, Status, Successfully Completed, Status, Successfully Completed, Status, Successfully Completed, Status, Successfully Completed, Status, Successfully Completed, Status, Successfully Completed, Status, Successfully Completed, Status, Successfully Completed, Status, Successfully Completed, Status, Successfully Completed, Status, Successfully Completed, Status, Successfully Completed, Status, Successfully Completed, Status, Successfully Completed, Status, Successfully Completed, Status, Successfully Completed, Status, Successfully Completed, Status, Successfully Completed, Status, Successfully Completed, Status, Successfully Completed, Status, Successfully Completed, Status, Successfully Completed, Status, Successfully Completed, Status, Successfully Completed, Status, Successfully Completed, Status, Successfully Completed, Status, Successfully Completed, Status, Successfully Completed, Status, Successfully Completed, Status, Successfully Completed, Status, Successfully Completed, Status, Successfully Completed, Status, Successfully Completed, Status, Successfully Completed, Status, Successfully Completed, Status, Successfully Completed, Status, Successfully Completed, Status, Successfully Completed, Status, Successfully Completed, Status, Successfully Completed, Status, Successfully Completed, Status, Successfully Completed, Status, Successfully Completed, Status, Successfully Completed, Status, Successfully Completed, Status, Successfully Completed, Status, Successfully Completed, Status, Successfully Completed, Status, Successfully Completed, Status, Successfully Completed, Status, Successfully Completed, Status, Successfully Completed, Status, Successfully Completed, Status, Successfully Completed, Status, Successfully Completed, Status, Successfully Completed, Status, Successfully Completed, Status, Successfully Completed, Status, Successfully Completed, Status, Successfully Completed, Status, Successfully Completed, Status, Successfully Completed, Status, Successfully Completed, Status, Successfully Completed, Status, Successfully Completed, Status, Successfully Completed, Status, Successfully Completed, Status, Successfully Completed, Status, Successfully Completed, Status, Successfully Completed, Status, Successfully Completed, Status, Successfully Completed, Status, Successfully Completed, Status, Successfully Completed, Status, Successfully Completed, Status, Successfully Completed, Status, Successfully Completed, Status, Successfully Completed, Status, Successfully Completed, Status, Successfully Completed, Status, Successfully Completed, Status, Successfully Completed, Status, Successfully Completed, Status, Successfully Completed, Status, Successfully Completed, Status, Successfully Completed, Status, Successfully Completed, Status, Successfully Completed, Status, Successfully Completed, Status, Successfully Completed, Status, Successfully Completed, Status, Successfully Completed, Status, Successfully Completed, Status, Successfully Completed, Status, Successfully Completed, Status, Successfully Completed, Status, Successfully Completed, Status, Successfully Completed, Status, Successfully Completed, Status, Successfully Completed, Status, Successfully Completed, Status, Successfully Completed, Status, Successfully Completed, Status, Successfully Completed, Status, Successfully Completed, Status, Successfully Completed, Status, Successfully Completed, Status, Successfully Completed, Status, Successfully Completed, Status, Successfully Completed, Status, Successfully Completed, Status, Successfully Completed, Status, Successfully Completed, Status, Successfully Completed, Status, Successfully Completed, Status, Successfully Completed, Status, Successfully Completed, Status, Successfully Completed, Status, Successfully Completed, Status, Successfully Completed, Status, Successfully Completed, Status, Successfully Completed, Status, Successfully Completed, Status, Successfully Completed, Status, Successfully Completed, Status, Successfully Completed, Status, Successfully Completed, Status, Successfully Completed, Status, Successfully Completed, Status, Successfully Completed, Status, Successfully Completed, Status, Successfully Completed, Status, Successfully Completed, Status, Successfully Completed, Status, Successfully Completed, Status, Successfully Completed, Status, Successfully Completed, Status, Successfully Completed, Status, Successfully Completed, Status, Successfully Completed, Status, Successfully Completed, Status, Successfully Completed, Status, Successfully Completed, Status, Successfully Completed, Status, Successfully Completed, Status, Successfully Completed, Status, Successfully Completed, Status, Successfully Completed, Status, Successfully Completed, Status, Successfully Completed, Status, Successfully Completed, Status, Successfully Completed, Status, Successfully Completed, Status, Successfully Completed, Status, Successfully Completed, Status, Successfully Completed, Status, Successfully Completed, Status, Successfully Completed, Status, Successfully Completed, Status, Successfully Completed, Status, Successfully Completed, Status, Successfully Completed, Status, Successfully Completed, Status, Successfully Completed, Status, Successfully Completed, Status, Successfully Completed, Status, Successfully Completed, Status, Successfully Completed, Status, Successfully Completed, Status, Successfully Completed, Status, Successfully Completed, Status, Successfully Completed, Status, Successfully Completed, Status, Successfully Completed, Status, Successfully Completed, Status, Successfully Completed, Status, Successfully Completed, Status, Successfully Completed, Status, Successfully Completed, Status, Successfully Completed, Status, Successfully Completed, Status, Successfully Completed, Status, Successfully Completed, Status, Successfully Completed, Status, Successfully Completed, Status, Successfully Completed, Status, Successfully Completed, Status, Successfully Completed, Status, Successfully Completed, Status, Successfully Completed, Status, Successfully Completed, Status, Successfully Completed, Status, Successfully Completed, Status, Successfully Completed, Status, Successfully Completed, Status, Successfully Completed, Status, Successfully Completed, Status, Successfully Completed, Status, Successfully Completed, Status, Successfully Completed, Status, Successfully Completed, Status, Successfully Completed, Status, Successfully Completed, Status, Successfully Completed, Status, Successfully Completed, Status, Successfully Completed, Status, Successfully Completed, Status, Successfully Completed, Status, Successfully Completed, Status, Successfully Completed, Status, Successfully Completed, Status, Successfully Completed, Status, Successfully Completed, Status, Successfully Completed, Status, Successfully Completed, Status, Successfully Completed, Status, Successfully Completed, Status, Successfully Completed, Status, Successfully Completed, Status, Successfully Completed, Status, Successfully Completed, Status, Successfully Completed, Status, Successfully Completed, Status, Successfully Completed, Status, Successfully Completed, Status, Successfully Completed, Status, Successfully Completed, Status, Successfully Completed, Status, Successfully Completed, Status, Successfully Completed, Status, Successfully Completed, Status, Successfully Completed, Status, Successfully Completed, Status, Successfully Completed, Status, Successfully Completed, Status, Successfully Completed, Status, Successfully Completed, Status, Successfully Completed, Status, Successfully Completed, Status, Successfully Completed, Status, Successfully Completed, Status, Successfully Completed, Status, Successfully Completed, Status, Successfully Completed, Status, Successfully Completed, Status, Successfully Completed, Status, Successfully Completed, Status, Successfully Completed, Status, Successfully Completed, Status, Successfully Completed, Status, Successfully Completed, Status, Successfully Completed, Status, Successfully Completed, Status, Successfully Completed, Status, Successfully Completed, Status, Successfully Completed, Status, Successfully Completed, Status, Successfully Completed, Status, Successfully Completed, Status, Successfully Completed, Status, Successfully Completed, Status]
[neelback4more@gmail.com, Subho1991*, Status, Successfully Completed, Status, Successfully Completed, Status, Successfully Completed, Status, Successfully Completed, Status, Successfully Completed, Status, Successfully Completed, Status, Successfully Completed, Status, Successfully Completed, Status, Successfully Completed, Status, Successfully Completed, Status, Successfully Completed, Status, Successfully Completed, Status, Successfully Completed, Status, Successfully Completed, Status, Successfully Completed, Status, Successfully Completed, Status, Successfully Completed, Status, Successfully Completed, Status, Successfully Completed, Status, Successfully Completed, Status, Successfully Completed, Status, Successfully Completed, Status, Successfully Completed, Status, Successfully Completed, Status, Successfully Completed, Status, Successfully Completed, Status, Successfully Completed, Status, Successfully Completed, Status, Successfully Completed, Status, Successfully Completed, Status, Successfully Completed, Status, Successfully Completed, Status, Successfully Completed, Status, Successfully Completed, Status, Successfully Completed, Status, Successfully Completed, Status, Successfully Completed, Status, Successfully Completed, Status, Successfully Completed, Status, Successfully Completed, Status, Successfully Completed, Status, Successfully Completed, Status, Successfully Completed, Status, Successfully Completed, Status, Successfully Completed, Status, Successfully Completed, Status, Successfully Completed, Status, Successfully Completed, Status, Successfully Completed, Status, Successfully Completed, Status, Successfully Completed, Status, Successfully Completed, Status, Successfully Completed, Status, Successfully Completed, Status, Successfully Completed, Status, Successfully Completed, Status, Successfully Completed, Status, Successfully Completed, Status, Successfully Completed, Status, Successfully Completed, Status, Successfully Completed, Status, Successfully Completed, Status, Successfully Completed, Status, Successfully Completed, Status, Successfully Completed, Status, Successfully Completed, Status, Successfully Completed, Status, Successfully Completed, Status, Successfully Completed, Status, Successfully Completed, Status, Successfully Completed, Status, Successfully Completed, Status, Successfully Completed, Status, Successfully Completed, Status, Successfully Completed, Status, Successfully Completed, Status, Successfully Completed, Status, Successfully Completed, Status, Successfully Completed, Status, Successfully Completed, Status, Successfully Completed, Status, Successfully Completed, Status, Successfully Completed, Status, Successfully Completed, Status, Successfully Completed, Status, Successfully Completed, Status, Successfully Completed, Status, Successfully Completed, Status, Successfully Completed, Status, Successfully Completed, Status, Successfully Completed, Status, Successfully Completed, Status, Successfully Completed, Status, Successfully Completed, Status, Successfully Completed, Status, Successfully Completed, Status, Successfully Completed, Status, Successfully Completed, Status, Successfully Completed, Status, Successfully Completed, Status, Successfully Completed, Status, Successfully Completed, Status, Successfully Completed, Status, Successfully Completed, Status, Successfully Completed, Status, Successfully Completed, Status, Successfully Completed, Status, Successfully Completed, Status, Successfully Completed, Status, Successfully Completed, Status, Successfully Completed, Status, Successfully Completed, Status, Successfully Completed, Status, Successfully Completed, Status, Successfully Completed, Status, Successfully Completed, Status, Successfully Completed, Status, Successfully Completed, Status, Successfully Completed, Status, Successfully Completed, Status, Successfully Completed, Status, Successfully Completed, Status, Successfully Completed, Status, Successfully Completed, Status, Successfully Completed, Status, Successfully Completed, Status, Successfully Completed, Status, Successfully Completed, Status, Successfully Completed, Status, Successfully Completed, Status, Successfully Completed, Status, Successfully Completed, Status, Successfully Completed, Status, Successfully Completed, Status, Successfully Completed, Status, Successfully Completed, Status, Successfully Completed, Status, Successfully Completed, Status, Successfully Completed, Status, Successfully Completed, Status, Successfully Completed, Status, Successfully Completed, Status, Successfully Completed, Status, Successfully Completed, Status, Successfully Completed, Status, Successfully Completed, Status, Successfully Completed, Status, Successfully Completed, Status, Successfully Completed, Status, Successfully Completed, Status, Successfully Completed, Status, Successfully Completed, Status, Successfully Completed, Status, Successfully Completed, Status, Successfully Completed, Status, Successfully Completed, Status, Successfully Completed, Status, Successfully Completed, Status, Successfully Completed, Status, Successfully Completed, Status, Successfully Completed, Status, Successfully Completed, Status, Successfully Completed, Status, Successfully Completed, Status, Successfully Completed, Status, Successfully Completed, Status, Successfully Completed, Status, Successfully Completed, Status, Successfully Completed, Status, Successfully Completed, Status, Successfully Completed, Status, Successfully Completed, Status, Successfully Completed, Status, Successfully Completed, Status, Successfully Completed, Status, Successfully Completed, Status, Successfully Completed, Status, Successfully Completed, Status, Successfully Completed, Status, Successfully Completed, Status, Successfully Completed, Status, Successfully Completed, Status, Successfully Completed, Status, Successfully Completed, Status, Successfully Completed, Status, Successfully Completed, Status, Successfully Completed, Status, Successfully Completed, Status, Successfully Completed, Status, Successfully Completed, Status, Successfully Completed, Status, Successfully Completed, Status, Successfully Completed, Status, Successfully Completed, Status, Successfully Completed, Status, Successfully Completed, Status, Successfully Completed, Status, Successfully Completed, Status, Successfully Completed, Status, Successfully Completed, Status, Successfully Completed, Status, Successfully Completed, Status, Successfully Completed, Status, Successfully Completed, Status, Successfully Completed, Status, Successfully Completed, Status, Successfully Completed, Status, Successfully Completed, Status, Successfully Completed, Status, Successfully Completed, Status, Successfully Completed, Status, Successfully Completed, Status, Successfully Completed, Status, Successfully Completed, Status, Successfully Completed, Status, Successfully Completed, Status, Successfully Completed, Status, Successfully Completed, Status, Successfully Completed, Status, Successfully Completed, Status, Successfully Completed, Status, Successfully Completed, Status, Successfully Completed, Status, Successfully Completed, Status, Successfully Completed, Status, Successfully Completed, Status, Successfully Completed, Status, Successfully Completed, Status, Successfully Completed, Status, Successfully Completed, Status, Successfully Completed, Status, Successfully Completed, Status, Successfully Completed, Status, Successfully Completed, Status, Successfully Completed, Status, Successfully Completed, Status, Successfully Completed, Status, Successfully Completed, Status, Successfully Completed, Status, Successfully Completed, Status, Successfully Completed, Status, Successfully Completed, Status, Successfully Completed, Status, Successfully Completed, Status, Successfully Completed, Status, Successfully Completed, Status, Successfully Completed, Status, Successfully Completed, Status, Successfully Completed, Status, Successfully Completed, Status, Successfully Completed, Status, Successfully Completed, Status, Successfully Completed, Status, Successfully Completed, Status, Successfully Completed, Status, Successfully Completed, Status, Successfully Completed, Status, Successfully Completed, Status, Successfully Completed, Status, Successfully Completed, Status, Successfully Completed, Status, Successfully Completed, Status, Successfully Completed, Status, Successfully Completed, Status, Successfully Completed, Status, Successfully Completed, Status, Successfully Completed, Status, Successfully Completed, Status, Successfully Completed, Status, Successfully Completed, Status, Successfully Completed, Status, Successfully Completed, Status, Successfully Completed, Status, Successfully Completed]
[neelback4more@gmail.com, Subho1991*, Status, Successfully Completed, Status, Successfully Completed, Status, Successfully Completed, Status, Successfully Completed, Status, Successfully Completed, Status, Successfully Completed, Status, Successfully Completed, Status, Successfully Completed, Status, Successfully Completed, Status, Successfully Completed, Status, Successfully Completed, Status, Successfully Completed, Status, Successfully Completed, Status, Successfully Completed, Status, Successfully Completed, Status, Successfully Completed, Status, Successfully Completed, Status, Successfully Completed, Status, Successfully Completed, Status, Successfully Completed, Status, Successfully Completed, Status, Successfully Completed, Status, Successfully Completed, Status, Successfully Completed, Status, Successfully Completed, Status, Successfully Completed, Status, Successfully Completed, Status, Successfully Completed, Status, Successfully Completed, Status, Successfully Completed, Status, Successfully Completed, Status, Successfully Completed, Status, Successfully Completed, Status, Successfully Completed, Status, Successfully Completed, Status, Successfully Completed, Status, Successfully Completed, Status, Successfully Completed, Status, Successfully Completed, Status, Successfully Completed, Status, Successfully Completed, Status, Successfully Completed, Status, Successfully Completed, Status, Successfully Completed, Status, Successfully Completed, Status, Successfully Completed, Status, Successfully Completed, Status, Successfully Completed, Status, Successfully Completed, Status, Successfully Completed, Status, Successfully Completed, Status, Successfully Completed, Status, Successfully Completed, Status, Successfully Completed, Status, Successfully Completed, Status, Successfully Completed, Status, Successfully Completed, Status, Successfully Completed, Status, Successfully Completed, Status, Successfully Completed, Status, Successfully Completed, Status, Successfully Completed, Status, Successfully Completed, Status, Successfully Completed, Status, Successfully Completed, Status, Successfully Completed, Status, Successfully Completed, Status, Successfully Completed, Status, Successfully Completed, Status, Successfully Completed, Status, Successfully Completed, Status, Successfully Completed, Status, Successfully Completed, Status, Successfully Completed, Status, Successfully Completed, Status, Successfully Completed, Status, Successfully Completed, Status, Successfully Completed, Status, Successfully Completed, Status, Successfully Completed, Status, Successfully Completed, Status, Successfully Completed, Status, Successfully Completed, Status, Successfully Completed, Status, Successfully Completed, Status, Successfully Completed, Status, Successfully Completed, Status, Successfully Completed, Status, Successfully Completed, Status, Successfully Completed, Status, Successfully Completed, Status, Successfully Completed, Status, Successfully Completed, Status, Successfully Completed, Status, Successfully Completed, Status, Successfully Completed, Status, Successfully Completed, Status, Successfully Completed, Status, Successfully Completed, Status, Successfully Completed, Status, Successfully Completed, Status, Successfully Completed, Status, Successfully Completed, Status, Successfully Completed, Status, Successfully Completed, Status, Successfully Completed, Status, Successfully Completed, Status, Successfully Completed, Status, Successfully Completed, Status, Successfully Completed, Status, Successfully Completed, Status, Successfully Completed, Status, Successfully Completed, Status, Successfully Completed, Status, Successfully Completed, Status, Successfully Completed, Status, Successfully Completed, Status, Successfully Completed, Status, Successfully Completed, Status, Successfully Completed, Status, Successfully Completed, Status, Successfully Completed, Status, Successfully Completed, Status, Successfully Completed, Status, Successfully Completed, Status, Successfully Completed, Status, Successfully Completed, Status, Successfully Completed, Status, Successfully Completed, Status, Successfully Completed, Status, Successfully Completed, Status, Successfully Completed, Status, Successfully Completed, Status, Successfully Completed, Status, Successfully Completed, Status, Successfully Completed, Status, Successfully Completed, Status, Successfully Completed, Status, Successfully Completed, Status, Successfully Completed, Status, Successfully Completed, Status, Successfully Completed, Status, Successfully Completed, Status, Successfully Completed, Status, Successfully Completed, Status, Successfully Completed, Status, Successfully Completed, Status, Successfully Completed, Status, Successfully Completed, Status, Successfully Completed, Status, Successfully Completed, Status, Successfully Completed, Status, Successfully Completed, Status, Successfully Completed, Status, Successfully Completed, Status, Successfully Completed, Status, Successfully Completed, Status, Successfully Completed, Status, Successfully Completed, Status, Successfully Completed, Status, Successfully Completed, Status, Successfully Completed, Status, Successfully Completed, Status, Successfully Completed, Status, Successfully Completed, Status, Successfully Completed, Status, Successfully Completed, Status, Successfully Completed, Status, Successfully Completed, Status, Successfully Completed, Status, Successfully Completed, Status, Successfully Completed, Status, Successfully Completed, Status, Successfully Completed, Status, Successfully Completed, Status, Successfully Completed, Status, Successfully Completed, Status, Successfully Completed, Status, Successfully Completed, Status, Successfully Completed, Status, Successfully Completed, Status, Successfully Completed, Status, Successfully Completed, Status, Successfully Completed, Status, Successfully Completed, Status, Successfully Completed, Status, Successfully Completed, Status, Successfully Completed, Status, Successfully Completed, Status, Successfully Completed, Status, Successfully Completed, Status, Successfully Completed, Status, Successfully Completed, Status, Successfully Completed, Status, Successfully Completed, Status, Successfully Completed, Status, Successfully Completed, Status, Successfully Completed, Status, Successfully Completed, Status, Successfully Completed, Status, Successfully Completed, Status, Successfully Completed, Status, Successfully Completed, Status, Successfully Completed, Status, Successfully Completed, Status, Successfully Completed, Status, Successfully Completed, Status, Successfully Completed, Status, Successfully Completed, Status, Successfully Completed, Status, Successfully Completed, Status, Successfully Completed, Status, Successfully Completed, Status, Successfully Completed, Status, Successfully Completed, Status, Successfully Completed, Status, Successfully Completed, Status, Successfully Completed, Status, Successfully Completed, Status, Successfully Completed, Status, Successfully Completed, Status, Successfully Completed, Status, Successfully Completed, Status, Successfully Completed, Status, Successfully Completed, Status, Successfully Completed, Status, Successfully Completed, Status, Successfully Completed, Status, Successfully Completed, Status, Successfully Completed, Status, Successfully Completed, Status, Successfully Completed, Status, Successfully Completed, Status, Successfully Completed, Status, Successfully Completed, Status, Successfully Completed, Status, Successfully Completed, Status, Successfully Completed, Status, Successfully Completed, Status, Successfully Completed, Status, Successfully Completed, Status, Successfully Completed, Status, Successfully Completed, Status, Successfully Completed, Status, Successfully Completed, Status, Successfully Completed, Status, Successfully Completed, Status, Successfully Completed, Status, Successfully Completed, Status, Successfully Completed, Status, Successfully Completed, Status, Successfully Completed, Status, Successfully Completed, Status, Successfully Completed, Status, Successfully Completed, Status, Successfully Completed, Status, Successfully Completed, Status, Successfully Completed, Status, Successfully Completed, Status, Successfully Completed, Status, Successfully Completed, Status, Successfully Completed, Status, Successfully Completed, Status, Successfully Completed, Status, Successfully Completed, Status, Successfully Completed, Status, Successfully Completed, Status, Successfully Completed, Status, Successfully Completed, Status, Successfully Completed, Status, Successfully Completed, Status, Successfully Completed, Status, Successfully Completed, Status, Successfully Completed, Status]
[neelback4more@gmail.com, Subho1991*, Status, Successfully Completed, Status, Successfully Completed, Status, Successfully Completed, Status, Successfully Completed, Status, Successfully Completed, Status, Successfully Completed, Status, Successfully Completed, Status, Successfully Completed, Status, Successfully Completed, Status, Successfully Completed, Status, Successfully Completed, Status, Successfully Completed, Status, Successfully Completed, Status, Successfully Completed, Status, Successfully Completed, Status, Successfully Completed, Status, Successfully Completed, Status, Successfully Completed, Status, Successfully Completed, Status, Successfully Completed, Status, Successfully Completed, Status, Successfully Completed, Status, Successfully Completed, Status, Successfully Completed, Status, Successfully Completed, Status, Successfully Completed, Status, Successfully Completed, Status, Successfully Completed, Status, Successfully Completed, Status, Successfully Completed, Status, Successfully Completed, Status, Successfully Completed, Status, Successfully Completed, Status, Successfully Completed, Status, Successfully Completed, Status, Successfully Completed, Status, Successfully Completed, Status, Successfully Completed, Status, Successfully Completed, Status, Successfully Completed, Status, Successfully Completed, Status, Successfully Completed, Status, Successfully Completed, Status, Successfully Completed, Status, Successfully Completed, Status, Successfully Completed, Status, Successfully Completed, Status, Successfully Completed, Status, Successfully Completed, Status, Successfully Completed, Status, Successfully Completed, Status, Successfully Completed, Status, Successfully Completed, Status, Successfully Completed, Status, Successfully Completed, Status, Successfully Completed, Status, Successfully Completed, Status, Successfully Completed, Status, Successfully Completed, Status, Successfully Completed, Status, Successfully Completed, Status, Successfully Completed, Status, Successfully Completed, Status, Successfully Completed, Status, Successfully Completed, Status, Successfully Completed, Status, Successfully Completed, Status, Successfully Completed, Status, Successfully Completed, Status, Successfully Completed, Status, Successfully Completed, Status, Successfully Completed, Status, Successfully Completed, Status, Successfully Completed, Status, Successfully Completed, Status, Successfully Completed, Status, Successfully Completed, Status, Successfully Completed, Status, Successfully Completed, Status, Successfully Completed, Status, Successfully Completed, Status, Successfully Completed, Status, Successfully Completed, Status, Successfully Completed, Status, Successfully Completed, Status, Successfully Completed, Status, Successfully Completed, Status, Successfully Completed, Status, Successfully Completed, Status, Successfully Completed, Status, Successfully Completed, Status, Successfully Completed, Status, Successfully Completed, Status, Successfully Completed, Status, Successfully Completed, Status, Successfully Completed, Status, Successfully Completed, Status, Successfully Completed, Status, Successfully Completed, Status, Successfully Completed, Status, Successfully Completed, Status, Successfully Completed, Status, Successfully Completed, Status, Successfully Completed, Status, Successfully Completed, Status, Successfully Completed, Status, Successfully Completed, Status, Successfully Completed, Status, Successfully Completed, Status, Successfully Completed, Status, Successfully Completed, Status, Successfully Completed, Status, Successfully Completed, Status, Successfully Completed, Status, Successfully Completed, Status, Successfully Completed, Status, Successfully Completed, Status, Successfully Completed, Status, Successfully Completed, Status, Successfully Completed, Status, Successfully Completed, Status, Successfully Completed, Status, Successfully Completed, Status, Successfully Completed, Status, Successfully Completed, Status, Successfully Completed, Status, Successfully Completed, Status, Successfully Completed, Status, Successfully Completed, Status, Successfully Completed, Status, Successfully Completed, Status, Successfully Completed, Status, Successfully Completed, Status, Successfully Completed, Status, Successfully Completed, Status, Successfully Completed, Status, Successfully Completed, Status, Successfully Completed, Status, Successfully Completed, Status, Successfully Completed, Status, Successfully Completed, Status, Successfully Completed, Status, Successfully Completed, Status, Successfully Completed, Status, Successfully Completed, Status, Successfully Completed, Status, Successfully Completed, Status, Successfully Completed, Status, Successfully Completed, Status, Successfully Completed, Status, Successfully Completed, Status, Successfully Completed, Status, Successfully Completed, Status, Successfully Completed, Status, Successfully Completed, Status, Successfully Completed, Status, Successfully Completed, Status, Successfully Completed, Status, Successfully Completed, Status, Successfully Completed, Status, Successfully Completed, Status, Successfully Completed, Status, Successfully Completed, Status, Successfully Completed, Status, Successfully Completed, Status, Successfully Completed, Status, Successfully Completed, Status, Successfully Completed, Status, Successfully Completed, Status, Successfully Completed, Status, Successfully Completed, Status, Successfully Completed, Status, Successfully Completed, Status, Successfully Completed, Status, Successfully Completed, Status, Successfully Completed, Status, Successfully Completed, Status, Successfully Completed, Status, Successfully Completed, Status, Successfully Completed, Status, Successfully Completed, Status, Successfully Completed, Status, Successfully Completed, Status, Successfully Completed, Status, Successfully Completed, Status, Successfully Completed, Status, Successfully Completed, Status, Successfully Completed, Status, Successfully Completed, Status, Successfully Completed, Status, Successfully Completed, Status, Successfully Completed, Status, Successfully Completed, Status, Successfully Completed, Status, Successfully Completed, Status, Successfully Completed, Status, Successfully Completed, Status, Successfully Completed, Status, Successfully Completed, Status, Successfully Completed, Status, Successfully Completed, Status, Successfully Completed, Status, Successfully Completed, Status, Successfully Completed, Status, Successfully Completed, Status, Successfully Completed, Status, Successfully Completed, Status, Successfully Completed, Status, Successfully Completed, Status, Successfully Completed, Status, Successfully Completed, Status, Successfully Completed, Status, Successfully Completed, Status, Successfully Completed, Status, Successfully Completed, Status, Successfully Completed, Status, Successfully Completed, Status, Successfully Completed, Status, Successfully Completed, Status, Successfully Completed, Status, Successfully Completed, Status, Successfully Completed, Status, Successfully Completed, Status, Successfully Completed, Status, Successfully Completed, Status, Successfully Completed, Status, Successfully Completed, Status, Successfully Completed, Status, Successfully Completed, Status, Successfully Completed, Status, Successfully Completed, Status, Successfully Completed, Status, Successfully Completed, Status, Successfully Completed, Status, Successfully Completed, Status, Successfully Completed, Status, Successfully Completed, Status, Successfully Completed, Status, Successfully Completed, Status, Successfully Completed, Status, Successfully Completed, Status, Successfully Completed, Status, Successfully Completed, Status, Successfully Completed, Status, Successfully Completed, Status, Successfully Completed, Status, Successfully Completed, Status, Successfully Completed, Status, Successfully Completed, Status, Successfully Completed, Status, Successfully Completed, Status, Successfully Completed, Status, Successfully Completed, Status, Successfully Completed, Status, Successfully Completed, Status, Successfully Completed, Status, Successfully Completed, Status, Successfully Completed, Status, Successfully Completed, Status, Successfully Completed, Status, Successfully Completed, Status, Successfully Completed, Status, Successfully Completed, Status, Successfully Completed, Status, Successfully Completed, Status, Successfully Completed, Status, Successfully Completed, Status, Successfully Completed, Status, Successfully Completed, Status, Successfully Completed, Status, Successfully Completed, Status, Successfully Completed, Status, Successfully Completed, Status, Successfully Completed, Status, Successfully Completed]
[neelback4more@gmail.com, Subho1991*, Status, Successfully Completed, Status, Successfully Completed, Status, Successfully Completed, Status, Successfully Completed, Status, Successfully Completed, Status, Successfully Completed, Status, Successfully Completed, Status, Successfully Completed, Status, Successfully Completed, Status, Successfully Completed, Status, Successfully Completed, Status, Successfully Completed, Status, Successfully Completed, Status, Successfully Completed, Status, Successfully Completed, Status, Successfully Completed, Status, Successfully Completed, Status, Successfully Completed, Status, Successfully Completed, Status, Successfully Completed, Status, Successfully Completed, Status, Successfully Completed, Status, Successfully Completed, Status, Successfully Completed, Status, Successfully Completed, Status, Successfully Completed, Status, Successfully Completed, Status, Successfully Completed, Status, Successfully Completed, Status, Successfully Completed, Status, Successfully Completed, Status, Successfully Completed, Status, Successfully Completed, Status, Successfully Completed, Status, Successfully Completed, Status, Successfully Completed, Status, Successfully Completed, Status, Successfully Completed, Status, Successfully Completed, Status, Successfully Completed, Status, Successfully Completed, Status, Successfully Completed, Status, Successfully Completed, Status, Successfully Completed, Status, Successfully Completed, Status, Successfully Completed, Status, Successfully Completed, Status, Successfully Completed, Status, Successfully Completed, Status, Successfully Completed, Status, Successfully Completed, Status, Successfully Completed, Status, Successfully Completed, Status, Successfully Completed, Status, Successfully Completed, Status, Successfully Completed, Status, Successfully Completed, Status, Successfully Completed, Status, Successfully Completed, Status, Successfully Completed, Status, Successfully Completed, Status, Successfully Completed, Status, Successfully Completed, Status, Successfully Completed, Status, Successfully Completed, Status, Successfully Completed, Status, Successfully Completed, Status, Successfully Completed, Status, Successfully Completed, Status, Successfully Completed, Status, Successfully Completed, Status, Successfully Completed, Status, Successfully Completed, Status, Successfully Completed, Status, Successfully Completed, Status, Successfully Completed, Status, Successfully Completed, Status, Successfully Completed, Status, Successfully Completed, Status, Successfully Completed, Status, Successfully Completed, Status, Successfully Completed, Status, Successfully Completed, Status, Successfully Completed, Status, Successfully Completed, Status, Successfully Completed, Status, Successfully Completed, Status, Successfully Completed, Status, Successfully Completed, Status, Successfully Completed, Status, Successfully Completed, Status, Successfully Completed, Status, Successfully Completed, Status, Successfully Completed, Status, Successfully Completed, Status, Successfully Completed, Status, Successfully Completed, Status, Successfully Completed, Status, Successfully Completed, Status, Successfully Completed, Status, Successfully Completed, Status, Successfully Completed, Status, Successfully Completed, Status, Successfully Completed, Status, Successfully Completed, Status, Successfully Completed, Status, Successfully Completed, Status, Successfully Completed, Status, Successfully Completed, Status, Successfully Completed, Status, Successfully Completed, Status, Successfully Completed, Status, Successfully Completed, Status, Successfully Completed, Status, Successfully Completed, Status, Successfully Completed, Status, Successfully Completed, Status, Successfully Completed, Status, Successfully Completed, Status, Successfully Completed, Status, Successfully Completed, Status, Successfully Completed, Status, Successfully Completed, Status, Successfully Completed, Status, Successfully Completed, Status, Successfully Completed, Status, Successfully Completed, Status, Successfully Completed, Status, Successfully Completed, Status, Successfully Completed, Status, Successfully Completed, Status, Successfully Completed, Status, Successfully Completed, Status, Successfully Completed, Status, Successfully Completed, Status, Successfully Completed, Status, Successfully Completed, Status, Successfully Completed, Status, Successfully Completed, Status, Successfully Completed, Status, Successfully Completed, Status, Successfully Completed, Status, Successfully Completed, Status, Successfully Completed, Status, Successfully Completed, Status, Successfully Completed, Status, Successfully Completed, Status, Successfully Completed, Status, Successfully Completed, Status, Successfully Completed, Status, Successfully Completed, Status, Successfully Completed, Status, Successfully Completed, Status, Successfully Completed, Status, Successfully Completed, Status, Successfully Completed, Status, Successfully Completed, Status, Successfully Completed, Status, Successfully Completed, Status, Successfully Completed, Status, Successfully Completed, Status, Successfully Completed, Status, Successfully Completed, Status, Successfully Completed, Status, Successfully Completed, Status, Successfully Completed, Status, Successfully Completed, Status, Successfully Completed, Status, Successfully Completed, Status, Successfully Completed, Status, Successfully Completed, Status, Successfully Completed, Status, Successfully Completed, Status, Successfully Completed, Status, Successfully Completed, Status, Successfully Completed, Status, Successfully Completed, Status, Successfully Completed, Status, Successfully Completed, Status, Successfully Completed, Status, Successfully Completed, Status, Successfully Completed, Status, Successfully Completed, Status, Successfully Completed, Status, Successfully Completed, Status, Successfully Completed, Status, Successfully Completed, Status, Successfully Completed, Status, Successfully Completed, Status, Successfully Completed, Status, Successfully Completed, Status, Successfully Completed, Status, Successfully Completed, Status, Successfully Completed, Status, Successfully Completed, Status, Successfully Completed, Status, Successfully Completed, Status, Successfully Completed, Status, Successfully Completed, Status, Successfully Completed, Status, Successfully Completed, Status, Successfully Completed, Status, Successfully Completed, Status, Successfully Completed, Status, Successfully Completed, Status, Successfully Completed, Status, Successfully Completed, Status, Successfully Completed, Status, Successfully Completed, Status, Successfully Completed, Status, Successfully Completed, Status, Successfully Completed, Status, Successfully Completed, Status, Successfully Completed, Status, Successfully Completed, Status, Successfully Completed, Status, Successfully Completed, Status, Successfully Completed, Status, Successfully Completed, Status, Successfully Completed, Status, Successfully Completed, Status, Successfully Completed, Status, Successfully Completed, Status, Successfully Completed, Status, Successfully Completed, Status, Successfully Completed, Status, Successfully Completed, Status, Successfully Completed, Status, Successfully Completed, Status, Successfully Completed, Status, Successfully Completed, Status, Successfully Completed, Status, Successfully Completed, Status, Successfully Completed, Status, Successfully Completed, Status, Successfully Completed, Status, Successfully Completed, Status, Successfully Completed, Status, Successfully Completed, Status, Successfully Completed, Status, Successfully Completed, Status, Successfully Completed, Status, Successfully Completed, Status, Successfully Completed, Status, Successfully Completed, Status, Successfully Completed, Status, Successfully Completed, Status, Successfully Completed, Status, Successfully Completed, Status, Successfully Completed, Status, Successfully Completed, Status, Successfully Completed, Status, Successfully Completed, Status, Successfully Completed, Status, Successfully Completed, Status, Successfully Completed, Status, Successfully Completed, Status, Successfully Completed, Status, Successfully Completed, Status, Successfully Completed, Status, Successfully Completed, Status, Successfully Completed, Status, Successfully Completed, Status, Successfully Completed, Status, Successfully Completed, Status, Successfully Completed, Status, Successfully Completed, Status, Successfully Completed, Status, Successfully Completed, Status, Successfully Completed, Status, Successfully Completed, Status, Successfully Completed, Status, Successfully Completed, Status, Successfully Completed, Status, Successfully Completed, Status]
[neelback4more@gmail.com, Subho1991*, Status, Successfully Completed, Status, Successfully Completed, Status, Successfully Completed, Status, Successfully Completed, Status, Successfully Completed, Status, Successfully Completed, Status, Successfully Completed, Status, Successfully Completed, Status, Successfully Completed, Status, Successfully Completed, Status, Successfully Completed, Status, Successfully Completed, Status, Successfully Completed, Status, Successfully Completed, Status, Successfully Completed, Status, Successfully Completed, Status, Successfully Completed, Status, Successfully Completed, Status, Successfully Completed, Status, Successfully Completed, Status, Successfully Completed, Status, Successfully Completed, Status, Successfully Completed, Status, Successfully Completed, Status, Successfully Completed, Status, Successfully Completed, Status, Successfully Completed, Status, Successfully Completed, Status, Successfully Completed, Status, Successfully Completed, Status, Successfully Completed, Status, Successfully Completed, Status, Successfully Completed, Status, Successfully Completed, Status, Successfully Completed, Status, Successfully Completed, Status, Successfully Completed, Status, Successfully Completed, Status, Successfully Completed, Status, Successfully Completed, Status, Successfully Completed, Status, Successfully Completed, Status, Successfully Completed, Status, Successfully Completed, Status, Successfully Completed, Status, Successfully Completed, Status, Successfully Completed, Status, Successfully Completed, Status, Successfully Completed, Status, Successfully Completed, Status, Successfully Completed, Status, Successfully Completed, Status, Successfully Completed, Status, Successfully Completed, Status, Successfully Completed, Status, Successfully Completed, Status, Successfully Completed, Status, Successfully Completed, Status, Successfully Completed, Status, Successfully Completed, Status, Successfully Completed, Status, Successfully Completed, Status, Successfully Completed, Status, Successfully Completed, Status, Successfully Completed, Status, Successfully Completed, Status, Successfully Completed, Status, Successfully Completed, Status, Successfully Completed, Status, Successfully Completed, Status, Successfully Completed, Status, Successfully Completed, Status, Successfully Completed, Status, Successfully Completed, Status, Successfully Completed, Status, Successfully Completed, Status, Successfully Completed, Status, Successfully Completed, Status, Successfully Completed, Status, Successfully Completed, Status, Successfully Completed, Status, Successfully Completed, Status, Successfully Completed, Status, Successfully Completed, Status, Successfully Completed, Status, Successfully Completed, Status, Successfully Completed, Status, Successfully Completed, Status, Successfully Completed, Status, Successfully Completed, Status, Successfully Completed, Status, Successfully Completed, Status, Successfully Completed, Status, Successfully Completed, Status, Successfully Completed, Status, Successfully Completed, Status, Successfully Completed, Status, Successfully Completed, Status, Successfully Completed, Status, Successfully Completed, Status, Successfully Completed, Status, Successfully Completed, Status, Successfully Completed, Status, Successfully Completed, Status, Successfully Completed, Status, Successfully Completed, Status, Successfully Completed, Status, Successfully Completed, Status, Successfully Completed, Status, Successfully Completed, Status, Successfully Completed, Status, Successfully Completed, Status, Successfully Completed, Status, Successfully Completed, Status, Successfully Completed, Status, Successfully Completed, Status, Successfully Completed, Status, Successfully Completed, Status, Successfully Completed, Status, Successfully Completed, Status, Successfully Completed, Status, Successfully Completed, Status, Successfully Completed, Status, Successfully Completed, Status, Successfully Completed, Status, Successfully Completed, Status, Successfully Completed, Status, Successfully Completed, Status, Successfully Completed, Status, Successfully Completed, Status, Successfully Completed, Status, Successfully Completed, Status, Successfully Completed, Status, Successfully Completed, Status, Successfully Completed, Status, Successfully Completed, Status, Successfully Completed, Status, Successfully Completed, Status, Successfully Completed, Status, Successfully Completed, Status, Successfully Completed, Status, Successfully Completed, Status, Successfully Completed, Status, Successfully Completed, Status, Successfully Completed, Status, Successfully Completed, Status, Successfully Completed, Status, Successfully Completed, Status, Successfully Completed, Status, Successfully Completed, Status, Successfully Completed, Status, Successfully Completed, Status, Successfully Completed, Status, Successfully Completed, Status, Successfully Completed, Status, Successfully Completed, Status, Successfully Completed, Status, Successfully Completed, Status, Successfully Completed, Status, Successfully Completed, Status, Successfully Completed, Status, Successfully Completed, Status, Successfully Completed, Status, Successfully Completed, Status, Successfully Completed, Status, Successfully Completed, Status, Successfully Completed, Status, Successfully Completed, Status, Successfully Completed, Status, Successfully Completed, Status, Successfully Completed, Status, Successfully Completed, Status, Successfully Completed, Status, Successfully Completed, Status, Successfully Completed, Status, Successfully Completed, Status, Successfully Completed, Status, Successfully Completed, Status, Successfully Completed, Status, Successfully Completed, Status, Successfully Completed, Status, Successfully Completed, Status, Successfully Completed, Status, Successfully Completed, Status, Successfully Completed, Status, Successfully Completed, Status, Successfully Completed, Status, Successfully Completed, Status, Successfully Completed, Status, Successfully Completed, Status, Successfully Completed, Status, Successfully Completed, Status, Successfully Completed, Status, Successfully Completed, Status, Successfully Completed, Status, Successfully Completed, Status, Successfully Completed, Status, Successfully Completed, Status, Successfully Completed, Status, Successfully Completed, Status, Successfully Completed, Status, Successfully Completed, Status, Successfully Completed, Status, Successfully Completed, Status, Successfully Completed, Status, Successfully Completed, Status, Successfully Completed, Status, Successfully Completed, Status, Successfully Completed, Status, Successfully Completed, Status, Successfully Completed, Status, Successfully Completed, Status, Successfully Completed, Status, Successfully Completed, Status, Successfully Completed, Status, Successfully Completed, Status, Successfully Completed, Status, Successfully Completed, Status, Successfully Completed, Status, Successfully Completed, Status, Successfully Completed, Status, Successfully Completed, Status, Successfully Completed, Status, Successfully Completed, Status, Successfully Completed, Status, Successfully Completed, Status, Successfully Completed, Status, Successfully Completed, Status, Successfully Completed, Status, Successfully Completed, Status, Successfully Completed, Status, Successfully Completed, Status, Successfully Completed, Status, Successfully Completed, Status, Successfully Completed, Status, Successfully Completed, Status, Successfully Completed, Status, Successfully Completed, Status, Successfully Completed, Status, Successfully Completed, Status, Successfully Completed, Status, Successfully Completed, Status, Successfully Completed, Status, Successfully Completed, Status, Successfully Completed, Status, Successfully Completed, Status, Successfully Completed, Status, Successfully Completed, Status, Successfully Completed, Status, Successfully Completed, Status, Successfully Completed, Status, Successfully Completed, Status, Successfully Completed, Status, Successfully Completed, Status, Successfully Completed, Status, Successfully Completed, Status, Successfully Completed, Status, Successfully Completed, Status, Successfully Completed, Status, Successfully Completed, Status, Successfully Completed, Status, Successfully Completed, Status, Successfully Completed, Status, Successfully Completed, Status, Successfully Completed, Status, Successfully Completed, Status, Successfully Completed, Status, Successfully Completed, Status, Successfully Completed, Status, Successfully Completed, Status, Successfully Completed, Status, Successfully Completed, Status, Successfully Completed, Status, Successfully Completed, Status, Successfully Completed, Status, Successfully Completed]
[neelback4more@gmail.com, Subho1991*, Status, Successfully Completed, Status, Successfully Completed, Status, Successfully Completed, Status, Successfully Completed, Status, Successfully Completed, Status, Successfully Completed, Status, Successfully Completed, Status, Successfully Completed, Status, Successfully Completed, Status, Successfully Completed, Status, Successfully Completed, Status, Successfully Completed, Status, Successfully Completed, Status, Successfully Completed, Status, Successfully Completed, Status, Successfully Completed, Status, Successfully Completed, Status, Successfully Completed, Status, Successfully Completed, Status, Successfully Completed, Status, Successfully Completed, Status, Successfully Completed, Status, Successfully Completed, Status, Successfully Completed, Status, Successfully Completed, Status, Successfully Completed, Status, Successfully Completed, Status, Successfully Completed, Status, Successfully Completed, Status, Successfully Completed, Status, Successfully Completed, Status, Successfully Completed, Status, Successfully Completed, Status, Successfully Completed, Status, Successfully Completed, Status, Successfully Completed, Status, Successfully Completed, Status, Successfully Completed, Status, Successfully Completed, Status, Successfully Completed, Status, Successfully Completed, Status, Successfully Completed, Status, Successfully Completed, Status, Successfully Completed, Status, Successfully Completed, Status, Successfully Completed, Status, Successfully Completed, Status, Successfully Completed, Status, Successfully Completed, Status, Successfully Completed, Status, Successfully Completed, Status, Successfully Completed, Status, Successfully Completed, Status, Successfully Completed, Status, Successfully Completed, Status, Successfully Completed, Status, Successfully Completed, Status, Successfully Completed, Status, Successfully Completed, Status, Successfully Completed, Status, Successfully Completed, Status, Successfully Completed, Status, Successfully Completed, Status, Successfully Completed, Status, Successfully Completed, Status, Successfully Completed, Status, Successfully Completed, Status, Successfully Completed, Status, Successfully Completed, Status, Successfully Completed, Status, Successfully Completed, Status, Successfully Completed, Status, Successfully Completed, Status, Successfully Completed, Status, Successfully Completed, Status, Successfully Completed, Status, Successfully Completed, Status, Successfully Completed, Status, Successfully Completed, Status, Successfully Completed, Status, Successfully Completed, Status, Successfully Completed, Status, Successfully Completed, Status, Successfully Completed, Status, Successfully Completed, Status, Successfully Completed, Status, Successfully Completed, Status, Successfully Completed, Status, Successfully Completed, Status, Successfully Completed, Status, Successfully Completed, Status, Successfully Completed, Status, Successfully Completed, Status, Successfully Completed, Status, Successfully Completed, Status, Successfully Completed, Status, Successfully Completed, Status, Successfully Completed, Status, Successfully Completed, Status, Successfully Completed, Status, Successfully Completed, Status, Successfully Completed, Status, Successfully Completed, Status, Successfully Completed, Status, Successfully Completed, Status, Successfully Completed, Status, Successfully Completed, Status, Successfully Completed, Status, Successfully Completed, Status, Successfully Completed, Status, Successfully Completed, Status, Successfully Completed, Status, Successfully Completed, Status, Successfully Completed, Status, Successfully Completed, Status, Successfully Completed, Status, Successfully Completed, Status, Successfully Completed, Status, Successfully Completed, Status, Successfully Completed, Status, Successfully Completed, Status, Successfully Completed, Status, Successfully Completed, Status, Successfully Completed, Status, Successfully Completed, Status, Successfully Completed, Status, Successfully Completed, Status, Successfully Completed, Status, Successfully Completed, Status, Successfully Completed, Status, Successfully Completed, Status, Successfully Completed, Status, Successfully Completed, Status, Successfully Completed, Status, Successfully Completed, Status, Successfully Completed, Status, Successfully Completed, Status, Successfully Completed, Status, Successfully Completed, Status, Successfully Completed, Status, Successfully Completed, Status, Successfully Completed, Status, Successfully Completed, Status, Successfully Completed, Status, Successfully Completed, Status, Successfully Completed, Status, Successfully Completed, Status, Successfully Completed, Status, Successfully Completed, Status, Successfully Completed, Status, Successfully Completed, Status, Successfully Completed, Status, Successfully Completed, Status, Successfully Completed, Status, Successfully Completed, Status, Successfully Completed, Status, Successfully Completed, Status, Successfully Completed, Status, Successfully Completed, Status, Successfully Completed, Status, Successfully Completed, Status, Successfully Completed, Status, Successfully Completed, Status, Successfully Completed, Status, Successfully Completed, Status, Successfully Completed, Status, Successfully Completed, Status, Successfully Completed, Status, Successfully Completed, Status, Successfully Completed, Status, Successfully Completed, Status, Successfully Completed, Status, Successfully Completed, Status, Successfully Completed, Status, Successfully Completed, Status, Successfully Completed, Status, Successfully Completed, Status, Successfully Completed, Status, Successfully Completed, Status, Successfully Completed, Status, Successfully Completed, Status, Successfully Completed, Status, Successfully Completed, Status, Successfully Completed, Status, Successfully Completed, Status, Successfully Completed, Status, Successfully Completed, Status, Successfully Completed, Status, Successfully Completed, Status, Successfully Completed, Status, Successfully Completed, Status, Successfully Completed, Status, Successfully Completed, Status, Successfully Completed, Status, Successfully Completed, Status, Successfully Completed, Status, Successfully Completed, Status, Successfully Completed, Status, Successfully Completed, Status, Successfully Completed, Status, Successfully Completed, Status, Successfully Completed, Status, Successfully Completed, Status, Successfully Completed, Status, Successfully Completed, Status, Successfully Completed, Status, Successfully Completed, Status, Successfully Completed, Status, Successfully Completed, Status, Successfully Completed, Status, Successfully Completed, Status, Successfully Completed, Status, Successfully Completed, Status, Successfully Completed, Status, Successfully Completed, Status, Successfully Completed, Status, Successfully Completed, Status, Successfully Completed, Status, Successfully Completed, Status, Successfully Completed, Status, Successfully Completed, Status, Successfully Completed, Status, Successfully Completed, Status, Successfully Completed, Status, Successfully Completed, Status, Successfully Completed, Status, Successfully Completed, Status, Successfully Completed, Status, Successfully Completed, Status, Successfully Completed, Status, Successfully Completed, Status, Successfully Completed, Status, Successfully Completed, Status, Successfully Completed, Status, Successfully Completed, Status, Successfully Completed, Status, Successfully Completed, Status, Successfully Completed, Status, Successfully Completed, Status, Successfully Completed, Status, Successfully Completed, Status, Successfully Completed, Status, Successfully Completed, Status, Successfully Completed, Status, Successfully Completed, Status, Successfully Completed, Status, Successfully Completed, Status, Successfully Completed, Status, Successfully Completed, Status, Successfully Completed, Status, Successfully Completed, Status, Successfully Completed, Status, Successfully Completed, Status, Successfully Completed, Status, Successfully Completed, Status, Successfully Completed, Status, Successfully Completed, Status, Successfully Completed, Status, Successfully Completed, Status, Successfully Completed, Status, Successfully Completed, Status, Successfully Completed, Status, Successfully Completed, Status, Successfully Completed, Status, Successfully Completed, Status, Successfully Completed, Status, Successfully Completed, Status, Successfully Completed, Status, Successfully Completed, Status, Successfully Completed, Status, Successfully Completed, Status, Successfully Completed, Status, Successfully Completed, Status, Successfully Completed, Status, Successfully Completed, Status, Successfully Completed, Status]
[neelback4more@gmail.com, Subho1991*, Status, Successfully Completed, Status, Successfully Completed, Status, Successfully Completed, Status, Successfully Completed, Status, Successfully Completed, Status, Successfully Completed, Status, Successfully Completed, Status, Successfully Completed, Status, Successfully Completed, Status, Successfully Completed, Status, Successfully Completed, Status, Successfully Completed, Status, Successfully Completed, Status, Successfully Completed, Status, Successfully Completed, Status, Successfully Completed, Status, Successfully Completed, Status, Successfully Completed, Status, Successfully Completed, Status, Successfully Completed, Status, Successfully Completed, Status, Successfully Completed, Status, Successfully Completed, Status, Successfully Completed, Status, Successfully Completed, Status, Successfully Completed, Status, Successfully Completed, Status, Successfully Completed, Status, Successfully Completed, Status, Successfully Completed, Status, Successfully Completed, Status, Successfully Completed, Status, Successfully Completed, Status, Successfully Completed, Status, Successfully Completed, Status, Successfully Completed, Status, Successfully Completed, Status, Successfully Completed, Status, Successfully Completed, Status, Successfully Completed, Status, Successfully Completed, Status, Successfully Completed, Status, Successfully Completed, Status, Successfully Completed, Status, Successfully Completed, Status, Successfully Completed, Status, Successfully Completed, Status, Successfully Completed, Status, Successfully Completed, Status, Successfully Completed, Status, Successfully Completed, Status, Successfully Completed, Status, Successfully Completed, Status, Successfully Completed, Status, Successfully Completed, Status, Successfully Completed, Status, Successfully Completed, Status, Successfully Completed, Status, Successfully Completed, Status, Successfully Completed, Status, Successfully Completed, Status, Successfully Completed, Status, Successfully Completed, Status, Successfully Completed, Status, Successfully Completed, Status, Successfully Completed, Status, Successfully Completed, Status, Successfully Completed, Status, Successfully Completed, Status, Successfully Completed, Status, Successfully Completed, Status, Successfully Completed, Status, Successfully Completed, Status, Successfully Completed, Status, Successfully Completed, Status, Successfully Completed, Status, Successfully Completed, Status, Successfully Completed, Status, Successfully Completed, Status, Successfully Completed, Status, Successfully Completed, Status, Successfully Completed, Status, Successfully Completed, Status, Successfully Completed, Status, Successfully Completed, Status, Successfully Completed, Status, Successfully Completed, Status, Successfully Completed, Status, Successfully Completed, Status, Successfully Completed, Status, Successfully Completed, Status, Successfully Completed, Status, Successfully Completed, Status, Successfully Completed, Status, Successfully Completed, Status, Successfully Completed, Status, Successfully Completed, Status, Successfully Completed, Status, Successfully Completed, Status, Successfully Completed, Status, Successfully Completed, Status, Successfully Completed, Status, Successfully Completed, Status, Successfully Completed, Status, Successfully Completed, Status, Successfully Completed, Status, Successfully Completed, Status, Successfully Completed, Status, Successfully Completed, Status, Successfully Completed, Status, Successfully Completed, Status, Successfully Completed, Status, Successfully Completed, Status, Successfully Completed, Status, Successfully Completed, Status, Successfully Completed, Status, Successfully Completed, Status, Successfully Completed, Status, Successfully Completed, Status, Successfully Completed, Status, Successfully Completed, Status, Successfully Completed, Status, Successfully Completed, Status, Successfully Completed, Status, Successfully Completed, Status, Successfully Completed, Status, Successfully Completed, Status, Successfully Completed, Status, Successfully Completed, Status, Successfully Completed, Status, Successfully Completed, Status, Successfully Completed, Status, Successfully Completed, Status, Successfully Completed, Status, Successfully Completed, Status, Successfully Completed, Status, Successfully Completed, Status, Successfully Completed, Status, Successfully Completed, Status, Successfully Completed, Status, Successfully Completed, Status, Successfully Completed, Status, Successfully Completed, Status, Successfully Completed, Status, Successfully Completed, Status, Successfully Completed, Status, Successfully Completed, Status, Successfully Completed, Status, Successfully Completed, Status, Successfully Completed, Status, Successfully Completed, Status, Successfully Completed, Status, Successfully Completed, Status, Successfully Completed, Status, Successfully Completed, Status, Successfully Completed, Status, Successfully Completed, Status, Successfully Completed, Status, Successfully Completed, Status, Successfully Completed, Status, Successfully Completed, Status, Successfully Completed, Status, Successfully Completed, Status, Successfully Completed, Status, Successfully Completed, Status, Successfully Completed, Status, Successfully Completed, Status, Successfully Completed, Status, Successfully Completed, Status, Successfully Completed, Status, Successfully Completed, Status, Successfully Completed, Status, Successfully Completed, Status, Successfully Completed, Status, Successfully Completed, Status, Successfully Completed, Status, Successfully Completed, Status, Successfully Completed, Status, Successfully Completed, Status, Successfully Completed, Status, Successfully Completed, Status, Successfully Completed, Status, Successfully Completed, Status, Successfully Completed, Status, Successfully Completed, Status, Successfully Completed, Status, Successfully Completed, Status, Successfully Completed, Status, Successfully Completed, Status, Successfully Completed, Status, Successfully Completed, Status, Successfully Completed, Status, Successfully Completed, Status, Successfully Completed, Status, Successfully Completed, Status, Successfully Completed, Status, Successfully Completed, Status, Successfully Completed, Status, Successfully Completed, Status, Successfully Completed, Status, Successfully Completed, Status, Successfully Completed, Status, Successfully Completed, Status, Successfully Completed, Status, Successfully Completed, Status, Successfully Completed, Status, Successfully Completed, Status, Successfully Completed, Status, Successfully Completed, Status, Successfully Completed, Status, Successfully Completed, Status, Successfully Completed, Status, Successfully Completed, Status, Successfully Completed, Status, Successfully Completed, Status, Successfully Completed, Status, Successfully Completed, Status, Successfully Completed, Status, Successfully Completed, Status, Successfully Completed, Status, Successfully Completed, Status, Successfully Completed, Status, Successfully Completed, Status, Successfully Completed, Status, Successfully Completed, Status, Successfully Completed, Status, Successfully Completed, Status, Successfully Completed, Status, Successfully Completed, Status, Successfully Completed, Status, Successfully Completed, Status, Successfully Completed, Status, Successfully Completed, Status, Successfully Completed, Status, Successfully Completed, Status, Successfully Completed, Status, Successfully Completed, Status, Successfully Completed, Status, Successfully Completed, Status, Successfully Completed, Status, Successfully Completed, Status, Successfully Completed, Status, Successfully Completed, Status, Successfully Completed, Status, Successfully Completed, Status, Successfully Completed, Status, Successfully Completed, Status, Successfully Completed, Status, Successfully Completed, Status, Successfully Completed, Status, Successfully Completed, Status, Successfully Completed, Status, Successfully Completed, Status, Successfully Completed, Status, Successfully Completed, Status, Successfully Completed, Status, Successfully Completed, Status, Successfully Completed, Status, Successfully Completed, Status, Successfully Completed, Status, Successfully Completed, Status, Successfully Completed, Status, Successfully Completed, Status, Successfully Completed, Status, Successfully Completed, Status, Successfully Completed, Status, Successfully Completed, Status, Successfully Completed, Status, Successfully Completed, Status, Successfully Completed, Status, Successfully Completed, Status, Successfully Completed, Status, Successfully Completed, Status, Successfully Completed, Status, Successfully Completed, Status, Successfully Completed, Status, Successfully Completed]
[neelback4more@gmail.com, Subho1991*, Status, Successfully Completed, Status, Successfully Completed, Status, Successfully Completed, Status, Successfully Completed, Status, Successfully Completed, Status, Successfully Completed, Status, Successfully Completed, Status, Successfully Completed, Status, Successfully Completed, Status, Successfully Completed, Status, Successfully Completed, Status, Successfully Completed, Status, Successfully Completed, Status, Successfully Completed, Status, Successfully Completed, Status, Successfully Completed, Status, Successfully Completed, Status, Successfully Completed, Status, Successfully Completed, Status, Successfully Completed, Status, Successfully Completed, Status, Successfully Completed, Status, Successfully Completed, Status, Successfully Completed, Status, Successfully Completed, Status, Successfully Completed, Status, Successfully Completed, Status, Successfully Completed, Status, Successfully Completed, Status, Successfully Completed, Status, Successfully Completed, Status, Successfully Completed, Status, Successfully Completed, Status, Successfully Completed, Status, Successfully Completed, Status, Successfully Completed, Status, Successfully Completed, Status, Successfully Completed, Status, Successfully Completed, Status, Successfully Completed, Status, Successfully Completed, Status, Successfully Completed, Status, Successfully Completed, Status, Successfully Completed, Status, Successfully Completed, Status, Successfully Completed, Status, Successfully Completed, Status, Successfully Completed, Status, Successfully Completed, Status, Successfully Completed, Status, Successfully Completed, Status, Successfully Completed, Status, Successfully Completed, Status, Successfully Completed, Status, Successfully Completed, Status, Successfully Completed, Status, Successfully Completed, Status, Successfully Completed, Status, Successfully Completed, Status, Successfully Completed, Status, Successfully Completed, Status, Successfully Completed, Status, Successfully Completed, Status, Successfully Completed, Status, Successfully Completed, Status, Successfully Completed, Status, Successfully Completed, Status, Successfully Completed, Status, Successfully Completed, Status, Successfully Completed, Status, Successfully Completed, Status, Successfully Completed, Status, Successfully Completed, Status, Successfully Completed, Status, Successfully Completed, Status, Successfully Completed, Status, Successfully Completed, Status, Successfully Completed, Status, Successfully Completed, Status, Successfully Completed, Status, Successfully Completed, Status, Successfully Completed, Status, Successfully Completed, Status, Successfully Completed, Status, Successfully Completed, Status, Successfully Completed, Status, Successfully Completed, Status, Successfully Completed, Status, Successfully Completed, Status, Successfully Completed, Status, Successfully Completed, Status, Successfully Completed, Status, Successfully Completed, Status, Successfully Completed, Status, Successfully Completed, Status, Successfully Completed, Status, Successfully Completed, Status, Successfully Completed, Status, Successfully Completed, Status, Successfully Completed, Status, Successfully Completed, Status, Successfully Completed, Status, Successfully Completed, Status, Successfully Completed, Status, Successfully Completed, Status, Successfully Completed, Status, Successfully Completed, Status, Successfully Completed, Status, Successfully Completed, Status, Successfully Completed, Status, Successfully Completed, Status, Successfully Completed, Status, Successfully Completed, Status, Successfully Completed, Status, Successfully Completed, Status, Successfully Completed, Status, Successfully Completed, Status, Successfully Completed, Status, Successfully Completed, Status, Successfully Completed, Status, Successfully Completed, Status, Successfully Completed, Status, Successfully Completed, Status, Successfully Completed, Status, Successfully Completed, Status, Successfully Completed, Status, Successfully Completed, Status, Successfully Completed, Status, Successfully Completed, Status, Successfully Completed, Status, Successfully Completed, Status, Successfully Completed, Status, Successfully Completed, Status, Successfully Completed, Status, Successfully Completed, Status, Successfully Completed, Status, Successfully Completed, Status, Successfully Completed, Status, Successfully Completed, Status, Successfully Completed, Status, Successfully Completed, Status, Successfully Completed, Status, Successfully Completed, Status, Successfully Completed, Status, Successfully Completed, Status, Successfully Completed, Status, Successfully Completed, Status, Successfully Completed, Status, Successfully Completed, Status, Successfully Completed, Status, Successfully Completed, Status, Successfully Completed, Status, Successfully Completed, Status, Successfully Completed, Status, Successfully Completed, Status, Successfully Completed, Status, Successfully Completed, Status, Successfully Completed, Status, Successfully Completed, Status, Successfully Completed, Status, Successfully Completed, Status, Successfully Completed, Status, Successfully Completed, Status, Successfully Completed, Status, Successfully Completed, Status, Successfully Completed, Status, Successfully Completed, Status, Successfully Completed, Status, Successfully Completed, Status, Successfully Completed, Status, Successfully Completed, Status, Successfully Completed, Status, Successfully Completed, Status, Successfully Completed, Status, Successfully Completed, Status, Successfully Completed, Status, Successfully Completed, Status, Successfully Completed, Status, Successfully Completed, Status, Successfully Completed, Status, Successfully Completed, Status, Successfully Completed, Status, Successfully Completed, Status, Successfully Completed, Status, Successfully Completed, Status, Successfully Completed, Status, Successfully Completed, Status, Successfully Completed, Status, Successfully Completed, Status, Successfully Completed, Status, Successfully Completed, Status, Successfully Completed, Status, Successfully Completed, Status, Successfully Completed, Status, Successfully Completed, Status, Successfully Completed, Status, Successfully Completed, Status, Successfully Completed, Status, Successfully Completed, Status, Successfully Completed, Status, Successfully Completed, Status, Successfully Completed, Status, Successfully Completed, Status, Successfully Completed, Status, Successfully Completed, Status, Successfully Completed, Status, Successfully Completed, Status, Successfully Completed, Status, Successfully Completed, Status, Successfully Completed, Status, Successfully Completed, Status, Successfully Completed, Status, Successfully Completed, Status, Successfully Completed, Status, Successfully Completed, Status, Successfully Completed, Status, Successfully Completed, Status, Successfully Completed, Status, Successfully Completed, Status, Successfully Completed, Status, Successfully Completed, Status, Successfully Completed, Status, Successfully Completed, Status, Successfully Completed, Status, Successfully Completed, Status, Successfully Completed, Status, Successfully Completed, Status, Successfully Completed, Status, Successfully Completed, Status, Successfully Completed, Status, Successfully Completed, Status, Successfully Completed, Status, Successfully Completed, Status, Successfully Completed, Status, Successfully Completed, Status, Successfully Completed, Status, Successfully Completed, Status, Successfully Completed, Status, Successfully Completed, Status, Successfully Completed, Status, Successfully Completed, Status, Successfully Completed, Status, Successfully Completed, Status, Successfully Completed, Status, Successfully Completed, Status, Successfully Completed, Status, Successfully Completed, Status, Successfully Completed, Status, Successfully Completed, Status, Successfully Completed, Status, Successfully Completed, Status, Successfully Completed, Status, Successfully Completed, Status, Successfully Completed, Status, Successfully Completed, Status, Successfully Completed, Status, Successfully Completed, Status, Successfully Completed, Status, Successfully Completed, Status, Successfully Completed, Status, Successfully Completed, Status, Successfully Completed, Status, Successfully Completed, Status, Successfully Completed, Status, Successfully Completed, Status, Successfully Completed, Status, Successfully Completed, Status, Successfully Completed, Status, Successfully Completed, Status, Successfully Completed, Status, Successfully Completed, Status, Successfully Completed, Status, Successfully Completed, Status, Successfully Completed, Status, Successfully Completed, Status, Successfully Completed, Status, Successfully Completed, Status]
[neelback4more@gmail.com, Subho1991*, Status, Successfully Completed, Status, Successfully Completed, Status, Successfully Completed, Status, Successfully Completed, Status, Successfully Completed, Status, Successfully Completed, Status, Successfully Completed, Status, Successfully Completed, Status, Successfully Completed, Status, Successfully Completed, Status, Successfully Completed, Status, Successfully Completed, Status, Successfully Completed, Status, Successfully Completed, Status, Successfully Completed, Status, Successfully Completed, Status, Successfully Completed, Status, Successfully Completed, Status, Successfully Completed, Status, Successfully Completed, Status, Successfully Completed, Status, Successfully Completed, Status, Successfully Completed, Status, Successfully Completed, Status, Successfully Completed, Status, Successfully Completed, Status, Successfully Completed, Status, Successfully Completed, Status, Successfully Completed, Status, Successfully Completed, Status, Successfully Completed, Status, Successfully Completed, Status, Successfully Completed, Status, Successfully Completed, Status, Successfully Completed, Status, Successfully Completed, Status, Successfully Completed, Status, Successfully Completed, Status, Successfully Completed, Status, Successfully Completed, Status, Successfully Completed, Status, Successfully Completed, Status, Successfully Completed, Status, Successfully Completed, Status, Successfully Completed, Status, Successfully Completed, Status, Successfully Completed, Status, Successfully Completed, Status, Successfully Completed, Status, Successfully Completed, Status, Successfully Completed, Status, Successfully Completed, Status, Successfully Completed, Status, Successfully Completed, Status, Successfully Completed, Status, Successfully Completed, Status, Successfully Completed, Status, Successfully Completed, Status, Successfully Completed, Status, Successfully Completed, Status, Successfully Completed, Status, Successfully Completed, Status, Successfully Completed, Status, Successfully Completed, Status, Successfully Completed, Status, Successfully Completed, Status, Successfully Completed, Status, Successfully Completed, Status, Successfully Completed, Status, Successfully Completed, Status, Successfully Completed, Status, Successfully Completed, Status, Successfully Completed, Status, Successfully Completed, Status, Successfully Completed, Status, Successfully Completed, Status, Successfully Completed, Status, Successfully Completed, Status, Successfully Completed, Status, Successfully Completed, Status, Successfully Completed, Status, Successfully Completed, Status, Successfully Completed, Status, Successfully Completed, Status, Successfully Completed, Status, Successfully Completed, Status, Successfully Completed, Status, Successfully Completed, Status, Successfully Completed, Status, Successfully Completed, Status, Successfully Completed, Status, Successfully Completed, Status, Successfully Completed, Status, Successfully Completed, Status, Successfully Completed, Status, Successfully Completed, Status, Successfully Completed, Status, Successfully Completed, Status, Successfully Completed, Status, Successfully Completed, Status, Successfully Completed, Status, Successfully Completed, Status, Successfully Completed, Status, Successfully Completed, Status, Successfully Completed, Status, Successfully Completed, Status, Successfully Completed, Status, Successfully Completed, Status, Successfully Completed, Status, Successfully Completed, Status, Successfully Completed, Status, Successfully Completed, Status, Successfully Completed, Status, Successfully Completed, Status, Successfully Completed, Status, Successfully Completed, Status, Successfully Completed, Status, Successfully Completed, Status, Successfully Completed, Status, Successfully Completed, Status, Successfully Completed, Status, Successfully Completed, Status, Successfully Completed, Status, Successfully Completed, Status, Successfully Completed, Status, Successfully Completed, Status, Successfully Completed, Status, Successfully Completed, Status, Successfully Completed, Status, Successfully Completed, Status, Successfully Completed, Status, Successfully Completed, Status, Successfully Completed, Status, Successfully Completed, Status, Successfully Completed, Status, Successfully Completed, Status, Successfully Completed, Status, Successfully Completed, Status, Successfully Completed, Status, Successfully Completed, Status, Successfully Completed, Status, Successfully Completed, Status, Successfully Completed, Status, Successfully Completed, Status, Successfully Completed, Status, Successfully Completed, Status, Successfully Completed, Status, Successfully Completed, Status, Successfully Completed, Status, Successfully Completed, Status, Successfully Completed, Status, Successfully Completed, Status, Successfully Completed, Status, Successfully Completed, Status, Successfully Completed, Status, Successfully Completed, Status, Successfully Completed, Status, Successfully Completed, Status, Successfully Completed, Status, Successfully Completed, Status, Successfully Completed, Status, Successfully Completed, Status, Successfully Completed, Status, Successfully Completed, Status, Successfully Completed, Status, Successfully Completed, Status, Successfully Completed, Status, Successfully Completed, Status, Successfully Completed, Status, Successfully Completed, Status, Successfully Completed, Status, Successfully Completed, Status, Successfully Completed, Status, Successfully Completed, Status, Successfully Completed, Status, Successfully Completed, Status, Successfully Completed, Status, Successfully Completed, Status, Successfully Completed, Status, Successfully Completed, Status, Successfully Completed, Status, Successfully Completed, Status, Successfully Completed, Status, Successfully Completed, Status, Successfully Completed, Status, Successfully Completed, Status, Successfully Completed, Status, Successfully Completed, Status, Successfully Completed, Status, Successfully Completed, Status, Successfully Completed, Status, Successfully Completed, Status, Successfully Completed, Status, Successfully Completed, Status, Successfully Completed, Status, Successfully Completed, Status, Successfully Completed, Status, Successfully Completed, Status, Successfully Completed, Status, Successfully Completed, Status, Successfully Completed, Status, Successfully Completed, Status, Successfully Completed, Status, Successfully Completed, Status, Successfully Completed, Status, Successfully Completed, Status, Successfully Completed, Status, Successfully Completed, Status, Successfully Completed, Status, Successfully Completed, Status, Successfully Completed, Status, Successfully Completed, Status, Successfully Completed, Status, Successfully Completed, Status, Successfully Completed, Status, Successfully Completed, Status, Successfully Completed, Status, Successfully Completed, Status, Successfully Completed, Status, Successfully Completed, Status, Successfully Completed, Status, Successfully Completed, Status, Successfully Completed, Status, Successfully Completed, Status, Successfully Completed, Status, Successfully Completed, Status, Successfully Completed, Status, Successfully Completed, Status, Successfully Completed, Status, Successfully Completed, Status, Successfully Completed, Status, Successfully Completed, Status, Successfully Completed, Status, Successfully Completed, Status, Successfully Completed, Status, Successfully Completed, Status, Successfully Completed, Status, Successfully Completed, Status, Successfully Completed, Status, Successfully Completed, Status, Successfully Completed, Status, Successfully Completed, Status, Successfully Completed, Status, Successfully Completed, Status, Successfully Completed, Status, Successfully Completed, Status, Successfully Completed, Status, Successfully Completed, Status, Successfully Completed, Status, Successfully Completed, Status, Successfully Completed, Status, Successfully Completed, Status, Successfully Completed, Status, Successfully Completed, Status, Successfully Completed, Status, Successfully Completed, Status, Successfully Completed, Status, Successfully Completed, Status, Successfully Completed, Status, Successfully Completed, Status, Successfully Completed, Status, Successfully Completed, Status, Successfully Completed, Status, Successfully Completed, Status, Successfully Completed, Status, Successfully Completed, Status, Successfully Completed, Status, Successfully Completed, Status, Successfully Completed, Status, Successfully Completed, Status, Successfully Completed, Status, Successfully Completed, Status, Successfully Completed, Status, Successfully Completed, Status, Successfully Completed, Status, Successfully Completed, Status, Successfully Completed, Status, Successfully Completed]
[neelback4more@gmail.com, Subho1991*, Status, Successfully Completed, Status, Successfully Completed, Status, Successfully Completed, Status, Successfully Completed, Status, Successfully Completed, Status, Successfully Completed, Status, Successfully Completed, Status, Successfully Completed, Status, Successfully Completed, Status, Successfully Completed, Status, Successfully Completed, Status, Successfully Completed, Status, Successfully Completed, Status, Successfully Completed, Status, Successfully Completed, Status, Successfully Completed, Status, Successfully Completed, Status, Successfully Completed, Status, Successfully Completed, Status, Successfully Completed, Status, Successfully Completed, Status, Successfully Completed, Status, Successfully Completed, Status, Successfully Completed, Status, Successfully Completed, Status, Successfully Completed, Status, Successfully Completed, Status, Successfully Completed, Status, Successfully Completed, Status, Successfully Completed, Status, Successfully Completed, Status, Successfully Completed, Status, Successfully Completed, Status, Successfully Completed, Status, Successfully Completed, Status, Successfully Completed, Status, Successfully Completed, Status, Successfully Completed, Status, Successfully Completed, Status, Successfully Completed, Status, Successfully Completed, Status, Successfully Completed, Status, Successfully Completed, Status, Successfully Completed, Status, Successfully Completed, Status, Successfully Completed, Status, Successfully Completed, Status, Successfully Completed, Status, Successfully Completed, Status, Successfully Completed, Status, Successfully Completed, Status, Successfully Completed, Status, Successfully Completed, Status, Successfully Completed, Status, Successfully Completed, Status, Successfully Completed, Status, Successfully Completed, Status, Successfully Completed, Status, Successfully Completed, Status, Successfully Completed, Status, Successfully Completed, Status, Successfully Completed, Status, Successfully Completed, Status, Successfully Completed, Status, Successfully Completed, Status, Successfully Completed, Status, Successfully Completed, Status, Successfully Completed, Status, Successfully Completed, Status, Successfully Completed, Status, Successfully Completed, Status, Successfully Completed, Status, Successfully Completed, Status, Successfully Completed, Status, Successfully Completed, Status, Successfully Completed, Status, Successfully Completed, Status, Successfully Completed, Status, Successfully Completed, Status, Successfully Completed, Status, Successfully Completed, Status, Successfully Completed, Status, Successfully Completed, Status, Successfully Completed, Status, Successfully Completed, Status, Successfully Completed, Status, Successfully Completed, Status, Successfully Completed, Status, Successfully Completed, Status, Successfully Completed, Status, Successfully Completed, Status, Successfully Completed, Status, Successfully Completed, Status, Successfully Completed, Status, Successfully Completed, Status, Successfully Completed, Status, Successfully Completed, Status, Successfully Completed, Status, Successfully Completed, Status, Successfully Completed, Status, Successfully Completed, Status, Successfully Completed, Status, Successfully Completed, Status, Successfully Completed, Status, Successfully Completed, Status, Successfully Completed, Status, Successfully Completed, Status, Successfully Completed, Status, Successfully Completed, Status, Successfully Completed, Status, Successfully Completed, Status, Successfully Completed, Status, Successfully Completed, Status, Successfully Completed, Status, Successfully Completed, Status, Successfully Completed, Status, Successfully Completed, Status, Successfully Completed, Status, Successfully Completed, Status, Successfully Completed, Status, Successfully Completed, Status, Successfully Completed, Status, Successfully Completed, Status, Successfully Completed, Status, Successfully Completed, Status, Successfully Completed, Status, Successfully Completed, Status, Successfully Completed, Status, Successfully Completed, Status, Successfully Completed, Status, Successfully Completed, Status, Successfully Completed, Status, Successfully Completed, Status, Successfully Completed, Status, Successfully Completed, Status, Successfully Completed, Status, Successfully Completed, Status, Successfully Completed, Status, Successfully Completed, Status, Successfully Completed, Status, Successfully Completed, Status, Successfully Completed, Status, Successfully Completed, Status, Successfully Completed, Status, Successfully Completed, Status, Successfully Completed, Status, Successfully Completed, Status, Successfully Completed, Status, Successfully Completed, Status, Successfully Completed, Status, Successfully Completed, Status, Successfully Completed, Status, Successfully Completed, Status, Successfully Completed, Status, Successfully Completed, Status, Successfully Completed, Status, Successfully Completed, Status, Successfully Completed, Status, Successfully Completed, Status, Successfully Completed, Status, Successfully Completed, Status, Successfully Completed, Status, Successfully Completed, Status, Successfully Completed, Status, Successfully Completed, Status, Successfully Completed, Status, Successfully Completed, Status, Successfully Completed, Status, Successfully Completed, Status, Successfully Completed, Status, Successfully Completed, Status, Successfully Completed, Status, Successfully Completed, Status, Successfully Completed, Status, Successfully Completed, Status, Successfully Completed, Status, Successfully Completed, Status, Successfully Completed, Status, Successfully Completed, Status, Successfully Completed, Status, Successfully Completed, Status, Successfully Completed, Status, Successfully Completed, Status, Successfully Completed, Status, Successfully Completed, Status, Successfully Completed, Status, Successfully Completed, Status, Successfully Completed, Status, Successfully Completed, Status, Successfully Completed, Status, Successfully Completed, Status, Successfully Completed, Status, Successfully Completed, Status, Successfully Completed, Status, Successfully Completed, Status, Successfully Completed, Status, Successfully Completed, Status, Successfully Completed, Status, Successfully Completed, Status, Successfully Completed, Status, Successfully Completed, Status, Successfully Completed, Status, Successfully Completed, Status, Successfully Completed, Status, Successfully Completed, Status, Successfully Completed, Status, Successfully Completed, Status, Successfully Completed, Status, Successfully Completed, Status, Successfully Completed, Status, Successfully Completed, Status, Successfully Completed, Status, Successfully Completed, Status, Successfully Completed, Status, Successfully Completed, Status, Successfully Completed, Status, Successfully Completed, Status, Successfully Completed, Status, Successfully Completed, Status, Successfully Completed, Status, Successfully Completed, Status, Successfully Completed, Status, Successfully Completed, Status, Successfully Completed, Status, Successfully Completed, Status, Successfully Completed, Status, Successfully Completed, Status, Successfully Completed, Status, Successfully Completed, Status, Successfully Completed, Status, Successfully Completed, Status, Successfully Completed, Status, Successfully Completed, Status, Successfully Completed, Status, Successfully Completed, Status, Successfully Completed, Status, Successfully Completed, Status, Successfully Completed, Status, Successfully Completed, Status, Successfully Completed, Status, Successfully Completed, Status, Successfully Completed, Status, Successfully Completed, Status, Successfully Completed, Status, Successfully Completed, Status, Successfully Completed, Status, Successfully Completed, Status, Successfully Completed, Status, Successfully Completed, Status, Successfully Completed, Status, Successfully Completed, Status, Successfully Completed, Status, Successfully Completed, Status, Successfully Completed, Status, Successfully Completed, Status, Successfully Completed, Status, Successfully Completed, Status, Successfully Completed, Status, Successfully Completed, Status, Successfully Completed, Status, Successfully Completed, Status, Successfully Completed, Status, Successfully Completed, Status, Successfully Completed, Status, Successfully Completed, Status, Successfully Completed, Status, Successfully Completed, Status, Successfully Completed, Status, Successfully Completed, Status, Successfully Completed, Status, Successfully Completed, Status, Successfully Completed, Status, Successfully Completed, Status, Successfully Completed, Status, Successfully Completed, Status, Successfully Completed, Status, Successfully Completed, Status, Successfully Completed, Status]
[neelback4more@gmail.com, Subho1991*, Status, Successfully Completed, Status, Successfully Completed, Status, Successfully Completed, Status, Successfully Completed, Status, Successfully Completed, Status, Successfully Completed, Status, Successfully Completed, Status, Successfully Completed, Status, Successfully Completed, Status, Successfully Completed, Status, Successfully Completed, Status, Successfully Completed, Status, Successfully Completed, Status, Successfully Completed, Status, Successfully Completed, Status, Successfully Completed, Status, Successfully Completed, Status, Successfully Completed, Status, Successfully Completed, Status, Successfully Completed, Status, Successfully Completed, Status, Successfully Completed, Status, Successfully Completed, Status, Successfully Completed, Status, Successfully Completed, Status, Successfully Completed, Status, Successfully Completed, Status, Successfully Completed, Status, Successfully Completed, Status, Successfully Completed, Status, Successfully Completed, Status, Successfully Completed, Status, Successfully Completed, Status, Successfully Completed, Status, Successfully Completed, Status, Successfully Completed, Status, Successfully Completed, Status, Successfully Completed, Status, Successfully Completed, Status, Successfully Completed, Status, Successfully Completed, Status, Successfully Completed, Status, Successfully Completed, Status, Successfully Completed, Status, Successfully Completed, Status, Successfully Completed, Status, Successfully Completed, Status, Successfully Completed, Status, Successfully Completed, Status, Successfully Completed, Status, Successfully Completed, Status, Successfully Completed, Status, Successfully Completed, Status, Successfully Completed, Status, Successfully Completed, Status, Successfully Completed, Status, Successfully Completed, Status, Successfully Completed, Status, Successfully Completed, Status, Successfully Completed, Status, Successfully Completed, Status, Successfully Completed, Status, Successfully Completed, Status, Successfully Completed, Status, Successfully Completed, Status, Successfully Completed, Status, Successfully Completed, Status, Successfully Completed, Status, Successfully Completed, Status, Successfully Completed, Status, Successfully Completed, Status, Successfully Completed, Status, Successfully Completed, Status, Successfully Completed, Status, Successfully Completed, Status, Successfully Completed, Status, Successfully Completed, Status, Successfully Completed, Status, Successfully Completed, Status, Successfully Completed, Status, Successfully Completed, Status, Successfully Completed, Status, Successfully Completed, Status, Successfully Completed, Status, Successfully Completed, Status, Successfully Completed, Status, Successfully Completed, Status, Successfully Completed, Status, Successfully Completed, Status, Successfully Completed, Status, Successfully Completed, Status, Successfully Completed, Status, Successfully Completed, Status, Successfully Completed, Status, Successfully Completed, Status, Successfully Completed, Status, Successfully Completed, Status, Successfully Completed, Status, Successfully Completed, Status, Successfully Completed, Status, Successfully Completed, Status, Successfully Completed, Status, Successfully Completed, Status, Successfully Completed, Status, Successfully Completed, Status, Successfully Completed, Status, Successfully Completed, Status, Successfully Completed, Status, Successfully Completed, Status, Successfully Completed, Status, Successfully Completed, Status, Successfully Completed, Status, Successfully Completed, Status, Successfully Completed, Status, Successfully Completed, Status, Successfully Completed, Status, Successfully Completed, Status, Successfully Completed, Status, Successfully Completed, Status, Successfully Completed, Status, Successfully Completed, Status, Successfully Completed, Status, Successfully Completed, Status, Successfully Completed, Status, Successfully Completed, Status, Successfully Completed, Status, Successfully Completed, Status, Successfully Completed, Status, Successfully Completed, Status, Successfully Completed, Status, Successfully Completed, Status, Successfully Completed, Status, Successfully Completed, Status, Successfully Completed, Status, Successfully Completed, Status, Successfully Completed, Status, Successfully Completed, Status, Successfully Completed, Status, Successfully Completed, Status, Successfully Completed, Status, Successfully Completed, Status, Successfully Completed, Status, Successfully Completed, Status, Successfully Completed, Status, Successfully Completed, Status, Successfully Completed, Status, Successfully Completed, Status, Successfully Completed, Status, Successfully Completed, Status, Successfully Completed, Status, Successfully Completed, Status, Successfully Completed, Status, Successfully Completed, Status, Successfully Completed, Status, Successfully Completed, Status, Successfully Completed, Status, Successfully Completed, Status, Successfully Completed, Status, Successfully Completed, Status, Successfully Completed, Status, Successfully Completed, Status, Successfully Completed, Status, Successfully Completed, Status, Successfully Completed, Status, Successfully Completed, Status, Successfully Completed, Status, Successfully Completed, Status, Successfully Completed, Status, Successfully Completed, Status, Successfully Completed, Status, Successfully Completed, Status, Successfully Completed, Status, Successfully Completed, Status, Successfully Completed, Status, Successfully Completed, Status, Successfully Completed, Status, Successfully Completed, Status, Successfully Completed, Status, Successfully Completed, Status, Successfully Completed, Status, Successfully Completed, Status, Successfully Completed, Status, Successfully Completed, Status, Successfully Completed, Status, Successfully Completed, Status, Successfully Completed, Status, Successfully Completed, Status, Successfully Completed, Status, Successfully Completed, Status, Successfully Completed, Status, Successfully Completed, Status, Successfully Completed, Status, Successfully Completed, Status, Successfully Completed, Status, Successfully Completed, Status, Successfully Completed, Status, Successfully Completed, Status, Successfully Completed, Status, Successfully Completed, Status, Successfully Completed, Status, Successfully Completed, Status, Successfully Completed, Status, Successfully Completed, Status, Successfully Completed, Status, Successfully Completed, Status, Successfully Completed, Status, Successfully Completed, Status, Successfully Completed, Status, Successfully Completed, Status, Successfully Completed, Status, Successfully Completed, Status, Successfully Completed, Status, Successfully Completed, Status, Successfully Completed, Status, Successfully Completed, Status, Successfully Completed, Status, Successfully Completed, Status, Successfully Completed, Status, Successfully Completed, Status, Successfully Completed, Status, Successfully Completed, Status, Successfully Completed, Status, Successfully Completed, Status, Successfully Completed, Status, Successfully Completed, Status, Successfully Completed, Status, Successfully Completed, Status, Successfully Completed, Status, Successfully Completed, Status, Successfully Completed, Status, Successfully Completed, Status, Successfully Completed, Status, Successfully Completed, Status, Successfully Completed, Status, Successfully Completed, Status, Successfully Completed, Status, Successfully Completed, Status, Successfully Completed, Status, Successfully Completed, Status, Successfully Completed, Status, Successfully Completed, Status, Successfully Completed, Status, Successfully Completed, Status, Successfully Completed, Status, Successfully Completed, Status, Successfully Completed, Status, Successfully Completed, Status, Successfully Completed, Status, Successfully Completed, Status, Successfully Completed, Status, Successfully Completed, Status, Successfully Completed, Status, Successfully Completed, Status, Successfully Completed, Status, Successfully Completed, Status, Successfully Completed, Status, Successfully Completed, Status, Successfully Completed, Status, Successfully Completed, Status, Successfully Completed, Status, Successfully Completed, Status, Successfully Completed, Status, Successfully Completed, Status, Successfully Completed, Status, Successfully Completed, Status, Successfully Completed, Status, Successfully Completed, Status, Successfully Completed, Status, Successfully Completed, Status, Successfully Completed, Status, Successfully Completed, Status, Successfully Completed, Status, Successfully Completed, Status, Successfully Completed, Status, Successfully Completed, Status, Successfully Completed, Status, Successfully Completed, Status, Successfully Completed, Status, Successfully Completed]
[neelback4more@gmail.com, Subho1991*, Status, Successfully Completed, Status, Successfully Completed, Status, Successfully Completed, Status, Successfully Completed, Status, Successfully Completed, Status, Successfully Completed, Status, Successfully Completed, Status, Successfully Completed, Status, Successfully Completed, Status, Successfully Completed, Status, Successfully Completed, Status, Successfully Completed, Status, Successfully Completed, Status, Successfully Completed, Status, Successfully Completed, Status, Successfully Completed, Status, Successfully Completed, Status, Successfully Completed, Status, Successfully Completed, Status, Successfully Completed, Status, Successfully Completed, Status, Successfully Completed, Status, Successfully Completed, Status, Successfully Completed, Status, Successfully Completed, Status, Successfully Completed, Status, Successfully Completed, Status, Successfully Completed, Status, Successfully Completed, Status, Successfully Completed, Status, Successfully Completed, Status, Successfully Completed, Status, Successfully Completed, Status, Successfully Completed, Status, Successfully Completed, Status, Successfully Completed, Status, Successfully Completed, Status, Successfully Completed, Status, Successfully Completed, Status, Successfully Completed, Status, Successfully Completed, Status, Successfully Completed, Status, Successfully Completed, Status, Successfully Completed, Status, Successfully Completed, Status, Successfully Completed, Status, Successfully Completed, Status, Successfully Completed, Status, Successfully Completed, Status, Successfully Completed, Status, Successfully Completed, Status, Successfully Completed, Status, Successfully Completed, Status, Successfully Completed, Status, Successfully Completed, Status, Successfully Completed, Status, Successfully Completed, Status, Successfully Completed, Status, Successfully Completed, Status, Successfully Completed, Status, Successfully Completed, Status, Successfully Completed, Status, Successfully Completed, Status, Successfully Completed, Status, Successfully Completed, Status, Successfully Completed, Status, Successfully Completed, Status, Successfully Completed, Status, Successfully Completed, Status, Successfully Completed, Status, Successfully Completed, Status, Successfully Completed, Status, Successfully Completed, Status, Successfully Completed, Status, Successfully Completed, Status, Successfully Completed, Status, Successfully Completed, Status, Successfully Completed, Status, Successfully Completed, Status, Successfully Completed, Status, Successfully Completed, Status, Successfully Completed, Status, Successfully Completed, Status, Successfully Completed, Status, Successfully Completed, Status, Successfully Completed, Status, Successfully Completed, Status, Successfully Completed, Status, Successfully Completed, Status, Successfully Completed, Status, Successfully Completed, Status, Successfully Completed, Status, Successfully Completed, Status, Successfully Completed, Status, Successfully Completed, Status, Successfully Completed, Status, Successfully Completed, Status, Successfully Completed, Status, Successfully Completed, Status, Successfully Completed, Status, Successfully Completed, Status, Successfully Completed, Status, Successfully Completed, Status, Successfully Completed, Status, Successfully Completed, Status, Successfully Completed, Status, Successfully Completed, Status, Successfully Completed, Status, Successfully Completed, Status, Successfully Completed, Status, Successfully Completed, Status, Successfully Completed, Status, Successfully Completed, Status, Successfully Completed, Status, Successfully Completed, Status, Successfully Completed, Status, Successfully Completed, Status, Successfully Completed, Status, Successfully Completed, Status, Successfully Completed, Status, Successfully Completed, Status, Successfully Completed, Status, Successfully Completed, Status, Successfully Completed, Status, Successfully Completed, Status, Successfully Completed, Status, Successfully Completed, Status, Successfully Completed, Status, Successfully Completed, Status, Successfully Completed, Status, Successfully Completed, Status, Successfully Completed, Status, Successfully Completed, Status, Successfully Completed, Status, Successfully Completed, Status, Successfully Completed, Status, Successfully Completed, Status, Successfully Completed, Status, Successfully Completed, Status, Successfully Completed, Status, Successfully Completed, Status, Successfully Completed, Status, Successfully Completed, Status, Successfully Completed, Status, Successfully Completed, Status, Successfully Completed, Status, Successfully Completed, Status, Successfully Completed, Status, Successfully Completed, Status, Successfully Completed, Status, Successfully Completed, Status, Successfully Completed, Status, Successfully Completed, Status, Successfully Completed, Status, Successfully Completed, Status, Successfully Completed, Status, Successfully Completed, Status, Successfully Completed, Status, Successfully Completed, Status, Successfully Completed, Status, Successfully Completed, Status, Successfully Completed, Status, Successfully Completed, Status, Successfully Completed, Status, Successfully Completed, Status, Successfully Completed, Status, Successfully Completed, Status, Successfully Completed, Status, Successfully Completed, Status, Successfully Completed, Status, Successfully Completed, Status, Successfully Completed, Status, Successfully Completed, Status, Successfully Completed, Status, Successfully Completed, Status, Successfully Completed, Status, Successfully Completed, Status, Successfully Completed, Status, Successfully Completed, Status, Successfully Completed, Status, Successfully Completed, Status, Successfully Completed, Status, Successfully Completed, Status, Successfully Completed, Status, Successfully Completed, Status, Successfully Completed, Status, Successfully Completed, Status, Successfully Completed, Status, Successfully Completed, Status, Successfully Completed, Status, Successfully Completed, Status, Successfully Completed, Status, Successfully Completed, Status, Successfully Completed, Status, Successfully Completed, Status, Successfully Completed, Status, Successfully Completed, Status, Successfully Completed, Status, Successfully Completed, Status, Successfully Completed, Status, Successfully Completed, Status, Successfully Completed, Status, Successfully Completed, Status, Successfully Completed, Status, Successfully Completed, Status, Successfully Completed, Status, Successfully Completed, Status, Successfully Completed, Status, Successfully Completed, Status, Successfully Completed, Status, Successfully Completed, Status, Successfully Completed, Status, Successfully Completed, Status, Successfully Completed, Status, Successfully Completed, Status, Successfully Completed, Status, Successfully Completed, Status, Successfully Completed, Status, Successfully Completed, Status, Successfully Completed, Status, Successfully Completed, Status, Successfully Completed, Status, Successfully Completed, Status, Successfully Completed, Status, Successfully Completed, Status, Successfully Completed, Status, Successfully Completed, Status, Successfully Completed, Status, Successfully Completed, Status, Successfully Completed, Status, Successfully Completed, Status, Successfully Completed, Status, Successfully Completed, Status, Successfully Completed, Status, Successfully Completed, Status, Successfully Completed, Status, Successfully Completed, Status, Successfully Completed, Status, Successfully Completed, Status, Successfully Completed, Status, Successfully Completed, Status, Successfully Completed, Status, Successfully Completed, Status, Successfully Completed, Status, Successfully Completed, Status, Successfully Completed, Status, Successfully Completed, Status, Successfully Completed, Status, Successfully Completed, Status, Successfully Completed, Status, Successfully Completed, Status, Successfully Completed, Status, Successfully Completed, Status, Successfully Completed, Status, Successfully Completed, Status, Successfully Completed, Status, Successfully Completed, Status, Successfully Completed, Status, Successfully Completed, Status, Successfully Completed, Status, Successfully Completed, Status, Successfully Completed, Status, Successfully Completed, Status, Successfully Completed, Status, Successfully Completed, Status, Successfully Completed, Status, Successfully Completed, Status, Successfully Completed, Status, Successfully Completed, Status, Successfully Completed, Status, Successfully Completed, Status, Successfully Completed, Status, Successfully Completed, Status, Successfully Completed, Status, Successfully Completed, Status, Successfully Completed, Status, Successfully Completed, Status, Successfully Completed, Status, Successfully Completed, Status]
[neelback4more@gmail.com, Subho1991*, Status, Successfully Completed, Status, Successfully Completed, Status, Successfully Completed, Status, Successfully Completed, Status, Successfully Completed, Status, Successfully Completed, Status, Successfully Completed, Status, Successfully Completed, Status, Successfully Completed, Status, Successfully Completed, Status, Successfully Completed, Status, Successfully Completed, Status, Successfully Completed, Status, Successfully Completed, Status, Successfully Completed, Status, Successfully Completed, Status, Successfully Completed, Status, Successfully Completed, Status, Successfully Completed, Status, Successfully Completed, Status, Successfully Completed, Status, Successfully Completed, Status, Successfully Completed, Status, Successfully Completed, Status, Successfully Completed, Status, Successfully Completed, Status, Successfully Completed, Status, Successfully Completed, Status, Successfully Completed, Status, Successfully Completed, Status, Successfully Completed, Status, Successfully Completed, Status, Successfully Completed, Status, Successfully Completed, Status, Successfully Completed, Status, Successfully Completed, Status, Successfully Completed, Status, Successfully Completed, Status, Successfully Completed, Status, Successfully Completed, Status, Successfully Completed, Status, Successfully Completed, Status, Successfully Completed, Status, Successfully Completed, Status, Successfully Completed, Status, Successfully Completed, Status, Successfully Completed, Status, Successfully Completed, Status, Successfully Completed, Status, Successfully Completed, Status, Successfully Completed, Status, Successfully Completed, Status, Successfully Completed, Status, Successfully Completed, Status, Successfully Completed, Status, Successfully Completed, Status, Successfully Completed, Status, Successfully Completed, Status, Successfully Completed, Status, Successfully Completed, Status, Successfully Completed, Status, Successfully Completed, Status, Successfully Completed, Status, Successfully Completed, Status, Successfully Completed, Status, Successfully Completed, Status, Successfully Completed, Status, Successfully Completed, Status, Successfully Completed, Status, Successfully Completed, Status, Successfully Completed, Status, Successfully Completed, Status, Successfully Completed, Status, Successfully Completed, Status, Successfully Completed, Status, Successfully Completed, Status, Successfully Completed, Status, Successfully Completed, Status, Successfully Completed, Status, Successfully Completed, Status, Successfully Completed, Status, Successfully Completed, Status, Successfully Completed, Status, Successfully Completed, Status, Successfully Completed, Status, Successfully Completed, Status, Successfully Completed, Status, Successfully Completed, Status, Successfully Completed, Status, Successfully Completed, Status, Successfully Completed, Status, Successfully Completed, Status, Successfully Completed, Status, Successfully Completed, Status, Successfully Completed, Status, Successfully Completed, Status, Successfully Completed, Status, Successfully Completed, Status, Successfully Completed, Status, Successfully Completed, Status, Successfully Completed, Status, Successfully Completed, Status, Successfully Completed, Status, Successfully Completed, Status, Successfully Completed, Status, Successfully Completed, Status, Successfully Completed, Status, Successfully Completed, Status, Successfully Completed, Status, Successfully Completed, Status, Successfully Completed, Status, Successfully Completed, Status, Successfully Completed, Status, Successfully Completed, Status, Successfully Completed, Status, Successfully Completed, Status, Successfully Completed, Status, Successfully Completed, Status, Successfully Completed, Status, Successfully Completed, Status, Successfully Completed, Status, Successfully Completed, Status, Successfully Completed, Status, Successfully Completed, Status, Successfully Completed, Status, Successfully Completed, Status, Successfully Completed, Status, Successfully Completed, Status, Successfully Completed, Status, Successfully Completed, Status, Successfully Completed, Status, Successfully Completed, Status, Successfully Completed, Status, Successfully Completed, Status, Successfully Completed, Status, Successfully Completed, Status, Successfully Completed, Status, Successfully Completed, Status, Successfully Completed, Status, Successfully Completed, Status, Successfully Completed, Status, Successfully Completed, Status, Successfully Completed, Status, Successfully Completed, Status, Successfully Completed, Status, Successfully Completed, Status, Successfully Completed, Status, Successfully Completed, Status, Successfully Completed, Status, Successfully Completed, Status, Successfully Completed, Status, Successfully Completed, Status, Successfully Completed, Status, Successfully Completed, Status, Successfully Completed, Status, Successfully Completed, Status, Successfully Completed, Status, Successfully Completed, Status, Successfully Completed, Status, Successfully Completed, Status, Successfully Completed, Status, Successfully Completed, Status, Successfully Completed, Status, Successfully Completed, Status, Successfully Completed, Status, Successfully Completed, Status, Successfully Completed, Status, Successfully Completed, Status, Successfully Completed, Status, Successfully Completed, Status, Successfully Completed, Status, Successfully Completed, Status, Successfully Completed, Status, Successfully Completed, Status, Successfully Completed, Status, Successfully Completed, Status, Successfully Completed, Status, Successfully Completed, Status, Successfully Completed, Status, Successfully Completed, Status, Successfully Completed, Status, Successfully Completed, Status, Successfully Completed, Status, Successfully Completed, Status, Successfully Completed, Status, Successfully Completed, Status, Successfully Completed, Status, Successfully Completed, Status, Successfully Completed, Status, Successfully Completed, Status, Successfully Completed, Status, Successfully Completed, Status, Successfully Completed, Status, Successfully Completed, Status, Successfully Completed, Status, Successfully Completed, Status, Successfully Completed, Status, Successfully Completed, Status, Successfully Completed, Status, Successfully Completed, Status, Successfully Completed, Status, Successfully Completed, Status, Successfully Completed, Status, Successfully Completed, Status, Successfully Completed, Status, Successfully Completed, Status, Successfully Completed, Status, Successfully Completed, Status, Successfully Completed, Status, Successfully Completed, Status, Successfully Completed, Status, Successfully Completed, Status, Successfully Completed, Status, Successfully Completed, Status, Successfully Completed, Status, Successfully Completed, Status, Successfully Completed, Status, Successfully Completed, Status, Successfully Completed, Status, Successfully Completed, Status, Successfully Completed, Status, Successfully Completed, Status, Successfully Completed, Status, Successfully Completed, Status, Successfully Completed, Status, Successfully Completed, Status, Successfully Completed, Status, Successfully Completed, Status, Successfully Completed, Status, Successfully Completed, Status, Successfully Completed, Status, Successfully Completed, Status, Successfully Completed, Status, Successfully Completed, Status, Successfully Completed, Status, Successfully Completed, Status, Successfully Completed, Status, Successfully Completed, Status, Successfully Completed, Status, Successfully Completed, Status, Successfully Completed, Status, Successfully Completed, Status, Successfully Completed, Status, Successfully Completed, Status, Successfully Completed, Status, Successfully Completed, Status, Successfully Completed, Status, Successfully Completed, Status, Successfully Completed, Status, Successfully Completed, Status, Successfully Completed, Status, Successfully Completed, Status, Successfully Completed, Status, Successfully Completed, Status, Successfully Completed, Status, Successfully Completed, Status, Successfully Completed, Status, Successfully Completed, Status, Successfully Completed, Status, Successfully Completed, Status, Successfully Completed, Status, Successfully Completed, Status, Successfully Completed, Status, Successfully Completed, Status, Successfully Completed, Status, Successfully Completed, Status, Successfully Completed, Status, Successfully Completed, Status, Successfully Completed, Status, Successfully Completed, Status, Successfully Completed, Status, Successfully Completed, Status, Successfully Completed, Status, Successfully Completed, Status, Successfully Completed, Status, Successfully Completed, Status, Successfully Completed, Status, Successfully Completed, Status, Successfully Completed, Status, Successfully Completed]
[neelback4more@gmail.com, Subho1991*, Status, Successfully Completed, Status, Successfully Completed, Status, Successfully Completed, Status, Successfully Completed, Status, Successfully Completed, Status, Successfully Completed, Status, Successfully Completed, Status, Successfully Completed, Status, Successfully Completed, Status, Successfully Completed, Status, Successfully Completed, Status, Successfully Completed, Status, Successfully Completed, Status, Successfully Completed, Status, Successfully Completed, Status, Successfully Completed, Status, Successfully Completed, Status, Successfully Completed, Status, Successfully Completed, Status, Successfully Completed, Status, Successfully Completed, Status, Successfully Completed, Status, Successfully Completed, Status, Successfully Completed, Status, Successfully Completed, Status, Successfully Completed, Status, Successfully Completed, Status, Successfully Completed, Status, Successfully Completed, Status, Successfully Completed, Status, Successfully Completed, Status, Successfully Completed, Status, Successfully Completed, Status, Successfully Completed, Status, Successfully Completed, Status, Successfully Completed, Status, Successfully Completed, Status, Successfully Completed, Status, Successfully Completed, Status, Successfully Completed, Status, Successfully Completed, Status, Successfully Completed, Status, Successfully Completed, Status, Successfully Completed, Status, Successfully Completed, Status, Successfully Completed, Status, Successfully Completed, Status, Successfully Completed, Status, Successfully Completed, Status, Successfully Completed, Status, Successfully Completed, Status, Successfully Completed, Status, Successfully Completed, Status, Successfully Completed, Status, Successfully Completed, Status, Successfully Completed, Status, Successfully Completed, Status, Successfully Completed, Status, Successfully Completed, Status, Successfully Completed, Status, Successfully Completed, Status, Successfully Completed, Status, Successfully Completed, Status, Successfully Completed, Status, Successfully Completed, Status, Successfully Completed, Status, Successfully Completed, Status, Successfully Completed, Status, Successfully Completed, Status, Successfully Completed, Status, Successfully Completed, Status, Successfully Completed, Status, Successfully Completed, Status, Successfully Completed, Status, Successfully Completed, Status, Successfully Completed, Status, Successfully Completed, Status, Successfully Completed, Status, Successfully Completed, Status, Successfully Completed, Status, Successfully Completed, Status, Successfully Completed, Status, Successfully Completed, Status, Successfully Completed, Status, Successfully Completed, Status, Successfully Completed, Status, Successfully Completed, Status, Successfully Completed, Status, Successfully Completed, Status, Successfully Completed, Status, Successfully Completed, Status, Successfully Completed, Status, Successfully Completed, Status, Successfully Completed, Status, Successfully Completed, Status, Successfully Completed, Status, Successfully Completed, Status, Successfully Completed, Status, Successfully Completed, Status, Successfully Completed, Status, Successfully Completed, Status, Successfully Completed, Status, Successfully Completed, Status, Successfully Completed, Status, Successfully Completed, Status, Successfully Completed, Status, Successfully Completed, Status, Successfully Completed, Status, Successfully Completed, Status, Successfully Completed, Status, Successfully Completed, Status, Successfully Completed, Status, Successfully Completed, Status, Successfully Completed, Status, Successfully Completed, Status, Successfully Completed, Status, Successfully Completed, Status, Successfully Completed, Status, Successfully Completed, Status, Successfully Completed, Status, Successfully Completed, Status, Successfully Completed, Status, Successfully Completed, Status, Successfully Completed, Status, Successfully Completed, Status, Successfully Completed, Status, Successfully Completed, Status, Successfully Completed, Status, Successfully Completed, Status, Successfully Completed, Status, Successfully Completed, Status, Successfully Completed, Status, Successfully Completed, Status, Successfully Completed, Status, Successfully Completed, Status, Successfully Completed, Status, Successfully Completed, Status, Successfully Completed, Status, Successfully Completed, Status, Successfully Completed, Status, Successfully Completed, Status, Successfully Completed, Status, Successfully Completed, Status, Successfully Completed, Status, Successfully Completed, Status, Successfully Completed, Status, Successfully Completed, Status, Successfully Completed, Status, Successfully Completed, Status, Successfully Completed, Status, Successfully Completed, Status, Successfully Completed, Status, Successfully Completed, Status, Successfully Completed, Status, Successfully Completed, Status, Successfully Completed, Status, Successfully Completed, Status, Successfully Completed, Status, Successfully Completed, Status, Successfully Completed, Status, Successfully Completed, Status, Successfully Completed, Status, Successfully Completed, Status, Successfully Completed, Status, Successfully Completed, Status, Successfully Completed, Status, Successfully Completed, Status, Successfully Completed, Status, Successfully Completed, Status, Successfully Completed, Status, Successfully Completed, Status, Successfully Completed, Status, Successfully Completed, Status, Successfully Completed, Status, Successfully Completed, Status, Successfully Completed, Status, Successfully Completed, Status, Successfully Completed, Status, Successfully Completed, Status, Successfully Completed, Status, Successfully Completed, Status, Successfully Completed, Status, Successfully Completed, Status, Successfully Completed, Status, Successfully Completed, Status, Successfully Completed, Status, Successfully Completed, Status, Successfully Completed, Status, Successfully Completed, Status, Successfully Completed, Status, Successfully Completed, Status, Successfully Completed, Status, Successfully Completed, Status, Successfully Completed, Status, Successfully Completed, Status, Successfully Completed, Status, Successfully Completed, Status, Successfully Completed, Status, Successfully Completed, Status, Successfully Completed, Status, Successfully Completed, Status, Successfully Completed, Status, Successfully Completed, Status, Successfully Completed, Status, Successfully Completed, Status, Successfully Completed, Status, Successfully Completed, Status, Successfully Completed, Status, Successfully Completed, Status, Successfully Completed, Status, Successfully Completed, Status, Successfully Completed, Status, Successfully Completed, Status, Successfully Completed, Status, Successfully Completed, Status, Successfully Completed, Status, Successfully Completed, Status, Successfully Completed, Status, Successfully Completed, Status, Successfully Completed, Status, Successfully Completed, Status, Successfully Completed, Status, Successfully Completed, Status, Successfully Completed, Status, Successfully Completed, Status, Successfully Completed, Status, Successfully Completed, Status, Successfully Completed, Status, Successfully Completed, Status, Successfully Completed, Status, Successfully Completed, Status, Successfully Completed, Status, Successfully Completed, Status, Successfully Completed, Status, Successfully Completed, Status, Successfully Completed, Status, Successfully Completed, Status, Successfully Completed, Status, Successfully Completed, Status, Successfully Completed, Status, Successfully Completed, Status, Successfully Completed, Status, Successfully Completed, Status, Successfully Completed, Status, Successfully Completed, Status, Successfully Completed, Status, Successfully Completed, Status, Successfully Completed, Status, Successfully Completed, Status, Successfully Completed, Status, Successfully Completed, Status, Successfully Completed, Status, Successfully Completed, Status, Successfully Completed, Status, Successfully Completed, Status, Successfully Completed, Status, Successfully Completed, Status, Successfully Completed, Status, Successfully Completed, Status, Successfully Completed, Status, Successfully Completed, Status, Successfully Completed, Status, Successfully Completed, Status, Successfully Completed, Status, Successfully Completed, Status, Successfully Completed, Status, Successfully Completed, Status, Successfully Completed, Status, Successfully Completed, Status, Successfully Completed, Status, Successfully Completed, Status, Successfully Completed, Status, Successfully Completed, Status, Successfully Completed, Status, Successfully Completed, Status, Successfully Completed, Status, Successfully Completed, Status, Successfully Completed, Status, Successfully Completed, Status, Successfully Completed, Status]
[neelback4more@gmail.com, Subho1991*, Status, Successfully Completed, Status, Successfully Completed, Status, Successfully Completed, Status, Successfully Completed, Status, Successfully Completed, Status, Successfully Completed, Status, Successfully Completed, Status, Successfully Completed, Status, Successfully Completed, Status, Successfully Completed, Status, Successfully Completed, Status, Successfully Completed, Status, Successfully Completed, Status, Successfully Completed, Status, Successfully Completed, Status, Successfully Completed, Status, Successfully Completed, Status, Successfully Completed, Status, Successfully Completed, Status, Successfully Completed, Status, Successfully Completed, Status, Successfully Completed, Status, Successfully Completed, Status, Successfully Completed, Status, Successfully Completed, Status, Successfully Completed, Status, Successfully Completed, Status, Successfully Completed, Status, Successfully Completed, Status, Successfully Completed, Status, Successfully Completed, Status, Successfully Completed, Status, Successfully Completed, Status, Successfully Completed, Status, Successfully Completed, Status, Successfully Completed, Status, Successfully Completed, Status, Successfully Completed, Status, Successfully Completed, Status, Successfully Completed, Status, Successfully Completed, Status, Successfully Completed, Status, Successfully Completed, Status, Successfully Completed, Status, Successfully Completed, Status, Successfully Completed, Status, Successfully Completed, Status, Successfully Completed, Status, Successfully Completed, Status, Successfully Completed, Status, Successfully Completed, Status, Successfully Completed, Status, Successfully Completed, Status, Successfully Completed, Status, Successfully Completed, Status, Successfully Completed, Status, Successfully Completed, Status, Successfully Completed, Status, Successfully Completed, Status, Successfully Completed, Status, Successfully Completed, Status, Successfully Completed, Status, Successfully Completed, Status, Successfully Completed, Status, Successfully Completed, Status, Successfully Completed, Status, Successfully Completed, Status, Successfully Completed, Status, Successfully Completed, Status, Successfully Completed, Status, Successfully Completed, Status, Successfully Completed, Status, Successfully Completed, Status, Successfully Completed, Status, Successfully Completed, Status, Successfully Completed, Status, Successfully Completed, Status, Successfully Completed, Status, Successfully Completed, Status, Successfully Completed, Status, Successfully Completed, Status, Successfully Completed, Status, Successfully Completed, Status, Successfully Completed, Status, Successfully Completed, Status, Successfully Completed, Status, Successfully Completed, Status, Successfully Completed, Status, Successfully Completed, Status, Successfully Completed, Status, Successfully Completed, Status, Successfully Completed, Status, Successfully Completed, Status, Successfully Completed, Status, Successfully Completed, Status, Successfully Completed, Status, Successfully Completed, Status, Successfully Completed, Status, Successfully Completed, Status, Successfully Completed, Status, Successfully Completed, Status, Successfully Completed, Status, Successfully Completed, Status, Successfully Completed, Status, Successfully Completed, Status, Successfully Completed, Status, Successfully Completed, Status, Successfully Completed, Status, Successfully Completed, Status, Successfully Completed, Status, Successfully Completed, Status, Successfully Completed, Status, Successfully Completed, Status, Successfully Completed, Status, Successfully Completed, Status, Successfully Completed, Status, Successfully Completed, Status, Successfully Completed, Status, Successfully Completed, Status, Successfully Completed, Status, Successfully Completed, Status, Successfully Completed, Status, Successfully Completed, Status, Successfully Completed, Status, Successfully Completed, Status, Successfully Completed, Status, Successfully Completed, Status, Successfully Completed, Status, Successfully Completed, Status, Successfully Completed, Status, Successfully Completed, Status, Successfully Completed, Status, Successfully Completed, Status, Successfully Completed, Status, Successfully Completed, Status, Successfully Completed, Status, Successfully Completed, Status, Successfully Completed, Status, Successfully Completed, Status, Successfully Completed, Status, Successfully Completed, Status, Successfully Completed, Status, Successfully Completed, Status, Successfully Completed, Status, Successfully Completed, Status, Successfully Completed, Status, Successfully Completed, Status, Successfully Completed, Status, Successfully Completed, Status, Successfully Completed, Status, Successfully Completed, Status, Successfully Completed, Status, Successfully Completed, Status, Successfully Completed, Status, Successfully Completed, Status, Successfully Completed, Status, Successfully Completed, Status, Successfully Completed, Status, Successfully Completed, Status, Successfully Completed, Status, Successfully Completed, Status, Successfully Completed, Status, Successfully Completed, Status, Successfully Completed, Status, Successfully Completed, Status, Successfully Completed, Status, Successfully Completed, Status, Successfully Completed, Status, Successfully Completed, Status, Successfully Completed, Status, Successfully Completed, Status, Successfully Completed, Status, Successfully Completed, Status, Successfully Completed, Status, Successfully Completed, Status, Successfully Completed, Status, Successfully Completed, Status, Successfully Completed, Status, Successfully Completed, Status, Successfully Completed, Status, Successfully Completed, Status, Successfully Completed, Status, Successfully Completed, Status, Successfully Completed, Status, Successfully Completed, Status, Successfully Completed, Status, Successfully Completed, Status, Successfully Completed, Status, Successfully Completed, Status, Successfully Completed, Status, Successfully Completed, Status, Successfully Completed, Status, Successfully Completed, Status, Successfully Completed, Status, Successfully Completed, Status, Successfully Completed, Status, Successfully Completed, Status, Successfully Completed, Status, Successfully Completed, Status, Successfully Completed, Status, Successfully Completed, Status, Successfully Completed, Status, Successfully Completed, Status, Successfully Completed, Status, Successfully Completed, Status, Successfully Completed, Status, Successfully Completed, Status, Successfully Completed, Status, Successfully Completed, Status, Successfully Completed, Status, Successfully Completed, Status, Successfully Completed, Status, Successfully Completed, Status, Successfully Completed, Status, Successfully Completed, Status, Successfully Completed, Status, Successfully Completed, Status, Successfully Completed, Status, Successfully Completed, Status, Successfully Completed, Status, Successfully Completed, Status, Successfully Completed, Status, Successfully Completed, Status, Successfully Completed, Status, Successfully Completed, Status, Successfully Completed, Status, Successfully Completed, Status, Successfully Completed, Status, Successfully Completed, Status, Successfully Completed, Status, Successfully Completed, Status, Successfully Completed, Status, Successfully Completed, Status, Successfully Completed, Status, Successfully Completed, Status, Successfully Completed, Status, Successfully Completed, Status, Successfully Completed, Status, Successfully Completed, Status, Successfully Completed, Status, Successfully Completed, Status, Successfully Completed, Status, Successfully Completed, Status, Successfully Completed, Status, Successfully Completed, Status, Successfully Completed, Status, Successfully Completed, Status, Successfully Completed, Status, Successfully Completed, Status, Successfully Completed, Status, Successfully Completed, Status, Successfully Completed, Status, Successfully Completed, Status, Successfully Completed, Status, Successfully Completed, Status, Successfully Completed, Status, Successfully Completed, Status, Successfully Completed, Status, Successfully Completed, Status, Successfully Completed, Status, Successfully Completed, Status, Successfully Completed, Status, Successfully Completed, Status, Successfully Completed, Status, Successfully Completed, Status, Successfully Completed, Status, Successfully Completed, Status, Successfully Completed, Status, Successfully Completed, Status, Successfully Completed, Status, Successfully Completed, Status, Successfully Completed, Status, Successfully Completed, Status, Successfully Completed, Status, Successfully Completed, Status, Successfully Completed, Status, Successfully Completed, Status, Successfully Completed, Status, Successfully Completed, Status, Successfully Completed, Status, Successfully Completed]
[neelback4more@gmail.com, Subho1991*, Status, Successfully Completed, Status, Successfully Completed, Status, Successfully Completed, Status, Successfully Completed, Status, Successfully Completed, Status, Successfully Completed, Status, Successfully Completed, Status, Successfully Completed, Status, Successfully Completed, Status, Successfully Completed, Status, Successfully Completed, Status, Successfully Completed, Status, Successfully Completed, Status, Successfully Completed, Status, Successfully Completed, Status, Successfully Completed, Status, Successfully Completed, Status, Successfully Completed, Status, Successfully Completed, Status, Successfully Completed, Status, Successfully Completed, Status, Successfully Completed, Status, Successfully Completed, Status, Successfully Completed, Status, Successfully Completed, Status, Successfully Completed, Status, Successfully Completed, Status, Successfully Completed, Status, Successfully Completed, Status, Successfully Completed, Status, Successfully Completed, Status, Successfully Completed, Status, Successfully Completed, Status, Successfully Completed, Status, Successfully Completed, Status, Successfully Completed, Status, Successfully Completed, Status, Successfully Completed, Status, Successfully Completed, Status, Successfully Completed, Status, Successfully Completed, Status, Successfully Completed, Status, Successfully Completed, Status, Successfully Completed, Status, Successfully Completed, Status, Successfully Completed, Status, Successfully Completed, Status, Successfully Completed, Status, Successfully Completed, Status, Successfully Completed, Status, Successfully Completed, Status, Successfully Completed, Status, Successfully Completed, Status, Successfully Completed, Status, Successfully Completed, Status, Successfully Completed, Status, Successfully Completed, Status, Successfully Completed, Status, Successfully Completed, Status, Successfully Completed, Status, Successfully Completed, Status, Successfully Completed, Status, Successfully Completed, Status, Successfully Completed, Status, Successfully Completed, Status, Successfully Completed, Status, Successfully Completed, Status, Successfully Completed, Status, Successfully Completed, Status, Successfully Completed, Status, Successfully Completed, Status, Successfully Completed, Status, Successfully Completed, Status, Successfully Completed, Status, Successfully Completed, Status, Successfully Completed, Status, Successfully Completed, Status, Successfully Completed, Status, Successfully Completed, Status, Successfully Completed, Status, Successfully Completed, Status, Successfully Completed, Status, Successfully Completed, Status, Successfully Completed, Status, Successfully Completed, Status, Successfully Completed, Status, Successfully Completed, Status, Successfully Completed, Status, Successfully Completed, Status, Successfully Completed, Status, Successfully Completed, Status, Successfully Completed, Status, Successfully Completed, Status, Successfully Completed, Status, Successfully Completed, Status, Successfully Completed, Status, Successfully Completed, Status, Successfully Completed, Status, Successfully Completed, Status, Successfully Completed, Status, Successfully Completed, Status, Successfully Completed, Status, Successfully Completed, Status, Successfully Completed, Status, Successfully Completed, Status, Successfully Completed, Status, Successfully Completed, Status, Successfully Completed, Status, Successfully Completed, Status, Successfully Completed, Status, Successfully Completed, Status, Successfully Completed, Status, Successfully Completed, Status, Successfully Completed, Status, Successfully Completed, Status, Successfully Completed, Status, Successfully Completed, Status, Successfully Completed, Status, Successfully Completed, Status, Successfully Completed, Status, Successfully Completed, Status, Successfully Completed, Status, Successfully Completed, Status, Successfully Completed, Status, Successfully Completed, Status, Successfully Completed, Status, Successfully Completed, Status, Successfully Completed, Status, Successfully Completed, Status, Successfully Completed, Status, Successfully Completed, Status, Successfully Completed, Status, Successfully Completed, Status, Successfully Completed, Status, Successfully Completed, Status, Successfully Completed, Status, Successfully Completed, Status, Successfully Completed, Status, Successfully Completed, Status, Successfully Completed, Status, Successfully Completed, Status, Successfully Completed, Status, Successfully Completed, Status, Successfully Completed, Status, Successfully Completed, Status, Successfully Completed, Status, Successfully Completed, Status, Successfully Completed, Status, Successfully Completed, Status, Successfully Completed, Status, Successfully Completed, Status, Successfully Completed, Status, Successfully Completed, Status, Successfully Completed, Status, Successfully Completed, Status, Successfully Completed, Status, Successfully Completed, Status, Successfully Completed, Status, Successfully Completed, Status, Successfully Completed, Status, Successfully Completed, Status, Successfully Completed, Status, Successfully Completed, Status, Successfully Completed, Status, Successfully Completed, Status, Successfully Completed, Status, Successfully Completed, Status, Successfully Completed, Status, Successfully Completed, Status, Successfully Completed, Status, Successfully Completed, Status, Successfully Completed, Status, Successfully Completed, Status, Successfully Completed, Status, Successfully Completed, Status, Successfully Completed, Status, Successfully Completed, Status, Successfully Completed, Status, Successfully Completed, Status, Successfully Completed, Status, Successfully Completed, Status, Successfully Completed, Status, Successfully Completed, Status, Successfully Completed, Status, Successfully Completed, Status, Successfully Completed, Status, Successfully Completed, Status, Successfully Completed, Status, Successfully Completed, Status, Successfully Completed, Status, Successfully Completed, Status, Successfully Completed, Status, Successfully Completed, Status, Successfully Completed, Status, Successfully Completed, Status, Successfully Completed, Status, Successfully Completed, Status, Successfully Completed, Status, Successfully Completed, Status, Successfully Completed, Status, Successfully Completed, Status, Successfully Completed, Status, Successfully Completed, Status, Successfully Completed, Status, Successfully Completed, Status, Successfully Completed, Status, Successfully Completed, Status, Successfully Completed, Status, Successfully Completed, Status, Successfully Completed, Status, Successfully Completed, Status, Successfully Completed, Status, Successfully Completed, Status, Successfully Completed, Status, Successfully Completed, Status, Successfully Completed, Status, Successfully Completed, Status, Successfully Completed, Status, Successfully Completed, Status, Successfully Completed, Status, Successfully Completed, Status, Successfully Completed, Status, Successfully Completed, Status, Successfully Completed, Status, Successfully Completed, Status, Successfully Completed, Status, Successfully Completed, Status, Successfully Completed, Status, Successfully Completed, Status, Successfully Completed, Status, Successfully Completed, Status, Successfully Completed, Status, Successfully Completed, Status, Successfully Completed, Status, Successfully Completed, Status, Successfully Completed, Status, Successfully Completed, Status, Successfully Completed, Status, Successfully Completed, Status, Successfully Completed, Status, Successfully Completed, Status, Successfully Completed, Status, Successfully Completed, Status, Successfully Completed, Status, Successfully Completed, Status, Successfully Completed, Status, Successfully Completed, Status, Successfully Completed, Status, Successfully Completed, Status, Successfully Completed, Status, Successfully Completed, Status, Successfully Completed, Status, Successfully Completed, Status, Successfully Completed, Status, Successfully Completed, Status, Successfully Completed, Status, Successfully Completed, Status, Successfully Completed, Status, Successfully Completed, Status, Successfully Completed, Status, Successfully Completed, Status, Successfully Completed, Status, Successfully Completed, Status, Successfully Completed, Status, Successfully Completed, Status, Successfully Completed, Status, Successfully Completed, Status, Successfully Completed, Status, Successfully Completed, Status, Successfully Completed, Status, Successfully Completed, Status, Successfully Completed, Status, Successfully Completed, Status, Successfully Completed, Status, Successfully Completed, Status, Successfully Completed, Status, Successfully Completed, Status, Successfully Completed, Status, Successfully Completed, Status, Successfully Completed, Status, Successfully Completed, Status]
[neelback4more@gmail.com, Subho1991*, Status, Successfully Completed, Status, Successfully Completed, Status, Successfully Completed, Status, Successfully Completed, Status, Successfully Completed, Status, Successfully Completed, Status, Successfully Completed, Status, Successfully Completed, Status, Successfully Completed, Status, Successfully Completed, Status, Successfully Completed, Status, Successfully Completed, Status, Successfully Completed, Status, Successfully Completed, Status, Successfully Completed, Status, Successfully Completed, Status, Successfully Completed, Status, Successfully Completed, Status, Successfully Completed, Status, Successfully Completed, Status, Successfully Completed, Status, Successfully Completed, Status, Successfully Completed, Status, Successfully Completed, Status, Successfully Completed, Status, Successfully Completed, Status, Successfully Completed, Status, Successfully Completed, Status, Successfully Completed, Status, Successfully Completed, Status, Successfully Completed, Status, Successfully Completed, Status, Successfully Completed, Status, Successfully Completed, Status, Successfully Completed, Status, Successfully Completed, Status, Successfully Completed, Status, Successfully Completed, Status, Successfully Completed, Status, Successfully Completed, Status, Successfully Completed, Status, Successfully Completed, Status, Successfully Completed, Status, Successfully Completed, Status, Successfully Completed, Status, Successfully Completed, Status, Successfully Completed, Status, Successfully Completed, Status, Successfully Completed, Status, Successfully Completed, Status, Successfully Completed, Status, Successfully Completed, Status, Successfully Completed, Status, Successfully Completed, Status, Successfully Completed, Status, Successfully Completed, Status, Successfully Completed, Status, Successfully Completed, Status, Successfully Completed, Status, Successfully Completed, Status, Successfully Completed, Status, Successfully Completed, Status, Successfully Completed, Status, Successfully Completed, Status, Successfully Completed, Status, Successfully Completed, Status, Successfully Completed, Status, Successfully Completed, Status, Successfully Completed, Status, Successfully Completed, Status, Successfully Completed, Status, Successfully Completed, Status, Successfully Completed, Status, Successfully Completed, Status, Successfully Completed, Status, Successfully Completed, Status, Successfully Completed, Status, Successfully Completed, Status, Successfully Completed, Status, Successfully Completed, Status, Successfully Completed, Status, Successfully Completed, Status, Successfully Completed, Status, Successfully Completed, Status, Successfully Completed, Status, Successfully Completed, Status, Successfully Completed, Status, Successfully Completed, Status, Successfully Completed, Status, Successfully Completed, Status, Successfully Completed, Status, Successfully Completed, Status, Successfully Completed, Status, Successfully Completed, Status, Successfully Completed, Status, Successfully Completed, Status, Successfully Completed, Status, Successfully Completed, Status, Successfully Completed, Status, Successfully Completed, Status, Successfully Completed, Status, Successfully Completed, Status, Successfully Completed, Status, Successfully Completed, Status, Successfully Completed, Status, Successfully Completed, Status, Successfully Completed, Status, Successfully Completed, Status, Successfully Completed, Status, Successfully Completed, Status, Successfully Completed, Status, Successfully Completed, Status, Successfully Completed, Status, Successfully Completed, Status, Successfully Completed, Status, Successfully Completed, Status, Successfully Completed, Status, Successfully Completed, Status, Successfully Completed, Status, Successfully Completed, Status, Successfully Completed, Status, Successfully Completed, Status, Successfully Completed, Status, Successfully Completed, Status, Successfully Completed, Status, Successfully Completed, Status, Successfully Completed, Status, Successfully Completed, Status, Successfully Completed, Status, Successfully Completed, Status, Successfully Completed, Status, Successfully Completed, Status, Successfully Completed, Status, Successfully Completed, Status, Successfully Completed, Status, Successfully Completed, Status, Successfully Completed, Status, Successfully Completed, Status, Successfully Completed, Status, Successfully Completed, Status, Successfully Completed, Status, Successfully Completed, Status, Successfully Completed, Status, Successfully Completed, Status, Successfully Completed, Status, Successfully Completed, Status, Successfully Completed, Status, Successfully Completed, Status, Successfully Completed, Status, Successfully Completed, Status, Successfully Completed, Status, Successfully Completed, Status, Successfully Completed, Status, Successfully Completed, Status, Successfully Completed, Status, Successfully Completed, Status, Successfully Completed, Status, Successfully Completed, Status, Successfully Completed, Status, Successfully Completed, Status, Successfully Completed, Status, Successfully Completed, Status, Successfully Completed, Status, Successfully Completed, Status, Successfully Completed, Status, Successfully Completed, Status, Successfully Completed, Status, Successfully Completed, Status, Successfully Completed, Status, Successfully Completed, Status, Successfully Completed, Status, Successfully Completed, Status, Successfully Completed, Status, Successfully Completed, Status, Successfully Completed, Status, Successfully Completed, Status, Successfully Completed, Status, Successfully Completed, Status, Successfully Completed, Status, Successfully Completed, Status, Successfully Completed, Status, Successfully Completed, Status, Successfully Completed, Status, Successfully Completed, Status, Successfully Completed, Status, Successfully Completed, Status, Successfully Completed, Status, Successfully Completed, Status, Successfully Completed, Status, Successfully Completed, Status, Successfully Completed, Status, Successfully Completed, Status, Successfully Completed, Status, Successfully Completed, Status, Successfully Completed, Status, Successfully Completed, Status, Successfully Completed, Status, Successfully Completed, Status, Successfully Completed, Status, Successfully Completed, Status, Successfully Completed, Status, Successfully Completed, Status, Successfully Completed, Status, Successfully Completed, Status, Successfully Completed, Status, Successfully Completed, Status, Successfully Completed, Status, Successfully Completed, Status, Successfully Completed, Status, Successfully Completed, Status, Successfully Completed, Status, Successfully Completed, Status, Successfully Completed, Status, Successfully Completed, Status, Successfully Completed, Status, Successfully Completed, Status, Successfully Completed, Status, Successfully Completed, Status, Successfully Completed, Status, Successfully Completed, Status, Successfully Completed, Status, Successfully Completed, Status, Successfully Completed, Status, Successfully Completed, Status, Successfully Completed, Status, Successfully Completed, Status, Successfully Completed, Status, Successfully Completed, Status, Successfully Completed, Status, Successfully Completed, Status, Successfully Completed, Status, Successfully Completed, Status, Successfully Completed, Status, Successfully Completed, Status, Successfully Completed, Status, Successfully Completed, Status, Successfully Completed, Status, Successfully Completed, Status, Successfully Completed, Status, Successfully Completed, Status, Successfully Completed, Status, Successfully Completed, Status, Successfully Completed, Status, Successfully Completed, Status, Successfully Completed, Status, Successfully Completed, Status, Successfully Completed, Status, Successfully Completed, Status, Successfully Completed, Status, Successfully Completed, Status, Successfully Completed, Status, Successfully Completed, Status, Successfully Completed, Status, Successfully Completed, Status, Successfully Completed, Status, Successfully Completed, Status, Successfully Completed, Status, Successfully Completed, Status, Successfully Completed, Status, Successfully Completed, Status, Successfully Completed, Status, Successfully Completed, Status, Successfully Completed, Status, Successfully Completed, Status, Successfully Completed, Status, Successfully Completed, Status, Successfully Completed, Status, Successfully Completed, Status, Successfully Completed, Status, Successfully Completed, Status, Successfully Completed, Status, Successfully Completed, Status, Successfully Completed, Status, Successfully Completed, Status, Successfully Completed, Status, Successfully Completed, Status, Successfully Completed, Status, Successfully Completed, Status, Successfully Completed, Status, Successfully Completed, Status, Successfully Completed, Status, Successfully Completed]
[neelback4more@gmail.com, Subho1991*, Status, Successfully Completed, Status, Successfully Completed, Status, Successfully Completed, Status, Successfully Completed, Status, Successfully Completed, Status, Successfully Completed, Status, Successfully Completed, Status, Successfully Completed, Status, Successfully Completed, Status, Successfully Completed, Status, Successfully Completed, Status, Successfully Completed, Status, Successfully Completed, Status, Successfully Completed, Status, Successfully Completed, Status, Successfully Completed, Status, Successfully Completed, Status, Successfully Completed, Status, Successfully Completed, Status, Successfully Completed, Status, Successfully Completed, Status, Successfully Completed, Status, Successfully Completed, Status, Successfully Completed, Status, Successfully Completed, Status, Successfully Completed, Status, Successfully Completed, Status, Successfully Completed, Status, Successfully Completed, Status, Successfully Completed, Status, Successfully Completed, Status, Successfully Completed, Status, Successfully Completed, Status, Successfully Completed, Status, Successfully Completed, Status, Successfully Completed, Status, Successfully Completed, Status, Successfully Completed, Status, Successfully Completed, Status, Successfully Completed, Status, Successfully Completed, Status, Successfully Completed, Status, Successfully Completed, Status, Successfully Completed, Status, Successfully Completed, Status, Successfully Completed, Status, Successfully Completed, Status, Successfully Completed, Status, Successfully Completed, Status, Successfully Completed, Status, Successfully Completed, Status, Successfully Completed, Status, Successfully Completed, Status, Successfully Completed, Status, Successfully Completed, Status, Successfully Completed, Status, Successfully Completed, Status, Successfully Completed, Status, Successfully Completed, Status, Successfully Completed, Status, Successfully Completed, Status, Successfully Completed, Status, Successfully Completed, Status, Successfully Completed, Status, Successfully Completed, Status, Successfully Completed, Status, Successfully Completed, Status, Successfully Completed, Status, Successfully Completed, Status, Successfully Completed, Status, Successfully Completed, Status, Successfully Completed, Status, Successfully Completed, Status, Successfully Completed, Status, Successfully Completed, Status, Successfully Completed, Status, Successfully Completed, Status, Successfully Completed, Status, Successfully Completed, Status, Successfully Completed, Status, Successfully Completed, Status, Successfully Completed, Status, Successfully Completed, Status, Successfully Completed, Status, Successfully Completed, Status, Successfully Completed, Status, Successfully Completed, Status, Successfully Completed, Status, Successfully Completed, Status, Successfully Completed, Status, Successfully Completed, Status, Successfully Completed, Status, Successfully Completed, Status, Successfully Completed, Status, Successfully Completed, Status, Successfully Completed, Status, Successfully Completed, Status, Successfully Completed, Status, Successfully Completed, Status, Successfully Completed, Status, Successfully Completed, Status, Successfully Completed, Status, Successfully Completed, Status, Successfully Completed, Status, Successfully Completed, Status, Successfully Completed, Status, Successfully Completed, Status, Successfully Completed, Status, Successfully Completed, Status, Successfully Completed, Status, Successfully Completed, Status, Successfully Completed, Status, Successfully Completed, Status, Successfully Completed, Status, Successfully Completed, Status, Successfully Completed, Status, Successfully Completed, Status, Successfully Completed, Status, Successfully Completed, Status, Successfully Completed, Status, Successfully Completed, Status, Successfully Completed, Status, Successfully Completed, Status, Successfully Completed, Status, Successfully Completed, Status, Successfully Completed, Status, Successfully Completed, Status, Successfully Completed, Status, Successfully Completed, Status, Successfully Completed, Status, Successfully Completed, Status, Successfully Completed, Status, Successfully Completed, Status, Successfully Completed, Status, Successfully Completed, Status, Successfully Completed, Status, Successfully Completed, Status, Successfully Completed, Status, Successfully Completed, Status, Successfully Completed, Status, Successfully Completed, Status, Successfully Completed, Status, Successfully Completed, Status, Successfully Completed, Status, Successfully Completed, Status, Successfully Completed, Status, Successfully Completed, Status, Successfully Completed, Status, Successfully Completed, Status, Successfully Completed, Status, Successfully Completed, Status, Successfully Completed, Status, Successfully Completed, Status, Successfully Completed, Status, Successfully Completed, Status, Successfully Completed, Status, Successfully Completed, Status, Successfully Completed, Status, Successfully Completed, Status, Successfully Completed, Status, Successfully Completed, Status, Successfully Completed, Status, Successfully Completed, Status, Successfully Completed, Status, Successfully Completed, Status, Successfully Completed, Status, Successfully Completed, Status, Successfully Completed, Status, Successfully Completed, Status, Successfully Completed, Status, Successfully Completed, Status, Successfully Completed, Status, Successfully Completed, Status, Successfully Completed, Status, Successfully Completed, Status, Successfully Completed, Status, Successfully Completed, Status, Successfully Completed, Status, Successfully Completed, Status, Successfully Completed, Status, Successfully Completed, Status, Successfully Completed, Status, Successfully Completed, Status, Successfully Completed, Status, Successfully Completed, Status, Successfully Completed, Status, Successfully Completed, Status, Successfully Completed, Status, Successfully Completed, Status, Successfully Completed, Status, Successfully Completed, Status, Successfully Completed, Status, Successfully Completed, Status, Successfully Completed, Status, Successfully Completed, Status, Successfully Completed, Status, Successfully Completed, Status, Successfully Completed, Status, Successfully Completed, Status, Successfully Completed, Status, Successfully Completed, Status, Successfully Completed, Status, Successfully Completed, Status, Successfully Completed, Status, Successfully Completed, Status, Successfully Completed, Status, Successfully Completed, Status, Successfully Completed, Status, Successfully Completed, Status, Successfully Completed, Status, Successfully Completed, Status, Successfully Completed, Status, Successfully Completed, Status, Successfully Completed, Status, Successfully Completed, Status, Successfully Completed, Status, Successfully Completed, Status, Successfully Completed, Status, Successfully Completed, Status, Successfully Completed, Status, Successfully Completed, Status, Successfully Completed, Status, Successfully Completed, Status, Successfully Completed, Status, Successfully Completed, Status, Successfully Completed, Status, Successfully Completed, Status, Successfully Completed, Status, Successfully Completed, Status, Successfully Completed, Status, Successfully Completed, Status, Successfully Completed, Status, Successfully Completed, Status, Successfully Completed, Status, Successfully Completed, Status, Successfully Completed, Status, Successfully Completed, Status, Successfully Completed, Status, Successfully Completed, Status, Successfully Completed, Status, Successfully Completed, Status, Successfully Completed, Status, Successfully Completed, Status, Successfully Completed, Status, Successfully Completed, Status, Successfully Completed, Status, Successfully Completed, Status, Successfully Completed, Status, Successfully Completed, Status, Successfully Completed, Status, Successfully Completed, Status, Successfully Completed, Status, Successfully Completed, Status, Successfully Completed, Status, Successfully Completed, Status, Successfully Completed, Status, Successfully Completed, Status, Successfully Completed, Status, Successfully Completed, Status, Successfully Completed, Status, Successfully Completed, Status, Successfully Completed, Status, Successfully Completed, Status, Successfully Completed, Status, Successfully Completed, Status, Successfully Completed, Status, Successfully Completed, Status, Successfully Completed, Status, Successfully Completed, Status, Successfully Completed, Status, Successfully Completed, Status, Successfully Completed, Status, Successfully Completed, Status, Successfully Completed, Status, Successfully Completed, Status, Successfully Completed, Status, Successfully Completed, Status, Successfully Completed, Status, Successfully Completed, Status, Successfully Completed, Status, Successfully Completed, Status, Successfully Completed, Status]
[neelback4more@gmail.com, Subho1991*, Status, Successfully Completed, Status, Successfully Completed, Status, Successfully Completed, Status, Successfully Completed, Status, Successfully Completed, Status, Successfully Completed, Status, Successfully Completed, Status, Successfully Completed, Status, Successfully Completed, Status, Successfully Completed, Status, Successfully Completed, Status, Successfully Completed, Status, Successfully Completed, Status, Successfully Completed, Status, Successfully Completed, Status, Successfully Completed, Status, Successfully Completed, Status, Successfully Completed, Status, Successfully Completed, Status, Successfully Completed, Status, Successfully Completed, Status, Successfully Completed, Status, Successfully Completed, Status, Successfully Completed, Status, Successfully Completed, Status, Successfully Completed, Status, Successfully Completed, Status, Successfully Completed, Status, Successfully Completed, Status, Successfully Completed, Status, Successfully Completed, Status, Successfully Completed, Status, Successfully Completed, Status, Successfully Completed, Status, Successfully Completed, Status, Successfully Completed, Status, Successfully Completed, Status, Successfully Completed, Status, Successfully Completed, Status, Successfully Completed, Status, Successfully Completed, Status, Successfully Completed, Status, Successfully Completed, Status, Successfully Completed, Status, Successfully Completed, Status, Successfully Completed, Status, Successfully Completed, Status, Successfully Completed, Status, Successfully Completed, Status, Successfully Completed, Status, Successfully Completed, Status, Successfully Completed, Status, Successfully Completed, Status, Successfully Completed, Status, Successfully Completed, Status, Successfully Completed, Status, Successfully Completed, Status, Successfully Completed, Status, Successfully Completed, Status, Successfully Completed, Status, Successfully Completed, Status, Successfully Completed, Status, Successfully Completed, Status, Successfully Completed, Status, Successfully Completed, Status, Successfully Completed, Status, Successfully Completed, Status, Successfully Completed, Status, Successfully Completed, Status, Successfully Completed, Status, Successfully Completed, Status, Successfully Completed, Status, Successfully Completed, Status, Successfully Completed, Status, Successfully Completed, Status, Successfully Completed, Status, Successfully Completed, Status, Successfully Completed, Status, Successfully Completed, Status, Successfully Completed, Status, Successfully Completed, Status, Successfully Completed, Status, Successfully Completed, Status, Successfully Completed, Status, Successfully Completed, Status, Successfully Completed, Status, Successfully Completed, Status, Successfully Completed, Status, Successfully Completed, Status, Successfully Completed, Status, Successfully Completed, Status, Successfully Completed, Status, Successfully Completed, Status, Successfully Completed, Status, Successfully Completed, Status, Successfully Completed, Status, Successfully Completed, Status, Successfully Completed, Status, Successfully Completed, Status, Successfully Completed, Status, Successfully Completed, Status, Successfully Completed, Status, Successfully Completed, Status, Successfully Completed, Status, Successfully Completed, Status, Successfully Completed, Status, Successfully Completed, Status, Successfully Completed, Status, Successfully Completed, Status, Successfully Completed, Status, Successfully Completed, Status, Successfully Completed, Status, Successfully Completed, Status, Successfully Completed, Status, Successfully Completed, Status, Successfully Completed, Status, Successfully Completed, Status, Successfully Completed, Status, Successfully Completed, Status, Successfully Completed, Status, Successfully Completed, Status, Successfully Completed, Status, Successfully Completed, Status, Successfully Completed, Status, Successfully Completed, Status, Successfully Completed, Status, Successfully Completed, Status, Successfully Completed, Status, Successfully Completed, Status, Successfully Completed, Status, Successfully Completed, Status, Successfully Completed, Status, Successfully Completed, Status, Successfully Completed, Status, Successfully Completed, Status, Successfully Completed, Status, Successfully Completed, Status, Successfully Completed, Status, Successfully Completed, Status, Successfully Completed, Status, Successfully Completed, Status, Successfully Completed, Status, Successfully Completed, Status, Successfully Completed, Status, Successfully Completed, Status, Successfully Completed, Status, Successfully Completed, Status, Successfully Completed, Status, Successfully Completed, Status, Successfully Completed, Status, Successfully Completed, Status, Successfully Completed, Status, Successfully Completed, Status, Successfully Completed, Status, Successfully Completed, Status, Successfully Completed, Status, Successfully Completed, Status, Successfully Completed, Status, Successfully Completed, Status, Successfully Completed, Status, Successfully Completed, Status, Successfully Completed, Status, Successfully Completed, Status, Successfully Completed, Status, Successfully Completed, Status, Successfully Completed, Status, Successfully Completed, Status, Successfully Completed, Status, Successfully Completed, Status, Successfully Completed, Status, Successfully Completed, Status, Successfully Completed, Status, Successfully Completed, Status, Successfully Completed, Status, Successfully Completed, Status, Successfully Completed, Status, Successfully Completed, Status, Successfully Completed, Status, Successfully Completed, Status, Successfully Completed, Status, Successfully Completed, Status, Successfully Completed, Status, Successfully Completed, Status, Successfully Completed, Status, Successfully Completed, Status, Successfully Completed, Status, Successfully Completed, Status, Successfully Completed, Status, Successfully Completed, Status, Successfully Completed, Status, Successfully Completed, Status, Successfully Completed, Status, Successfully Completed, Status, Successfully Completed, Status, Successfully Completed, Status, Successfully Completed, Status, Successfully Completed, Status, Successfully Completed, Status, Successfully Completed, Status, Successfully Completed, Status, Successfully Completed, Status, Successfully Completed, Status, Successfully Completed, Status, Successfully Completed, Status, Successfully Completed, Status, Successfully Completed, Status, Successfully Completed, Status, Successfully Completed, Status, Successfully Completed, Status, Successfully Completed, Status, Successfully Completed, Status, Successfully Completed, Status, Successfully Completed, Status, Successfully Completed, Status, Successfully Completed, Status, Successfully Completed, Status, Successfully Completed, Status, Successfully Completed, Status, Successfully Completed, Status, Successfully Completed, Status, Successfully Completed, Status, Successfully Completed, Status, Successfully Completed, Status, Successfully Completed, Status, Successfully Completed, Status, Successfully Completed, Status, Successfully Completed, Status, Successfully Completed, Status, Successfully Completed, Status, Successfully Completed, Status, Successfully Completed, Status, Successfully Completed, Status, Successfully Completed, Status, Successfully Completed, Status, Successfully Completed, Status, Successfully Completed, Status, Successfully Completed, Status, Successfully Completed, Status, Successfully Completed, Status, Successfully Completed, Status, Successfully Completed, Status, Successfully Completed, Status, Successfully Completed, Status, Successfully Completed, Status, Successfully Completed, Status, Successfully Completed, Status, Successfully Completed, Status, Successfully Completed, Status, Successfully Completed, Status, Successfully Completed, Status, Successfully Completed, Status, Successfully Completed, Status, Successfully Completed, Status, Successfully Completed, Status, Successfully Completed, Status, Successfully Completed, Status, Successfully Completed, Status, Successfully Completed, Status, Successfully Completed, Status, Successfully Completed, Status, Successfully Completed, Status, Successfully Completed, Status, Successfully Completed, Status, Successfully Completed, Status, Successfully Completed, Status, Successfully Completed, Status, Successfully Completed, Status, Successfully Completed, Status, Successfully Completed, Status, Successfully Completed, Status, Successfully Completed, Status, Successfully Completed, Status, Successfully Completed, Status, Successfully Completed, Status, Successfully Completed, Status, Successfully Completed, Status, Successfully Completed, Status, Successfully Completed, Status, Successfully Completed, Status, Successfully Completed, Status, Successfully Completed, Status, Successfully Completed, Status, Successfully Completed]
[neelback4more@gmail.com, Subho1991*, Status, Successfully Completed, Status, Successfully Completed, Status, Successfully Completed, Status, Successfully Completed, Status, Successfully Completed, Status, Successfully Completed, Status, Successfully Completed, Status, Successfully Completed, Status, Successfully Completed, Status, Successfully Completed, Status, Successfully Completed, Status, Successfully Completed, Status, Successfully Completed, Status, Successfully Completed, Status, Successfully Completed, Status, Successfully Completed, Status, Successfully Completed, Status, Successfully Completed, Status, Successfully Completed, Status, Successfully Completed, Status, Successfully Completed, Status, Successfully Completed, Status, Successfully Completed, Status, Successfully Completed, Status, Successfully Completed, Status, Successfully Completed, Status, Successfully Completed, Status, Successfully Completed, Status, Successfully Completed, Status, Successfully Completed, Status, Successfully Completed, Status, Successfully Completed, Status, Successfully Completed, Status, Successfully Completed, Status, Successfully Completed, Status, Successfully Completed, Status, Successfully Completed, Status, Successfully Completed, Status, Successfully Completed, Status, Successfully Completed, Status, Successfully Completed, Status, Successfully Completed, Status, Successfully Completed, Status, Successfully Completed, Status, Successfully Completed, Status, Successfully Completed, Status, Successfully Completed, Status, Successfully Completed, Status, Successfully Completed, Status, Successfully Completed, Status, Successfully Completed, Status, Successfully Completed, Status, Successfully Completed, Status, Successfully Completed, Status, Successfully Completed, Status, Successfully Completed, Status, Successfully Completed, Status, Successfully Completed, Status, Successfully Completed, Status, Successfully Completed, Status, Successfully Completed, Status, Successfully Completed, Status, Successfully Completed, Status, Successfully Completed, Status, Successfully Completed, Status, Successfully Completed, Status, Successfully Completed, Status, Successfully Completed, Status, Successfully Completed, Status, Successfully Completed, Status, Successfully Completed, Status, Successfully Completed, Status, Successfully Completed, Status, Successfully Completed, Status, Successfully Completed, Status, Successfully Completed, Status, Successfully Completed, Status, Successfully Completed, Status, Successfully Completed, Status, Successfully Completed, Status, Successfully Completed, Status, Successfully Completed, Status, Successfully Completed, Status, Successfully Completed, Status, Successfully Completed, Status, Successfully Completed, Status, Successfully Completed, Status, Successfully Completed, Status, Successfully Completed, Status, Successfully Completed, Status, Successfully Completed, Status, Successfully Completed, Status, Successfully Completed, Status, Successfully Completed, Status, Successfully Completed, Status, Successfully Completed, Status, Successfully Completed, Status, Successfully Completed, Status, Successfully Completed, Status, Successfully Completed, Status, Successfully Completed, Status, Successfully Completed, Status, Successfully Completed, Status, Successfully Completed, Status, Successfully Completed, Status, Successfully Completed, Status, Successfully Completed, Status, Successfully Completed, Status, Successfully Completed, Status, Successfully Completed, Status, Successfully Completed, Status, Successfully Completed, Status, Successfully Completed, Status, Successfully Completed, Status, Successfully Completed, Status, Successfully Completed, Status, Successfully Completed, Status, Successfully Completed, Status, Successfully Completed, Status, Successfully Completed, Status, Successfully Completed, Status, Successfully Completed, Status, Successfully Completed, Status, Successfully Completed, Status, Successfully Completed, Status, Successfully Completed, Status, Successfully Completed, Status, Successfully Completed, Status, Successfully Completed, Status, Successfully Completed, Status, Successfully Completed, Status, Successfully Completed, Status, Successfully Completed, Status, Successfully Completed, Status, Successfully Completed, Status, Successfully Completed, Status, Successfully Completed, Status, Successfully Completed, Status, Successfully Completed, Status, Successfully Completed, Status, Successfully Completed, Status, Successfully Completed, Status, Successfully Completed, Status, Successfully Completed, Status, Successfully Completed, Status, Successfully Completed, Status, Successfully Completed, Status, Successfully Completed, Status, Successfully Completed, Status, Successfully Completed, Status, Successfully Completed, Status, Successfully Completed, Status, Successfully Completed, Status, Successfully Completed, Status, Successfully Completed, Status, Successfully Completed, Status, Successfully Completed, Status, Successfully Completed, Status, Successfully Completed, Status, Successfully Completed, Status, Successfully Completed, Status, Successfully Completed, Status, Successfully Completed, Status, Successfully Completed, Status, Successfully Completed, Status, Successfully Completed, Status, Successfully Completed, Status, Successfully Completed, Status, Successfully Completed, Status, Successfully Completed, Status, Successfully Completed, Status, Successfully Completed, Status, Successfully Completed, Status, Successfully Completed, Status, Successfully Completed, Status, Successfully Completed, Status, Successfully Completed, Status, Successfully Completed, Status, Successfully Completed, Status, Successfully Completed, Status, Successfully Completed, Status, Successfully Completed, Status, Successfully Completed, Status, Successfully Completed, Status, Successfully Completed, Status, Successfully Completed, Status, Successfully Completed, Status, Successfully Completed, Status, Successfully Completed, Status, Successfully Completed, Status, Successfully Completed, Status, Successfully Completed, Status, Successfully Completed, Status, Successfully Completed, Status, Successfully Completed, Status, Successfully Completed, Status, Successfully Completed, Status, Successfully Completed, Status, Successfully Completed, Status, Successfully Completed, Status, Successfully Completed, Status, Successfully Completed, Status, Successfully Completed, Status, Successfully Completed, Status, Successfully Completed, Status, Successfully Completed, Status, Successfully Completed, Status, Successfully Completed, Status, Successfully Completed, Status, Successfully Completed, Status, Successfully Completed, Status, Successfully Completed, Status, Successfully Completed, Status, Successfully Completed, Status, Successfully Completed, Status, Successfully Completed, Status, Successfully Completed, Status, Successfully Completed, Status, Successfully Completed, Status, Successfully Completed, Status, Successfully Completed, Status, Successfully Completed, Status, Successfully Completed, Status, Successfully Completed, Status, Successfully Completed, Status, Successfully Completed, Status, Successfully Completed, Status, Successfully Completed, Status, Successfully Completed, Status, Successfully Completed, Status, Successfully Completed, Status, Successfully Completed, Status, Successfully Completed, Status, Successfully Completed, Status, Successfully Completed, Status, Successfully Completed, Status, Successfully Completed, Status, Successfully Completed, Status, Successfully Completed, Status, Successfully Completed, Status, Successfully Completed, Status, Successfully Completed, Status, Successfully Completed, Status, Successfully Completed, Status, Successfully Completed, Status, Successfully Completed, Status, Successfully Completed, Status, Successfully Completed, Status, Successfully Completed, Status, Successfully Completed, Status, Successfully Completed, Status, Successfully Completed, Status, Successfully Completed, Status, Successfully Completed, Status, Successfully Completed, Status, Successfully Completed, Status, Successfully Completed, Status, Successfully Completed, Status, Successfully Completed, Status, Successfully Completed, Status, Successfully Completed, Status, Successfully Completed, Status, Successfully Completed, Status, Successfully Completed, Status, Successfully Completed, Status, Successfully Completed, Status, Successfully Completed, Status, Successfully Completed, Status, Successfully Completed, Status, Successfully Completed, Status, Successfully Completed, Status, Successfully Completed, Status, Successfully Completed, Status, Successfully Completed, Status, Successfully Completed, Status, Successfully Completed, Status, Successfully Completed, Status, Successfully Completed, Status, Successfully Completed, Status, Successfully Completed, Status, Successfully Completed, Status, Successfully Completed, Status, Successfully Completed, Status]
[neelback4more@gmail.com, Subho1991*, Status, Successfully Completed, Status, Successfully Completed, Status, Successfully Completed, Status, Successfully Completed, Status, Successfully Completed, Status, Successfully Completed, Status, Successfully Completed, Status, Successfully Completed, Status, Successfully Completed, Status, Successfully Completed, Status, Successfully Completed, Status, Successfully Completed, Status, Successfully Completed, Status, Successfully Completed, Status, Successfully Completed, Status, Successfully Completed, Status, Successfully Completed, Status, Successfully Completed, Status, Successfully Completed, Status, Successfully Completed, Status, Successfully Completed, Status, Successfully Completed, Status, Successfully Completed, Status, Successfully Completed, Status, Successfully Completed, Status, Successfully Completed, Status, Successfully Completed, Status, Successfully Completed, Status, Successfully Completed, Status, Successfully Completed, Status, Successfully Completed, Status, Successfully Completed, Status, Successfully Completed, Status, Successfully Completed, Status, Successfully Completed, Status, Successfully Completed, Status, Successfully Completed, Status, Successfully Completed, Status, Successfully Completed, Status, Successfully Completed, Status, Successfully Completed, Status, Successfully Completed, Status, Successfully Completed, Status, Successfully Completed, Status, Successfully Completed, Status, Successfully Completed, Status, Successfully Completed, Status, Successfully Completed, Status, Successfully Completed, Status, Successfully Completed, Status, Successfully Completed, Status, Successfully Completed, Status, Successfully Completed, Status, Successfully Completed, Status, Successfully Completed, Status, Successfully Completed, Status, Successfully Completed, Status, Successfully Completed, Status, Successfully Completed, Status, Successfully Completed, Status, Successfully Completed, Status, Successfully Completed, Status, Successfully Completed, Status, Successfully Completed, Status, Successfully Completed, Status, Successfully Completed, Status, Successfully Completed, Status, Successfully Completed, Status, Successfully Completed, Status, Successfully Completed, Status, Successfully Completed, Status, Successfully Completed, Status, Successfully Completed, Status, Successfully Completed, Status, Successfully Completed, Status, Successfully Completed, Status, Successfully Completed, Status, Successfully Completed, Status, Successfully Completed, Status, Successfully Completed, Status, Successfully Completed, Status, Successfully Completed, Status, Successfully Completed, Status, Successfully Completed, Status, Successfully Completed, Status, Successfully Completed, Status, Successfully Completed, Status, Successfully Completed, Status, Successfully Completed, Status, Successfully Completed, Status, Successfully Completed, Status, Successfully Completed, Status, Successfully Completed, Status, Successfully Completed, Status, Successfully Completed, Status, Successfully Completed, Status, Successfully Completed, Status, Successfully Completed, Status, Successfully Completed, Status, Successfully Completed, Status, Successfully Completed, Status, Successfully Completed, Status, Successfully Completed, Status, Successfully Completed, Status, Successfully Completed, Status, Successfully Completed, Status, Successfully Completed, Status, Successfully Completed, Status, Successfully Completed, Status, Successfully Completed, Status, Successfully Completed, Status, Successfully Completed, Status, Successfully Completed, Status, Successfully Completed, Status, Successfully Completed, Status, Successfully Completed, Status, Successfully Completed, Status, Successfully Completed, Status, Successfully Completed, Status, Successfully Completed, Status, Successfully Completed, Status, Successfully Completed, Status, Successfully Completed, Status, Successfully Completed, Status, Successfully Completed, Status, Successfully Completed, Status, Successfully Completed, Status, Successfully Completed, Status, Successfully Completed, Status, Successfully Completed, Status, Successfully Completed, Status, Successfully Completed, Status, Successfully Completed, Status, Successfully Completed, Status, Successfully Completed, Status, Successfully Completed, Status, Successfully Completed, Status, Successfully Completed, Status, Successfully Completed, Status, Successfully Completed, Status, Successfully Completed, Status, Successfully Completed, Status, Successfully Completed, Status, Successfully Completed, Status, Successfully Completed, Status, Successfully Completed, Status, Successfully Completed, Status, Successfully Completed, Status, Successfully Completed, Status, Successfully Completed, Status, Successfully Completed, Status, Successfully Completed, Status, Successfully Completed, Status, Successfully Completed, Status, Successfully Completed, Status, Successfully Completed, Status, Successfully Completed, Status, Successfully Completed, Status, Successfully Completed, Status, Successfully Completed, Status, Successfully Completed, Status, Successfully Completed, Status, Successfully Completed, Status, Successfully Completed, Status, Successfully Completed, Status, Successfully Completed, Status, Successfully Completed, Status, Successfully Completed, Status, Successfully Completed, Status, Successfully Completed, Status, Successfully Completed, Status, Successfully Completed, Status, Successfully Completed, Status, Successfully Completed, Status, Successfully Completed, Status, Successfully Completed, Status, Successfully Completed, Status, Successfully Completed, Status, Successfully Completed, Status, Successfully Completed, Status, Successfully Completed, Status, Successfully Completed, Status, Successfully Completed, Status, Successfully Completed, Status, Successfully Completed, Status, Successfully Completed, Status, Successfully Completed, Status, Successfully Completed, Status, Successfully Completed, Status, Successfully Completed, Status, Successfully Completed, Status, Successfully Completed, Status, Successfully Completed, Status, Successfully Completed, Status, Successfully Completed, Status, Successfully Completed, Status, Successfully Completed, Status, Successfully Completed, Status, Successfully Completed, Status, Successfully Completed, Status, Successfully Completed, Status, Successfully Completed, Status, Successfully Completed, Status, Successfully Completed, Status, Successfully Completed, Status, Successfully Completed, Status, Successfully Completed, Status, Successfully Completed, Status, Successfully Completed, Status, Successfully Completed, Status, Successfully Completed, Status, Successfully Completed, Status, Successfully Completed, Status, Successfully Completed, Status, Successfully Completed, Status, Successfully Completed, Status, Successfully Completed, Status, Successfully Completed, Status, Successfully Completed, Status, Successfully Completed, Status, Successfully Completed, Status, Successfully Completed, Status, Successfully Completed, Status, Successfully Completed, Status, Successfully Completed, Status, Successfully Completed, Status, Successfully Completed, Status, Successfully Completed, Status, Successfully Completed, Status, Successfully Completed, Status, Successfully Completed, Status, Successfully Completed, Status, Successfully Completed, Status, Successfully Completed, Status, Successfully Completed, Status, Successfully Completed, Status, Successfully Completed, Status, Successfully Completed, Status, Successfully Completed, Status, Successfully Completed, Status, Successfully Completed, Status, Successfully Completed, Status, Successfully Completed, Status, Successfully Completed, Status, Successfully Completed, Status, Successfully Completed, Status, Successfully Completed, Status, Successfully Completed, Status, Successfully Completed, Status, Successfully Completed, Status, Successfully Completed, Status, Successfully Completed, Status, Successfully Completed, Status, Successfully Completed, Status, Successfully Completed, Status, Successfully Completed, Status, Successfully Completed, Status, Successfully Completed, Status, Successfully Completed, Status, Successfully Completed, Status, Successfully Completed, Status, Successfully Completed, Status, Successfully Completed, Status, Successfully Completed, Status, Successfully Completed, Status, Successfully Completed, Status, Successfully Completed, Status, Successfully Completed, Status, Successfully Completed, Status, Successfully Completed, Status, Successfully Completed, Status, Successfully Completed, Status, Successfully Completed, Status, Successfully Completed, Status, Successfully Completed, Status, Successfully Completed, Status, Successfully Completed, Status, Successfully Completed, Status, Successfully Completed, Status, Successfully Completed, Status, Successfully Completed, Status, Successfully Completed, Status, Successfully Completed, Status, Successfully Completed]
[neelback4more@gmail.com, Subho1991*, Status, Successfully Completed, Status, Successfully Completed, Status, Successfully Completed, Status, Successfully Completed, Status, Successfully Completed, Status, Successfully Completed, Status, Successfully Completed, Status, Successfully Completed, Status, Successfully Completed, Status, Successfully Completed, Status, Successfully Completed, Status, Successfully Completed, Status, Successfully Completed, Status, Successfully Completed, Status, Successfully Completed, Status, Successfully Completed, Status, Successfully Completed, Status, Successfully Completed, Status, Successfully Completed, Status, Successfully Completed, Status, Successfully Completed, Status, Successfully Completed, Status, Successfully Completed, Status, Successfully Completed, Status, Successfully Completed, Status, Successfully Completed, Status, Successfully Completed, Status, Successfully Completed, Status, Successfully Completed, Status, Successfully Completed, Status, Successfully Completed, Status, Successfully Completed, Status, Successfully Completed, Status, Successfully Completed, Status, Successfully Completed, Status, Successfully Completed, Status, Successfully Completed, Status, Successfully Completed, Status, Successfully Completed, Status, Successfully Completed, Status, Successfully Completed, Status, Successfully Completed, Status, Successfully Completed, Status, Successfully Completed, Status, Successfully Completed, Status, Successfully Completed, Status, Successfully Completed, Status, Successfully Completed, Status, Successfully Completed, Status, Successfully Completed, Status, Successfully Completed, Status, Successfully Completed, Status, Successfully Completed, Status, Successfully Completed, Status, Successfully Completed, Status, Successfully Completed, Status, Successfully Completed, Status, Successfully Completed, Status, Successfully Completed, Status, Successfully Completed, Status, Successfully Completed, Status, Successfully Completed, Status, Successfully Completed, Status, Successfully Completed, Status, Successfully Completed, Status, Successfully Completed, Status, Successfully Completed, Status, Successfully Completed, Status, Successfully Completed, Status, Successfully Completed, Status, Successfully Completed, Status, Successfully Completed, Status, Successfully Completed, Status, Successfully Completed, Status, Successfully Completed, Status, Successfully Completed, Status, Successfully Completed, Status, Successfully Completed, Status, Successfully Completed, Status, Successfully Completed, Status, Successfully Completed, Status, Successfully Completed, Status, Successfully Completed, Status, Successfully Completed, Status, Successfully Completed, Status, Successfully Completed, Status, Successfully Completed, Status, Successfully Completed, Status, Successfully Completed, Status, Successfully Completed, Status, Successfully Completed, Status, Successfully Completed, Status, Successfully Completed, Status, Successfully Completed, Status, Successfully Completed, Status, Successfully Completed, Status, Successfully Completed, Status, Successfully Completed, Status, Successfully Completed, Status, Successfully Completed, Status, Successfully Completed, Status, Successfully Completed, Status, Successfully Completed, Status, Successfully Completed, Status, Successfully Completed, Status, Successfully Completed, Status, Successfully Completed, Status, Successfully Completed, Status, Successfully Completed, Status, Successfully Completed, Status, Successfully Completed, Status, Successfully Completed, Status, Successfully Completed, Status, Successfully Completed, Status, Successfully Completed, Status, Successfully Completed, Status, Successfully Completed, Status, Successfully Completed, Status, Successfully Completed, Status, Successfully Completed, Status, Successfully Completed, Status, Successfully Completed, Status, Successfully Completed, Status, Successfully Completed, Status, Successfully Completed, Status, Successfully Completed, Status, Successfully Completed, Status, Successfully Completed, Status, Successfully Completed, Status, Successfully Completed, Status, Successfully Completed, Status, Successfully Completed, Status, Successfully Completed, Status, Successfully Completed, Status, Successfully Completed, Status, Successfully Completed, Status, Successfully Completed, Status, Successfully Completed, Status, Successfully Completed, Status, Successfully Completed, Status, Successfully Completed, Status, Successfully Completed, Status, Successfully Completed, Status, Successfully Completed, Status, Successfully Completed, Status, Successfully Completed, Status, Successfully Completed, Status, Successfully Completed, Status, Successfully Completed, Status, Successfully Completed, Status, Successfully Completed, Status, Successfully Completed, Status, Successfully Completed, Status, Successfully Completed, Status, Successfully Completed, Status, Successfully Completed, Status, Successfully Completed, Status, Successfully Completed, Status, Successfully Completed, Status, Successfully Completed, Status, Successfully Completed, Status, Successfully Completed, Status, Successfully Completed, Status, Successfully Completed, Status, Successfully Completed, Status, Successfully Completed, Status, Successfully Completed, Status, Successfully Completed, Status, Successfully Completed, Status, Successfully Completed, Status, Successfully Completed, Status, Successfully Completed, Status, Successfully Completed, Status, Successfully Completed, Status, Successfully Completed, Status, Successfully Completed, Status, Successfully Completed, Status, Successfully Completed, Status, Successfully Completed, Status, Successfully Completed, Status, Successfully Completed, Status, Successfully Completed, Status, Successfully Completed, Status, Successfully Completed, Status, Successfully Completed, Status, Successfully Completed, Status, Successfully Completed, Status, Successfully Completed, Status, Successfully Completed, Status, Successfully Completed, Status, Successfully Completed, Status, Successfully Completed, Status, Successfully Completed, Status, Successfully Completed, Status, Successfully Completed, Status, Successfully Completed, Status, Successfully Completed, Status, Successfully Completed, Status, Successfully Completed, Status, Successfully Completed, Status, Successfully Completed, Status, Successfully Completed, Status, Successfully Completed, Status, Successfully Completed, Status, Successfully Completed, Status, Successfully Completed, Status, Successfully Completed, Status, Successfully Completed, Status, Successfully Completed, Status, Successfully Completed, Status, Successfully Completed, Status, Successfully Completed, Status, Successfully Completed, Status, Successfully Completed, Status, Successfully Completed, Status, Successfully Completed, Status, Successfully Completed, Status, Successfully Completed, Status, Successfully Completed, Status, Successfully Completed, Status, Successfully Completed, Status, Successfully Completed, Status, Successfully Completed, Status, Successfully Completed, Status, Successfully Completed, Status, Successfully Completed, Status, Successfully Completed, Status, Successfully Completed, Status, Successfully Completed, Status, Successfully Completed, Status, Successfully Completed, Status, Successfully Completed, Status, Successfully Completed, Status, Successfully Completed, Status, Successfully Completed, Status, Successfully Completed, Status, Successfully Completed, Status, Successfully Completed, Status, Successfully Completed, Status, Successfully Completed, Status, Successfully Completed, Status, Successfully Completed, Status, Successfully Completed, Status, Successfully Completed, Status, Successfully Completed, Status, Successfully Completed, Status, Successfully Completed, Status, Successfully Completed, Status, Successfully Completed, Status, Successfully Completed, Status, Successfully Completed, Status, Successfully Completed, Status, Successfully Completed, Status, Successfully Completed, Status, Successfully Completed, Status, Successfully Completed, Status, Successfully Completed, Status, Successfully Completed, Status, Successfully Completed, Status, Successfully Completed, Status, Successfully Completed, Status, Successfully Completed, Status, Successfully Completed, Status, Successfully Completed, Status, Successfully Completed, Status, Successfully Completed, Status, Successfully Completed, Status, Successfully Completed, Status, Successfully Completed, Status, Successfully Completed, Status, Successfully Completed, Status, Successfully Completed, Status, Successfully Completed, Status, Successfully Completed, Status, Successfully Completed, Status, Successfully Completed, Status, Successfully Completed, Status, Successfully Completed, Status, Successfully Completed, Status, Successfully Completed, Status, Successfully Completed, Status, Successfully Completed, Status, Successfully Completed, Status, Successfully Completed, Status]
[neelback4more@gmail.com, Subho1991*, Status, Successfully Completed, Status, Successfully Completed, Status, Successfully Completed, Status, Successfully Completed, Status, Successfully Completed, Status, Successfully Completed, Status, Successfully Completed, Status, Successfully Completed, Status, Successfully Completed, Status, Successfully Completed, Status, Successfully Completed, Status, Successfully Completed, Status, Successfully Completed, Status, Successfully Completed, Status, Successfully Completed, Status, Successfully Completed, Status, Successfully Completed, Status, Successfully Completed, Status, Successfully Completed, Status, Successfully Completed, Status, Successfully Completed, Status, Successfully Completed, Status, Successfully Completed, Status, Successfully Completed, Status, Successfully Completed, Status, Successfully Completed, Status, Successfully Completed, Status, Successfully Completed, Status, Successfully Completed, Status, Successfully Completed, Status, Successfully Completed, Status, Successfully Completed, Status, Successfully Completed, Status, Successfully Completed, Status, Successfully Completed, Status, Successfully Completed, Status, Successfully Completed, Status, Successfully Completed, Status, Successfully Completed, Status, Successfully Completed, Status, Successfully Completed, Status, Successfully Completed, Status, Successfully Completed, Status, Successfully Completed, Status, Successfully Completed, Status, Successfully Completed, Status, Successfully Completed, Status, Successfully Completed, Status, Successfully Completed, Status, Successfully Completed, Status, Successfully Completed, Status, Successfully Completed, Status, Successfully Completed, Status, Successfully Completed, Status, Successfully Completed, Status, Successfully Completed, Status, Successfully Completed, Status, Successfully Completed, Status, Successfully Completed, Status, Successfully Completed, Status, Successfully Completed, Status, Successfully Completed, Status, Successfully Completed, Status, Successfully Completed, Status, Successfully Completed, Status, Successfully Completed, Status, Successfully Completed, Status, Successfully Completed, Status, Successfully Completed, Status, Successfully Completed, Status, Successfully Completed, Status, Successfully Completed, Status, Successfully Completed, Status, Successfully Completed, Status, Successfully Completed, Status, Successfully Completed, Status, Successfully Completed, Status, Successfully Completed, Status, Successfully Completed, Status, Successfully Completed, Status, Successfully Completed, Status, Successfully Completed, Status, Successfully Completed, Status, Successfully Completed, Status, Successfully Completed, Status, Successfully Completed, Status, Successfully Completed, Status, Successfully Completed, Status, Successfully Completed, Status, Successfully Completed, Status, Successfully Completed, Status, Successfully Completed, Status, Successfully Completed, Status, Successfully Completed, Status, Successfully Completed, Status, Successfully Completed, Status, Successfully Completed, Status, Successfully Completed, Status, Successfully Completed, Status, Successfully Completed, Status, Successfully Completed, Status, Successfully Completed, Status, Successfully Completed, Status, Successfully Completed, Status, Successfully Completed, Status, Successfully Completed, Status, Successfully Completed, Status, Successfully Completed, Status, Successfully Completed, Status, Successfully Completed, Status, Successfully Completed, Status, Successfully Completed, Status, Successfully Completed, Status, Successfully Completed, Status, Successfully Completed, Status, Successfully Completed, Status, Successfully Completed, Status, Successfully Completed, Status, Successfully Completed, Status, Successfully Completed, Status, Successfully Completed, Status, Successfully Completed, Status, Successfully Completed, Status, Successfully Completed, Status, Successfully Completed, Status, Successfully Completed, Status, Successfully Completed, Status, Successfully Completed, Status, Successfully Completed, Status, Successfully Completed, Status, Successfully Completed, Status, Successfully Completed, Status, Successfully Completed, Status, Successfully Completed, Status, Successfully Completed, Status, Successfully Completed, Status, Successfully Completed, Status, Successfully Completed, Status, Successfully Completed, Status, Successfully Completed, Status, Successfully Completed, Status, Successfully Completed, Status, Successfully Completed, Status, Successfully Completed, Status, Successfully Completed, Status, Successfully Completed, Status, Successfully Completed, Status, Successfully Completed, Status, Successfully Completed, Status, Successfully Completed, Status, Successfully Completed, Status, Successfully Completed, Status, Successfully Completed, Status, Successfully Completed, Status, Successfully Completed, Status, Successfully Completed, Status, Successfully Completed, Status, Successfully Completed, Status, Successfully Completed, Status, Successfully Completed, Status, Successfully Completed, Status, Successfully Completed, Status, Successfully Completed, Status, Successfully Completed, Status, Successfully Completed, Status, Successfully Completed, Status, Successfully Completed, Status, Successfully Completed, Status, Successfully Completed, Status, Successfully Completed, Status, Successfully Completed, Status, Successfully Completed, Status, Successfully Completed, Status, Successfully Completed, Status, Successfully Completed, Status, Successfully Completed, Status, Successfully Completed, Status, Successfully Completed, Status, Successfully Completed, Status, Successfully Completed, Status, Successfully Completed, Status, Successfully Completed, Status, Successfully Completed, Status, Successfully Completed, Status, Successfully Completed, Status, Successfully Completed, Status, Successfully Completed, Status, Successfully Completed, Status, Successfully Completed, Status, Successfully Completed, Status, Successfully Completed, Status, Successfully Completed, Status, Successfully Completed, Status, Successfully Completed, Status, Successfully Completed, Status, Successfully Completed, Status, Successfully Completed, Status, Successfully Completed, Status, Successfully Completed, Status, Successfully Completed, Status, Successfully Completed, Status, Successfully Completed, Status, Successfully Completed, Status, Successfully Completed, Status, Successfully Completed, Status, Successfully Completed, Status, Successfully Completed, Status, Successfully Completed, Status, Successfully Completed, Status, Successfully Completed, Status, Successfully Completed, Status, Successfully Completed, Status, Successfully Completed, Status, Successfully Completed, Status, Successfully Completed, Status, Successfully Completed, Status, Successfully Completed, Status, Successfully Completed, Status, Successfully Completed, Status, Successfully Completed, Status, Successfully Completed, Status, Successfully Completed, Status, Successfully Completed, Status, Successfully Completed, Status, Successfully Completed, Status, Successfully Completed, Status, Successfully Completed, Status, Successfully Completed, Status, Successfully Completed, Status, Successfully Completed, Status, Successfully Completed, Status, Successfully Completed, Status, Successfully Completed, Status, Successfully Completed, Status, Successfully Completed, Status, Successfully Completed, Status, Successfully Completed, Status, Successfully Completed, Status, Successfully Completed, Status, Successfully Completed, Status, Successfully Completed, Status, Successfully Completed, Status, Successfully Completed, Status, Successfully Completed, Status, Successfully Completed, Status, Successfully Completed, Status, Successfully Completed, Status, Successfully Completed, Status, Successfully Completed, Status, Successfully Completed, Status, Successfully Completed, Status, Successfully Completed, Status, Successfully Completed, Status, Successfully Completed, Status, Successfully Completed, Status, Successfully Completed, Status, Successfully Completed, Status, Successfully Completed, Status, Successfully Completed, Status, Successfully Completed, Status, Successfully Completed, Status, Successfully Completed, Status, Successfully Completed, Status, Successfully Completed, Status, Successfully Completed, Status, Successfully Completed, Status, Successfully Completed, Status, Successfully Completed, Status, Successfully Completed, Status, Successfully Completed, Status, Successfully Completed, Status, Successfully Completed, Status, Successfully Completed, Status, Successfully Completed, Status, Successfully Completed, Status, Successfully Completed, Status, Successfully Completed, Status, Successfully Completed, Status, Successfully Completed, Status, Successfully Completed, Status, Successfully Completed, Status, Successfully Completed, Status, Successfully Completed, Status, Successfully Completed, Status, Successfully Completed]
[neelback4more@gmail.com, Subho1991*, Status, Successfully Completed, Status, Successfully Completed, Status, Successfully Completed, Status, Successfully Completed, Status, Successfully Completed, Status, Successfully Completed, Status, Successfully Completed, Status, Successfully Completed, Status, Successfully Completed, Status, Successfully Completed, Status, Successfully Completed, Status, Successfully Completed, Status, Successfully Completed, Status, Successfully Completed, Status, Successfully Completed, Status, Successfully Completed, Status, Successfully Completed, Status, Successfully Completed, Status, Successfully Completed, Status, Successfully Completed, Status, Successfully Completed, Status, Successfully Completed, Status, Successfully Completed, Status, Successfully Completed, Status, Successfully Completed, Status, Successfully Completed, Status, Successfully Completed, Status, Successfully Completed, Status, Successfully Completed, Status, Successfully Completed, Status, Successfully Completed, Status, Successfully Completed, Status, Successfully Completed, Status, Successfully Completed, Status, Successfully Completed, Status, Successfully Completed, Status, Successfully Completed, Status, Successfully Completed, Status, Successfully Completed, Status, Successfully Completed, Status, Successfully Completed, Status, Successfully Completed, Status, Successfully Completed, Status, Successfully Completed, Status, Successfully Completed, Status, Successfully Completed, Status, Successfully Completed, Status, Successfully Completed, Status, Successfully Completed, Status, Successfully Completed, Status, Successfully Completed, Status, Successfully Completed, Status, Successfully Completed, Status, Successfully Completed, Status, Successfully Completed, Status, Successfully Completed, Status, Successfully Completed, Status, Successfully Completed, Status, Successfully Completed, Status, Successfully Completed, Status, Successfully Completed, Status, Successfully Completed, Status, Successfully Completed, Status, Successfully Completed, Status, Successfully Completed, Status, Successfully Completed, Status, Successfully Completed, Status, Successfully Completed, Status, Successfully Completed, Status, Successfully Completed, Status, Successfully Completed, Status, Successfully Completed, Status, Successfully Completed, Status, Successfully Completed, Status, Successfully Completed, Status, Successfully Completed, Status, Successfully Completed, Status, Successfully Completed, Status, Successfully Completed, Status, Successfully Completed, Status, Successfully Completed, Status, Successfully Completed, Status, Successfully Completed, Status, Successfully Completed, Status, Successfully Completed, Status, Successfully Completed, Status, Successfully Completed, Status, Successfully Completed, Status, Successfully Completed, Status, Successfully Completed, Status, Successfully Completed, Status, Successfully Completed, Status, Successfully Completed, Status, Successfully Completed, Status, Successfully Completed, Status, Successfully Completed, Status, Successfully Completed, Status, Successfully Completed, Status, Successfully Completed, Status, Successfully Completed, Status, Successfully Completed, Status, Successfully Completed, Status, Successfully Completed, Status, Successfully Completed, Status, Successfully Completed, Status, Successfully Completed, Status, Successfully Completed, Status, Successfully Completed, Status, Successfully Completed, Status, Successfully Completed, Status, Successfully Completed, Status, Successfully Completed, Status, Successfully Completed, Status, Successfully Completed, Status, Successfully Completed, Status, Successfully Completed, Status, Successfully Completed, Status, Successfully Completed, Status, Successfully Completed, Status, Successfully Completed, Status, Successfully Completed, Status, Successfully Completed, Status, Successfully Completed, Status, Successfully Completed, Status, Successfully Completed, Status, Successfully Completed, Status, Successfully Completed, Status, Successfully Completed, Status, Successfully Completed, Status, Successfully Completed, Status, Successfully Completed, Status, Successfully Completed, Status, Successfully Completed, Status, Successfully Completed, Status, Successfully Completed, Status, Successfully Completed, Status, Successfully Completed, Status, Successfully Completed, Status, Successfully Completed, Status, Successfully Completed, Status, Successfully Completed, Status, Successfully Completed, Status, Successfully Completed, Status, Successfully Completed, Status, Successfully Completed, Status, Successfully Completed, Status, Successfully Completed, Status, Successfully Completed, Status, Successfully Completed, Status, Successfully Completed, Status, Successfully Completed, Status, Successfully Completed, Status, Successfully Completed, Status, Successfully Completed, Status, Successfully Completed, Status, Successfully Completed, Status, Successfully Completed, Status, Successfully Completed, Status, Successfully Completed, Status, Successfully Completed, Status, Successfully Completed, Status, Successfully Completed, Status, Successfully Completed, Status, Successfully Completed, Status, Successfully Completed, Status, Successfully Completed, Status, Successfully Completed, Status, Successfully Completed, Status, Successfully Completed, Status, Successfully Completed, Status, Successfully Completed, Status, Successfully Completed, Status, Successfully Completed, Status, Successfully Completed, Status, Successfully Completed, Status, Successfully Completed, Status, Successfully Completed, Status, Successfully Completed, Status, Successfully Completed, Status, Successfully Completed, Status, Successfully Completed, Status, Successfully Completed, Status, Successfully Completed, Status, Successfully Completed, Status, Successfully Completed, Status, Successfully Completed, Status, Successfully Completed, Status, Successfully Completed, Status, Successfully Completed, Status, Successfully Completed, Status, Successfully Completed, Status, Successfully Completed, Status, Successfully Completed, Status, Successfully Completed, Status, Successfully Completed, Status, Successfully Completed, Status, Successfully Completed, Status, Successfully Completed, Status, Successfully Completed, Status, Successfully Completed, Status, Successfully Completed, Status, Successfully Completed, Status, Successfully Completed, Status, Successfully Completed, Status, Successfully Completed, Status, Successfully Completed, Status, Successfully Completed, Status, Successfully Completed, Status, Successfully Completed, Status, Successfully Completed, Status, Successfully Completed, Status, Successfully Completed, Status, Successfully Completed, Status, Successfully Completed, Status, Successfully Completed, Status, Successfully Completed, Status, Successfully Completed, Status, Successfully Completed, Status, Successfully Completed, Status, Successfully Completed, Status, Successfully Completed, Status, Successfully Completed, Status, Successfully Completed, Status, Successfully Completed, Status, Successfully Completed, Status, Successfully Completed, Status, Successfully Completed, Status, Successfully Completed, Status, Successfully Completed, Status, Successfully Completed, Status, Successfully Completed, Status, Successfully Completed, Status, Successfully Completed, Status, Successfully Completed, Status, Successfully Completed, Status, Successfully Completed, Status, Successfully Completed, Status, Successfully Completed, Status, Successfully Completed, Status, Successfully Completed, Status, Successfully Completed, Status, Successfully Completed, Status, Successfully Completed, Status, Successfully Completed, Status, Successfully Completed, Status, Successfully Completed, Status, Successfully Completed, Status, Successfully Completed, Status, Successfully Completed, Status, Successfully Completed, Status, Successfully Completed, Status, Successfully Completed, Status, Successfully Completed, Status, Successfully Completed, Status, Successfully Completed, Status, Successfully Completed, Status, Successfully Completed, Status, Successfully Completed, Status, Successfully Completed, Status, Successfully Completed, Status, Successfully Completed, Status, Successfully Completed, Status, Successfully Completed, Status, Successfully Completed, Status, Successfully Completed, Status, Successfully Completed, Status, Successfully Completed, Status, Successfully Completed, Status, Successfully Completed, Status, Successfully Completed, Status, Successfully Completed, Status, Successfully Completed, Status, Successfully Completed, Status, Successfully Completed, Status, Successfully Completed, Status, Successfully Completed, Status, Successfully Completed, Status, Successfully Completed, Status, Successfully Completed, Status, Successfully Completed, Status, Successfully Completed, Status, Successfully Completed, Status, Successfully Completed, Status, Successfully Completed, Status, Successfully Completed, Status]
[neelback4more@gmail.com, Subho1991*, Status, Successfully Completed, Status, Successfully Completed, Status, Successfully Completed, Status, Successfully Completed, Status, Successfully Completed, Status, Successfully Completed, Status, Successfully Completed, Status, Successfully Completed, Status, Successfully Completed, Status, Successfully Completed, Status, Successfully Completed, Status, Successfully Completed, Status, Successfully Completed, Status, Successfully Completed, Status, Successfully Completed, Status, Successfully Completed, Status, Successfully Completed, Status, Successfully Completed, Status, Successfully Completed, Status, Successfully Completed, Status, Successfully Completed, Status, Successfully Completed, Status, Successfully Completed, Status, Successfully Completed, Status, Successfully Completed, Status, Successfully Completed, Status, Successfully Completed, Status, Successfully Completed, Status, Successfully Completed, Status, Successfully Completed, Status, Successfully Completed, Status, Successfully Completed, Status, Successfully Completed, Status, Successfully Completed, Status, Successfully Completed, Status, Successfully Completed, Status, Successfully Completed, Status, Successfully Completed, Status, Successfully Completed, Status, Successfully Completed, Status, Successfully Completed, Status, Successfully Completed, Status, Successfully Completed, Status, Successfully Completed, Status, Successfully Completed, Status, Successfully Completed, Status, Successfully Completed, Status, Successfully Completed, Status, Successfully Completed, Status, Successfully Completed, Status, Successfully Completed, Status, Successfully Completed, Status, Successfully Completed, Status, Successfully Completed, Status, Successfully Completed, Status, Successfully Completed, Status, Successfully Completed, Status, Successfully Completed, Status, Successfully Completed, Status, Successfully Completed, Status, Successfully Completed, Status, Successfully Completed, Status, Successfully Completed, Status, Successfully Completed, Status, Successfully Completed, Status, Successfully Completed, Status, Successfully Completed, Status, Successfully Completed, Status, Successfully Completed, Status, Successfully Completed, Status, Successfully Completed, Status, Successfully Completed, Status, Successfully Completed, Status, Successfully Completed, Status, Successfully Completed, Status, Successfully Completed, Status, Successfully Completed, Status, Successfully Completed, Status, Successfully Completed, Status, Successfully Completed, Status, Successfully Completed, Status, Successfully Completed, Status, Successfully Completed, Status, Successfully Completed, Status, Successfully Completed, Status, Successfully Completed, Status, Successfully Completed, Status, Successfully Completed, Status, Successfully Completed, Status, Successfully Completed, Status, Successfully Completed, Status, Successfully Completed, Status, Successfully Completed, Status, Successfully Completed, Status, Successfully Completed, Status, Successfully Completed, Status, Successfully Completed, Status, Successfully Completed, Status, Successfully Completed, Status, Successfully Completed, Status, Successfully Completed, Status, Successfully Completed, Status, Successfully Completed, Status, Successfully Completed, Status, Successfully Completed, Status, Successfully Completed, Status, Successfully Completed, Status, Successfully Completed, Status, Successfully Completed, Status, Successfully Completed, Status, Successfully Completed, Status, Successfully Completed, Status, Successfully Completed, Status, Successfully Completed, Status, Successfully Completed, Status, Successfully Completed, Status, Successfully Completed, Status, Successfully Completed, Status, Successfully Completed, Status, Successfully Completed, Status, Successfully Completed, Status, Successfully Completed, Status, Successfully Completed, Status, Successfully Completed, Status, Successfully Completed, Status, Successfully Completed, Status, Successfully Completed, Status, Successfully Completed, Status, Successfully Completed, Status, Successfully Completed, Status, Successfully Completed, Status, Successfully Completed, Status, Successfully Completed, Status, Successfully Completed, Status, Successfully Completed, Status, Successfully Completed, Status, Successfully Completed, Status, Successfully Completed, Status, Successfully Completed, Status, Successfully Completed, Status, Successfully Completed, Status, Successfully Completed, Status, Successfully Completed, Status, Successfully Completed, Status, Successfully Completed, Status, Successfully Completed, Status, Successfully Completed, Status, Successfully Completed, Status, Successfully Completed, Status, Successfully Completed, Status, Successfully Completed, Status, Successfully Completed, Status, Successfully Completed, Status, Successfully Completed, Status, Successfully Completed, Status, Successfully Completed, Status, Successfully Completed, Status, Successfully Completed, Status, Successfully Completed, Status, Successfully Completed, Status, Successfully Completed, Status, Successfully Completed, Status, Successfully Completed, Status, Successfully Completed, Status, Successfully Completed, Status, Successfully Completed, Status, Successfully Completed, Status, Successfully Completed, Status, Successfully Completed, Status, Successfully Completed, Status, Successfully Completed, Status, Successfully Completed, Status, Successfully Completed, Status, Successfully Completed, Status, Successfully Completed, Status, Successfully Completed, Status, Successfully Completed, Status, Successfully Completed, Status, Successfully Completed, Status, Successfully Completed, Status, Successfully Completed, Status, Successfully Completed, Status, Successfully Completed, Status, Successfully Completed, Status, Successfully Completed, Status, Successfully Completed, Status, Successfully Completed, Status, Successfully Completed, Status, Successfully Completed, Status, Successfully Completed, Status, Successfully Completed, Status, Successfully Completed, Status, Successfully Completed, Status, Successfully Completed, Status, Successfully Completed, Status, Successfully Completed, Status, Successfully Completed, Status, Successfully Completed, Status, Successfully Completed, Status, Successfully Completed, Status, Successfully Completed, Status, Successfully Completed, Status, Successfully Completed, Status, Successfully Completed, Status, Successfully Completed, Status, Successfully Completed, Status, Successfully Completed, Status, Successfully Completed, Status, Successfully Completed, Status, Successfully Completed, Status, Successfully Completed, Status, Successfully Completed, Status, Successfully Completed, Status, Successfully Completed, Status, Successfully Completed, Status, Successfully Completed, Status, Successfully Completed, Status, Successfully Completed, Status, Successfully Completed, Status, Successfully Completed, Status, Successfully Completed, Status, Successfully Completed, Status, Successfully Completed, Status, Successfully Completed, Status, Successfully Completed, Status, Successfully Completed, Status, Successfully Completed, Status, Successfully Completed, Status, Successfully Completed, Status, Successfully Completed, Status, Successfully Completed, Status, Successfully Completed, Status, Successfully Completed, Status, Successfully Completed, Status, Successfully Completed, Status, Successfully Completed, Status, Successfully Completed, Status, Successfully Completed, Status, Successfully Completed, Status, Successfully Completed, Status, Successfully Completed, Status, Successfully Completed, Status, Successfully Completed, Status, Successfully Completed, Status, Successfully Completed, Status, Successfully Completed, Status, Successfully Completed, Status, Successfully Completed, Status, Successfully Completed, Status, Successfully Completed, Status, Successfully Completed, Status, Successfully Completed, Status, Successfully Completed, Status, Successfully Completed, Status, Successfully Completed, Status, Successfully Completed, Status, Successfully Completed, Status, Successfully Completed, Status, Successfully Completed, Status, Successfully Completed, Status, Successfully Completed, Status, Successfully Completed, Status, Successfully Completed, Status, Successfully Completed, Status, Successfully Completed, Status, Successfully Completed, Status, Successfully Completed, Status, Successfully Completed, Status, Successfully Completed, Status, Successfully Completed, Status, Successfully Completed, Status, Successfully Completed, Status, Successfully Completed, Status, Successfully Completed, Status, Successfully Completed, Status, Successfully Completed, Status, Successfully Completed, Status, Successfully Completed, Status, Successfully Completed, Status, Successfully Completed, Status, Successfully Completed, Status, Successfully Completed, Status, Successfully Completed, Status, Successfully Completed, Status, Successfully Completed, Status, Successfully Completed]
[neelback4more@gmail.com, Subho1991*, Status, Successfully Completed, Status, Successfully Completed, Status, Successfully Completed, Status, Successfully Completed, Status, Successfully Completed, Status, Successfully Completed, Status, Successfully Completed, Status, Successfully Completed, Status, Successfully Completed, Status, Successfully Completed, Status, Successfully Completed, Status, Successfully Completed, Status, Successfully Completed, Status, Successfully Completed, Status, Successfully Completed, Status, Successfully Completed, Status, Successfully Completed, Status, Successfully Completed, Status, Successfully Completed, Status, Successfully Completed, Status, Successfully Completed, Status, Successfully Completed, Status, Successfully Completed, Status, Successfully Completed, Status, Successfully Completed, Status, Successfully Completed, Status, Successfully Completed, Status, Successfully Completed, Status, Successfully Completed, Status, Successfully Completed, Status, Successfully Completed, Status, Successfully Completed, Status, Successfully Completed, Status, Successfully Completed, Status, Successfully Completed, Status, Successfully Completed, Status, Successfully Completed, Status, Successfully Completed, Status, Successfully Completed, Status, Successfully Completed, Status, Successfully Completed, Status, Successfully Completed, Status, Successfully Completed, Status, Successfully Completed, Status, Successfully Completed, Status, Successfully Completed, Status, Successfully Completed, Status, Successfully Completed, Status, Successfully Completed, Status, Successfully Completed, Status, Successfully Completed, Status, Successfully Completed, Status, Successfully Completed, Status, Successfully Completed, Status, Successfully Completed, Status, Successfully Completed, Status, Successfully Completed, Status, Successfully Completed, Status, Successfully Completed, Status, Successfully Completed, Status, Successfully Completed, Status, Successfully Completed, Status, Successfully Completed, Status, Successfully Completed, Status, Successfully Completed, Status, Successfully Completed, Status, Successfully Completed, Status, Successfully Completed, Status, Successfully Completed, Status, Successfully Completed, Status, Successfully Completed, Status, Successfully Completed, Status, Successfully Completed, Status, Successfully Completed, Status, Successfully Completed, Status, Successfully Completed, Status, Successfully Completed, Status, Successfully Completed, Status, Successfully Completed, Status, Successfully Completed, Status, Successfully Completed, Status, Successfully Completed, Status, Successfully Completed, Status, Successfully Completed, Status, Successfully Completed, Status, Successfully Completed, Status, Successfully Completed, Status, Successfully Completed, Status, Successfully Completed, Status, Successfully Completed, Status, Successfully Completed, Status, Successfully Completed, Status, Successfully Completed, Status, Successfully Completed, Status, Successfully Completed, Status, Successfully Completed, Status, Successfully Completed, Status, Successfully Completed, Status, Successfully Completed, Status, Successfully Completed, Status, Successfully Completed, Status, Successfully Completed, Status, Successfully Completed, Status, Successfully Completed, Status, Successfully Completed, Status, Successfully Completed, Status, Successfully Completed, Status, Successfully Completed, Status, Successfully Completed, Status, Successfully Completed, Status, Successfully Completed, Status, Successfully Completed, Status, Successfully Completed, Status, Successfully Completed, Status, Successfully Completed, Status, Successfully Completed, Status, Successfully Completed, Status, Successfully Completed, Status, Successfully Completed, Status, Successfully Completed, Status, Successfully Completed, Status, Successfully Completed, Status, Successfully Completed, Status, Successfully Completed, Status, Successfully Completed, Status, Successfully Completed, Status, Successfully Completed, Status, Successfully Completed, Status, Successfully Completed, Status, Successfully Completed, Status, Successfully Completed, Status, Successfully Completed, Status, Successfully Completed, Status, Successfully Completed, Status, Successfully Completed, Status, Successfully Completed, Status, Successfully Completed, Status, Successfully Completed, Status, Successfully Completed, Status, Successfully Completed, Status, Successfully Completed, Status, Successfully Completed, Status, Successfully Completed, Status, Successfully Completed, Status, Successfully Completed, Status, Successfully Completed, Status, Successfully Completed, Status, Successfully Completed, Status, Successfully Completed, Status, Successfully Completed, Status, Successfully Completed, Status, Successfully Completed, Status, Successfully Completed, Status, Successfully Completed, Status, Successfully Completed, Status, Successfully Completed, Status, Successfully Completed, Status, Successfully Completed, Status, Successfully Completed, Status, Successfully Completed, Status, Successfully Completed, Status, Successfully Completed, Status, Successfully Completed, Status, Successfully Completed, Status, Successfully Completed, Status, Successfully Completed, Status, Successfully Completed, Status, Successfully Completed, Status, Successfully Completed, Status, Successfully Completed, Status, Successfully Completed, Status, Successfully Completed, Status, Successfully Completed, Status, Successfully Completed, Status, Successfully Completed, Status, Successfully Completed, Status, Successfully Completed, Status, Successfully Completed, Status, Successfully Completed, Status, Successfully Completed, Status, Successfully Completed, Status, Successfully Completed, Status, Successfully Completed, Status, Successfully Completed, Status, Successfully Completed, Status, Successfully Completed, Status, Successfully Completed, Status, Successfully Completed, Status, Successfully Completed, Status, Successfully Completed, Status, Successfully Completed, Status, Successfully Completed, Status, Successfully Completed, Status, Successfully Completed, Status, Successfully Completed, Status, Successfully Completed, Status, Successfully Completed, Status, Successfully Completed, Status, Successfully Completed, Status, Successfully Completed, Status, Successfully Completed, Status, Successfully Completed, Status, Successfully Completed, Status, Successfully Completed, Status, Successfully Completed, Status, Successfully Completed, Status, Successfully Completed, Status, Successfully Completed, Status, Successfully Completed, Status, Successfully Completed, Status, Successfully Completed, Status, Successfully Completed, Status, Successfully Completed, Status, Successfully Completed, Status, Successfully Completed, Status, Successfully Completed, Status, Successfully Completed, Status, Successfully Completed, Status, Successfully Completed, Status, Successfully Completed, Status, Successfully Completed, Status, Successfully Completed, Status, Successfully Completed, Status, Successfully Completed, Status, Successfully Completed, Status, Successfully Completed, Status, Successfully Completed, Status, Successfully Completed, Status, Successfully Completed, Status, Successfully Completed, Status, Successfully Completed, Status, Successfully Completed, Status, Successfully Completed, Status, Successfully Completed, Status, Successfully Completed, Status, Successfully Completed, Status, Successfully Completed, Status, Successfully Completed, Status, Successfully Completed, Status, Successfully Completed, Status, Successfully Completed, Status, Successfully Completed, Status, Successfully Completed, Status, Successfully Completed, Status, Successfully Completed, Status, Successfully Completed, Status, Successfully Completed, Status, Successfully Completed, Status, Successfully Completed, Status, Successfully Completed, Status, Successfully Completed, Status, Successfully Completed, Status, Successfully Completed, Status, Successfully Completed, Status, Successfully Completed, Status, Successfully Completed, Status, Successfully Completed, Status, Successfully Completed, Status, Successfully Completed, Status, Successfully Completed, Status, Successfully Completed, Status, Successfully Completed, Status, Successfully Completed, Status, Successfully Completed, Status, Successfully Completed, Status, Successfully Completed, Status, Successfully Completed, Status, Successfully Completed, Status, Successfully Completed, Status, Successfully Completed, Status, Successfully Completed, Status, Successfully Completed, Status, Successfully Completed, Status, Successfully Completed, Status, Successfully Completed, Status, Successfully Completed, Status, Successfully Completed, Status, Successfully Completed, Status, Successfully Completed, Status, Successfully Completed, Status, Successfully Completed, Status, Successfully Completed, Status, Successfully Completed, Status, Successfully Completed, Status, Successfully Completed, Status, Successfully Completed, Status]
[neelback4more@gmail.com, Subho1991*, Status, Successfully Completed, Status, Successfully Completed, Status, Successfully Completed, Status, Successfully Completed, Status, Successfully Completed, Status, Successfully Completed, Status, Successfully Completed, Status, Successfully Completed, Status, Successfully Completed, Status, Successfully Completed, Status, Successfully Completed, Status, Successfully Completed, Status, Successfully Completed, Status, Successfully Completed, Status, Successfully Completed, Status, Successfully Completed, Status, Successfully Completed, Status, Successfully Completed, Status, Successfully Completed, Status, Successfully Completed, Status, Successfully Completed, Status, Successfully Completed, Status, Successfully Completed, Status, Successfully Completed, Status, Successfully Completed, Status, Successfully Completed, Status, Successfully Completed, Status, Successfully Completed, Status, Successfully Completed, Status, Successfully Completed, Status, Successfully Completed, Status, Successfully Completed, Status, Successfully Completed, Status, Successfully Completed, Status, Successfully Completed, Status, Successfully Completed, Status, Successfully Completed, Status, Successfully Completed, Status, Successfully Completed, Status, Successfully Completed, Status, Successfully Completed, Status, Successfully Completed, Status, Successfully Completed, Status, Successfully Completed, Status, Successfully Completed, Status, Successfully Completed, Status, Successfully Completed, Status, Successfully Completed, Status, Successfully Completed, Status, Successfully Completed, Status, Successfully Completed, Status, Successfully Completed, Status, Successfully Completed, Status, Successfully Completed, Status, Successfully Completed, Status, Successfully Completed, Status, Successfully Completed, Status, Successfully Completed, Status, Successfully Completed, Status, Successfully Completed, Status, Successfully Completed, Status, Successfully Completed, Status, Successfully Completed, Status, Successfully Completed, Status, Successfully Completed, Status, Successfully Completed, Status, Successfully Completed, Status, Successfully Completed, Status, Successfully Completed, Status, Successfully Completed, Status, Successfully Completed, Status, Successfully Completed, Status, Successfully Completed, Status, Successfully Completed, Status, Successfully Completed, Status, Successfully Completed, Status, Successfully Completed, Status, Successfully Completed, Status, Successfully Completed, Status, Successfully Completed, Status, Successfully Completed, Status, Successfully Completed, Status, Successfully Completed, Status, Successfully Completed, Status, Successfully Completed, Status, Successfully Completed, Status, Successfully Completed, Status, Successfully Completed, Status, Successfully Completed, Status, Successfully Completed, Status, Successfully Completed, Status, Successfully Completed, Status, Successfully Completed, Status, Successfully Completed, Status, Successfully Completed, Status, Successfully Completed, Status, Successfully Completed, Status, Successfully Completed, Status, Successfully Completed, Status, Successfully Completed, Status, Successfully Completed, Status, Successfully Completed, Status, Successfully Completed, Status, Successfully Completed, Status, Successfully Completed, Status, Successfully Completed, Status, Successfully Completed, Status, Successfully Completed, Status, Successfully Completed, Status, Successfully Completed, Status, Successfully Completed, Status, Successfully Completed, Status, Successfully Completed, Status, Successfully Completed, Status, Successfully Completed, Status, Successfully Completed, Status, Successfully Completed, Status, Successfully Completed, Status, Successfully Completed, Status, Successfully Completed, Status, Successfully Completed, Status, Successfully Completed, Status, Successfully Completed, Status, Successfully Completed, Status, Successfully Completed, Status, Successfully Completed, Status, Successfully Completed, Status, Successfully Completed, Status, Successfully Completed, Status, Successfully Completed, Status, Successfully Completed, Status, Successfully Completed, Status, Successfully Completed, Status, Successfully Completed, Status, Successfully Completed, Status, Successfully Completed, Status, Successfully Completed, Status, Successfully Completed, Status, Successfully Completed, Status, Successfully Completed, Status, Successfully Completed, Status, Successfully Completed, Status, Successfully Completed, Status, Successfully Completed, Status, Successfully Completed, Status, Successfully Completed, Status, Successfully Completed, Status, Successfully Completed, Status, Successfully Completed, Status, Successfully Completed, Status, Successfully Completed, Status, Successfully Completed, Status, Successfully Completed, Status, Successfully Completed, Status, Successfully Completed, Status, Successfully Completed, Status, Successfully Completed, Status, Successfully Completed, Status, Successfully Completed, Status, Successfully Completed, Status, Successfully Completed, Status, Successfully Completed, Status, Successfully Completed, Status, Successfully Completed, Status, Successfully Completed, Status, Successfully Completed, Status, Successfully Completed, Status, Successfully Completed, Status, Successfully Completed, Status, Successfully Completed, Status, Successfully Completed, Status, Successfully Completed, Status, Successfully Completed, Status, Successfully Completed, Status, Successfully Completed, Status, Successfully Completed, Status, Successfully Completed, Status, Successfully Completed, Status, Successfully Completed, Status, Successfully Completed, Status, Successfully Completed, Status, Successfully Completed, Status, Successfully Completed, Status, Successfully Completed, Status, Successfully Completed, Status, Successfully Completed, Status, Successfully Completed, Status, Successfully Completed, Status, Successfully Completed, Status, Successfully Completed, Status, Successfully Completed, Status, Successfully Completed, Status, Successfully Completed, Status, Successfully Completed, Status, Successfully Completed, Status, Successfully Completed, Status, Successfully Completed, Status, Successfully Completed, Status, Successfully Completed, Status, Successfully Completed, Status, Successfully Completed, Status, Successfully Completed, Status, Successfully Completed, Status, Successfully Completed, Status, Successfully Completed, Status, Successfully Completed, Status, Successfully Completed, Status, Successfully Completed, Status, Successfully Completed, Status, Successfully Completed, Status, Successfully Completed, Status, Successfully Completed, Status, Successfully Completed, Status, Successfully Completed, Status, Successfully Completed, Status, Successfully Completed, Status, Successfully Completed, Status, Successfully Completed, Status, Successfully Completed, Status, Successfully Completed, Status, Successfully Completed, Status, Successfully Completed, Status, Successfully Completed, Status, Successfully Completed, Status, Successfully Completed, Status, Successfully Completed, Status, Successfully Completed, Status, Successfully Completed, Status, Successfully Completed, Status, Successfully Completed, Status, Successfully Completed, Status, Successfully Completed, Status, Successfully Completed, Status, Successfully Completed, Status, Successfully Completed, Status, Successfully Completed, Status, Successfully Completed, Status, Successfully Completed, Status, Successfully Completed, Status, Successfully Completed, Status, Successfully Completed, Status, Successfully Completed, Status, Successfully Completed, Status, Successfully Completed, Status, Successfully Completed, Status, Successfully Completed, Status, Successfully Completed, Status, Successfully Completed, Status, Successfully Completed, Status, Successfully Completed, Status, Successfully Completed, Status, Successfully Completed, Status, Successfully Completed, Status, Successfully Completed, Status, Successfully Completed, Status, Successfully Completed, Status, Successfully Completed, Status, Successfully Completed, Status, Successfully Completed, Status, Successfully Completed, Status, Successfully Completed, Status, Successfully Completed, Status, Successfully Completed, Status, Successfully Completed, Status, Successfully Completed, Status, Successfully Completed, Status, Successfully Completed, Status, Successfully Completed, Status, Successfully Completed, Status, Successfully Completed, Status, Successfully Completed, Status, Successfully Completed, Status, Successfully Completed, Status, Successfully Completed, Status, Successfully Completed, Status, Successfully Completed, Status, Successfully Completed, Status, Successfully Completed, Status, Successfully Completed, Status, Successfully Completed, Status, Successfully Completed, Status, Successfully Completed, Status, Successfully Completed, Status, Successfully Completed, Status, Successfully Completed, Status, Successfully Completed, Status, Successfully Completed]
[neelback4more@gmail.com, Subho1991*, Status, Successfully Completed, Status, Successfully Completed, Status, Successfully Completed, Status, Successfully Completed, Status, Successfully Completed, Status, Successfully Completed, Status, Successfully Completed, Status, Successfully Completed, Status, Successfully Completed, Status, Successfully Completed, Status, Successfully Completed, Status, Successfully Completed, Status, Successfully Completed, Status, Successfully Completed, Status, Successfully Completed, Status, Successfully Completed, Status, Successfully Completed, Status, Successfully Completed, Status, Successfully Completed, Status, Successfully Completed, Status, Successfully Completed, Status, Successfully Completed, Status, Successfully Completed, Status, Successfully Completed, Status, Successfully Completed, Status, Successfully Completed, Status, Successfully Completed, Status, Successfully Completed, Status, Successfully Completed, Status, Successfully Completed, Status, Successfully Completed, Status, Successfully Completed, Status, Successfully Completed, Status, Successfully Completed, Status, Successfully Completed, Status, Successfully Completed, Status, Successfully Completed, Status, Successfully Completed, Status, Successfully Completed, Status, Successfully Completed, Status, Successfully Completed, Status, Successfully Completed, Status, Successfully Completed, Status, Successfully Completed, Status, Successfully Completed, Status, Successfully Completed, Status, Successfully Completed, Status, Successfully Completed, Status, Successfully Completed, Status, Successfully Completed, Status, Successfully Completed, Status, Successfully Completed, Status, Successfully Completed, Status, Successfully Completed, Status, Successfully Completed, Status, Successfully Completed, Status, Successfully Completed, Status, Successfully Completed, Status, Successfully Completed, Status, Successfully Completed, Status, Successfully Completed, Status, Successfully Completed, Status, Successfully Completed, Status, Successfully Completed, Status, Successfully Completed, Status, Successfully Completed, Status, Successfully Completed, Status, Successfully Completed, Status, Successfully Completed, Status, Successfully Completed, Status, Successfully Completed, Status, Successfully Completed, Status, Successfully Completed, Status, Successfully Completed, Status, Successfully Completed, Status, Successfully Completed, Status, Successfully Completed, Status, Successfully Completed, Status, Successfully Completed, Status, Successfully Completed, Status, Successfully Completed, Status, Successfully Completed, Status, Successfully Completed, Status, Successfully Completed, Status, Successfully Completed, Status, Successfully Completed, Status, Successfully Completed, Status, Successfully Completed, Status, Successfully Completed, Status, Successfully Completed, Status, Successfully Completed, Status, Successfully Completed, Status, Successfully Completed, Status, Successfully Completed, Status, Successfully Completed, Status, Successfully Completed, Status, Successfully Completed, Status, Successfully Completed, Status, Successfully Completed, Status, Successfully Completed, Status, Successfully Completed, Status, Successfully Completed, Status, Successfully Completed, Status, Successfully Completed, Status, Successfully Completed, Status, Successfully Completed, Status, Successfully Completed, Status, Successfully Completed, Status, Successfully Completed, Status, Successfully Completed, Status, Successfully Completed, Status, Successfully Completed, Status, Successfully Completed, Status, Successfully Completed, Status, Successfully Completed, Status, Successfully Completed, Status, Successfully Completed, Status, Successfully Completed, Status, Successfully Completed, Status, Successfully Completed, Status, Successfully Completed, Status, Successfully Completed, Status, Successfully Completed, Status, Successfully Completed, Status, Successfully Completed, Status, Successfully Completed, Status, Successfully Completed, Status, Successfully Completed, Status, Successfully Completed, Status, Successfully Completed, Status, Successfully Completed, Status, Successfully Completed, Status, Successfully Completed, Status, Successfully Completed, Status, Successfully Completed, Status, Successfully Completed, Status, Successfully Completed, Status, Successfully Completed, Status, Successfully Completed, Status, Successfully Completed, Status, Successfully Completed, Status, Successfully Completed, Status, Successfully Completed, Status, Successfully Completed, Status, Successfully Completed, Status, Successfully Completed, Status, Successfully Completed, Status, Successfully Completed, Status, Successfully Completed, Status, Successfully Completed, Status, Successfully Completed, Status, Successfully Completed, Status, Successfully Completed, Status, Successfully Completed, Status, Successfully Completed, Status, Successfully Completed, Status, Successfully Completed, Status, Successfully Completed, Status, Successfully Completed, Status, Successfully Completed, Status, Successfully Completed, Status, Successfully Completed, Status, Successfully Completed, Status, Successfully Completed, Status, Successfully Completed, Status, Successfully Completed, Status, Successfully Completed, Status, Successfully Completed, Status, Successfully Completed, Status, Successfully Completed, Status, Successfully Completed, Status, Successfully Completed, Status, Successfully Completed, Status, Successfully Completed, Status, Successfully Completed, Status, Successfully Completed, Status, Successfully Completed, Status, Successfully Completed, Status, Successfully Completed, Status, Successfully Completed, Status, Successfully Completed, Status, Successfully Completed, Status, Successfully Completed, Status, Successfully Completed, Status, Successfully Completed, Status, Successfully Completed, Status, Successfully Completed, Status, Successfully Completed, Status, Successfully Completed, Status, Successfully Completed, Status, Successfully Completed, Status, Successfully Completed, Status, Successfully Completed, Status, Successfully Completed, Status, Successfully Completed, Status, Successfully Completed, Status, Successfully Completed, Status, Successfully Completed, Status, Successfully Completed, Status, Successfully Completed, Status, Successfully Completed, Status, Successfully Completed, Status, Successfully Completed, Status, Successfully Completed, Status, Successfully Completed, Status, Successfully Completed, Status, Successfully Completed, Status, Successfully Completed, Status, Successfully Completed, Status, Successfully Completed, Status, Successfully Completed, Status, Successfully Completed, Status, Successfully Completed, Status, Successfully Completed, Status, Successfully Completed, Status, Successfully Completed, Status, Successfully Completed, Status, Successfully Completed, Status, Successfully Completed, Status, Successfully Completed, Status, Successfully Completed, Status, Successfully Completed, Status, Successfully Completed, Status, Successfully Completed, Status, Successfully Completed, Status, Successfully Completed, Status, Successfully Completed, Status, Successfully Completed, Status, Successfully Completed, Status, Successfully Completed, Status, Successfully Completed, Status, Successfully Completed, Status, Successfully Completed, Status, Successfully Completed, Status, Successfully Completed, Status, Successfully Completed, Status, Successfully Completed, Status, Successfully Completed, Status, Successfully Completed, Status, Successfully Completed, Status, Successfully Completed, Status, Successfully Completed, Status, Successfully Completed, Status, Successfully Completed, Status, Successfully Completed, Status, Successfully Completed, Status, Successfully Completed, Status, Successfully Completed, Status, Successfully Completed, Status, Successfully Completed, Status, Successfully Completed, Status, Successfully Completed, Status, Successfully Completed, Status, Successfully Completed, Status, Successfully Completed, Status, Successfully Completed, Status, Successfully Completed, Status, Successfully Completed, Status, Successfully Completed, Status, Successfully Completed, Status, Successfully Completed, Status, Successfully Completed, Status, Successfully Completed, Status, Successfully Completed, Status, Successfully Completed, Status, Successfully Completed, Status, Successfully Completed, Status, Successfully Completed, Status, Successfully Completed, Status, Successfully Completed, Status, Successfully Completed, Status, Successfully Completed, Status, Successfully Completed, Status, Successfully Completed, Status, Successfully Completed, Status, Successfully Completed, Status, Successfully Completed, Status, Successfully Completed, Status, Successfully Completed, Status, Successfully Completed, Status, Successfully Completed, Status, Successfully Completed, Status, Successfully Completed, Status, Successfully Completed, Status, Successfully Completed, Status, Successfully Completed, Status, Successfully Completed, Status]
[neelback4more@gmail.com, Subho1991*, Status, Successfully Completed, Status, Successfully Completed, Status, Successfully Completed, Status, Successfully Completed, Status, Successfully Completed, Status, Successfully Completed, Status, Successfully Completed, Status, Successfully Completed, Status, Successfully Completed, Status, Successfully Completed, Status, Successfully Completed, Status, Successfully Completed, Status, Successfully Completed, Status, Successfully Completed, Status, Successfully Completed, Status, Successfully Completed, Status, Successfully Completed, Status, Successfully Completed, Status, Successfully Completed, Status, Successfully Completed, Status, Successfully Completed, Status, Successfully Completed, Status, Successfully Completed, Status, Successfully Completed, Status, Successfully Completed, Status, Successfully Completed, Status, Successfully Completed, Status, Successfully Completed, Status, Successfully Completed, Status, Successfully Completed, Status, Successfully Completed, Status, Successfully Completed, Status, Successfully Completed, Status, Successfully Completed, Status, Successfully Completed, Status, Successfully Completed, Status, Successfully Completed, Status, Successfully Completed, Status, Successfully Completed, Status, Successfully Completed, Status, Successfully Completed, Status, Successfully Completed, Status, Successfully Completed, Status, Successfully Completed, Status, Successfully Completed, Status, Successfully Completed, Status, Successfully Completed, Status, Successfully Completed, Status, Successfully Completed, Status, Successfully Completed, Status, Successfully Completed, Status, Successfully Completed, Status, Successfully Completed, Status, Successfully Completed, Status, Successfully Completed, Status, Successfully Completed, Status, Successfully Completed, Status, Successfully Completed, Status, Successfully Completed, Status, Successfully Completed, Status, Successfully Completed, Status, Successfully Completed, Status, Successfully Completed, Status, Successfully Completed, Status, Successfully Completed, Status, Successfully Completed, Status, Successfully Completed, Status, Successfully Completed, Status, Successfully Completed, Status, Successfully Completed, Status, Successfully Completed, Status, Successfully Completed, Status, Successfully Completed, Status, Successfully Completed, Status, Successfully Completed, Status, Successfully Completed, Status, Successfully Completed, Status, Successfully Completed, Status, Successfully Completed, Status, Successfully Completed, Status, Successfully Completed, Status, Successfully Completed, Status, Successfully Completed, Status, Successfully Completed, Status, Successfully Completed, Status, Successfully Completed, Status, Successfully Completed, Status, Successfully Completed, Status, Successfully Completed, Status, Successfully Completed, Status, Successfully Completed, Status, Successfully Completed, Status, Successfully Completed, Status, Successfully Completed, Status, Successfully Completed, Status, Successfully Completed, Status, Successfully Completed, Status, Successfully Completed, Status, Successfully Completed, Status, Successfully Completed, Status, Successfully Completed, Status, Successfully Completed, Status, Successfully Completed, Status, Successfully Completed, Status, Successfully Completed, Status, Successfully Completed, Status, Successfully Completed, Status, Successfully Completed, Status, Successfully Completed, Status, Successfully Completed, Status, Successfully Completed, Status, Successfully Completed, Status, Successfully Completed, Status, Successfully Completed, Status, Successfully Completed, Status, Successfully Completed, Status, Successfully Completed, Status, Successfully Completed, Status, Successfully Completed, Status, Successfully Completed, Status, Successfully Completed, Status, Successfully Completed, Status, Successfully Completed, Status, Successfully Completed, Status, Successfully Completed, Status, Successfully Completed, Status, Successfully Completed, Status, Successfully Completed, Status, Successfully Completed, Status, Successfully Completed, Status, Successfully Completed, Status, Successfully Completed, Status, Successfully Completed, Status, Successfully Completed, Status, Successfully Completed, Status, Successfully Completed, Status, Successfully Completed, Status, Successfully Completed, Status, Successfully Completed, Status, Successfully Completed, Status, Successfully Completed, Status, Successfully Completed, Status, Successfully Completed, Status, Successfully Completed, Status, Successfully Completed, Status, Successfully Completed, Status, Successfully Completed, Status, Successfully Completed, Status, Successfully Completed, Status, Successfully Completed, Status, Successfully Completed, Status, Successfully Completed, Status, Successfully Completed, Status, Successfully Completed, Status, Successfully Completed, Status, Successfully Completed, Status, Successfully Completed, Status, Successfully Completed, Status, Successfully Completed, Status, Successfully Completed, Status, Successfully Completed, Status, Successfully Completed, Status, Successfully Completed, Status, Successfully Completed, Status, Successfully Completed, Status, Successfully Completed, Status, Successfully Completed, Status, Successfully Completed, Status, Successfully Completed, Status, Successfully Completed, Status, Successfully Completed, Status, Successfully Completed, Status, Successfully Completed, Status, Successfully Completed, Status, Successfully Completed, Status, Successfully Completed, Status, Successfully Completed, Status, Successfully Completed, Status, Successfully Completed, Status, Successfully Completed, Status, Successfully Completed, Status, Successfully Completed, Status, Successfully Completed, Status, Successfully Completed, Status, Successfully Completed, Status, Successfully Completed, Status, Successfully Completed, Status, Successfully Completed, Status, Successfully Completed, Status, Successfully Completed, Status, Successfully Completed, Status, Successfully Completed, Status, Successfully Completed, Status, Successfully Completed, Status, Successfully Completed, Status, Successfully Completed, Status, Successfully Completed, Status, Successfully Completed, Status, Successfully Completed, Status, Successfully Completed, Status, Successfully Completed, Status, Successfully Completed, Status, Successfully Completed, Status, Successfully Completed, Status, Successfully Completed, Status, Successfully Completed, Status, Successfully Completed, Status, Successfully Completed, Status, Successfully Completed, Status, Successfully Completed, Status, Successfully Completed, Status, Successfully Completed, Status, Successfully Completed, Status, Successfully Completed, Status, Successfully Completed, Status, Successfully Completed, Status, Successfully Completed, Status, Successfully Completed, Status, Successfully Completed, Status, Successfully Completed, Status, Successfully Completed, Status, Successfully Completed, Status, Successfully Completed, Status, Successfully Completed, Status, Successfully Completed, Status, Successfully Completed, Status, Successfully Completed, Status, Successfully Completed, Status, Successfully Completed, Status, Successfully Completed, Status, Successfully Completed, Status, Successfully Completed, Status, Successfully Completed, Status, Successfully Completed, Status, Successfully Completed, Status, Successfully Completed, Status, Successfully Completed, Status, Successfully Completed, Status, Successfully Completed, Status, Successfully Completed, Status, Successfully Completed, Status, Successfully Completed, Status, Successfully Completed, Status, Successfully Completed, Status, Successfully Completed, Status, Successfully Completed, Status, Successfully Completed, Status, Successfully Completed, Status, Successfully Completed, Status, Successfully Completed, Status, Successfully Completed, Status, Successfully Completed, Status, Successfully Completed, Status, Successfully Completed, Status, Successfully Completed, Status, Successfully Completed, Status, Successfully Completed, Status, Successfully Completed, Status, Successfully Completed, Status, Successfully Completed, Status, Successfully Completed, Status, Successfully Completed, Status, Successfully Completed, Status, Successfully Completed, Status, Successfully Completed, Status, Successfully Completed, Status, Successfully Completed, Status, Successfully Completed, Status, Successfully Completed, Status, Successfully Completed, Status, Successfully Completed, Status, Successfully Completed, Status, Successfully Completed, Status, Successfully Completed, Status, Successfully Completed, Status, Successfully Completed, Status, Successfully Completed, Status, Successfully Completed, Status, Successfully Completed, Status, Successfully Completed, Status, Successfully Completed, Status, Successfully Completed, Status, Successfully Completed, Status, Successfully Completed, Status, Successfully Completed, Status, Successfully Completed, Status, Successfully Completed, Status, Successfully Completed]
[neelback4more@gmail.com, Subho1991*, Status, Successfully Completed, Status, Successfully Completed, Status, Successfully Completed, Status, Successfully Completed, Status, Successfully Completed, Status, Successfully Completed, Status, Successfully Completed, Status, Successfully Completed, Status, Successfully Completed, Status, Successfully Completed, Status, Successfully Completed, Status, Successfully Completed, Status, Successfully Completed, Status, Successfully Completed, Status, Successfully Completed, Status, Successfully Completed, Status, Successfully Completed, Status, Successfully Completed, Status, Successfully Completed, Status, Successfully Completed, Status, Successfully Completed, Status, Successfully Completed, Status, Successfully Completed, Status, Successfully Completed, Status, Successfully Completed, Status, Successfully Completed, Status, Successfully Completed, Status, Successfully Completed, Status, Successfully Completed, Status, Successfully Completed, Status, Successfully Completed, Status, Successfully Completed, Status, Successfully Completed, Status, Successfully Completed, Status, Successfully Completed, Status, Successfully Completed, Status, Successfully Completed, Status, Successfully Completed, Status, Successfully Completed, Status, Successfully Completed, Status, Successfully Completed, Status, Successfully Completed, Status, Successfully Completed, Status, Successfully Completed, Status, Successfully Completed, Status, Successfully Completed, Status, Successfully Completed, Status, Successfully Completed, Status, Successfully Completed, Status, Successfully Completed, Status, Successfully Completed, Status, Successfully Completed, Status, Successfully Completed, Status, Successfully Completed, Status, Successfully Completed, Status, Successfully Completed, Status, Successfully Completed, Status, Successfully Completed, Status, Successfully Completed, Status, Successfully Completed, Status, Successfully Completed, Status, Successfully Completed, Status, Successfully Completed, Status, Successfully Completed, Status, Successfully Completed, Status, Successfully Completed, Status, Successfully Completed, Status, Successfully Completed, Status, Successfully Completed, Status, Successfully Completed, Status, Successfully Completed, Status, Successfully Completed, Status, Successfully Completed, Status, Successfully Completed, Status, Successfully Completed, Status, Successfully Completed, Status, Successfully Completed, Status, Successfully Completed, Status, Successfully Completed, Status, Successfully Completed, Status, Successfully Completed, Status, Successfully Completed, Status, Successfully Completed, Status, Successfully Completed, Status, Successfully Completed, Status, Successfully Completed, Status, Successfully Completed, Status, Successfully Completed, Status, Successfully Completed, Status, Successfully Completed, Status, Successfully Completed, Status, Successfully Completed, Status, Successfully Completed, Status, Successfully Completed, Status, Successfully Completed, Status, Successfully Completed, Status, Successfully Completed, Status, Successfully Completed, Status, Successfully Completed, Status, Successfully Completed, Status, Successfully Completed, Status, Successfully Completed, Status, Successfully Completed, Status, Successfully Completed, Status, Successfully Completed, Status, Successfully Completed, Status, Successfully Completed, Status, Successfully Completed, Status, Successfully Completed, Status, Successfully Completed, Status, Successfully Completed, Status, Successfully Completed, Status, Successfully Completed, Status, Successfully Completed, Status, Successfully Completed, Status, Successfully Completed, Status, Successfully Completed, Status, Successfully Completed, Status, Successfully Completed, Status, Successfully Completed, Status, Successfully Completed, Status, Successfully Completed, Status, Successfully Completed, Status, Successfully Completed, Status, Successfully Completed, Status, Successfully Completed, Status, Successfully Completed, Status, Successfully Completed, Status, Successfully Completed, Status, Successfully Completed, Status, Successfully Completed, Status, Successfully Completed, Status, Successfully Completed, Status, Successfully Completed, Status, Successfully Completed, Status, Successfully Completed, Status, Successfully Completed, Status, Successfully Completed, Status, Successfully Completed, Status, Successfully Completed, Status, Successfully Completed, Status, Successfully Completed, Status, Successfully Completed, Status, Successfully Completed, Status, Successfully Completed, Status, Successfully Completed, Status, Successfully Completed, Status, Successfully Completed, Status, Successfully Completed, Status, Successfully Completed, Status, Successfully Completed, Status, Successfully Completed, Status, Successfully Completed, Status, Successfully Completed, Status, Successfully Completed, Status, Successfully Completed, Status, Successfully Completed, Status, Successfully Completed, Status, Successfully Completed, Status, Successfully Completed, Status, Successfully Completed, Status, Successfully Completed, Status, Successfully Completed, Status, Successfully Completed, Status, Successfully Completed, Status, Successfully Completed, Status, Successfully Completed, Status, Successfully Completed, Status, Successfully Completed, Status, Successfully Completed, Status, Successfully Completed, Status, Successfully Completed, Status, Successfully Completed, Status, Successfully Completed, Status, Successfully Completed, Status, Successfully Completed, Status, Successfully Completed, Status, Successfully Completed, Status, Successfully Completed, Status, Successfully Completed, Status, Successfully Completed, Status, Successfully Completed, Status, Successfully Completed, Status, Successfully Completed, Status, Successfully Completed, Status, Successfully Completed, Status, Successfully Completed, Status, Successfully Completed, Status, Successfully Completed, Status, Successfully Completed, Status, Successfully Completed, Status, Successfully Completed, Status, Successfully Completed, Status, Successfully Completed, Status, Successfully Completed, Status, Successfully Completed, Status, Successfully Completed, Status, Successfully Completed, Status, Successfully Completed, Status, Successfully Completed, Status, Successfully Completed, Status, Successfully Completed, Status, Successfully Completed, Status, Successfully Completed, Status, Successfully Completed, Status, Successfully Completed, Status, Successfully Completed, Status, Successfully Completed, Status, Successfully Completed, Status, Successfully Completed, Status, Successfully Completed, Status, Successfully Completed, Status, Successfully Completed, Status, Successfully Completed, Status, Successfully Completed, Status, Successfully Completed, Status, Successfully Completed, Status, Successfully Completed, Status, Successfully Completed, Status, Successfully Completed, Status, Successfully Completed, Status, Successfully Completed, Status, Successfully Completed, Status, Successfully Completed, Status, Successfully Completed, Status, Successfully Completed, Status, Successfully Completed, Status, Successfully Completed, Status, Successfully Completed, Status, Successfully Completed, Status, Successfully Completed, Status, Successfully Completed, Status, Successfully Completed, Status, Successfully Completed, Status, Successfully Completed, Status, Successfully Completed, Status, Successfully Completed, Status, Successfully Completed, Status, Successfully Completed, Status, Successfully Completed, Status, Successfully Completed, Status, Successfully Completed, Status, Successfully Completed, Status, Successfully Completed, Status, Successfully Completed, Status, Successfully Completed, Status, Successfully Completed, Status, Successfully Completed, Status, Successfully Completed, Status, Successfully Completed, Status, Successfully Completed, Status, Successfully Completed, Status, Successfully Completed, Status, Successfully Completed, Status, Successfully Completed, Status, Successfully Completed, Status, Successfully Completed, Status, Successfully Completed, Status, Successfully Completed, Status, Successfully Completed, Status, Successfully Completed, Status, Successfully Completed, Status, Successfully Completed, Status, Successfully Completed, Status, Successfully Completed, Status, Successfully Completed, Status, Successfully Completed, Status, Successfully Completed, Status, Successfully Completed, Status, Successfully Completed, Status, Successfully Completed, Status, Successfully Completed, Status, Successfully Completed, Status, Successfully Completed, Status, Successfully Completed, Status, Successfully Completed, Status, Successfully Completed, Status, Successfully Completed, Status, Successfully Completed, Status, Successfully Completed, Status, Successfully Completed, Status, Successfully Completed, Status, Successfully Completed, Status, Successfully Completed, Status, Successfully Completed, Status, Successfully Completed, Status, Successfully Completed, Status, Successfully Completed, Status]
[neelback4more@gmail.com, Subho1991*, Status, Successfully Completed, Status, Successfully Completed, Status, Successfully Completed, Status, Successfully Completed, Status, Successfully Completed, Status, Successfully Completed, Status, Successfully Completed, Status, Successfully Completed, Status, Successfully Completed, Status, Successfully Completed, Status, Successfully Completed, Status, Successfully Completed, Status, Successfully Completed, Status, Successfully Completed, Status, Successfully Completed, Status, Successfully Completed, Status, Successfully Completed, Status, Successfully Completed, Status, Successfully Completed, Status, Successfully Completed, Status, Successfully Completed, Status, Successfully Completed, Status, Successfully Completed, Status, Successfully Completed, Status, Successfully Completed, Status, Successfully Completed, Status, Successfully Completed, Status, Successfully Completed, Status, Successfully Completed, Status, Successfully Completed, Status, Successfully Completed, Status, Successfully Completed, Status, Successfully Completed, Status, Successfully Completed, Status, Successfully Completed, Status, Successfully Completed, Status, Successfully Completed, Status, Successfully Completed, Status, Successfully Completed, Status, Successfully Completed, Status, Successfully Completed, Status, Successfully Completed, Status, Successfully Completed, Status, Successfully Completed, Status, Successfully Completed, Status, Successfully Completed, Status, Successfully Completed, Status, Successfully Completed, Status, Successfully Completed, Status, Successfully Completed, Status, Successfully Completed, Status, Successfully Completed, Status, Successfully Completed, Status, Successfully Completed, Status, Successfully Completed, Status, Successfully Completed, Status, Successfully Completed, Status, Successfully Completed, Status, Successfully Completed, Status, Successfully Completed, Status, Successfully Completed, Status, Successfully Completed, Status, Successfully Completed, Status, Successfully Completed, Status, Successfully Completed, Status, Successfully Completed, Status, Successfully Completed, Status, Successfully Completed, Status, Successfully Completed, Status, Successfully Completed, Status, Successfully Completed, Status, Successfully Completed, Status, Successfully Completed, Status, Successfully Completed, Status, Successfully Completed, Status, Successfully Completed, Status, Successfully Completed, Status, Successfully Completed, Status, Successfully Completed, Status, Successfully Completed, Status, Successfully Completed, Status, Successfully Completed, Status, Successfully Completed, Status, Successfully Completed, Status, Successfully Completed, Status, Successfully Completed, Status, Successfully Completed, Status, Successfully Completed, Status, Successfully Completed, Status, Successfully Completed, Status, Successfully Completed, Status, Successfully Completed, Status, Successfully Completed, Status, Successfully Completed, Status, Successfully Completed, Status, Successfully Completed, Status, Successfully Completed, Status, Successfully Completed, Status, Successfully Completed, Status, Successfully Completed, Status, Successfully Completed, Status, Successfully Completed, Status, Successfully Completed, Status, Successfully Completed, Status, Successfully Completed, Status, Successfully Completed, Status, Successfully Completed, Status, Successfully Completed, Status, Successfully Completed, Status, Successfully Completed, Status, Successfully Completed, Status, Successfully Completed, Status, Successfully Completed, Status, Successfully Completed, Status, Successfully Completed, Status, Successfully Completed, Status, Successfully Completed, Status, Successfully Completed, Status, Successfully Completed, Status, Successfully Completed, Status, Successfully Completed, Status, Successfully Completed, Status, Successfully Completed, Status, Successfully Completed, Status, Successfully Completed, Status, Successfully Completed, Status, Successfully Completed, Status, Successfully Completed, Status, Successfully Completed, Status, Successfully Completed, Status, Successfully Completed, Status, Successfully Completed, Status, Successfully Completed, Status, Successfully Completed, Status, Successfully Completed, Status, Successfully Completed, Status, Successfully Completed, Status, Successfully Completed, Status, Successfully Completed, Status, Successfully Completed, Status, Successfully Completed, Status, Successfully Completed, Status, Successfully Completed, Status, Successfully Completed, Status, Successfully Completed, Status, Successfully Completed, Status, Successfully Completed, Status, Successfully Completed, Status, Successfully Completed, Status, Successfully Completed, Status, Successfully Completed, Status, Successfully Completed, Status, Successfully Completed, Status, Successfully Completed, Status, Successfully Completed, Status, Successfully Completed, Status, Successfully Completed, Status, Successfully Completed, Status, Successfully Completed, Status, Successfully Completed, Status, Successfully Completed, Status, Successfully Completed, Status, Successfully Completed, Status, Successfully Completed, Status, Successfully Completed, Status, Successfully Completed, Status, Successfully Completed, Status, Successfully Completed, Status, Successfully Completed, Status, Successfully Completed, Status, Successfully Completed, Status, Successfully Completed, Status, Successfully Completed, Status, Successfully Completed, Status, Successfully Completed, Status, Successfully Completed, Status, Successfully Completed, Status, Successfully Completed, Status, Successfully Completed, Status, Successfully Completed, Status, Successfully Completed, Status, Successfully Completed, Status, Successfully Completed, Status, Successfully Completed, Status, Successfully Completed, Status, Successfully Completed, Status, Successfully Completed, Status, Successfully Completed, Status, Successfully Completed, Status, Successfully Completed, Status, Successfully Completed, Status, Successfully Completed, Status, Successfully Completed, Status, Successfully Completed, Status, Successfully Completed, Status, Successfully Completed, Status, Successfully Completed, Status, Successfully Completed, Status, Successfully Completed, Status, Successfully Completed, Status, Successfully Completed, Status, Successfully Completed, Status, Successfully Completed, Status, Successfully Completed, Status, Successfully Completed, Status, Successfully Completed, Status, Successfully Completed, Status, Successfully Completed, Status, Successfully Completed, Status, Successfully Completed, Status, Successfully Completed, Status, Successfully Completed, Status, Successfully Completed, Status, Successfully Completed, Status, Successfully Completed, Status, Successfully Completed, Status, Successfully Completed, Status, Successfully Completed, Status, Successfully Completed, Status, Successfully Completed, Status, Successfully Completed, Status, Successfully Completed, Status, Successfully Completed, Status, Successfully Completed, Status, Successfully Completed, Status, Successfully Completed, Status, Successfully Completed, Status, Successfully Completed, Status, Successfully Completed, Status, Successfully Completed, Status, Successfully Completed, Status, Successfully Completed, Status, Successfully Completed, Status, Successfully Completed, Status, Successfully Completed, Status, Successfully Completed, Status, Successfully Completed, Status, Successfully Completed, Status, Successfully Completed, Status, Successfully Completed, Status, Successfully Completed, Status, Successfully Completed, Status, Successfully Completed, Status, Successfully Completed, Status, Successfully Completed, Status, Successfully Completed, Status, Successfully Completed, Status, Successfully Completed, Status, Successfully Completed, Status, Successfully Completed, Status, Successfully Completed, Status, Successfully Completed, Status, Successfully Completed, Status, Successfully Completed, Status, Successfully Completed, Status, Successfully Completed, Status, Successfully Completed, Status, Successfully Completed, Status, Successfully Completed, Status, Successfully Completed, Status, Successfully Completed, Status, Successfully Completed, Status, Successfully Completed, Status, Successfully Completed, Status, Successfully Completed, Status, Successfully Completed, Status, Successfully Completed, Status, Successfully Completed, Status, Successfully Completed, Status, Successfully Completed, Status, Successfully Completed, Status, Successfully Completed, Status, Successfully Completed, Status, Successfully Completed, Status, Successfully Completed, Status, Successfully Completed, Status, Successfully Completed, Status, Successfully Completed, Status, Successfully Completed, Status, Successfully Completed, Status, Successfully Completed, Status, Successfully Completed, Status, Successfully Completed, Status, Successfully Completed, Status, Successfully Completed, Status, Successfully Completed, Status, Successfully Completed, Status, Successfully Completed, Status, Successfully Completed]
[neelback4more@gmail.com, Subho1991*, Status, Successfully Completed, Status, Successfully Completed, Status, Successfully Completed, Status, Successfully Completed, Status, Successfully Completed, Status, Successfully Completed, Status, Successfully Completed, Status, Successfully Completed, Status, Successfully Completed, Status, Successfully Completed, Status, Successfully Completed, Status, Successfully Completed, Status, Successfully Completed, Status, Successfully Completed, Status, Successfully Completed, Status, Successfully Completed, Status, Successfully Completed, Status, Successfully Completed, Status, Successfully Completed, Status, Successfully Completed, Status, Successfully Completed, Status, Successfully Completed, Status, Successfully Completed, Status, Successfully Completed, Status, Successfully Completed, Status, Successfully Completed, Status, Successfully Completed, Status, Successfully Completed, Status, Successfully Completed, Status, Successfully Completed, Status, Successfully Completed, Status, Successfully Completed, Status, Successfully Completed, Status, Successfully Completed, Status, Successfully Completed, Status, Successfully Completed, Status, Successfully Completed, Status, Successfully Completed, Status, Successfully Completed, Status, Successfully Completed, Status, Successfully Completed, Status, Successfully Completed, Status, Successfully Completed, Status, Successfully Completed, Status, Successfully Completed, Status, Successfully Completed, Status, Successfully Completed, Status, Successfully Completed, Status, Successfully Completed, Status, Successfully Completed, Status, Successfully Completed, Status, Successfully Completed, Status, Successfully Completed, Status, Successfully Completed, Status, Successfully Completed, Status, Successfully Completed, Status, Successfully Completed, Status, Successfully Completed, Status, Successfully Completed, Status, Successfully Completed, Status, Successfully Completed, Status, Successfully Completed, Status, Successfully Completed, Status, Successfully Completed, Status, Successfully Completed, Status, Successfully Completed, Status, Successfully Completed, Status, Successfully Completed, Status, Successfully Completed, Status, Successfully Completed, Status, Successfully Completed, Status, Successfully Completed, Status, Successfully Completed, Status, Successfully Completed, Status, Successfully Completed, Status, Successfully Completed, Status, Successfully Completed, Status, Successfully Completed, Status, Successfully Completed, Status, Successfully Completed, Status, Successfully Completed, Status, Successfully Completed, Status, Successfully Completed, Status, Successfully Completed, Status, Successfully Completed, Status, Successfully Completed, Status, Successfully Completed, Status, Successfully Completed, Status, Successfully Completed, Status, Successfully Completed, Status, Successfully Completed, Status, Successfully Completed, Status, Successfully Completed, Status, Successfully Completed, Status, Successfully Completed, Status, Successfully Completed, Status, Successfully Completed, Status, Successfully Completed, Status, Successfully Completed, Status, Successfully Completed, Status, Successfully Completed, Status, Successfully Completed, Status, Successfully Completed, Status, Successfully Completed, Status, Successfully Completed, Status, Successfully Completed, Status, Successfully Completed, Status, Successfully Completed, Status, Successfully Completed, Status, Successfully Completed, Status, Successfully Completed, Status, Successfully Completed, Status, Successfully Completed, Status, Successfully Completed, Status, Successfully Completed, Status, Successfully Completed, Status, Successfully Completed, Status, Successfully Completed, Status, Successfully Completed, Status, Successfully Completed, Status, Successfully Completed, Status, Successfully Completed, Status, Successfully Completed, Status, Successfully Completed, Status, Successfully Completed, Status, Successfully Completed, Status, Successfully Completed, Status, Successfully Completed, Status, Successfully Completed, Status, Successfully Completed, Status, Successfully Completed, Status, Successfully Completed, Status, Successfully Completed, Status, Successfully Completed, Status, Successfully Completed, Status, Successfully Completed, Status, Successfully Completed, Status, Successfully Completed, Status, Successfully Completed, Status, Successfully Completed, Status, Successfully Completed, Status, Successfully Completed, Status, Successfully Completed, Status, Successfully Completed, Status, Successfully Completed, Status, Successfully Completed, Status, Successfully Completed, Status, Successfully Completed, Status, Successfully Completed, Status, Successfully Completed, Status, Successfully Completed, Status, Successfully Completed, Status, Successfully Completed, Status, Successfully Completed, Status, Successfully Completed, Status, Successfully Completed, Status, Successfully Completed, Status, Successfully Completed, Status, Successfully Completed, Status, Successfully Completed, Status, Successfully Completed, Status, Successfully Completed, Status, Successfully Completed, Status, Successfully Completed, Status, Successfully Completed, Status, Successfully Completed, Status, Successfully Completed, Status, Successfully Completed, Status, Successfully Completed, Status, Successfully Completed, Status, Successfully Completed, Status, Successfully Completed, Status, Successfully Completed, Status, Successfully Completed, Status, Successfully Completed, Status, Successfully Completed, Status, Successfully Completed, Status, Successfully Completed, Status, Successfully Completed, Status, Successfully Completed, Status, Successfully Completed, Status, Successfully Completed, Status, Successfully Completed, Status, Successfully Completed, Status, Successfully Completed, Status, Successfully Completed, Status, Successfully Completed, Status, Successfully Completed, Status, Successfully Completed, Status, Successfully Completed, Status, Successfully Completed, Status, Successfully Completed, Status, Successfully Completed, Status, Successfully Completed, Status, Successfully Completed, Status, Successfully Completed, Status, Successfully Completed, Status, Successfully Completed, Status, Successfully Completed, Status, Successfully Completed, Status, Successfully Completed, Status, Successfully Completed, Status, Successfully Completed, Status, Successfully Completed, Status, Successfully Completed, Status, Successfully Completed, Status, Successfully Completed, Status, Successfully Completed, Status, Successfully Completed, Status, Successfully Completed, Status, Successfully Completed, Status, Successfully Completed, Status, Successfully Completed, Status, Successfully Completed, Status, Successfully Completed, Status, Successfully Completed, Status, Successfully Completed, Status, Successfully Completed, Status, Successfully Completed, Status, Successfully Completed, Status, Successfully Completed, Status, Successfully Completed, Status, Successfully Completed, Status, Successfully Completed, Status, Successfully Completed, Status, Successfully Completed, Status, Successfully Completed, Status, Successfully Completed, Status, Successfully Completed, Status, Successfully Completed, Status, Successfully Completed, Status, Successfully Completed, Status, Successfully Completed, Status, Successfully Completed, Status, Successfully Completed, Status, Successfully Completed, Status, Successfully Completed, Status, Successfully Completed, Status, Successfully Completed, Status, Successfully Completed, Status, Successfully Completed, Status, Successfully Completed, Status, Successfully Completed, Status, Successfully Completed, Status, Successfully Completed, Status, Successfully Completed, Status, Successfully Completed, Status, Successfully Completed, Status, Successfully Completed, Status, Successfully Completed, Status, Successfully Completed, Status, Successfully Completed, Status, Successfully Completed, Status, Successfully Completed, Status, Successfully Completed, Status, Successfully Completed, Status, Successfully Completed, Status, Successfully Completed, Status, Successfully Completed, Status, Successfully Completed, Status, Successfully Completed, Status, Successfully Completed, Status, Successfully Completed, Status, Successfully Completed, Status, Successfully Completed, Status, Successfully Completed, Status, Successfully Completed, Status, Successfully Completed, Status, Successfully Completed, Status, Successfully Completed, Status, Successfully Completed, Status, Successfully Completed, Status, Successfully Completed, Status, Successfully Completed, Status, Successfully Completed, Status, Successfully Completed, Status, Successfully Completed, Status, Successfully Completed, Status, Successfully Completed, Status, Successfully Completed, Status, Successfully Completed, Status, Successfully Completed, Status, Successfully Completed, Status, Successfully Completed, Status, Successfully Completed, Status, Successfully Completed, Status, Successfully Completed, Status, Successfully Completed, Status, Successfully Completed, Status]
[neelback4more@gmail.com, Subho1991*, Status, Successfully Completed, Status, Successfully Completed, Status, Successfully Completed, Status, Successfully Completed, Status, Successfully Completed, Status, Successfully Completed, Status, Successfully Completed, Status, Successfully Completed, Status, Successfully Completed, Status, Successfully Completed, Status, Successfully Completed, Status, Successfully Completed, Status, Successfully Completed, Status, Successfully Completed, Status, Successfully Completed, Status, Successfully Completed, Status, Successfully Completed, Status, Successfully Completed, Status, Successfully Completed, Status, Successfully Completed, Status, Successfully Completed, Status, Successfully Completed, Status, Successfully Completed, Status, Successfully Completed, Status, Successfully Completed, Status, Successfully Completed, Status, Successfully Completed, Status, Successfully Completed, Status, Successfully Completed, Status, Successfully Completed, Status, Successfully Completed, Status, Successfully Completed, Status, Successfully Completed, Status, Successfully Completed, Status, Successfully Completed, Status, Successfully Completed, Status, Successfully Completed, Status, Successfully Completed, Status, Successfully Completed, Status, Successfully Completed, Status, Successfully Completed, Status, Successfully Completed, Status, Successfully Completed, Status, Successfully Completed, Status, Successfully Completed, Status, Successfully Completed, Status, Successfully Completed, Status, Successfully Completed, Status, Successfully Completed, Status, Successfully Completed, Status, Successfully Completed, Status, Successfully Completed, Status, Successfully Completed, Status, Successfully Completed, Status, Successfully Completed, Status, Successfully Completed, Status, Successfully Completed, Status, Successfully Completed, Status, Successfully Completed, Status, Successfully Completed, Status, Successfully Completed, Status, Successfully Completed, Status, Successfully Completed, Status, Successfully Completed, Status, Successfully Completed, Status, Successfully Completed, Status, Successfully Completed, Status, Successfully Completed, Status, Successfully Completed, Status, Successfully Completed, Status, Successfully Completed, Status, Successfully Completed, Status, Successfully Completed, Status, Successfully Completed, Status, Successfully Completed, Status, Successfully Completed, Status, Successfully Completed, Status, Successfully Completed, Status, Successfully Completed, Status, Successfully Completed, Status, Successfully Completed, Status, Successfully Completed, Status, Successfully Completed, Status, Successfully Completed, Status, Successfully Completed, Status, Successfully Completed, Status, Successfully Completed, Status, Successfully Completed, Status, Successfully Completed, Status, Successfully Completed, Status, Successfully Completed, Status, Successfully Completed, Status, Successfully Completed, Status, Successfully Completed, Status, Successfully Completed, Status, Successfully Completed, Status, Successfully Completed, Status, Successfully Completed, Status, Successfully Completed, Status, Successfully Completed, Status, Successfully Completed, Status, Successfully Completed, Status, Successfully Completed, Status, Successfully Completed, Status, Successfully Completed, Status, Successfully Completed, Status, Successfully Completed, Status, Successfully Completed, Status, Successfully Completed, Status, Successfully Completed, Status, Successfully Completed, Status, Successfully Completed, Status, Successfully Completed, Status, Successfully Completed, Status, Successfully Completed, Status, Successfully Completed, Status, Successfully Completed, Status, Successfully Completed, Status, Successfully Completed, Status, Successfully Completed, Status, Successfully Completed, Status, Successfully Completed, Status, Successfully Completed, Status, Successfully Completed, Status, Successfully Completed, Status, Successfully Completed, Status, Successfully Completed, Status, Successfully Completed, Status, Successfully Completed, Status, Successfully Completed, Status, Successfully Completed, Status, Successfully Completed, Status, Successfully Completed, Status, Successfully Completed, Status, Successfully Completed, Status, Successfully Completed, Status, Successfully Completed, Status, Successfully Completed, Status, Successfully Completed, Status, Successfully Completed, Status, Successfully Completed, Status, Successfully Completed, Status, Successfully Completed, Status, Successfully Completed, Status, Successfully Completed, Status, Successfully Completed, Status, Successfully Completed, Status, Successfully Completed, Status, Successfully Completed, Status, Successfully Completed, Status, Successfully Completed, Status, Successfully Completed, Status, Successfully Completed, Status, Successfully Completed, Status, Successfully Completed, Status, Successfully Completed, Status, Successfully Completed, Status, Successfully Completed, Status, Successfully Completed, Status, Successfully Completed, Status, Successfully Completed, Status, Successfully Completed, Status, Successfully Completed, Status, Successfully Completed, Status, Successfully Completed, Status, Successfully Completed, Status, Successfully Completed, Status, Successfully Completed, Status, Successfully Completed, Status, Successfully Completed, Status, Successfully Completed, Status, Successfully Completed, Status, Successfully Completed, Status, Successfully Completed, Status, Successfully Completed, Status, Successfully Completed, Status, Successfully Completed, Status, Successfully Completed, Status, Successfully Completed, Status, Successfully Completed, Status, Successfully Completed, Status, Successfully Completed, Status, Successfully Completed, Status, Successfully Completed, Status, Successfully Completed, Status, Successfully Completed, Status, Successfully Completed, Status, Successfully Completed, Status, Successfully Completed, Status, Successfully Completed, Status, Successfully Completed, Status, Successfully Completed, Status, Successfully Completed, Status, Successfully Completed, Status, Successfully Completed, Status, Successfully Completed, Status, Successfully Completed, Status, Successfully Completed, Status, Successfully Completed, Status, Successfully Completed, Status, Successfully Completed, Status, Successfully Completed, Status, Successfully Completed, Status, Successfully Completed, Status, Successfully Completed, Status, Successfully Completed, Status, Successfully Completed, Status, Successfully Completed, Status, Successfully Completed, Status, Successfully Completed, Status, Successfully Completed, Status, Successfully Completed, Status, Successfully Completed, Status, Successfully Completed, Status, Successfully Completed, Status, Successfully Completed, Status, Successfully Completed, Status, Successfully Completed, Status, Successfully Completed, Status, Successfully Completed, Status, Successfully Completed, Status, Successfully Completed, Status, Successfully Completed, Status, Successfully Completed, Status, Successfully Completed, Status, Successfully Completed, Status, Successfully Completed, Status, Successfully Completed, Status, Successfully Completed, Status, Successfully Completed, Status, Successfully Completed, Status, Successfully Completed, Status, Successfully Completed, Status, Successfully Completed, Status, Successfully Completed, Status, Successfully Completed, Status, Successfully Completed, Status, Successfully Completed, Status, Successfully Completed, Status, Successfully Completed, Status, Successfully Completed, Status, Successfully Completed, Status, Successfully Completed, Status, Successfully Completed, Status, Successfully Completed, Status, Successfully Completed, Status, Successfully Completed, Status, Successfully Completed, Status, Successfully Completed, Status, Successfully Completed, Status, Successfully Completed, Status, Successfully Completed, Status, Successfully Completed, Status, Successfully Completed, Status, Successfully Completed, Status, Successfully Completed, Status, Successfully Completed, Status, Successfully Completed, Status, Successfully Completed, Status, Successfully Completed, Status, Successfully Completed, Status, Successfully Completed, Status, Successfully Completed, Status, Successfully Completed, Status, Successfully Completed, Status, Successfully Completed, Status, Successfully Completed, Status, Successfully Completed, Status, Successfully Completed, Status, Successfully Completed, Status, Successfully Completed, Status, Successfully Completed, Status, Successfully Completed, Status, Successfully Completed, Status, Successfully Completed, Status, Successfully Completed, Status, Successfully Completed, Status, Successfully Completed, Status, Successfully Completed, Status, Successfully Completed, Status, Successfully Completed, Status, Successfully Completed, Status, Successfully Completed, Status, Successfully Completed, Status, Successfully Completed, Status, Successfully Completed, Status, Successfully Completed, Status, Successfully Completed, Status, Successfully Completed, Status, Successfully Completed]
[neelback4more@gmail.com, Subho1991*, Status, Successfully Completed, Status, Successfully Completed, Status, Successfully Completed, Status, Successfully Completed, Status, Successfully Completed, Status, Successfully Completed, Status, Successfully Completed, Status, Successfully Completed, Status, Successfully Completed, Status, Successfully Completed, Status, Successfully Completed, Status, Successfully Completed, Status, Successfully Completed, Status, Successfully Completed, Status, Successfully Completed, Status, Successfully Completed, Status, Successfully Completed, Status, Successfully Completed, Status, Successfully Completed, Status, Successfully Completed, Status, Successfully Completed, Status, Successfully Completed, Status, Successfully Completed, Status, Successfully Completed, Status, Successfully Completed, Status, Successfully Completed, Status, Successfully Completed, Status, Successfully Completed, Status, Successfully Completed, Status, Successfully Completed, Status, Successfully Completed, Status, Successfully Completed, Status, Successfully Completed, Status, Successfully Completed, Status, Successfully Completed, Status, Successfully Completed, Status, Successfully Completed, Status, Successfully Completed, Status, Successfully Completed, Status, Successfully Completed, Status, Successfully Completed, Status, Successfully Completed, Status, Successfully Completed, Status, Successfully Completed, Status, Successfully Completed, Status, Successfully Completed, Status, Successfully Completed, Status, Successfully Completed, Status, Successfully Completed, Status, Successfully Completed, Status, Successfully Completed, Status, Successfully Completed, Status, Successfully Completed, Status, Successfully Completed, Status, Successfully Completed, Status, Successfully Completed, Status, Successfully Completed, Status, Successfully Completed, Status, Successfully Completed, Status, Successfully Completed, Status, Successfully Completed, Status, Successfully Completed, Status, Successfully Completed, Status, Successfully Completed, Status, Successfully Completed, Status, Successfully Completed, Status, Successfully Completed, Status, Successfully Completed, Status, Successfully Completed, Status, Successfully Completed, Status, Successfully Completed, Status, Successfully Completed, Status, Successfully Completed, Status, Successfully Completed, Status, Successfully Completed, Status, Successfully Completed, Status, Successfully Completed, Status, Successfully Completed, Status, Successfully Completed, Status, Successfully Completed, Status, Successfully Completed, Status, Successfully Completed, Status, Successfully Completed, Status, Successfully Completed, Status, Successfully Completed, Status, Successfully Completed, Status, Successfully Completed, Status, Successfully Completed, Status, Successfully Completed, Status, Successfully Completed, Status, Successfully Completed, Status, Successfully Completed, Status, Successfully Completed, Status, Successfully Completed, Status, Successfully Completed, Status, Successfully Completed, Status, Successfully Completed, Status, Successfully Completed, Status, Successfully Completed, Status, Successfully Completed, Status, Successfully Completed, Status, Successfully Completed, Status, Successfully Completed, Status, Successfully Completed, Status, Successfully Completed, Status, Successfully Completed, Status, Successfully Completed, Status, Successfully Completed, Status, Successfully Completed, Status, Successfully Completed, Status, Successfully Completed, Status, Successfully Completed, Status, Successfully Completed, Status, Successfully Completed, Status, Successfully Completed, Status, Successfully Completed, Status, Successfully Completed, Status, Successfully Completed, Status, Successfully Completed, Status, Successfully Completed, Status, Successfully Completed, Status, Successfully Completed, Status, Successfully Completed, Status, Successfully Completed, Status, Successfully Completed, Status, Successfully Completed, Status, Successfully Completed, Status, Successfully Completed, Status, Successfully Completed, Status, Successfully Completed, Status, Successfully Completed, Status, Successfully Completed, Status, Successfully Completed, Status, Successfully Completed, Status, Successfully Completed, Status, Successfully Completed, Status, Successfully Completed, Status, Successfully Completed, Status, Successfully Completed, Status, Successfully Completed, Status, Successfully Completed, Status, Successfully Completed, Status, Successfully Completed, Status, Successfully Completed, Status, Successfully Completed, Status, Successfully Completed, Status, Successfully Completed, Status, Successfully Completed, Status, Successfully Completed, Status, Successfully Completed, Status, Successfully Completed, Status, Successfully Completed, Status, Successfully Completed, Status, Successfully Completed, Status, Successfully Completed, Status, Successfully Completed, Status, Successfully Completed, Status, Successfully Completed, Status, Successfully Completed, Status, Successfully Completed, Status, Successfully Completed, Status, Successfully Completed, Status, Successfully Completed, Status, Successfully Completed, Status, Successfully Completed, Status, Successfully Completed, Status, Successfully Completed, Status, Successfully Completed, Status, Successfully Completed, Status, Successfully Completed, Status, Successfully Completed, Status, Successfully Completed, Status, Successfully Completed, Status, Successfully Completed, Status, Successfully Completed, Status, Successfully Completed, Status, Successfully Completed, Status, Successfully Completed, Status, Successfully Completed, Status, Successfully Completed, Status, Successfully Completed, Status, Successfully Completed, Status, Successfully Completed, Status, Successfully Completed, Status, Successfully Completed, Status, Successfully Completed, Status, Successfully Completed, Status, Successfully Completed, Status, Successfully Completed, Status, Successfully Completed, Status, Successfully Completed, Status, Successfully Completed, Status, Successfully Completed, Status, Successfully Completed, Status, Successfully Completed, Status, Successfully Completed, Status, Successfully Completed, Status, Successfully Completed, Status, Successfully Completed, Status, Successfully Completed, Status, Successfully Completed, Status, Successfully Completed, Status, Successfully Completed, Status, Successfully Completed, Status, Successfully Completed, Status, Successfully Completed, Status, Successfully Completed, Status, Successfully Completed, Status, Successfully Completed, Status, Successfully Completed, Status, Successfully Completed, Status, Successfully Completed, Status, Successfully Completed, Status, Successfully Completed, Status, Successfully Completed, Status, Successfully Completed, Status, Successfully Completed, Status, Successfully Completed, Status, Successfully Completed, Status, Successfully Completed, Status, Successfully Completed, Status, Successfully Completed, Status, Successfully Completed, Status, Successfully Completed, Status, Successfully Completed, Status, Successfully Completed, Status, Successfully Completed, Status, Successfully Completed, Status, Successfully Completed, Status, Successfully Completed, Status, Successfully Completed, Status, Successfully Completed, Status, Successfully Completed, Status, Successfully Completed, Status, Successfully Completed, Status, Successfully Completed, Status, Successfully Completed, Status, Successfully Completed, Status, Successfully Completed, Status, Successfully Completed, Status, Successfully Completed, Status, Successfully Completed, Status, Successfully Completed, Status, Successfully Completed, Status, Successfully Completed, Status, Successfully Completed, Status, Successfully Completed, Status, Successfully Completed, Status, Successfully Completed, Status, Successfully Completed, Status, Successfully Completed, Status, Successfully Completed, Status, Successfully Completed, Status, Successfully Completed, Status, Successfully Completed, Status, Successfully Completed, Status, Successfully Completed, Status, Successfully Completed, Status, Successfully Completed, Status, Successfully Completed, Status, Successfully Completed, Status, Successfully Completed, Status, Successfully Completed, Status, Successfully Completed, Status, Successfully Completed, Status, Successfully Completed, Status, Successfully Completed, Status, Successfully Completed, Status, Successfully Completed, Status, Successfully Completed, Status, Successfully Completed, Status, Successfully Completed, Status, Successfully Completed, Status, Successfully Completed, Status, Successfully Completed, Status, Successfully Completed, Status, Successfully Completed, Status, Successfully Completed, Status, Successfully Completed, Status, Successfully Completed, Status, Successfully Completed, Status, Successfully Completed, Status, Successfully Completed, Status, Successfully Completed, Status, Successfully Completed, Status, Successfully Completed, Status, Successfully Completed, Status, Successfully Completed, Status, Successfully Completed, Status, Successfully Completed, Status]
[neelback4more@gmail.com, Subho1991*, Status, Successfully Completed, Status, Successfully Completed, Status, Successfully Completed, Status, Successfully Completed, Status, Successfully Completed, Status, Successfully Completed, Status, Successfully Completed, Status, Successfully Completed, Status, Successfully Completed, Status, Successfully Completed, Status, Successfully Completed, Status, Successfully Completed, Status, Successfully Completed, Status, Successfully Completed, Status, Successfully Completed, Status, Successfully Completed, Status, Successfully Completed, Status, Successfully Completed, Status, Successfully Completed, Status, Successfully Completed, Status, Successfully Completed, Status, Successfully Completed, Status, Successfully Completed, Status, Successfully Completed, Status, Successfully Completed, Status, Successfully Completed, Status, Successfully Completed, Status, Successfully Completed, Status, Successfully Completed, Status, Successfully Completed, Status, Successfully Completed, Status, Successfully Completed, Status, Successfully Completed, Status, Successfully Completed, Status, Successfully Completed, Status, Successfully Completed, Status, Successfully Completed, Status, Successfully Completed, Status, Successfully Completed, Status, Successfully Completed, Status, Successfully Completed, Status, Successfully Completed, Status, Successfully Completed, Status, Successfully Completed, Status, Successfully Completed, Status, Successfully Completed, Status, Successfully Completed, Status, Successfully Completed, Status, Successfully Completed, Status, Successfully Completed, Status, Successfully Completed, Status, Successfully Completed, Status, Successfully Completed, Status, Successfully Completed, Status, Successfully Completed, Status, Successfully Completed, Status, Successfully Completed, Status, Successfully Completed, Status, Successfully Completed, Status, Successfully Completed, Status, Successfully Completed, Status, Successfully Completed, Status, Successfully Completed, Status, Successfully Completed, Status, Successfully Completed, Status, Successfully Completed, Status, Successfully Completed, Status, Successfully Completed, Status, Successfully Completed, Status, Successfully Completed, Status, Successfully Completed, Status, Successfully Completed, Status, Successfully Completed, Status, Successfully Completed, Status, Successfully Completed, Status, Successfully Completed, Status, Successfully Completed, Status, Successfully Completed, Status, Successfully Completed, Status, Successfully Completed, Status, Successfully Completed, Status, Successfully Completed, Status, Successfully Completed, Status, Successfully Completed, Status, Successfully Completed, Status, Successfully Completed, Status, Successfully Completed, Status, Successfully Completed, Status, Successfully Completed, Status, Successfully Completed, Status, Successfully Completed, Status, Successfully Completed, Status, Successfully Completed, Status, Successfully Completed, Status, Successfully Completed, Status, Successfully Completed, Status, Successfully Completed, Status, Successfully Completed, Status, Successfully Completed, Status, Successfully Completed, Status, Successfully Completed, Status, Successfully Completed, Status, Successfully Completed, Status, Successfully Completed, Status, Successfully Completed, Status, Successfully Completed, Status, Successfully Completed, Status, Successfully Completed, Status, Successfully Completed, Status, Successfully Completed, Status, Successfully Completed, Status, Successfully Completed, Status, Successfully Completed, Status, Successfully Completed, Status, Successfully Completed, Status, Successfully Completed, Status, Successfully Completed, Status, Successfully Completed, Status, Successfully Completed, Status, Successfully Completed, Status, Successfully Completed, Status, Successfully Completed, Status, Successfully Completed, Status, Successfully Completed, Status, Successfully Completed, Status, Successfully Completed, Status, Successfully Completed, Status, Successfully Completed, Status, Successfully Completed, Status, Successfully Completed, Status, Successfully Completed, Status, Successfully Completed, Status, Successfully Completed, Status, Successfully Completed, Status, Successfully Completed, Status, Successfully Completed, Status, Successfully Completed, Status, Successfully Completed, Status, Successfully Completed, Status, Successfully Completed, Status, Successfully Completed, Status, Successfully Completed, Status, Successfully Completed, Status, Successfully Completed, Status, Successfully Completed, Status, Successfully Completed, Status, Successfully Completed, Status, Successfully Completed, Status, Successfully Completed, Status, Successfully Completed, Status, Successfully Completed, Status, Successfully Completed, Status, Successfully Completed, Status, Successfully Completed, Status, Successfully Completed, Status, Successfully Completed, Status, Successfully Completed, Status, Successfully Completed, Status, Successfully Completed, Status, Successfully Completed, Status, Successfully Completed, Status, Successfully Completed, Status, Successfully Completed, Status, Successfully Completed, Status, Successfully Completed, Status, Successfully Completed, Status, Successfully Completed, Status, Successfully Completed, Status, Successfully Completed, Status, Successfully Completed, Status, Successfully Completed, Status, Successfully Completed, Status, Successfully Completed, Status, Successfully Completed, Status, Successfully Completed, Status, Successfully Completed, Status, Successfully Completed, Status, Successfully Completed, Status, Successfully Completed, Status, Successfully Completed, Status, Successfully Completed, Status, Successfully Completed, Status, Successfully Completed, Status, Successfully Completed, Status, Successfully Completed, Status, Successfully Completed, Status, Successfully Completed, Status, Successfully Completed, Status, Successfully Completed, Status, Successfully Completed, Status, Successfully Completed, Status, Successfully Completed, Status, Successfully Completed, Status, Successfully Completed, Status, Successfully Completed, Status, Successfully Completed, Status, Successfully Completed, Status, Successfully Completed, Status, Successfully Completed, Status, Successfully Completed, Status, Successfully Completed, Status, Successfully Completed, Status, Successfully Completed, Status, Successfully Completed, Status, Successfully Completed, Status, Successfully Completed, Status, Successfully Completed, Status, Successfully Completed, Status, Successfully Completed, Status, Successfully Completed, Status, Successfully Completed, Status, Successfully Completed, Status, Successfully Completed, Status, Successfully Completed, Status, Successfully Completed, Status, Successfully Completed, Status, Successfully Completed, Status, Successfully Completed, Status, Successfully Completed, Status, Successfully Completed, Status, Successfully Completed, Status, Successfully Completed, Status, Successfully Completed, Status, Successfully Completed, Status, Successfully Completed, Status, Successfully Completed, Status, Successfully Completed, Status, Successfully Completed, Status, Successfully Completed, Status, Successfully Completed, Status, Successfully Completed, Status, Successfully Completed, Status, Successfully Completed, Status, Successfully Completed, Status, Successfully Completed, Status, Successfully Completed, Status, Successfully Completed, Status, Successfully Completed, Status, Successfully Completed, Status, Successfully Completed, Status, Successfully Completed, Status, Successfully Completed, Status, Successfully Completed, Status, Successfully Completed, Status, Successfully Completed, Status, Successfully Completed, Status, Successfully Completed, Status, Successfully Completed, Status, Successfully Completed, Status, Successfully Completed, Status, Successfully Completed, Status, Successfully Completed, Status, Successfully Completed, Status, Successfully Completed, Status, Successfully Completed, Status, Successfully Completed, Status, Successfully Completed, Status, Successfully Completed, Status, Successfully Completed, Status, Successfully Completed, Status, Successfully Completed, Status, Successfully Completed, Status, Successfully Completed, Status, Successfully Completed, Status, Successfully Completed, Status, Successfully Completed, Status, Successfully Completed, Status, Successfully Completed, Status, Successfully Completed, Status, Successfully Completed, Status, Successfully Completed, Status, Successfully Completed, Status, Successfully Completed, Status, Successfully Completed, Status, Successfully Completed, Status, Successfully Completed, Status, Successfully Completed, Status, Successfully Completed, Status, Successfully Completed, Status, Successfully Completed, Status, Successfully Completed, Status, Successfully Completed, Status, Successfully Completed, Status, Successfully Completed, Status, Successfully Completed, Status, Successfully Completed, Status, Successfully Completed, Status, Successfully Completed, Status, Successfully Completed, Status, Successfully Completed, Status, Successfully Completed]
[neelback4more@gmail.com, Subho1991*, Status, Successfully Completed, Status, Successfully Completed, Status, Successfully Completed, Status, Successfully Completed, Status, Successfully Completed, Status, Successfully Completed, Status, Successfully Completed, Status, Successfully Completed, Status, Successfully Completed, Status, Successfully Completed, Status, Successfully Completed, Status, Successfully Completed, Status, Successfully Completed, Status, Successfully Completed, Status, Successfully Completed, Status, Successfully Completed, Status, Successfully Completed, Status, Successfully Completed, Status, Successfully Completed, Status, Successfully Completed, Status, Successfully Completed, Status, Successfully Completed, Status, Successfully Completed, Status, Successfully Completed, Status, Successfully Completed, Status, Successfully Completed, Status, Successfully Completed, Status, Successfully Completed, Status, Successfully Completed, Status, Successfully Completed, Status, Successfully Completed, Status, Successfully Completed, Status, Successfully Completed, Status, Successfully Completed, Status, Successfully Completed, Status, Successfully Completed, Status, Successfully Completed, Status, Successfully Completed, Status, Successfully Completed, Status, Successfully Completed, Status, Successfully Completed, Status, Successfully Completed, Status, Successfully Completed, Status, Successfully Completed, Status, Successfully Completed, Status, Successfully Completed, Status, Successfully Completed, Status, Successfully Completed, Status, Successfully Completed, Status, Successfully Completed, Status, Successfully Completed, Status, Successfully Completed, Status, Successfully Completed, Status, Successfully Completed, Status, Successfully Completed, Status, Successfully Completed, Status, Successfully Completed, Status, Successfully Completed, Status, Successfully Completed, Status, Successfully Completed, Status, Successfully Completed, Status, Successfully Completed, Status, Successfully Completed, Status, Successfully Completed, Status, Successfully Completed, Status, Successfully Completed, Status, Successfully Completed, Status, Successfully Completed, Status, Successfully Completed, Status, Successfully Completed, Status, Successfully Completed, Status, Successfully Completed, Status, Successfully Completed, Status, Successfully Completed, Status, Successfully Completed, Status, Successfully Completed, Status, Successfully Completed, Status, Successfully Completed, Status, Successfully Completed, Status, Successfully Completed, Status, Successfully Completed, Status, Successfully Completed, Status, Successfully Completed, Status, Successfully Completed, Status, Successfully Completed, Status, Successfully Completed, Status, Successfully Completed, Status, Successfully Completed, Status, Successfully Completed, Status, Successfully Completed, Status, Successfully Completed, Status, Successfully Completed, Status, Successfully Completed, Status, Successfully Completed, Status, Successfully Completed, Status, Successfully Completed, Status, Successfully Completed, Status, Successfully Completed, Status, Successfully Completed, Status, Successfully Completed, Status, Successfully Completed, Status, Successfully Completed, Status, Successfully Completed, Status, Successfully Completed, Status, Successfully Completed, Status, Successfully Completed, Status, Successfully Completed, Status, Successfully Completed, Status, Successfully Completed, Status, Successfully Completed, Status, Successfully Completed, Status, Successfully Completed, Status, Successfully Completed, Status, Successfully Completed, Status, Successfully Completed, Status, Successfully Completed, Status, Successfully Completed, Status, Successfully Completed, Status, Successfully Completed, Status, Successfully Completed, Status, Successfully Completed, Status, Successfully Completed, Status, Successfully Completed, Status, Successfully Completed, Status, Successfully Completed, Status, Successfully Completed, Status, Successfully Completed, Status, Successfully Completed, Status, Successfully Completed, Status, Successfully Completed, Status, Successfully Completed, Status, Successfully Completed, Status, Successfully Completed, Status, Successfully Completed, Status, Successfully Completed, Status, Successfully Completed, Status, Successfully Completed, Status, Successfully Completed, Status, Successfully Completed, Status, Successfully Completed, Status, Successfully Completed, Status, Successfully Completed, Status, Successfully Completed, Status, Successfully Completed, Status, Successfully Completed, Status, Successfully Completed, Status, Successfully Completed, Status, Successfully Completed, Status, Successfully Completed, Status, Successfully Completed, Status, Successfully Completed, Status, Successfully Completed, Status, Successfully Completed, Status, Successfully Completed, Status, Successfully Completed, Status, Successfully Completed, Status, Successfully Completed, Status, Successfully Completed, Status, Successfully Completed, Status, Successfully Completed, Status, Successfully Completed, Status, Successfully Completed, Status, Successfully Completed, Status, Successfully Completed, Status, Successfully Completed, Status, Successfully Completed, Status, Successfully Completed, Status, Successfully Completed, Status, Successfully Completed, Status, Successfully Completed, Status, Successfully Completed, Status, Successfully Completed, Status, Successfully Completed, Status, Successfully Completed, Status, Successfully Completed, Status, Successfully Completed, Status, Successfully Completed, Status, Successfully Completed, Status, Successfully Completed, Status, Successfully Completed, Status, Successfully Completed, Status, Successfully Completed, Status, Successfully Completed, Status, Successfully Completed, Status, Successfully Completed, Status, Successfully Completed, Status, Successfully Completed, Status, Successfully Completed, Status, Successfully Completed, Status, Successfully Completed, Status, Successfully Completed, Status, Successfully Completed, Status, Successfully Completed, Status, Successfully Completed, Status, Successfully Completed, Status, Successfully Completed, Status, Successfully Completed, Status, Successfully Completed, Status, Successfully Completed, Status, Successfully Completed, Status, Successfully Completed, Status, Successfully Completed, Status, Successfully Completed, Status, Successfully Completed, Status, Successfully Completed, Status, Successfully Completed, Status, Successfully Completed, Status, Successfully Completed, Status, Successfully Completed, Status, Successfully Completed, Status, Successfully Completed, Status, Successfully Completed, Status, Successfully Completed, Status, Successfully Completed, Status, Successfully Completed, Status, Successfully Completed, Status, Successfully Completed, Status, Successfully Completed, Status, Successfully Completed, Status, Successfully Completed, Status, Successfully Completed, Status, Successfully Completed, Status, Successfully Completed, Status, Successfully Completed, Status, Successfully Completed, Status, Successfully Completed, Status, Successfully Completed, Status, Successfully Completed, Status, Successfully Completed, Status, Successfully Completed, Status, Successfully Completed, Status, Successfully Completed, Status, Successfully Completed, Status, Successfully Completed, Status, Successfully Completed, Status, Successfully Completed, Status, Successfully Completed, Status, Successfully Completed, Status, Successfully Completed, Status, Successfully Completed, Status, Successfully Completed, Status, Successfully Completed, Status, Successfully Completed, Status, Successfully Completed, Status, Successfully Completed, Status, Successfully Completed, Status, Successfully Completed, Status, Successfully Completed, Status, Successfully Completed, Status, Successfully Completed, Status, Successfully Completed, Status, Successfully Completed, Status, Successfully Completed, Status, Successfully Completed, Status, Successfully Completed, Status, Successfully Completed, Status, Successfully Completed, Status, Successfully Completed, Status, Successfully Completed, Status, Successfully Completed, Status, Successfully Completed, Status, Successfully Completed, Status, Successfully Completed, Status, Successfully Completed, Status, Successfully Completed, Status, Successfully Completed, Status, Successfully Completed, Status, Successfully Completed, Status, Successfully Completed, Status, Successfully Completed, Status, Successfully Completed, Status, Successfully Completed, Status, Successfully Completed, Status, Successfully Completed, Status, Successfully Completed, Status, Successfully Completed, Status, Successfully Completed, Status, Successfully Completed, Status, Successfully Completed, Status, Successfully Completed, Status, Successfully Completed, Status, Successfully Completed, Status, Successfully Completed, Status, Successfully Completed, Status, Successfully Completed, Status, Successfully Completed, Status, Successfully Completed, Status, Successfully Completed, Status, Successfully Completed, Status, Successfully Completed, Status, Successfully Completed, Status]
[neelback4more@gmail.com, Subho1991*, Status, Successfully Completed, Status, Successfully Completed, Status, Successfully Completed, Status, Successfully Completed, Status, Successfully Completed, Status, Successfully Completed, Status, Successfully Completed, Status, Successfully Completed, Status, Successfully Completed, Status, Successfully Completed, Status, Successfully Completed, Status, Successfully Completed, Status, Successfully Completed, Status, Successfully Completed, Status, Successfully Completed, Status, Successfully Completed, Status, Successfully Completed, Status, Successfully Completed, Status, Successfully Completed, Status, Successfully Completed, Status, Successfully Completed, Status, Successfully Completed, Status, Successfully Completed, Status, Successfully Completed, Status, Successfully Completed, Status, Successfully Completed, Status, Successfully Completed, Status, Successfully Completed, Status, Successfully Completed, Status, Successfully Completed, Status, Successfully Completed, Status, Successfully Completed, Status, Successfully Completed, Status, Successfully Completed, Status, Successfully Completed, Status, Successfully Completed, Status, Successfully Completed, Status, Successfully Completed, Status, Successfully Completed, Status, Successfully Completed, Status, Successfully Completed, Status, Successfully Completed, Status, Successfully Completed, Status, Successfully Completed, Status, Successfully Completed, Status, Successfully Completed, Status, Successfully Completed, Status, Successfully Completed, Status, Successfully Completed, Status, Successfully Completed, Status, Successfully Completed, Status, Successfully Completed, Status, Successfully Completed, Status, Successfully Completed, Status, Successfully Completed, Status, Successfully Completed, Status, Successfully Completed, Status, Successfully Completed, Status, Successfully Completed, Status, Successfully Completed, Status, Successfully Completed, Status, Successfully Completed, Status, Successfully Completed, Status, Successfully Completed, Status, Successfully Completed, Status, Successfully Completed, Status, Successfully Completed, Status, Successfully Completed, Status, Successfully Completed, Status, Successfully Completed, Status, Successfully Completed, Status, Successfully Completed, Status, Successfully Completed, Status, Successfully Completed, Status, Successfully Completed, Status, Successfully Completed, Status, Successfully Completed, Status, Successfully Completed, Status, Successfully Completed, Status, Successfully Completed, Status, Successfully Completed, Status, Successfully Completed, Status, Successfully Completed, Status, Successfully Completed, Status, Successfully Completed, Status, Successfully Completed, Status, Successfully Completed, Status, Successfully Completed, Status, Successfully Completed, Status, Successfully Completed, Status, Successfully Completed, Status, Successfully Completed, Status, Successfully Completed, Status, Successfully Completed, Status, Successfully Completed, Status, Successfully Completed, Status, Successfully Completed, Status, Successfully Completed, Status, Successfully Completed, Status, Successfully Completed, Status, Successfully Completed, Status, Successfully Completed, Status, Successfully Completed, Status, Successfully Completed, Status, Successfully Completed, Status, Successfully Completed, Status, Successfully Completed, Status, Successfully Completed, Status, Successfully Completed, Status, Successfully Completed, Status, Successfully Completed, Status, Successfully Completed, Status, Successfully Completed, Status, Successfully Completed, Status, Successfully Completed, Status, Successfully Completed, Status, Successfully Completed, Status, Successfully Completed, Status, Successfully Completed, Status, Successfully Completed, Status, Successfully Completed, Status, Successfully Completed, Status, Successfully Completed, Status, Successfully Completed, Status, Successfully Completed, Status, Successfully Completed, Status, Successfully Completed, Status, Successfully Completed, Status, Successfully Completed, Status, Successfully Completed, Status, Successfully Completed, Status, Successfully Completed, Status, Successfully Completed, Status, Successfully Completed, Status, Successfully Completed, Status, Successfully Completed, Status, Successfully Completed, Status, Successfully Completed, Status, Successfully Completed, Status, Successfully Completed, Status, Successfully Completed, Status, Successfully Completed, Status, Successfully Completed, Status, Successfully Completed, Status, Successfully Completed, Status, Successfully Completed, Status, Successfully Completed, Status, Successfully Completed, Status, Successfully Completed, Status, Successfully Completed, Status, Successfully Completed, Status, Successfully Completed, Status, Successfully Completed, Status, Successfully Completed, Status, Successfully Completed, Status, Successfully Completed, Status, Successfully Completed, Status, Successfully Completed, Status, Successfully Completed, Status, Successfully Completed, Status, Successfully Completed, Status, Successfully Completed, Status, Successfully Completed, Status, Successfully Completed, Status, Successfully Completed, Status, Successfully Completed, Status, Successfully Completed, Status, Successfully Completed, Status, Successfully Completed, Status, Successfully Completed, Status, Successfully Completed, Status, Successfully Completed, Status, Successfully Completed, Status, Successfully Completed, Status, Successfully Completed, Status, Successfully Completed, Status, Successfully Completed, Status, Successfully Completed, Status, Successfully Completed, Status, Successfully Completed, Status, Successfully Completed, Status, Successfully Completed, Status, Successfully Completed, Status, Successfully Completed, Status, Successfully Completed, Status, Successfully Completed, Status, Successfully Completed, Status, Successfully Completed, Status, Successfully Completed, Status, Successfully Completed, Status, Successfully Completed, Status, Successfully Completed, Status, Successfully Completed, Status, Successfully Completed, Status, Successfully Completed, Status, Successfully Completed, Status, Successfully Completed, Status, Successfully Completed, Status, Successfully Completed, Status, Successfully Completed, Status, Successfully Completed, Status, Successfully Completed, Status, Successfully Completed, Status, Successfully Completed, Status, Successfully Completed, Status, Successfully Completed, Status, Successfully Completed, Status, Successfully Completed, Status, Successfully Completed, Status, Successfully Completed, Status, Successfully Completed, Status, Successfully Completed, Status, Successfully Completed, Status, Successfully Completed, Status, Successfully Completed, Status, Successfully Completed, Status, Successfully Completed, Status, Successfully Completed, Status, Successfully Completed, Status, Successfully Completed, Status, Successfully Completed, Status, Successfully Completed, Status, Successfully Completed, Status, Successfully Completed, Status, Successfully Completed, Status, Successfully Completed, Status, Successfully Completed, Status, Successfully Completed, Status, Successfully Completed, Status, Successfully Completed, Status, Successfully Completed, Status, Successfully Completed, Status, Successfully Completed, Status, Successfully Completed, Status, Successfully Completed, Status, Successfully Completed, Status, Successfully Completed, Status, Successfully Completed, Status, Successfully Completed, Status, Successfully Completed, Status, Successfully Completed, Status, Successfully Completed, Status, Successfully Completed, Status, Successfully Completed, Status, Successfully Completed, Status, Successfully Completed, Status, Successfully Completed, Status, Successfully Completed, Status, Successfully Completed, Status, Successfully Completed, Status, Successfully Completed, Status, Successfully Completed, Status, Successfully Completed, Status, Successfully Completed, Status, Successfully Completed, Status, Successfully Completed, Status, Successfully Completed, Status, Successfully Completed, Status, Successfully Completed, Status, Successfully Completed, Status, Successfully Completed, Status, Successfully Completed, Status, Successfully Completed, Status, Successfully Completed, Status, Successfully Completed, Status, Successfully Completed, Status, Successfully Completed, Status, Successfully Completed, Status, Successfully Completed, Status, Successfully Completed, Status, Successfully Completed, Status, Successfully Completed, Status, Successfully Completed, Status, Successfully Completed, Status, Successfully Completed, Status, Successfully Completed, Status, Successfully Completed, Status, Successfully Completed, Status, Successfully Completed, Status, Successfully Completed, Status, Successfully Completed, Status, Successfully Completed, Status, Successfully Completed, Status, Successfully Completed, Status, Successfully Completed, Status, Successfully Completed, Status, Successfully Completed, Status, Successfully Completed, Status, Successfully Completed, Status, Successfully Completed, Status, Successfully Completed, Status, Successfully Completed]
[neelback4more@gmail.com, Subho1991*, Status, Successfully Completed, Status, Successfully Completed, Status, Successfully Completed, Status, Successfully Completed, Status, Successfully Completed, Status, Successfully Completed, Status, Successfully Completed, Status, Successfully Completed, Status, Successfully Completed, Status, Successfully Completed, Status, Successfully Completed, Status, Successfully Completed, Status, Successfully Completed, Status, Successfully Completed, Status, Successfully Completed, Status, Successfully Completed, Status, Successfully Completed, Status, Successfully Completed, Status, Successfully Completed, Status, Successfully Completed, Status, Successfully Completed, Status, Successfully Completed, Status, Successfully Completed, Status, Successfully Completed, Status, Successfully Completed, Status, Successfully Completed, Status, Successfully Completed, Status, Successfully Completed, Status, Successfully Completed, Status, Successfully Completed, Status, Successfully Completed, Status, Successfully Completed, Status, Successfully Completed, Status, Successfully Completed, Status, Successfully Completed, Status, Successfully Completed, Status, Successfully Completed, Status, Successfully Completed, Status, Successfully Completed, Status, Successfully Completed, Status, Successfully Completed, Status, Successfully Completed, Status, Successfully Completed, Status, Successfully Completed, Status, Successfully Completed, Status, Successfully Completed, Status, Successfully Completed, Status, Successfully Completed, Status, Successfully Completed, Status, Successfully Completed, Status, Successfully Completed, Status, Successfully Completed, Status, Successfully Completed, Status, Successfully Completed, Status, Successfully Completed, Status, Successfully Completed, Status, Successfully Completed, Status, Successfully Completed, Status, Successfully Completed, Status, Successfully Completed, Status, Successfully Completed, Status, Successfully Completed, Status, Successfully Completed, Status, Successfully Completed, Status, Successfully Completed, Status, Successfully Completed, Status, Successfully Completed, Status, Successfully Completed, Status, Successfully Completed, Status, Successfully Completed, Status, Successfully Completed, Status, Successfully Completed, Status, Successfully Completed, Status, Successfully Completed, Status, Successfully Completed, Status, Successfully Completed, Status, Successfully Completed, Status, Successfully Completed, Status, Successfully Completed, Status, Successfully Completed, Status, Successfully Completed, Status, Successfully Completed, Status, Successfully Completed, Status, Successfully Completed, Status, Successfully Completed, Status, Successfully Completed, Status, Successfully Completed, Status, Successfully Completed, Status, Successfully Completed, Status, Successfully Completed, Status, Successfully Completed, Status, Successfully Completed, Status, Successfully Completed, Status, Successfully Completed, Status, Successfully Completed, Status, Successfully Completed, Status, Successfully Completed, Status, Successfully Completed, Status, Successfully Completed, Status, Successfully Completed, Status, Successfully Completed, Status, Successfully Completed, Status, Successfully Completed, Status, Successfully Completed, Status, Successfully Completed, Status, Successfully Completed, Status, Successfully Completed, Status, Successfully Completed, Status, Successfully Completed, Status, Successfully Completed, Status, Successfully Completed, Status, Successfully Completed, Status, Successfully Completed, Status, Successfully Completed, Status, Successfully Completed, Status, Successfully Completed, Status, Successfully Completed, Status, Successfully Completed, Status, Successfully Completed, Status, Successfully Completed, Status, Successfully Completed, Status, Successfully Completed, Status, Successfully Completed, Status, Successfully Completed, Status, Successfully Completed, Status, Successfully Completed, Status, Successfully Completed, Status, Successfully Completed, Status, Successfully Completed, Status, Successfully Completed, Status, Successfully Completed, Status, Successfully Completed, Status, Successfully Completed, Status, Successfully Completed, Status, Successfully Completed, Status, Successfully Completed, Status, Successfully Completed, Status, Successfully Completed, Status, Successfully Completed, Status, Successfully Completed, Status, Successfully Completed, Status, Successfully Completed, Status, Successfully Completed, Status, Successfully Completed, Status, Successfully Completed, Status, Successfully Completed, Status, Successfully Completed, Status, Successfully Completed, Status, Successfully Completed, Status, Successfully Completed, Status, Successfully Completed, Status, Successfully Completed, Status, Successfully Completed, Status, Successfully Completed, Status, Successfully Completed, Status, Successfully Completed, Status, Successfully Completed, Status, Successfully Completed, Status, Successfully Completed, Status, Successfully Completed, Status, Successfully Completed, Status, Successfully Completed, Status, Successfully Completed, Status, Successfully Completed, Status, Successfully Completed, Status, Successfully Completed, Status, Successfully Completed, Status, Successfully Completed, Status, Successfully Completed, Status, Successfully Completed, Status, Successfully Completed, Status, Successfully Completed, Status, Successfully Completed, Status, Successfully Completed, Status, Successfully Completed, Status, Successfully Completed, Status, Successfully Completed, Status, Successfully Completed, Status, Successfully Completed, Status, Successfully Completed, Status, Successfully Completed, Status, Successfully Completed, Status, Successfully Completed, Status, Successfully Completed, Status, Successfully Completed, Status, Successfully Completed, Status, Successfully Completed, Status, Successfully Completed, Status, Successfully Completed, Status, Successfully Completed, Status, Successfully Completed, Status, Successfully Completed, Status, Successfully Completed, Status, Successfully Completed, Status, Successfully Completed, Status, Successfully Completed, Status, Successfully Completed, Status, Successfully Completed, Status, Successfully Completed, Status, Successfully Completed, Status, Successfully Completed, Status, Successfully Completed, Status, Successfully Completed, Status, Successfully Completed, Status, Successfully Completed, Status, Successfully Completed, Status, Successfully Completed, Status, Successfully Completed, Status, Successfully Completed, Status, Successfully Completed, Status, Successfully Completed, Status, Successfully Completed, Status, Successfully Completed, Status, Successfully Completed, Status, Successfully Completed, Status, Successfully Completed, Status, Successfully Completed, Status, Successfully Completed, Status, Successfully Completed, Status, Successfully Completed, Status, Successfully Completed, Status, Successfully Completed, Status, Successfully Completed, Status, Successfully Completed, Status, Successfully Completed, Status, Successfully Completed, Status, Successfully Completed, Status, Successfully Completed, Status, Successfully Completed, Status, Successfully Completed, Status, Successfully Completed, Status, Successfully Completed, Status, Successfully Completed, Status, Successfully Completed, Status, Successfully Completed, Status, Successfully Completed, Status, Successfully Completed, Status, Successfully Completed, Status, Successfully Completed, Status, Successfully Completed, Status, Successfully Completed, Status, Successfully Completed, Status, Successfully Completed, Status, Successfully Completed, Status, Successfully Completed, Status, Successfully Completed, Status, Successfully Completed, Status, Successfully Completed, Status, Successfully Completed, Status, Successfully Completed, Status, Successfully Completed, Status, Successfully Completed, Status, Successfully Completed, Status, Successfully Completed, Status, Successfully Completed, Status, Successfully Completed, Status, Successfully Completed, Status, Successfully Completed, Status, Successfully Completed, Status, Successfully Completed, Status, Successfully Completed, Status, Successfully Completed, Status, Successfully Completed, Status, Successfully Completed, Status, Successfully Completed, Status, Successfully Completed, Status, Successfully Completed, Status, Successfully Completed, Status, Successfully Completed, Status, Successfully Completed, Status, Successfully Completed, Status, Successfully Completed, Status, Successfully Completed, Status, Successfully Completed, Status, Successfully Completed, Status, Successfully Completed, Status, Successfully Completed, Status, Successfully Completed, Status, Successfully Completed, Status, Successfully Completed, Status, Successfully Completed, Status, Successfully Completed, Status, Successfully Completed, Status, Successfully Completed, Status, Successfully Completed, Status, Successfully Completed, Status, Successfully Completed, Status, Successfully Completed, Status, Successfully Completed, Status, Successfully Completed, Status, Successfully Completed, Status, Successfully Completed, Status]
[neelback4more@gmail.com, Subho1991*, Status, Successfully Completed, Status, Successfully Completed, Status, Successfully Completed, Status, Successfully Completed, Status, Successfully Completed, Status, Successfully Completed, Status, Successfully Completed, Status, Successfully Completed, Status, Successfully Completed, Status, Successfully Completed, Status, Successfully Completed, Status, Successfully Completed, Status, Successfully Completed, Status, Successfully Completed, Status, Successfully Completed, Status, Successfully Completed, Status, Successfully Completed, Status, Successfully Completed, Status, Successfully Completed, Status, Successfully Completed, Status, Successfully Completed, Status, Successfully Completed, Status, Successfully Completed, Status, Successfully Completed, Status, Successfully Completed, Status, Successfully Completed, Status, Successfully Completed, Status, Successfully Completed, Status, Successfully Completed, Status, Successfully Completed, Status, Successfully Completed, Status, Successfully Completed, Status, Successfully Completed, Status, Successfully Completed, Status, Successfully Completed, Status, Successfully Completed, Status, Successfully Completed, Status, Successfully Completed, Status, Successfully Completed, Status, Successfully Completed, Status, Successfully Completed, Status, Successfully Completed, Status, Successfully Completed, Status, Successfully Completed, Status, Successfully Completed, Status, Successfully Completed, Status, Successfully Completed, Status, Successfully Completed, Status, Successfully Completed, Status, Successfully Completed, Status, Successfully Completed, Status, Successfully Completed, Status, Successfully Completed, Status, Successfully Completed, Status, Successfully Completed, Status, Successfully Completed, Status, Successfully Completed, Status, Successfully Completed, Status, Successfully Completed, Status, Successfully Completed, Status, Successfully Completed, Status, Successfully Completed, Status, Successfully Completed, Status, Successfully Completed, Status, Successfully Completed, Status, Successfully Completed, Status, Successfully Completed, Status, Successfully Completed, Status, Successfully Completed, Status, Successfully Completed, Status, Successfully Completed, Status, Successfully Completed, Status, Successfully Completed, Status, Successfully Completed, Status, Successfully Completed, Status, Successfully Completed, Status, Successfully Completed, Status, Successfully Completed, Status, Successfully Completed, Status, Successfully Completed, Status, Successfully Completed, Status, Successfully Completed, Status, Successfully Completed, Status, Successfully Completed, Status, Successfully Completed, Status, Successfully Completed, Status, Successfully Completed, Status, Successfully Completed, Status, Successfully Completed, Status, Successfully Completed, Status, Successfully Completed, Status, Successfully Completed, Status, Successfully Completed, Status, Successfully Completed, Status, Successfully Completed, Status, Successfully Completed, Status, Successfully Completed, Status, Successfully Completed, Status, Successfully Completed, Status, Successfully Completed, Status, Successfully Completed, Status, Successfully Completed, Status, Successfully Completed, Status, Successfully Completed, Status, Successfully Completed, Status, Successfully Completed, Status, Successfully Completed, Status, Successfully Completed, Status, Successfully Completed, Status, Successfully Completed, Status, Successfully Completed, Status, Successfully Completed, Status, Successfully Completed, Status, Successfully Completed, Status, Successfully Completed, Status, Successfully Completed, Status, Successfully Completed, Status, Successfully Completed, Status, Successfully Completed, Status, Successfully Completed, Status, Successfully Completed, Status, Successfully Completed, Status, Successfully Completed, Status, Successfully Completed, Status, Successfully Completed, Status, Successfully Completed, Status, Successfully Completed, Status, Successfully Completed, Status, Successfully Completed, Status, Successfully Completed, Status, Successfully Completed, Status, Successfully Completed, Status, Successfully Completed, Status, Successfully Completed, Status, Successfully Completed, Status, Successfully Completed, Status, Successfully Completed, Status, Successfully Completed, Status, Successfully Completed, Status, Successfully Completed, Status, Successfully Completed, Status, Successfully Completed, Status, Successfully Completed, Status, Successfully Completed, Status, Successfully Completed, Status, Successfully Completed, Status, Successfully Completed, Status, Successfully Completed, Status, Successfully Completed, Status, Successfully Completed, Status, Successfully Completed, Status, Successfully Completed, Status, Successfully Completed, Status, Successfully Completed, Status, Successfully Completed, Status, Successfully Completed, Status, Successfully Completed, Status, Successfully Completed, Status, Successfully Completed, Status, Successfully Completed, Status, Successfully Completed, Status, Successfully Completed, Status, Successfully Completed, Status, Successfully Completed, Status, Successfully Completed, Status, Successfully Completed, Status, Successfully Completed, Status, Successfully Completed, Status, Successfully Completed, Status, Successfully Completed, Status, Successfully Completed, Status, Successfully Completed, Status, Successfully Completed, Status, Successfully Completed, Status, Successfully Completed, Status, Successfully Completed, Status, Successfully Completed, Status, Successfully Completed, Status, Successfully Completed, Status, Successfully Completed, Status, Successfully Completed, Status, Successfully Completed, Status, Successfully Completed, Status, Successfully Completed, Status, Successfully Completed, Status, Successfully Completed, Status, Successfully Completed, Status, Successfully Completed, Status, Successfully Completed, Status, Successfully Completed, Status, Successfully Completed, Status, Successfully Completed, Status, Successfully Completed, Status, Successfully Completed, Status, Successfully Completed, Status, Successfully Completed, Status, Successfully Completed, Status, Successfully Completed, Status, Successfully Completed, Status, Successfully Completed, Status, Successfully Completed, Status, Successfully Completed, Status, Successfully Completed, Status, Successfully Completed, Status, Successfully Completed, Status, Successfully Completed, Status, Successfully Completed, Status, Successfully Completed, Status, Successfully Completed, Status, Successfully Completed, Status, Successfully Completed, Status, Successfully Completed, Status, Successfully Completed, Status, Successfully Completed, Status, Successfully Completed, Status, Successfully Completed, Status, Successfully Completed, Status, Successfully Completed, Status, Successfully Completed, Status, Successfully Completed, Status, Successfully Completed, Status, Successfully Completed, Status, Successfully Completed, Status, Successfully Completed, Status, Successfully Completed, Status, Successfully Completed, Status, Successfully Completed, Status, Successfully Completed, Status, Successfully Completed, Status, Successfully Completed, Status, Successfully Completed, Status, Successfully Completed, Status, Successfully Completed, Status, Successfully Completed, Status, Successfully Completed, Status, Successfully Completed, Status, Successfully Completed, Status, Successfully Completed, Status, Successfully Completed, Status, Successfully Completed, Status, Successfully Completed, Status, Successfully Completed, Status, Successfully Completed, Status, Successfully Completed, Status, Successfully Completed, Status, Successfully Completed, Status, Successfully Completed, Status, Successfully Completed, Status, Successfully Completed, Status, Successfully Completed, Status, Successfully Completed, Status, Successfully Completed, Status, Successfully Completed, Status, Successfully Completed, Status, Successfully Completed, Status, Successfully Completed, Status, Successfully Completed, Status, Successfully Completed, Status, Successfully Completed, Status, Successfully Completed, Status, Successfully Completed, Status, Successfully Completed, Status, Successfully Completed, Status, Successfully Completed, Status, Successfully Completed, Status, Successfully Completed, Status, Successfully Completed, Status, Successfully Completed, Status, Successfully Completed, Status, Successfully Completed, Status, Successfully Completed, Status, Successfully Completed, Status, Successfully Completed, Status, Successfully Completed, Status, Successfully Completed, Status, Successfully Completed, Status, Successfully Completed, Status, Successfully Completed, Status, Successfully Completed, Status, Successfully Completed, Status, Successfully Completed, Status, Successfully Completed, Status, Successfully Completed, Status, Successfully Completed, Status, Successfully Completed, Status, Successfully Completed, Status, Successfully Completed, Status, Successfully Completed, Status, Successfully Completed, Status, Successfully Completed, Status, Successfully Completed, Status, Successfully Completed, Status, Successfully Completed]
[neelback4more@gmail.com, Subho1991*, Status, Successfully Completed, Status, Successfully Completed, Status, Successfully Completed, Status, Successfully Completed, Status, Successfully Completed, Status, Successfully Completed, Status, Successfully Completed, Status, Successfully Completed, Status, Successfully Completed, Status, Successfully Completed, Status, Successfully Completed, Status, Successfully Completed, Status, Successfully Completed, Status, Successfully Completed, Status, Successfully Completed, Status, Successfully Completed, Status, Successfully Completed, Status, Successfully Completed, Status, Successfully Completed, Status, Successfully Completed, Status, Successfully Completed, Status, Successfully Completed, Status, Successfully Completed, Status, Successfully Completed, Status, Successfully Completed, Status, Successfully Completed, Status, Successfully Completed, Status, Successfully Completed, Status, Successfully Completed, Status, Successfully Completed, Status, Successfully Completed, Status, Successfully Completed, Status, Successfully Completed, Status, Successfully Completed, Status, Successfully Completed, Status, Successfully Completed, Status, Successfully Completed, Status, Successfully Completed, Status, Successfully Completed, Status, Successfully Completed, Status, Successfully Completed, Status, Successfully Completed, Status, Successfully Completed, Status, Successfully Completed, Status, Successfully Completed, Status, Successfully Completed, Status, Successfully Completed, Status, Successfully Completed, Status, Successfully Completed, Status, Successfully Completed, Status, Successfully Completed, Status, Successfully Completed, Status, Successfully Completed, Status, Successfully Completed, Status, Successfully Completed, Status, Successfully Completed, Status, Successfully Completed, Status, Successfully Completed, Status, Successfully Completed, Status, Successfully Completed, Status, Successfully Completed, Status, Successfully Completed, Status, Successfully Completed, Status, Successfully Completed, Status, Successfully Completed, Status, Successfully Completed, Status, Successfully Completed, Status, Successfully Completed, Status, Successfully Completed, Status, Successfully Completed, Status, Successfully Completed, Status, Successfully Completed, Status, Successfully Completed, Status, Successfully Completed, Status, Successfully Completed, Status, Successfully Completed, Status, Successfully Completed, Status, Successfully Completed, Status, Successfully Completed, Status, Successfully Completed, Status, Successfully Completed, Status, Successfully Completed, Status, Successfully Completed, Status, Successfully Completed, Status, Successfully Completed, Status, Successfully Completed, Status, Successfully Completed, Status, Successfully Completed, Status, Successfully Completed, Status, Successfully Completed, Status, Successfully Completed, Status, Successfully Completed, Status, Successfully Completed, Status, Successfully Completed, Status, Successfully Completed, Status, Successfully Completed, Status, Successfully Completed, Status, Successfully Completed, Status, Successfully Completed, Status, Successfully Completed, Status, Successfully Completed, Status, Successfully Completed, Status, Successfully Completed, Status, Successfully Completed, Status, Successfully Completed, Status, Successfully Completed, Status, Successfully Completed, Status, Successfully Completed, Status, Successfully Completed, Status, Successfully Completed, Status, Successfully Completed, Status, Successfully Completed, Status, Successfully Completed, Status, Successfully Completed, Status, Successfully Completed, Status, Successfully Completed, Status, Successfully Completed, Status, Successfully Completed, Status, Successfully Completed, Status, Successfully Completed, Status, Successfully Completed, Status, Successfully Completed, Status, Successfully Completed, Status, Successfully Completed, Status, Successfully Completed, Status, Successfully Completed, Status, Successfully Completed, Status, Successfully Completed, Status, Successfully Completed, Status, Successfully Completed, Status, Successfully Completed, Status, Successfully Completed, Status, Successfully Completed, Status, Successfully Completed, Status, Successfully Completed, Status, Successfully Completed, Status, Successfully Completed, Status, Successfully Completed, Status, Successfully Completed, Status, Successfully Completed, Status, Successfully Completed, Status, Successfully Completed, Status, Successfully Completed, Status, Successfully Completed, Status, Successfully Completed, Status, Successfully Completed, Status, Successfully Completed, Status, Successfully Completed, Status, Successfully Completed, Status, Successfully Completed, Status, Successfully Completed, Status, Successfully Completed, Status, Successfully Completed, Status, Successfully Completed, Status, Successfully Completed, Status, Successfully Completed, Status, Successfully Completed, Status, Successfully Completed, Status, Successfully Completed, Status, Successfully Completed, Status, Successfully Completed, Status, Successfully Completed, Status, Successfully Completed, Status, Successfully Completed, Status, Successfully Completed, Status, Successfully Completed, Status, Successfully Completed, Status, Successfully Completed, Status, Successfully Completed, Status, Successfully Completed, Status, Successfully Completed, Status, Successfully Completed, Status, Successfully Completed, Status, Successfully Completed, Status, Successfully Completed, Status, Successfully Completed, Status, Successfully Completed, Status, Successfully Completed, Status, Successfully Completed, Status, Successfully Completed, Status, Successfully Completed, Status, Successfully Completed, Status, Successfully Completed, Status, Successfully Completed, Status, Successfully Completed, Status, Successfully Completed, Status, Successfully Completed, Status, Successfully Completed, Status, Successfully Completed, Status, Successfully Completed, Status, Successfully Completed, Status, Successfully Completed, Status, Successfully Completed, Status, Successfully Completed, Status, Successfully Completed, Status, Successfully Completed, Status, Successfully Completed, Status, Successfully Completed, Status, Successfully Completed, Status, Successfully Completed, Status, Successfully Completed, Status, Successfully Completed, Status, Successfully Completed, Status, Successfully Completed, Status, Successfully Completed, Status, Successfully Completed, Status, Successfully Completed, Status, Successfully Completed, Status, Successfully Completed, Status, Successfully Completed, Status, Successfully Completed, Status, Successfully Completed, Status, Successfully Completed, Status, Successfully Completed, Status, Successfully Completed, Status, Successfully Completed, Status, Successfully Completed, Status, Successfully Completed, Status, Successfully Completed, Status, Successfully Completed, Status, Successfully Completed, Status, Successfully Completed, Status, Successfully Completed, Status, Successfully Completed, Status, Successfully Completed, Status, Successfully Completed, Status, Successfully Completed, Status, Successfully Completed, Status, Successfully Completed, Status, Successfully Completed, Status, Successfully Completed, Status, Successfully Completed, Status, Successfully Completed, Status, Successfully Completed, Status, Successfully Completed, Status, Successfully Completed, Status, Successfully Completed, Status, Successfully Completed, Status, Successfully Completed, Status, Successfully Completed, Status, Successfully Completed, Status, Successfully Completed, Status, Successfully Completed, Status, Successfully Completed, Status, Successfully Completed, Status, Successfully Completed, Status, Successfully Completed, Status, Successfully Completed, Status, Successfully Completed, Status, Successfully Completed, Status, Successfully Completed, Status, Successfully Completed, Status, Successfully Completed, Status, Successfully Completed, Status, Successfully Completed, Status, Successfully Completed, Status, Successfully Completed, Status, Successfully Completed, Status, Successfully Completed, Status, Successfully Completed, Status, Successfully Completed, Status, Successfully Completed, Status, Successfully Completed, Status, Successfully Completed, Status, Successfully Completed, Status, Successfully Completed, Status, Successfully Completed, Status, Successfully Completed, Status, Successfully Completed, Status, Successfully Completed, Status, Successfully Completed, Status, Successfully Completed, Status, Successfully Completed, Status, Successfully Completed, Status, Successfully Completed, Status, Successfully Completed, Status, Successfully Completed, Status, Successfully Completed, Status, Successfully Completed, Status, Successfully Completed, Status, Successfully Completed, Status, Successfully Completed, Status, Successfully Completed, Status, Successfully Completed, Status, Successfully Completed, Status, Successfully Completed, Status, Successfully Completed, Status, Successfully Completed, Status, Successfully Completed, Status, Successfully Completed, Status, Successfully Completed, Status, Successfully Completed, Status, Successfully Completed, Status]
[neelback4more@gmail.com, Subho1991*, Status, Successfully Completed, Status, Successfully Completed, Status, Successfully Completed, Status, Successfully Completed, Status, Successfully Completed, Status, Successfully Completed, Status, Successfully Completed, Status, Successfully Completed, Status, Successfully Completed, Status, Successfully Completed, Status, Successfully Completed, Status, Successfully Completed, Status, Successfully Completed, Status, Successfully Completed, Status, Successfully Completed, Status, Successfully Completed, Status, Successfully Completed, Status, Successfully Completed, Status, Successfully Completed, Status, Successfully Completed, Status, Successfully Completed, Status, Successfully Completed, Status, Successfully Completed, Status, Successfully Completed, Status, Successfully Completed, Status, Successfully Completed, Status, Successfully Completed, Status, Successfully Completed, Status, Successfully Completed, Status, Successfully Completed, Status, Successfully Completed, Status, Successfully Completed, Status, Successfully Completed, Status, Successfully Completed, Status, Successfully Completed, Status, Successfully Completed, Status, Successfully Completed, Status, Successfully Completed, Status, Successfully Completed, Status, Successfully Completed, Status, Successfully Completed, Status, Successfully Completed, Status, Successfully Completed, Status, Successfully Completed, Status, Successfully Completed, Status, Successfully Completed, Status, Successfully Completed, Status, Successfully Completed, Status, Successfully Completed, Status, Successfully Completed, Status, Successfully Completed, Status, Successfully Completed, Status, Successfully Completed, Status, Successfully Completed, Status, Successfully Completed, Status, Successfully Completed, Status, Successfully Completed, Status, Successfully Completed, Status, Successfully Completed, Status, Successfully Completed, Status, Successfully Completed, Status, Successfully Completed, Status, Successfully Completed, Status, Successfully Completed, Status, Successfully Completed, Status, Successfully Completed, Status, Successfully Completed, Status, Successfully Completed, Status, Successfully Completed, Status, Successfully Completed, Status, Successfully Completed, Status, Successfully Completed, Status, Successfully Completed, Status, Successfully Completed, Status, Successfully Completed, Status, Successfully Completed, Status, Successfully Completed, Status, Successfully Completed, Status, Successfully Completed, Status, Successfully Completed, Status, Successfully Completed, Status, Successfully Completed, Status, Successfully Completed, Status, Successfully Completed, Status, Successfully Completed, Status, Successfully Completed, Status, Successfully Completed, Status, Successfully Completed, Status, Successfully Completed, Status, Successfully Completed, Status, Successfully Completed, Status, Successfully Completed, Status, Successfully Completed, Status, Successfully Completed, Status, Successfully Completed, Status, Successfully Completed, Status, Successfully Completed, Status, Successfully Completed, Status, Successfully Completed, Status, Successfully Completed, Status, Successfully Completed, Status, Successfully Completed, Status, Successfully Completed, Status, Successfully Completed, Status, Successfully Completed, Status, Successfully Completed, Status, Successfully Completed, Status, Successfully Completed, Status, Successfully Completed, Status, Successfully Completed, Status, Successfully Completed, Status, Successfully Completed, Status, Successfully Completed, Status, Successfully Completed, Status, Successfully Completed, Status, Successfully Completed, Status, Successfully Completed, Status, Successfully Completed, Status, Successfully Completed, Status, Successfully Completed, Status, Successfully Completed, Status, Successfully Completed, Status, Successfully Completed, Status, Successfully Completed, Status, Successfully Completed, Status, Successfully Completed, Status, Successfully Completed, Status, Successfully Completed, Status, Successfully Completed, Status, Successfully Completed, Status, Successfully Completed, Status, Successfully Completed, Status, Successfully Completed, Status, Successfully Completed, Status, Successfully Completed, Status, Successfully Completed, Status, Successfully Completed, Status, Successfully Completed, Status, Successfully Completed, Status, Successfully Completed, Status, Successfully Completed, Status, Successfully Completed, Status, Successfully Completed, Status, Successfully Completed, Status, Successfully Completed, Status, Successfully Completed, Status, Successfully Completed, Status, Successfully Completed, Status, Successfully Completed, Status, Successfully Completed, Status, Successfully Completed, Status, Successfully Completed, Status, Successfully Completed, Status, Successfully Completed, Status, Successfully Completed, Status, Successfully Completed, Status, Successfully Completed, Status, Successfully Completed, Status, Successfully Completed, Status, Successfully Completed, Status, Successfully Completed, Status, Successfully Completed, Status, Successfully Completed, Status, Successfully Completed, Status, Successfully Completed, Status, Successfully Completed, Status, Successfully Completed, Status, Successfully Completed, Status, Successfully Completed, Status, Successfully Completed, Status, Successfully Completed, Status, Successfully Completed, Status, Successfully Completed, Status, Successfully Completed, Status, Successfully Completed, Status, Successfully Completed, Status, Successfully Completed, Status, Successfully Completed, Status, Successfully Completed, Status, Successfully Completed, Status, Successfully Completed, Status, Successfully Completed, Status, Successfully Completed, Status, Successfully Completed, Status, Successfully Completed, Status, Successfully Completed, Status, Successfully Completed, Status, Successfully Completed, Status, Successfully Completed, Status, Successfully Completed, Status, Successfully Completed, Status, Successfully Completed, Status, Successfully Completed, Status, Successfully Completed, Status, Successfully Completed, Status, Successfully Completed, Status, Successfully Completed, Status, Successfully Completed, Status, Successfully Completed, Status, Successfully Completed, Status, Successfully Completed, Status, Successfully Completed, Status, Successfully Completed, Status, Successfully Completed, Status, Successfully Completed, Status, Successfully Completed, Status, Successfully Completed, Status, Successfully Completed, Status, Successfully Completed, Status, Successfully Completed, Status, Successfully Completed, Status, Successfully Completed, Status, Successfully Completed, Status, Successfully Completed, Status, Successfully Completed, Status, Successfully Completed, Status, Successfully Completed, Status, Successfully Completed, Status, Successfully Completed, Status, Successfully Completed, Status, Successfully Completed, Status, Successfully Completed, Status, Successfully Completed, Status, Successfully Completed, Status, Successfully Completed, Status, Successfully Completed, Status, Successfully Completed, Status, Successfully Completed, Status, Successfully Completed, Status, Successfully Completed, Status, Successfully Completed, Status, Successfully Completed, Status, Successfully Completed, Status, Successfully Completed, Status, Successfully Completed, Status, Successfully Completed, Status, Successfully Completed, Status, Successfully Completed, Status, Successfully Completed, Status, Successfully Completed, Status, Successfully Completed, Status, Successfully Completed, Status, Successfully Completed, Status, Successfully Completed, Status, Successfully Completed, Status, Successfully Completed, Status, Successfully Completed, Status, Successfully Completed, Status, Successfully Completed, Status, Successfully Completed, Status, Successfully Completed, Status, Successfully Completed, Status, Successfully Completed, Status, Successfully Completed, Status, Successfully Completed, Status, Successfully Completed, Status, Successfully Completed, Status, Successfully Completed, Status, Successfully Completed, Status, Successfully Completed, Status, Successfully Completed, Status, Successfully Completed, Status, Successfully Completed, Status, Successfully Completed, Status, Successfully Completed, Status, Successfully Completed, Status, Successfully Completed, Status, Successfully Completed, Status, Successfully Completed, Status, Successfully Completed, Status, Successfully Completed, Status, Successfully Completed, Status, Successfully Completed, Status, Successfully Completed, Status, Successfully Completed, Status, Successfully Completed, Status, Successfully Completed, Status, Successfully Completed, Status, Successfully Completed, Status, Successfully Completed, Status, Successfully Completed, Status, Successfully Completed, Status, Successfully Completed, Status, Successfully Completed, Status, Successfully Completed, Status, Successfully Completed, Status, Successfully Completed, Status, Successfully Completed, Status, Successfully Completed, Status, Successfully Completed, Status, Successfully Completed, Status, Successfully Completed, Status, Successfully Completed, Status, Successfully Completed]
[neelback4more@gmail.com, Subho1991*, Status, Successfully Completed, Status, Successfully Completed, Status, Successfully Completed, Status, Successfully Completed, Status, Successfully Completed, Status, Successfully Completed, Status, Successfully Completed, Status, Successfully Completed, Status, Successfully Completed, Status, Successfully Completed, Status, Successfully Completed, Status, Successfully Completed, Status, Successfully Completed, Status, Successfully Completed, Status, Successfully Completed, Status, Successfully Completed, Status, Successfully Completed, Status, Successfully Completed, Status, Successfully Completed, Status, Successfully Completed, Status, Successfully Completed, Status, Successfully Completed, Status, Successfully Completed, Status, Successfully Completed, Status, Successfully Completed, Status, Successfully Completed, Status, Successfully Completed, Status, Successfully Completed, Status, Successfully Completed, Status, Successfully Completed, Status, Successfully Completed, Status, Successfully Completed, Status, Successfully Completed, Status, Successfully Completed, Status, Successfully Completed, Status, Successfully Completed, Status, Successfully Completed, Status, Successfully Completed, Status, Successfully Completed, Status, Successfully Completed, Status, Successfully Completed, Status, Successfully Completed, Status, Successfully Completed, Status, Successfully Completed, Status, Successfully Completed, Status, Successfully Completed, Status, Successfully Completed, Status, Successfully Completed, Status, Successfully Completed, Status, Successfully Completed, Status, Successfully Completed, Status, Successfully Completed, Status, Successfully Completed, Status, Successfully Completed, Status, Successfully Completed, Status, Successfully Completed, Status, Successfully Completed, Status, Successfully Completed, Status, Successfully Completed, Status, Successfully Completed, Status, Successfully Completed, Status, Successfully Completed, Status, Successfully Completed, Status, Successfully Completed, Status, Successfully Completed, Status, Successfully Completed, Status, Successfully Completed, Status, Successfully Completed, Status, Successfully Completed, Status, Successfully Completed, Status, Successfully Completed, Status, Successfully Completed, Status, Successfully Completed, Status, Successfully Completed, Status, Successfully Completed, Status, Successfully Completed, Status, Successfully Completed, Status, Successfully Completed, Status, Successfully Completed, Status, Successfully Completed, Status, Successfully Completed, Status, Successfully Completed, Status, Successfully Completed, Status, Successfully Completed, Status, Successfully Completed, Status, Successfully Completed, Status, Successfully Completed, Status, Successfully Completed, Status, Successfully Completed, Status, Successfully Completed, Status, Successfully Completed, Status, Successfully Completed, Status, Successfully Completed, Status, Successfully Completed, Status, Successfully Completed, Status, Successfully Completed, Status, Successfully Completed, Status, Successfully Completed, Status, Successfully Completed, Status, Successfully Completed, Status, Successfully Completed, Status, Successfully Completed, Status, Successfully Completed, Status, Successfully Completed, Status, Successfully Completed, Status, Successfully Completed, Status, Successfully Completed, Status, Successfully Completed, Status, Successfully Completed, Status, Successfully Completed, Status, Successfully Completed, Status, Successfully Completed, Status, Successfully Completed, Status, Successfully Completed, Status, Successfully Completed, Status, Successfully Completed, Status, Successfully Completed, Status, Successfully Completed, Status, Successfully Completed, Status, Successfully Completed, Status, Successfully Completed, Status, Successfully Completed, Status, Successfully Completed, Status, Successfully Completed, Status, Successfully Completed, Status, Successfully Completed, Status, Successfully Completed, Status, Successfully Completed, Status, Successfully Completed, Status, Successfully Completed, Status, Successfully Completed, Status, Successfully Completed, Status, Successfully Completed, Status, Successfully Completed, Status, Successfully Completed, Status, Successfully Completed, Status, Successfully Completed, Status, Successfully Completed, Status, Successfully Completed, Status, Successfully Completed, Status, Successfully Completed, Status, Successfully Completed, Status, Successfully Completed, Status, Successfully Completed, Status, Successfully Completed, Status, Successfully Completed, Status, Successfully Completed, Status, Successfully Completed, Status, Successfully Completed, Status, Successfully Completed, Status, Successfully Completed, Status, Successfully Completed, Status, Successfully Completed, Status, Successfully Completed, Status, Successfully Completed, Status, Successfully Completed, Status, Successfully Completed, Status, Successfully Completed, Status, Successfully Completed, Status, Successfully Completed, Status, Successfully Completed, Status, Successfully Completed, Status, Successfully Completed, Status, Successfully Completed, Status, Successfully Completed, Status, Successfully Completed, Status, Successfully Completed, Status, Successfully Completed, Status, Successfully Completed, Status, Successfully Completed, Status, Successfully Completed, Status, Successfully Completed, Status, Successfully Completed, Status, Successfully Completed, Status, Successfully Completed, Status, Successfully Completed, Status, Successfully Completed, Status, Successfully Completed, Status, Successfully Completed, Status, Successfully Completed, Status, Successfully Completed, Status, Successfully Completed, Status, Successfully Completed, Status, Successfully Completed, Status, Successfully Completed, Status, Successfully Completed, Status, Successfully Completed, Status, Successfully Completed, Status, Successfully Completed, Status, Successfully Completed, Status, Successfully Completed, Status, Successfully Completed, Status, Successfully Completed, Status, Successfully Completed, Status, Successfully Completed, Status, Successfully Completed, Status, Successfully Completed, Status, Successfully Completed, Status, Successfully Completed, Status, Successfully Completed, Status, Successfully Completed, Status, Successfully Completed, Status, Successfully Completed, Status, Successfully Completed, Status, Successfully Completed, Status, Successfully Completed, Status, Successfully Completed, Status, Successfully Completed, Status, Successfully Completed, Status, Successfully Completed, Status, Successfully Completed, Status, Successfully Completed, Status, Successfully Completed, Status, Successfully Completed, Status, Successfully Completed, Status, Successfully Completed, Status, Successfully Completed, Status, Successfully Completed, Status, Successfully Completed, Status, Successfully Completed, Status, Successfully Completed, Status, Successfully Completed, Status, Successfully Completed, Status, Successfully Completed, Status, Successfully Completed, Status, Successfully Completed, Status, Successfully Completed, Status, Successfully Completed, Status, Successfully Completed, Status, Successfully Completed, Status, Successfully Completed, Status, Successfully Completed, Status, Successfully Completed, Status, Successfully Completed, Status, Successfully Completed, Status, Successfully Completed, Status, Successfully Completed, Status, Successfully Completed, Status, Successfully Completed, Status, Successfully Completed, Status, Successfully Completed, Status, Successfully Completed, Status, Successfully Completed, Status, Successfully Completed, Status, Successfully Completed, Status, Successfully Completed, Status, Successfully Completed, Status, Successfully Completed, Status, Successfully Completed, Status, Successfully Completed, Status, Successfully Completed, Status, Successfully Completed, Status, Successfully Completed, Status, Successfully Completed, Status, Successfully Completed, Status, Successfully Completed, Status, Successfully Completed, Status, Successfully Completed, Status, Successfully Completed, Status, Successfully Completed, Status, Successfully Completed, Status, Successfully Completed, Status, Successfully Completed, Status, Successfully Completed, Status, Successfully Completed, Status, Successfully Completed, Status, Successfully Completed, Status, Successfully Completed, Status, Successfully Completed, Status, Successfully Completed, Status, Successfully Completed, Status, Successfully Completed, Status, Successfully Completed, Status, Successfully Completed, Status, Successfully Completed, Status, Successfully Completed, Status, Successfully Completed, Status, Successfully Completed, Status, Successfully Completed, Status, Successfully Completed, Status, Successfully Completed, Status, Successfully Completed, Status, Successfully Completed, Status, Successfully Completed, Status, Successfully Completed, Status, Successfully Completed, Status, Successfully Completed, Status, Successfully Completed, Status, Successfully Completed, Status, Successfully Completed, Status, Successfully Completed, Status, Successfully Completed, Status, Successfully Completed, Status, Successfully Completed, Status]
[neelback4more@gmail.com, Subho1991*, Status, Successfully Completed, Status, Successfully Completed, Status, Successfully Completed, Status, Successfully Completed, Status, Successfully Completed, Status, Successfully Completed, Status, Successfully Completed, Status, Successfully Completed, Status, Successfully Completed, Status, Successfully Completed, Status, Successfully Completed, Status, Successfully Completed, Status, Successfully Completed, Status, Successfully Completed, Status, Successfully Completed, Status, Successfully Completed, Status, Successfully Completed, Status, Successfully Completed, Status, Successfully Completed, Status, Successfully Completed, Status, Successfully Completed, Status, Successfully Completed, Status, Successfully Completed, Status, Successfully Completed, Status, Successfully Completed, Status, Successfully Completed, Status, Successfully Completed, Status, Successfully Completed, Status, Successfully Completed, Status, Successfully Completed, Status, Successfully Completed, Status, Successfully Completed, Status, Successfully Completed, Status, Successfully Completed, Status, Successfully Completed, Status, Successfully Completed, Status, Successfully Completed, Status, Successfully Completed, Status, Successfully Completed, Status, Successfully Completed, Status, Successfully Completed, Status, Successfully Completed, Status, Successfully Completed, Status, Successfully Completed, Status, Successfully Completed, Status, Successfully Completed, Status, Successfully Completed, Status, Successfully Completed, Status, Successfully Completed, Status, Successfully Completed, Status, Successfully Completed, Status, Successfully Completed, Status, Successfully Completed, Status, Successfully Completed, Status, Successfully Completed, Status, Successfully Completed, Status, Successfully Completed, Status, Successfully Completed, Status, Successfully Completed, Status, Successfully Completed, Status, Successfully Completed, Status, Successfully Completed, Status, Successfully Completed, Status, Successfully Completed, Status, Successfully Completed, Status, Successfully Completed, Status, Successfully Completed, Status, Successfully Completed, Status, Successfully Completed, Status, Successfully Completed, Status, Successfully Completed, Status, Successfully Completed, Status, Successfully Completed, Status, Successfully Completed, Status, Successfully Completed, Status, Successfully Completed, Status, Successfully Completed, Status, Successfully Completed, Status, Successfully Completed, Status, Successfully Completed, Status, Successfully Completed, Status, Successfully Completed, Status, Successfully Completed, Status, Successfully Completed, Status, Successfully Completed, Status, Successfully Completed, Status, Successfully Completed, Status, Successfully Completed, Status, Successfully Completed, Status, Successfully Completed, Status, Successfully Completed, Status, Successfully Completed, Status, Successfully Completed, Status, Successfully Completed, Status, Successfully Completed, Status, Successfully Completed, Status, Successfully Completed, Status, Successfully Completed, Status, Successfully Completed, Status, Successfully Completed, Status, Successfully Completed, Status, Successfully Completed, Status, Successfully Completed, Status, Successfully Completed, Status, Successfully Completed, Status, Successfully Completed, Status, Successfully Completed, Status, Successfully Completed, Status, Successfully Completed, Status, Successfully Completed, Status, Successfully Completed, Status, Successfully Completed, Status, Successfully Completed, Status, Successfully Completed, Status, Successfully Completed, Status, Successfully Completed, Status, Successfully Completed, Status, Successfully Completed, Status, Successfully Completed, Status, Successfully Completed, Status, Successfully Completed, Status, Successfully Completed, Status, Successfully Completed, Status, Successfully Completed, Status, Successfully Completed, Status, Successfully Completed, Status, Successfully Completed, Status, Successfully Completed, Status, Successfully Completed, Status, Successfully Completed, Status, Successfully Completed, Status, Successfully Completed, Status, Successfully Completed, Status, Successfully Completed, Status, Successfully Completed, Status, Successfully Completed, Status, Successfully Completed, Status, Successfully Completed, Status, Successfully Completed, Status, Successfully Completed, Status, Successfully Completed, Status, Successfully Completed, Status, Successfully Completed, Status, Successfully Completed, Status, Successfully Completed, Status, Successfully Completed, Status, Successfully Completed, Status, Successfully Completed, Status, Successfully Completed, Status, Successfully Completed, Status, Successfully Completed, Status, Successfully Completed, Status, Successfully Completed, Status, Successfully Completed, Status, Successfully Completed, Status, Successfully Completed, Status, Successfully Completed, Status, Successfully Completed, Status, Successfully Completed, Status, Successfully Completed, Status, Successfully Completed, Status, Successfully Completed, Status, Successfully Completed, Status, Successfully Completed, Status, Successfully Completed, Status, Successfully Completed, Status, Successfully Completed, Status, Successfully Completed, Status, Successfully Completed, Status, Successfully Completed, Status, Successfully Completed, Status, Successfully Completed, Status, Successfully Completed, Status, Successfully Completed, Status, Successfully Completed, Status, Successfully Completed, Status, Successfully Completed, Status, Successfully Completed, Status, Successfully Completed, Status, Successfully Completed, Status, Successfully Completed, Status, Successfully Completed, Status, Successfully Completed, Status, Successfully Completed, Status, Successfully Completed, Status, Successfully Completed, Status, Successfully Completed, Status, Successfully Completed, Status, Successfully Completed, Status, Successfully Completed, Status, Successfully Completed, Status, Successfully Completed, Status, Successfully Completed, Status, Successfully Completed, Status, Successfully Completed, Status, Successfully Completed, Status, Successfully Completed, Status, Successfully Completed, Status, Successfully Completed, Status, Successfully Completed, Status, Successfully Completed, Status, Successfully Completed, Status, Successfully Completed, Status, Successfully Completed, Status, Successfully Completed, Status, Successfully Completed, Status, Successfully Completed, Status, Successfully Completed, Status, Successfully Completed, Status, Successfully Completed, Status, Successfully Completed, Status, Successfully Completed, Status, Successfully Completed, Status, Successfully Completed, Status, Successfully Completed, Status, Successfully Completed, Status, Successfully Completed, Status, Successfully Completed, Status, Successfully Completed, Status, Successfully Completed, Status, Successfully Completed, Status, Successfully Completed, Status, Successfully Completed, Status, Successfully Completed, Status, Successfully Completed, Status, Successfully Completed, Status, Successfully Completed, Status, Successfully Completed, Status, Successfully Completed, Status, Successfully Completed, Status, Successfully Completed, Status, Successfully Completed, Status, Successfully Completed, Status, Successfully Completed, Status, Successfully Completed, Status, Successfully Completed, Status, Successfully Completed, Status, Successfully Completed, Status, Successfully Completed, Status, Successfully Completed, Status, Successfully Completed, Status, Successfully Completed, Status, Successfully Completed, Status, Successfully Completed, Status, Successfully Completed, Status, Successfully Completed, Status, Successfully Completed, Status, Successfully Completed, Status, Successfully Completed, Status, Successfully Completed, Status, Successfully Completed, Status, Successfully Completed, Status, Successfully Completed, Status, Successfully Completed, Status, Successfully Completed, Status, Successfully Completed, Status, Successfully Completed, Status, Successfully Completed, Status, Successfully Completed, Status, Successfully Completed, Status, Successfully Completed, Status, Successfully Completed, Status, Successfully Completed, Status, Successfully Completed, Status, Successfully Completed, Status, Successfully Completed, Status, Successfully Completed, Status, Successfully Completed, Status, Successfully Completed, Status, Successfully Completed, Status, Successfully Completed, Status, Successfully Completed, Status, Successfully Completed, Status, Successfully Completed, Status, Successfully Completed, Status, Successfully Completed, Status, Successfully Completed, Status, Successfully Completed, Status, Successfully Completed, Status, Successfully Completed, Status, Successfully Completed, Status, Successfully Completed, Status, Successfully Completed, Status, Successfully Completed, Status, Successfully Completed, Status, Successfully Completed, Status, Successfully Completed, Status, Successfully Completed, Status, Successfully Completed, Status, Successfully Completed, Status, Successfully Completed, Status, Successfully Completed, Status, Successfully Completed, Status, Successfully Completed, Status, Successfully Completed]
[neelback4more@gmail.com, Subho1991*, Status, Successfully Completed, Status, Successfully Completed, Status, Successfully Completed, Status, Successfully Completed, Status, Successfully Completed, Status, Successfully Completed, Status, Successfully Completed, Status, Successfully Completed, Status, Successfully Completed, Status, Successfully Completed, Status, Successfully Completed, Status, Successfully Completed, Status, Successfully Completed, Status, Successfully Completed, Status, Successfully Completed, Status, Successfully Completed, Status, Successfully Completed, Status, Successfully Completed, Status, Successfully Completed, Status, Successfully Completed, Status, Successfully Completed, Status, Successfully Completed, Status, Successfully Completed, Status, Successfully Completed, Status, Successfully Completed, Status, Successfully Completed, Status, Successfully Completed, Status, Successfully Completed, Status, Successfully Completed, Status, Successfully Completed, Status, Successfully Completed, Status, Successfully Completed, Status, Successfully Completed, Status, Successfully Completed, Status, Successfully Completed, Status, Successfully Completed, Status, Successfully Completed, Status, Successfully Completed, Status, Successfully Completed, Status, Successfully Completed, Status, Successfully Completed, Status, Successfully Completed, Status, Successfully Completed, Status, Successfully Completed, Status, Successfully Completed, Status, Successfully Completed, Status, Successfully Completed, Status, Successfully Completed, Status, Successfully Completed, Status, Successfully Completed, Status, Successfully Completed, Status, Successfully Completed, Status, Successfully Completed, Status, Successfully Completed, Status, Successfully Completed, Status, Successfully Completed, Status, Successfully Completed, Status, Successfully Completed, Status, Successfully Completed, Status, Successfully Completed, Status, Successfully Completed, Status, Successfully Completed, Status, Successfully Completed, Status, Successfully Completed, Status, Successfully Completed, Status, Successfully Completed, Status, Successfully Completed, Status, Successfully Completed, Status, Successfully Completed, Status, Successfully Completed, Status, Successfully Completed, Status, Successfully Completed, Status, Successfully Completed, Status, Successfully Completed, Status, Successfully Completed, Status, Successfully Completed, Status, Successfully Completed, Status, Successfully Completed, Status, Successfully Completed, Status, Successfully Completed, Status, Successfully Completed, Status, Successfully Completed, Status, Successfully Completed, Status, Successfully Completed, Status, Successfully Completed, Status, Successfully Completed, Status, Successfully Completed, Status, Successfully Completed, Status, Successfully Completed, Status, Successfully Completed, Status, Successfully Completed, Status, Successfully Completed, Status, Successfully Completed, Status, Successfully Completed, Status, Successfully Completed, Status, Successfully Completed, Status, Successfully Completed, Status, Successfully Completed, Status, Successfully Completed, Status, Successfully Completed, Status, Successfully Completed, Status, Successfully Completed, Status, Successfully Completed, Status, Successfully Completed, Status, Successfully Completed, Status, Successfully Completed, Status, Successfully Completed, Status, Successfully Completed, Status, Successfully Completed, Status, Successfully Completed, Status, Successfully Completed, Status, Successfully Completed, Status, Successfully Completed, Status, Successfully Completed, Status, Successfully Completed, Status, Successfully Completed, Status, Successfully Completed, Status, Successfully Completed, Status, Successfully Completed, Status, Successfully Completed, Status, Successfully Completed, Status, Successfully Completed, Status, Successfully Completed, Status, Successfully Completed, Status, Successfully Completed, Status, Successfully Completed, Status, Successfully Completed, Status, Successfully Completed, Status, Successfully Completed, Status, Successfully Completed, Status, Successfully Completed, Status, Successfully Completed, Status, Successfully Completed, Status, Successfully Completed, Status, Successfully Completed, Status, Successfully Completed, Status, Successfully Completed, Status, Successfully Completed, Status, Successfully Completed, Status, Successfully Completed, Status, Successfully Completed, Status, Successfully Completed, Status, Successfully Completed, Status, Successfully Completed, Status, Successfully Completed, Status, Successfully Completed, Status, Successfully Completed, Status, Successfully Completed, Status, Successfully Completed, Status, Successfully Completed, Status, Successfully Completed, Status, Successfully Completed, Status, Successfully Completed, Status, Successfully Completed, Status, Successfully Completed, Status, Successfully Completed, Status, Successfully Completed, Status, Successfully Completed, Status, Successfully Completed, Status, Successfully Completed, Status, Successfully Completed, Status, Successfully Completed, Status, Successfully Completed, Status, Successfully Completed, Status, Successfully Completed, Status, Successfully Completed, Status, Successfully Completed, Status, Successfully Completed, Status, Successfully Completed, Status, Successfully Completed, Status, Successfully Completed, Status, Successfully Completed, Status, Successfully Completed, Status, Successfully Completed, Status, Successfully Completed, Status, Successfully Completed, Status, Successfully Completed, Status, Successfully Completed, Status, Successfully Completed, Status, Successfully Completed, Status, Successfully Completed, Status, Successfully Completed, Status, Successfully Completed, Status, Successfully Completed, Status, Successfully Completed, Status, Successfully Completed, Status, Successfully Completed, Status, Successfully Completed, Status, Successfully Completed, Status, Successfully Completed, Status, Successfully Completed, Status, Successfully Completed, Status, Successfully Completed, Status, Successfully Completed, Status, Successfully Completed, Status, Successfully Completed, Status, Successfully Completed, Status, Successfully Completed, Status, Successfully Completed, Status, Successfully Completed, Status, Successfully Completed, Status, Successfully Completed, Status, Successfully Completed, Status, Successfully Completed, Status, Successfully Completed, Status, Successfully Completed, Status, Successfully Completed, Status, Successfully Completed, Status, Successfully Completed, Status, Successfully Completed, Status, Successfully Completed, Status, Successfully Completed, Status, Successfully Completed, Status, Successfully Completed, Status, Successfully Completed, Status, Successfully Completed, Status, Successfully Completed, Status, Successfully Completed, Status, Successfully Completed, Status, Successfully Completed, Status, Successfully Completed, Status, Successfully Completed, Status, Successfully Completed, Status, Successfully Completed, Status, Successfully Completed, Status, Successfully Completed, Status, Successfully Completed, Status, Successfully Completed, Status, Successfully Completed, Status, Successfully Completed, Status, Successfully Completed, Status, Successfully Completed, Status, Successfully Completed, Status, Successfully Completed, Status, Successfully Completed, Status, Successfully Completed, Status, Successfully Completed, Status, Successfully Completed, Status, Successfully Completed, Status, Successfully Completed, Status, Successfully Completed, Status, Successfully Completed, Status, Successfully Completed, Status, Successfully Completed, Status, Successfully Completed, Status, Successfully Completed, Status, Successfully Completed, Status, Successfully Completed, Status, Successfully Completed, Status, Successfully Completed, Status, Successfully Completed, Status, Successfully Completed, Status, Successfully Completed, Status, Successfully Completed, Status, Successfully Completed, Status, Successfully Completed, Status, Successfully Completed, Status, Successfully Completed, Status, Successfully Completed, Status, Successfully Completed, Status, Successfully Completed, Status, Successfully Completed, Status, Successfully Completed, Status, Successfully Completed, Status, Successfully Completed, Status, Successfully Completed, Status, Successfully Completed, Status, Successfully Completed, Status, Successfully Completed, Status, Successfully Completed, Status, Successfully Completed, Status, Successfully Completed, Status, Successfully Completed, Status, Successfully Completed, Status, Successfully Completed, Status, Successfully Completed, Status, Successfully Completed, Status, Successfully Completed, Status, Successfully Completed, Status, Successfully Completed, Status, Successfully Completed, Status, Successfully Completed, Status, Successfully Completed, Status, Successfully Completed, Status, Successfully Completed, Status, Successfully Completed, Status, Successfully Completed, Status, Successfully Completed, Status, Successfully Completed, Status, Successfully Completed, Status, Successfully Completed, Status, Successfully Completed, Status, Successfully Completed, Status, Successfully Completed, Status, Successfully Completed, Status]
[neelback4more@gmail.com, Subho1991*, Status, Successfully Completed, Status, Successfully Completed, Status, Successfully Completed, Status, Successfully Completed, Status, Successfully Completed, Status, Successfully Completed, Status, Successfully Completed, Status, Successfully Completed, Status, Successfully Completed, Status, Successfully Completed, Status, Successfully Completed, Status, Successfully Completed, Status, Successfully Completed, Status, Successfully Completed, Status, Successfully Completed, Status, Successfully Completed, Status, Successfully Completed, Status, Successfully Completed, Status, Successfully Completed, Status, Successfully Completed, Status, Successfully Completed, Status, Successfully Completed, Status, Successfully Completed, Status, Successfully Completed, Status, Successfully Completed, Status, Successfully Completed, Status, Successfully Completed, Status, Successfully Completed, Status, Successfully Completed, Status, Successfully Completed, Status, Successfully Completed, Status, Successfully Completed, Status, Successfully Completed, Status, Successfully Completed, Status, Successfully Completed, Status, Successfully Completed, Status, Successfully Completed, Status, Successfully Completed, Status, Successfully Completed, Status, Successfully Completed, Status, Successfully Completed, Status, Successfully Completed, Status, Successfully Completed, Status, Successfully Completed, Status, Successfully Completed, Status, Successfully Completed, Status, Successfully Completed, Status, Successfully Completed, Status, Successfully Completed, Status, Successfully Completed, Status, Successfully Completed, Status, Successfully Completed, Status, Successfully Completed, Status, Successfully Completed, Status, Successfully Completed, Status, Successfully Completed, Status, Successfully Completed, Status, Successfully Completed, Status, Successfully Completed, Status, Successfully Completed, Status, Successfully Completed, Status, Successfully Completed, Status, Successfully Completed, Status, Successfully Completed, Status, Successfully Completed, Status, Successfully Completed, Status, Successfully Completed, Status, Successfully Completed, Status, Successfully Completed, Status, Successfully Completed, Status, Successfully Completed, Status, Successfully Completed, Status, Successfully Completed, Status, Successfully Completed, Status, Successfully Completed, Status, Successfully Completed, Status, Successfully Completed, Status, Successfully Completed, Status, Successfully Completed, Status, Successfully Completed, Status, Successfully Completed, Status, Successfully Completed, Status, Successfully Completed, Status, Successfully Completed, Status, Successfully Completed, Status, Successfully Completed, Status, Successfully Completed, Status, Successfully Completed, Status, Successfully Completed, Status, Successfully Completed, Status, Successfully Completed, Status, Successfully Completed, Status, Successfully Completed, Status, Successfully Completed, Status, Successfully Completed, Status, Successfully Completed, Status, Successfully Completed, Status, Successfully Completed, Status, Successfully Completed, Status, Successfully Completed, Status, Successfully Completed, Status, Successfully Completed, Status, Successfully Completed, Status, Successfully Completed, Status, Successfully Completed, Status, Successfully Completed, Status, Successfully Completed, Status, Successfully Completed, Status, Successfully Completed, Status, Successfully Completed, Status, Successfully Completed, Status, Successfully Completed, Status, Successfully Completed, Status, Successfully Completed, Status, Successfully Completed, Status, Successfully Completed, Status, Successfully Completed, Status, Successfully Completed, Status, Successfully Completed, Status, Successfully Completed, Status, Successfully Completed, Status, Successfully Completed, Status, Successfully Completed, Status, Successfully Completed, Status, Successfully Completed, Status, Successfully Completed, Status, Successfully Completed, Status, Successfully Completed, Status, Successfully Completed, Status, Successfully Completed, Status, Successfully Completed, Status, Successfully Completed, Status, Successfully Completed, Status, Successfully Completed, Status, Successfully Completed, Status, Successfully Completed, Status, Successfully Completed, Status, Successfully Completed, Status, Successfully Completed, Status, Successfully Completed, Status, Successfully Completed, Status, Successfully Completed, Status, Successfully Completed, Status, Successfully Completed, Status, Successfully Completed, Status, Successfully Completed, Status, Successfully Completed, Status, Successfully Completed, Status, Successfully Completed, Status, Successfully Completed, Status, Successfully Completed, Status, Successfully Completed, Status, Successfully Completed, Status, Successfully Completed, Status, Successfully Completed, Status, Successfully Completed, Status, Successfully Completed, Status, Successfully Completed, Status, Successfully Completed, Status, Successfully Completed, Status, Successfully Completed, Status, Successfully Completed, Status, Successfully Completed, Status, Successfully Completed, Status, Successfully Completed, Status, Successfully Completed, Status, Successfully Completed, Status, Successfully Completed, Status, Successfully Completed, Status, Successfully Completed, Status, Successfully Completed, Status, Successfully Completed, Status, Successfully Completed, Status, Successfully Completed, Status, Successfully Completed, Status, Successfully Completed, Status, Successfully Completed, Status, Successfully Completed, Status, Successfully Completed, Status, Successfully Completed, Status, Successfully Completed, Status, Successfully Completed, Status, Successfully Completed, Status, Successfully Completed, Status, Successfully Completed, Status, Successfully Completed, Status, Successfully Completed, Status, Successfully Completed, Status, Successfully Completed, Status, Successfully Completed, Status, Successfully Completed, Status, Successfully Completed, Status, Successfully Completed, Status, Successfully Completed, Status, Successfully Completed, Status, Successfully Completed, Status, Successfully Completed, Status, Successfully Completed, Status, Successfully Completed, Status, Successfully Completed, Status, Successfully Completed, Status, Successfully Completed, Status, Successfully Completed, Status, Successfully Completed, Status, Successfully Completed, Status, Successfully Completed, Status, Successfully Completed, Status, Successfully Completed, Status, Successfully Completed, Status, Successfully Completed, Status, Successfully Completed, Status, Successfully Completed, Status, Successfully Completed, Status, Successfully Completed, Status, Successfully Completed, Status, Successfully Completed, Status, Successfully Completed, Status, Successfully Completed, Status, Successfully Completed, Status, Successfully Completed, Status, Successfully Completed, Status, Successfully Completed, Status, Successfully Completed, Status, Successfully Completed, Status, Successfully Completed, Status, Successfully Completed, Status, Successfully Completed, Status, Successfully Completed, Status, Successfully Completed, Status, Successfully Completed, Status, Successfully Completed, Status, Successfully Completed, Status, Successfully Completed, Status, Successfully Completed, Status, Successfully Completed, Status, Successfully Completed, Status, Successfully Completed, Status, Successfully Completed, Status, Successfully Completed, Status, Successfully Completed, Status, Successfully Completed, Status, Successfully Completed, Status, Successfully Completed, Status, Successfully Completed, Status, Successfully Completed, Status, Successfully Completed, Status, Successfully Completed, Status, Successfully Completed, Status, Successfully Completed, Status, Successfully Completed, Status, Successfully Completed, Status, Successfully Completed, Status, Successfully Completed, Status, Successfully Completed, Status, Successfully Completed, Status, Successfully Completed, Status, Successfully Completed, Status, Successfully Completed, Status, Successfully Completed, Status, Successfully Completed, Status, Successfully Completed, Status, Successfully Completed, Status, Successfully Completed, Status, Successfully Completed, Status, Successfully Completed, Status, Successfully Completed, Status, Successfully Completed, Status, Successfully Completed, Status, Successfully Completed, Status, Successfully Completed, Status, Successfully Completed, Status, Successfully Completed, Status, Successfully Completed, Status, Successfully Completed, Status, Successfully Completed, Status, Successfully Completed, Status, Successfully Completed, Status, Successfully Completed, Status, Successfully Completed, Status, Successfully Completed, Status, Successfully Completed, Status, Successfully Completed, Status, Successfully Completed, Status, Successfully Completed, Status, Successfully Completed, Status, Successfully Completed, Status, Successfully Completed, Status, Successfully Completed, Status, Successfully Completed, Status, Successfully Completed, Status, Successfully Completed, Status, Successfully Completed, Status, Successfully Completed, Status, Successfully Completed, Status, Successfully Completed, Status, Successfully Completed]
[neelback4more@gmail.com, Subho1991*, Status, Successfully Completed, Status, Successfully Completed, Status, Successfully Completed, Status, Successfully Completed, Status, Successfully Completed, Status, Successfully Completed, Status, Successfully Completed, Status, Successfully Completed, Status, Successfully Completed, Status, Successfully Completed, Status, Successfully Completed, Status, Successfully Completed, Status, Successfully Completed, Status, Successfully Completed, Status, Successfully Completed, Status, Successfully Completed, Status, Successfully Completed, Status, Successfully Completed, Status, Successfully Completed, Status, Successfully Completed, Status, Successfully Completed, Status, Successfully Completed, Status, Successfully Completed, Status, Successfully Completed, Status, Successfully Completed, Status, Successfully Completed, Status, Successfully Completed, Status, Successfully Completed, Status, Successfully Completed, Status, Successfully Completed, Status, Successfully Completed, Status, Successfully Completed, Status, Successfully Completed, Status, Successfully Completed, Status, Successfully Completed, Status, Successfully Completed, Status, Successfully Completed, Status, Successfully Completed, Status, Successfully Completed, Status, Successfully Completed, Status, Successfully Completed, Status, Successfully Completed, Status, Successfully Completed, Status, Successfully Completed, Status, Successfully Completed, Status, Successfully Completed, Status, Successfully Completed, Status, Successfully Completed, Status, Successfully Completed, Status, Successfully Completed, Status, Successfully Completed, Status, Successfully Completed, Status, Successfully Completed, Status, Successfully Completed, Status, Successfully Completed, Status, Successfully Completed, Status, Successfully Completed, Status, Successfully Completed, Status, Successfully Completed, Status, Successfully Completed, Status, Successfully Completed, Status, Successfully Completed, Status, Successfully Completed, Status, Successfully Completed, Status, Successfully Completed, Status, Successfully Completed, Status, Successfully Completed, Status, Successfully Completed, Status, Successfully Completed, Status, Successfully Completed, Status, Successfully Completed, Status, Successfully Completed, Status, Successfully Completed, Status, Successfully Completed, Status, Successfully Completed, Status, Successfully Completed, Status, Successfully Completed, Status, Successfully Completed, Status, Successfully Completed, Status, Successfully Completed, Status, Successfully Completed, Status, Successfully Completed, Status, Successfully Completed, Status, Successfully Completed, Status, Successfully Completed, Status, Successfully Completed, Status, Successfully Completed, Status, Successfully Completed, Status, Successfully Completed, Status, Successfully Completed, Status, Successfully Completed, Status, Successfully Completed, Status, Successfully Completed, Status, Successfully Completed, Status, Successfully Completed, Status, Successfully Completed, Status, Successfully Completed, Status, Successfully Completed, Status, Successfully Completed, Status, Successfully Completed, Status, Successfully Completed, Status, Successfully Completed, Status, Successfully Completed, Status, Successfully Completed, Status, Successfully Completed, Status, Successfully Completed, Status, Successfully Completed, Status, Successfully Completed, Status, Successfully Completed, Status, Successfully Completed, Status, Successfully Completed, Status, Successfully Completed, Status, Successfully Completed, Status, Successfully Completed, Status, Successfully Completed, Status, Successfully Completed, Status, Successfully Completed, Status, Successfully Completed, Status, Successfully Completed, Status, Successfully Completed, Status, Successfully Completed, Status, Successfully Completed, Status, Successfully Completed, Status, Successfully Completed, Status, Successfully Completed, Status, Successfully Completed, Status, Successfully Completed, Status, Successfully Completed, Status, Successfully Completed, Status, Successfully Completed, Status, Successfully Completed, Status, Successfully Completed, Status, Successfully Completed, Status, Successfully Completed, Status, Successfully Completed, Status, Successfully Completed, Status, Successfully Completed, Status, Successfully Completed, Status, Successfully Completed, Status, Successfully Completed, Status, Successfully Completed, Status, Successfully Completed, Status, Successfully Completed, Status, Successfully Completed, Status, Successfully Completed, Status, Successfully Completed, Status, Successfully Completed, Status, Successfully Completed, Status, Successfully Completed, Status, Successfully Completed, Status, Successfully Completed, Status, Successfully Completed, Status, Successfully Completed, Status, Successfully Completed, Status, Successfully Completed, Status, Successfully Completed, Status, Successfully Completed, Status, Successfully Completed, Status, Successfully Completed, Status, Successfully Completed, Status, Successfully Completed, Status, Successfully Completed, Status, Successfully Completed, Status, Successfully Completed, Status, Successfully Completed, Status, Successfully Completed, Status, Successfully Completed, Status, Successfully Completed, Status, Successfully Completed, Status, Successfully Completed, Status, Successfully Completed, Status, Successfully Completed, Status, Successfully Completed, Status, Successfully Completed, Status, Successfully Completed, Status, Successfully Completed, Status, Successfully Completed, Status, Successfully Completed, Status, Successfully Completed, Status, Successfully Completed, Status, Successfully Completed, Status, Successfully Completed, Status, Successfully Completed, Status, Successfully Completed, Status, Successfully Completed, Status, Successfully Completed, Status, Successfully Completed, Status, Successfully Completed, Status, Successfully Completed, Status, Successfully Completed, Status, Successfully Completed, Status, Successfully Completed, Status, Successfully Completed, Status, Successfully Completed, Status, Successfully Completed, Status, Successfully Completed, Status, Successfully Completed, Status, Successfully Completed, Status, Successfully Completed, Status, Successfully Completed, Status, Successfully Completed, Status, Successfully Completed, Status, Successfully Completed, Status, Successfully Completed, Status, Successfully Completed, Status, Successfully Completed, Status, Successfully Completed, Status, Successfully Completed, Status, Successfully Completed, Status, Successfully Completed, Status, Successfully Completed, Status, Successfully Completed, Status, Successfully Completed, Status, Successfully Completed, Status, Successfully Completed, Status, Successfully Completed, Status, Successfully Completed, Status, Successfully Completed, Status, Successfully Completed, Status, Successfully Completed, Status, Successfully Completed, Status, Successfully Completed, Status, Successfully Completed, Status, Successfully Completed, Status, Successfully Completed, Status, Successfully Completed, Status, Successfully Completed, Status, Successfully Completed, Status, Successfully Completed, Status, Successfully Completed, Status, Successfully Completed, Status, Successfully Completed, Status, Successfully Completed, Status, Successfully Completed, Status, Successfully Completed, Status, Successfully Completed, Status, Successfully Completed, Status, Successfully Completed, Status, Successfully Completed, Status, Successfully Completed, Status, Successfully Completed, Status, Successfully Completed, Status, Successfully Completed, Status, Successfully Completed, Status, Successfully Completed, Status, Successfully Completed, Status, Successfully Completed, Status, Successfully Completed, Status, Successfully Completed, Status, Successfully Completed, Status, Successfully Completed, Status, Successfully Completed, Status, Successfully Completed, Status, Successfully Completed, Status, Successfully Completed, Status, Successfully Completed, Status, Successfully Completed, Status, Successfully Completed, Status, Successfully Completed, Status, Successfully Completed, Status, Successfully Completed, Status, Successfully Completed, Status, Successfully Completed, Status, Successfully Completed, Status, Successfully Completed, Status, Successfully Completed, Status, Successfully Completed, Status, Successfully Completed, Status, Successfully Completed, Status, Successfully Completed, Status, Successfully Completed, Status, Successfully Completed, Status, Successfully Completed, Status, Successfully Completed, Status, Successfully Completed, Status, Successfully Completed, Status, Successfully Completed, Status, Successfully Completed, Status, Successfully Completed, Status, Successfully Completed, Status, Successfully Completed, Status, Successfully Completed, Status, Successfully Completed, Status, Successfully Completed, Status, Successfully Completed, Status, Successfully Completed, Status, Successfully Completed, Status, Successfully Completed, Status, Successfully Completed, Status, Successfully Completed, Status, Successfully Completed, Status, Successfully Completed, Status, Successfully Completed, Status, Successfully Completed, Status, Successfully Completed, Status, Successfully Completed, Status]
[neelback4more@gmail.com, Subho1991*, Status, Successfully Completed, Status, Successfully Completed, Status, Successfully Completed, Status, Successfully Completed, Status, Successfully Completed, Status, Successfully Completed, Status, Successfully Completed, Status, Successfully Completed, Status, Successfully Completed, Status, Successfully Completed, Status, Successfully Completed, Status, Successfully Completed, Status, Successfully Completed, Status, Successfully Completed, Status, Successfully Completed, Status, Successfully Completed, Status, Successfully Completed, Status, Successfully Completed, Status, Successfully Completed, Status, Successfully Completed, Status, Successfully Completed, Status, Successfully Completed, Status, Successfully Completed, Status, Successfully Completed, Status, Successfully Completed, Status, Successfully Completed, Status, Successfully Completed, Status, Successfully Completed, Status, Successfully Completed, Status, Successfully Completed, Status, Successfully Completed, Status, Successfully Completed, Status, Successfully Completed, Status, Successfully Completed, Status, Successfully Completed, Status, Successfully Completed, Status, Successfully Completed, Status, Successfully Completed, Status, Successfully Completed, Status, Successfully Completed, Status, Successfully Completed, Status, Successfully Completed, Status, Successfully Completed, Status, Successfully Completed, Status, Successfully Completed, Status, Successfully Completed, Status, Successfully Completed, Status, Successfully Completed, Status, Successfully Completed, Status, Successfully Completed, Status, Successfully Completed, Status, Successfully Completed, Status, Successfully Completed, Status, Successfully Completed, Status, Successfully Completed, Status, Successfully Completed, Status, Successfully Completed, Status, Successfully Completed, Status, Successfully Completed, Status, Successfully Completed, Status, Successfully Completed, Status, Successfully Completed, Status, Successfully Completed, Status, Successfully Completed, Status, Successfully Completed, Status, Successfully Completed, Status, Successfully Completed, Status, Successfully Completed, Status, Successfully Completed, Status, Successfully Completed, Status, Successfully Completed, Status, Successfully Completed, Status, Successfully Completed, Status, Successfully Completed, Status, Successfully Completed, Status, Successfully Completed, Status, Successfully Completed, Status, Successfully Completed, Status, Successfully Completed, Status, Successfully Completed, Status, Successfully Completed, Status, Successfully Completed, Status, Successfully Completed, Status, Successfully Completed, Status, Successfully Completed, Status, Successfully Completed, Status, Successfully Completed, Status, Successfully Completed, Status, Successfully Completed, Status, Successfully Completed, Status, Successfully Completed, Status, Successfully Completed, Status, Successfully Completed, Status, Successfully Completed, Status, Successfully Completed, Status, Successfully Completed, Status, Successfully Completed, Status, Successfully Completed, Status, Successfully Completed, Status, Successfully Completed, Status, Successfully Completed, Status, Successfully Completed, Status, Successfully Completed, Status, Successfully Completed, Status, Successfully Completed, Status, Successfully Completed, Status, Successfully Completed, Status, Successfully Completed, Status, Successfully Completed, Status, Successfully Completed, Status, Successfully Completed, Status, Successfully Completed, Status, Successfully Completed, Status, Successfully Completed, Status, Successfully Completed, Status, Successfully Completed, Status, Successfully Completed, Status, Successfully Completed, Status, Successfully Completed, Status, Successfully Completed, Status, Successfully Completed, Status, Successfully Completed, Status, Successfully Completed, Status, Successfully Completed, Status, Successfully Completed, Status, Successfully Completed, Status, Successfully Completed, Status, Successfully Completed, Status, Successfully Completed, Status, Successfully Completed, Status, Successfully Completed, Status, Successfully Completed, Status, Successfully Completed, Status, Successfully Completed, Status, Successfully Completed, Status, Successfully Completed, Status, Successfully Completed, Status, Successfully Completed, Status, Successfully Completed, Status, Successfully Completed, Status, Successfully Completed, Status, Successfully Completed, Status, Successfully Completed, Status, Successfully Completed, Status, Successfully Completed, Status, Successfully Completed, Status, Successfully Completed, Status, Successfully Completed, Status, Successfully Completed, Status, Successfully Completed, Status, Successfully Completed, Status, Successfully Completed, Status, Successfully Completed, Status, Successfully Completed, Status, Successfully Completed, Status, Successfully Completed, Status, Successfully Completed, Status, Successfully Completed, Status, Successfully Completed, Status, Successfully Completed, Status, Successfully Completed, Status, Successfully Completed, Status, Successfully Completed, Status, Successfully Completed, Status, Successfully Completed, Status, Successfully Completed, Status, Successfully Completed, Status, Successfully Completed, Status, Successfully Completed, Status, Successfully Completed, Status, Successfully Completed, Status, Successfully Completed, Status, Successfully Completed, Status, Successfully Completed, Status, Successfully Completed, Status, Successfully Completed, Status, Successfully Completed, Status, Successfully Completed, Status, Successfully Completed, Status, Successfully Completed, Status, Successfully Completed, Status, Successfully Completed, Status, Successfully Completed, Status, Successfully Completed, Status, Successfully Completed, Status, Successfully Completed, Status, Successfully Completed, Status, Successfully Completed, Status, Successfully Completed, Status, Successfully Completed, Status, Successfully Completed, Status, Successfully Completed, Status, Successfully Completed, Status, Successfully Completed, Status, Successfully Completed, Status, Successfully Completed, Status, Successfully Completed, Status, Successfully Completed, Status, Successfully Completed, Status, Successfully Completed, Status, Successfully Completed, Status, Successfully Completed, Status, Successfully Completed, Status, Successfully Completed, Status, Successfully Completed, Status, Successfully Completed, Status, Successfully Completed, Status, Successfully Completed, Status, Successfully Completed, Status, Successfully Completed, Status, Successfully Completed, Status, Successfully Completed, Status, Successfully Completed, Status, Successfully Completed, Status, Successfully Completed, Status, Successfully Completed, Status, Successfully Completed, Status, Successfully Completed, Status, Successfully Completed, Status, Successfully Completed, Status, Successfully Completed, Status, Successfully Completed, Status, Successfully Completed, Status, Successfully Completed, Status, Successfully Completed, Status, Successfully Completed, Status, Successfully Completed, Status, Successfully Completed, Status, Successfully Completed, Status, Successfully Completed, Status, Successfully Completed, Status, Successfully Completed, Status, Successfully Completed, Status, Successfully Completed, Status, Successfully Completed, Status, Successfully Completed, Status, Successfully Completed, Status, Successfully Completed, Status, Successfully Completed, Status, Successfully Completed, Status, Successfully Completed, Status, Successfully Completed, Status, Successfully Completed, Status, Successfully Completed, Status, Successfully Completed, Status, Successfully Completed, Status, Successfully Completed, Status, Successfully Completed, Status, Successfully Completed, Status, Successfully Completed, Status, Successfully Completed, Status, Successfully Completed, Status, Successfully Completed, Status, Successfully Completed, Status, Successfully Completed, Status, Successfully Completed, Status, Successfully Completed, Status, Successfully Completed, Status, Successfully Completed, Status, Successfully Completed, Status, Successfully Completed, Status, Successfully Completed, Status, Successfully Completed, Status, Successfully Completed, Status, Successfully Completed, Status, Successfully Completed, Status, Successfully Completed, Status, Successfully Completed, Status, Successfully Completed, Status, Successfully Completed, Status, Successfully Completed, Status, Successfully Completed, Status, Successfully Completed, Status, Successfully Completed, Status, Successfully Completed, Status, Successfully Completed, Status, Successfully Completed, Status, Successfully Completed, Status, Successfully Completed, Status, Successfully Completed, Status, Successfully Completed, Status, Successfully Completed, Status, Successfully Completed, Status, Successfully Completed, Status, Successfully Completed, Status, Successfully Completed, Status, Successfully Completed, Status, Successfully Completed, Status, Successfully Completed, Status, Successfully Completed, Status, Successfully Completed, Status, Successfully Completed, Status, Successfully Completed, Status, Successfully Completed, Status, Successfully Completed, Status, Successfully Completed, Status, Successfully Completed]
[neelback4more@gmail.com, Subho1991*, Status, Successfully Completed, Status, Successfully Completed, Status, Successfully Completed, Status, Successfully Completed, Status, Successfully Completed, Status, Successfully Completed, Status, Successfully Completed, Status, Successfully Completed, Status, Successfully Completed, Status, Successfully Completed, Status, Successfully Completed, Status, Successfully Completed, Status, Successfully Completed, Status, Successfully Completed, Status, Successfully Completed, Status, Successfully Completed, Status, Successfully Completed, Status, Successfully Completed, Status, Successfully Completed, Status, Successfully Completed, Status, Successfully Completed, Status, Successfully Completed, Status, Successfully Completed, Status, Successfully Completed, Status, Successfully Completed, Status, Successfully Completed, Status, Successfully Completed, Status, Successfully Completed, Status, Successfully Completed, Status, Successfully Completed, Status, Successfully Completed, Status, Successfully Completed, Status, Successfully Completed, Status, Successfully Completed, Status, Successfully Completed, Status, Successfully Completed, Status, Successfully Completed, Status, Successfully Completed, Status, Successfully Completed, Status, Successfully Completed, Status, Successfully Completed, Status, Successfully Completed, Status, Successfully Completed, Status, Successfully Completed, Status, Successfully Completed, Status, Successfully Completed, Status, Successfully Completed, Status, Successfully Completed, Status, Successfully Completed, Status, Successfully Completed, Status, Successfully Completed, Status, Successfully Completed, Status, Successfully Completed, Status, Successfully Completed, Status, Successfully Completed, Status, Successfully Completed, Status, Successfully Completed, Status, Successfully Completed, Status, Successfully Completed, Status, Successfully Completed, Status, Successfully Completed, Status, Successfully Completed, Status, Successfully Completed, Status, Successfully Completed, Status, Successfully Completed, Status, Successfully Completed, Status, Successfully Completed, Status, Successfully Completed, Status, Successfully Completed, Status, Successfully Completed, Status, Successfully Completed, Status, Successfully Completed, Status, Successfully Completed, Status, Successfully Completed, Status, Successfully Completed, Status, Successfully Completed, Status, Successfully Completed, Status, Successfully Completed, Status, Successfully Completed, Status, Successfully Completed, Status, Successfully Completed, Status, Successfully Completed, Status, Successfully Completed, Status, Successfully Completed, Status, Successfully Completed, Status, Successfully Completed, Status, Successfully Completed, Status, Successfully Completed, Status, Successfully Completed, Status, Successfully Completed, Status, Successfully Completed, Status, Successfully Completed, Status, Successfully Completed, Status, Successfully Completed, Status, Successfully Completed, Status, Successfully Completed, Status, Successfully Completed, Status, Successfully Completed, Status, Successfully Completed, Status, Successfully Completed, Status, Successfully Completed, Status, Successfully Completed, Status, Successfully Completed, Status, Successfully Completed, Status, Successfully Completed, Status, Successfully Completed, Status, Successfully Completed, Status, Successfully Completed, Status, Successfully Completed, Status, Successfully Completed, Status, Successfully Completed, Status, Successfully Completed, Status, Successfully Completed, Status, Successfully Completed, Status, Successfully Completed, Status, Successfully Completed, Status, Successfully Completed, Status, Successfully Completed, Status, Successfully Completed, Status, Successfully Completed, Status, Successfully Completed, Status, Successfully Completed, Status, Successfully Completed, Status, Successfully Completed, Status, Successfully Completed, Status, Successfully Completed, Status, Successfully Completed, Status, Successfully Completed, Status, Successfully Completed, Status, Successfully Completed, Status, Successfully Completed, Status, Successfully Completed, Status, Successfully Completed, Status, Successfully Completed, Status, Successfully Completed, Status, Successfully Completed, Status, Successfully Completed, Status, Successfully Completed, Status, Successfully Completed, Status, Successfully Completed, Status, Successfully Completed, Status, Successfully Completed, Status, Successfully Completed, Status, Successfully Completed, Status, Successfully Completed, Status, Successfully Completed, Status, Successfully Completed, Status, Successfully Completed, Status, Successfully Completed, Status, Successfully Completed, Status, Successfully Completed, Status, Successfully Completed, Status, Successfully Completed, Status, Successfully Completed, Status, Successfully Completed, Status, Successfully Completed, Status, Successfully Completed, Status, Successfully Completed, Status, Successfully Completed, Status, Successfully Completed, Status, Successfully Completed, Status, Successfully Completed, Status, Successfully Completed, Status, Successfully Completed, Status, Successfully Completed, Status, Successfully Completed, Status, Successfully Completed, Status, Successfully Completed, Status, Successfully Completed, Status, Successfully Completed, Status, Successfully Completed, Status, Successfully Completed, Status, Successfully Completed, Status, Successfully Completed, Status, Successfully Completed, Status, Successfully Completed, Status, Successfully Completed, Status, Successfully Completed, Status, Successfully Completed, Status, Successfully Completed, Status, Successfully Completed, Status, Successfully Completed, Status, Successfully Completed, Status, Successfully Completed, Status, Successfully Completed, Status, Successfully Completed, Status, Successfully Completed, Status, Successfully Completed, Status, Successfully Completed, Status, Successfully Completed, Status, Successfully Completed, Status, Successfully Completed, Status, Successfully Completed, Status, Successfully Completed, Status, Successfully Completed, Status, Successfully Completed, Status, Successfully Completed, Status, Successfully Completed, Status, Successfully Completed, Status, Successfully Completed, Status, Successfully Completed, Status, Successfully Completed, Status, Successfully Completed, Status, Successfully Completed, Status, Successfully Completed, Status, Successfully Completed, Status, Successfully Completed, Status, Successfully Completed, Status, Successfully Completed, Status, Successfully Completed, Status, Successfully Completed, Status, Successfully Completed, Status, Successfully Completed, Status, Successfully Completed, Status, Successfully Completed, Status, Successfully Completed, Status, Successfully Completed, Status, Successfully Completed, Status, Successfully Completed, Status, Successfully Completed, Status, Successfully Completed, Status, Successfully Completed, Status, Successfully Completed, Status, Successfully Completed, Status, Successfully Completed, Status, Successfully Completed, Status, Successfully Completed, Status, Successfully Completed, Status, Successfully Completed, Status, Successfully Completed, Status, Successfully Completed, Status, Successfully Completed, Status, Successfully Completed, Status, Successfully Completed, Status, Successfully Completed, Status, Successfully Completed, Status, Successfully Completed, Status, Successfully Completed, Status, Successfully Completed, Status, Successfully Completed, Status, Successfully Completed, Status, Successfully Completed, Status, Successfully Completed, Status, Successfully Completed, Status, Successfully Completed, Status, Successfully Completed, Status, Successfully Completed, Status, Successfully Completed, Status, Successfully Completed, Status, Successfully Completed, Status, Successfully Completed, Status, Successfully Completed, Status, Successfully Completed, Status, Successfully Completed, Status, Successfully Completed, Status, Successfully Completed, Status, Successfully Completed, Status, Successfully Completed, Status, Successfully Completed, Status, Successfully Completed, Status, Successfully Completed, Status, Successfully Completed, Status, Successfully Completed, Status, Successfully Completed, Status, Successfully Completed, Status, Successfully Completed, Status, Successfully Completed, Status, Successfully Completed, Status, Successfully Completed, Status, Successfully Completed, Status, Successfully Completed, Status, Successfully Completed, Status, Successfully Completed, Status, Successfully Completed, Status, Successfully Completed, Status, Successfully Completed, Status, Successfully Completed, Status, Successfully Completed, Status, Successfully Completed, Status, Successfully Completed, Status, Successfully Completed, Status, Successfully Completed, Status, Successfully Completed, Status, Successfully Completed, Status, Successfully Completed, Status, Successfully Completed, Status, Successfully Completed, Status, Successfully Completed, Status, Successfully Completed, Status, Successfully Completed, Status, Successfully Completed, Status, Successfully Completed, Status, Successfully Completed, Status, Successfully Completed, Status, Successfully Completed, Status, Successfully Completed, Status, Successfully Completed, Status]
[neelback4more@gmail.com, Subho1991*, Status, Successfully Completed, Status, Successfully Completed, Status, Successfully Completed, Status, Successfully Completed, Status, Successfully Completed, Status, Successfully Completed, Status, Successfully Completed, Status, Successfully Completed, Status, Successfully Completed, Status, Successfully Completed, Status, Successfully Completed, Status, Successfully Completed, Status, Successfully Completed, Status, Successfully Completed, Status, Successfully Completed, Status, Successfully Completed, Status, Successfully Completed, Status, Successfully Completed, Status, Successfully Completed, Status, Successfully Completed, Status, Successfully Completed, Status, Successfully Completed, Status, Successfully Completed, Status, Successfully Completed, Status, Successfully Completed, Status, Successfully Completed, Status, Successfully Completed, Status, Successfully Completed, Status, Successfully Completed, Status, Successfully Completed, Status, Successfully Completed, Status, Successfully Completed, Status, Successfully Completed, Status, Successfully Completed, Status, Successfully Completed, Status, Successfully Completed, Status, Successfully Completed, Status, Successfully Completed, Status, Successfully Completed, Status, Successfully Completed, Status, Successfully Completed, Status, Successfully Completed, Status, Successfully Completed, Status, Successfully Completed, Status, Successfully Completed, Status, Successfully Completed, Status, Successfully Completed, Status, Successfully Completed, Status, Successfully Completed, Status, Successfully Completed, Status, Successfully Completed, Status, Successfully Completed, Status, Successfully Completed, Status, Successfully Completed, Status, Successfully Completed, Status, Successfully Completed, Status, Successfully Completed, Status, Successfully Completed, Status, Successfully Completed, Status, Successfully Completed, Status, Successfully Completed, Status, Successfully Completed, Status, Successfully Completed, Status, Successfully Completed, Status, Successfully Completed, Status, Successfully Completed, Status, Successfully Completed, Status, Successfully Completed, Status, Successfully Completed, Status, Successfully Completed, Status, Successfully Completed, Status, Successfully Completed, Status, Successfully Completed, Status, Successfully Completed, Status, Successfully Completed, Status, Successfully Completed, Status, Successfully Completed, Status, Successfully Completed, Status, Successfully Completed, Status, Successfully Completed, Status, Successfully Completed, Status, Successfully Completed, Status, Successfully Completed, Status, Successfully Completed, Status, Successfully Completed, Status, Successfully Completed, Status, Successfully Completed, Status, Successfully Completed, Status, Successfully Completed, Status, Successfully Completed, Status, Successfully Completed, Status, Successfully Completed, Status, Successfully Completed, Status, Successfully Completed, Status, Successfully Completed, Status, Successfully Completed, Status, Successfully Completed, Status, Successfully Completed, Status, Successfully Completed, Status, Successfully Completed, Status, Successfully Completed, Status, Successfully Completed, Status, Successfully Completed, Status, Successfully Completed, Status, Successfully Completed, Status, Successfully Completed, Status, Successfully Completed, Status, Successfully Completed, Status, Successfully Completed, Status, Successfully Completed, Status, Successfully Completed, Status, Successfully Completed, Status, Successfully Completed, Status, Successfully Completed, Status, Successfully Completed, Status, Successfully Completed, Status, Successfully Completed, Status, Successfully Completed, Status, Successfully Completed, Status, Successfully Completed, Status, Successfully Completed, Status, Successfully Completed, Status, Successfully Completed, Status, Successfully Completed, Status, Successfully Completed, Status, Successfully Completed, Status, Successfully Completed, Status, Successfully Completed, Status, Successfully Completed, Status, Successfully Completed, Status, Successfully Completed, Status, Successfully Completed, Status, Successfully Completed, Status, Successfully Completed, Status, Successfully Completed, Status, Successfully Completed, Status, Successfully Completed, Status, Successfully Completed, Status, Successfully Completed, Status, Successfully Completed, Status, Successfully Completed, Status, Successfully Completed, Status, Successfully Completed, Status, Successfully Completed, Status, Successfully Completed, Status, Successfully Completed, Status, Successfully Completed, Status, Successfully Completed, Status, Successfully Completed, Status, Successfully Completed, Status, Successfully Completed, Status, Successfully Completed, Status, Successfully Completed, Status, Successfully Completed, Status, Successfully Completed, Status, Successfully Completed, Status, Successfully Completed, Status, Successfully Completed, Status, Successfully Completed, Status, Successfully Completed, Status, Successfully Completed, Status, Successfully Completed, Status, Successfully Completed, Status, Successfully Completed, Status, Successfully Completed, Status, Successfully Completed, Status, Successfully Completed, Status, Successfully Completed, Status, Successfully Completed, Status, Successfully Completed, Status, Successfully Completed, Status, Successfully Completed, Status, Successfully Completed, Status, Successfully Completed, Status, Successfully Completed, Status, Successfully Completed, Status, Successfully Completed, Status, Successfully Completed, Status, Successfully Completed, Status, Successfully Completed, Status, Successfully Completed, Status, Successfully Completed, Status, Successfully Completed, Status, Successfully Completed, Status, Successfully Completed, Status, Successfully Completed, Status, Successfully Completed, Status, Successfully Completed, Status, Successfully Completed, Status, Successfully Completed, Status, Successfully Completed, Status, Successfully Completed, Status, Successfully Completed, Status, Successfully Completed, Status, Successfully Completed, Status, Successfully Completed, Status, Successfully Completed, Status, Successfully Completed, Status, Successfully Completed, Status, Successfully Completed, Status, Successfully Completed, Status, Successfully Completed, Status, Successfully Completed, Status, Successfully Completed, Status, Successfully Completed, Status, Successfully Completed, Status, Successfully Completed, Status, Successfully Completed, Status, Successfully Completed, Status, Successfully Completed, Status, Successfully Completed, Status, Successfully Completed, Status, Successfully Completed, Status, Successfully Completed, Status, Successfully Completed, Status, Successfully Completed, Status, Successfully Completed, Status, Successfully Completed, Status, Successfully Completed, Status, Successfully Completed, Status, Successfully Completed, Status, Successfully Completed, Status, Successfully Completed, Status, Successfully Completed, Status, Successfully Completed, Status, Successfully Completed, Status, Successfully Completed, Status, Successfully Completed, Status, Successfully Completed, Status, Successfully Completed, Status, Successfully Completed, Status, Successfully Completed, Status, Successfully Completed, Status, Successfully Completed, Status, Successfully Completed, Status, Successfully Completed, Status, Successfully Completed, Status, Successfully Completed, Status, Successfully Completed, Status, Successfully Completed, Status, Successfully Completed, Status, Successfully Completed, Status, Successfully Completed, Status, Successfully Completed, Status, Successfully Completed, Status, Successfully Completed, Status, Successfully Completed, Status, Successfully Completed, Status, Successfully Completed, Status, Successfully Completed, Status, Successfully Completed, Status, Successfully Completed, Status, Successfully Completed, Status, Successfully Completed, Status, Successfully Completed, Status, Successfully Completed, Status, Successfully Completed, Status, Successfully Completed, Status, Successfully Completed, Status, Successfully Completed, Status, Successfully Completed, Status, Successfully Completed, Status, Successfully Completed, Status, Successfully Completed, Status, Successfully Completed, Status, Successfully Completed, Status, Successfully Completed, Status, Successfully Completed, Status, Successfully Completed, Status, Successfully Completed, Status, Successfully Completed, Status, Successfully Completed, Status, Successfully Completed, Status, Successfully Completed, Status, Successfully Completed, Status, Successfully Completed, Status, Successfully Completed, Status, Successfully Completed, Status, Successfully Completed, Status, Successfully Completed, Status, Successfully Completed, Status, Successfully Completed, Status, Successfully Completed, Status, Successfully Completed, Status, Successfully Completed, Status, Successfully Completed, Status, Successfully Completed, Status, Successfully Completed, Status, Successfully Completed, Status, Successfully Completed, Status, Successfully Completed, Status, Successfully Completed, Status, Successfully Completed, Status, Successfully Completed, Status, Successfully Completed, Status, Successfully Completed, Status, Successfully Completed, Status, Successfully Completed]
[neelback4more@gmail.com, Subho1991*, Status, Successfully Completed, Status, Successfully Completed, Status, Successfully Completed, Status, Successfully Completed, Status, Successfully Completed, Status, Successfully Completed, Status, Successfully Completed, Status, Successfully Completed, Status, Successfully Completed, Status, Successfully Completed, Status, Successfully Completed, Status, Successfully Completed, Status, Successfully Completed, Status, Successfully Completed, Status, Successfully Completed, Status, Successfully Completed, Status, Successfully Completed, Status, Successfully Completed, Status, Successfully Completed, Status, Successfully Completed, Status, Successfully Completed, Status, Successfully Completed, Status, Successfully Completed, Status, Successfully Completed, Status, Successfully Completed, Status, Successfully Completed, Status, Successfully Completed, Status, Successfully Completed, Status, Successfully Completed, Status, Successfully Completed, Status, Successfully Completed, Status, Successfully Completed, Status, Successfully Completed, Status, Successfully Completed, Status, Successfully Completed, Status, Successfully Completed, Status, Successfully Completed, Status, Successfully Completed, Status, Successfully Completed, Status, Successfully Completed, Status, Successfully Completed, Status, Successfully Completed, Status, Successfully Completed, Status, Successfully Completed, Status, Successfully Completed, Status, Successfully Completed, Status, Successfully Completed, Status, Successfully Completed, Status, Successfully Completed, Status, Successfully Completed, Status, Successfully Completed, Status, Successfully Completed, Status, Successfully Completed, Status, Successfully Completed, Status, Successfully Completed, Status, Successfully Completed, Status, Successfully Completed, Status, Successfully Completed, Status, Successfully Completed, Status, Successfully Completed, Status, Successfully Completed, Status, Successfully Completed, Status, Successfully Completed, Status, Successfully Completed, Status, Successfully Completed, Status, Successfully Completed, Status, Successfully Completed, Status, Successfully Completed, Status, Successfully Completed, Status, Successfully Completed, Status, Successfully Completed, Status, Successfully Completed, Status, Successfully Completed, Status, Successfully Completed, Status, Successfully Completed, Status, Successfully Completed, Status, Successfully Completed, Status, Successfully Completed, Status, Successfully Completed, Status, Successfully Completed, Status, Successfully Completed, Status, Successfully Completed, Status, Successfully Completed, Status, Successfully Completed, Status, Successfully Completed, Status, Successfully Completed, Status, Successfully Completed, Status, Successfully Completed, Status, Successfully Completed, Status, Successfully Completed, Status, Successfully Completed, Status, Successfully Completed, Status, Successfully Completed, Status, Successfully Completed, Status, Successfully Completed, Status, Successfully Completed, Status, Successfully Completed, Status, Successfully Completed, Status, Successfully Completed, Status, Successfully Completed, Status, Successfully Completed, Status, Successfully Completed, Status, Successfully Completed, Status, Successfully Completed, Status, Successfully Completed, Status, Successfully Completed, Status, Successfully Completed, Status, Successfully Completed, Status, Successfully Completed, Status, Successfully Completed, Status, Successfully Completed, Status, Successfully Completed, Status, Successfully Completed, Status, Successfully Completed, Status, Successfully Completed, Status, Successfully Completed, Status, Successfully Completed, Status, Successfully Completed, Status, Successfully Completed, Status, Successfully Completed, Status, Successfully Completed, Status, Successfully Completed, Status, Successfully Completed, Status, Successfully Completed, Status, Successfully Completed, Status, Successfully Completed, Status, Successfully Completed, Status, Successfully Completed, Status, Successfully Completed, Status, Successfully Completed, Status, Successfully Completed, Status, Successfully Completed, Status, Successfully Completed, Status, Successfully Completed, Status, Successfully Completed, Status, Successfully Completed, Status, Successfully Completed, Status, Successfully Completed, Status, Successfully Completed, Status, Successfully Completed, Status, Successfully Completed, Status, Successfully Completed, Status, Successfully Completed, Status, Successfully Completed, Status, Successfully Completed, Status, Successfully Completed, Status, Successfully Completed, Status, Successfully Completed, Status, Successfully Completed, Status, Successfully Completed, Status, Successfully Completed, Status, Successfully Completed, Status, Successfully Completed, Status, Successfully Completed, Status, Successfully Completed, Status, Successfully Completed, Status, Successfully Completed, Status, Successfully Completed, Status, Successfully Completed, Status, Successfully Completed, Status, Successfully Completed, Status, Successfully Completed, Status, Successfully Completed, Status, Successfully Completed, Status, Successfully Completed, Status, Successfully Completed, Status, Successfully Completed, Status, Successfully Completed, Status, Successfully Completed, Status, Successfully Completed, Status, Successfully Completed, Status, Successfully Completed, Status, Successfully Completed, Status, Successfully Completed, Status, Successfully Completed, Status, Successfully Completed, Status, Successfully Completed, Status, Successfully Completed, Status, Successfully Completed, Status, Successfully Completed, Status, Successfully Completed, Status, Successfully Completed, Status, Successfully Completed, Status, Successfully Completed, Status, Successfully Completed, Status, Successfully Completed, Status, Successfully Completed, Status, Successfully Completed, Status, Successfully Completed, Status, Successfully Completed, Status, Successfully Completed, Status, Successfully Completed, Status, Successfully Completed, Status, Successfully Completed, Status, Successfully Completed, Status, Successfully Completed, Status, Successfully Completed, Status, Successfully Completed, Status, Successfully Completed, Status, Successfully Completed, Status, Successfully Completed, Status, Successfully Completed, Status, Successfully Completed, Status, Successfully Completed, Status, Successfully Completed, Status, Successfully Completed, Status, Successfully Completed, Status, Successfully Completed, Status, Successfully Completed, Status, Successfully Completed, Status, Successfully Completed, Status, Successfully Completed, Status, Successfully Completed, Status, Successfully Completed, Status, Successfully Completed, Status, Successfully Completed, Status, Successfully Completed, Status, Successfully Completed, Status, Successfully Completed, Status, Successfully Completed, Status, Successfully Completed, Status, Successfully Completed, Status, Successfully Completed, Status, Successfully Completed, Status, Successfully Completed, Status, Successfully Completed, Status, Successfully Completed, Status, Successfully Completed, Status, Successfully Completed, Status, Successfully Completed, Status, Successfully Completed, Status, Successfully Completed, Status, Successfully Completed, Status, Successfully Completed, Status, Successfully Completed, Status, Successfully Completed, Status, Successfully Completed, Status, Successfully Completed, Status, Successfully Completed, Status, Successfully Completed, Status, Successfully Completed, Status, Successfully Completed, Status, Successfully Completed, Status, Successfully Completed, Status, Successfully Completed, Status, Successfully Completed, Status, Successfully Completed, Status, Successfully Completed, Status, Successfully Completed, Status, Successfully Completed, Status, Successfully Completed, Status, Successfully Completed, Status, Successfully Completed, Status, Successfully Completed, Status, Successfully Completed, Status, Successfully Completed, Status, Successfully Completed, Status, Successfully Completed, Status, Successfully Completed, Status, Successfully Completed, Status, Successfully Completed, Status, Successfully Completed, Status, Successfully Completed, Status, Successfully Completed, Status, Successfully Completed, Status, Successfully Completed, Status, Successfully Completed, Status, Successfully Completed, Status, Successfully Completed, Status, Successfully Completed, Status, Successfully Completed, Status, Successfully Completed, Status, Successfully Completed, Status, Successfully Completed, Status, Successfully Completed, Status, Successfully Completed, Status, Successfully Completed, Status, Successfully Completed, Status, Successfully Completed, Status, Successfully Completed, Status, Successfully Completed, Status, Successfully Completed, Status, Successfully Completed, Status, Successfully Completed, Status, Successfully Completed, Status, Successfully Completed, Status, Successfully Completed, Status, Successfully Completed, Status, Successfully Completed, Status, Successfully Completed, Status, Successfully Completed, Status, Successfully Completed, Status, Successfully Completed, Status, Successfully Completed, Status, Successfully Completed, Status, Successfully Completed, Status, Successfully Completed, Status, Successfully Completed, Status]
[neelback4more@gmail.com, Subho1991*, Status, Successfully Completed, Status, Successfully Completed, Status, Successfully Completed, Status, Successfully Completed, Status, Successfully Completed, Status, Successfully Completed, Status, Successfully Completed, Status, Successfully Completed, Status, Successfully Completed, Status, Successfully Completed, Status, Successfully Completed, Status, Successfully Completed, Status, Successfully Completed, Status, Successfully Completed, Status, Successfully Completed, Status, Successfully Completed, Status, Successfully Completed, Status, Successfully Completed, Status, Successfully Completed, Status, Successfully Completed, Status, Successfully Completed, Status, Successfully Completed, Status, Successfully Completed, Status, Successfully Completed, Status, Successfully Completed, Status, Successfully Completed, Status, Successfully Completed, Status, Successfully Completed, Status, Successfully Completed, Status, Successfully Completed, Status, Successfully Completed, Status, Successfully Completed, Status, Successfully Completed, Status, Successfully Completed, Status, Successfully Completed, Status, Successfully Completed, Status, Successfully Completed, Status, Successfully Completed, Status, Successfully Completed, Status, Successfully Completed, Status, Successfully Completed, Status, Successfully Completed, Status, Successfully Completed, Status, Successfully Completed, Status, Successfully Completed, Status, Successfully Completed, Status, Successfully Completed, Status, Successfully Completed, Status, Successfully Completed, Status, Successfully Completed, Status, Successfully Completed, Status, Successfully Completed, Status, Successfully Completed, Status, Successfully Completed, Status, Successfully Completed, Status, Successfully Completed, Status, Successfully Completed, Status, Successfully Completed, Status, Successfully Completed, Status, Successfully Completed, Status, Successfully Completed, Status, Successfully Completed, Status, Successfully Completed, Status, Successfully Completed, Status, Successfully Completed, Status, Successfully Completed, Status, Successfully Completed, Status, Successfully Completed, Status, Successfully Completed, Status, Successfully Completed, Status, Successfully Completed, Status, Successfully Completed, Status, Successfully Completed, Status, Successfully Completed, Status, Successfully Completed, Status, Successfully Completed, Status, Successfully Completed, Status, Successfully Completed, Status, Successfully Completed, Status, Successfully Completed, Status, Successfully Completed, Status, Successfully Completed, Status, Successfully Completed, Status, Successfully Completed, Status, Successfully Completed, Status, Successfully Completed, Status, Successfully Completed, Status, Successfully Completed, Status, Successfully Completed, Status, Successfully Completed, Status, Successfully Completed, Status, Successfully Completed, Status, Successfully Completed, Status, Successfully Completed, Status, Successfully Completed, Status, Successfully Completed, Status, Successfully Completed, Status, Successfully Completed, Status, Successfully Completed, Status, Successfully Completed, Status, Successfully Completed, Status, Successfully Completed, Status, Successfully Completed, Status, Successfully Completed, Status, Successfully Completed, Status, Successfully Completed, Status, Successfully Completed, Status, Successfully Completed, Status, Successfully Completed, Status, Successfully Completed, Status, Successfully Completed, Status, Successfully Completed, Status, Successfully Completed, Status, Successfully Completed, Status, Successfully Completed, Status, Successfully Completed, Status, Successfully Completed, Status, Successfully Completed, Status, Successfully Completed, Status, Successfully Completed, Status, Successfully Completed, Status, Successfully Completed, Status, Successfully Completed, Status, Successfully Completed, Status, Successfully Completed, Status, Successfully Completed, Status, Successfully Completed, Status, Successfully Completed, Status, Successfully Completed, Status, Successfully Completed, Status, Successfully Completed, Status, Successfully Completed, Status, Successfully Completed, Status, Successfully Completed, Status, Successfully Completed, Status, Successfully Completed, Status, Successfully Completed, Status, Successfully Completed, Status, Successfully Completed, Status, Successfully Completed, Status, Successfully Completed, Status, Successfully Completed, Status, Successfully Completed, Status, Successfully Completed, Status, Successfully Completed, Status, Successfully Completed, Status, Successfully Completed, Status, Successfully Completed, Status, Successfully Completed, Status, Successfully Completed, Status, Successfully Completed, Status, Successfully Completed, Status, Successfully Completed, Status, Successfully Completed, Status, Successfully Completed, Status, Successfully Completed, Status, Successfully Completed, Status, Successfully Completed, Status, Successfully Completed, Status, Successfully Completed, Status, Successfully Completed, Status, Successfully Completed, Status, Successfully Completed, Status, Successfully Completed, Status, Successfully Completed, Status, Successfully Completed, Status, Successfully Completed, Status, Successfully Completed, Status, Successfully Completed, Status, Successfully Completed, Status, Successfully Completed, Status, Successfully Completed, Status, Successfully Completed, Status, Successfully Completed, Status, Successfully Completed, Status, Successfully Completed, Status, Successfully Completed, Status, Successfully Completed, Status, Successfully Completed, Status, Successfully Completed, Status, Successfully Completed, Status, Successfully Completed, Status, Successfully Completed, Status, Successfully Completed, Status, Successfully Completed, Status, Successfully Completed, Status, Successfully Completed, Status, Successfully Completed, Status, Successfully Completed, Status, Successfully Completed, Status, Successfully Completed, Status, Successfully Completed, Status, Successfully Completed, Status, Successfully Completed, Status, Successfully Completed, Status, Successfully Completed, Status, Successfully Completed, Status, Successfully Completed, Status, Successfully Completed, Status, Successfully Completed, Status, Successfully Completed, Status, Successfully Completed, Status, Successfully Completed, Status, Successfully Completed, Status, Successfully Completed, Status, Successfully Completed, Status, Successfully Completed, Status, Successfully Completed, Status, Successfully Completed, Status, Successfully Completed, Status, Successfully Completed, Status, Successfully Completed, Status, Successfully Completed, Status, Successfully Completed, Status, Successfully Completed, Status, Successfully Completed, Status, Successfully Completed, Status, Successfully Completed, Status, Successfully Completed, Status, Successfully Completed, Status, Successfully Completed, Status, Successfully Completed, Status, Successfully Completed, Status, Successfully Completed, Status, Successfully Completed, Status, Successfully Completed, Status, Successfully Completed, Status, Successfully Completed, Status, Successfully Completed, Status, Successfully Completed, Status, Successfully Completed, Status, Successfully Completed, Status, Successfully Completed, Status, Successfully Completed, Status, Successfully Completed, Status, Successfully Completed, Status, Successfully Completed, Status, Successfully Completed, Status, Successfully Completed, Status, Successfully Completed, Status, Successfully Completed, Status, Successfully Completed, Status, Successfully Completed, Status, Successfully Completed, Status, Successfully Completed, Status, Successfully Completed, Status, Successfully Completed, Status, Successfully Completed, Status, Successfully Completed, Status, Successfully Completed, Status, Successfully Completed, Status, Successfully Completed, Status, Successfully Completed, Status, Successfully Completed, Status, Successfully Completed, Status, Successfully Completed, Status, Successfully Completed, Status, Successfully Completed, Status, Successfully Completed, Status, Successfully Completed, Status, Successfully Completed, Status, Successfully Completed, Status, Successfully Completed, Status, Successfully Completed, Status, Successfully Completed, Status, Successfully Completed, Status, Successfully Completed, Status, Successfully Completed, Status, Successfully Completed, Status, Successfully Completed, Status, Successfully Completed, Status, Successfully Completed, Status, Successfully Completed, Status, Successfully Completed, Status, Successfully Completed, Status, Successfully Completed, Status, Successfully Completed, Status, Successfully Completed, Status, Successfully Completed, Status, Successfully Completed, Status, Successfully Completed, Status, Successfully Completed, Status, Successfully Completed, Status, Successfully Completed, Status, Successfully Completed, Status, Successfully Completed, Status, Successfully Completed, Status, Successfully Completed, Status, Successfully Completed, Status, Successfully Completed, Status, Successfully Completed, Status, Successfully Completed, Status, Successfully Completed, Status, Successfully Completed, Status, Successfully Completed, Status, Successfully Completed, Status, Successfully Completed, Status, Successfully Completed, Status, Successfully Completed]
[neelback4more@gmail.com, Subho1991*, Status, Successfully Completed, Status, Successfully Completed, Status, Successfully Completed, Status, Successfully Completed, Status, Successfully Completed, Status, Successfully Completed, Status, Successfully Completed, Status, Successfully Completed, Status, Successfully Completed, Status, Successfully Completed, Status, Successfully Completed, Status, Successfully Completed, Status, Successfully Completed, Status, Successfully Completed, Status, Successfully Completed, Status, Successfully Completed, Status, Successfully Completed, Status, Successfully Completed, Status, Successfully Completed, Status, Successfully Completed, Status, Successfully Completed, Status, Successfully Completed, Status, Successfully Completed, Status, Successfully Completed, Status, Successfully Completed, Status, Successfully Completed, Status, Successfully Completed, Status, Successfully Completed, Status, Successfully Completed, Status, Successfully Completed, Status, Successfully Completed, Status, Successfully Completed, Status, Successfully Completed, Status, Successfully Completed, Status, Successfully Completed, Status, Successfully Completed, Status, Successfully Completed, Status, Successfully Completed, Status, Successfully Completed, Status, Successfully Completed, Status, Successfully Completed, Status, Successfully Completed, Status, Successfully Completed, Status, Successfully Completed, Status, Successfully Completed, Status, Successfully Completed, Status, Successfully Completed, Status, Successfully Completed, Status, Successfully Completed, Status, Successfully Completed, Status, Successfully Completed, Status, Successfully Completed, Status, Successfully Completed, Status, Successfully Completed, Status, Successfully Completed, Status, Successfully Completed, Status, Successfully Completed, Status, Successfully Completed, Status, Successfully Completed, Status, Successfully Completed, Status, Successfully Completed, Status, Successfully Completed, Status, Successfully Completed, Status, Successfully Completed, Status, Successfully Completed, Status, Successfully Completed, Status, Successfully Completed, Status, Successfully Completed, Status, Successfully Completed, Status, Successfully Completed, Status, Successfully Completed, Status, Successfully Completed, Status, Successfully Completed, Status, Successfully Completed, Status, Successfully Completed, Status, Successfully Completed, Status, Successfully Completed, Status, Successfully Completed, Status, Successfully Completed, Status, Successfully Completed, Status, Successfully Completed, Status, Successfully Completed, Status, Successfully Completed, Status, Successfully Completed, Status, Successfully Completed, Status, Successfully Completed, Status, Successfully Completed, Status, Successfully Completed, Status, Successfully Completed, Status, Successfully Completed, Status, Successfully Completed, Status, Successfully Completed, Status, Successfully Completed, Status, Successfully Completed, Status, Successfully Completed, Status, Successfully Completed, Status, Successfully Completed, Status, Successfully Completed, Status, Successfully Completed, Status, Successfully Completed, Status, Successfully Completed, Status, Successfully Completed, Status, Successfully Completed, Status, Successfully Completed, Status, Successfully Completed, Status, Successfully Completed, Status, Successfully Completed, Status, Successfully Completed, Status, Successfully Completed, Status, Successfully Completed, Status, Successfully Completed, Status, Successfully Completed, Status, Successfully Completed, Status, Successfully Completed, Status, Successfully Completed, Status, Successfully Completed, Status, Successfully Completed, Status, Successfully Completed, Status, Successfully Completed, Status, Successfully Completed, Status, Successfully Completed, Status, Successfully Completed, Status, Successfully Completed, Status, Successfully Completed, Status, Successfully Completed, Status, Successfully Completed, Status, Successfully Completed, Status, Successfully Completed, Status, Successfully Completed, Status, Successfully Completed, Status, Successfully Completed, Status, Successfully Completed, Status, Successfully Completed, Status, Successfully Completed, Status, Successfully Completed, Status, Successfully Completed, Status, Successfully Completed, Status, Successfully Completed, Status, Successfully Completed, Status, Successfully Completed, Status, Successfully Completed, Status, Successfully Completed, Status, Successfully Completed, Status, Successfully Completed, Status, Successfully Completed, Status, Successfully Completed, Status, Successfully Completed, Status, Successfully Completed, Status, Successfully Completed, Status, Successfully Completed, Status, Successfully Completed, Status, Successfully Completed, Status, Successfully Completed, Status, Successfully Completed, Status, Successfully Completed, Status, Successfully Completed, Status, Successfully Completed, Status, Successfully Completed, Status, Successfully Completed, Status, Successfully Completed, Status, Successfully Completed, Status, Successfully Completed, Status, Successfully Completed, Status, Successfully Completed, Status, Successfully Completed, Status, Successfully Completed, Status, Successfully Completed, Status, Successfully Completed, Status, Successfully Completed, Status, Successfully Completed, Status, Successfully Completed, Status, Successfully Completed, Status, Successfully Completed, Status, Successfully Completed, Status, Successfully Completed, Status, Successfully Completed, Status, Successfully Completed, Status, Successfully Completed, Status, Successfully Completed, Status, Successfully Completed, Status, Successfully Completed, Status, Successfully Completed, Status, Successfully Completed, Status, Successfully Completed, Status, Successfully Completed, Status, Successfully Completed, Status, Successfully Completed, Status, Successfully Completed, Status, Successfully Completed, Status, Successfully Completed, Status, Successfully Completed, Status, Successfully Completed, Status, Successfully Completed, Status, Successfully Completed, Status, Successfully Completed, Status, Successfully Completed, Status, Successfully Completed, Status, Successfully Completed, Status, Successfully Completed, Status, Successfully Completed, Status, Successfully Completed, Status, Successfully Completed, Status, Successfully Completed, Status, Successfully Completed, Status, Successfully Completed, Status, Successfully Completed, Status, Successfully Completed, Status, Successfully Completed, Status, Successfully Completed, Status, Successfully Completed, Status, Successfully Completed, Status, Successfully Completed, Status, Successfully Completed, Status, Successfully Completed, Status, Successfully Completed, Status, Successfully Completed, Status, Successfully Completed, Status, Successfully Completed, Status, Successfully Completed, Status, Successfully Completed, Status, Successfully Completed, Status, Successfully Completed, Status, Successfully Completed, Status, Successfully Completed, Status, Successfully Completed, Status, Successfully Completed, Status, Successfully Completed, Status, Successfully Completed, Status, Successfully Completed, Status, Successfully Completed, Status, Successfully Completed, Status, Successfully Completed, Status, Successfully Completed, Status, Successfully Completed, Status, Successfully Completed, Status, Successfully Completed, Status, Successfully Completed, Status, Successfully Completed, Status, Successfully Completed, Status, Successfully Completed, Status, Successfully Completed, Status, Successfully Completed, Status, Successfully Completed, Status, Successfully Completed, Status, Successfully Completed, Status, Successfully Completed, Status, Successfully Completed, Status, Successfully Completed, Status, Successfully Completed, Status, Successfully Completed, Status, Successfully Completed, Status, Successfully Completed, Status, Successfully Completed, Status, Successfully Completed, Status, Successfully Completed, Status, Successfully Completed, Status, Successfully Completed, Status, Successfully Completed, Status, Successfully Completed, Status, Successfully Completed, Status, Successfully Completed, Status, Successfully Completed, Status, Successfully Completed, Status, Successfully Completed, Status, Successfully Completed, Status, Successfully Completed, Status, Successfully Completed, Status, Successfully Completed, Status, Successfully Completed, Status, Successfully Completed, Status, Successfully Completed, Status, Successfully Completed, Status, Successfully Completed, Status, Successfully Completed, Status, Successfully Completed, Status, Successfully Completed, Status, Successfully Completed, Status, Successfully Completed, Status, Successfully Completed, Status, Successfully Completed, Status, Successfully Completed, Status, Successfully Completed, Status, Successfully Completed, Status, Successfully Completed, Status, Successfully Completed, Status, Successfully Completed, Status, Successfully Completed, Status, Successfully Completed, Status, Successfully Completed, Status, Successfully Completed, Status, Successfully Completed, Status, Successfully Completed, Status, Successfully Completed, Status, Successfully Completed, Status, Successfully Completed, Status, Successfully Completed, Status, Successfully Completed, Status, Successfully Completed, Status, Successfully Completed, Status]
[neelback4more@gmail.com, Subho1991*, Status, Successfully Completed, Status, Successfully Completed, Status, Successfully Completed, Status, Successfully Completed, Status, Successfully Completed, Status, Successfully Completed, Status, Successfully Completed, Status, Successfully Completed, Status, Successfully Completed, Status, Successfully Completed, Status, Successfully Completed, Status, Successfully Completed, Status, Successfully Completed, Status, Successfully Completed, Status, Successfully Completed, Status, Successfully Completed, Status, Successfully Completed, Status, Successfully Completed, Status, Successfully Completed, Status, Successfully Completed, Status, Successfully Completed, Status, Successfully Completed, Status, Successfully Completed, Status, Successfully Completed, Status, Successfully Completed, Status, Successfully Completed, Status, Successfully Completed, Status, Successfully Completed, Status, Successfully Completed, Status, Successfully Completed, Status, Successfully Completed, Status, Successfully Completed, Status, Successfully Completed, Status, Successfully Completed, Status, Successfully Completed, Status, Successfully Completed, Status, Successfully Completed, Status, Successfully Completed, Status, Successfully Completed, Status, Successfully Completed, Status, Successfully Completed, Status, Successfully Completed, Status, Successfully Completed, Status, Successfully Completed, Status, Successfully Completed, Status, Successfully Completed, Status, Successfully Completed, Status, Successfully Completed, Status, Successfully Completed, Status, Successfully Completed, Status, Successfully Completed, Status, Successfully Completed, Status, Successfully Completed, Status, Successfully Completed, Status, Successfully Completed, Status, Successfully Completed, Status, Successfully Completed, Status, Successfully Completed, Status, Successfully Completed, Status, Successfully Completed, Status, Successfully Completed, Status, Successfully Completed, Status, Successfully Completed, Status, Successfully Completed, Status, Successfully Completed, Status, Successfully Completed, Status, Successfully Completed, Status, Successfully Completed, Status, Successfully Completed, Status, Successfully Completed, Status, Successfully Completed, Status, Successfully Completed, Status, Successfully Completed, Status, Successfully Completed, Status, Successfully Completed, Status, Successfully Completed, Status, Successfully Completed, Status, Successfully Completed, Status, Successfully Completed, Status, Successfully Completed, Status, Successfully Completed, Status, Successfully Completed, Status, Successfully Completed, Status, Successfully Completed, Status, Successfully Completed, Status, Successfully Completed, Status, Successfully Completed, Status, Successfully Completed, Status, Successfully Completed, Status, Successfully Completed, Status, Successfully Completed, Status, Successfully Completed, Status, Successfully Completed, Status, Successfully Completed, Status, Successfully Completed, Status, Successfully Completed, Status, Successfully Completed, Status, Successfully Completed, Status, Successfully Completed, Status, Successfully Completed, Status, Successfully Completed, Status, Successfully Completed, Status, Successfully Completed, Status, Successfully Completed, Status, Successfully Completed, Status, Successfully Completed, Status, Successfully Completed, Status, Successfully Completed, Status, Successfully Completed, Status, Successfully Completed, Status, Successfully Completed, Status, Successfully Completed, Status, Successfully Completed, Status, Successfully Completed, Status, Successfully Completed, Status, Successfully Completed, Status, Successfully Completed, Status, Successfully Completed, Status, Successfully Completed, Status, Successfully Completed, Status, Successfully Completed, Status, Successfully Completed, Status, Successfully Completed, Status, Successfully Completed, Status, Successfully Completed, Status, Successfully Completed, Status, Successfully Completed, Status, Successfully Completed, Status, Successfully Completed, Status, Successfully Completed, Status, Successfully Completed, Status, Successfully Completed, Status, Successfully Completed, Status, Successfully Completed, Status, Successfully Completed, Status, Successfully Completed, Status, Successfully Completed, Status, Successfully Completed, Status, Successfully Completed, Status, Successfully Completed, Status, Successfully Completed, Status, Successfully Completed, Status, Successfully Completed, Status, Successfully Completed, Status, Successfully Completed, Status, Successfully Completed, Status, Successfully Completed, Status, Successfully Completed, Status, Successfully Completed, Status, Successfully Completed, Status, Successfully Completed, Status, Successfully Completed, Status, Successfully Completed, Status, Successfully Completed, Status, Successfully Completed, Status, Successfully Completed, Status, Successfully Completed, Status, Successfully Completed, Status, Successfully Completed, Status, Successfully Completed, Status, Successfully Completed, Status, Successfully Completed, Status, Successfully Completed, Status, Successfully Completed, Status, Successfully Completed, Status, Successfully Completed, Status, Successfully Completed, Status, Successfully Completed, Status, Successfully Completed, Status, Successfully Completed, Status, Successfully Completed, Status, Successfully Completed, Status, Successfully Completed, Status, Successfully Completed, Status, Successfully Completed, Status, Successfully Completed, Status, Successfully Completed, Status, Successfully Completed, Status, Successfully Completed, Status, Successfully Completed, Status, Successfully Completed, Status, Successfully Completed, Status, Successfully Completed, Status, Successfully Completed, Status, Successfully Completed, Status, Successfully Completed, Status, Successfully Completed, Status, Successfully Completed, Status, Successfully Completed, Status, Successfully Completed, Status, Successfully Completed, Status, Successfully Completed, Status, Successfully Completed, Status, Successfully Completed, Status, Successfully Completed, Status, Successfully Completed, Status, Successfully Completed, Status, Successfully Completed, Status, Successfully Completed, Status, Successfully Completed, Status, Successfully Completed, Status, Successfully Completed, Status, Successfully Completed, Status, Successfully Completed, Status, Successfully Completed, Status, Successfully Completed, Status, Successfully Completed, Status, Successfully Completed, Status, Successfully Completed, Status, Successfully Completed, Status, Successfully Completed, Status, Successfully Completed, Status, Successfully Completed, Status, Successfully Completed, Status, Successfully Completed, Status, Successfully Completed, Status, Successfully Completed, Status, Successfully Completed, Status, Successfully Completed, Status, Successfully Completed, Status, Successfully Completed, Status, Successfully Completed, Status, Successfully Completed, Status, Successfully Completed, Status, Successfully Completed, Status, Successfully Completed, Status, Successfully Completed, Status, Successfully Completed, Status, Successfully Completed, Status, Successfully Completed, Status, Successfully Completed, Status, Successfully Completed, Status, Successfully Completed, Status, Successfully Completed, Status, Successfully Completed, Status, Successfully Completed, Status, Successfully Completed, Status, Successfully Completed, Status, Successfully Completed, Status, Successfully Completed, Status, Successfully Completed, Status, Successfully Completed, Status, Successfully Completed, Status, Successfully Completed, Status, Successfully Completed, Status, Successfully Completed, Status, Successfully Completed, Status, Successfully Completed, Status, Successfully Completed, Status, Successfully Completed, Status, Successfully Completed, Status, Successfully Completed, Status, Successfully Completed, Status, Successfully Completed, Status, Successfully Completed, Status, Successfully Completed, Status, Successfully Completed, Status, Successfully Completed, Status, Successfully Completed, Status, Successfully Completed, Status, Successfully Completed, Status, Successfully Completed, Status, Successfully Completed, Status, Successfully Completed, Status, Successfully Completed, Status, Successfully Completed, Status, Successfully Completed, Status, Successfully Completed, Status, Successfully Completed, Status, Successfully Completed, Status, Successfully Completed, Status, Successfully Completed, Status, Successfully Completed, Status, Successfully Completed, Status, Successfully Completed, Status, Successfully Completed, Status, Successfully Completed, Status, Successfully Completed, Status, Successfully Completed, Status, Successfully Completed, Status, Successfully Completed, Status, Successfully Completed, Status, Successfully Completed, Status, Successfully Completed, Status, Successfully Completed, Status, Successfully Completed, Status, Successfully Completed, Status, Successfully Completed, Status, Successfully Completed, Status, Successfully Completed, Status, Successfully Completed, Status, Successfully Completed, Status, Successfully Completed, Status, Successfully Completed, Status, Successfully Completed, Status, Successfully Completed, Status, Successfully Completed, Status, Successfully Completed, Status, Successfully Completed, Status, Successfully Completed]
[neelback4more@gmail.com, Subho1991*, Status, Successfully Completed, Status, Successfully Completed, Status, Successfully Completed, Status, Successfully Completed, Status, Successfully Completed, Status, Successfully Completed, Status, Successfully Completed, Status, Successfully Completed, Status, Successfully Completed, Status, Successfully Completed, Status, Successfully Completed, Status, Successfully Completed, Status, Successfully Completed, Status, Successfully Completed, Status, Successfully Completed, Status, Successfully Completed, Status, Successfully Completed, Status, Successfully Completed, Status, Successfully Completed, Status, Successfully Completed, Status, Successfully Completed, Status, Successfully Completed, Status, Successfully Completed, Status, Successfully Completed, Status, Successfully Completed, Status, Successfully Completed, Status, Successfully Completed, Status, Successfully Completed, Status, Successfully Completed, Status, Successfully Completed, Status, Successfully Completed, Status, Successfully Completed, Status, Successfully Completed, Status, Successfully Completed, Status, Successfully Completed, Status, Successfully Completed, Status, Successfully Completed, Status, Successfully Completed, Status, Successfully Completed, Status, Successfully Completed, Status, Successfully Completed, Status, Successfully Completed, Status, Successfully Completed, Status, Successfully Completed, Status, Successfully Completed, Status, Successfully Completed, Status, Successfully Completed, Status, Successfully Completed, Status, Successfully Completed, Status, Successfully Completed, Status, Successfully Completed, Status, Successfully Completed, Status, Successfully Completed, Status, Successfully Completed, Status, Successfully Completed, Status, Successfully Completed, Status, Successfully Completed, Status, Successfully Completed, Status, Successfully Completed, Status, Successfully Completed, Status, Successfully Completed, Status, Successfully Completed, Status, Successfully Completed, Status, Successfully Completed, Status, Successfully Completed, Status, Successfully Completed, Status, Successfully Completed, Status, Successfully Completed, Status, Successfully Completed, Status, Successfully Completed, Status, Successfully Completed, Status, Successfully Completed, Status, Successfully Completed, Status, Successfully Completed, Status, Successfully Completed, Status, Successfully Completed, Status, Successfully Completed, Status, Successfully Completed, Status, Successfully Completed, Status, Successfully Completed, Status, Successfully Completed, Status, Successfully Completed, Status, Successfully Completed, Status, Successfully Completed, Status, Successfully Completed, Status, Successfully Completed, Status, Successfully Completed, Status, Successfully Completed, Status, Successfully Completed, Status, Successfully Completed, Status, Successfully Completed, Status, Successfully Completed, Status, Successfully Completed, Status, Successfully Completed, Status, Successfully Completed, Status, Successfully Completed, Status, Successfully Completed, Status, Successfully Completed, Status, Successfully Completed, Status, Successfully Completed, Status, Successfully Completed, Status, Successfully Completed, Status, Successfully Completed, Status, Successfully Completed, Status, Successfully Completed, Status, Successfully Completed, Status, Successfully Completed, Status, Successfully Completed, Status, Successfully Completed, Status, Successfully Completed, Status, Successfully Completed, Status, Successfully Completed, Status, Successfully Completed, Status, Successfully Completed, Status, Successfully Completed, Status, Successfully Completed, Status, Successfully Completed, Status, Successfully Completed, Status, Successfully Completed, Status, Successfully Completed, Status, Successfully Completed, Status, Successfully Completed, Status, Successfully Completed, Status, Successfully Completed, Status, Successfully Completed, Status, Successfully Completed, Status, Successfully Completed, Status, Successfully Completed, Status, Successfully Completed, Status, Successfully Completed, Status, Successfully Completed, Status, Successfully Completed, Status, Successfully Completed, Status, Successfully Completed, Status, Successfully Completed, Status, Successfully Completed, Status, Successfully Completed, Status, Successfully Completed, Status, Successfully Completed, Status, Successfully Completed, Status, Successfully Completed, Status, Successfully Completed, Status, Successfully Completed, Status, Successfully Completed, Status, Successfully Completed, Status, Successfully Completed, Status, Successfully Completed, Status, Successfully Completed, Status, Successfully Completed, Status, Successfully Completed, Status, Successfully Completed, Status, Successfully Completed, Status, Successfully Completed, Status, Successfully Completed, Status, Successfully Completed, Status, Successfully Completed, Status, Successfully Completed, Status, Successfully Completed, Status, Successfully Completed, Status, Successfully Completed, Status, Successfully Completed, Status, Successfully Completed, Status, Successfully Completed, Status, Successfully Completed, Status, Successfully Completed, Status, Successfully Completed, Status, Successfully Completed, Status, Successfully Completed, Status, Successfully Completed, Status, Successfully Completed, Status, Successfully Completed, Status, Successfully Completed, Status, Successfully Completed, Status, Successfully Completed, Status, Successfully Completed, Status, Successfully Completed, Status, Successfully Completed, Status, Successfully Completed, Status, Successfully Completed, Status, Successfully Completed, Status, Successfully Completed, Status, Successfully Completed, Status, Successfully Completed, Status, Successfully Completed, Status, Successfully Completed, Status, Successfully Completed, Status, Successfully Completed, Status, Successfully Completed, Status, Successfully Completed, Status, Successfully Completed, Status, Successfully Completed, Status, Successfully Completed, Status, Successfully Completed, Status, Successfully Completed, Status, Successfully Completed, Status, Successfully Completed, Status, Successfully Completed, Status, Successfully Completed, Status, Successfully Completed, Status, Successfully Completed, Status, Successfully Completed, Status, Successfully Completed, Status, Successfully Completed, Status, Successfully Completed, Status, Successfully Completed, Status, Successfully Completed, Status, Successfully Completed, Status, Successfully Completed, Status, Successfully Completed, Status, Successfully Completed, Status, Successfully Completed, Status, Successfully Completed, Status, Successfully Completed, Status, Successfully Completed, Status, Successfully Completed, Status, Successfully Completed, Status, Successfully Completed, Status, Successfully Completed, Status, Successfully Completed, Status, Successfully Completed, Status, Successfully Completed, Status, Successfully Completed, Status, Successfully Completed, Status, Successfully Completed, Status, Successfully Completed, Status, Successfully Completed, Status, Successfully Completed, Status, Successfully Completed, Status, Successfully Completed, Status, Successfully Completed, Status, Successfully Completed, Status, Successfully Completed, Status, Successfully Completed, Status, Successfully Completed, Status, Successfully Completed, Status, Successfully Completed, Status, Successfully Completed, Status, Successfully Completed, Status, Successfully Completed, Status, Successfully Completed, Status, Successfully Completed, Status, Successfully Completed, Status, Successfully Completed, Status, Successfully Completed, Status, Successfully Completed, Status, Successfully Completed, Status, Successfully Completed, Status, Successfully Completed, Status, Successfully Completed, Status, Successfully Completed, Status, Successfully Completed, Status, Successfully Completed, Status, Successfully Completed, Status, Successfully Completed, Status, Successfully Completed, Status, Successfully Completed, Status, Successfully Completed, Status, Successfully Completed, Status, Successfully Completed, Status, Successfully Completed, Status, Successfully Completed, Status, Successfully Completed, Status, Successfully Completed, Status, Successfully Completed, Status, Successfully Completed, Status, Successfully Completed, Status, Successfully Completed, Status, Successfully Completed, Status, Successfully Completed, Status, Successfully Completed, Status, Successfully Completed, Status, Successfully Completed, Status, Successfully Completed, Status, Successfully Completed, Status, Successfully Completed, Status, Successfully Completed, Status, Successfully Completed, Status, Successfully Completed, Status, Successfully Completed, Status, Successfully Completed, Status, Successfully Completed, Status, Successfully Completed, Status, Successfully Completed, Status, Successfully Completed, Status, Successfully Completed, Status, Successfully Completed, Status, Successfully Completed, Status, Successfully Completed, Status, Successfully Completed, Status, Successfully Completed, Status, Successfully Completed, Status, Successfully Completed, Status, Successfully Completed, Status, Successfully Completed, Status, Successfully Completed, Status, Successfully Completed, Status, Successfully Completed, Status, Successfully Completed, Status, Successfully Completed, Status, Successfully Completed, Status]
[neelback4more@gmail.com, Subho1991*, Status, Successfully Completed, Status, Successfully Completed, Status, Successfully Completed, Status, Successfully Completed, Status, Successfully Completed, Status, Successfully Completed, Status, Successfully Completed, Status, Successfully Completed, Status, Successfully Completed, Status, Successfully Completed, Status, Successfully Completed, Status, Successfully Completed, Status, Successfully Completed, Status, Successfully Completed, Status, Successfully Completed, Status, Successfully Completed, Status, Successfully Completed, Status, Successfully Completed, Status, Successfully Completed, Status, Successfully Completed, Status, Successfully Completed, Status, Successfully Completed, Status, Successfully Completed, Status, Successfully Completed, Status, Successfully Completed, Status, Successfully Completed, Status, Successfully Completed, Status, Successfully Completed, Status, Successfully Completed, Status, Successfully Completed, Status, Successfully Completed, Status, Successfully Completed, Status, Successfully Completed, Status, Successfully Completed, Status, Successfully Completed, Status, Successfully Completed, Status, Successfully Completed, Status, Successfully Completed, Status, Successfully Completed, Status, Successfully Completed, Status, Successfully Completed, Status, Successfully Completed, Status, Successfully Completed, Status, Successfully Completed, Status, Successfully Completed, Status, Successfully Completed, Status, Successfully Completed, Status, Successfully Completed, Status, Successfully Completed, Status, Successfully Completed, Status, Successfully Completed, Status, Successfully Completed, Status, Successfully Completed, Status, Successfully Completed, Status, Successfully Completed, Status, Successfully Completed, Status, Successfully Completed, Status, Successfully Completed, Status, Successfully Completed, Status, Successfully Completed, Status, Successfully Completed, Status, Successfully Completed, Status, Successfully Completed, Status, Successfully Completed, Status, Successfully Completed, Status, Successfully Completed, Status, Successfully Completed, Status, Successfully Completed, Status, Successfully Completed, Status, Successfully Completed, Status, Successfully Completed, Status, Successfully Completed, Status, Successfully Completed, Status, Successfully Completed, Status, Successfully Completed, Status, Successfully Completed, Status, Successfully Completed, Status, Successfully Completed, Status, Successfully Completed, Status, Successfully Completed, Status, Successfully Completed, Status, Successfully Completed, Status, Successfully Completed, Status, Successfully Completed, Status, Successfully Completed, Status, Successfully Completed, Status, Successfully Completed, Status, Successfully Completed, Status, Successfully Completed, Status, Successfully Completed, Status, Successfully Completed, Status, Successfully Completed, Status, Successfully Completed, Status, Successfully Completed, Status, Successfully Completed, Status, Successfully Completed, Status, Successfully Completed, Status, Successfully Completed, Status, Successfully Completed, Status, Successfully Completed, Status, Successfully Completed, Status, Successfully Completed, Status, Successfully Completed, Status, Successfully Completed, Status, Successfully Completed, Status, Successfully Completed, Status, Successfully Completed, Status, Successfully Completed, Status, Successfully Completed, Status, Successfully Completed, Status, Successfully Completed, Status, Successfully Completed, Status, Successfully Completed, Status, Successfully Completed, Status, Successfully Completed, Status, Successfully Completed, Status, Successfully Completed, Status, Successfully Completed, Status, Successfully Completed, Status, Successfully Completed, Status, Successfully Completed, Status, Successfully Completed, Status, Successfully Completed, Status, Successfully Completed, Status, Successfully Completed, Status, Successfully Completed, Status, Successfully Completed, Status, Successfully Completed, Status, Successfully Completed, Status, Successfully Completed, Status, Successfully Completed, Status, Successfully Completed, Status, Successfully Completed, Status, Successfully Completed, Status, Successfully Completed, Status, Successfully Completed, Status, Successfully Completed, Status, Successfully Completed, Status, Successfully Completed, Status, Successfully Completed, Status, Successfully Completed, Status, Successfully Completed, Status, Successfully Completed, Status, Successfully Completed, Status, Successfully Completed, Status, Successfully Completed, Status, Successfully Completed, Status, Successfully Completed, Status, Successfully Completed, Status, Successfully Completed, Status, Successfully Completed, Status, Successfully Completed, Status, Successfully Completed, Status, Successfully Completed, Status, Successfully Completed, Status, Successfully Completed, Status, Successfully Completed, Status, Successfully Completed, Status, Successfully Completed, Status, Successfully Completed, Status, Successfully Completed, Status, Successfully Completed, Status, Successfully Completed, Status, Successfully Completed, Status, Successfully Completed, Status, Successfully Completed, Status, Successfully Completed, Status, Successfully Completed, Status, Successfully Completed, Status, Successfully Completed, Status, Successfully Completed, Status, Successfully Completed, Status, Successfully Completed, Status, Successfully Completed, Status, Successfully Completed, Status, Successfully Completed, Status, Successfully Completed, Status, Successfully Completed, Status, Successfully Completed, Status, Successfully Completed, Status, Successfully Completed, Status, Successfully Completed, Status, Successfully Completed, Status, Successfully Completed, Status, Successfully Completed, Status, Successfully Completed, Status, Successfully Completed, Status, Successfully Completed, Status, Successfully Completed, Status, Successfully Completed, Status, Successfully Completed, Status, Successfully Completed, Status, Successfully Completed, Status, Successfully Completed, Status, Successfully Completed, Status, Successfully Completed, Status, Successfully Completed, Status, Successfully Completed, Status, Successfully Completed, Status, Successfully Completed, Status, Successfully Completed, Status, Successfully Completed, Status, Successfully Completed, Status, Successfully Completed, Status, Successfully Completed, Status, Successfully Completed, Status, Successfully Completed, Status, Successfully Completed, Status, Successfully Completed, Status, Successfully Completed, Status, Successfully Completed, Status, Successfully Completed, Status, Successfully Completed, Status, Successfully Completed, Status, Successfully Completed, Status, Successfully Completed, Status, Successfully Completed, Status, Successfully Completed, Status, Successfully Completed, Status, Successfully Completed, Status, Successfully Completed, Status, Successfully Completed, Status, Successfully Completed, Status, Successfully Completed, Status, Successfully Completed, Status, Successfully Completed, Status, Successfully Completed, Status, Successfully Completed, Status, Successfully Completed, Status, Successfully Completed, Status, Successfully Completed, Status, Successfully Completed, Status, Successfully Completed, Status, Successfully Completed, Status, Successfully Completed, Status, Successfully Completed, Status, Successfully Completed, Status, Successfully Completed, Status, Successfully Completed, Status, Successfully Completed, Status, Successfully Completed, Status, Successfully Completed, Status, Successfully Completed, Status, Successfully Completed, Status, Successfully Completed, Status, Successfully Completed, Status, Successfully Completed, Status, Successfully Completed, Status, Successfully Completed, Status, Successfully Completed, Status, Successfully Completed, Status, Successfully Completed, Status, Successfully Completed, Status, Successfully Completed, Status, Successfully Completed, Status, Successfully Completed, Status, Successfully Completed, Status, Successfully Completed, Status, Successfully Completed, Status, Successfully Completed, Status, Successfully Completed, Status, Successfully Completed, Status, Successfully Completed, Status, Successfully Completed, Status, Successfully Completed, Status, Successfully Completed, Status, Successfully Completed, Status, Successfully Completed, Status, Successfully Completed, Status, Successfully Completed, Status, Successfully Completed, Status, Successfully Completed, Status, Successfully Completed, Status, Successfully Completed, Status, Successfully Completed, Status, Successfully Completed, Status, Successfully Completed, Status, Successfully Completed, Status, Successfully Completed, Status, Successfully Completed, Status, Successfully Completed, Status, Successfully Completed, Status, Successfully Completed, Status, Successfully Completed, Status, Successfully Completed, Status, Successfully Completed, Status, Successfully Completed, Status, Successfully Completed, Status, Successfully Completed, Status, Successfully Completed, Status, Successfully Completed, Status, Successfully Completed, Status, Successfully Completed, Status, Successfully Completed, Status, Successfully Completed, Status, Successfully Completed, Status, Successfully Completed, Status, Successfully Completed, Status, Successfully Completed, Status, Successfully Completed, Status, Successfully Completed]
[neelback4more@gmail.com, Subho1991*, Status, Successfully Completed, Status, Successfully Completed, Status, Successfully Completed, Status, Successfully Completed, Status, Successfully Completed, Status, Successfully Completed, Status, Successfully Completed, Status, Successfully Completed, Status, Successfully Completed, Status, Successfully Completed, Status, Successfully Completed, Status, Successfully Completed, Status, Successfully Completed, Status, Successfully Completed, Status, Successfully Completed, Status, Successfully Completed, Status, Successfully Completed, Status, Successfully Completed, Status, Successfully Completed, Status, Successfully Completed, Status, Successfully Completed, Status, Successfully Completed, Status, Successfully Completed, Status, Successfully Completed, Status, Successfully Completed, Status, Successfully Completed, Status, Successfully Completed, Status, Successfully Completed, Status, Successfully Completed, Status, Successfully Completed, Status, Successfully Completed, Status, Successfully Completed, Status, Successfully Completed, Status, Successfully Completed, Status, Successfully Completed, Status, Successfully Completed, Status, Successfully Completed, Status, Successfully Completed, Status, Successfully Completed, Status, Successfully Completed, Status, Successfully Completed, Status, Successfully Completed, Status, Successfully Completed, Status, Successfully Completed, Status, Successfully Completed, Status, Successfully Completed, Status, Successfully Completed, Status, Successfully Completed, Status, Successfully Completed, Status, Successfully Completed, Status, Successfully Completed, Status, Successfully Completed, Status, Successfully Completed, Status, Successfully Completed, Status, Successfully Completed, Status, Successfully Completed, Status, Successfully Completed, Status, Successfully Completed, Status, Successfully Completed, Status, Successfully Completed, Status, Successfully Completed, Status, Successfully Completed, Status, Successfully Completed, Status, Successfully Completed, Status, Successfully Completed, Status, Successfully Completed, Status, Successfully Completed, Status, Successfully Completed, Status, Successfully Completed, Status, Successfully Completed, Status, Successfully Completed, Status, Successfully Completed, Status, Successfully Completed, Status, Successfully Completed, Status, Successfully Completed, Status, Successfully Completed, Status, Successfully Completed, Status, Successfully Completed, Status, Successfully Completed, Status, Successfully Completed, Status, Successfully Completed, Status, Successfully Completed, Status, Successfully Completed, Status, Successfully Completed, Status, Successfully Completed, Status, Successfully Completed, Status, Successfully Completed, Status, Successfully Completed, Status, Successfully Completed, Status, Successfully Completed, Status, Successfully Completed, Status, Successfully Completed, Status, Successfully Completed, Status, Successfully Completed, Status, Successfully Completed, Status, Successfully Completed, Status, Successfully Completed, Status, Successfully Completed, Status, Successfully Completed, Status, Successfully Completed, Status, Successfully Completed, Status, Successfully Completed, Status, Successfully Completed, Status, Successfully Completed, Status, Successfully Completed, Status, Successfully Completed, Status, Successfully Completed, Status, Successfully Completed, Status, Successfully Completed, Status, Successfully Completed, Status, Successfully Completed, Status, Successfully Completed, Status, Successfully Completed, Status, Successfully Completed, Status, Successfully Completed, Status, Successfully Completed, Status, Successfully Completed, Status, Successfully Completed, Status, Successfully Completed, Status, Successfully Completed, Status, Successfully Completed, Status, Successfully Completed, Status, Successfully Completed, Status, Successfully Completed, Status, Successfully Completed, Status, Successfully Completed, Status, Successfully Completed, Status, Successfully Completed, Status, Successfully Completed, Status, Successfully Completed, Status, Successfully Completed, Status, Successfully Completed, Status, Successfully Completed, Status, Successfully Completed, Status, Successfully Completed, Status, Successfully Completed, Status, Successfully Completed, Status, Successfully Completed, Status, Successfully Completed, Status, Successfully Completed, Status, Successfully Completed, Status, Successfully Completed, Status, Successfully Completed, Status, Successfully Completed, Status, Successfully Completed, Status, Successfully Completed, Status, Successfully Completed, Status, Successfully Completed, Status, Successfully Completed, Status, Successfully Completed, Status, Successfully Completed, Status, Successfully Completed, Status, Successfully Completed, Status, Successfully Completed, Status, Successfully Completed, Status, Successfully Completed, Status, Successfully Completed, Status, Successfully Completed, Status, Successfully Completed, Status, Successfully Completed, Status, Successfully Completed, Status, Successfully Completed, Status, Successfully Completed, Status, Successfully Completed, Status, Successfully Completed, Status, Successfully Completed, Status, Successfully Completed, Status, Successfully Completed, Status, Successfully Completed, Status, Successfully Completed, Status, Successfully Completed, Status, Successfully Completed, Status, Successfully Completed, Status, Successfully Completed, Status, Successfully Completed, Status, Successfully Completed, Status, Successfully Completed, Status, Successfully Completed, Status, Successfully Completed, Status, Successfully Completed, Status, Successfully Completed, Status, Successfully Completed, Status, Successfully Completed, Status, Successfully Completed, Status, Successfully Completed, Status, Successfully Completed, Status, Successfully Completed, Status, Successfully Completed, Status, Successfully Completed, Status, Successfully Completed, Status, Successfully Completed, Status, Successfully Completed, Status, Successfully Completed, Status, Successfully Completed, Status, Successfully Completed, Status, Successfully Completed, Status, Successfully Completed, Status, Successfully Completed, Status, Successfully Completed, Status, Successfully Completed, Status, Successfully Completed, Status, Successfully Completed, Status, Successfully Completed, Status, Successfully Completed, Status, Successfully Completed, Status, Successfully Completed, Status, Successfully Completed, Status, Successfully Completed, Status, Successfully Completed, Status, Successfully Completed, Status, Successfully Completed, Status, Successfully Completed, Status, Successfully Completed, Status, Successfully Completed, Status, Successfully Completed, Status, Successfully Completed, Status, Successfully Completed, Status, Successfully Completed, Status, Successfully Completed, Status, Successfully Completed, Status, Successfully Completed, Status, Successfully Completed, Status, Successfully Completed, Status, Successfully Completed, Status, Successfully Completed, Status, Successfully Completed, Status, Successfully Completed, Status, Successfully Completed, Status, Successfully Completed, Status, Successfully Completed, Status, Successfully Completed, Status, Successfully Completed, Status, Successfully Completed, Status, Successfully Completed, Status, Successfully Completed, Status, Successfully Completed, Status, Successfully Completed, Status, Successfully Completed, Status, Successfully Completed, Status, Successfully Completed, Status, Successfully Completed, Status, Successfully Completed, Status, Successfully Completed, Status, Successfully Completed, Status, Successfully Completed, Status, Successfully Completed, Status, Successfully Completed, Status, Successfully Completed, Status, Successfully Completed, Status, Successfully Completed, Status, Successfully Completed, Status, Successfully Completed, Status, Successfully Completed, Status, Successfully Completed, Status, Successfully Completed, Status, Successfully Completed, Status, Successfully Completed, Status, Successfully Completed, Status, Successfully Completed, Status, Successfully Completed, Status, Successfully Completed, Status, Successfully Completed, Status, Successfully Completed, Status, Successfully Completed, Status, Successfully Completed, Status, Successfully Completed, Status, Successfully Completed, Status, Successfully Completed, Status, Successfully Completed, Status, Successfully Completed, Status, Successfully Completed, Status, Successfully Completed, Status, Successfully Completed, Status, Successfully Completed, Status, Successfully Completed, Status, Successfully Completed, Status, Successfully Completed, Status, Successfully Completed, Status, Successfully Completed, Status, Successfully Completed, Status, Successfully Completed, Status, Successfully Completed, Status, Successfully Completed, Status, Successfully Completed, Status, Successfully Completed, Status, Successfully Completed, Status, Successfully Completed, Status, Successfully Completed, Status, Successfully Completed, Status, Successfully Completed, Status, Successfully Completed, Status, Successfully Completed, Status, Successfully Completed, Status, Successfully Completed, Status, Successfully Completed, Status, Successfully Completed, Status, Successfully Completed, Status, Successfully Completed, Status, Successfully Completed, Status, Successfully Completed, Status, Successfully Completed, Status]
[neelback4more@gmail.com, Subho1991*, Status, Successfully Completed, Status, Successfully Completed, Status, Successfully Completed, Status, Successfully Completed, Status, Successfully Completed, Status, Successfully Completed, Status, Successfully Completed, Status, Successfully Completed, Status, Successfully Completed, Status, Successfully Completed, Status, Successfully Completed, Status, Successfully Completed, Status, Successfully Completed, Status, Successfully Completed, Status, Successfully Completed, Status, Successfully Completed, Status, Successfully Completed, Status, Successfully Completed, Status, Successfully Completed, Status, Successfully Completed, Status, Successfully Completed, Status, Successfully Completed, Status, Successfully Completed, Status, Successfully Completed, Status, Successfully Completed, Status, Successfully Completed, Status, Successfully Completed, Status, Successfully Completed, Status, Successfully Completed, Status, Successfully Completed, Status, Successfully Completed, Status, Successfully Completed, Status, Successfully Completed, Status, Successfully Completed, Status, Successfully Completed, Status, Successfully Completed, Status, Successfully Completed, Status, Successfully Completed, Status, Successfully Completed, Status, Successfully Completed, Status, Successfully Completed, Status, Successfully Completed, Status, Successfully Completed, Status, Successfully Completed, Status, Successfully Completed, Status, Successfully Completed, Status, Successfully Completed, Status, Successfully Completed, Status, Successfully Completed, Status, Successfully Completed, Status, Successfully Completed, Status, Successfully Completed, Status, Successfully Completed, Status, Successfully Completed, Status, Successfully Completed, Status, Successfully Completed, Status, Successfully Completed, Status, Successfully Completed, Status, Successfully Completed, Status, Successfully Completed, Status, Successfully Completed, Status, Successfully Completed, Status, Successfully Completed, Status, Successfully Completed, Status, Successfully Completed, Status, Successfully Completed, Status, Successfully Completed, Status, Successfully Completed, Status, Successfully Completed, Status, Successfully Completed, Status, Successfully Completed, Status, Successfully Completed, Status, Successfully Completed, Status, Successfully Completed, Status, Successfully Completed, Status, Successfully Completed, Status, Successfully Completed, Status, Successfully Completed, Status, Successfully Completed, Status, Successfully Completed, Status, Successfully Completed, Status, Successfully Completed, Status, Successfully Completed, Status, Successfully Completed, Status, Successfully Completed, Status, Successfully Completed, Status, Successfully Completed, Status, Successfully Completed, Status, Successfully Completed, Status, Successfully Completed, Status, Successfully Completed, Status, Successfully Completed, Status, Successfully Completed, Status, Successfully Completed, Status, Successfully Completed, Status, Successfully Completed, Status, Successfully Completed, Status, Successfully Completed, Status, Successfully Completed, Status, Successfully Completed, Status, Successfully Completed, Status, Successfully Completed, Status, Successfully Completed, Status, Successfully Completed, Status, Successfully Completed, Status, Successfully Completed, Status, Successfully Completed, Status, Successfully Completed, Status, Successfully Completed, Status, Successfully Completed, Status, Successfully Completed, Status, Successfully Completed, Status, Successfully Completed, Status, Successfully Completed, Status, Successfully Completed, Status, Successfully Completed, Status, Successfully Completed, Status, Successfully Completed, Status, Successfully Completed, Status, Successfully Completed, Status, Successfully Completed, Status, Successfully Completed, Status, Successfully Completed, Status, Successfully Completed, Status, Successfully Completed, Status, Successfully Completed, Status, Successfully Completed, Status, Successfully Completed, Status, Successfully Completed, Status, Successfully Completed, Status, Successfully Completed, Status, Successfully Completed, Status, Successfully Completed, Status, Successfully Completed, Status, Successfully Completed, Status, Successfully Completed, Status, Successfully Completed, Status, Successfully Completed, Status, Successfully Completed, Status, Successfully Completed, Status, Successfully Completed, Status, Successfully Completed, Status, Successfully Completed, Status, Successfully Completed, Status, Successfully Completed, Status, Successfully Completed, Status, Successfully Completed, Status, Successfully Completed, Status, Successfully Completed, Status, Successfully Completed, Status, Successfully Completed, Status, Successfully Completed, Status, Successfully Completed, Status, Successfully Completed, Status, Successfully Completed, Status, Successfully Completed, Status, Successfully Completed, Status, Successfully Completed, Status, Successfully Completed, Status, Successfully Completed, Status, Successfully Completed, Status, Successfully Completed, Status, Successfully Completed, Status, Successfully Completed, Status, Successfully Completed, Status, Successfully Completed, Status, Successfully Completed, Status, Successfully Completed, Status, Successfully Completed, Status, Successfully Completed, Status, Successfully Completed, Status, Successfully Completed, Status, Successfully Completed, Status, Successfully Completed, Status, Successfully Completed, Status, Successfully Completed, Status, Successfully Completed, Status, Successfully Completed, Status, Successfully Completed, Status, Successfully Completed, Status, Successfully Completed, Status, Successfully Completed, Status, Successfully Completed, Status, Successfully Completed, Status, Successfully Completed, Status, Successfully Completed, Status, Successfully Completed, Status, Successfully Completed, Status, Successfully Completed, Status, Successfully Completed, Status, Successfully Completed, Status, Successfully Completed, Status, Successfully Completed, Status, Successfully Completed, Status, Successfully Completed, Status, Successfully Completed, Status, Successfully Completed, Status, Successfully Completed, Status, Successfully Completed, Status, Successfully Completed, Status, Successfully Completed, Status, Successfully Completed, Status, Successfully Completed, Status, Successfully Completed, Status, Successfully Completed, Status, Successfully Completed, Status, Successfully Completed, Status, Successfully Completed, Status, Successfully Completed, Status, Successfully Completed, Status, Successfully Completed, Status, Successfully Completed, Status, Successfully Completed, Status, Successfully Completed, Status, Successfully Completed, Status, Successfully Completed, Status, Successfully Completed, Status, Successfully Completed, Status, Successfully Completed, Status, Successfully Completed, Status, Successfully Completed, Status, Successfully Completed, Status, Successfully Completed, Status, Successfully Completed, Status, Successfully Completed, Status, Successfully Completed, Status, Successfully Completed, Status, Successfully Completed, Status, Successfully Completed, Status, Successfully Completed, Status, Successfully Completed, Status, Successfully Completed, Status, Successfully Completed, Status, Successfully Completed, Status, Successfully Completed, Status, Successfully Completed, Status, Successfully Completed, Status, Successfully Completed, Status, Successfully Completed, Status, Successfully Completed, Status, Successfully Completed, Status, Successfully Completed, Status, Successfully Completed, Status, Successfully Completed, Status, Successfully Completed, Status, Successfully Completed, Status, Successfully Completed, Status, Successfully Completed, Status, Successfully Completed, Status, Successfully Completed, Status, Successfully Completed, Status, Successfully Completed, Status, Successfully Completed, Status, Successfully Completed, Status, Successfully Completed, Status, Successfully Completed, Status, Successfully Completed, Status, Successfully Completed, Status, Successfully Completed, Status, Successfully Completed, Status, Successfully Completed, Status, Successfully Completed, Status, Successfully Completed, Status, Successfully Completed, Status, Successfully Completed, Status, Successfully Completed, Status, Successfully Completed, Status, Successfully Completed, Status, Successfully Completed, Status, Successfully Completed, Status, Successfully Completed, Status, Successfully Completed, Status, Successfully Completed, Status, Successfully Completed, Status, Successfully Completed, Status, Successfully Completed, Status, Successfully Completed, Status, Successfully Completed, Status, Successfully Completed, Status, Successfully Completed, Status, Successfully Completed, Status, Successfully Completed, Status, Successfully Completed, Status, Successfully Completed, Status, Successfully Completed, Status, Successfully Completed, Status, Successfully Completed, Status, Successfully Completed, Status, Successfully Completed, Status, Successfully Completed, Status, Successfully Completed, Status, Successfully Completed, Status, Successfully Completed, Status, Successfully Completed, Status, Successfully Completed, Status, Successfully Completed, Status, Successfully Completed, Status, Successfully Completed, Status, Successfully Completed, Status, Successfully Completed, Status, Successfully Completed, Status, Successfully Completed]
[neelback4more@gmail.com, Subho1991*, Status, Successfully Completed, Status, Successfully Completed, Status, Successfully Completed, Status, Successfully Completed, Status, Successfully Completed, Status, Successfully Completed, Status, Successfully Completed, Status, Successfully Completed, Status, Successfully Completed, Status, Successfully Completed, Status, Successfully Completed, Status, Successfully Completed, Status, Successfully Completed, Status, Successfully Completed, Status, Successfully Completed, Status, Successfully Completed, Status, Successfully Completed, Status, Successfully Completed, Status, Successfully Completed, Status, Successfully Completed, Status, Successfully Completed, Status, Successfully Completed, Status, Successfully Completed, Status, Successfully Completed, Status, Successfully Completed, Status, Successfully Completed, Status, Successfully Completed, Status, Successfully Completed, Status, Successfully Completed, Status, Successfully Completed, Status, Successfully Completed, Status, Successfully Completed, Status, Successfully Completed, Status, Successfully Completed, Status, Successfully Completed, Status, Successfully Completed, Status, Successfully Completed, Status, Successfully Completed, Status, Successfully Completed, Status, Successfully Completed, Status, Successfully Completed, Status, Successfully Completed, Status, Successfully Completed, Status, Successfully Completed, Status, Successfully Completed, Status, Successfully Completed, Status, Successfully Completed, Status, Successfully Completed, Status, Successfully Completed, Status, Successfully Completed, Status, Successfully Completed, Status, Successfully Completed, Status, Successfully Completed, Status, Successfully Completed, Status, Successfully Completed, Status, Successfully Completed, Status, Successfully Completed, Status, Successfully Completed, Status, Successfully Completed, Status, Successfully Completed, Status, Successfully Completed, Status, Successfully Completed, Status, Successfully Completed, Status, Successfully Completed, Status, Successfully Completed, Status, Successfully Completed, Status, Successfully Completed, Status, Successfully Completed, Status, Successfully Completed, Status, Successfully Completed, Status, Successfully Completed, Status, Successfully Completed, Status, Successfully Completed, Status, Successfully Completed, Status, Successfully Completed, Status, Successfully Completed, Status, Successfully Completed, Status, Successfully Completed, Status, Successfully Completed, Status, Successfully Completed, Status, Successfully Completed, Status, Successfully Completed, Status, Successfully Completed, Status, Successfully Completed, Status, Successfully Completed, Status, Successfully Completed, Status, Successfully Completed, Status, Successfully Completed, Status, Successfully Completed, Status, Successfully Completed, Status, Successfully Completed, Status, Successfully Completed, Status, Successfully Completed, Status, Successfully Completed, Status, Successfully Completed, Status, Successfully Completed, Status, Successfully Completed, Status, Successfully Completed, Status, Successfully Completed, Status, Successfully Completed, Status, Successfully Completed, Status, Successfully Completed, Status, Successfully Completed, Status, Successfully Completed, Status, Successfully Completed, Status, Successfully Completed, Status, Successfully Completed, Status, Successfully Completed, Status, Successfully Completed, Status, Successfully Completed, Status, Successfully Completed, Status, Successfully Completed, Status, Successfully Completed, Status, Successfully Completed, Status, Successfully Completed, Status, Successfully Completed, Status, Successfully Completed, Status, Successfully Completed, Status, Successfully Completed, Status, Successfully Completed, Status, Successfully Completed, Status, Successfully Completed, Status, Successfully Completed, Status, Successfully Completed, Status, Successfully Completed, Status, Successfully Completed, Status, Successfully Completed, Status, Successfully Completed, Status, Successfully Completed, Status, Successfully Completed, Status, Successfully Completed, Status, Successfully Completed, Status, Successfully Completed, Status, Successfully Completed, Status, Successfully Completed, Status, Successfully Completed, Status, Successfully Completed, Status, Successfully Completed, Status, Successfully Completed, Status, Successfully Completed, Status, Successfully Completed, Status, Successfully Completed, Status, Successfully Completed, Status, Successfully Completed, Status, Successfully Completed, Status, Successfully Completed, Status, Successfully Completed, Status, Successfully Completed, Status, Successfully Completed, Status, Successfully Completed, Status, Successfully Completed, Status, Successfully Completed, Status, Successfully Completed, Status, Successfully Completed, Status, Successfully Completed, Status, Successfully Completed, Status, Successfully Completed, Status, Successfully Completed, Status, Successfully Completed, Status, Successfully Completed, Status, Successfully Completed, Status, Successfully Completed, Status, Successfully Completed, Status, Successfully Completed, Status, Successfully Completed, Status, Successfully Completed, Status, Successfully Completed, Status, Successfully Completed, Status, Successfully Completed, Status, Successfully Completed, Status, Successfully Completed, Status, Successfully Completed, Status, Successfully Completed, Status, Successfully Completed, Status, Successfully Completed, Status, Successfully Completed, Status, Successfully Completed, Status, Successfully Completed, Status, Successfully Completed, Status, Successfully Completed, Status, Successfully Completed, Status, Successfully Completed, Status, Successfully Completed, Status, Successfully Completed, Status, Successfully Completed, Status, Successfully Completed, Status, Successfully Completed, Status, Successfully Completed, Status, Successfully Completed, Status, Successfully Completed, Status, Successfully Completed, Status, Successfully Completed, Status, Successfully Completed, Status, Successfully Completed, Status, Successfully Completed, Status, Successfully Completed, Status, Successfully Completed, Status, Successfully Completed, Status, Successfully Completed, Status, Successfully Completed, Status, Successfully Completed, Status, Successfully Completed, Status, Successfully Completed, Status, Successfully Completed, Status, Successfully Completed, Status, Successfully Completed, Status, Successfully Completed, Status, Successfully Completed, Status, Successfully Completed, Status, Successfully Completed, Status, Successfully Completed, Status, Successfully Completed, Status, Successfully Completed, Status, Successfully Completed, Status, Successfully Completed, Status, Successfully Completed, Status, Successfully Completed, Status, Successfully Completed, Status, Successfully Completed, Status, Successfully Completed, Status, Successfully Completed, Status, Successfully Completed, Status, Successfully Completed, Status, Successfully Completed, Status, Successfully Completed, Status, Successfully Completed, Status, Successfully Completed, Status, Successfully Completed, Status, Successfully Completed, Status, Successfully Completed, Status, Successfully Completed, Status, Successfully Completed, Status, Successfully Completed, Status, Successfully Completed, Status, Successfully Completed, Status, Successfully Completed, Status, Successfully Completed, Status, Successfully Completed, Status, Successfully Completed, Status, Successfully Completed, Status, Successfully Completed, Status, Successfully Completed, Status, Successfully Completed, Status, Successfully Completed, Status, Successfully Completed, Status, Successfully Completed, Status, Successfully Completed, Status, Successfully Completed, Status, Successfully Completed, Status, Successfully Completed, Status, Successfully Completed, Status, Successfully Completed, Status, Successfully Completed, Status, Successfully Completed, Status, Successfully Completed, Status, Successfully Completed, Status, Successfully Completed, Status, Successfully Completed, Status, Successfully Completed, Status, Successfully Completed, Status, Successfully Completed, Status, Successfully Completed, Status, Successfully Completed, Status, Successfully Completed, Status, Successfully Completed, Status, Successfully Completed, Status, Successfully Completed, Status, Successfully Completed, Status, Successfully Completed, Status, Successfully Completed, Status, Successfully Completed, Status, Successfully Completed, Status, Successfully Completed, Status, Successfully Completed, Status, Successfully Completed, Status, Successfully Completed, Status, Successfully Completed, Status, Successfully Completed, Status, Successfully Completed, Status, Successfully Completed, Status, Successfully Completed, Status, Successfully Completed, Status, Successfully Completed, Status, Successfully Completed, Status, Successfully Completed, Status, Successfully Completed, Status, Successfully Completed, Status, Successfully Completed, Status, Successfully Completed, Status, Successfully Completed, Status, Successfully Completed, Status, Successfully Completed, Status, Successfully Completed, Status, Successfully Completed, Status, Successfully Completed, Status, Successfully Completed, Status, Successfully Completed, Status, Successfully Completed, Status, Successfully Completed, Status, Successfully Completed, Status, Successfully Completed, Status, Successfully Completed, Status]
[neelback4more@gmail.com, Subho1991*, Status, Successfully Completed, Status, Successfully Completed, Status, Successfully Completed, Status, Successfully Completed, Status, Successfully Completed, Status, Successfully Completed, Status, Successfully Completed, Status, Successfully Completed, Status, Successfully Completed, Status, Successfully Completed, Status, Successfully Completed, Status, Successfully Completed, Status, Successfully Completed, Status, Successfully Completed, Status, Successfully Completed, Status, Successfully Completed, Status, Successfully Completed, Status, Successfully Completed, Status, Successfully Completed, Status, Successfully Completed, Status, Successfully Completed, Status, Successfully Completed, Status, Successfully Completed, Status, Successfully Completed, Status, Successfully Completed, Status, Successfully Completed, Status, Successfully Completed, Status, Successfully Completed, Status, Successfully Completed, Status, Successfully Completed, Status, Successfully Completed, Status, Successfully Completed, Status, Successfully Completed, Status, Successfully Completed, Status, Successfully Completed, Status, Successfully Completed, Status, Successfully Completed, Status, Successfully Completed, Status, Successfully Completed, Status, Successfully Completed, Status, Successfully Completed, Status, Successfully Completed, Status, Successfully Completed, Status, Successfully Completed, Status, Successfully Completed, Status, Successfully Completed, Status, Successfully Completed, Status, Successfully Completed, Status, Successfully Completed, Status, Successfully Completed, Status, Successfully Completed, Status, Successfully Completed, Status, Successfully Completed, Status, Successfully Completed, Status, Successfully Completed, Status, Successfully Completed, Status, Successfully Completed, Status, Successfully Completed, Status, Successfully Completed, Status, Successfully Completed, Status, Successfully Completed, Status, Successfully Completed, Status, Successfully Completed, Status, Successfully Completed, Status, Successfully Completed, Status, Successfully Completed, Status, Successfully Completed, Status, Successfully Completed, Status, Successfully Completed, Status, Successfully Completed, Status, Successfully Completed, Status, Successfully Completed, Status, Successfully Completed, Status, Successfully Completed, Status, Successfully Completed, Status, Successfully Completed, Status, Successfully Completed, Status, Successfully Completed, Status, Successfully Completed, Status, Successfully Completed, Status, Successfully Completed, Status, Successfully Completed, Status, Successfully Completed, Status, Successfully Completed, Status, Successfully Completed, Status, Successfully Completed, Status, Successfully Completed, Status, Successfully Completed, Status, Successfully Completed, Status, Successfully Completed, Status, Successfully Completed, Status, Successfully Completed, Status, Successfully Completed, Status, Successfully Completed, Status, Successfully Completed, Status, Successfully Completed, Status, Successfully Completed, Status, Successfully Completed, Status, Successfully Completed, Status, Successfully Completed, Status, Successfully Completed, Status, Successfully Completed, Status, Successfully Completed, Status, Successfully Completed, Status, Successfully Completed, Status, Successfully Completed, Status, Successfully Completed, Status, Successfully Completed, Status, Successfully Completed, Status, Successfully Completed, Status, Successfully Completed, Status, Successfully Completed, Status, Successfully Completed, Status, Successfully Completed, Status, Successfully Completed, Status, Successfully Completed, Status, Successfully Completed, Status, Successfully Completed, Status, Successfully Completed, Status, Successfully Completed, Status, Successfully Completed, Status, Successfully Completed, Status, Successfully Completed, Status, Successfully Completed, Status, Successfully Completed, Status, Successfully Completed, Status, Successfully Completed, Status, Successfully Completed, Status, Successfully Completed, Status, Successfully Completed, Status, Successfully Completed, Status, Successfully Completed, Status, Successfully Completed, Status, Successfully Completed, Status, Successfully Completed, Status, Successfully Completed, Status, Successfully Completed, Status, Successfully Completed, Status, Successfully Completed, Status, Successfully Completed, Status, Successfully Completed, Status, Successfully Completed, Status, Successfully Completed, Status, Successfully Completed, Status, Successfully Completed, Status, Successfully Completed, Status, Successfully Completed, Status, Successfully Completed, Status, Successfully Completed, Status, Successfully Completed, Status, Successfully Completed, Status, Successfully Completed, Status, Successfully Completed, Status, Successfully Completed, Status, Successfully Completed, Status, Successfully Completed, Status, Successfully Completed, Status, Successfully Completed, Status, Successfully Completed, Status, Successfully Completed, Status, Successfully Completed, Status, Successfully Completed, Status, Successfully Completed, Status, Successfully Completed, Status, Successfully Completed, Status, Successfully Completed, Status, Successfully Completed, Status, Successfully Completed, Status, Successfully Completed, Status, Successfully Completed, Status, Successfully Completed, Status, Successfully Completed, Status, Successfully Completed, Status, Successfully Completed, Status, Successfully Completed, Status, Successfully Completed, Status, Successfully Completed, Status, Successfully Completed, Status, Successfully Completed, Status, Successfully Completed, Status, Successfully Completed, Status, Successfully Completed, Status, Successfully Completed, Status, Successfully Completed, Status, Successfully Completed, Status, Successfully Completed, Status, Successfully Completed, Status, Successfully Completed, Status, Successfully Completed, Status, Successfully Completed, Status, Successfully Completed, Status, Successfully Completed, Status, Successfully Completed, Status, Successfully Completed, Status, Successfully Completed, Status, Successfully Completed, Status, Successfully Completed, Status, Successfully Completed, Status, Successfully Completed, Status, Successfully Completed, Status, Successfully Completed, Status, Successfully Completed, Status, Successfully Completed, Status, Successfully Completed, Status, Successfully Completed, Status, Successfully Completed, Status, Successfully Completed, Status, Successfully Completed, Status, Successfully Completed, Status, Successfully Completed, Status, Successfully Completed, Status, Successfully Completed, Status, Successfully Completed, Status, Successfully Completed, Status, Successfully Completed, Status, Successfully Completed, Status, Successfully Completed, Status, Successfully Completed, Status, Successfully Completed, Status, Successfully Completed, Status, Successfully Completed, Status, Successfully Completed, Status, Successfully Completed, Status, Successfully Completed, Status, Successfully Completed, Status, Successfully Completed, Status, Successfully Completed, Status, Successfully Completed, Status, Successfully Completed, Status, Successfully Completed, Status, Successfully Completed, Status, Successfully Completed, Status, Successfully Completed, Status, Successfully Completed, Status, Successfully Completed, Status, Successfully Completed, Status, Successfully Completed, Status, Successfully Completed, Status, Successfully Completed, Status, Successfully Completed, Status, Successfully Completed, Status, Successfully Completed, Status, Successfully Completed, Status, Successfully Completed, Status, Successfully Completed, Status, Successfully Completed, Status, Successfully Completed, Status, Successfully Completed, Status, Successfully Completed, Status, Successfully Completed, Status, Successfully Completed, Status, Successfully Completed, Status, Successfully Completed, Status, Successfully Completed, Status, Successfully Completed, Status, Successfully Completed, Status, Successfully Completed, Status, Successfully Completed, Status, Successfully Completed, Status, Successfully Completed, Status, Successfully Completed, Status, Successfully Completed, Status, Successfully Completed, Status, Successfully Completed, Status, Successfully Completed, Status, Successfully Completed, Status, Successfully Completed, Status, Successfully Completed, Status, Successfully Completed, Status, Successfully Completed, Status, Successfully Completed, Status, Successfully Completed, Status, Successfully Completed, Status, Successfully Completed, Status, Successfully Completed, Status, Successfully Completed, Status, Successfully Completed, Status, Successfully Completed, Status, Successfully Completed, Status, Successfully Completed, Status, Successfully Completed, Status, Successfully Completed, Status, Successfully Completed, Status, Successfully Completed, Status, Successfully Completed, Status, Successfully Completed, Status, Successfully Completed, Status, Successfully Completed, Status, Successfully Completed, Status, Successfully Completed, Status, Successfully Completed, Status, Successfully Completed, Status, Successfully Completed, Status, Successfully Completed, Status, Successfully Completed, Status, Successfully Completed, Status, Successfully Completed, Status, Successfully Completed, Status, Successfully Completed, Status, Successfully Completed, Status, Successfully Completed, Status, Successfully Completed, Status, Successfully Completed]
[neelback4more@gmail.com, Subho1991*, Status, Successfully Completed, Status, Successfully Completed, Status, Successfully Completed, Status, Successfully Completed, Status, Successfully Completed, Status, Successfully Completed, Status, Successfully Completed, Status, Successfully Completed, Status, Successfully Completed, Status, Successfully Completed, Status, Successfully Completed, Status, Successfully Completed, Status, Successfully Completed, Status, Successfully Completed, Status, Successfully Completed, Status, Successfully Completed, Status, Successfully Completed, Status, Successfully Completed, Status, Successfully Completed, Status, Successfully Completed, Status, Successfully Completed, Status, Successfully Completed, Status, Successfully Completed, Status, Successfully Completed, Status, Successfully Completed, Status, Successfully Completed, Status, Successfully Completed, Status, Successfully Completed, Status, Successfully Completed, Status, Successfully Completed, Status, Successfully Completed, Status, Successfully Completed, Status, Successfully Completed, Status, Successfully Completed, Status, Successfully Completed, Status, Successfully Completed, Status, Successfully Completed, Status, Successfully Completed, Status, Successfully Completed, Status, Successfully Completed, Status, Successfully Completed, Status, Successfully Completed, Status, Successfully Completed, Status, Successfully Completed, Status, Successfully Completed, Status, Successfully Completed, Status, Successfully Completed, Status, Successfully Completed, Status, Successfully Completed, Status, Successfully Completed, Status, Successfully Completed, Status, Successfully Completed, Status, Successfully Completed, Status, Successfully Completed, Status, Successfully Completed, Status, Successfully Completed, Status, Successfully Completed, Status, Successfully Completed, Status, Successfully Completed, Status, Successfully Completed, Status, Successfully Completed, Status, Successfully Completed, Status, Successfully Completed, Status, Successfully Completed, Status, Successfully Completed, Status, Successfully Completed, Status, Successfully Completed, Status, Successfully Completed, Status, Successfully Completed, Status, Successfully Completed, Status, Successfully Completed, Status, Successfully Completed, Status, Successfully Completed, Status, Successfully Completed, Status, Successfully Completed, Status, Successfully Completed, Status, Successfully Completed, Status, Successfully Completed, Status, Successfully Completed, Status, Successfully Completed, Status, Successfully Completed, Status, Successfully Completed, Status, Successfully Completed, Status, Successfully Completed, Status, Successfully Completed, Status, Successfully Completed, Status, Successfully Completed, Status, Successfully Completed, Status, Successfully Completed, Status, Successfully Completed, Status, Successfully Completed, Status, Successfully Completed, Status, Successfully Completed, Status, Successfully Completed, Status, Successfully Completed, Status, Successfully Completed, Status, Successfully Completed, Status, Successfully Completed, Status, Successfully Completed, Status, Successfully Completed, Status, Successfully Completed, Status, Successfully Completed, Status, Successfully Completed, Status, Successfully Completed, Status, Successfully Completed, Status, Successfully Completed, Status, Successfully Completed, Status, Successfully Completed, Status, Successfully Completed, Status, Successfully Completed, Status, Successfully Completed, Status, Successfully Completed, Status, Successfully Completed, Status, Successfully Completed, Status, Successfully Completed, Status, Successfully Completed, Status, Successfully Completed, Status, Successfully Completed, Status, Successfully Completed, Status, Successfully Completed, Status, Successfully Completed, Status, Successfully Completed, Status, Successfully Completed, Status, Successfully Completed, Status, Successfully Completed, Status, Successfully Completed, Status, Successfully Completed, Status, Successfully Completed, Status, Successfully Completed, Status, Successfully Completed, Status, Successfully Completed, Status, Successfully Completed, Status, Successfully Completed, Status, Successfully Completed, Status, Successfully Completed, Status, Successfully Completed, Status, Successfully Completed, Status, Successfully Completed, Status, Successfully Completed, Status, Successfully Completed, Status, Successfully Completed, Status, Successfully Completed, Status, Successfully Completed, Status, Successfully Completed, Status, Successfully Completed, Status, Successfully Completed, Status, Successfully Completed, Status, Successfully Completed, Status, Successfully Completed, Status, Successfully Completed, Status, Successfully Completed, Status, Successfully Completed, Status, Successfully Completed, Status, Successfully Completed, Status, Successfully Completed, Status, Successfully Completed, Status, Successfully Completed, Status, Successfully Completed, Status, Successfully Completed, Status, Successfully Completed, Status, Successfully Completed, Status, Successfully Completed, Status, Successfully Completed, Status, Successfully Completed, Status, Successfully Completed, Status, Successfully Completed, Status, Successfully Completed, Status, Successfully Completed, Status, Successfully Completed, Status, Successfully Completed, Status, Successfully Completed, Status, Successfully Completed, Status, Successfully Completed, Status, Successfully Completed, Status, Successfully Completed, Status, Successfully Completed, Status, Successfully Completed, Status, Successfully Completed, Status, Successfully Completed, Status, Successfully Completed, Status, Successfully Completed, Status, Successfully Completed, Status, Successfully Completed, Status, Successfully Completed, Status, Successfully Completed, Status, Successfully Completed, Status, Successfully Completed, Status, Successfully Completed, Status, Successfully Completed, Status, Successfully Completed, Status, Successfully Completed, Status, Successfully Completed, Status, Successfully Completed, Status, Successfully Completed, Status, Successfully Completed, Status, Successfully Completed, Status, Successfully Completed, Status, Successfully Completed, Status, Successfully Completed, Status, Successfully Completed, Status, Successfully Completed, Status, Successfully Completed, Status, Successfully Completed, Status, Successfully Completed, Status, Successfully Completed, Status, Successfully Completed, Status, Successfully Completed, Status, Successfully Completed, Status, Successfully Completed, Status, Successfully Completed, Status, Successfully Completed, Status, Successfully Completed, Status, Successfully Completed, Status, Successfully Completed, Status, Successfully Completed, Status, Successfully Completed, Status, Successfully Completed, Status, Successfully Completed, Status, Successfully Completed, Status, Successfully Completed, Status, Successfully Completed, Status, Successfully Completed, Status, Successfully Completed, Status, Successfully Completed, Status, Successfully Completed, Status, Successfully Completed, Status, Successfully Completed, Status, Successfully Completed, Status, Successfully Completed, Status, Successfully Completed, Status, Successfully Completed, Status, Successfully Completed, Status, Successfully Completed, Status, Successfully Completed, Status, Successfully Completed, Status, Successfully Completed, Status, Successfully Completed, Status, Successfully Completed, Status, Successfully Completed, Status, Successfully Completed, Status, Successfully Completed, Status, Successfully Completed, Status, Successfully Completed, Status, Successfully Completed, Status, Successfully Completed, Status, Successfully Completed, Status, Successfully Completed, Status, Successfully Completed, Status, Successfully Completed, Status, Successfully Completed, Status, Successfully Completed, Status, Successfully Completed, Status, Successfully Completed, Status, Successfully Completed, Status, Successfully Completed, Status, Successfully Completed, Status, Successfully Completed, Status, Successfully Completed, Status, Successfully Completed, Status, Successfully Completed, Status, Successfully Completed, Status, Successfully Completed, Status, Successfully Completed, Status, Successfully Completed, Status, Successfully Completed, Status, Successfully Completed, Status, Successfully Completed, Status, Successfully Completed, Status, Successfully Completed, Status, Successfully Completed, Status, Successfully Completed, Status, Successfully Completed, Status, Successfully Completed, Status, Successfully Completed, Status, Successfully Completed, Status, Successfully Completed, Status, Successfully Completed, Status, Successfully Completed, Status, Successfully Completed, Status, Successfully Completed, Status, Successfully Completed, Status, Successfully Completed, Status, Successfully Completed, Status, Successfully Completed, Status, Successfully Completed, Status, Successfully Completed, Status, Successfully Completed, Status, Successfully Completed, Status, Successfully Completed, Status, Successfully Completed, Status, Successfully Completed, Status, Successfully Completed, Status, Successfully Completed, Status, Successfully Completed, Status, Successfully Completed, Status, Successfully Completed, Status, Successfully Completed, Status, Successfully Completed, Status, Successfully Completed, Status, Successfully Completed, Status, Successfully Completed, Status, Successfully Completed, Status, Successfully Completed, Status]
[neelback4more@gmail.com, Subho1991*, Status, Successfully Completed, Status, Successfully Completed, Status, Successfully Completed, Status, Successfully Completed, Status, Successfully Completed, Status, Successfully Completed, Status, Successfully Completed, Status, Successfully Completed, Status, Successfully Completed, Status, Successfully Completed, Status, Successfully Completed, Status, Successfully Completed, Status, Successfully Completed, Status, Successfully Completed, Status, Successfully Completed, Status, Successfully Completed, Status, Successfully Completed, Status, Successfully Completed, Status, Successfully Completed, Status, Successfully Completed, Status, Successfully Completed, Status, Successfully Completed, Status, Successfully Completed, Status, Successfully Completed, Status, Successfully Completed, Status, Successfully Completed, Status, Successfully Completed, Status, Successfully Completed, Status, Successfully Completed, Status, Successfully Completed, Status, Successfully Completed, Status, Successfully Completed, Status, Successfully Completed, Status, Successfully Completed, Status, Successfully Completed, Status, Successfully Completed, Status, Successfully Completed, Status, Successfully Completed, Status, Successfully Completed, Status, Successfully Completed, Status, Successfully Completed, Status, Successfully Completed, Status, Successfully Completed, Status, Successfully Completed, Status, Successfully Completed, Status, Successfully Completed, Status, Successfully Completed, Status, Successfully Completed, Status, Successfully Completed, Status, Successfully Completed, Status, Successfully Completed, Status, Successfully Completed, Status, Successfully Completed, Status, Successfully Completed, Status, Successfully Completed, Status, Successfully Completed, Status, Successfully Completed, Status, Successfully Completed, Status, Successfully Completed, Status, Successfully Completed, Status, Successfully Completed, Status, Successfully Completed, Status, Successfully Completed, Status, Successfully Completed, Status, Successfully Completed, Status, Successfully Completed, Status, Successfully Completed, Status, Successfully Completed, Status, Successfully Completed, Status, Successfully Completed, Status, Successfully Completed, Status, Successfully Completed, Status, Successfully Completed, Status, Successfully Completed, Status, Successfully Completed, Status, Successfully Completed, Status, Successfully Completed, Status, Successfully Completed, Status, Successfully Completed, Status, Successfully Completed, Status, Successfully Completed, Status, Successfully Completed, Status, Successfully Completed, Status, Successfully Completed, Status, Successfully Completed, Status, Successfully Completed, Status, Successfully Completed, Status, Successfully Completed, Status, Successfully Completed, Status, Successfully Completed, Status, Successfully Completed, Status, Successfully Completed, Status, Successfully Completed, Status, Successfully Completed, Status, Successfully Completed, Status, Successfully Completed, Status, Successfully Completed, Status, Successfully Completed, Status, Successfully Completed, Status, Successfully Completed, Status, Successfully Completed, Status, Successfully Completed, Status, Successfully Completed, Status, Successfully Completed, Status, Successfully Completed, Status, Successfully Completed, Status, Successfully Completed, Status, Successfully Completed, Status, Successfully Completed, Status, Successfully Completed, Status, Successfully Completed, Status, Successfully Completed, Status, Successfully Completed, Status, Successfully Completed, Status, Successfully Completed, Status, Successfully Completed, Status, Successfully Completed, Status, Successfully Completed, Status, Successfully Completed, Status, Successfully Completed, Status, Successfully Completed, Status, Successfully Completed, Status, Successfully Completed, Status, Successfully Completed, Status, Successfully Completed, Status, Successfully Completed, Status, Successfully Completed, Status, Successfully Completed, Status, Successfully Completed, Status, Successfully Completed, Status, Successfully Completed, Status, Successfully Completed, Status, Successfully Completed, Status, Successfully Completed, Status, Successfully Completed, Status, Successfully Completed, Status, Successfully Completed, Status, Successfully Completed, Status, Successfully Completed, Status, Successfully Completed, Status, Successfully Completed, Status, Successfully Completed, Status, Successfully Completed, Status, Successfully Completed, Status, Successfully Completed, Status, Successfully Completed, Status, Successfully Completed, Status, Successfully Completed, Status, Successfully Completed, Status, Successfully Completed, Status, Successfully Completed, Status, Successfully Completed, Status, Successfully Completed, Status, Successfully Completed, Status, Successfully Completed, Status, Successfully Completed, Status, Successfully Completed, Status, Successfully Completed, Status, Successfully Completed, Status, Successfully Completed, Status, Successfully Completed, Status, Successfully Completed, Status, Successfully Completed, Status, Successfully Completed, Status, Successfully Completed, Status, Successfully Completed, Status, Successfully Completed, Status, Successfully Completed, Status, Successfully Completed, Status, Successfully Completed, Status, Successfully Completed, Status, Successfully Completed, Status, Successfully Completed, Status, Successfully Completed, Status, Successfully Completed, Status, Successfully Completed, Status, Successfully Completed, Status, Successfully Completed, Status, Successfully Completed, Status, Successfully Completed, Status, Successfully Completed, Status, Successfully Completed, Status, Successfully Completed, Status, Successfully Completed, Status, Successfully Completed, Status, Successfully Completed, Status, Successfully Completed, Status, Successfully Completed, Status, Successfully Completed, Status, Successfully Completed, Status, Successfully Completed, Status, Successfully Completed, Status, Successfully Completed, Status, Successfully Completed, Status, Successfully Completed, Status, Successfully Completed, Status, Successfully Completed, Status, Successfully Completed, Status, Successfully Completed, Status, Successfully Completed, Status, Successfully Completed, Status, Successfully Completed, Status, Successfully Completed, Status, Successfully Completed, Status, Successfully Completed, Status, Successfully Completed, Status, Successfully Completed, Status, Successfully Completed, Status, Successfully Completed, Status, Successfully Completed, Status, Successfully Completed, Status, Successfully Completed, Status, Successfully Completed, Status, Successfully Completed, Status, Successfully Completed, Status, Successfully Completed, Status, Successfully Completed, Status, Successfully Completed, Status, Successfully Completed, Status, Successfully Completed, Status, Successfully Completed, Status, Successfully Completed, Status, Successfully Completed, Status, Successfully Completed, Status, Successfully Completed, Status, Successfully Completed, Status, Successfully Completed, Status, Successfully Completed, Status, Successfully Completed, Status, Successfully Completed, Status, Successfully Completed, Status, Successfully Completed, Status, Successfully Completed, Status, Successfully Completed, Status, Successfully Completed, Status, Successfully Completed, Status, Successfully Completed, Status, Successfully Completed, Status, Successfully Completed, Status, Successfully Completed, Status, Successfully Completed, Status, Successfully Completed, Status, Successfully Completed, Status, Successfully Completed, Status, Successfully Completed, Status, Successfully Completed, Status, Successfully Completed, Status, Successfully Completed, Status, Successfully Completed, Status, Successfully Completed, Status, Successfully Completed, Status, Successfully Completed, Status, Successfully Completed, Status, Successfully Completed, Status, Successfully Completed, Status, Successfully Completed, Status, Successfully Completed, Status, Successfully Completed, Status, Successfully Completed, Status, Successfully Completed, Status, Successfully Completed, Status, Successfully Completed, Status, Successfully Completed, Status, Successfully Completed, Status, Successfully Completed, Status, Successfully Completed, Status, Successfully Completed, Status, Successfully Completed, Status, Successfully Completed, Status, Successfully Completed, Status, Successfully Completed, Status, Successfully Completed, Status, Successfully Completed, Status, Successfully Completed, Status, Successfully Completed, Status, Successfully Completed, Status, Successfully Completed, Status, Successfully Completed, Status, Successfully Completed, Status, Successfully Completed, Status, Successfully Completed, Status, Successfully Completed, Status, Successfully Completed, Status, Successfully Completed, Status, Successfully Completed, Status, Successfully Completed, Status, Successfully Completed, Status, Successfully Completed, Status, Successfully Completed, Status, Successfully Completed, Status, Successfully Completed, Status, Successfully Completed, Status, Successfully Completed, Status, Successfully Completed, Status, Successfully Completed, Status, Successfully Completed, Status, Successfully Completed, Status, Successfully Completed, Status, Successfully Completed, Status, Successfully Completed, Status, Successfully Completed, Status, Successfully Completed, Status, Successfully Completed, Status, Successfully Completed]
[neelback4more@gmail.com, Subho1991*, Status, Successfully Completed, Status, Successfully Completed, Status, Successfully Completed, Status, Successfully Completed, Status, Successfully Completed, Status, Successfully Completed, Status, Successfully Completed, Status, Successfully Completed, Status, Successfully Completed, Status, Successfully Completed, Status, Successfully Completed, Status, Successfully Completed, Status, Successfully Completed, Status, Successfully Completed, Status, Successfully Completed, Status, Successfully Completed, Status, Successfully Completed, Status, Successfully Completed, Status, Successfully Completed, Status, Successfully Completed, Status, Successfully Completed, Status, Successfully Completed, Status, Successfully Completed, Status, Successfully Completed, Status, Successfully Completed, Status, Successfully Completed, Status, Successfully Completed, Status, Successfully Completed, Status, Successfully Completed, Status, Successfully Completed, Status, Successfully Completed, Status, Successfully Completed, Status, Successfully Completed, Status, Successfully Completed, Status, Successfully Completed, Status, Successfully Completed, Status, Successfully Completed, Status, Successfully Completed, Status, Successfully Completed, Status, Successfully Completed, Status, Successfully Completed, Status, Successfully Completed, Status, Successfully Completed, Status, Successfully Completed, Status, Successfully Completed, Status, Successfully Completed, Status, Successfully Completed, Status, Successfully Completed, Status, Successfully Completed, Status, Successfully Completed, Status, Successfully Completed, Status, Successfully Completed, Status, Successfully Completed, Status, Successfully Completed, Status, Successfully Completed, Status, Successfully Completed, Status, Successfully Completed, Status, Successfully Completed, Status, Successfully Completed, Status, Successfully Completed, Status, Successfully Completed, Status, Successfully Completed, Status, Successfully Completed, Status, Successfully Completed, Status, Successfully Completed, Status, Successfully Completed, Status, Successfully Completed, Status, Successfully Completed, Status, Successfully Completed, Status, Successfully Completed, Status, Successfully Completed, Status, Successfully Completed, Status, Successfully Completed, Status, Successfully Completed, Status, Successfully Completed, Status, Successfully Completed, Status, Successfully Completed, Status, Successfully Completed, Status, Successfully Completed, Status, Successfully Completed, Status, Successfully Completed, Status, Successfully Completed, Status, Successfully Completed, Status, Successfully Completed, Status, Successfully Completed, Status, Successfully Completed, Status, Successfully Completed, Status, Successfully Completed, Status, Successfully Completed, Status, Successfully Completed, Status, Successfully Completed, Status, Successfully Completed, Status, Successfully Completed, Status, Successfully Completed, Status, Successfully Completed, Status, Successfully Completed, Status, Successfully Completed, Status, Successfully Completed, Status, Successfully Completed, Status, Successfully Completed, Status, Successfully Completed, Status, Successfully Completed, Status, Successfully Completed, Status, Successfully Completed, Status, Successfully Completed, Status, Successfully Completed, Status, Successfully Completed, Status, Successfully Completed, Status, Successfully Completed, Status, Successfully Completed, Status, Successfully Completed, Status, Successfully Completed, Status, Successfully Completed, Status, Successfully Completed, Status, Successfully Completed, Status, Successfully Completed, Status, Successfully Completed, Status, Successfully Completed, Status, Successfully Completed, Status, Successfully Completed, Status, Successfully Completed, Status, Successfully Completed, Status, Successfully Completed, Status, Successfully Completed, Status, Successfully Completed, Status, Successfully Completed, Status, Successfully Completed, Status, Successfully Completed, Status, Successfully Completed, Status, Successfully Completed, Status, Successfully Completed, Status, Successfully Completed, Status, Successfully Completed, Status, Successfully Completed, Status, Successfully Completed, Status, Successfully Completed, Status, Successfully Completed, Status, Successfully Completed, Status, Successfully Completed, Status, Successfully Completed, Status, Successfully Completed, Status, Successfully Completed, Status, Successfully Completed, Status, Successfully Completed, Status, Successfully Completed, Status, Successfully Completed, Status, Successfully Completed, Status, Successfully Completed, Status, Successfully Completed, Status, Successfully Completed, Status, Successfully Completed, Status, Successfully Completed, Status, Successfully Completed, Status, Successfully Completed, Status, Successfully Completed, Status, Successfully Completed, Status, Successfully Completed, Status, Successfully Completed, Status, Successfully Completed, Status, Successfully Completed, Status, Successfully Completed, Status, Successfully Completed, Status, Successfully Completed, Status, Successfully Completed, Status, Successfully Completed, Status, Successfully Completed, Status, Successfully Completed, Status, Successfully Completed, Status, Successfully Completed, Status, Successfully Completed, Status, Successfully Completed, Status, Successfully Completed, Status, Successfully Completed, Status, Successfully Completed, Status, Successfully Completed, Status, Successfully Completed, Status, Successfully Completed, Status, Successfully Completed, Status, Successfully Completed, Status, Successfully Completed, Status, Successfully Completed, Status, Successfully Completed, Status, Successfully Completed, Status, Successfully Completed, Status, Successfully Completed, Status, Successfully Completed, Status, Successfully Completed, Status, Successfully Completed, Status, Successfully Completed, Status, Successfully Completed, Status, Successfully Completed, Status, Successfully Completed, Status, Successfully Completed, Status, Successfully Completed, Status, Successfully Completed, Status, Successfully Completed, Status, Successfully Completed, Status, Successfully Completed, Status, Successfully Completed, Status, Successfully Completed, Status, Successfully Completed, Status, Successfully Completed, Status, Successfully Completed, Status, Successfully Completed, Status, Successfully Completed, Status, Successfully Completed, Status, Successfully Completed, Status, Successfully Completed, Status, Successfully Completed, Status, Successfully Completed, Status, Successfully Completed, Status, Successfully Completed, Status, Successfully Completed, Status, Successfully Completed, Status, Successfully Completed, Status, Successfully Completed, Status, Successfully Completed, Status, Successfully Completed, Status, Successfully Completed, Status, Successfully Completed, Status, Successfully Completed, Status, Successfully Completed, Status, Successfully Completed, Status, Successfully Completed, Status, Successfully Completed, Status, Successfully Completed, Status, Successfully Completed, Status, Successfully Completed, Status, Successfully Completed, Status, Successfully Completed, Status, Successfully Completed, Status, Successfully Completed, Status, Successfully Completed, Status, Successfully Completed, Status, Successfully Completed, Status, Successfully Completed, Status, Successfully Completed, Status, Successfully Completed, Status, Successfully Completed, Status, Successfully Completed, Status, Successfully Completed, Status, Successfully Completed, Status, Successfully Completed, Status, Successfully Completed, Status, Successfully Completed, Status, Successfully Completed, Status, Successfully Completed, Status, Successfully Completed, Status, Successfully Completed, Status, Successfully Completed, Status, Successfully Completed, Status, Successfully Completed, Status, Successfully Completed, Status, Successfully Completed, Status, Successfully Completed, Status, Successfully Completed, Status, Successfully Completed, Status, Successfully Completed, Status, Successfully Completed, Status, Successfully Completed, Status, Successfully Completed, Status, Successfully Completed, Status, Successfully Completed, Status, Successfully Completed, Status, Successfully Completed, Status, Successfully Completed, Status, Successfully Completed, Status, Successfully Completed, Status, Successfully Completed, Status, Successfully Completed, Status, Successfully Completed, Status, Successfully Completed, Status, Successfully Completed, Status, Successfully Completed, Status, Successfully Completed, Status, Successfully Completed, Status, Successfully Completed, Status, Successfully Completed, Status, Successfully Completed, Status, Successfully Completed, Status, Successfully Completed, Status, Successfully Completed, Status, Successfully Completed, Status, Successfully Completed, Status, Successfully Completed, Status, Successfully Completed, Status, Successfully Completed, Status, Successfully Completed, Status, Successfully Completed, Status, Successfully Completed, Status, Successfully Completed, Status, Successfully Completed, Status, Successfully Completed, Status, Successfully Completed, Status, Successfully Completed, Status, Successfully Completed, Status, Successfully Completed, Status, Successfully Completed, Status, Successfully Completed, Status, Successfully Completed, Status, Successfully Completed, Status, Successfully Completed, Status, Successfully Completed, Status, Successfully Completed, Status]
[neelback4more@gmail.com, Subho1991*, Status, Successfully Completed, Status, Successfully Completed, Status, Successfully Completed, Status, Successfully Completed, Status, Successfully Completed, Status, Successfully Completed, Status, Successfully Completed, Status, Successfully Completed, Status, Successfully Completed, Status, Successfully Completed, Status, Successfully Completed, Status, Successfully Completed, Status, Successfully Completed, Status, Successfully Completed, Status, Successfully Completed, Status, Successfully Completed, Status, Successfully Completed, Status, Successfully Completed, Status, Successfully Completed, Status, Successfully Completed, Status, Successfully Completed, Status, Successfully Completed, Status, Successfully Completed, Status, Successfully Completed, Status, Successfully Completed, Status, Successfully Completed, Status, Successfully Completed, Status, Successfully Completed, Status, Successfully Completed, Status, Successfully Completed, Status, Successfully Completed, Status, Successfully Completed, Status, Successfully Completed, Status, Successfully Completed, Status, Successfully Completed, Status, Successfully Completed, Status, Successfully Completed, Status, Successfully Completed, Status, Successfully Completed, Status, Successfully Completed, Status, Successfully Completed, Status, Successfully Completed, Status, Successfully Completed, Status, Successfully Completed, Status, Successfully Completed, Status, Successfully Completed, Status, Successfully Completed, Status, Successfully Completed, Status, Successfully Completed, Status, Successfully Completed, Status, Successfully Completed, Status, Successfully Completed, Status, Successfully Completed, Status, Successfully Completed, Status, Successfully Completed, Status, Successfully Completed, Status, Successfully Completed, Status, Successfully Completed, Status, Successfully Completed, Status, Successfully Completed, Status, Successfully Completed, Status, Successfully Completed, Status, Successfully Completed, Status, Successfully Completed, Status, Successfully Completed, Status, Successfully Completed, Status, Successfully Completed, Status, Successfully Completed, Status, Successfully Completed, Status, Successfully Completed, Status, Successfully Completed, Status, Successfully Completed, Status, Successfully Completed, Status, Successfully Completed, Status, Successfully Completed, Status, Successfully Completed, Status, Successfully Completed, Status, Successfully Completed, Status, Successfully Completed, Status, Successfully Completed, Status, Successfully Completed, Status, Successfully Completed, Status, Successfully Completed, Status, Successfully Completed, Status, Successfully Completed, Status, Successfully Completed, Status, Successfully Completed, Status, Successfully Completed, Status, Successfully Completed, Status, Successfully Completed, Status, Successfully Completed, Status, Successfully Completed, Status, Successfully Completed, Status, Successfully Completed, Status, Successfully Completed, Status, Successfully Completed, Status, Successfully Completed, Status, Successfully Completed, Status, Successfully Completed, Status, Successfully Completed, Status, Successfully Completed, Status, Successfully Completed, Status, Successfully Completed, Status, Successfully Completed, Status, Successfully Completed, Status, Successfully Completed, Status, Successfully Completed, Status, Successfully Completed, Status, Successfully Completed, Status, Successfully Completed, Status, Successfully Completed, Status, Successfully Completed, Status, Successfully Completed, Status, Successfully Completed, Status, Successfully Completed, Status, Successfully Completed, Status, Successfully Completed, Status, Successfully Completed, Status, Successfully Completed, Status, Successfully Completed, Status, Successfully Completed, Status, Successfully Completed, Status, Successfully Completed, Status, Successfully Completed, Status, Successfully Completed, Status, Successfully Completed, Status, Successfully Completed, Status, Successfully Completed, Status, Successfully Completed, Status, Successfully Completed, Status, Successfully Completed, Status, Successfully Completed, Status, Successfully Completed, Status, Successfully Completed, Status, Successfully Completed, Status, Successfully Completed, Status, Successfully Completed, Status, Successfully Completed, Status, Successfully Completed, Status, Successfully Completed, Status, Successfully Completed, Status, Successfully Completed, Status, Successfully Completed, Status, Successfully Completed, Status, Successfully Completed, Status, Successfully Completed, Status, Successfully Completed, Status, Successfully Completed, Status, Successfully Completed, Status, Successfully Completed, Status, Successfully Completed, Status, Successfully Completed, Status, Successfully Completed, Status, Successfully Completed, Status, Successfully Completed, Status, Successfully Completed, Status, Successfully Completed, Status, Successfully Completed, Status, Successfully Completed, Status, Successfully Completed, Status, Successfully Completed, Status, Successfully Completed, Status, Successfully Completed, Status, Successfully Completed, Status, Successfully Completed, Status, Successfully Completed, Status, Successfully Completed, Status, Successfully Completed, Status, Successfully Completed, Status, Successfully Completed, Status, Successfully Completed, Status, Successfully Completed, Status, Successfully Completed, Status, Successfully Completed, Status, Successfully Completed, Status, Successfully Completed, Status, Successfully Completed, Status, Successfully Completed, Status, Successfully Completed, Status, Successfully Completed, Status, Successfully Completed, Status, Successfully Completed, Status, Successfully Completed, Status, Successfully Completed, Status, Successfully Completed, Status, Successfully Completed, Status, Successfully Completed, Status, Successfully Completed, Status, Successfully Completed, Status, Successfully Completed, Status, Successfully Completed, Status, Successfully Completed, Status, Successfully Completed, Status, Successfully Completed, Status, Successfully Completed, Status, Successfully Completed, Status, Successfully Completed, Status, Successfully Completed, Status, Successfully Completed, Status, Successfully Completed, Status, Successfully Completed, Status, Successfully Completed, Status, Successfully Completed, Status, Successfully Completed, Status, Successfully Completed, Status, Successfully Completed, Status, Successfully Completed, Status, Successfully Completed, Status, Successfully Completed, Status, Successfully Completed, Status, Successfully Completed, Status, Successfully Completed, Status, Successfully Completed, Status, Successfully Completed, Status, Successfully Completed, Status, Successfully Completed, Status, Successfully Completed, Status, Successfully Completed, Status, Successfully Completed, Status, Successfully Completed, Status, Successfully Completed, Status, Successfully Completed, Status, Successfully Completed, Status, Successfully Completed, Status, Successfully Completed, Status, Successfully Completed, Status, Successfully Completed, Status, Successfully Completed, Status, Successfully Completed, Status, Successfully Completed, Status, Successfully Completed, Status, Successfully Completed, Status, Successfully Completed, Status, Successfully Completed, Status, Successfully Completed, Status, Successfully Completed, Status, Successfully Completed, Status, Successfully Completed, Status, Successfully Completed, Status, Successfully Completed, Status, Successfully Completed, Status, Successfully Completed, Status, Successfully Completed, Status, Successfully Completed, Status, Successfully Completed, Status, Successfully Completed, Status, Successfully Completed, Status, Successfully Completed, Status, Successfully Completed, Status, Successfully Completed, Status, Successfully Completed, Status, Successfully Completed, Status, Successfully Completed, Status, Successfully Completed, Status, Successfully Completed, Status, Successfully Completed, Status, Successfully Completed, Status, Successfully Completed, Status, Successfully Completed, Status, Successfully Completed, Status, Successfully Completed, Status, Successfully Completed, Status, Successfully Completed, Status, Successfully Completed, Status, Successfully Completed, Status, Successfully Completed, Status, Successfully Completed, Status, Successfully Completed, Status, Successfully Completed, Status, Successfully Completed, Status, Successfully Completed, Status, Successfully Completed, Status, Successfully Completed, Status, Successfully Completed, Status, Successfully Completed, Status, Successfully Completed, Status, Successfully Completed, Status, Successfully Completed, Status, Successfully Completed, Status, Successfully Completed, Status, Successfully Completed, Status, Successfully Completed, Status, Successfully Completed, Status, Successfully Completed, Status, Successfully Completed, Status, Successfully Completed, Status, Successfully Completed, Status, Successfully Completed, Status, Successfully Completed, Status, Successfully Completed, Status, Successfully Completed, Status, Successfully Completed, Status, Successfully Completed, Status, Successfully Completed, Status, Successfully Completed, Status, Successfully Completed, Status, Successfully Completed, Status, Successfully Completed, Status, Successfully Completed, Status, Successfully Completed, Status, Successfully Completed, Status, Successfully Completed, Status, Successfully Completed, Status, Successfully Completed, Status, Successfully Completed]
[neelback4more@gmail.com, Subho1991*, Status, Successfully Completed, Status, Successfully Completed, Status, Successfully Completed, Status, Successfully Completed, Status, Successfully Completed, Status, Successfully Completed, Status, Successfully Completed, Status, Successfully Completed, Status, Successfully Completed, Status, Successfully Completed, Status, Successfully Completed, Status, Successfully Completed, Status, Successfully Completed, Status, Successfully Completed, Status, Successfully Completed, Status, Successfully Completed, Status, Successfully Completed, Status, Successfully Completed, Status, Successfully Completed, Status, Successfully Completed, Status, Successfully Completed, Status, Successfully Completed, Status, Successfully Completed, Status, Successfully Completed, Status, Successfully Completed, Status, Successfully Completed, Status, Successfully Completed, Status, Successfully Completed, Status, Successfully Completed, Status, Successfully Completed, Status, Successfully Completed, Status, Successfully Completed, Status, Successfully Completed, Status, Successfully Completed, Status, Successfully Completed, Status, Successfully Completed, Status, Successfully Completed, Status, Successfully Completed, Status, Successfully Completed, Status, Successfully Completed, Status, Successfully Completed, Status, Successfully Completed, Status, Successfully Completed, Status, Successfully Completed, Status, Successfully Completed, Status, Successfully Completed, Status, Successfully Completed, Status, Successfully Completed, Status, Successfully Completed, Status, Successfully Completed, Status, Successfully Completed, Status, Successfully Completed, Status, Successfully Completed, Status, Successfully Completed, Status, Successfully Completed, Status, Successfully Completed, Status, Successfully Completed, Status, Successfully Completed, Status, Successfully Completed, Status, Successfully Completed, Status, Successfully Completed, Status, Successfully Completed, Status, Successfully Completed, Status, Successfully Completed, Status, Successfully Completed, Status, Successfully Completed, Status, Successfully Completed, Status, Successfully Completed, Status, Successfully Completed, Status, Successfully Completed, Status, Successfully Completed, Status, Successfully Completed, Status, Successfully Completed, Status, Successfully Completed, Status, Successfully Completed, Status, Successfully Completed, Status, Successfully Completed, Status, Successfully Completed, Status, Successfully Completed, Status, Successfully Completed, Status, Successfully Completed, Status, Successfully Completed, Status, Successfully Completed, Status, Successfully Completed, Status, Successfully Completed, Status, Successfully Completed, Status, Successfully Completed, Status, Successfully Completed, Status, Successfully Completed, Status, Successfully Completed, Status, Successfully Completed, Status, Successfully Completed, Status, Successfully Completed, Status, Successfully Completed, Status, Successfully Completed, Status, Successfully Completed, Status, Successfully Completed, Status, Successfully Completed, Status, Successfully Completed, Status, Successfully Completed, Status, Successfully Completed, Status, Successfully Completed, Status, Successfully Completed, Status, Successfully Completed, Status, Successfully Completed, Status, Successfully Completed, Status, Successfully Completed, Status, Successfully Completed, Status, Successfully Completed, Status, Successfully Completed, Status, Successfully Completed, Status, Successfully Completed, Status, Successfully Completed, Status, Successfully Completed, Status, Successfully Completed, Status, Successfully Completed, Status, Successfully Completed, Status, Successfully Completed, Status, Successfully Completed, Status, Successfully Completed, Status, Successfully Completed, Status, Successfully Completed, Status, Successfully Completed, Status, Successfully Completed, Status, Successfully Completed, Status, Successfully Completed, Status, Successfully Completed, Status, Successfully Completed, Status, Successfully Completed, Status, Successfully Completed, Status, Successfully Completed, Status, Successfully Completed, Status, Successfully Completed, Status, Successfully Completed, Status, Successfully Completed, Status, Successfully Completed, Status, Successfully Completed, Status, Successfully Completed, Status, Successfully Completed, Status, Successfully Completed, Status, Successfully Completed, Status, Successfully Completed, Status, Successfully Completed, Status, Successfully Completed, Status, Successfully Completed, Status, Successfully Completed, Status, Successfully Completed, Status, Successfully Completed, Status, Successfully Completed, Status, Successfully Completed, Status, Successfully Completed, Status, Successfully Completed, Status, Successfully Completed, Status, Successfully Completed, Status, Successfully Completed, Status, Successfully Completed, Status, Successfully Completed, Status, Successfully Completed, Status, Successfully Completed, Status, Successfully Completed, Status, Successfully Completed, Status, Successfully Completed, Status, Successfully Completed, Status, Successfully Completed, Status, Successfully Completed, Status, Successfully Completed, Status, Successfully Completed, Status, Successfully Completed, Status, Successfully Completed, Status, Successfully Completed, Status, Successfully Completed, Status, Successfully Completed, Status, Successfully Completed, Status, Successfully Completed, Status, Successfully Completed, Status, Successfully Completed, Status, Successfully Completed, Status, Successfully Completed, Status, Successfully Completed, Status, Successfully Completed, Status, Successfully Completed, Status, Successfully Completed, Status, Successfully Completed, Status, Successfully Completed, Status, Successfully Completed, Status, Successfully Completed, Status, Successfully Completed, Status, Successfully Completed, Status, Successfully Completed, Status, Successfully Completed, Status, Successfully Completed, Status, Successfully Completed, Status, Successfully Completed, Status, Successfully Completed, Status, Successfully Completed, Status, Successfully Completed, Status, Successfully Completed, Status, Successfully Completed, Status, Successfully Completed, Status, Successfully Completed, Status, Successfully Completed, Status, Successfully Completed, Status, Successfully Completed, Status, Successfully Completed, Status, Successfully Completed, Status, Successfully Completed, Status, Successfully Completed, Status, Successfully Completed, Status, Successfully Completed, Status, Successfully Completed, Status, Successfully Completed, Status, Successfully Completed, Status, Successfully Completed, Status, Successfully Completed, Status, Successfully Completed, Status, Successfully Completed, Status, Successfully Completed, Status, Successfully Completed, Status, Successfully Completed, Status, Successfully Completed, Status, Successfully Completed, Status, Successfully Completed, Status, Successfully Completed, Status, Successfully Completed, Status, Successfully Completed, Status, Successfully Completed, Status, Successfully Completed, Status, Successfully Completed, Status, Successfully Completed, Status, Successfully Completed, Status, Successfully Completed, Status, Successfully Completed, Status, Successfully Completed, Status, Successfully Completed, Status, Successfully Completed, Status, Successfully Completed, Status, Successfully Completed, Status, Successfully Completed, Status, Successfully Completed, Status, Successfully Completed, Status, Successfully Completed, Status, Successfully Completed, Status, Successfully Completed, Status, Successfully Completed, Status, Successfully Completed, Status, Successfully Completed, Status, Successfully Completed, Status, Successfully Completed, Status, Successfully Completed, Status, Successfully Completed, Status, Successfully Completed, Status, Successfully Completed, Status, Successfully Completed, Status, Successfully Completed, Status, Successfully Completed, Status, Successfully Completed, Status, Successfully Completed, Status, Successfully Completed, Status, Successfully Completed, Status, Successfully Completed, Status, Successfully Completed, Status, Successfully Completed, Status, Successfully Completed, Status, Successfully Completed, Status, Successfully Completed, Status, Successfully Completed, Status, Successfully Completed, Status, Successfully Completed, Status, Successfully Completed, Status, Successfully Completed, Status, Successfully Completed, Status, Successfully Completed, Status, Successfully Completed, Status, Successfully Completed, Status, Successfully Completed, Status, Successfully Completed, Status, Successfully Completed, Status, Successfully Completed, Status, Successfully Completed, Status, Successfully Completed, Status, Successfully Completed, Status, Successfully Completed, Status, Successfully Completed, Status, Successfully Completed, Status, Successfully Completed, Status, Successfully Completed, Status, Successfully Completed, Status, Successfully Completed, Status, Successfully Completed, Status, Successfully Completed, Status, Successfully Completed, Status, Successfully Completed, Status, Successfully Completed, Status, Successfully Completed, Status, Successfully Completed, Status, Successfully Completed, Status, Successfully Completed, Status, Successfully Completed, Status, Successfully Completed, Status, Successfully Completed, Status, Successfully Completed, Status, Successfully Completed, Status, Successfully Completed, Status, Successfully Completed, Status, Successfully Completed, Status]
[neelback4more@gmail.com, Subho1991*, Status, Successfully Completed, Status, Successfully Completed, Status, Successfully Completed, Status, Successfully Completed, Status, Successfully Completed, Status, Successfully Completed, Status, Successfully Completed, Status, Successfully Completed, Status, Successfully Completed, Status, Successfully Completed, Status, Successfully Completed, Status, Successfully Completed, Status, Successfully Completed, Status, Successfully Completed, Status, Successfully Completed, Status, Successfully Completed, Status, Successfully Completed, Status, Successfully Completed, Status, Successfully Completed, Status, Successfully Completed, Status, Successfully Completed, Status, Successfully Completed, Status, Successfully Completed, Status, Successfully Completed, Status, Successfully Completed, Status, Successfully Completed, Status, Successfully Completed, Status, Successfully Completed, Status, Successfully Completed, Status, Successfully Completed, Status, Successfully Completed, Status, Successfully Completed, Status, Successfully Completed, Status, Successfully Completed, Status, Successfully Completed, Status, Successfully Completed, Status, Successfully Completed, Status, Successfully Completed, Status, Successfully Completed, Status, Successfully Completed, Status, Successfully Completed, Status, Successfully Completed, Status, Successfully Completed, Status, Successfully Completed, Status, Successfully Completed, Status, Successfully Completed, Status, Successfully Completed, Status, Successfully Completed, Status, Successfully Completed, Status, Successfully Completed, Status, Successfully Completed, Status, Successfully Completed, Status, Successfully Completed, Status, Successfully Completed, Status, Successfully Completed, Status, Successfully Completed, Status, Successfully Completed, Status, Successfully Completed, Status, Successfully Completed, Status, Successfully Completed, Status, Successfully Completed, Status, Successfully Completed, Status, Successfully Completed, Status, Successfully Completed, Status, Successfully Completed, Status, Successfully Completed, Status, Successfully Completed, Status, Successfully Completed, Status, Successfully Completed, Status, Successfully Completed, Status, Successfully Completed, Status, Successfully Completed, Status, Successfully Completed, Status, Successfully Completed, Status, Successfully Completed, Status, Successfully Completed, Status, Successfully Completed, Status, Successfully Completed, Status, Successfully Completed, Status, Successfully Completed, Status, Successfully Completed, Status, Successfully Completed, Status, Successfully Completed, Status, Successfully Completed, Status, Successfully Completed, Status, Successfully Completed, Status, Successfully Completed, Status, Successfully Completed, Status, Successfully Completed, Status, Successfully Completed, Status, Successfully Completed, Status, Successfully Completed, Status, Successfully Completed, Status, Successfully Completed, Status, Successfully Completed, Status, Successfully Completed, Status, Successfully Completed, Status, Successfully Completed, Status, Successfully Completed, Status, Successfully Completed, Status, Successfully Completed, Status, Successfully Completed, Status, Successfully Completed, Status, Successfully Completed, Status, Successfully Completed, Status, Successfully Completed, Status, Successfully Completed, Status, Successfully Completed, Status, Successfully Completed, Status, Successfully Completed, Status, Successfully Completed, Status, Successfully Completed, Status, Successfully Completed, Status, Successfully Completed, Status, Successfully Completed, Status, Successfully Completed, Status, Successfully Completed, Status, Successfully Completed, Status, Successfully Completed, Status, Successfully Completed, Status, Successfully Completed, Status, Successfully Completed, Status, Successfully Completed, Status, Successfully Completed, Status, Successfully Completed, Status, Successfully Completed, Status, Successfully Completed, Status, Successfully Completed, Status, Successfully Completed, Status, Successfully Completed, Status, Successfully Completed, Status, Successfully Completed, Status, Successfully Completed, Status, Successfully Completed, Status, Successfully Completed, Status, Successfully Completed, Status, Successfully Completed, Status, Successfully Completed, Status, Successfully Completed, Status, Successfully Completed, Status, Successfully Completed, Status, Successfully Completed, Status, Successfully Completed, Status, Successfully Completed, Status, Successfully Completed, Status, Successfully Completed, Status, Successfully Completed, Status, Successfully Completed, Status, Successfully Completed, Status, Successfully Completed, Status, Successfully Completed, Status, Successfully Completed, Status, Successfully Completed, Status, Successfully Completed, Status, Successfully Completed, Status, Successfully Completed, Status, Successfully Completed, Status, Successfully Completed, Status, Successfully Completed, Status, Successfully Completed, Status, Successfully Completed, Status, Successfully Completed, Status, Successfully Completed, Status, Successfully Completed, Status, Successfully Completed, Status, Successfully Completed, Status, Successfully Completed, Status, Successfully Completed, Status, Successfully Completed, Status, Successfully Completed, Status, Successfully Completed, Status, Successfully Completed, Status, Successfully Completed, Status, Successfully Completed, Status, Successfully Completed, Status, Successfully Completed, Status, Successfully Completed, Status, Successfully Completed, Status, Successfully Completed, Status, Successfully Completed, Status, Successfully Completed, Status, Successfully Completed, Status, Successfully Completed, Status, Successfully Completed, Status, Successfully Completed, Status, Successfully Completed, Status, Successfully Completed, Status, Successfully Completed, Status, Successfully Completed, Status, Successfully Completed, Status, Successfully Completed, Status, Successfully Completed, Status, Successfully Completed, Status, Successfully Completed, Status, Successfully Completed, Status, Successfully Completed, Status, Successfully Completed, Status, Successfully Completed, Status, Successfully Completed, Status, Successfully Completed, Status, Successfully Completed, Status, Successfully Completed, Status, Successfully Completed, Status, Successfully Completed, Status, Successfully Completed, Status, Successfully Completed, Status, Successfully Completed, Status, Successfully Completed, Status, Successfully Completed, Status, Successfully Completed, Status, Successfully Completed, Status, Successfully Completed, Status, Successfully Completed, Status, Successfully Completed, Status, Successfully Completed, Status, Successfully Completed, Status, Successfully Completed, Status, Successfully Completed, Status, Successfully Completed, Status, Successfully Completed, Status, Successfully Completed, Status, Successfully Completed, Status, Successfully Completed, Status, Successfully Completed, Status, Successfully Completed, Status, Successfully Completed, Status, Successfully Completed, Status, Successfully Completed, Status, Successfully Completed, Status, Successfully Completed, Status, Successfully Completed, Status, Successfully Completed, Status, Successfully Completed, Status, Successfully Completed, Status, Successfully Completed, Status, Successfully Completed, Status, Successfully Completed, Status, Successfully Completed, Status, Successfully Completed, Status, Successfully Completed, Status, Successfully Completed, Status, Successfully Completed, Status, Successfully Completed, Status, Successfully Completed, Status, Successfully Completed, Status, Successfully Completed, Status, Successfully Completed, Status, Successfully Completed, Status, Successfully Completed, Status, Successfully Completed, Status, Successfully Completed, Status, Successfully Completed, Status, Successfully Completed, Status, Successfully Completed, Status, Successfully Completed, Status, Successfully Completed, Status, Successfully Completed, Status, Successfully Completed, Status, Successfully Completed, Status, Successfully Completed, Status, Successfully Completed, Status, Successfully Completed, Status, Successfully Completed, Status, Successfully Completed, Status, Successfully Completed, Status, Successfully Completed, Status, Successfully Completed, Status, Successfully Completed, Status, Successfully Completed, Status, Successfully Completed, Status, Successfully Completed, Status, Successfully Completed, Status, Successfully Completed, Status, Successfully Completed, Status, Successfully Completed, Status, Successfully Completed, Status, Successfully Completed, Status, Successfully Completed, Status, Successfully Completed, Status, Successfully Completed, Status, Successfully Completed, Status, Successfully Completed, Status, Successfully Completed, Status, Successfully Completed, Status, Successfully Completed, Status, Successfully Completed, Status, Successfully Completed, Status, Successfully Completed, Status, Successfully Completed, Status, Successfully Completed, Status, Successfully Completed, Status, Successfully Completed, Status, Successfully Completed, Status, Successfully Completed, Status, Successfully Completed, Status, Successfully Completed, Status, Successfully Completed, Status, Successfully Completed, Status, Successfully Completed, Status, Successfully Completed, Status, Successfully Completed, Status, Successfully Completed, Status, Successfully Completed, Status, Successfully Completed, Status, Successfully Completed, Status, Successfully Completed]
[neelback4more@gmail.com, Subho1991*, Status, Successfully Completed, Status, Successfully Completed, Status, Successfully Completed, Status, Successfully Completed, Status, Successfully Completed, Status, Successfully Completed, Status, Successfully Completed, Status, Successfully Completed, Status, Successfully Completed, Status, Successfully Completed, Status, Successfully Completed, Status, Successfully Completed, Status, Successfully Completed, Status, Successfully Completed, Status, Successfully Completed, Status, Successfully Completed, Status, Successfully Completed, Status, Successfully Completed, Status, Successfully Completed, Status, Successfully Completed, Status, Successfully Completed, Status, Successfully Completed, Status, Successfully Completed, Status, Successfully Completed, Status, Successfully Completed, Status, Successfully Completed, Status, Successfully Completed, Status, Successfully Completed, Status, Successfully Completed, Status, Successfully Completed, Status, Successfully Completed, Status, Successfully Completed, Status, Successfully Completed, Status, Successfully Completed, Status, Successfully Completed, Status, Successfully Completed, Status, Successfully Completed, Status, Successfully Completed, Status, Successfully Completed, Status, Successfully Completed, Status, Successfully Completed, Status, Successfully Completed, Status, Successfully Completed, Status, Successfully Completed, Status, Successfully Completed, Status, Successfully Completed, Status, Successfully Completed, Status, Successfully Completed, Status, Successfully Completed, Status, Successfully Completed, Status, Successfully Completed, Status, Successfully Completed, Status, Successfully Completed, Status, Successfully Completed, Status, Successfully Completed, Status, Successfully Completed, Status, Successfully Completed, Status, Successfully Completed, Status, Successfully Completed, Status, Successfully Completed, Status, Successfully Completed, Status, Successfully Completed, Status, Successfully Completed, Status, Successfully Completed, Status, Successfully Completed, Status, Successfully Completed, Status, Successfully Completed, Status, Successfully Completed, Status, Successfully Completed, Status, Successfully Completed, Status, Successfully Completed, Status, Successfully Completed, Status, Successfully Completed, Status, Successfully Completed, Status, Successfully Completed, Status, Successfully Completed, Status, Successfully Completed, Status, Successfully Completed, Status, Successfully Completed, Status, Successfully Completed, Status, Successfully Completed, Status, Successfully Completed, Status, Successfully Completed, Status, Successfully Completed, Status, Successfully Completed, Status, Successfully Completed, Status, Successfully Completed, Status, Successfully Completed, Status, Successfully Completed, Status, Successfully Completed, Status, Successfully Completed, Status, Successfully Completed, Status, Successfully Completed, Status, Successfully Completed, Status, Successfully Completed, Status, Successfully Completed, Status, Successfully Completed, Status, Successfully Completed, Status, Successfully Completed, Status, Successfully Completed, Status, Successfully Completed, Status, Successfully Completed, Status, Successfully Completed, Status, Successfully Completed, Status, Successfully Completed, Status, Successfully Completed, Status, Successfully Completed, Status, Successfully Completed, Status, Successfully Completed, Status, Successfully Completed, Status, Successfully Completed, Status, Successfully Completed, Status, Successfully Completed, Status, Successfully Completed, Status, Successfully Completed, Status, Successfully Completed, Status, Successfully Completed, Status, Successfully Completed, Status, Successfully Completed, Status, Successfully Completed, Status, Successfully Completed, Status, Successfully Completed, Status, Successfully Completed, Status, Successfully Completed, Status, Successfully Completed, Status, Successfully Completed, Status, Successfully Completed, Status, Successfully Completed, Status, Successfully Completed, Status, Successfully Completed, Status, Successfully Completed, Status, Successfully Completed, Status, Successfully Completed, Status, Successfully Completed, Status, Successfully Completed, Status, Successfully Completed, Status, Successfully Completed, Status, Successfully Completed, Status, Successfully Completed, Status, Successfully Completed, Status, Successfully Completed, Status, Successfully Completed, Status, Successfully Completed, Status, Successfully Completed, Status, Successfully Completed, Status, Successfully Completed, Status, Successfully Completed, Status, Successfully Completed, Status, Successfully Completed, Status, Successfully Completed, Status, Successfully Completed, Status, Successfully Completed, Status, Successfully Completed, Status, Successfully Completed, Status, Successfully Completed, Status, Successfully Completed, Status, Successfully Completed, Status, Successfully Completed, Status, Successfully Completed, Status, Successfully Completed, Status, Successfully Completed, Status, Successfully Completed, Status, Successfully Completed, Status, Successfully Completed, Status, Successfully Completed, Status, Successfully Completed, Status, Successfully Completed, Status, Successfully Completed, Status, Successfully Completed, Status, Successfully Completed, Status, Successfully Completed, Status, Successfully Completed, Status, Successfully Completed, Status, Successfully Completed, Status, Successfully Completed, Status, Successfully Completed, Status, Successfully Completed, Status, Successfully Completed, Status, Successfully Completed, Status, Successfully Completed, Status, Successfully Completed, Status, Successfully Completed, Status, Successfully Completed, Status, Successfully Completed, Status, Successfully Completed, Status, Successfully Completed, Status, Successfully Completed, Status, Successfully Completed, Status, Successfully Completed, Status, Successfully Completed, Status, Successfully Completed, Status, Successfully Completed, Status, Successfully Completed, Status, Successfully Completed, Status, Successfully Completed, Status, Successfully Completed, Status, Successfully Completed, Status, Successfully Completed, Status, Successfully Completed, Status, Successfully Completed, Status, Successfully Completed, Status, Successfully Completed, Status, Successfully Completed, Status, Successfully Completed, Status, Successfully Completed, Status, Successfully Completed, Status, Successfully Completed, Status, Successfully Completed, Status, Successfully Completed, Status, Successfully Completed, Status, Successfully Completed, Status, Successfully Completed, Status, Successfully Completed, Status, Successfully Completed, Status, Successfully Completed, Status, Successfully Completed, Status, Successfully Completed, Status, Successfully Completed, Status, Successfully Completed, Status, Successfully Completed, Status, Successfully Completed, Status, Successfully Completed, Status, Successfully Completed, Status, Successfully Completed, Status, Successfully Completed, Status, Successfully Completed, Status, Successfully Completed, Status, Successfully Completed, Status, Successfully Completed, Status, Successfully Completed, Status, Successfully Completed, Status, Successfully Completed, Status, Successfully Completed, Status, Successfully Completed, Status, Successfully Completed, Status, Successfully Completed, Status, Successfully Completed, Status, Successfully Completed, Status, Successfully Completed, Status, Successfully Completed, Status, Successfully Completed, Status, Successfully Completed, Status, Successfully Completed, Status, Successfully Completed, Status, Successfully Completed, Status, Successfully Completed, Status, Successfully Completed, Status, Successfully Completed, Status, Successfully Completed, Status, Successfully Completed, Status, Successfully Completed, Status, Successfully Completed, Status, Successfully Completed, Status, Successfully Completed, Status, Successfully Completed, Status, Successfully Completed, Status, Successfully Completed, Status, Successfully Completed, Status, Successfully Completed, Status, Successfully Completed, Status, Successfully Completed, Status, Successfully Completed, Status, Successfully Completed, Status, Successfully Completed, Status, Successfully Completed, Status, Successfully Completed, Status, Successfully Completed, Status, Successfully Completed, Status, Successfully Completed, Status, Successfully Completed, Status, Successfully Completed, Status, Successfully Completed, Status, Successfully Completed, Status, Successfully Completed, Status, Successfully Completed, Status, Successfully Completed, Status, Successfully Completed, Status, Successfully Completed, Status, Successfully Completed, Status, Successfully Completed, Status, Successfully Completed, Status, Successfully Completed, Status, Successfully Completed, Status, Successfully Completed, Status, Successfully Completed, Status, Successfully Completed, Status, Successfully Completed, Status, Successfully Completed, Status, Successfully Completed, Status, Successfully Completed, Status, Successfully Completed, Status, Successfully Completed, Status, Successfully Completed, Status, Successfully Completed, Status, Successfully Completed, Status, Successfully Completed, Status, Successfully Completed, Status, Successfully Completed, Status, Successfully Completed, Status, Successfully Completed, Status, Successfully Completed, Status, Successfully Completed, Status, Successfully Completed, Status, Successfully Completed, Status, Successfully Completed, Status, Successfully Completed, Status]
[neelback4more@gmail.com, Subho1991*, Status, Successfully Completed, Status, Successfully Completed, Status, Successfully Completed, Status, Successfully Completed, Status, Successfully Completed, Status, Successfully Completed, Status, Successfully Completed, Status, Successfully Completed, Status, Successfully Completed, Status, Successfully Completed, Status, Successfully Completed, Status, Successfully Completed, Status, Successfully Completed, Status, Successfully Completed, Status, Successfully Completed, Status, Successfully Completed, Status, Successfully Completed, Status, Successfully Completed, Status, Successfully Completed, Status, Successfully Completed, Status, Successfully Completed, Status, Successfully Completed, Status, Successfully Completed, Status, Successfully Completed, Status, Successfully Completed, Status, Successfully Completed, Status, Successfully Completed, Status, Successfully Completed, Status, Successfully Completed, Status, Successfully Completed, Status, Successfully Completed, Status, Successfully Completed, Status, Successfully Completed, Status, Successfully Completed, Status, Successfully Completed, Status, Successfully Completed, Status, Successfully Completed, Status, Successfully Completed, Status, Successfully Completed, Status, Successfully Completed, Status, Successfully Completed, Status, Successfully Completed, Status, Successfully Completed, Status, Successfully Completed, Status, Successfully Completed, Status, Successfully Completed, Status, Successfully Completed, Status, Successfully Completed, Status, Successfully Completed, Status, Successfully Completed, Status, Successfully Completed, Status, Successfully Completed, Status, Successfully Completed, Status, Successfully Completed, Status, Successfully Completed, Status, Successfully Completed, Status, Successfully Completed, Status, Successfully Completed, Status, Successfully Completed, Status, Successfully Completed, Status, Successfully Completed, Status, Successfully Completed, Status, Successfully Completed, Status, Successfully Completed, Status, Successfully Completed, Status, Successfully Completed, Status, Successfully Completed, Status, Successfully Completed, Status, Successfully Completed, Status, Successfully Completed, Status, Successfully Completed, Status, Successfully Completed, Status, Successfully Completed, Status, Successfully Completed, Status, Successfully Completed, Status, Successfully Completed, Status, Successfully Completed, Status, Successfully Completed, Status, Successfully Completed, Status, Successfully Completed, Status, Successfully Completed, Status, Successfully Completed, Status, Successfully Completed, Status, Successfully Completed, Status, Successfully Completed, Status, Successfully Completed, Status, Successfully Completed, Status, Successfully Completed, Status, Successfully Completed, Status, Successfully Completed, Status, Successfully Completed, Status, Successfully Completed, Status, Successfully Completed, Status, Successfully Completed, Status, Successfully Completed, Status, Successfully Completed, Status, Successfully Completed, Status, Successfully Completed, Status, Successfully Completed, Status, Successfully Completed, Status, Successfully Completed, Status, Successfully Completed, Status, Successfully Completed, Status, Successfully Completed, Status, Successfully Completed, Status, Successfully Completed, Status, Successfully Completed, Status, Successfully Completed, Status, Successfully Completed, Status, Successfully Completed, Status, Successfully Completed, Status, Successfully Completed, Status, Successfully Completed, Status, Successfully Completed, Status, Successfully Completed, Status, Successfully Completed, Status, Successfully Completed, Status, Successfully Completed, Status, Successfully Completed, Status, Successfully Completed, Status, Successfully Completed, Status, Successfully Completed, Status, Successfully Completed, Status, Successfully Completed, Status, Successfully Completed, Status, Successfully Completed, Status, Successfully Completed, Status, Successfully Completed, Status, Successfully Completed, Status, Successfully Completed, Status, Successfully Completed, Status, Successfully Completed, Status, Successfully Completed, Status, Successfully Completed, Status, Successfully Completed, Status, Successfully Completed, Status, Successfully Completed, Status, Successfully Completed, Status, Successfully Completed, Status, Successfully Completed, Status, Successfully Completed, Status, Successfully Completed, Status, Successfully Completed, Status, Successfully Completed, Status, Successfully Completed, Status, Successfully Completed, Status, Successfully Completed, Status, Successfully Completed, Status, Successfully Completed, Status, Successfully Completed, Status, Successfully Completed, Status, Successfully Completed, Status, Successfully Completed, Status, Successfully Completed, Status, Successfully Completed, Status, Successfully Completed, Status, Successfully Completed, Status, Successfully Completed, Status, Successfully Completed, Status, Successfully Completed, Status, Successfully Completed, Status, Successfully Completed, Status, Successfully Completed, Status, Successfully Completed, Status, Successfully Completed, Status, Successfully Completed, Status, Successfully Completed, Status, Successfully Completed, Status, Successfully Completed, Status, Successfully Completed, Status, Successfully Completed, Status, Successfully Completed, Status, Successfully Completed, Status, Successfully Completed, Status, Successfully Completed, Status, Successfully Completed, Status, Successfully Completed, Status, Successfully Completed, Status, Successfully Completed, Status, Successfully Completed, Status, Successfully Completed, Status, Successfully Completed, Status, Successfully Completed, Status, Successfully Completed, Status, Successfully Completed, Status, Successfully Completed, Status, Successfully Completed, Status, Successfully Completed, Status, Successfully Completed, Status, Successfully Completed, Status, Successfully Completed, Status, Successfully Completed, Status, Successfully Completed, Status, Successfully Completed, Status, Successfully Completed, Status, Successfully Completed, Status, Successfully Completed, Status, Successfully Completed, Status, Successfully Completed, Status, Successfully Completed, Status, Successfully Completed, Status, Successfully Completed, Status, Successfully Completed, Status, Successfully Completed, Status, Successfully Completed, Status, Successfully Completed, Status, Successfully Completed, Status, Successfully Completed, Status, Successfully Completed, Status, Successfully Completed, Status, Successfully Completed, Status, Successfully Completed, Status, Successfully Completed, Status, Successfully Completed, Status, Successfully Completed, Status, Successfully Completed, Status, Successfully Completed, Status, Successfully Completed, Status, Successfully Completed, Status, Successfully Completed, Status, Successfully Completed, Status, Successfully Completed, Status, Successfully Completed, Status, Successfully Completed, Status, Successfully Completed, Status, Successfully Completed, Status, Successfully Completed, Status, Successfully Completed, Status, Successfully Completed, Status, Successfully Completed, Status, Successfully Completed, Status, Successfully Completed, Status, Successfully Completed, Status, Successfully Completed, Status, Successfully Completed, Status, Successfully Completed, Status, Successfully Completed, Status, Successfully Completed, Status, Successfully Completed, Status, Successfully Completed, Status, Successfully Completed, Status, Successfully Completed, Status, Successfully Completed, Status, Successfully Completed, Status, Successfully Completed, Status, Successfully Completed, Status, Successfully Completed, Status, Successfully Completed, Status, Successfully Completed, Status, Successfully Completed, Status, Successfully Completed, Status, Successfully Completed, Status, Successfully Completed, Status, Successfully Completed, Status, Successfully Completed, Status, Successfully Completed, Status, Successfully Completed, Status, Successfully Completed, Status, Successfully Completed, Status, Successfully Completed, Status, Successfully Completed, Status, Successfully Completed, Status, Successfully Completed, Status, Successfully Completed, Status, Successfully Completed, Status, Successfully Completed, Status, Successfully Completed, Status, Successfully Completed, Status, Successfully Completed, Status, Successfully Completed, Status, Successfully Completed, Status, Successfully Completed, Status, Successfully Completed, Status, Successfully Completed, Status, Successfully Completed, Status, Successfully Completed, Status, Successfully Completed, Status, Successfully Completed, Status, Successfully Completed, Status, Successfully Completed, Status, Successfully Completed, Status, Successfully Completed, Status, Successfully Completed, Status, Successfully Completed, Status, Successfully Completed, Status, Successfully Completed, Status, Successfully Completed, Status, Successfully Completed, Status, Successfully Completed, Status, Successfully Completed, Status, Successfully Completed, Status, Successfully Completed, Status, Successfully Completed, Status, Successfully Completed, Status, Successfully Completed, Status, Successfully Completed, Status, Successfully Completed, Status, Successfully Completed, Status, Successfully Completed, Status, Successfully Completed, Status, Successfully Completed, Status, Successfully Completed, Status, Successfully Completed, Status, Successfully Completed, Status, Successfully Completed, Status, Successfully Completed, Status, Successfully Completed]
]]></system-out>
    <system-err><![CDATA[Starting ChromeDriver 74.0.3729.6 (255758eccf3d244491b8a1317aa76e1ce10d57e9-refs/branch-heads/3729@{#29}) on port 2221
Only local connections are allowed.
Please protect ports used by ChromeDriver and related test frameworks to prevent access by malicious code.
[1565326556.867][WARNING]: This version of ChromeDriver has not been tested with Chrome version 75.
Aug 09, 2019 10:25:58 AM org.openqa.selenium.remote.ProtocolHandshake createSession
INFO: Detected dialect: OSS
]]></system-err>
  </testcase>
  <testcase name="afterTest" classname="example.NewTest" time="112.169">
    <failure message="expected [Naukri India | Logout] but found [Profile | Mynaukri]" type="java.lang.AssertionError">java.lang.AssertionError: expected [Naukri India | Logout] but found [Profile | Mynaukri]
	at example.NewTest.afterTest(NewTest.java:226)
</failure>
    <system-out><![CDATA[Profile | Mynaukri
]]></system-out>
  </testcase>
</testsuite>