<?xml version="1.0" encoding="UTF-8"?>
<!-- Generated by org.testng.reporters.JUnitReportReporter -->
<testsuite name="example.NewTest" tests="1" time="25.217" ignored="0" failures="0" timestamp="23 Nov 2020 05:25:40 GMT" skipped="0" hostname="W2026558" errors="0">
  <testcase name="testEasy" time="25.217" classname="example.NewTest"/>
</testsuite> <!-- example.NewTest -->
