<?xml version="1.0" encoding="UTF-8"?>
<!-- Generated by org.testng.reporters.JUnitReportReporter -->
<testsuite name="example.NewTest" tests="1" time="26.184" ignored="0" failures="0" timestamp="09 Aug 2019 05:22:32 GMT" skipped="0" hostname="W1650977" errors="0">
  <testcase name="testEasy" time="26.184" classname="example.NewTest"/>
</testsuite> <!-- example.NewTest -->
