<?xml version="1.0" encoding="UTF-8"?>
<!-- Generated by org.testng.reporters.JUnitReportReporter -->
<testsuite name="example.NewTest" tests="1" time="74.313" ignored="0" failures="0" timestamp="04 Aug 2019 07:24:10 GMT" skipped="0" hostname="W1650977" errors="0">
  <testcase name="testEasy" time="74.313" classname="example.NewTest"/>
</testsuite> <!-- example.NewTest -->
