<?xml version="1.0" encoding="UTF-8"?>
<!-- Generated by org.testng.reporters.JUnitReportReporter -->
<testsuite name="example.NewTest" tests="1" time="22.367" ignored="0" failures="0" timestamp="21 Feb 2020 08:38:15 GMT" skipped="0" hostname="W2026558" errors="0">
  <testcase name="testEasy" time="22.367" classname="example.NewTest"/>
</testsuite> <!-- example.NewTest -->
