<?xml version="1.0" encoding="UTF-8"?>
<!-- Generated by org.testng.reporters.JUnitReportReporter -->
<testsuite name="example.NewTest" tests="1" time="24.859" ignored="0" failures="0" timestamp="09 Aug 2019 04:59:49 GMT" skipped="0" hostname="W1650977" errors="0">
  <testcase name="testEasy" time="24.859" classname="example.NewTest"/>
</testsuite> <!-- example.NewTest -->
