<?xml version="1.0" encoding="UTF-8"?>
<!-- Generated by org.testng.reporters.JUnitReportReporter -->
<testsuite skipped="0" hostname="SUBROY03" name="example.NewTest" tests="1" failures="0" timestamp="16 Jan 2019 10:09:22 GMT" time="57.374" errors="0">
  <testcase name="testEasy" time="57.374" classname="example.NewTest"/>
</testsuite> <!-- example.NewTest -->
