<?xml version="1.0" encoding="UTF-8"?>
<!-- Generated by org.testng.reporters.JUnitReportReporter -->
<testsuite hostname="SUBROY03" name="example.NewTest" tests="1" failures="0" timestamp="30 Jan 2019 11:52:15 GMT" time="42.050" errors="0">
  <testcase name="testEasy" time="42.050" classname="example.NewTest"/>
</testsuite> <!-- example.NewTest -->
