<?xml version="1.0" encoding="UTF-8"?>
<!-- Generated by org.testng.reporters.JUnitReportReporter -->
<testsuite hostname="W2026558" name="example.NewTest" tests="1" failures="0" timestamp="14 Apr 2021 10:23:17 GMT" time="22.729" errors="0">
  <testcase name="testEasy" time="22.729" classname="example.NewTest"/>
</testsuite> <!-- example.NewTest -->
