<?xml version="1.0" encoding="UTF-8"?>
<!-- Generated by org.testng.reporters.JUnitReportReporter -->
<testsuite hostname="SUBROY03" name="example.NewTest" tests="1" failures="0" timestamp="13 Feb 2019 14:10:45 GMT" time="69.321" errors="0">
  <testcase name="testEasy" time="69.321" classname="example.NewTest"/>
</testsuite> <!-- example.NewTest -->
