<?xml version="1.0" encoding="UTF-8"?>
<!-- Generated by org.testng.reporters.JUnitReportReporter -->
<testsuite hostname="W1650977" name="example.NewTest" tests="1" failures="0" timestamp="8 Apr 2019 09:04:48 GMT" time="28.690" errors="0">
  <testcase name="testEasy" time="28.690" classname="example.NewTest"/>
</testsuite> <!-- example.NewTest -->
