<?xml version="1.0" encoding="UTF-8"?>
<!-- Generated by org.testng.reporters.JUnitReportReporter -->
<testsuite hostname="SUBROY03" name="example.NewTest" tests="1" failures="0" timestamp="25 Jan 2019 03:31:04 GMT" time="39.500" errors="0">
  <testcase name="testEasy" time="39.500" classname="example.NewTest"/>
</testsuite> <!-- example.NewTest -->
