<?xml version="1.0" encoding="UTF-8"?>
<!-- Generated by org.testng.reporters.JUnitReportReporter -->
<testsuite hostname="SUBROY03" name="example.NewTest" tests="1" failures="0" timestamp="1 Feb 2019 03:49:15 GMT" time="33.746" errors="0">
  <testcase name="testEasy" time="33.746" classname="example.NewTest"/>
</testsuite> <!-- example.NewTest -->
