<?xml version="1.0" encoding="UTF-8"?>
<!-- Generated by org.testng.reporters.JUnitReportReporter -->
<testsuite hostname="W2026558" name="example.NewTest" tests="1" failures="0" timestamp="6 Apr 2020 11:34:40 GMT" time="145.829" errors="0">
  <testcase name="testEasy" time="145.829" classname="example.NewTest"/>
</testsuite> <!-- example.NewTest -->
